[2023-12-23T18:12:48.017+0000] {processor.py:154} INFO - Started process (PID=63) to work on /home/airflow/.local/lib/python3.7/site-packages/airflow/example_dags/example_branch_datetime_operator.py
[2023-12-23T18:12:48.018+0000] {processor.py:756} INFO - Processing file /home/airflow/.local/lib/python3.7/site-packages/airflow/example_dags/example_branch_datetime_operator.py for tasks to queue
[2023-12-23T18:12:48.018+0000] {logging_mixin.py:120} INFO - [2023-12-23T18:12:48.018+0000] {dagbag.py:537} INFO - Filling up the DagBag from /home/airflow/.local/lib/python3.7/site-packages/airflow/example_dags/example_branch_datetime_operator.py
[2023-12-23T18:12:48.047+0000] {processor.py:766} INFO - DAG(s) dict_keys(['example_branch_datetime_operator_3', 'example_branch_datetime_operator_2', 'example_branch_datetime_operator']) retrieved from /home/airflow/.local/lib/python3.7/site-packages/airflow/example_dags/example_branch_datetime_operator.py
[2023-12-23T18:12:48.116+0000] {logging_mixin.py:120} INFO - [2023-12-23T18:12:48.116+0000] {dag.py:2585} INFO - Sync 3 DAGs
[2023-12-23T18:12:48.158+0000] {logging_mixin.py:120} INFO - [2023-12-23T18:12:48.158+0000] {dag.py:3340} INFO - Setting next_dagrun for example_branch_datetime_operator to 2023-12-22T00:00:00+00:00, run_after=2023-12-23T00:00:00+00:00
[2023-12-23T18:12:48.165+0000] {logging_mixin.py:120} INFO - [2023-12-23T18:12:48.164+0000] {dag.py:3340} INFO - Setting next_dagrun for example_branch_datetime_operator_2 to 2023-12-22T00:00:00+00:00, run_after=2023-12-23T00:00:00+00:00
[2023-12-23T18:12:48.168+0000] {logging_mixin.py:120} INFO - [2023-12-23T18:12:48.168+0000] {dag.py:3340} INFO - Setting next_dagrun for example_branch_datetime_operator_3 to 2023-12-22T00:00:00+00:00, run_after=2023-12-23T00:00:00+00:00
[2023-12-23T18:12:48.195+0000] {processor.py:176} INFO - Processing /home/airflow/.local/lib/python3.7/site-packages/airflow/example_dags/example_branch_datetime_operator.py took 0.182 seconds
[2023-12-23T18:13:18.481+0000] {processor.py:154} INFO - Started process (PID=126) to work on /home/airflow/.local/lib/python3.7/site-packages/airflow/example_dags/example_branch_datetime_operator.py
[2023-12-23T18:13:18.482+0000] {processor.py:756} INFO - Processing file /home/airflow/.local/lib/python3.7/site-packages/airflow/example_dags/example_branch_datetime_operator.py for tasks to queue
[2023-12-23T18:13:18.482+0000] {logging_mixin.py:120} INFO - [2023-12-23T18:13:18.482+0000] {dagbag.py:537} INFO - Filling up the DagBag from /home/airflow/.local/lib/python3.7/site-packages/airflow/example_dags/example_branch_datetime_operator.py
[2023-12-23T18:13:18.501+0000] {processor.py:766} INFO - DAG(s) dict_keys(['example_branch_datetime_operator_3', 'example_branch_datetime_operator_2', 'example_branch_datetime_operator']) retrieved from /home/airflow/.local/lib/python3.7/site-packages/airflow/example_dags/example_branch_datetime_operator.py
[2023-12-23T18:13:18.540+0000] {logging_mixin.py:120} INFO - [2023-12-23T18:13:18.540+0000] {dag.py:2585} INFO - Sync 3 DAGs
[2023-12-23T18:13:18.564+0000] {logging_mixin.py:120} INFO - [2023-12-23T18:13:18.563+0000] {dag.py:3340} INFO - Setting next_dagrun for example_branch_datetime_operator to 2023-12-22T00:00:00+00:00, run_after=2023-12-23T00:00:00+00:00
[2023-12-23T18:13:18.569+0000] {logging_mixin.py:120} INFO - [2023-12-23T18:13:18.569+0000] {dag.py:3340} INFO - Setting next_dagrun for example_branch_datetime_operator_2 to 2023-12-22T00:00:00+00:00, run_after=2023-12-23T00:00:00+00:00
[2023-12-23T18:13:18.571+0000] {logging_mixin.py:120} INFO - [2023-12-23T18:13:18.571+0000] {dag.py:3340} INFO - Setting next_dagrun for example_branch_datetime_operator_3 to 2023-12-22T00:00:00+00:00, run_after=2023-12-23T00:00:00+00:00
[2023-12-23T18:13:18.595+0000] {processor.py:176} INFO - Processing /home/airflow/.local/lib/python3.7/site-packages/airflow/example_dags/example_branch_datetime_operator.py took 0.116 seconds
[2023-12-23T18:13:49.238+0000] {processor.py:154} INFO - Started process (PID=180) to work on /home/airflow/.local/lib/python3.7/site-packages/airflow/example_dags/example_branch_datetime_operator.py
[2023-12-23T18:13:49.239+0000] {processor.py:756} INFO - Processing file /home/airflow/.local/lib/python3.7/site-packages/airflow/example_dags/example_branch_datetime_operator.py for tasks to queue
[2023-12-23T18:13:49.239+0000] {logging_mixin.py:120} INFO - [2023-12-23T18:13:49.239+0000] {dagbag.py:537} INFO - Filling up the DagBag from /home/airflow/.local/lib/python3.7/site-packages/airflow/example_dags/example_branch_datetime_operator.py
[2023-12-23T18:13:49.257+0000] {processor.py:766} INFO - DAG(s) dict_keys(['example_branch_datetime_operator_2', 'example_branch_datetime_operator', 'example_branch_datetime_operator_3']) retrieved from /home/airflow/.local/lib/python3.7/site-packages/airflow/example_dags/example_branch_datetime_operator.py
[2023-12-23T18:13:49.297+0000] {logging_mixin.py:120} INFO - [2023-12-23T18:13:49.297+0000] {dag.py:2585} INFO - Sync 3 DAGs
[2023-12-23T18:13:49.324+0000] {logging_mixin.py:120} INFO - [2023-12-23T18:13:49.323+0000] {dag.py:3340} INFO - Setting next_dagrun for example_branch_datetime_operator to 2023-12-22T00:00:00+00:00, run_after=2023-12-23T00:00:00+00:00
[2023-12-23T18:13:49.329+0000] {logging_mixin.py:120} INFO - [2023-12-23T18:13:49.329+0000] {dag.py:3340} INFO - Setting next_dagrun for example_branch_datetime_operator_2 to 2023-12-22T00:00:00+00:00, run_after=2023-12-23T00:00:00+00:00
[2023-12-23T18:13:49.332+0000] {logging_mixin.py:120} INFO - [2023-12-23T18:13:49.332+0000] {dag.py:3340} INFO - Setting next_dagrun for example_branch_datetime_operator_3 to 2023-12-22T00:00:00+00:00, run_after=2023-12-23T00:00:00+00:00
[2023-12-23T18:13:49.354+0000] {processor.py:176} INFO - Processing /home/airflow/.local/lib/python3.7/site-packages/airflow/example_dags/example_branch_datetime_operator.py took 0.118 seconds
[2023-12-23T18:14:20.270+0000] {processor.py:154} INFO - Started process (PID=243) to work on /home/airflow/.local/lib/python3.7/site-packages/airflow/example_dags/example_branch_datetime_operator.py
[2023-12-23T18:14:20.271+0000] {processor.py:756} INFO - Processing file /home/airflow/.local/lib/python3.7/site-packages/airflow/example_dags/example_branch_datetime_operator.py for tasks to queue
[2023-12-23T18:14:20.272+0000] {logging_mixin.py:120} INFO - [2023-12-23T18:14:20.272+0000] {dagbag.py:537} INFO - Filling up the DagBag from /home/airflow/.local/lib/python3.7/site-packages/airflow/example_dags/example_branch_datetime_operator.py
[2023-12-23T18:14:20.295+0000] {processor.py:766} INFO - DAG(s) dict_keys(['example_branch_datetime_operator_3', 'example_branch_datetime_operator_2', 'example_branch_datetime_operator']) retrieved from /home/airflow/.local/lib/python3.7/site-packages/airflow/example_dags/example_branch_datetime_operator.py
[2023-12-23T18:14:20.343+0000] {logging_mixin.py:120} INFO - [2023-12-23T18:14:20.343+0000] {dag.py:2585} INFO - Sync 3 DAGs
[2023-12-23T18:14:20.367+0000] {logging_mixin.py:120} INFO - [2023-12-23T18:14:20.366+0000] {dag.py:3340} INFO - Setting next_dagrun for example_branch_datetime_operator to 2023-12-22T00:00:00+00:00, run_after=2023-12-23T00:00:00+00:00
[2023-12-23T18:14:20.370+0000] {logging_mixin.py:120} INFO - [2023-12-23T18:14:20.370+0000] {dag.py:3340} INFO - Setting next_dagrun for example_branch_datetime_operator_2 to 2023-12-22T00:00:00+00:00, run_after=2023-12-23T00:00:00+00:00
[2023-12-23T18:14:20.373+0000] {logging_mixin.py:120} INFO - [2023-12-23T18:14:20.373+0000] {dag.py:3340} INFO - Setting next_dagrun for example_branch_datetime_operator_3 to 2023-12-22T00:00:00+00:00, run_after=2023-12-23T00:00:00+00:00
[2023-12-23T18:14:20.392+0000] {processor.py:176} INFO - Processing /home/airflow/.local/lib/python3.7/site-packages/airflow/example_dags/example_branch_datetime_operator.py took 0.124 seconds
[2023-12-23T18:14:51.143+0000] {processor.py:154} INFO - Started process (PID=307) to work on /home/airflow/.local/lib/python3.7/site-packages/airflow/example_dags/example_branch_datetime_operator.py
[2023-12-23T18:14:51.143+0000] {processor.py:756} INFO - Processing file /home/airflow/.local/lib/python3.7/site-packages/airflow/example_dags/example_branch_datetime_operator.py for tasks to queue
[2023-12-23T18:14:51.145+0000] {logging_mixin.py:120} INFO - [2023-12-23T18:14:51.145+0000] {dagbag.py:537} INFO - Filling up the DagBag from /home/airflow/.local/lib/python3.7/site-packages/airflow/example_dags/example_branch_datetime_operator.py
[2023-12-23T18:14:51.171+0000] {processor.py:766} INFO - DAG(s) dict_keys(['example_branch_datetime_operator', 'example_branch_datetime_operator_3', 'example_branch_datetime_operator_2']) retrieved from /home/airflow/.local/lib/python3.7/site-packages/airflow/example_dags/example_branch_datetime_operator.py
[2023-12-23T18:14:51.228+0000] {logging_mixin.py:120} INFO - [2023-12-23T18:14:51.228+0000] {dag.py:2585} INFO - Sync 3 DAGs
[2023-12-23T18:14:51.259+0000] {logging_mixin.py:120} INFO - [2023-12-23T18:14:51.258+0000] {dag.py:3340} INFO - Setting next_dagrun for example_branch_datetime_operator to 2023-12-22T00:00:00+00:00, run_after=2023-12-23T00:00:00+00:00
[2023-12-23T18:14:51.263+0000] {logging_mixin.py:120} INFO - [2023-12-23T18:14:51.263+0000] {dag.py:3340} INFO - Setting next_dagrun for example_branch_datetime_operator_2 to 2023-12-22T00:00:00+00:00, run_after=2023-12-23T00:00:00+00:00
[2023-12-23T18:14:51.265+0000] {logging_mixin.py:120} INFO - [2023-12-23T18:14:51.265+0000] {dag.py:3340} INFO - Setting next_dagrun for example_branch_datetime_operator_3 to 2023-12-22T00:00:00+00:00, run_after=2023-12-23T00:00:00+00:00
[2023-12-23T18:14:51.285+0000] {processor.py:176} INFO - Processing /home/airflow/.local/lib/python3.7/site-packages/airflow/example_dags/example_branch_datetime_operator.py took 0.148 seconds
[2023-12-23T18:15:21.469+0000] {processor.py:154} INFO - Started process (PID=370) to work on /home/airflow/.local/lib/python3.7/site-packages/airflow/example_dags/example_branch_datetime_operator.py
[2023-12-23T18:15:21.470+0000] {processor.py:756} INFO - Processing file /home/airflow/.local/lib/python3.7/site-packages/airflow/example_dags/example_branch_datetime_operator.py for tasks to queue
[2023-12-23T18:15:21.470+0000] {logging_mixin.py:120} INFO - [2023-12-23T18:15:21.470+0000] {dagbag.py:537} INFO - Filling up the DagBag from /home/airflow/.local/lib/python3.7/site-packages/airflow/example_dags/example_branch_datetime_operator.py
[2023-12-23T18:15:21.487+0000] {processor.py:766} INFO - DAG(s) dict_keys(['example_branch_datetime_operator_2', 'example_branch_datetime_operator_3', 'example_branch_datetime_operator']) retrieved from /home/airflow/.local/lib/python3.7/site-packages/airflow/example_dags/example_branch_datetime_operator.py
[2023-12-23T18:15:21.544+0000] {logging_mixin.py:120} INFO - [2023-12-23T18:15:21.544+0000] {dag.py:2585} INFO - Sync 3 DAGs
[2023-12-23T18:15:21.581+0000] {logging_mixin.py:120} INFO - [2023-12-23T18:15:21.580+0000] {dag.py:3340} INFO - Setting next_dagrun for example_branch_datetime_operator to 2023-12-22T00:00:00+00:00, run_after=2023-12-23T00:00:00+00:00
[2023-12-23T18:15:21.588+0000] {logging_mixin.py:120} INFO - [2023-12-23T18:15:21.587+0000] {dag.py:3340} INFO - Setting next_dagrun for example_branch_datetime_operator_2 to 2023-12-22T00:00:00+00:00, run_after=2023-12-23T00:00:00+00:00
[2023-12-23T18:15:21.591+0000] {logging_mixin.py:120} INFO - [2023-12-23T18:15:21.591+0000] {dag.py:3340} INFO - Setting next_dagrun for example_branch_datetime_operator_3 to 2023-12-22T00:00:00+00:00, run_after=2023-12-23T00:00:00+00:00
[2023-12-23T18:15:21.619+0000] {processor.py:176} INFO - Processing /home/airflow/.local/lib/python3.7/site-packages/airflow/example_dags/example_branch_datetime_operator.py took 0.153 seconds
[2023-12-23T18:15:52.404+0000] {processor.py:154} INFO - Started process (PID=425) to work on /home/airflow/.local/lib/python3.7/site-packages/airflow/example_dags/example_branch_datetime_operator.py
[2023-12-23T18:15:52.404+0000] {processor.py:756} INFO - Processing file /home/airflow/.local/lib/python3.7/site-packages/airflow/example_dags/example_branch_datetime_operator.py for tasks to queue
[2023-12-23T18:15:52.405+0000] {logging_mixin.py:120} INFO - [2023-12-23T18:15:52.405+0000] {dagbag.py:537} INFO - Filling up the DagBag from /home/airflow/.local/lib/python3.7/site-packages/airflow/example_dags/example_branch_datetime_operator.py
[2023-12-23T18:15:52.422+0000] {processor.py:766} INFO - DAG(s) dict_keys(['example_branch_datetime_operator', 'example_branch_datetime_operator_2', 'example_branch_datetime_operator_3']) retrieved from /home/airflow/.local/lib/python3.7/site-packages/airflow/example_dags/example_branch_datetime_operator.py
[2023-12-23T18:15:52.462+0000] {logging_mixin.py:120} INFO - [2023-12-23T18:15:52.462+0000] {dag.py:2585} INFO - Sync 3 DAGs
[2023-12-23T18:15:52.487+0000] {logging_mixin.py:120} INFO - [2023-12-23T18:15:52.486+0000] {dag.py:3340} INFO - Setting next_dagrun for example_branch_datetime_operator to 2023-12-22T00:00:00+00:00, run_after=2023-12-23T00:00:00+00:00
[2023-12-23T18:15:52.491+0000] {logging_mixin.py:120} INFO - [2023-12-23T18:15:52.491+0000] {dag.py:3340} INFO - Setting next_dagrun for example_branch_datetime_operator_2 to 2023-12-22T00:00:00+00:00, run_after=2023-12-23T00:00:00+00:00
[2023-12-23T18:15:52.493+0000] {logging_mixin.py:120} INFO - [2023-12-23T18:15:52.493+0000] {dag.py:3340} INFO - Setting next_dagrun for example_branch_datetime_operator_3 to 2023-12-22T00:00:00+00:00, run_after=2023-12-23T00:00:00+00:00
[2023-12-23T18:15:52.515+0000] {processor.py:176} INFO - Processing /home/airflow/.local/lib/python3.7/site-packages/airflow/example_dags/example_branch_datetime_operator.py took 0.114 seconds
[2023-12-23T18:16:23.277+0000] {processor.py:154} INFO - Started process (PID=488) to work on /home/airflow/.local/lib/python3.7/site-packages/airflow/example_dags/example_branch_datetime_operator.py
[2023-12-23T18:16:23.278+0000] {processor.py:756} INFO - Processing file /home/airflow/.local/lib/python3.7/site-packages/airflow/example_dags/example_branch_datetime_operator.py for tasks to queue
[2023-12-23T18:16:23.278+0000] {logging_mixin.py:120} INFO - [2023-12-23T18:16:23.278+0000] {dagbag.py:537} INFO - Filling up the DagBag from /home/airflow/.local/lib/python3.7/site-packages/airflow/example_dags/example_branch_datetime_operator.py
[2023-12-23T18:16:23.293+0000] {processor.py:766} INFO - DAG(s) dict_keys(['example_branch_datetime_operator_2', 'example_branch_datetime_operator', 'example_branch_datetime_operator_3']) retrieved from /home/airflow/.local/lib/python3.7/site-packages/airflow/example_dags/example_branch_datetime_operator.py
[2023-12-23T18:16:23.338+0000] {logging_mixin.py:120} INFO - [2023-12-23T18:16:23.337+0000] {dag.py:2585} INFO - Sync 3 DAGs
[2023-12-23T18:16:23.361+0000] {logging_mixin.py:120} INFO - [2023-12-23T18:16:23.360+0000] {dag.py:3340} INFO - Setting next_dagrun for example_branch_datetime_operator to 2023-12-22T00:00:00+00:00, run_after=2023-12-23T00:00:00+00:00
[2023-12-23T18:16:23.364+0000] {logging_mixin.py:120} INFO - [2023-12-23T18:16:23.364+0000] {dag.py:3340} INFO - Setting next_dagrun for example_branch_datetime_operator_2 to 2023-12-22T00:00:00+00:00, run_after=2023-12-23T00:00:00+00:00
[2023-12-23T18:16:23.366+0000] {logging_mixin.py:120} INFO - [2023-12-23T18:16:23.366+0000] {dag.py:3340} INFO - Setting next_dagrun for example_branch_datetime_operator_3 to 2023-12-22T00:00:00+00:00, run_after=2023-12-23T00:00:00+00:00
[2023-12-23T18:16:23.386+0000] {processor.py:176} INFO - Processing /home/airflow/.local/lib/python3.7/site-packages/airflow/example_dags/example_branch_datetime_operator.py took 0.111 seconds
[2023-12-23T18:16:53.976+0000] {processor.py:154} INFO - Started process (PID=552) to work on /home/airflow/.local/lib/python3.7/site-packages/airflow/example_dags/example_branch_datetime_operator.py
[2023-12-23T18:16:53.977+0000] {processor.py:756} INFO - Processing file /home/airflow/.local/lib/python3.7/site-packages/airflow/example_dags/example_branch_datetime_operator.py for tasks to queue
[2023-12-23T18:16:53.977+0000] {logging_mixin.py:120} INFO - [2023-12-23T18:16:53.977+0000] {dagbag.py:537} INFO - Filling up the DagBag from /home/airflow/.local/lib/python3.7/site-packages/airflow/example_dags/example_branch_datetime_operator.py
[2023-12-23T18:16:53.994+0000] {processor.py:766} INFO - DAG(s) dict_keys(['example_branch_datetime_operator_2', 'example_branch_datetime_operator', 'example_branch_datetime_operator_3']) retrieved from /home/airflow/.local/lib/python3.7/site-packages/airflow/example_dags/example_branch_datetime_operator.py
[2023-12-23T18:16:54.043+0000] {logging_mixin.py:120} INFO - [2023-12-23T18:16:54.043+0000] {dag.py:2585} INFO - Sync 3 DAGs
[2023-12-23T18:16:54.067+0000] {logging_mixin.py:120} INFO - [2023-12-23T18:16:54.067+0000] {dag.py:3340} INFO - Setting next_dagrun for example_branch_datetime_operator to 2023-12-22T00:00:00+00:00, run_after=2023-12-23T00:00:00+00:00
[2023-12-23T18:16:54.071+0000] {logging_mixin.py:120} INFO - [2023-12-23T18:16:54.071+0000] {dag.py:3340} INFO - Setting next_dagrun for example_branch_datetime_operator_2 to 2023-12-22T00:00:00+00:00, run_after=2023-12-23T00:00:00+00:00
[2023-12-23T18:16:54.073+0000] {logging_mixin.py:120} INFO - [2023-12-23T18:16:54.073+0000] {dag.py:3340} INFO - Setting next_dagrun for example_branch_datetime_operator_3 to 2023-12-22T00:00:00+00:00, run_after=2023-12-23T00:00:00+00:00
[2023-12-23T18:16:54.093+0000] {processor.py:176} INFO - Processing /home/airflow/.local/lib/python3.7/site-packages/airflow/example_dags/example_branch_datetime_operator.py took 0.119 seconds
[2023-12-23T18:17:24.892+0000] {processor.py:154} INFO - Started process (PID=616) to work on /home/airflow/.local/lib/python3.7/site-packages/airflow/example_dags/example_branch_datetime_operator.py
[2023-12-23T18:17:24.893+0000] {processor.py:756} INFO - Processing file /home/airflow/.local/lib/python3.7/site-packages/airflow/example_dags/example_branch_datetime_operator.py for tasks to queue
[2023-12-23T18:17:24.894+0000] {logging_mixin.py:120} INFO - [2023-12-23T18:17:24.893+0000] {dagbag.py:537} INFO - Filling up the DagBag from /home/airflow/.local/lib/python3.7/site-packages/airflow/example_dags/example_branch_datetime_operator.py
[2023-12-23T18:17:24.909+0000] {processor.py:766} INFO - DAG(s) dict_keys(['example_branch_datetime_operator_3', 'example_branch_datetime_operator', 'example_branch_datetime_operator_2']) retrieved from /home/airflow/.local/lib/python3.7/site-packages/airflow/example_dags/example_branch_datetime_operator.py
[2023-12-23T18:17:24.952+0000] {logging_mixin.py:120} INFO - [2023-12-23T18:17:24.952+0000] {dag.py:2585} INFO - Sync 3 DAGs
[2023-12-23T18:17:24.976+0000] {logging_mixin.py:120} INFO - [2023-12-23T18:17:24.976+0000] {dag.py:3340} INFO - Setting next_dagrun for example_branch_datetime_operator to 2023-12-22T00:00:00+00:00, run_after=2023-12-23T00:00:00+00:00
[2023-12-23T18:17:24.979+0000] {logging_mixin.py:120} INFO - [2023-12-23T18:17:24.979+0000] {dag.py:3340} INFO - Setting next_dagrun for example_branch_datetime_operator_2 to 2023-12-22T00:00:00+00:00, run_after=2023-12-23T00:00:00+00:00
[2023-12-23T18:17:24.982+0000] {logging_mixin.py:120} INFO - [2023-12-23T18:17:24.981+0000] {dag.py:3340} INFO - Setting next_dagrun for example_branch_datetime_operator_3 to 2023-12-22T00:00:00+00:00, run_after=2023-12-23T00:00:00+00:00
[2023-12-23T18:17:25.005+0000] {processor.py:176} INFO - Processing /home/airflow/.local/lib/python3.7/site-packages/airflow/example_dags/example_branch_datetime_operator.py took 0.115 seconds
[2023-12-23T18:17:55.661+0000] {processor.py:154} INFO - Started process (PID=671) to work on /home/airflow/.local/lib/python3.7/site-packages/airflow/example_dags/example_branch_datetime_operator.py
[2023-12-23T18:17:55.662+0000] {processor.py:756} INFO - Processing file /home/airflow/.local/lib/python3.7/site-packages/airflow/example_dags/example_branch_datetime_operator.py for tasks to queue
[2023-12-23T18:17:55.662+0000] {logging_mixin.py:120} INFO - [2023-12-23T18:17:55.662+0000] {dagbag.py:537} INFO - Filling up the DagBag from /home/airflow/.local/lib/python3.7/site-packages/airflow/example_dags/example_branch_datetime_operator.py
[2023-12-23T18:17:55.678+0000] {processor.py:766} INFO - DAG(s) dict_keys(['example_branch_datetime_operator_3', 'example_branch_datetime_operator_2', 'example_branch_datetime_operator']) retrieved from /home/airflow/.local/lib/python3.7/site-packages/airflow/example_dags/example_branch_datetime_operator.py
[2023-12-23T18:17:55.718+0000] {logging_mixin.py:120} INFO - [2023-12-23T18:17:55.718+0000] {dag.py:2585} INFO - Sync 3 DAGs
[2023-12-23T18:17:55.752+0000] {logging_mixin.py:120} INFO - [2023-12-23T18:17:55.752+0000] {dag.py:3340} INFO - Setting next_dagrun for example_branch_datetime_operator to 2023-12-22T00:00:00+00:00, run_after=2023-12-23T00:00:00+00:00
[2023-12-23T18:17:55.757+0000] {logging_mixin.py:120} INFO - [2023-12-23T18:17:55.757+0000] {dag.py:3340} INFO - Setting next_dagrun for example_branch_datetime_operator_2 to 2023-12-22T00:00:00+00:00, run_after=2023-12-23T00:00:00+00:00
[2023-12-23T18:17:55.761+0000] {logging_mixin.py:120} INFO - [2023-12-23T18:17:55.760+0000] {dag.py:3340} INFO - Setting next_dagrun for example_branch_datetime_operator_3 to 2023-12-22T00:00:00+00:00, run_after=2023-12-23T00:00:00+00:00
[2023-12-23T18:17:55.781+0000] {processor.py:176} INFO - Processing /home/airflow/.local/lib/python3.7/site-packages/airflow/example_dags/example_branch_datetime_operator.py took 0.122 seconds
[2023-12-23T18:18:26.474+0000] {processor.py:154} INFO - Started process (PID=735) to work on /home/airflow/.local/lib/python3.7/site-packages/airflow/example_dags/example_branch_datetime_operator.py
[2023-12-23T18:18:26.475+0000] {processor.py:756} INFO - Processing file /home/airflow/.local/lib/python3.7/site-packages/airflow/example_dags/example_branch_datetime_operator.py for tasks to queue
[2023-12-23T18:18:26.475+0000] {logging_mixin.py:120} INFO - [2023-12-23T18:18:26.475+0000] {dagbag.py:537} INFO - Filling up the DagBag from /home/airflow/.local/lib/python3.7/site-packages/airflow/example_dags/example_branch_datetime_operator.py
[2023-12-23T18:18:26.492+0000] {processor.py:766} INFO - DAG(s) dict_keys(['example_branch_datetime_operator', 'example_branch_datetime_operator_3', 'example_branch_datetime_operator_2']) retrieved from /home/airflow/.local/lib/python3.7/site-packages/airflow/example_dags/example_branch_datetime_operator.py
[2023-12-23T18:18:26.539+0000] {logging_mixin.py:120} INFO - [2023-12-23T18:18:26.539+0000] {dag.py:2585} INFO - Sync 3 DAGs
[2023-12-23T18:18:26.566+0000] {logging_mixin.py:120} INFO - [2023-12-23T18:18:26.566+0000] {dag.py:3340} INFO - Setting next_dagrun for example_branch_datetime_operator to 2023-12-22T00:00:00+00:00, run_after=2023-12-23T00:00:00+00:00
[2023-12-23T18:18:26.570+0000] {logging_mixin.py:120} INFO - [2023-12-23T18:18:26.570+0000] {dag.py:3340} INFO - Setting next_dagrun for example_branch_datetime_operator_2 to 2023-12-22T00:00:00+00:00, run_after=2023-12-23T00:00:00+00:00
[2023-12-23T18:18:26.573+0000] {logging_mixin.py:120} INFO - [2023-12-23T18:18:26.573+0000] {dag.py:3340} INFO - Setting next_dagrun for example_branch_datetime_operator_3 to 2023-12-22T00:00:00+00:00, run_after=2023-12-23T00:00:00+00:00
[2023-12-23T18:18:26.592+0000] {processor.py:176} INFO - Processing /home/airflow/.local/lib/python3.7/site-packages/airflow/example_dags/example_branch_datetime_operator.py took 0.120 seconds
[2023-12-23T18:18:57.198+0000] {processor.py:154} INFO - Started process (PID=799) to work on /home/airflow/.local/lib/python3.7/site-packages/airflow/example_dags/example_branch_datetime_operator.py
[2023-12-23T18:18:57.199+0000] {processor.py:756} INFO - Processing file /home/airflow/.local/lib/python3.7/site-packages/airflow/example_dags/example_branch_datetime_operator.py for tasks to queue
[2023-12-23T18:18:57.200+0000] {logging_mixin.py:120} INFO - [2023-12-23T18:18:57.199+0000] {dagbag.py:537} INFO - Filling up the DagBag from /home/airflow/.local/lib/python3.7/site-packages/airflow/example_dags/example_branch_datetime_operator.py
[2023-12-23T18:18:57.218+0000] {processor.py:766} INFO - DAG(s) dict_keys(['example_branch_datetime_operator_3', 'example_branch_datetime_operator', 'example_branch_datetime_operator_2']) retrieved from /home/airflow/.local/lib/python3.7/site-packages/airflow/example_dags/example_branch_datetime_operator.py
[2023-12-23T18:18:57.263+0000] {logging_mixin.py:120} INFO - [2023-12-23T18:18:57.263+0000] {dag.py:2585} INFO - Sync 3 DAGs
[2023-12-23T18:18:57.286+0000] {logging_mixin.py:120} INFO - [2023-12-23T18:18:57.286+0000] {dag.py:3340} INFO - Setting next_dagrun for example_branch_datetime_operator to 2023-12-22T00:00:00+00:00, run_after=2023-12-23T00:00:00+00:00
[2023-12-23T18:18:57.290+0000] {logging_mixin.py:120} INFO - [2023-12-23T18:18:57.290+0000] {dag.py:3340} INFO - Setting next_dagrun for example_branch_datetime_operator_2 to 2023-12-22T00:00:00+00:00, run_after=2023-12-23T00:00:00+00:00
[2023-12-23T18:18:57.293+0000] {logging_mixin.py:120} INFO - [2023-12-23T18:18:57.292+0000] {dag.py:3340} INFO - Setting next_dagrun for example_branch_datetime_operator_3 to 2023-12-22T00:00:00+00:00, run_after=2023-12-23T00:00:00+00:00
[2023-12-23T18:18:57.314+0000] {processor.py:176} INFO - Processing /home/airflow/.local/lib/python3.7/site-packages/airflow/example_dags/example_branch_datetime_operator.py took 0.119 seconds
[2023-12-23T18:19:28.185+0000] {processor.py:154} INFO - Started process (PID=863) to work on /home/airflow/.local/lib/python3.7/site-packages/airflow/example_dags/example_branch_datetime_operator.py
[2023-12-23T18:19:28.187+0000] {processor.py:756} INFO - Processing file /home/airflow/.local/lib/python3.7/site-packages/airflow/example_dags/example_branch_datetime_operator.py for tasks to queue
[2023-12-23T18:19:28.187+0000] {logging_mixin.py:120} INFO - [2023-12-23T18:19:28.187+0000] {dagbag.py:537} INFO - Filling up the DagBag from /home/airflow/.local/lib/python3.7/site-packages/airflow/example_dags/example_branch_datetime_operator.py
[2023-12-23T18:19:28.203+0000] {processor.py:766} INFO - DAG(s) dict_keys(['example_branch_datetime_operator_3', 'example_branch_datetime_operator', 'example_branch_datetime_operator_2']) retrieved from /home/airflow/.local/lib/python3.7/site-packages/airflow/example_dags/example_branch_datetime_operator.py
[2023-12-23T18:19:28.243+0000] {logging_mixin.py:120} INFO - [2023-12-23T18:19:28.243+0000] {dag.py:2585} INFO - Sync 3 DAGs
[2023-12-23T18:19:28.267+0000] {logging_mixin.py:120} INFO - [2023-12-23T18:19:28.267+0000] {dag.py:3340} INFO - Setting next_dagrun for example_branch_datetime_operator to 2023-12-22T00:00:00+00:00, run_after=2023-12-23T00:00:00+00:00
[2023-12-23T18:19:28.271+0000] {logging_mixin.py:120} INFO - [2023-12-23T18:19:28.271+0000] {dag.py:3340} INFO - Setting next_dagrun for example_branch_datetime_operator_2 to 2023-12-22T00:00:00+00:00, run_after=2023-12-23T00:00:00+00:00
[2023-12-23T18:19:28.274+0000] {logging_mixin.py:120} INFO - [2023-12-23T18:19:28.274+0000] {dag.py:3340} INFO - Setting next_dagrun for example_branch_datetime_operator_3 to 2023-12-22T00:00:00+00:00, run_after=2023-12-23T00:00:00+00:00
[2023-12-23T18:19:28.306+0000] {processor.py:176} INFO - Processing /home/airflow/.local/lib/python3.7/site-packages/airflow/example_dags/example_branch_datetime_operator.py took 0.124 seconds
[2023-12-23T18:19:58.858+0000] {processor.py:154} INFO - Started process (PID=918) to work on /home/airflow/.local/lib/python3.7/site-packages/airflow/example_dags/example_branch_datetime_operator.py
[2023-12-23T18:19:58.858+0000] {processor.py:756} INFO - Processing file /home/airflow/.local/lib/python3.7/site-packages/airflow/example_dags/example_branch_datetime_operator.py for tasks to queue
[2023-12-23T18:19:58.859+0000] {logging_mixin.py:120} INFO - [2023-12-23T18:19:58.859+0000] {dagbag.py:537} INFO - Filling up the DagBag from /home/airflow/.local/lib/python3.7/site-packages/airflow/example_dags/example_branch_datetime_operator.py
[2023-12-23T18:19:58.881+0000] {processor.py:766} INFO - DAG(s) dict_keys(['example_branch_datetime_operator_2', 'example_branch_datetime_operator_3', 'example_branch_datetime_operator']) retrieved from /home/airflow/.local/lib/python3.7/site-packages/airflow/example_dags/example_branch_datetime_operator.py
[2023-12-23T18:19:58.924+0000] {logging_mixin.py:120} INFO - [2023-12-23T18:19:58.924+0000] {dag.py:2585} INFO - Sync 3 DAGs
[2023-12-23T18:19:58.949+0000] {logging_mixin.py:120} INFO - [2023-12-23T18:19:58.949+0000] {dag.py:3340} INFO - Setting next_dagrun for example_branch_datetime_operator to 2023-12-22T00:00:00+00:00, run_after=2023-12-23T00:00:00+00:00
[2023-12-23T18:19:58.953+0000] {logging_mixin.py:120} INFO - [2023-12-23T18:19:58.953+0000] {dag.py:3340} INFO - Setting next_dagrun for example_branch_datetime_operator_2 to 2023-12-22T00:00:00+00:00, run_after=2023-12-23T00:00:00+00:00
[2023-12-23T18:19:58.955+0000] {logging_mixin.py:120} INFO - [2023-12-23T18:19:58.955+0000] {dag.py:3340} INFO - Setting next_dagrun for example_branch_datetime_operator_3 to 2023-12-22T00:00:00+00:00, run_after=2023-12-23T00:00:00+00:00
[2023-12-23T18:19:58.976+0000] {processor.py:176} INFO - Processing /home/airflow/.local/lib/python3.7/site-packages/airflow/example_dags/example_branch_datetime_operator.py took 0.122 seconds
[2023-12-23T18:21:05.001+0000] {processor.py:154} INFO - Started process (PID=63) to work on /home/airflow/.local/lib/python3.7/site-packages/airflow/example_dags/example_branch_datetime_operator.py
[2023-12-23T18:21:05.002+0000] {processor.py:756} INFO - Processing file /home/airflow/.local/lib/python3.7/site-packages/airflow/example_dags/example_branch_datetime_operator.py for tasks to queue
[2023-12-23T18:21:05.003+0000] {logging_mixin.py:120} INFO - [2023-12-23T18:21:05.003+0000] {dagbag.py:537} INFO - Filling up the DagBag from /home/airflow/.local/lib/python3.7/site-packages/airflow/example_dags/example_branch_datetime_operator.py
[2023-12-23T18:21:05.024+0000] {processor.py:766} INFO - DAG(s) dict_keys(['example_branch_datetime_operator', 'example_branch_datetime_operator_2', 'example_branch_datetime_operator_3']) retrieved from /home/airflow/.local/lib/python3.7/site-packages/airflow/example_dags/example_branch_datetime_operator.py
[2023-12-23T18:21:05.076+0000] {logging_mixin.py:120} INFO - [2023-12-23T18:21:05.076+0000] {dag.py:2585} INFO - Sync 3 DAGs
[2023-12-23T18:21:05.119+0000] {logging_mixin.py:120} INFO - [2023-12-23T18:21:05.118+0000] {dag.py:3340} INFO - Setting next_dagrun for example_branch_datetime_operator to 2023-12-22T00:00:00+00:00, run_after=2023-12-23T00:00:00+00:00
[2023-12-23T18:21:05.125+0000] {logging_mixin.py:120} INFO - [2023-12-23T18:21:05.125+0000] {dag.py:3340} INFO - Setting next_dagrun for example_branch_datetime_operator_2 to 2023-12-22T00:00:00+00:00, run_after=2023-12-23T00:00:00+00:00
[2023-12-23T18:21:05.128+0000] {logging_mixin.py:120} INFO - [2023-12-23T18:21:05.128+0000] {dag.py:3340} INFO - Setting next_dagrun for example_branch_datetime_operator_3 to 2023-12-22T00:00:00+00:00, run_after=2023-12-23T00:00:00+00:00
[2023-12-23T18:21:05.165+0000] {processor.py:176} INFO - Processing /home/airflow/.local/lib/python3.7/site-packages/airflow/example_dags/example_branch_datetime_operator.py took 0.171 seconds
[2023-12-23T18:21:35.495+0000] {processor.py:154} INFO - Started process (PID=126) to work on /home/airflow/.local/lib/python3.7/site-packages/airflow/example_dags/example_branch_datetime_operator.py
[2023-12-23T18:21:35.496+0000] {processor.py:756} INFO - Processing file /home/airflow/.local/lib/python3.7/site-packages/airflow/example_dags/example_branch_datetime_operator.py for tasks to queue
[2023-12-23T18:21:35.496+0000] {logging_mixin.py:120} INFO - [2023-12-23T18:21:35.496+0000] {dagbag.py:537} INFO - Filling up the DagBag from /home/airflow/.local/lib/python3.7/site-packages/airflow/example_dags/example_branch_datetime_operator.py
[2023-12-23T18:21:35.519+0000] {processor.py:766} INFO - DAG(s) dict_keys(['example_branch_datetime_operator', 'example_branch_datetime_operator_2', 'example_branch_datetime_operator_3']) retrieved from /home/airflow/.local/lib/python3.7/site-packages/airflow/example_dags/example_branch_datetime_operator.py
[2023-12-23T18:21:35.583+0000] {logging_mixin.py:120} INFO - [2023-12-23T18:21:35.582+0000] {dag.py:2585} INFO - Sync 3 DAGs
[2023-12-23T18:21:35.617+0000] {logging_mixin.py:120} INFO - [2023-12-23T18:21:35.617+0000] {dag.py:3340} INFO - Setting next_dagrun for example_branch_datetime_operator to 2023-12-22T00:00:00+00:00, run_after=2023-12-23T00:00:00+00:00
[2023-12-23T18:21:35.623+0000] {logging_mixin.py:120} INFO - [2023-12-23T18:21:35.623+0000] {dag.py:3340} INFO - Setting next_dagrun for example_branch_datetime_operator_2 to 2023-12-22T00:00:00+00:00, run_after=2023-12-23T00:00:00+00:00
[2023-12-23T18:21:35.626+0000] {logging_mixin.py:120} INFO - [2023-12-23T18:21:35.626+0000] {dag.py:3340} INFO - Setting next_dagrun for example_branch_datetime_operator_3 to 2023-12-22T00:00:00+00:00, run_after=2023-12-23T00:00:00+00:00
[2023-12-23T18:21:35.658+0000] {processor.py:176} INFO - Processing /home/airflow/.local/lib/python3.7/site-packages/airflow/example_dags/example_branch_datetime_operator.py took 0.167 seconds
[2023-12-23T18:22:06.158+0000] {processor.py:154} INFO - Started process (PID=183) to work on /home/airflow/.local/lib/python3.7/site-packages/airflow/example_dags/example_branch_datetime_operator.py
[2023-12-23T18:22:06.159+0000] {processor.py:756} INFO - Processing file /home/airflow/.local/lib/python3.7/site-packages/airflow/example_dags/example_branch_datetime_operator.py for tasks to queue
[2023-12-23T18:22:06.160+0000] {logging_mixin.py:120} INFO - [2023-12-23T18:22:06.159+0000] {dagbag.py:537} INFO - Filling up the DagBag from /home/airflow/.local/lib/python3.7/site-packages/airflow/example_dags/example_branch_datetime_operator.py
[2023-12-23T18:22:06.176+0000] {processor.py:766} INFO - DAG(s) dict_keys(['example_branch_datetime_operator_2', 'example_branch_datetime_operator', 'example_branch_datetime_operator_3']) retrieved from /home/airflow/.local/lib/python3.7/site-packages/airflow/example_dags/example_branch_datetime_operator.py
[2023-12-23T18:22:06.217+0000] {logging_mixin.py:120} INFO - [2023-12-23T18:22:06.216+0000] {dag.py:2585} INFO - Sync 3 DAGs
[2023-12-23T18:22:06.243+0000] {logging_mixin.py:120} INFO - [2023-12-23T18:22:06.243+0000] {dag.py:3340} INFO - Setting next_dagrun for example_branch_datetime_operator to 2023-12-22T00:00:00+00:00, run_after=2023-12-23T00:00:00+00:00
[2023-12-23T18:22:06.248+0000] {logging_mixin.py:120} INFO - [2023-12-23T18:22:06.247+0000] {dag.py:3340} INFO - Setting next_dagrun for example_branch_datetime_operator_2 to 2023-12-22T00:00:00+00:00, run_after=2023-12-23T00:00:00+00:00
[2023-12-23T18:22:06.250+0000] {logging_mixin.py:120} INFO - [2023-12-23T18:22:06.250+0000] {dag.py:3340} INFO - Setting next_dagrun for example_branch_datetime_operator_3 to 2023-12-22T00:00:00+00:00, run_after=2023-12-23T00:00:00+00:00
[2023-12-23T18:22:06.278+0000] {processor.py:176} INFO - Processing /home/airflow/.local/lib/python3.7/site-packages/airflow/example_dags/example_branch_datetime_operator.py took 0.122 seconds
[2023-12-23T18:22:36.390+0000] {processor.py:154} INFO - Started process (PID=246) to work on /home/airflow/.local/lib/python3.7/site-packages/airflow/example_dags/example_branch_datetime_operator.py
[2023-12-23T18:22:36.391+0000] {processor.py:756} INFO - Processing file /home/airflow/.local/lib/python3.7/site-packages/airflow/example_dags/example_branch_datetime_operator.py for tasks to queue
[2023-12-23T18:22:36.392+0000] {logging_mixin.py:120} INFO - [2023-12-23T18:22:36.391+0000] {dagbag.py:537} INFO - Filling up the DagBag from /home/airflow/.local/lib/python3.7/site-packages/airflow/example_dags/example_branch_datetime_operator.py
[2023-12-23T18:22:36.413+0000] {processor.py:766} INFO - DAG(s) dict_keys(['example_branch_datetime_operator_3', 'example_branch_datetime_operator', 'example_branch_datetime_operator_2']) retrieved from /home/airflow/.local/lib/python3.7/site-packages/airflow/example_dags/example_branch_datetime_operator.py
[2023-12-23T18:22:36.458+0000] {logging_mixin.py:120} INFO - [2023-12-23T18:22:36.458+0000] {dag.py:2585} INFO - Sync 3 DAGs
[2023-12-23T18:22:36.485+0000] {logging_mixin.py:120} INFO - [2023-12-23T18:22:36.484+0000] {dag.py:3340} INFO - Setting next_dagrun for example_branch_datetime_operator to 2023-12-22T00:00:00+00:00, run_after=2023-12-23T00:00:00+00:00
[2023-12-23T18:22:36.489+0000] {logging_mixin.py:120} INFO - [2023-12-23T18:22:36.488+0000] {dag.py:3340} INFO - Setting next_dagrun for example_branch_datetime_operator_2 to 2023-12-22T00:00:00+00:00, run_after=2023-12-23T00:00:00+00:00
[2023-12-23T18:22:36.491+0000] {logging_mixin.py:120} INFO - [2023-12-23T18:22:36.491+0000] {dag.py:3340} INFO - Setting next_dagrun for example_branch_datetime_operator_3 to 2023-12-22T00:00:00+00:00, run_after=2023-12-23T00:00:00+00:00
[2023-12-23T18:22:36.509+0000] {processor.py:176} INFO - Processing /home/airflow/.local/lib/python3.7/site-packages/airflow/example_dags/example_branch_datetime_operator.py took 0.123 seconds
[2023-12-23T18:23:06.775+0000] {processor.py:154} INFO - Started process (PID=310) to work on /home/airflow/.local/lib/python3.7/site-packages/airflow/example_dags/example_branch_datetime_operator.py
[2023-12-23T18:23:06.776+0000] {processor.py:756} INFO - Processing file /home/airflow/.local/lib/python3.7/site-packages/airflow/example_dags/example_branch_datetime_operator.py for tasks to queue
[2023-12-23T18:23:06.777+0000] {logging_mixin.py:120} INFO - [2023-12-23T18:23:06.776+0000] {dagbag.py:537} INFO - Filling up the DagBag from /home/airflow/.local/lib/python3.7/site-packages/airflow/example_dags/example_branch_datetime_operator.py
[2023-12-23T18:23:06.798+0000] {processor.py:766} INFO - DAG(s) dict_keys(['example_branch_datetime_operator_3', 'example_branch_datetime_operator', 'example_branch_datetime_operator_2']) retrieved from /home/airflow/.local/lib/python3.7/site-packages/airflow/example_dags/example_branch_datetime_operator.py
[2023-12-23T18:23:06.849+0000] {logging_mixin.py:120} INFO - [2023-12-23T18:23:06.849+0000] {dag.py:2585} INFO - Sync 3 DAGs
[2023-12-23T18:23:06.881+0000] {logging_mixin.py:120} INFO - [2023-12-23T18:23:06.880+0000] {dag.py:3340} INFO - Setting next_dagrun for example_branch_datetime_operator to 2023-12-22T00:00:00+00:00, run_after=2023-12-23T00:00:00+00:00
[2023-12-23T18:23:06.886+0000] {logging_mixin.py:120} INFO - [2023-12-23T18:23:06.886+0000] {dag.py:3340} INFO - Setting next_dagrun for example_branch_datetime_operator_2 to 2023-12-22T00:00:00+00:00, run_after=2023-12-23T00:00:00+00:00
[2023-12-23T18:23:06.889+0000] {logging_mixin.py:120} INFO - [2023-12-23T18:23:06.889+0000] {dag.py:3340} INFO - Setting next_dagrun for example_branch_datetime_operator_3 to 2023-12-22T00:00:00+00:00, run_after=2023-12-23T00:00:00+00:00
[2023-12-23T18:23:06.911+0000] {processor.py:176} INFO - Processing /home/airflow/.local/lib/python3.7/site-packages/airflow/example_dags/example_branch_datetime_operator.py took 0.138 seconds
[2023-12-23T18:23:37.657+0000] {processor.py:154} INFO - Started process (PID=365) to work on /home/airflow/.local/lib/python3.7/site-packages/airflow/example_dags/example_branch_datetime_operator.py
[2023-12-23T18:23:37.658+0000] {processor.py:756} INFO - Processing file /home/airflow/.local/lib/python3.7/site-packages/airflow/example_dags/example_branch_datetime_operator.py for tasks to queue
[2023-12-23T18:23:37.658+0000] {logging_mixin.py:120} INFO - [2023-12-23T18:23:37.658+0000] {dagbag.py:537} INFO - Filling up the DagBag from /home/airflow/.local/lib/python3.7/site-packages/airflow/example_dags/example_branch_datetime_operator.py
[2023-12-23T18:23:37.673+0000] {processor.py:766} INFO - DAG(s) dict_keys(['example_branch_datetime_operator_2', 'example_branch_datetime_operator_3', 'example_branch_datetime_operator']) retrieved from /home/airflow/.local/lib/python3.7/site-packages/airflow/example_dags/example_branch_datetime_operator.py
[2023-12-23T18:23:37.712+0000] {logging_mixin.py:120} INFO - [2023-12-23T18:23:37.711+0000] {dag.py:2585} INFO - Sync 3 DAGs
[2023-12-23T18:23:37.741+0000] {logging_mixin.py:120} INFO - [2023-12-23T18:23:37.741+0000] {dag.py:3340} INFO - Setting next_dagrun for example_branch_datetime_operator to 2023-12-22T00:00:00+00:00, run_after=2023-12-23T00:00:00+00:00
[2023-12-23T18:23:37.747+0000] {logging_mixin.py:120} INFO - [2023-12-23T18:23:37.746+0000] {dag.py:3340} INFO - Setting next_dagrun for example_branch_datetime_operator_2 to 2023-12-22T00:00:00+00:00, run_after=2023-12-23T00:00:00+00:00
[2023-12-23T18:23:37.749+0000] {logging_mixin.py:120} INFO - [2023-12-23T18:23:37.749+0000] {dag.py:3340} INFO - Setting next_dagrun for example_branch_datetime_operator_3 to 2023-12-22T00:00:00+00:00, run_after=2023-12-23T00:00:00+00:00
[2023-12-23T18:23:37.774+0000] {processor.py:176} INFO - Processing /home/airflow/.local/lib/python3.7/site-packages/airflow/example_dags/example_branch_datetime_operator.py took 0.119 seconds
[2023-12-23T18:24:39.180+0000] {processor.py:154} INFO - Started process (PID=63) to work on /home/airflow/.local/lib/python3.7/site-packages/airflow/example_dags/example_branch_datetime_operator.py
[2023-12-23T18:24:39.181+0000] {processor.py:756} INFO - Processing file /home/airflow/.local/lib/python3.7/site-packages/airflow/example_dags/example_branch_datetime_operator.py for tasks to queue
[2023-12-23T18:24:39.182+0000] {logging_mixin.py:120} INFO - [2023-12-23T18:24:39.182+0000] {dagbag.py:537} INFO - Filling up the DagBag from /home/airflow/.local/lib/python3.7/site-packages/airflow/example_dags/example_branch_datetime_operator.py
[2023-12-23T18:24:39.216+0000] {processor.py:766} INFO - DAG(s) dict_keys(['example_branch_datetime_operator', 'example_branch_datetime_operator_2', 'example_branch_datetime_operator_3']) retrieved from /home/airflow/.local/lib/python3.7/site-packages/airflow/example_dags/example_branch_datetime_operator.py
[2023-12-23T18:24:39.283+0000] {logging_mixin.py:120} INFO - [2023-12-23T18:24:39.283+0000] {dag.py:2585} INFO - Sync 3 DAGs
[2023-12-23T18:24:39.317+0000] {logging_mixin.py:120} INFO - [2023-12-23T18:24:39.316+0000] {dag.py:3340} INFO - Setting next_dagrun for example_branch_datetime_operator to 2023-12-22T00:00:00+00:00, run_after=2023-12-23T00:00:00+00:00
[2023-12-23T18:24:39.323+0000] {logging_mixin.py:120} INFO - [2023-12-23T18:24:39.323+0000] {dag.py:3340} INFO - Setting next_dagrun for example_branch_datetime_operator_2 to 2023-12-22T00:00:00+00:00, run_after=2023-12-23T00:00:00+00:00
[2023-12-23T18:24:39.325+0000] {logging_mixin.py:120} INFO - [2023-12-23T18:24:39.325+0000] {dag.py:3340} INFO - Setting next_dagrun for example_branch_datetime_operator_3 to 2023-12-22T00:00:00+00:00, run_after=2023-12-23T00:00:00+00:00
[2023-12-23T18:24:39.359+0000] {processor.py:176} INFO - Processing /home/airflow/.local/lib/python3.7/site-packages/airflow/example_dags/example_branch_datetime_operator.py took 0.183 seconds
[2023-12-23T18:25:09.739+0000] {processor.py:154} INFO - Started process (PID=125) to work on /home/airflow/.local/lib/python3.7/site-packages/airflow/example_dags/example_branch_datetime_operator.py
[2023-12-23T18:25:09.740+0000] {processor.py:756} INFO - Processing file /home/airflow/.local/lib/python3.7/site-packages/airflow/example_dags/example_branch_datetime_operator.py for tasks to queue
[2023-12-23T18:25:09.741+0000] {logging_mixin.py:120} INFO - [2023-12-23T18:25:09.741+0000] {dagbag.py:537} INFO - Filling up the DagBag from /home/airflow/.local/lib/python3.7/site-packages/airflow/example_dags/example_branch_datetime_operator.py
[2023-12-23T18:25:09.764+0000] {processor.py:766} INFO - DAG(s) dict_keys(['example_branch_datetime_operator', 'example_branch_datetime_operator_3', 'example_branch_datetime_operator_2']) retrieved from /home/airflow/.local/lib/python3.7/site-packages/airflow/example_dags/example_branch_datetime_operator.py
[2023-12-23T18:25:09.827+0000] {logging_mixin.py:120} INFO - [2023-12-23T18:25:09.827+0000] {dag.py:2585} INFO - Sync 3 DAGs
[2023-12-23T18:25:09.862+0000] {logging_mixin.py:120} INFO - [2023-12-23T18:25:09.862+0000] {dag.py:3340} INFO - Setting next_dagrun for example_branch_datetime_operator to 2023-12-22T00:00:00+00:00, run_after=2023-12-23T00:00:00+00:00
[2023-12-23T18:25:09.870+0000] {logging_mixin.py:120} INFO - [2023-12-23T18:25:09.870+0000] {dag.py:3340} INFO - Setting next_dagrun for example_branch_datetime_operator_2 to 2023-12-22T00:00:00+00:00, run_after=2023-12-23T00:00:00+00:00
[2023-12-23T18:25:09.873+0000] {logging_mixin.py:120} INFO - [2023-12-23T18:25:09.873+0000] {dag.py:3340} INFO - Setting next_dagrun for example_branch_datetime_operator_3 to 2023-12-22T00:00:00+00:00, run_after=2023-12-23T00:00:00+00:00
[2023-12-23T18:25:09.905+0000] {processor.py:176} INFO - Processing /home/airflow/.local/lib/python3.7/site-packages/airflow/example_dags/example_branch_datetime_operator.py took 0.172 seconds
[2023-12-23T18:25:40.578+0000] {processor.py:154} INFO - Started process (PID=181) to work on /home/airflow/.local/lib/python3.7/site-packages/airflow/example_dags/example_branch_datetime_operator.py
[2023-12-23T18:25:40.580+0000] {processor.py:756} INFO - Processing file /home/airflow/.local/lib/python3.7/site-packages/airflow/example_dags/example_branch_datetime_operator.py for tasks to queue
[2023-12-23T18:25:40.580+0000] {logging_mixin.py:120} INFO - [2023-12-23T18:25:40.580+0000] {dagbag.py:537} INFO - Filling up the DagBag from /home/airflow/.local/lib/python3.7/site-packages/airflow/example_dags/example_branch_datetime_operator.py
[2023-12-23T18:25:40.605+0000] {processor.py:766} INFO - DAG(s) dict_keys(['example_branch_datetime_operator', 'example_branch_datetime_operator_3', 'example_branch_datetime_operator_2']) retrieved from /home/airflow/.local/lib/python3.7/site-packages/airflow/example_dags/example_branch_datetime_operator.py
[2023-12-23T18:25:40.661+0000] {logging_mixin.py:120} INFO - [2023-12-23T18:25:40.660+0000] {dag.py:2585} INFO - Sync 3 DAGs
[2023-12-23T18:25:40.694+0000] {logging_mixin.py:120} INFO - [2023-12-23T18:25:40.694+0000] {dag.py:3340} INFO - Setting next_dagrun for example_branch_datetime_operator to 2023-12-22T00:00:00+00:00, run_after=2023-12-23T00:00:00+00:00
[2023-12-23T18:25:40.700+0000] {logging_mixin.py:120} INFO - [2023-12-23T18:25:40.700+0000] {dag.py:3340} INFO - Setting next_dagrun for example_branch_datetime_operator_2 to 2023-12-22T00:00:00+00:00, run_after=2023-12-23T00:00:00+00:00
[2023-12-23T18:25:40.703+0000] {logging_mixin.py:120} INFO - [2023-12-23T18:25:40.703+0000] {dag.py:3340} INFO - Setting next_dagrun for example_branch_datetime_operator_3 to 2023-12-22T00:00:00+00:00, run_after=2023-12-23T00:00:00+00:00
[2023-12-23T18:25:40.726+0000] {processor.py:176} INFO - Processing /home/airflow/.local/lib/python3.7/site-packages/airflow/example_dags/example_branch_datetime_operator.py took 0.151 seconds
[2023-12-23T18:26:10.861+0000] {processor.py:154} INFO - Started process (PID=244) to work on /home/airflow/.local/lib/python3.7/site-packages/airflow/example_dags/example_branch_datetime_operator.py
[2023-12-23T18:26:10.861+0000] {processor.py:756} INFO - Processing file /home/airflow/.local/lib/python3.7/site-packages/airflow/example_dags/example_branch_datetime_operator.py for tasks to queue
[2023-12-23T18:26:10.862+0000] {logging_mixin.py:120} INFO - [2023-12-23T18:26:10.862+0000] {dagbag.py:537} INFO - Filling up the DagBag from /home/airflow/.local/lib/python3.7/site-packages/airflow/example_dags/example_branch_datetime_operator.py
[2023-12-23T18:26:10.885+0000] {processor.py:766} INFO - DAG(s) dict_keys(['example_branch_datetime_operator_2', 'example_branch_datetime_operator', 'example_branch_datetime_operator_3']) retrieved from /home/airflow/.local/lib/python3.7/site-packages/airflow/example_dags/example_branch_datetime_operator.py
[2023-12-23T18:26:10.928+0000] {logging_mixin.py:120} INFO - [2023-12-23T18:26:10.928+0000] {dag.py:2585} INFO - Sync 3 DAGs
[2023-12-23T18:26:10.949+0000] {logging_mixin.py:120} INFO - [2023-12-23T18:26:10.949+0000] {dag.py:3340} INFO - Setting next_dagrun for example_branch_datetime_operator to 2023-12-22T00:00:00+00:00, run_after=2023-12-23T00:00:00+00:00
[2023-12-23T18:26:10.952+0000] {logging_mixin.py:120} INFO - [2023-12-23T18:26:10.952+0000] {dag.py:3340} INFO - Setting next_dagrun for example_branch_datetime_operator_2 to 2023-12-22T00:00:00+00:00, run_after=2023-12-23T00:00:00+00:00
[2023-12-23T18:26:10.954+0000] {logging_mixin.py:120} INFO - [2023-12-23T18:26:10.954+0000] {dag.py:3340} INFO - Setting next_dagrun for example_branch_datetime_operator_3 to 2023-12-22T00:00:00+00:00, run_after=2023-12-23T00:00:00+00:00
[2023-12-23T18:26:10.974+0000] {processor.py:176} INFO - Processing /home/airflow/.local/lib/python3.7/site-packages/airflow/example_dags/example_branch_datetime_operator.py took 0.118 seconds
[2023-12-23T18:26:42.370+0000] {processor.py:154} INFO - Started process (PID=307) to work on /home/airflow/.local/lib/python3.7/site-packages/airflow/example_dags/example_branch_datetime_operator.py
[2023-12-23T18:26:42.371+0000] {processor.py:756} INFO - Processing file /home/airflow/.local/lib/python3.7/site-packages/airflow/example_dags/example_branch_datetime_operator.py for tasks to queue
[2023-12-23T18:26:42.372+0000] {logging_mixin.py:120} INFO - [2023-12-23T18:26:42.372+0000] {dagbag.py:537} INFO - Filling up the DagBag from /home/airflow/.local/lib/python3.7/site-packages/airflow/example_dags/example_branch_datetime_operator.py
[2023-12-23T18:26:42.401+0000] {processor.py:766} INFO - DAG(s) dict_keys(['example_branch_datetime_operator_3', 'example_branch_datetime_operator', 'example_branch_datetime_operator_2']) retrieved from /home/airflow/.local/lib/python3.7/site-packages/airflow/example_dags/example_branch_datetime_operator.py
[2023-12-23T18:26:43.613+0000] {logging_mixin.py:120} INFO - [2023-12-23T18:26:43.613+0000] {process_utils.py:256} INFO - Waiting up to 5 seconds for processes to exit...
[2023-12-23T18:35:58.124+0000] {processor.py:154} INFO - Started process (PID=63) to work on /home/airflow/.local/lib/python3.7/site-packages/airflow/example_dags/example_branch_datetime_operator.py
[2023-12-23T18:35:58.125+0000] {processor.py:756} INFO - Processing file /home/airflow/.local/lib/python3.7/site-packages/airflow/example_dags/example_branch_datetime_operator.py for tasks to queue
[2023-12-23T18:35:58.126+0000] {logging_mixin.py:120} INFO - [2023-12-23T18:35:58.125+0000] {dagbag.py:537} INFO - Filling up the DagBag from /home/airflow/.local/lib/python3.7/site-packages/airflow/example_dags/example_branch_datetime_operator.py
[2023-12-23T18:35:58.165+0000] {processor.py:766} INFO - DAG(s) dict_keys(['example_branch_datetime_operator_2', 'example_branch_datetime_operator_3', 'example_branch_datetime_operator']) retrieved from /home/airflow/.local/lib/python3.7/site-packages/airflow/example_dags/example_branch_datetime_operator.py
[2023-12-23T18:35:58.210+0000] {logging_mixin.py:120} INFO - [2023-12-23T18:35:58.210+0000] {dag.py:2585} INFO - Sync 3 DAGs
[2023-12-23T18:35:58.252+0000] {logging_mixin.py:120} INFO - [2023-12-23T18:35:58.251+0000] {dag.py:3340} INFO - Setting next_dagrun for example_branch_datetime_operator to 2023-12-22T00:00:00+00:00, run_after=2023-12-23T00:00:00+00:00
[2023-12-23T18:35:58.259+0000] {logging_mixin.py:120} INFO - [2023-12-23T18:35:58.259+0000] {dag.py:3340} INFO - Setting next_dagrun for example_branch_datetime_operator_2 to 2023-12-22T00:00:00+00:00, run_after=2023-12-23T00:00:00+00:00
[2023-12-23T18:35:58.262+0000] {logging_mixin.py:120} INFO - [2023-12-23T18:35:58.262+0000] {dag.py:3340} INFO - Setting next_dagrun for example_branch_datetime_operator_3 to 2023-12-22T00:00:00+00:00, run_after=2023-12-23T00:00:00+00:00
[2023-12-23T18:35:58.288+0000] {processor.py:176} INFO - Processing /home/airflow/.local/lib/python3.7/site-packages/airflow/example_dags/example_branch_datetime_operator.py took 0.168 seconds
[2023-12-23T18:36:28.546+0000] {processor.py:154} INFO - Started process (PID=125) to work on /home/airflow/.local/lib/python3.7/site-packages/airflow/example_dags/example_branch_datetime_operator.py
[2023-12-23T18:36:28.547+0000] {processor.py:756} INFO - Processing file /home/airflow/.local/lib/python3.7/site-packages/airflow/example_dags/example_branch_datetime_operator.py for tasks to queue
[2023-12-23T18:36:28.548+0000] {logging_mixin.py:120} INFO - [2023-12-23T18:36:28.548+0000] {dagbag.py:537} INFO - Filling up the DagBag from /home/airflow/.local/lib/python3.7/site-packages/airflow/example_dags/example_branch_datetime_operator.py
[2023-12-23T18:36:28.573+0000] {processor.py:766} INFO - DAG(s) dict_keys(['example_branch_datetime_operator_2', 'example_branch_datetime_operator', 'example_branch_datetime_operator_3']) retrieved from /home/airflow/.local/lib/python3.7/site-packages/airflow/example_dags/example_branch_datetime_operator.py
[2023-12-23T18:36:28.630+0000] {logging_mixin.py:120} INFO - [2023-12-23T18:36:28.630+0000] {dag.py:2585} INFO - Sync 3 DAGs
[2023-12-23T18:36:28.662+0000] {logging_mixin.py:120} INFO - [2023-12-23T18:36:28.662+0000] {dag.py:3340} INFO - Setting next_dagrun for example_branch_datetime_operator to 2023-12-22T00:00:00+00:00, run_after=2023-12-23T00:00:00+00:00
[2023-12-23T18:36:28.668+0000] {logging_mixin.py:120} INFO - [2023-12-23T18:36:28.668+0000] {dag.py:3340} INFO - Setting next_dagrun for example_branch_datetime_operator_2 to 2023-12-22T00:00:00+00:00, run_after=2023-12-23T00:00:00+00:00
[2023-12-23T18:36:28.672+0000] {logging_mixin.py:120} INFO - [2023-12-23T18:36:28.671+0000] {dag.py:3340} INFO - Setting next_dagrun for example_branch_datetime_operator_3 to 2023-12-22T00:00:00+00:00, run_after=2023-12-23T00:00:00+00:00
[2023-12-23T18:36:28.697+0000] {processor.py:176} INFO - Processing /home/airflow/.local/lib/python3.7/site-packages/airflow/example_dags/example_branch_datetime_operator.py took 0.157 seconds
