[2023-12-23T18:12:48.227+0000] {processor.py:154} INFO - Started process (PID=65) to work on /home/airflow/.local/lib/python3.7/site-packages/airflow/example_dags/example_task_group_decorator.py
[2023-12-23T18:12:48.228+0000] {processor.py:756} INFO - Processing file /home/airflow/.local/lib/python3.7/site-packages/airflow/example_dags/example_task_group_decorator.py for tasks to queue
[2023-12-23T18:12:48.229+0000] {logging_mixin.py:120} INFO - [2023-12-23T18:12:48.228+0000] {dagbag.py:537} INFO - Filling up the DagBag from /home/airflow/.local/lib/python3.7/site-packages/airflow/example_dags/example_task_group_decorator.py
[2023-12-23T18:12:48.277+0000] {processor.py:766} INFO - DAG(s) dict_keys(['example_task_group_decorator']) retrieved from /home/airflow/.local/lib/python3.7/site-packages/airflow/example_dags/example_task_group_decorator.py
[2023-12-23T18:12:48.435+0000] {logging_mixin.py:120} INFO - [2023-12-23T18:12:48.435+0000] {dag.py:2585} INFO - Sync 1 DAGs
[2023-12-23T18:12:48.478+0000] {logging_mixin.py:120} INFO - [2023-12-23T18:12:48.477+0000] {dag.py:3340} INFO - Setting next_dagrun for example_task_group_decorator to 2023-12-22T18:12:48.477607+00:00, run_after=2023-12-23T18:12:48.477607+00:00
[2023-12-23T18:12:48.524+0000] {processor.py:176} INFO - Processing /home/airflow/.local/lib/python3.7/site-packages/airflow/example_dags/example_task_group_decorator.py took 0.301 seconds
[2023-12-23T18:13:18.616+0000] {processor.py:154} INFO - Started process (PID=128) to work on /home/airflow/.local/lib/python3.7/site-packages/airflow/example_dags/example_task_group_decorator.py
[2023-12-23T18:13:18.617+0000] {processor.py:756} INFO - Processing file /home/airflow/.local/lib/python3.7/site-packages/airflow/example_dags/example_task_group_decorator.py for tasks to queue
[2023-12-23T18:13:18.618+0000] {logging_mixin.py:120} INFO - [2023-12-23T18:13:18.617+0000] {dagbag.py:537} INFO - Filling up the DagBag from /home/airflow/.local/lib/python3.7/site-packages/airflow/example_dags/example_task_group_decorator.py
[2023-12-23T18:13:18.651+0000] {processor.py:766} INFO - DAG(s) dict_keys(['example_task_group_decorator']) retrieved from /home/airflow/.local/lib/python3.7/site-packages/airflow/example_dags/example_task_group_decorator.py
[2023-12-23T18:13:18.690+0000] {logging_mixin.py:120} INFO - [2023-12-23T18:13:18.690+0000] {dag.py:2585} INFO - Sync 1 DAGs
[2023-12-23T18:13:18.717+0000] {logging_mixin.py:120} INFO - [2023-12-23T18:13:18.716+0000] {dag.py:3340} INFO - Setting next_dagrun for example_task_group_decorator to 2023-12-22T18:13:18.716649+00:00, run_after=2023-12-23T18:13:18.716649+00:00
[2023-12-23T18:13:18.740+0000] {processor.py:176} INFO - Processing /home/airflow/.local/lib/python3.7/site-packages/airflow/example_dags/example_task_group_decorator.py took 0.126 seconds
[2023-12-23T18:13:49.380+0000] {processor.py:154} INFO - Started process (PID=182) to work on /home/airflow/.local/lib/python3.7/site-packages/airflow/example_dags/example_task_group_decorator.py
[2023-12-23T18:13:49.380+0000] {processor.py:756} INFO - Processing file /home/airflow/.local/lib/python3.7/site-packages/airflow/example_dags/example_task_group_decorator.py for tasks to queue
[2023-12-23T18:13:49.381+0000] {logging_mixin.py:120} INFO - [2023-12-23T18:13:49.381+0000] {dagbag.py:537} INFO - Filling up the DagBag from /home/airflow/.local/lib/python3.7/site-packages/airflow/example_dags/example_task_group_decorator.py
[2023-12-23T18:13:49.420+0000] {processor.py:766} INFO - DAG(s) dict_keys(['example_task_group_decorator']) retrieved from /home/airflow/.local/lib/python3.7/site-packages/airflow/example_dags/example_task_group_decorator.py
[2023-12-23T18:13:49.477+0000] {logging_mixin.py:120} INFO - [2023-12-23T18:13:49.477+0000] {dag.py:2585} INFO - Sync 1 DAGs
[2023-12-23T18:13:49.511+0000] {logging_mixin.py:120} INFO - [2023-12-23T18:13:49.511+0000] {dag.py:3340} INFO - Setting next_dagrun for example_task_group_decorator to 2023-12-22T18:13:49.510735+00:00, run_after=2023-12-23T18:13:49.510735+00:00
[2023-12-23T18:13:49.542+0000] {processor.py:176} INFO - Processing /home/airflow/.local/lib/python3.7/site-packages/airflow/example_dags/example_task_group_decorator.py took 0.164 seconds
[2023-12-23T18:14:20.415+0000] {processor.py:154} INFO - Started process (PID=245) to work on /home/airflow/.local/lib/python3.7/site-packages/airflow/example_dags/example_task_group_decorator.py
[2023-12-23T18:14:20.416+0000] {processor.py:756} INFO - Processing file /home/airflow/.local/lib/python3.7/site-packages/airflow/example_dags/example_task_group_decorator.py for tasks to queue
[2023-12-23T18:14:20.416+0000] {logging_mixin.py:120} INFO - [2023-12-23T18:14:20.416+0000] {dagbag.py:537} INFO - Filling up the DagBag from /home/airflow/.local/lib/python3.7/site-packages/airflow/example_dags/example_task_group_decorator.py
[2023-12-23T18:14:20.443+0000] {processor.py:766} INFO - DAG(s) dict_keys(['example_task_group_decorator']) retrieved from /home/airflow/.local/lib/python3.7/site-packages/airflow/example_dags/example_task_group_decorator.py
[2023-12-23T18:14:20.481+0000] {logging_mixin.py:120} INFO - [2023-12-23T18:14:20.481+0000] {dag.py:2585} INFO - Sync 1 DAGs
[2023-12-23T18:14:20.505+0000] {logging_mixin.py:120} INFO - [2023-12-23T18:14:20.505+0000] {dag.py:3340} INFO - Setting next_dagrun for example_task_group_decorator to 2023-12-22T18:14:20.505260+00:00, run_after=2023-12-23T18:14:20.505260+00:00
[2023-12-23T18:14:20.527+0000] {processor.py:176} INFO - Processing /home/airflow/.local/lib/python3.7/site-packages/airflow/example_dags/example_task_group_decorator.py took 0.114 seconds
[2023-12-23T18:14:51.308+0000] {processor.py:154} INFO - Started process (PID=309) to work on /home/airflow/.local/lib/python3.7/site-packages/airflow/example_dags/example_task_group_decorator.py
[2023-12-23T18:14:51.309+0000] {processor.py:756} INFO - Processing file /home/airflow/.local/lib/python3.7/site-packages/airflow/example_dags/example_task_group_decorator.py for tasks to queue
[2023-12-23T18:14:51.309+0000] {logging_mixin.py:120} INFO - [2023-12-23T18:14:51.309+0000] {dagbag.py:537} INFO - Filling up the DagBag from /home/airflow/.local/lib/python3.7/site-packages/airflow/example_dags/example_task_group_decorator.py
[2023-12-23T18:14:51.336+0000] {processor.py:766} INFO - DAG(s) dict_keys(['example_task_group_decorator']) retrieved from /home/airflow/.local/lib/python3.7/site-packages/airflow/example_dags/example_task_group_decorator.py
[2023-12-23T18:14:51.383+0000] {logging_mixin.py:120} INFO - [2023-12-23T18:14:51.383+0000] {dag.py:2585} INFO - Sync 1 DAGs
[2023-12-23T18:14:51.414+0000] {logging_mixin.py:120} INFO - [2023-12-23T18:14:51.413+0000] {dag.py:3340} INFO - Setting next_dagrun for example_task_group_decorator to 2023-12-22T18:14:51.413552+00:00, run_after=2023-12-23T18:14:51.413552+00:00
[2023-12-23T18:14:51.441+0000] {processor.py:176} INFO - Processing /home/airflow/.local/lib/python3.7/site-packages/airflow/example_dags/example_task_group_decorator.py took 0.135 seconds
[2023-12-23T18:15:21.648+0000] {processor.py:154} INFO - Started process (PID=372) to work on /home/airflow/.local/lib/python3.7/site-packages/airflow/example_dags/example_task_group_decorator.py
[2023-12-23T18:15:21.649+0000] {processor.py:756} INFO - Processing file /home/airflow/.local/lib/python3.7/site-packages/airflow/example_dags/example_task_group_decorator.py for tasks to queue
[2023-12-23T18:15:21.652+0000] {logging_mixin.py:120} INFO - [2023-12-23T18:15:21.651+0000] {dagbag.py:537} INFO - Filling up the DagBag from /home/airflow/.local/lib/python3.7/site-packages/airflow/example_dags/example_task_group_decorator.py
[2023-12-23T18:15:21.684+0000] {processor.py:766} INFO - DAG(s) dict_keys(['example_task_group_decorator']) retrieved from /home/airflow/.local/lib/python3.7/site-packages/airflow/example_dags/example_task_group_decorator.py
[2023-12-23T18:15:21.733+0000] {logging_mixin.py:120} INFO - [2023-12-23T18:15:21.733+0000] {dag.py:2585} INFO - Sync 1 DAGs
[2023-12-23T18:15:21.758+0000] {logging_mixin.py:120} INFO - [2023-12-23T18:15:21.758+0000] {dag.py:3340} INFO - Setting next_dagrun for example_task_group_decorator to 2023-12-22T18:15:21.758367+00:00, run_after=2023-12-23T18:15:21.758367+00:00
[2023-12-23T18:15:21.785+0000] {processor.py:176} INFO - Processing /home/airflow/.local/lib/python3.7/site-packages/airflow/example_dags/example_task_group_decorator.py took 0.140 seconds
[2023-12-23T18:15:52.538+0000] {processor.py:154} INFO - Started process (PID=427) to work on /home/airflow/.local/lib/python3.7/site-packages/airflow/example_dags/example_task_group_decorator.py
[2023-12-23T18:15:52.539+0000] {processor.py:756} INFO - Processing file /home/airflow/.local/lib/python3.7/site-packages/airflow/example_dags/example_task_group_decorator.py for tasks to queue
[2023-12-23T18:15:52.539+0000] {logging_mixin.py:120} INFO - [2023-12-23T18:15:52.539+0000] {dagbag.py:537} INFO - Filling up the DagBag from /home/airflow/.local/lib/python3.7/site-packages/airflow/example_dags/example_task_group_decorator.py
[2023-12-23T18:15:52.564+0000] {processor.py:766} INFO - DAG(s) dict_keys(['example_task_group_decorator']) retrieved from /home/airflow/.local/lib/python3.7/site-packages/airflow/example_dags/example_task_group_decorator.py
[2023-12-23T18:15:52.602+0000] {logging_mixin.py:120} INFO - [2023-12-23T18:15:52.602+0000] {dag.py:2585} INFO - Sync 1 DAGs
[2023-12-23T18:15:52.623+0000] {logging_mixin.py:120} INFO - [2023-12-23T18:15:52.623+0000] {dag.py:3340} INFO - Setting next_dagrun for example_task_group_decorator to 2023-12-22T18:15:52.623300+00:00, run_after=2023-12-23T18:15:52.623300+00:00
[2023-12-23T18:15:52.645+0000] {processor.py:176} INFO - Processing /home/airflow/.local/lib/python3.7/site-packages/airflow/example_dags/example_task_group_decorator.py took 0.110 seconds
[2023-12-23T18:16:23.407+0000] {processor.py:154} INFO - Started process (PID=490) to work on /home/airflow/.local/lib/python3.7/site-packages/airflow/example_dags/example_task_group_decorator.py
[2023-12-23T18:16:23.408+0000] {processor.py:756} INFO - Processing file /home/airflow/.local/lib/python3.7/site-packages/airflow/example_dags/example_task_group_decorator.py for tasks to queue
[2023-12-23T18:16:23.408+0000] {logging_mixin.py:120} INFO - [2023-12-23T18:16:23.408+0000] {dagbag.py:537} INFO - Filling up the DagBag from /home/airflow/.local/lib/python3.7/site-packages/airflow/example_dags/example_task_group_decorator.py
[2023-12-23T18:16:23.435+0000] {processor.py:766} INFO - DAG(s) dict_keys(['example_task_group_decorator']) retrieved from /home/airflow/.local/lib/python3.7/site-packages/airflow/example_dags/example_task_group_decorator.py
[2023-12-23T18:16:23.476+0000] {logging_mixin.py:120} INFO - [2023-12-23T18:16:23.476+0000] {dag.py:2585} INFO - Sync 1 DAGs
[2023-12-23T18:16:23.501+0000] {logging_mixin.py:120} INFO - [2023-12-23T18:16:23.501+0000] {dag.py:3340} INFO - Setting next_dagrun for example_task_group_decorator to 2023-12-22T18:16:23.501348+00:00, run_after=2023-12-23T18:16:23.501348+00:00
[2023-12-23T18:16:23.522+0000] {processor.py:176} INFO - Processing /home/airflow/.local/lib/python3.7/site-packages/airflow/example_dags/example_task_group_decorator.py took 0.118 seconds
[2023-12-23T18:16:54.114+0000] {processor.py:154} INFO - Started process (PID=554) to work on /home/airflow/.local/lib/python3.7/site-packages/airflow/example_dags/example_task_group_decorator.py
[2023-12-23T18:16:54.114+0000] {processor.py:756} INFO - Processing file /home/airflow/.local/lib/python3.7/site-packages/airflow/example_dags/example_task_group_decorator.py for tasks to queue
[2023-12-23T18:16:54.115+0000] {logging_mixin.py:120} INFO - [2023-12-23T18:16:54.115+0000] {dagbag.py:537} INFO - Filling up the DagBag from /home/airflow/.local/lib/python3.7/site-packages/airflow/example_dags/example_task_group_decorator.py
[2023-12-23T18:16:54.149+0000] {processor.py:766} INFO - DAG(s) dict_keys(['example_task_group_decorator']) retrieved from /home/airflow/.local/lib/python3.7/site-packages/airflow/example_dags/example_task_group_decorator.py
[2023-12-23T18:16:54.189+0000] {logging_mixin.py:120} INFO - [2023-12-23T18:16:54.189+0000] {dag.py:2585} INFO - Sync 1 DAGs
[2023-12-23T18:16:54.210+0000] {logging_mixin.py:120} INFO - [2023-12-23T18:16:54.210+0000] {dag.py:3340} INFO - Setting next_dagrun for example_task_group_decorator to 2023-12-22T18:16:54.209840+00:00, run_after=2023-12-23T18:16:54.209840+00:00
[2023-12-23T18:16:54.231+0000] {processor.py:176} INFO - Processing /home/airflow/.local/lib/python3.7/site-packages/airflow/example_dags/example_task_group_decorator.py took 0.120 seconds
[2023-12-23T18:17:25.143+0000] {processor.py:154} INFO - Started process (PID=618) to work on /home/airflow/.local/lib/python3.7/site-packages/airflow/example_dags/example_task_group_decorator.py
[2023-12-23T18:17:25.143+0000] {processor.py:756} INFO - Processing file /home/airflow/.local/lib/python3.7/site-packages/airflow/example_dags/example_task_group_decorator.py for tasks to queue
[2023-12-23T18:17:25.144+0000] {logging_mixin.py:120} INFO - [2023-12-23T18:17:25.144+0000] {dagbag.py:537} INFO - Filling up the DagBag from /home/airflow/.local/lib/python3.7/site-packages/airflow/example_dags/example_task_group_decorator.py
[2023-12-23T18:17:25.174+0000] {processor.py:766} INFO - DAG(s) dict_keys(['example_task_group_decorator']) retrieved from /home/airflow/.local/lib/python3.7/site-packages/airflow/example_dags/example_task_group_decorator.py
[2023-12-23T18:17:25.219+0000] {logging_mixin.py:120} INFO - [2023-12-23T18:17:25.218+0000] {dag.py:2585} INFO - Sync 1 DAGs
[2023-12-23T18:17:25.243+0000] {logging_mixin.py:120} INFO - [2023-12-23T18:17:25.243+0000] {dag.py:3340} INFO - Setting next_dagrun for example_task_group_decorator to 2023-12-22T18:17:25.243442+00:00, run_after=2023-12-23T18:17:25.243442+00:00
[2023-12-23T18:17:25.270+0000] {processor.py:176} INFO - Processing /home/airflow/.local/lib/python3.7/site-packages/airflow/example_dags/example_task_group_decorator.py took 0.129 seconds
[2023-12-23T18:17:55.803+0000] {processor.py:154} INFO - Started process (PID=673) to work on /home/airflow/.local/lib/python3.7/site-packages/airflow/example_dags/example_task_group_decorator.py
[2023-12-23T18:17:55.804+0000] {processor.py:756} INFO - Processing file /home/airflow/.local/lib/python3.7/site-packages/airflow/example_dags/example_task_group_decorator.py for tasks to queue
[2023-12-23T18:17:55.804+0000] {logging_mixin.py:120} INFO - [2023-12-23T18:17:55.804+0000] {dagbag.py:537} INFO - Filling up the DagBag from /home/airflow/.local/lib/python3.7/site-packages/airflow/example_dags/example_task_group_decorator.py
[2023-12-23T18:17:55.830+0000] {processor.py:766} INFO - DAG(s) dict_keys(['example_task_group_decorator']) retrieved from /home/airflow/.local/lib/python3.7/site-packages/airflow/example_dags/example_task_group_decorator.py
[2023-12-23T18:17:55.869+0000] {logging_mixin.py:120} INFO - [2023-12-23T18:17:55.869+0000] {dag.py:2585} INFO - Sync 1 DAGs
[2023-12-23T18:17:55.892+0000] {logging_mixin.py:120} INFO - [2023-12-23T18:17:55.892+0000] {dag.py:3340} INFO - Setting next_dagrun for example_task_group_decorator to 2023-12-22T18:17:55.892268+00:00, run_after=2023-12-23T18:17:55.892268+00:00
[2023-12-23T18:17:55.916+0000] {processor.py:176} INFO - Processing /home/airflow/.local/lib/python3.7/site-packages/airflow/example_dags/example_task_group_decorator.py took 0.115 seconds
[2023-12-23T18:18:26.612+0000] {processor.py:154} INFO - Started process (PID=737) to work on /home/airflow/.local/lib/python3.7/site-packages/airflow/example_dags/example_task_group_decorator.py
[2023-12-23T18:18:26.612+0000] {processor.py:756} INFO - Processing file /home/airflow/.local/lib/python3.7/site-packages/airflow/example_dags/example_task_group_decorator.py for tasks to queue
[2023-12-23T18:18:26.613+0000] {logging_mixin.py:120} INFO - [2023-12-23T18:18:26.613+0000] {dagbag.py:537} INFO - Filling up the DagBag from /home/airflow/.local/lib/python3.7/site-packages/airflow/example_dags/example_task_group_decorator.py
[2023-12-23T18:18:26.638+0000] {processor.py:766} INFO - DAG(s) dict_keys(['example_task_group_decorator']) retrieved from /home/airflow/.local/lib/python3.7/site-packages/airflow/example_dags/example_task_group_decorator.py
[2023-12-23T18:18:26.684+0000] {logging_mixin.py:120} INFO - [2023-12-23T18:18:26.684+0000] {dag.py:2585} INFO - Sync 1 DAGs
[2023-12-23T18:18:26.713+0000] {logging_mixin.py:120} INFO - [2023-12-23T18:18:26.713+0000] {dag.py:3340} INFO - Setting next_dagrun for example_task_group_decorator to 2023-12-22T18:18:26.712934+00:00, run_after=2023-12-23T18:18:26.712934+00:00
[2023-12-23T18:18:26.739+0000] {processor.py:176} INFO - Processing /home/airflow/.local/lib/python3.7/site-packages/airflow/example_dags/example_task_group_decorator.py took 0.129 seconds
[2023-12-23T18:18:57.341+0000] {processor.py:154} INFO - Started process (PID=801) to work on /home/airflow/.local/lib/python3.7/site-packages/airflow/example_dags/example_task_group_decorator.py
[2023-12-23T18:18:57.341+0000] {processor.py:756} INFO - Processing file /home/airflow/.local/lib/python3.7/site-packages/airflow/example_dags/example_task_group_decorator.py for tasks to queue
[2023-12-23T18:18:57.342+0000] {logging_mixin.py:120} INFO - [2023-12-23T18:18:57.342+0000] {dagbag.py:537} INFO - Filling up the DagBag from /home/airflow/.local/lib/python3.7/site-packages/airflow/example_dags/example_task_group_decorator.py
[2023-12-23T18:18:57.375+0000] {processor.py:766} INFO - DAG(s) dict_keys(['example_task_group_decorator']) retrieved from /home/airflow/.local/lib/python3.7/site-packages/airflow/example_dags/example_task_group_decorator.py
[2023-12-23T18:18:57.419+0000] {logging_mixin.py:120} INFO - [2023-12-23T18:18:57.418+0000] {dag.py:2585} INFO - Sync 1 DAGs
[2023-12-23T18:18:57.444+0000] {logging_mixin.py:120} INFO - [2023-12-23T18:18:57.444+0000] {dag.py:3340} INFO - Setting next_dagrun for example_task_group_decorator to 2023-12-22T18:18:57.444018+00:00, run_after=2023-12-23T18:18:57.444018+00:00
[2023-12-23T18:18:57.466+0000] {processor.py:176} INFO - Processing /home/airflow/.local/lib/python3.7/site-packages/airflow/example_dags/example_task_group_decorator.py took 0.129 seconds
[2023-12-23T18:19:28.329+0000] {processor.py:154} INFO - Started process (PID=865) to work on /home/airflow/.local/lib/python3.7/site-packages/airflow/example_dags/example_task_group_decorator.py
[2023-12-23T18:19:28.330+0000] {processor.py:756} INFO - Processing file /home/airflow/.local/lib/python3.7/site-packages/airflow/example_dags/example_task_group_decorator.py for tasks to queue
[2023-12-23T18:19:28.330+0000] {logging_mixin.py:120} INFO - [2023-12-23T18:19:28.330+0000] {dagbag.py:537} INFO - Filling up the DagBag from /home/airflow/.local/lib/python3.7/site-packages/airflow/example_dags/example_task_group_decorator.py
[2023-12-23T18:19:28.356+0000] {processor.py:766} INFO - DAG(s) dict_keys(['example_task_group_decorator']) retrieved from /home/airflow/.local/lib/python3.7/site-packages/airflow/example_dags/example_task_group_decorator.py
[2023-12-23T18:19:28.393+0000] {logging_mixin.py:120} INFO - [2023-12-23T18:19:28.393+0000] {dag.py:2585} INFO - Sync 1 DAGs
[2023-12-23T18:19:28.418+0000] {logging_mixin.py:120} INFO - [2023-12-23T18:19:28.418+0000] {dag.py:3340} INFO - Setting next_dagrun for example_task_group_decorator to 2023-12-22T18:19:28.418330+00:00, run_after=2023-12-23T18:19:28.418330+00:00
[2023-12-23T18:19:28.440+0000] {processor.py:176} INFO - Processing /home/airflow/.local/lib/python3.7/site-packages/airflow/example_dags/example_task_group_decorator.py took 0.114 seconds
[2023-12-23T18:19:58.999+0000] {processor.py:154} INFO - Started process (PID=920) to work on /home/airflow/.local/lib/python3.7/site-packages/airflow/example_dags/example_task_group_decorator.py
[2023-12-23T18:19:59.000+0000] {processor.py:756} INFO - Processing file /home/airflow/.local/lib/python3.7/site-packages/airflow/example_dags/example_task_group_decorator.py for tasks to queue
[2023-12-23T18:19:59.001+0000] {logging_mixin.py:120} INFO - [2023-12-23T18:19:59.001+0000] {dagbag.py:537} INFO - Filling up the DagBag from /home/airflow/.local/lib/python3.7/site-packages/airflow/example_dags/example_task_group_decorator.py
[2023-12-23T18:19:59.025+0000] {processor.py:766} INFO - DAG(s) dict_keys(['example_task_group_decorator']) retrieved from /home/airflow/.local/lib/python3.7/site-packages/airflow/example_dags/example_task_group_decorator.py
[2023-12-23T18:19:59.063+0000] {logging_mixin.py:120} INFO - [2023-12-23T18:19:59.063+0000] {dag.py:2585} INFO - Sync 1 DAGs
[2023-12-23T18:19:59.086+0000] {logging_mixin.py:120} INFO - [2023-12-23T18:19:59.086+0000] {dag.py:3340} INFO - Setting next_dagrun for example_task_group_decorator to 2023-12-22T18:19:59.086150+00:00, run_after=2023-12-23T18:19:59.086150+00:00
[2023-12-23T18:19:59.112+0000] {processor.py:176} INFO - Processing /home/airflow/.local/lib/python3.7/site-packages/airflow/example_dags/example_task_group_decorator.py took 0.115 seconds
[2023-12-23T18:21:05.198+0000] {processor.py:154} INFO - Started process (PID=65) to work on /home/airflow/.local/lib/python3.7/site-packages/airflow/example_dags/example_task_group_decorator.py
[2023-12-23T18:21:05.199+0000] {processor.py:756} INFO - Processing file /home/airflow/.local/lib/python3.7/site-packages/airflow/example_dags/example_task_group_decorator.py for tasks to queue
[2023-12-23T18:21:05.200+0000] {logging_mixin.py:120} INFO - [2023-12-23T18:21:05.200+0000] {dagbag.py:537} INFO - Filling up the DagBag from /home/airflow/.local/lib/python3.7/site-packages/airflow/example_dags/example_task_group_decorator.py
[2023-12-23T18:21:05.245+0000] {processor.py:766} INFO - DAG(s) dict_keys(['example_task_group_decorator']) retrieved from /home/airflow/.local/lib/python3.7/site-packages/airflow/example_dags/example_task_group_decorator.py
[2023-12-23T18:21:05.288+0000] {logging_mixin.py:120} INFO - [2023-12-23T18:21:05.288+0000] {dag.py:2585} INFO - Sync 1 DAGs
[2023-12-23T18:21:05.324+0000] {logging_mixin.py:120} INFO - [2023-12-23T18:21:05.323+0000] {dag.py:3340} INFO - Setting next_dagrun for example_task_group_decorator to 2023-12-22T18:21:05.323726+00:00, run_after=2023-12-23T18:21:05.323726+00:00
[2023-12-23T18:21:05.352+0000] {processor.py:176} INFO - Processing /home/airflow/.local/lib/python3.7/site-packages/airflow/example_dags/example_task_group_decorator.py took 0.158 seconds
[2023-12-23T18:21:35.848+0000] {processor.py:154} INFO - Started process (PID=128) to work on /home/airflow/.local/lib/python3.7/site-packages/airflow/example_dags/example_task_group_decorator.py
[2023-12-23T18:21:35.849+0000] {processor.py:756} INFO - Processing file /home/airflow/.local/lib/python3.7/site-packages/airflow/example_dags/example_task_group_decorator.py for tasks to queue
[2023-12-23T18:21:35.850+0000] {logging_mixin.py:120} INFO - [2023-12-23T18:21:35.849+0000] {dagbag.py:537} INFO - Filling up the DagBag from /home/airflow/.local/lib/python3.7/site-packages/airflow/example_dags/example_task_group_decorator.py
[2023-12-23T18:21:35.881+0000] {processor.py:766} INFO - DAG(s) dict_keys(['example_task_group_decorator']) retrieved from /home/airflow/.local/lib/python3.7/site-packages/airflow/example_dags/example_task_group_decorator.py
[2023-12-23T18:21:35.927+0000] {logging_mixin.py:120} INFO - [2023-12-23T18:21:35.927+0000] {dag.py:2585} INFO - Sync 1 DAGs
[2023-12-23T18:21:35.960+0000] {logging_mixin.py:120} INFO - [2023-12-23T18:21:35.960+0000] {dag.py:3340} INFO - Setting next_dagrun for example_task_group_decorator to 2023-12-22T18:21:35.959968+00:00, run_after=2023-12-23T18:21:35.959968+00:00
[2023-12-23T18:21:35.986+0000] {processor.py:176} INFO - Processing /home/airflow/.local/lib/python3.7/site-packages/airflow/example_dags/example_task_group_decorator.py took 0.141 seconds
[2023-12-23T18:22:06.293+0000] {processor.py:154} INFO - Started process (PID=185) to work on /home/airflow/.local/lib/python3.7/site-packages/airflow/example_dags/example_task_group_decorator.py
[2023-12-23T18:22:06.294+0000] {processor.py:756} INFO - Processing file /home/airflow/.local/lib/python3.7/site-packages/airflow/example_dags/example_task_group_decorator.py for tasks to queue
[2023-12-23T18:22:06.295+0000] {logging_mixin.py:120} INFO - [2023-12-23T18:22:06.295+0000] {dagbag.py:537} INFO - Filling up the DagBag from /home/airflow/.local/lib/python3.7/site-packages/airflow/example_dags/example_task_group_decorator.py
[2023-12-23T18:22:06.319+0000] {processor.py:766} INFO - DAG(s) dict_keys(['example_task_group_decorator']) retrieved from /home/airflow/.local/lib/python3.7/site-packages/airflow/example_dags/example_task_group_decorator.py
[2023-12-23T18:22:06.355+0000] {logging_mixin.py:120} INFO - [2023-12-23T18:22:06.355+0000] {dag.py:2585} INFO - Sync 1 DAGs
[2023-12-23T18:22:06.375+0000] {logging_mixin.py:120} INFO - [2023-12-23T18:22:06.375+0000] {dag.py:3340} INFO - Setting next_dagrun for example_task_group_decorator to 2023-12-22T18:22:06.375332+00:00, run_after=2023-12-23T18:22:06.375332+00:00
[2023-12-23T18:22:06.395+0000] {processor.py:176} INFO - Processing /home/airflow/.local/lib/python3.7/site-packages/airflow/example_dags/example_task_group_decorator.py took 0.104 seconds
[2023-12-23T18:22:36.649+0000] {processor.py:154} INFO - Started process (PID=248) to work on /home/airflow/.local/lib/python3.7/site-packages/airflow/example_dags/example_task_group_decorator.py
[2023-12-23T18:22:36.650+0000] {processor.py:756} INFO - Processing file /home/airflow/.local/lib/python3.7/site-packages/airflow/example_dags/example_task_group_decorator.py for tasks to queue
[2023-12-23T18:22:36.651+0000] {logging_mixin.py:120} INFO - [2023-12-23T18:22:36.651+0000] {dagbag.py:537} INFO - Filling up the DagBag from /home/airflow/.local/lib/python3.7/site-packages/airflow/example_dags/example_task_group_decorator.py
[2023-12-23T18:22:36.674+0000] {processor.py:766} INFO - DAG(s) dict_keys(['example_task_group_decorator']) retrieved from /home/airflow/.local/lib/python3.7/site-packages/airflow/example_dags/example_task_group_decorator.py
[2023-12-23T18:22:36.711+0000] {logging_mixin.py:120} INFO - [2023-12-23T18:22:36.711+0000] {dag.py:2585} INFO - Sync 1 DAGs
[2023-12-23T18:22:36.733+0000] {logging_mixin.py:120} INFO - [2023-12-23T18:22:36.733+0000] {dag.py:3340} INFO - Setting next_dagrun for example_task_group_decorator to 2023-12-22T18:22:36.733072+00:00, run_after=2023-12-23T18:22:36.733072+00:00
[2023-12-23T18:22:36.767+0000] {processor.py:176} INFO - Processing /home/airflow/.local/lib/python3.7/site-packages/airflow/example_dags/example_task_group_decorator.py took 0.120 seconds
[2023-12-23T18:23:06.934+0000] {processor.py:154} INFO - Started process (PID=312) to work on /home/airflow/.local/lib/python3.7/site-packages/airflow/example_dags/example_task_group_decorator.py
[2023-12-23T18:23:06.935+0000] {processor.py:756} INFO - Processing file /home/airflow/.local/lib/python3.7/site-packages/airflow/example_dags/example_task_group_decorator.py for tasks to queue
[2023-12-23T18:23:06.936+0000] {logging_mixin.py:120} INFO - [2023-12-23T18:23:06.936+0000] {dagbag.py:537} INFO - Filling up the DagBag from /home/airflow/.local/lib/python3.7/site-packages/airflow/example_dags/example_task_group_decorator.py
[2023-12-23T18:23:06.970+0000] {processor.py:766} INFO - DAG(s) dict_keys(['example_task_group_decorator']) retrieved from /home/airflow/.local/lib/python3.7/site-packages/airflow/example_dags/example_task_group_decorator.py
[2023-12-23T18:23:07.005+0000] {logging_mixin.py:120} INFO - [2023-12-23T18:23:07.005+0000] {dag.py:2585} INFO - Sync 1 DAGs
[2023-12-23T18:23:07.026+0000] {logging_mixin.py:120} INFO - [2023-12-23T18:23:07.026+0000] {dag.py:3340} INFO - Setting next_dagrun for example_task_group_decorator to 2023-12-22T18:23:07.026076+00:00, run_after=2023-12-23T18:23:07.026076+00:00
[2023-12-23T18:23:07.048+0000] {processor.py:176} INFO - Processing /home/airflow/.local/lib/python3.7/site-packages/airflow/example_dags/example_task_group_decorator.py took 0.116 seconds
[2023-12-23T18:23:37.801+0000] {processor.py:154} INFO - Started process (PID=367) to work on /home/airflow/.local/lib/python3.7/site-packages/airflow/example_dags/example_task_group_decorator.py
[2023-12-23T18:23:37.802+0000] {processor.py:756} INFO - Processing file /home/airflow/.local/lib/python3.7/site-packages/airflow/example_dags/example_task_group_decorator.py for tasks to queue
[2023-12-23T18:23:37.803+0000] {logging_mixin.py:120} INFO - [2023-12-23T18:23:37.803+0000] {dagbag.py:537} INFO - Filling up the DagBag from /home/airflow/.local/lib/python3.7/site-packages/airflow/example_dags/example_task_group_decorator.py
[2023-12-23T18:23:37.840+0000] {processor.py:766} INFO - DAG(s) dict_keys(['example_task_group_decorator']) retrieved from /home/airflow/.local/lib/python3.7/site-packages/airflow/example_dags/example_task_group_decorator.py
[2023-12-23T18:23:37.886+0000] {logging_mixin.py:120} INFO - [2023-12-23T18:23:37.885+0000] {dag.py:2585} INFO - Sync 1 DAGs
[2023-12-23T18:23:37.906+0000] {logging_mixin.py:120} INFO - [2023-12-23T18:23:37.906+0000] {dag.py:3340} INFO - Setting next_dagrun for example_task_group_decorator to 2023-12-22T18:23:37.906435+00:00, run_after=2023-12-23T18:23:37.906435+00:00
[2023-12-23T18:23:37.927+0000] {processor.py:176} INFO - Processing /home/airflow/.local/lib/python3.7/site-packages/airflow/example_dags/example_task_group_decorator.py took 0.131 seconds
[2023-12-23T18:24:39.395+0000] {processor.py:154} INFO - Started process (PID=65) to work on /home/airflow/.local/lib/python3.7/site-packages/airflow/example_dags/example_task_group_decorator.py
[2023-12-23T18:24:39.400+0000] {processor.py:756} INFO - Processing file /home/airflow/.local/lib/python3.7/site-packages/airflow/example_dags/example_task_group_decorator.py for tasks to queue
[2023-12-23T18:24:39.401+0000] {logging_mixin.py:120} INFO - [2023-12-23T18:24:39.401+0000] {dagbag.py:537} INFO - Filling up the DagBag from /home/airflow/.local/lib/python3.7/site-packages/airflow/example_dags/example_task_group_decorator.py
[2023-12-23T18:24:39.441+0000] {processor.py:766} INFO - DAG(s) dict_keys(['example_task_group_decorator']) retrieved from /home/airflow/.local/lib/python3.7/site-packages/airflow/example_dags/example_task_group_decorator.py
[2023-12-23T18:24:39.493+0000] {logging_mixin.py:120} INFO - [2023-12-23T18:24:39.493+0000] {dag.py:2585} INFO - Sync 1 DAGs
[2023-12-23T18:24:39.525+0000] {logging_mixin.py:120} INFO - [2023-12-23T18:24:39.524+0000] {dag.py:3340} INFO - Setting next_dagrun for example_task_group_decorator to 2023-12-22T18:24:39.524596+00:00, run_after=2023-12-23T18:24:39.524596+00:00
[2023-12-23T18:24:39.582+0000] {processor.py:176} INFO - Processing /home/airflow/.local/lib/python3.7/site-packages/airflow/example_dags/example_task_group_decorator.py took 0.191 seconds
[2023-12-23T18:25:09.985+0000] {processor.py:154} INFO - Started process (PID=127) to work on /home/airflow/.local/lib/python3.7/site-packages/airflow/example_dags/example_task_group_decorator.py
[2023-12-23T18:25:09.989+0000] {processor.py:756} INFO - Processing file /home/airflow/.local/lib/python3.7/site-packages/airflow/example_dags/example_task_group_decorator.py for tasks to queue
[2023-12-23T18:25:09.990+0000] {logging_mixin.py:120} INFO - [2023-12-23T18:25:09.989+0000] {dagbag.py:537} INFO - Filling up the DagBag from /home/airflow/.local/lib/python3.7/site-packages/airflow/example_dags/example_task_group_decorator.py
[2023-12-23T18:25:10.031+0000] {processor.py:766} INFO - DAG(s) dict_keys(['example_task_group_decorator']) retrieved from /home/airflow/.local/lib/python3.7/site-packages/airflow/example_dags/example_task_group_decorator.py
[2023-12-23T18:25:10.110+0000] {logging_mixin.py:120} INFO - [2023-12-23T18:25:10.110+0000] {dag.py:2585} INFO - Sync 1 DAGs
[2023-12-23T18:25:10.163+0000] {logging_mixin.py:120} INFO - [2023-12-23T18:25:10.162+0000] {dag.py:3340} INFO - Setting next_dagrun for example_task_group_decorator to 2023-12-22T18:25:10.162519+00:00, run_after=2023-12-23T18:25:10.162519+00:00
[2023-12-23T18:25:10.203+0000] {processor.py:176} INFO - Processing /home/airflow/.local/lib/python3.7/site-packages/airflow/example_dags/example_task_group_decorator.py took 0.222 seconds
[2023-12-23T18:25:40.754+0000] {processor.py:154} INFO - Started process (PID=183) to work on /home/airflow/.local/lib/python3.7/site-packages/airflow/example_dags/example_task_group_decorator.py
[2023-12-23T18:25:40.755+0000] {processor.py:756} INFO - Processing file /home/airflow/.local/lib/python3.7/site-packages/airflow/example_dags/example_task_group_decorator.py for tasks to queue
[2023-12-23T18:25:40.756+0000] {logging_mixin.py:120} INFO - [2023-12-23T18:25:40.756+0000] {dagbag.py:537} INFO - Filling up the DagBag from /home/airflow/.local/lib/python3.7/site-packages/airflow/example_dags/example_task_group_decorator.py
[2023-12-23T18:25:40.789+0000] {processor.py:766} INFO - DAG(s) dict_keys(['example_task_group_decorator']) retrieved from /home/airflow/.local/lib/python3.7/site-packages/airflow/example_dags/example_task_group_decorator.py
[2023-12-23T18:25:40.840+0000] {logging_mixin.py:120} INFO - [2023-12-23T18:25:40.840+0000] {dag.py:2585} INFO - Sync 1 DAGs
[2023-12-23T18:25:40.868+0000] {logging_mixin.py:120} INFO - [2023-12-23T18:25:40.868+0000] {dag.py:3340} INFO - Setting next_dagrun for example_task_group_decorator to 2023-12-22T18:25:40.867922+00:00, run_after=2023-12-23T18:25:40.867922+00:00
[2023-12-23T18:25:40.891+0000] {processor.py:176} INFO - Processing /home/airflow/.local/lib/python3.7/site-packages/airflow/example_dags/example_task_group_decorator.py took 0.140 seconds
[2023-12-23T18:26:10.999+0000] {processor.py:154} INFO - Started process (PID=246) to work on /home/airflow/.local/lib/python3.7/site-packages/airflow/example_dags/example_task_group_decorator.py
[2023-12-23T18:26:11.000+0000] {processor.py:756} INFO - Processing file /home/airflow/.local/lib/python3.7/site-packages/airflow/example_dags/example_task_group_decorator.py for tasks to queue
[2023-12-23T18:26:11.000+0000] {logging_mixin.py:120} INFO - [2023-12-23T18:26:11.000+0000] {dagbag.py:537} INFO - Filling up the DagBag from /home/airflow/.local/lib/python3.7/site-packages/airflow/example_dags/example_task_group_decorator.py
[2023-12-23T18:26:11.023+0000] {processor.py:766} INFO - DAG(s) dict_keys(['example_task_group_decorator']) retrieved from /home/airflow/.local/lib/python3.7/site-packages/airflow/example_dags/example_task_group_decorator.py
[2023-12-23T18:26:11.067+0000] {logging_mixin.py:120} INFO - [2023-12-23T18:26:11.066+0000] {dag.py:2585} INFO - Sync 1 DAGs
[2023-12-23T18:26:11.097+0000] {logging_mixin.py:120} INFO - [2023-12-23T18:26:11.097+0000] {dag.py:3340} INFO - Setting next_dagrun for example_task_group_decorator to 2023-12-22T18:26:11.097293+00:00, run_after=2023-12-23T18:26:11.097293+00:00
[2023-12-23T18:26:11.128+0000] {processor.py:176} INFO - Processing /home/airflow/.local/lib/python3.7/site-packages/airflow/example_dags/example_task_group_decorator.py took 0.130 seconds
[2023-12-23T18:35:58.322+0000] {processor.py:154} INFO - Started process (PID=65) to work on /home/airflow/.local/lib/python3.7/site-packages/airflow/example_dags/example_task_group_decorator.py
[2023-12-23T18:35:58.323+0000] {processor.py:756} INFO - Processing file /home/airflow/.local/lib/python3.7/site-packages/airflow/example_dags/example_task_group_decorator.py for tasks to queue
[2023-12-23T18:35:58.324+0000] {logging_mixin.py:120} INFO - [2023-12-23T18:35:58.324+0000] {dagbag.py:537} INFO - Filling up the DagBag from /home/airflow/.local/lib/python3.7/site-packages/airflow/example_dags/example_task_group_decorator.py
[2023-12-23T18:35:58.382+0000] {processor.py:766} INFO - DAG(s) dict_keys(['example_task_group_decorator']) retrieved from /home/airflow/.local/lib/python3.7/site-packages/airflow/example_dags/example_task_group_decorator.py
[2023-12-23T18:35:58.431+0000] {logging_mixin.py:120} INFO - [2023-12-23T18:35:58.431+0000] {dag.py:2585} INFO - Sync 1 DAGs
[2023-12-23T18:35:58.463+0000] {logging_mixin.py:120} INFO - [2023-12-23T18:35:58.463+0000] {dag.py:3340} INFO - Setting next_dagrun for example_task_group_decorator to 2023-12-22T18:35:58.462922+00:00, run_after=2023-12-23T18:35:58.462922+00:00
[2023-12-23T18:35:58.488+0000] {processor.py:176} INFO - Processing /home/airflow/.local/lib/python3.7/site-packages/airflow/example_dags/example_task_group_decorator.py took 0.169 seconds
[2023-12-23T18:36:28.721+0000] {processor.py:154} INFO - Started process (PID=127) to work on /home/airflow/.local/lib/python3.7/site-packages/airflow/example_dags/example_task_group_decorator.py
[2023-12-23T18:36:28.722+0000] {processor.py:756} INFO - Processing file /home/airflow/.local/lib/python3.7/site-packages/airflow/example_dags/example_task_group_decorator.py for tasks to queue
[2023-12-23T18:36:28.723+0000] {logging_mixin.py:120} INFO - [2023-12-23T18:36:28.722+0000] {dagbag.py:537} INFO - Filling up the DagBag from /home/airflow/.local/lib/python3.7/site-packages/airflow/example_dags/example_task_group_decorator.py
[2023-12-23T18:36:28.749+0000] {processor.py:766} INFO - DAG(s) dict_keys(['example_task_group_decorator']) retrieved from /home/airflow/.local/lib/python3.7/site-packages/airflow/example_dags/example_task_group_decorator.py
[2023-12-23T18:36:28.799+0000] {logging_mixin.py:120} INFO - [2023-12-23T18:36:28.799+0000] {dag.py:2585} INFO - Sync 1 DAGs
[2023-12-23T18:36:28.827+0000] {logging_mixin.py:120} INFO - [2023-12-23T18:36:28.826+0000] {dag.py:3340} INFO - Setting next_dagrun for example_task_group_decorator to 2023-12-22T18:36:28.826590+00:00, run_after=2023-12-23T18:36:28.826590+00:00
[2023-12-23T18:36:28.857+0000] {processor.py:176} INFO - Processing /home/airflow/.local/lib/python3.7/site-packages/airflow/example_dags/example_task_group_decorator.py took 0.138 seconds
