[2023-12-23T18:12:46.273+0000] {processor.py:154} INFO - Started process (PID=51) to work on /home/airflow/.local/lib/python3.7/site-packages/airflow/example_dags/example_time_delta_sensor_async.py
[2023-12-23T18:12:46.274+0000] {processor.py:756} INFO - Processing file /home/airflow/.local/lib/python3.7/site-packages/airflow/example_dags/example_time_delta_sensor_async.py for tasks to queue
[2023-12-23T18:12:46.274+0000] {logging_mixin.py:120} INFO - [2023-12-23T18:12:46.274+0000] {dagbag.py:537} INFO - Filling up the DagBag from /home/airflow/.local/lib/python3.7/site-packages/airflow/example_dags/example_time_delta_sensor_async.py
[2023-12-23T18:12:46.420+0000] {processor.py:766} INFO - DAG(s) dict_keys(['example_time_delta_sensor_async']) retrieved from /home/airflow/.local/lib/python3.7/site-packages/airflow/example_dags/example_time_delta_sensor_async.py
[2023-12-23T18:12:46.774+0000] {logging_mixin.py:120} INFO - [2023-12-23T18:12:46.774+0000] {dag.py:2585} INFO - Sync 1 DAGs
[2023-12-23T18:12:46.829+0000] {logging_mixin.py:120} INFO - [2023-12-23T18:12:46.829+0000] {dag.py:3340} INFO - Setting next_dagrun for example_time_delta_sensor_async to None, run_after=None
[2023-12-23T18:12:46.861+0000] {processor.py:176} INFO - Processing /home/airflow/.local/lib/python3.7/site-packages/airflow/example_dags/example_time_delta_sensor_async.py took 0.600 seconds
[2023-12-23T18:13:17.456+0000] {processor.py:154} INFO - Started process (PID=114) to work on /home/airflow/.local/lib/python3.7/site-packages/airflow/example_dags/example_time_delta_sensor_async.py
[2023-12-23T18:13:17.457+0000] {processor.py:756} INFO - Processing file /home/airflow/.local/lib/python3.7/site-packages/airflow/example_dags/example_time_delta_sensor_async.py for tasks to queue
[2023-12-23T18:13:17.457+0000] {logging_mixin.py:120} INFO - [2023-12-23T18:13:17.457+0000] {dagbag.py:537} INFO - Filling up the DagBag from /home/airflow/.local/lib/python3.7/site-packages/airflow/example_dags/example_time_delta_sensor_async.py
[2023-12-23T18:13:17.472+0000] {processor.py:766} INFO - DAG(s) dict_keys(['example_time_delta_sensor_async']) retrieved from /home/airflow/.local/lib/python3.7/site-packages/airflow/example_dags/example_time_delta_sensor_async.py
[2023-12-23T18:13:17.694+0000] {logging_mixin.py:120} INFO - [2023-12-23T18:13:17.694+0000] {dag.py:2585} INFO - Sync 1 DAGs
[2023-12-23T18:13:17.731+0000] {logging_mixin.py:120} INFO - [2023-12-23T18:13:17.731+0000] {dag.py:3340} INFO - Setting next_dagrun for example_time_delta_sensor_async to None, run_after=None
[2023-12-23T18:13:17.757+0000] {processor.py:176} INFO - Processing /home/airflow/.local/lib/python3.7/site-packages/airflow/example_dags/example_time_delta_sensor_async.py took 0.304 seconds
[2023-12-23T18:13:48.362+0000] {processor.py:154} INFO - Started process (PID=168) to work on /home/airflow/.local/lib/python3.7/site-packages/airflow/example_dags/example_time_delta_sensor_async.py
[2023-12-23T18:13:48.363+0000] {processor.py:756} INFO - Processing file /home/airflow/.local/lib/python3.7/site-packages/airflow/example_dags/example_time_delta_sensor_async.py for tasks to queue
[2023-12-23T18:13:48.364+0000] {logging_mixin.py:120} INFO - [2023-12-23T18:13:48.364+0000] {dagbag.py:537} INFO - Filling up the DagBag from /home/airflow/.local/lib/python3.7/site-packages/airflow/example_dags/example_time_delta_sensor_async.py
[2023-12-23T18:13:48.375+0000] {processor.py:766} INFO - DAG(s) dict_keys(['example_time_delta_sensor_async']) retrieved from /home/airflow/.local/lib/python3.7/site-packages/airflow/example_dags/example_time_delta_sensor_async.py
[2023-12-23T18:13:48.576+0000] {logging_mixin.py:120} INFO - [2023-12-23T18:13:48.576+0000] {dag.py:2585} INFO - Sync 1 DAGs
[2023-12-23T18:13:48.604+0000] {logging_mixin.py:120} INFO - [2023-12-23T18:13:48.604+0000] {dag.py:3340} INFO - Setting next_dagrun for example_time_delta_sensor_async to None, run_after=None
[2023-12-23T18:13:48.626+0000] {processor.py:176} INFO - Processing /home/airflow/.local/lib/python3.7/site-packages/airflow/example_dags/example_time_delta_sensor_async.py took 0.266 seconds
[2023-12-23T18:14:19.391+0000] {processor.py:154} INFO - Started process (PID=231) to work on /home/airflow/.local/lib/python3.7/site-packages/airflow/example_dags/example_time_delta_sensor_async.py
[2023-12-23T18:14:19.392+0000] {processor.py:756} INFO - Processing file /home/airflow/.local/lib/python3.7/site-packages/airflow/example_dags/example_time_delta_sensor_async.py for tasks to queue
[2023-12-23T18:14:19.393+0000] {logging_mixin.py:120} INFO - [2023-12-23T18:14:19.393+0000] {dagbag.py:537} INFO - Filling up the DagBag from /home/airflow/.local/lib/python3.7/site-packages/airflow/example_dags/example_time_delta_sensor_async.py
[2023-12-23T18:14:19.403+0000] {processor.py:766} INFO - DAG(s) dict_keys(['example_time_delta_sensor_async']) retrieved from /home/airflow/.local/lib/python3.7/site-packages/airflow/example_dags/example_time_delta_sensor_async.py
[2023-12-23T18:14:19.570+0000] {logging_mixin.py:120} INFO - [2023-12-23T18:14:19.570+0000] {dag.py:2585} INFO - Sync 1 DAGs
[2023-12-23T18:14:19.591+0000] {logging_mixin.py:120} INFO - [2023-12-23T18:14:19.591+0000] {dag.py:3340} INFO - Setting next_dagrun for example_time_delta_sensor_async to None, run_after=None
[2023-12-23T18:14:19.610+0000] {processor.py:176} INFO - Processing /home/airflow/.local/lib/python3.7/site-packages/airflow/example_dags/example_time_delta_sensor_async.py took 0.221 seconds
[2023-12-23T18:14:49.993+0000] {processor.py:154} INFO - Started process (PID=295) to work on /home/airflow/.local/lib/python3.7/site-packages/airflow/example_dags/example_time_delta_sensor_async.py
[2023-12-23T18:14:49.993+0000] {processor.py:756} INFO - Processing file /home/airflow/.local/lib/python3.7/site-packages/airflow/example_dags/example_time_delta_sensor_async.py for tasks to queue
[2023-12-23T18:14:49.994+0000] {logging_mixin.py:120} INFO - [2023-12-23T18:14:49.994+0000] {dagbag.py:537} INFO - Filling up the DagBag from /home/airflow/.local/lib/python3.7/site-packages/airflow/example_dags/example_time_delta_sensor_async.py
[2023-12-23T18:14:50.008+0000] {processor.py:766} INFO - DAG(s) dict_keys(['example_time_delta_sensor_async']) retrieved from /home/airflow/.local/lib/python3.7/site-packages/airflow/example_dags/example_time_delta_sensor_async.py
[2023-12-23T18:14:50.224+0000] {logging_mixin.py:120} INFO - [2023-12-23T18:14:50.224+0000] {dag.py:2585} INFO - Sync 1 DAGs
[2023-12-23T18:14:50.245+0000] {logging_mixin.py:120} INFO - [2023-12-23T18:14:50.245+0000] {dag.py:3340} INFO - Setting next_dagrun for example_time_delta_sensor_async to None, run_after=None
[2023-12-23T18:14:50.269+0000] {processor.py:176} INFO - Processing /home/airflow/.local/lib/python3.7/site-packages/airflow/example_dags/example_time_delta_sensor_async.py took 0.278 seconds
[2023-12-23T18:15:20.378+0000] {processor.py:154} INFO - Started process (PID=357) to work on /home/airflow/.local/lib/python3.7/site-packages/airflow/example_dags/example_time_delta_sensor_async.py
[2023-12-23T18:15:20.379+0000] {processor.py:756} INFO - Processing file /home/airflow/.local/lib/python3.7/site-packages/airflow/example_dags/example_time_delta_sensor_async.py for tasks to queue
[2023-12-23T18:15:20.380+0000] {logging_mixin.py:120} INFO - [2023-12-23T18:15:20.379+0000] {dagbag.py:537} INFO - Filling up the DagBag from /home/airflow/.local/lib/python3.7/site-packages/airflow/example_dags/example_time_delta_sensor_async.py
[2023-12-23T18:15:20.395+0000] {processor.py:766} INFO - DAG(s) dict_keys(['example_time_delta_sensor_async']) retrieved from /home/airflow/.local/lib/python3.7/site-packages/airflow/example_dags/example_time_delta_sensor_async.py
[2023-12-23T18:15:20.714+0000] {logging_mixin.py:120} INFO - [2023-12-23T18:15:20.712+0000] {dag.py:2585} INFO - Sync 1 DAGs
[2023-12-23T18:15:20.748+0000] {logging_mixin.py:120} INFO - [2023-12-23T18:15:20.748+0000] {dag.py:3340} INFO - Setting next_dagrun for example_time_delta_sensor_async to None, run_after=None
[2023-12-23T18:15:20.777+0000] {processor.py:176} INFO - Processing /home/airflow/.local/lib/python3.7/site-packages/airflow/example_dags/example_time_delta_sensor_async.py took 0.403 seconds
[2023-12-23T18:15:51.579+0000] {processor.py:154} INFO - Started process (PID=414) to work on /home/airflow/.local/lib/python3.7/site-packages/airflow/example_dags/example_time_delta_sensor_async.py
[2023-12-23T18:15:51.580+0000] {processor.py:756} INFO - Processing file /home/airflow/.local/lib/python3.7/site-packages/airflow/example_dags/example_time_delta_sensor_async.py for tasks to queue
[2023-12-23T18:15:51.580+0000] {logging_mixin.py:120} INFO - [2023-12-23T18:15:51.580+0000] {dagbag.py:537} INFO - Filling up the DagBag from /home/airflow/.local/lib/python3.7/site-packages/airflow/example_dags/example_time_delta_sensor_async.py
[2023-12-23T18:15:51.591+0000] {processor.py:766} INFO - DAG(s) dict_keys(['example_time_delta_sensor_async']) retrieved from /home/airflow/.local/lib/python3.7/site-packages/airflow/example_dags/example_time_delta_sensor_async.py
[2023-12-23T18:15:51.821+0000] {logging_mixin.py:120} INFO - [2023-12-23T18:15:51.820+0000] {dag.py:2585} INFO - Sync 1 DAGs
[2023-12-23T18:15:51.843+0000] {logging_mixin.py:120} INFO - [2023-12-23T18:15:51.843+0000] {dag.py:3340} INFO - Setting next_dagrun for example_time_delta_sensor_async to None, run_after=None
[2023-12-23T18:15:51.871+0000] {processor.py:176} INFO - Processing /home/airflow/.local/lib/python3.7/site-packages/airflow/example_dags/example_time_delta_sensor_async.py took 0.294 seconds
[2023-12-23T18:16:22.480+0000] {processor.py:154} INFO - Started process (PID=477) to work on /home/airflow/.local/lib/python3.7/site-packages/airflow/example_dags/example_time_delta_sensor_async.py
[2023-12-23T18:16:22.481+0000] {processor.py:756} INFO - Processing file /home/airflow/.local/lib/python3.7/site-packages/airflow/example_dags/example_time_delta_sensor_async.py for tasks to queue
[2023-12-23T18:16:22.482+0000] {logging_mixin.py:120} INFO - [2023-12-23T18:16:22.481+0000] {dagbag.py:537} INFO - Filling up the DagBag from /home/airflow/.local/lib/python3.7/site-packages/airflow/example_dags/example_time_delta_sensor_async.py
[2023-12-23T18:16:22.492+0000] {processor.py:766} INFO - DAG(s) dict_keys(['example_time_delta_sensor_async']) retrieved from /home/airflow/.local/lib/python3.7/site-packages/airflow/example_dags/example_time_delta_sensor_async.py
[2023-12-23T18:16:22.684+0000] {logging_mixin.py:120} INFO - [2023-12-23T18:16:22.684+0000] {dag.py:2585} INFO - Sync 1 DAGs
[2023-12-23T18:16:22.705+0000] {logging_mixin.py:120} INFO - [2023-12-23T18:16:22.705+0000] {dag.py:3340} INFO - Setting next_dagrun for example_time_delta_sensor_async to None, run_after=None
[2023-12-23T18:16:22.728+0000] {processor.py:176} INFO - Processing /home/airflow/.local/lib/python3.7/site-packages/airflow/example_dags/example_time_delta_sensor_async.py took 0.250 seconds
[2023-12-23T18:16:53.199+0000] {processor.py:154} INFO - Started process (PID=541) to work on /home/airflow/.local/lib/python3.7/site-packages/airflow/example_dags/example_time_delta_sensor_async.py
[2023-12-23T18:16:53.199+0000] {processor.py:756} INFO - Processing file /home/airflow/.local/lib/python3.7/site-packages/airflow/example_dags/example_time_delta_sensor_async.py for tasks to queue
[2023-12-23T18:16:53.200+0000] {logging_mixin.py:120} INFO - [2023-12-23T18:16:53.200+0000] {dagbag.py:537} INFO - Filling up the DagBag from /home/airflow/.local/lib/python3.7/site-packages/airflow/example_dags/example_time_delta_sensor_async.py
[2023-12-23T18:16:53.210+0000] {processor.py:766} INFO - DAG(s) dict_keys(['example_time_delta_sensor_async']) retrieved from /home/airflow/.local/lib/python3.7/site-packages/airflow/example_dags/example_time_delta_sensor_async.py
[2023-12-23T18:16:53.409+0000] {logging_mixin.py:120} INFO - [2023-12-23T18:16:53.409+0000] {dag.py:2585} INFO - Sync 1 DAGs
[2023-12-23T18:16:53.429+0000] {logging_mixin.py:120} INFO - [2023-12-23T18:16:53.429+0000] {dag.py:3340} INFO - Setting next_dagrun for example_time_delta_sensor_async to None, run_after=None
[2023-12-23T18:16:53.451+0000] {processor.py:176} INFO - Processing /home/airflow/.local/lib/python3.7/site-packages/airflow/example_dags/example_time_delta_sensor_async.py took 0.255 seconds
[2023-12-23T18:17:23.935+0000] {processor.py:154} INFO - Started process (PID=605) to work on /home/airflow/.local/lib/python3.7/site-packages/airflow/example_dags/example_time_delta_sensor_async.py
[2023-12-23T18:17:23.936+0000] {processor.py:756} INFO - Processing file /home/airflow/.local/lib/python3.7/site-packages/airflow/example_dags/example_time_delta_sensor_async.py for tasks to queue
[2023-12-23T18:17:23.937+0000] {logging_mixin.py:120} INFO - [2023-12-23T18:17:23.937+0000] {dagbag.py:537} INFO - Filling up the DagBag from /home/airflow/.local/lib/python3.7/site-packages/airflow/example_dags/example_time_delta_sensor_async.py
[2023-12-23T18:17:23.955+0000] {processor.py:766} INFO - DAG(s) dict_keys(['example_time_delta_sensor_async']) retrieved from /home/airflow/.local/lib/python3.7/site-packages/airflow/example_dags/example_time_delta_sensor_async.py
[2023-12-23T18:17:24.223+0000] {logging_mixin.py:120} INFO - [2023-12-23T18:17:24.223+0000] {dag.py:2585} INFO - Sync 1 DAGs
[2023-12-23T18:17:24.257+0000] {logging_mixin.py:120} INFO - [2023-12-23T18:17:24.257+0000] {dag.py:3340} INFO - Setting next_dagrun for example_time_delta_sensor_async to None, run_after=None
[2023-12-23T18:17:24.295+0000] {processor.py:176} INFO - Processing /home/airflow/.local/lib/python3.7/site-packages/airflow/example_dags/example_time_delta_sensor_async.py took 0.364 seconds
[2023-12-23T18:17:54.881+0000] {processor.py:154} INFO - Started process (PID=660) to work on /home/airflow/.local/lib/python3.7/site-packages/airflow/example_dags/example_time_delta_sensor_async.py
[2023-12-23T18:17:54.882+0000] {processor.py:756} INFO - Processing file /home/airflow/.local/lib/python3.7/site-packages/airflow/example_dags/example_time_delta_sensor_async.py for tasks to queue
[2023-12-23T18:17:54.883+0000] {logging_mixin.py:120} INFO - [2023-12-23T18:17:54.883+0000] {dagbag.py:537} INFO - Filling up the DagBag from /home/airflow/.local/lib/python3.7/site-packages/airflow/example_dags/example_time_delta_sensor_async.py
[2023-12-23T18:17:54.893+0000] {processor.py:766} INFO - DAG(s) dict_keys(['example_time_delta_sensor_async']) retrieved from /home/airflow/.local/lib/python3.7/site-packages/airflow/example_dags/example_time_delta_sensor_async.py
[2023-12-23T18:17:55.105+0000] {logging_mixin.py:120} INFO - [2023-12-23T18:17:55.105+0000] {dag.py:2585} INFO - Sync 1 DAGs
[2023-12-23T18:17:55.132+0000] {logging_mixin.py:120} INFO - [2023-12-23T18:17:55.131+0000] {dag.py:3340} INFO - Setting next_dagrun for example_time_delta_sensor_async to None, run_after=None
[2023-12-23T18:17:55.158+0000] {processor.py:176} INFO - Processing /home/airflow/.local/lib/python3.7/site-packages/airflow/example_dags/example_time_delta_sensor_async.py took 0.279 seconds
[2023-12-23T18:18:25.580+0000] {processor.py:154} INFO - Started process (PID=724) to work on /home/airflow/.local/lib/python3.7/site-packages/airflow/example_dags/example_time_delta_sensor_async.py
[2023-12-23T18:18:25.580+0000] {processor.py:756} INFO - Processing file /home/airflow/.local/lib/python3.7/site-packages/airflow/example_dags/example_time_delta_sensor_async.py for tasks to queue
[2023-12-23T18:18:25.581+0000] {logging_mixin.py:120} INFO - [2023-12-23T18:18:25.581+0000] {dagbag.py:537} INFO - Filling up the DagBag from /home/airflow/.local/lib/python3.7/site-packages/airflow/example_dags/example_time_delta_sensor_async.py
[2023-12-23T18:18:25.592+0000] {processor.py:766} INFO - DAG(s) dict_keys(['example_time_delta_sensor_async']) retrieved from /home/airflow/.local/lib/python3.7/site-packages/airflow/example_dags/example_time_delta_sensor_async.py
[2023-12-23T18:18:25.872+0000] {logging_mixin.py:120} INFO - [2023-12-23T18:18:25.872+0000] {dag.py:2585} INFO - Sync 1 DAGs
[2023-12-23T18:18:25.903+0000] {logging_mixin.py:120} INFO - [2023-12-23T18:18:25.902+0000] {dag.py:3340} INFO - Setting next_dagrun for example_time_delta_sensor_async to None, run_after=None
[2023-12-23T18:18:25.931+0000] {processor.py:176} INFO - Processing /home/airflow/.local/lib/python3.7/site-packages/airflow/example_dags/example_time_delta_sensor_async.py took 0.355 seconds
[2023-12-23T18:18:56.414+0000] {processor.py:154} INFO - Started process (PID=788) to work on /home/airflow/.local/lib/python3.7/site-packages/airflow/example_dags/example_time_delta_sensor_async.py
[2023-12-23T18:18:56.414+0000] {processor.py:756} INFO - Processing file /home/airflow/.local/lib/python3.7/site-packages/airflow/example_dags/example_time_delta_sensor_async.py for tasks to queue
[2023-12-23T18:18:56.415+0000] {logging_mixin.py:120} INFO - [2023-12-23T18:18:56.415+0000] {dagbag.py:537} INFO - Filling up the DagBag from /home/airflow/.local/lib/python3.7/site-packages/airflow/example_dags/example_time_delta_sensor_async.py
[2023-12-23T18:18:56.425+0000] {processor.py:766} INFO - DAG(s) dict_keys(['example_time_delta_sensor_async']) retrieved from /home/airflow/.local/lib/python3.7/site-packages/airflow/example_dags/example_time_delta_sensor_async.py
[2023-12-23T18:18:56.657+0000] {logging_mixin.py:120} INFO - [2023-12-23T18:18:56.657+0000] {dag.py:2585} INFO - Sync 1 DAGs
[2023-12-23T18:18:56.677+0000] {logging_mixin.py:120} INFO - [2023-12-23T18:18:56.677+0000] {dag.py:3340} INFO - Setting next_dagrun for example_time_delta_sensor_async to None, run_after=None
[2023-12-23T18:18:56.697+0000] {processor.py:176} INFO - Processing /home/airflow/.local/lib/python3.7/site-packages/airflow/example_dags/example_time_delta_sensor_async.py took 0.285 seconds
[2023-12-23T18:19:27.121+0000] {processor.py:154} INFO - Started process (PID=852) to work on /home/airflow/.local/lib/python3.7/site-packages/airflow/example_dags/example_time_delta_sensor_async.py
[2023-12-23T18:19:27.123+0000] {processor.py:756} INFO - Processing file /home/airflow/.local/lib/python3.7/site-packages/airflow/example_dags/example_time_delta_sensor_async.py for tasks to queue
[2023-12-23T18:19:27.123+0000] {logging_mixin.py:120} INFO - [2023-12-23T18:19:27.123+0000] {dagbag.py:537} INFO - Filling up the DagBag from /home/airflow/.local/lib/python3.7/site-packages/airflow/example_dags/example_time_delta_sensor_async.py
[2023-12-23T18:19:27.147+0000] {processor.py:766} INFO - DAG(s) dict_keys(['example_time_delta_sensor_async']) retrieved from /home/airflow/.local/lib/python3.7/site-packages/airflow/example_dags/example_time_delta_sensor_async.py
[2023-12-23T18:19:27.451+0000] {logging_mixin.py:120} INFO - [2023-12-23T18:19:27.451+0000] {dag.py:2585} INFO - Sync 1 DAGs
[2023-12-23T18:19:27.484+0000] {logging_mixin.py:120} INFO - [2023-12-23T18:19:27.484+0000] {dag.py:3340} INFO - Setting next_dagrun for example_time_delta_sensor_async to None, run_after=None
[2023-12-23T18:19:27.509+0000] {processor.py:176} INFO - Processing /home/airflow/.local/lib/python3.7/site-packages/airflow/example_dags/example_time_delta_sensor_async.py took 0.391 seconds
[2023-12-23T18:19:58.103+0000] {processor.py:154} INFO - Started process (PID=907) to work on /home/airflow/.local/lib/python3.7/site-packages/airflow/example_dags/example_time_delta_sensor_async.py
[2023-12-23T18:19:58.104+0000] {processor.py:756} INFO - Processing file /home/airflow/.local/lib/python3.7/site-packages/airflow/example_dags/example_time_delta_sensor_async.py for tasks to queue
[2023-12-23T18:19:58.104+0000] {logging_mixin.py:120} INFO - [2023-12-23T18:19:58.104+0000] {dagbag.py:537} INFO - Filling up the DagBag from /home/airflow/.local/lib/python3.7/site-packages/airflow/example_dags/example_time_delta_sensor_async.py
[2023-12-23T18:19:58.116+0000] {processor.py:766} INFO - DAG(s) dict_keys(['example_time_delta_sensor_async']) retrieved from /home/airflow/.local/lib/python3.7/site-packages/airflow/example_dags/example_time_delta_sensor_async.py
[2023-12-23T18:19:58.289+0000] {logging_mixin.py:120} INFO - [2023-12-23T18:19:58.289+0000] {dag.py:2585} INFO - Sync 1 DAGs
[2023-12-23T18:19:58.309+0000] {logging_mixin.py:120} INFO - [2023-12-23T18:19:58.309+0000] {dag.py:3340} INFO - Setting next_dagrun for example_time_delta_sensor_async to None, run_after=None
[2023-12-23T18:19:58.328+0000] {processor.py:176} INFO - Processing /home/airflow/.local/lib/python3.7/site-packages/airflow/example_dags/example_time_delta_sensor_async.py took 0.227 seconds
[2023-12-23T18:21:03.708+0000] {processor.py:154} INFO - Started process (PID=51) to work on /home/airflow/.local/lib/python3.7/site-packages/airflow/example_dags/example_time_delta_sensor_async.py
[2023-12-23T18:21:03.709+0000] {processor.py:756} INFO - Processing file /home/airflow/.local/lib/python3.7/site-packages/airflow/example_dags/example_time_delta_sensor_async.py for tasks to queue
[2023-12-23T18:21:03.709+0000] {logging_mixin.py:120} INFO - [2023-12-23T18:21:03.709+0000] {dagbag.py:537} INFO - Filling up the DagBag from /home/airflow/.local/lib/python3.7/site-packages/airflow/example_dags/example_time_delta_sensor_async.py
[2023-12-23T18:21:03.727+0000] {processor.py:766} INFO - DAG(s) dict_keys(['example_time_delta_sensor_async']) retrieved from /home/airflow/.local/lib/python3.7/site-packages/airflow/example_dags/example_time_delta_sensor_async.py
[2023-12-23T18:21:03.762+0000] {logging_mixin.py:120} INFO - [2023-12-23T18:21:03.762+0000] {dag.py:2585} INFO - Sync 1 DAGs
[2023-12-23T18:21:03.796+0000] {logging_mixin.py:120} INFO - [2023-12-23T18:21:03.796+0000] {dag.py:3340} INFO - Setting next_dagrun for example_time_delta_sensor_async to None, run_after=None
[2023-12-23T18:21:03.837+0000] {processor.py:176} INFO - Processing /home/airflow/.local/lib/python3.7/site-packages/airflow/example_dags/example_time_delta_sensor_async.py took 0.132 seconds
[2023-12-23T18:21:34.116+0000] {processor.py:154} INFO - Started process (PID=105) to work on /home/airflow/.local/lib/python3.7/site-packages/airflow/example_dags/example_time_delta_sensor_async.py
[2023-12-23T18:21:34.117+0000] {processor.py:756} INFO - Processing file /home/airflow/.local/lib/python3.7/site-packages/airflow/example_dags/example_time_delta_sensor_async.py for tasks to queue
[2023-12-23T18:21:34.117+0000] {logging_mixin.py:120} INFO - [2023-12-23T18:21:34.117+0000] {dagbag.py:537} INFO - Filling up the DagBag from /home/airflow/.local/lib/python3.7/site-packages/airflow/example_dags/example_time_delta_sensor_async.py
[2023-12-23T18:21:34.133+0000] {processor.py:766} INFO - DAG(s) dict_keys(['example_time_delta_sensor_async']) retrieved from /home/airflow/.local/lib/python3.7/site-packages/airflow/example_dags/example_time_delta_sensor_async.py
[2023-12-23T18:21:34.386+0000] {logging_mixin.py:120} INFO - [2023-12-23T18:21:34.386+0000] {dag.py:2585} INFO - Sync 1 DAGs
[2023-12-23T18:21:34.433+0000] {logging_mixin.py:120} INFO - [2023-12-23T18:21:34.433+0000] {dag.py:3340} INFO - Setting next_dagrun for example_time_delta_sensor_async to None, run_after=None
[2023-12-23T18:21:34.461+0000] {processor.py:176} INFO - Processing /home/airflow/.local/lib/python3.7/site-packages/airflow/example_dags/example_time_delta_sensor_async.py took 0.348 seconds
[2023-12-23T18:22:05.004+0000] {processor.py:154} INFO - Started process (PID=171) to work on /home/airflow/.local/lib/python3.7/site-packages/airflow/example_dags/example_time_delta_sensor_async.py
[2023-12-23T18:22:05.004+0000] {processor.py:756} INFO - Processing file /home/airflow/.local/lib/python3.7/site-packages/airflow/example_dags/example_time_delta_sensor_async.py for tasks to queue
[2023-12-23T18:22:05.005+0000] {logging_mixin.py:120} INFO - [2023-12-23T18:22:05.005+0000] {dagbag.py:537} INFO - Filling up the DagBag from /home/airflow/.local/lib/python3.7/site-packages/airflow/example_dags/example_time_delta_sensor_async.py
[2023-12-23T18:22:05.017+0000] {processor.py:766} INFO - DAG(s) dict_keys(['example_time_delta_sensor_async']) retrieved from /home/airflow/.local/lib/python3.7/site-packages/airflow/example_dags/example_time_delta_sensor_async.py
[2023-12-23T18:22:05.220+0000] {logging_mixin.py:120} INFO - [2023-12-23T18:22:05.218+0000] {dag.py:2585} INFO - Sync 1 DAGs
[2023-12-23T18:22:05.254+0000] {logging_mixin.py:120} INFO - [2023-12-23T18:22:05.254+0000] {dag.py:3340} INFO - Setting next_dagrun for example_time_delta_sensor_async to None, run_after=None
[2023-12-23T18:22:05.285+0000] {processor.py:176} INFO - Processing /home/airflow/.local/lib/python3.7/site-packages/airflow/example_dags/example_time_delta_sensor_async.py took 0.283 seconds
[2023-12-23T18:22:35.463+0000] {processor.py:154} INFO - Started process (PID=235) to work on /home/airflow/.local/lib/python3.7/site-packages/airflow/example_dags/example_time_delta_sensor_async.py
[2023-12-23T18:22:35.464+0000] {processor.py:756} INFO - Processing file /home/airflow/.local/lib/python3.7/site-packages/airflow/example_dags/example_time_delta_sensor_async.py for tasks to queue
[2023-12-23T18:22:35.465+0000] {logging_mixin.py:120} INFO - [2023-12-23T18:22:35.464+0000] {dagbag.py:537} INFO - Filling up the DagBag from /home/airflow/.local/lib/python3.7/site-packages/airflow/example_dags/example_time_delta_sensor_async.py
[2023-12-23T18:22:35.476+0000] {processor.py:766} INFO - DAG(s) dict_keys(['example_time_delta_sensor_async']) retrieved from /home/airflow/.local/lib/python3.7/site-packages/airflow/example_dags/example_time_delta_sensor_async.py
[2023-12-23T18:22:35.684+0000] {logging_mixin.py:120} INFO - [2023-12-23T18:22:35.684+0000] {dag.py:2585} INFO - Sync 1 DAGs
[2023-12-23T18:22:35.705+0000] {logging_mixin.py:120} INFO - [2023-12-23T18:22:35.705+0000] {dag.py:3340} INFO - Setting next_dagrun for example_time_delta_sensor_async to None, run_after=None
[2023-12-23T18:22:35.726+0000] {processor.py:176} INFO - Processing /home/airflow/.local/lib/python3.7/site-packages/airflow/example_dags/example_time_delta_sensor_async.py took 0.265 seconds
[2023-12-23T18:23:05.774+0000] {processor.py:154} INFO - Started process (PID=298) to work on /home/airflow/.local/lib/python3.7/site-packages/airflow/example_dags/example_time_delta_sensor_async.py
[2023-12-23T18:23:05.775+0000] {processor.py:756} INFO - Processing file /home/airflow/.local/lib/python3.7/site-packages/airflow/example_dags/example_time_delta_sensor_async.py for tasks to queue
[2023-12-23T18:23:05.776+0000] {logging_mixin.py:120} INFO - [2023-12-23T18:23:05.776+0000] {dagbag.py:537} INFO - Filling up the DagBag from /home/airflow/.local/lib/python3.7/site-packages/airflow/example_dags/example_time_delta_sensor_async.py
[2023-12-23T18:23:05.791+0000] {processor.py:766} INFO - DAG(s) dict_keys(['example_time_delta_sensor_async']) retrieved from /home/airflow/.local/lib/python3.7/site-packages/airflow/example_dags/example_time_delta_sensor_async.py
[2023-12-23T18:23:06.044+0000] {logging_mixin.py:120} INFO - [2023-12-23T18:23:06.044+0000] {dag.py:2585} INFO - Sync 1 DAGs
[2023-12-23T18:23:06.072+0000] {logging_mixin.py:120} INFO - [2023-12-23T18:23:06.072+0000] {dag.py:3340} INFO - Setting next_dagrun for example_time_delta_sensor_async to None, run_after=None
[2023-12-23T18:23:06.098+0000] {processor.py:176} INFO - Processing /home/airflow/.local/lib/python3.7/site-packages/airflow/example_dags/example_time_delta_sensor_async.py took 0.327 seconds
[2023-12-23T18:23:36.719+0000] {processor.py:154} INFO - Started process (PID=353) to work on /home/airflow/.local/lib/python3.7/site-packages/airflow/example_dags/example_time_delta_sensor_async.py
[2023-12-23T18:23:36.720+0000] {processor.py:756} INFO - Processing file /home/airflow/.local/lib/python3.7/site-packages/airflow/example_dags/example_time_delta_sensor_async.py for tasks to queue
[2023-12-23T18:23:36.721+0000] {logging_mixin.py:120} INFO - [2023-12-23T18:23:36.721+0000] {dagbag.py:537} INFO - Filling up the DagBag from /home/airflow/.local/lib/python3.7/site-packages/airflow/example_dags/example_time_delta_sensor_async.py
[2023-12-23T18:23:36.732+0000] {processor.py:766} INFO - DAG(s) dict_keys(['example_time_delta_sensor_async']) retrieved from /home/airflow/.local/lib/python3.7/site-packages/airflow/example_dags/example_time_delta_sensor_async.py
[2023-12-23T18:23:36.939+0000] {logging_mixin.py:120} INFO - [2023-12-23T18:23:36.939+0000] {dag.py:2585} INFO - Sync 1 DAGs
[2023-12-23T18:23:36.967+0000] {logging_mixin.py:120} INFO - [2023-12-23T18:23:36.967+0000] {dag.py:3340} INFO - Setting next_dagrun for example_time_delta_sensor_async to None, run_after=None
[2023-12-23T18:23:36.991+0000] {processor.py:176} INFO - Processing /home/airflow/.local/lib/python3.7/site-packages/airflow/example_dags/example_time_delta_sensor_async.py took 0.275 seconds
[2023-12-23T18:24:37.960+0000] {processor.py:154} INFO - Started process (PID=51) to work on /home/airflow/.local/lib/python3.7/site-packages/airflow/example_dags/example_time_delta_sensor_async.py
[2023-12-23T18:24:37.961+0000] {processor.py:756} INFO - Processing file /home/airflow/.local/lib/python3.7/site-packages/airflow/example_dags/example_time_delta_sensor_async.py for tasks to queue
[2023-12-23T18:24:37.962+0000] {logging_mixin.py:120} INFO - [2023-12-23T18:24:37.961+0000] {dagbag.py:537} INFO - Filling up the DagBag from /home/airflow/.local/lib/python3.7/site-packages/airflow/example_dags/example_time_delta_sensor_async.py
[2023-12-23T18:24:37.990+0000] {processor.py:766} INFO - DAG(s) dict_keys(['example_time_delta_sensor_async']) retrieved from /home/airflow/.local/lib/python3.7/site-packages/airflow/example_dags/example_time_delta_sensor_async.py
[2023-12-23T18:24:38.034+0000] {logging_mixin.py:120} INFO - [2023-12-23T18:24:38.034+0000] {dag.py:2585} INFO - Sync 1 DAGs
[2023-12-23T18:24:38.081+0000] {logging_mixin.py:120} INFO - [2023-12-23T18:24:38.081+0000] {dag.py:3340} INFO - Setting next_dagrun for example_time_delta_sensor_async to None, run_after=None
[2023-12-23T18:24:38.130+0000] {processor.py:176} INFO - Processing /home/airflow/.local/lib/python3.7/site-packages/airflow/example_dags/example_time_delta_sensor_async.py took 0.173 seconds
[2023-12-23T18:25:08.573+0000] {processor.py:154} INFO - Started process (PID=104) to work on /home/airflow/.local/lib/python3.7/site-packages/airflow/example_dags/example_time_delta_sensor_async.py
[2023-12-23T18:25:08.574+0000] {processor.py:756} INFO - Processing file /home/airflow/.local/lib/python3.7/site-packages/airflow/example_dags/example_time_delta_sensor_async.py for tasks to queue
[2023-12-23T18:25:08.574+0000] {logging_mixin.py:120} INFO - [2023-12-23T18:25:08.574+0000] {dagbag.py:537} INFO - Filling up the DagBag from /home/airflow/.local/lib/python3.7/site-packages/airflow/example_dags/example_time_delta_sensor_async.py
[2023-12-23T18:25:08.585+0000] {processor.py:766} INFO - DAG(s) dict_keys(['example_time_delta_sensor_async']) retrieved from /home/airflow/.local/lib/python3.7/site-packages/airflow/example_dags/example_time_delta_sensor_async.py
[2023-12-23T18:25:08.814+0000] {logging_mixin.py:120} INFO - [2023-12-23T18:25:08.814+0000] {dag.py:2585} INFO - Sync 1 DAGs
[2023-12-23T18:25:08.847+0000] {logging_mixin.py:120} INFO - [2023-12-23T18:25:08.847+0000] {dag.py:3340} INFO - Setting next_dagrun for example_time_delta_sensor_async to None, run_after=None
[2023-12-23T18:25:08.875+0000] {processor.py:176} INFO - Processing /home/airflow/.local/lib/python3.7/site-packages/airflow/example_dags/example_time_delta_sensor_async.py took 0.304 seconds
[2023-12-23T18:25:39.386+0000] {processor.py:154} INFO - Started process (PID=169) to work on /home/airflow/.local/lib/python3.7/site-packages/airflow/example_dags/example_time_delta_sensor_async.py
[2023-12-23T18:25:39.387+0000] {processor.py:756} INFO - Processing file /home/airflow/.local/lib/python3.7/site-packages/airflow/example_dags/example_time_delta_sensor_async.py for tasks to queue
[2023-12-23T18:25:39.388+0000] {logging_mixin.py:120} INFO - [2023-12-23T18:25:39.388+0000] {dagbag.py:537} INFO - Filling up the DagBag from /home/airflow/.local/lib/python3.7/site-packages/airflow/example_dags/example_time_delta_sensor_async.py
[2023-12-23T18:25:39.402+0000] {processor.py:766} INFO - DAG(s) dict_keys(['example_time_delta_sensor_async']) retrieved from /home/airflow/.local/lib/python3.7/site-packages/airflow/example_dags/example_time_delta_sensor_async.py
[2023-12-23T18:25:39.695+0000] {logging_mixin.py:120} INFO - [2023-12-23T18:25:39.694+0000] {dag.py:2585} INFO - Sync 1 DAGs
[2023-12-23T18:25:39.730+0000] {logging_mixin.py:120} INFO - [2023-12-23T18:25:39.729+0000] {dag.py:3340} INFO - Setting next_dagrun for example_time_delta_sensor_async to None, run_after=None
[2023-12-23T18:25:39.754+0000] {processor.py:176} INFO - Processing /home/airflow/.local/lib/python3.7/site-packages/airflow/example_dags/example_time_delta_sensor_async.py took 0.371 seconds
[2023-12-23T18:26:09.787+0000] {processor.py:154} INFO - Started process (PID=233) to work on /home/airflow/.local/lib/python3.7/site-packages/airflow/example_dags/example_time_delta_sensor_async.py
[2023-12-23T18:26:09.788+0000] {processor.py:756} INFO - Processing file /home/airflow/.local/lib/python3.7/site-packages/airflow/example_dags/example_time_delta_sensor_async.py for tasks to queue
[2023-12-23T18:26:09.788+0000] {logging_mixin.py:120} INFO - [2023-12-23T18:26:09.788+0000] {dagbag.py:537} INFO - Filling up the DagBag from /home/airflow/.local/lib/python3.7/site-packages/airflow/example_dags/example_time_delta_sensor_async.py
[2023-12-23T18:26:09.801+0000] {processor.py:766} INFO - DAG(s) dict_keys(['example_time_delta_sensor_async']) retrieved from /home/airflow/.local/lib/python3.7/site-packages/airflow/example_dags/example_time_delta_sensor_async.py
[2023-12-23T18:26:10.002+0000] {logging_mixin.py:120} INFO - [2023-12-23T18:26:10.002+0000] {dag.py:2585} INFO - Sync 1 DAGs
[2023-12-23T18:26:10.025+0000] {logging_mixin.py:120} INFO - [2023-12-23T18:26:10.025+0000] {dag.py:3340} INFO - Setting next_dagrun for example_time_delta_sensor_async to None, run_after=None
[2023-12-23T18:26:10.050+0000] {processor.py:176} INFO - Processing /home/airflow/.local/lib/python3.7/site-packages/airflow/example_dags/example_time_delta_sensor_async.py took 0.266 seconds
[2023-12-23T18:26:40.990+0000] {processor.py:154} INFO - Started process (PID=295) to work on /home/airflow/.local/lib/python3.7/site-packages/airflow/example_dags/example_time_delta_sensor_async.py
[2023-12-23T18:26:40.990+0000] {processor.py:756} INFO - Processing file /home/airflow/.local/lib/python3.7/site-packages/airflow/example_dags/example_time_delta_sensor_async.py for tasks to queue
[2023-12-23T18:26:40.991+0000] {logging_mixin.py:120} INFO - [2023-12-23T18:26:40.991+0000] {dagbag.py:537} INFO - Filling up the DagBag from /home/airflow/.local/lib/python3.7/site-packages/airflow/example_dags/example_time_delta_sensor_async.py
[2023-12-23T18:26:41.002+0000] {processor.py:766} INFO - DAG(s) dict_keys(['example_time_delta_sensor_async']) retrieved from /home/airflow/.local/lib/python3.7/site-packages/airflow/example_dags/example_time_delta_sensor_async.py
[2023-12-23T18:26:41.228+0000] {logging_mixin.py:120} INFO - [2023-12-23T18:26:41.228+0000] {dag.py:2585} INFO - Sync 1 DAGs
[2023-12-23T18:26:41.258+0000] {logging_mixin.py:120} INFO - [2023-12-23T18:26:41.258+0000] {dag.py:3340} INFO - Setting next_dagrun for example_time_delta_sensor_async to None, run_after=None
[2023-12-23T18:26:41.283+0000] {processor.py:176} INFO - Processing /home/airflow/.local/lib/python3.7/site-packages/airflow/example_dags/example_time_delta_sensor_async.py took 0.296 seconds
[2023-12-23T18:35:56.076+0000] {processor.py:154} INFO - Started process (PID=51) to work on /home/airflow/.local/lib/python3.7/site-packages/airflow/example_dags/example_time_delta_sensor_async.py
[2023-12-23T18:35:56.078+0000] {processor.py:756} INFO - Processing file /home/airflow/.local/lib/python3.7/site-packages/airflow/example_dags/example_time_delta_sensor_async.py for tasks to queue
[2023-12-23T18:35:56.079+0000] {logging_mixin.py:120} INFO - [2023-12-23T18:35:56.079+0000] {dagbag.py:537} INFO - Filling up the DagBag from /home/airflow/.local/lib/python3.7/site-packages/airflow/example_dags/example_time_delta_sensor_async.py
[2023-12-23T18:35:56.101+0000] {processor.py:766} INFO - DAG(s) dict_keys(['example_time_delta_sensor_async']) retrieved from /home/airflow/.local/lib/python3.7/site-packages/airflow/example_dags/example_time_delta_sensor_async.py
[2023-12-23T18:35:56.160+0000] {logging_mixin.py:120} INFO - [2023-12-23T18:35:56.160+0000] {dag.py:2585} INFO - Sync 1 DAGs
[2023-12-23T18:35:56.198+0000] {logging_mixin.py:120} INFO - [2023-12-23T18:35:56.198+0000] {dag.py:3340} INFO - Setting next_dagrun for example_time_delta_sensor_async to None, run_after=None
[2023-12-23T18:35:56.234+0000] {processor.py:176} INFO - Processing /home/airflow/.local/lib/python3.7/site-packages/airflow/example_dags/example_time_delta_sensor_async.py took 0.162 seconds
[2023-12-23T18:36:26.534+0000] {processor.py:154} INFO - Started process (PID=104) to work on /home/airflow/.local/lib/python3.7/site-packages/airflow/example_dags/example_time_delta_sensor_async.py
[2023-12-23T18:36:26.535+0000] {processor.py:756} INFO - Processing file /home/airflow/.local/lib/python3.7/site-packages/airflow/example_dags/example_time_delta_sensor_async.py for tasks to queue
[2023-12-23T18:36:26.536+0000] {logging_mixin.py:120} INFO - [2023-12-23T18:36:26.536+0000] {dagbag.py:537} INFO - Filling up the DagBag from /home/airflow/.local/lib/python3.7/site-packages/airflow/example_dags/example_time_delta_sensor_async.py
[2023-12-23T18:36:26.548+0000] {processor.py:766} INFO - DAG(s) dict_keys(['example_time_delta_sensor_async']) retrieved from /home/airflow/.local/lib/python3.7/site-packages/airflow/example_dags/example_time_delta_sensor_async.py
[2023-12-23T18:36:26.776+0000] {logging_mixin.py:120} INFO - [2023-12-23T18:36:26.776+0000] {dag.py:2585} INFO - Sync 1 DAGs
[2023-12-23T18:36:26.808+0000] {logging_mixin.py:120} INFO - [2023-12-23T18:36:26.808+0000] {dag.py:3340} INFO - Setting next_dagrun for example_time_delta_sensor_async to None, run_after=None
[2023-12-23T18:36:26.836+0000] {processor.py:176} INFO - Processing /home/airflow/.local/lib/python3.7/site-packages/airflow/example_dags/example_time_delta_sensor_async.py took 0.305 seconds
[2023-12-23T18:36:57.164+0000] {processor.py:154} INFO - Started process (PID=169) to work on /home/airflow/.local/lib/python3.7/site-packages/airflow/example_dags/example_time_delta_sensor_async.py
[2023-12-23T18:36:57.165+0000] {processor.py:756} INFO - Processing file /home/airflow/.local/lib/python3.7/site-packages/airflow/example_dags/example_time_delta_sensor_async.py for tasks to queue
[2023-12-23T18:36:57.166+0000] {logging_mixin.py:120} INFO - [2023-12-23T18:36:57.165+0000] {dagbag.py:537} INFO - Filling up the DagBag from /home/airflow/.local/lib/python3.7/site-packages/airflow/example_dags/example_time_delta_sensor_async.py
[2023-12-23T18:36:57.181+0000] {processor.py:766} INFO - DAG(s) dict_keys(['example_time_delta_sensor_async']) retrieved from /home/airflow/.local/lib/python3.7/site-packages/airflow/example_dags/example_time_delta_sensor_async.py
[2023-12-23T18:36:57.448+0000] {logging_mixin.py:120} INFO - [2023-12-23T18:36:57.448+0000] {dag.py:2585} INFO - Sync 1 DAGs
[2023-12-23T18:36:57.483+0000] {logging_mixin.py:120} INFO - [2023-12-23T18:36:57.483+0000] {dag.py:3340} INFO - Setting next_dagrun for example_time_delta_sensor_async to None, run_after=None
[2023-12-23T18:36:57.510+0000] {processor.py:176} INFO - Processing /home/airflow/.local/lib/python3.7/site-packages/airflow/example_dags/example_time_delta_sensor_async.py took 0.349 seconds
