[2023-12-23T18:12:48.742+0000] {processor.py:154} INFO - Started process (PID=70) to work on /home/airflow/.local/lib/python3.7/site-packages/airflow/example_dags/example_bash_operator.py
[2023-12-23T18:12:48.743+0000] {processor.py:756} INFO - Processing file /home/airflow/.local/lib/python3.7/site-packages/airflow/example_dags/example_bash_operator.py for tasks to queue
[2023-12-23T18:12:48.744+0000] {logging_mixin.py:120} INFO - [2023-12-23T18:12:48.743+0000] {dagbag.py:537} INFO - Filling up the DagBag from /home/airflow/.local/lib/python3.7/site-packages/airflow/example_dags/example_bash_operator.py
[2023-12-23T18:12:48.769+0000] {processor.py:766} INFO - DAG(s) dict_keys(['example_bash_operator']) retrieved from /home/airflow/.local/lib/python3.7/site-packages/airflow/example_dags/example_bash_operator.py
[2023-12-23T18:12:48.825+0000] {logging_mixin.py:120} INFO - [2023-12-23T18:12:48.825+0000] {dag.py:2585} INFO - Sync 1 DAGs
[2023-12-23T18:12:48.863+0000] {logging_mixin.py:120} INFO - [2023-12-23T18:12:48.863+0000] {dag.py:3340} INFO - Setting next_dagrun for example_bash_operator to 2023-12-22T00:00:00+00:00, run_after=2023-12-23T00:00:00+00:00
[2023-12-23T18:12:48.900+0000] {processor.py:176} INFO - Processing /home/airflow/.local/lib/python3.7/site-packages/airflow/example_dags/example_bash_operator.py took 0.160 seconds
[2023-12-23T18:13:19.910+0000] {processor.py:154} INFO - Started process (PID=133) to work on /home/airflow/.local/lib/python3.7/site-packages/airflow/example_dags/example_bash_operator.py
[2023-12-23T18:13:19.911+0000] {processor.py:756} INFO - Processing file /home/airflow/.local/lib/python3.7/site-packages/airflow/example_dags/example_bash_operator.py for tasks to queue
[2023-12-23T18:13:19.912+0000] {logging_mixin.py:120} INFO - [2023-12-23T18:13:19.912+0000] {dagbag.py:537} INFO - Filling up the DagBag from /home/airflow/.local/lib/python3.7/site-packages/airflow/example_dags/example_bash_operator.py
[2023-12-23T18:13:19.946+0000] {processor.py:766} INFO - DAG(s) dict_keys(['example_bash_operator']) retrieved from /home/airflow/.local/lib/python3.7/site-packages/airflow/example_dags/example_bash_operator.py
[2023-12-23T18:13:20.006+0000] {logging_mixin.py:120} INFO - [2023-12-23T18:13:20.006+0000] {dag.py:2585} INFO - Sync 1 DAGs
[2023-12-23T18:13:20.039+0000] {logging_mixin.py:120} INFO - [2023-12-23T18:13:20.039+0000] {dag.py:3340} INFO - Setting next_dagrun for example_bash_operator to 2023-12-22T00:00:00+00:00, run_after=2023-12-23T00:00:00+00:00
[2023-12-23T18:13:20.068+0000] {processor.py:176} INFO - Processing /home/airflow/.local/lib/python3.7/site-packages/airflow/example_dags/example_bash_operator.py took 0.160 seconds
[2023-12-23T18:13:50.730+0000] {processor.py:154} INFO - Started process (PID=196) to work on /home/airflow/.local/lib/python3.7/site-packages/airflow/example_dags/example_bash_operator.py
[2023-12-23T18:13:50.731+0000] {processor.py:756} INFO - Processing file /home/airflow/.local/lib/python3.7/site-packages/airflow/example_dags/example_bash_operator.py for tasks to queue
[2023-12-23T18:13:50.732+0000] {logging_mixin.py:120} INFO - [2023-12-23T18:13:50.732+0000] {dagbag.py:537} INFO - Filling up the DagBag from /home/airflow/.local/lib/python3.7/site-packages/airflow/example_dags/example_bash_operator.py
[2023-12-23T18:13:50.759+0000] {processor.py:766} INFO - DAG(s) dict_keys(['example_bash_operator']) retrieved from /home/airflow/.local/lib/python3.7/site-packages/airflow/example_dags/example_bash_operator.py
[2023-12-23T18:13:50.818+0000] {logging_mixin.py:120} INFO - [2023-12-23T18:13:50.818+0000] {dag.py:2585} INFO - Sync 1 DAGs
[2023-12-23T18:13:50.851+0000] {logging_mixin.py:120} INFO - [2023-12-23T18:13:50.851+0000] {dag.py:3340} INFO - Setting next_dagrun for example_bash_operator to 2023-12-22T00:00:00+00:00, run_after=2023-12-23T00:00:00+00:00
[2023-12-23T18:13:50.897+0000] {processor.py:176} INFO - Processing /home/airflow/.local/lib/python3.7/site-packages/airflow/example_dags/example_bash_operator.py took 0.181 seconds
[2023-12-23T18:14:21.683+0000] {processor.py:154} INFO - Started process (PID=250) to work on /home/airflow/.local/lib/python3.7/site-packages/airflow/example_dags/example_bash_operator.py
[2023-12-23T18:14:21.684+0000] {processor.py:756} INFO - Processing file /home/airflow/.local/lib/python3.7/site-packages/airflow/example_dags/example_bash_operator.py for tasks to queue
[2023-12-23T18:14:21.684+0000] {logging_mixin.py:120} INFO - [2023-12-23T18:14:21.684+0000] {dagbag.py:537} INFO - Filling up the DagBag from /home/airflow/.local/lib/python3.7/site-packages/airflow/example_dags/example_bash_operator.py
[2023-12-23T18:14:21.702+0000] {processor.py:766} INFO - DAG(s) dict_keys(['example_bash_operator']) retrieved from /home/airflow/.local/lib/python3.7/site-packages/airflow/example_dags/example_bash_operator.py
[2023-12-23T18:14:21.740+0000] {logging_mixin.py:120} INFO - [2023-12-23T18:14:21.740+0000] {dag.py:2585} INFO - Sync 1 DAGs
[2023-12-23T18:14:21.761+0000] {logging_mixin.py:120} INFO - [2023-12-23T18:14:21.761+0000] {dag.py:3340} INFO - Setting next_dagrun for example_bash_operator to 2023-12-22T00:00:00+00:00, run_after=2023-12-23T00:00:00+00:00
[2023-12-23T18:14:21.785+0000] {processor.py:176} INFO - Processing /home/airflow/.local/lib/python3.7/site-packages/airflow/example_dags/example_bash_operator.py took 0.105 seconds
[2023-12-23T18:14:52.641+0000] {processor.py:154} INFO - Started process (PID=314) to work on /home/airflow/.local/lib/python3.7/site-packages/airflow/example_dags/example_bash_operator.py
[2023-12-23T18:14:52.642+0000] {processor.py:756} INFO - Processing file /home/airflow/.local/lib/python3.7/site-packages/airflow/example_dags/example_bash_operator.py for tasks to queue
[2023-12-23T18:14:52.642+0000] {logging_mixin.py:120} INFO - [2023-12-23T18:14:52.642+0000] {dagbag.py:537} INFO - Filling up the DagBag from /home/airflow/.local/lib/python3.7/site-packages/airflow/example_dags/example_bash_operator.py
[2023-12-23T18:14:52.661+0000] {processor.py:766} INFO - DAG(s) dict_keys(['example_bash_operator']) retrieved from /home/airflow/.local/lib/python3.7/site-packages/airflow/example_dags/example_bash_operator.py
[2023-12-23T18:14:52.700+0000] {logging_mixin.py:120} INFO - [2023-12-23T18:14:52.700+0000] {dag.py:2585} INFO - Sync 1 DAGs
[2023-12-23T18:14:52.724+0000] {logging_mixin.py:120} INFO - [2023-12-23T18:14:52.724+0000] {dag.py:3340} INFO - Setting next_dagrun for example_bash_operator to 2023-12-22T00:00:00+00:00, run_after=2023-12-23T00:00:00+00:00
[2023-12-23T18:14:52.750+0000] {processor.py:176} INFO - Processing /home/airflow/.local/lib/python3.7/site-packages/airflow/example_dags/example_bash_operator.py took 0.111 seconds
[2023-12-23T18:15:22.940+0000] {processor.py:154} INFO - Started process (PID=377) to work on /home/airflow/.local/lib/python3.7/site-packages/airflow/example_dags/example_bash_operator.py
[2023-12-23T18:15:22.940+0000] {processor.py:756} INFO - Processing file /home/airflow/.local/lib/python3.7/site-packages/airflow/example_dags/example_bash_operator.py for tasks to queue
[2023-12-23T18:15:22.941+0000] {logging_mixin.py:120} INFO - [2023-12-23T18:15:22.941+0000] {dagbag.py:537} INFO - Filling up the DagBag from /home/airflow/.local/lib/python3.7/site-packages/airflow/example_dags/example_bash_operator.py
[2023-12-23T18:15:22.959+0000] {processor.py:766} INFO - DAG(s) dict_keys(['example_bash_operator']) retrieved from /home/airflow/.local/lib/python3.7/site-packages/airflow/example_dags/example_bash_operator.py
[2023-12-23T18:15:22.999+0000] {logging_mixin.py:120} INFO - [2023-12-23T18:15:22.998+0000] {dag.py:2585} INFO - Sync 1 DAGs
[2023-12-23T18:15:23.025+0000] {logging_mixin.py:120} INFO - [2023-12-23T18:15:23.025+0000] {dag.py:3340} INFO - Setting next_dagrun for example_bash_operator to 2023-12-22T00:00:00+00:00, run_after=2023-12-23T00:00:00+00:00
[2023-12-23T18:15:23.048+0000] {processor.py:176} INFO - Processing /home/airflow/.local/lib/python3.7/site-packages/airflow/example_dags/example_bash_operator.py took 0.111 seconds
[2023-12-23T18:15:53.810+0000] {processor.py:154} INFO - Started process (PID=432) to work on /home/airflow/.local/lib/python3.7/site-packages/airflow/example_dags/example_bash_operator.py
[2023-12-23T18:15:53.810+0000] {processor.py:756} INFO - Processing file /home/airflow/.local/lib/python3.7/site-packages/airflow/example_dags/example_bash_operator.py for tasks to queue
[2023-12-23T18:15:53.811+0000] {logging_mixin.py:120} INFO - [2023-12-23T18:15:53.811+0000] {dagbag.py:537} INFO - Filling up the DagBag from /home/airflow/.local/lib/python3.7/site-packages/airflow/example_dags/example_bash_operator.py
[2023-12-23T18:15:53.837+0000] {processor.py:766} INFO - DAG(s) dict_keys(['example_bash_operator']) retrieved from /home/airflow/.local/lib/python3.7/site-packages/airflow/example_dags/example_bash_operator.py
[2023-12-23T18:15:53.892+0000] {logging_mixin.py:120} INFO - [2023-12-23T18:15:53.891+0000] {dag.py:2585} INFO - Sync 1 DAGs
[2023-12-23T18:15:53.926+0000] {logging_mixin.py:120} INFO - [2023-12-23T18:15:53.926+0000] {dag.py:3340} INFO - Setting next_dagrun for example_bash_operator to 2023-12-22T00:00:00+00:00, run_after=2023-12-23T00:00:00+00:00
[2023-12-23T18:15:53.947+0000] {processor.py:176} INFO - Processing /home/airflow/.local/lib/python3.7/site-packages/airflow/example_dags/example_bash_operator.py took 0.141 seconds
[2023-12-23T18:16:24.684+0000] {processor.py:154} INFO - Started process (PID=495) to work on /home/airflow/.local/lib/python3.7/site-packages/airflow/example_dags/example_bash_operator.py
[2023-12-23T18:16:24.685+0000] {processor.py:756} INFO - Processing file /home/airflow/.local/lib/python3.7/site-packages/airflow/example_dags/example_bash_operator.py for tasks to queue
[2023-12-23T18:16:24.685+0000] {logging_mixin.py:120} INFO - [2023-12-23T18:16:24.685+0000] {dagbag.py:537} INFO - Filling up the DagBag from /home/airflow/.local/lib/python3.7/site-packages/airflow/example_dags/example_bash_operator.py
[2023-12-23T18:16:24.702+0000] {processor.py:766} INFO - DAG(s) dict_keys(['example_bash_operator']) retrieved from /home/airflow/.local/lib/python3.7/site-packages/airflow/example_dags/example_bash_operator.py
[2023-12-23T18:16:24.741+0000] {logging_mixin.py:120} INFO - [2023-12-23T18:16:24.741+0000] {dag.py:2585} INFO - Sync 1 DAGs
[2023-12-23T18:16:24.765+0000] {logging_mixin.py:120} INFO - [2023-12-23T18:16:24.765+0000] {dag.py:3340} INFO - Setting next_dagrun for example_bash_operator to 2023-12-22T00:00:00+00:00, run_after=2023-12-23T00:00:00+00:00
[2023-12-23T18:16:24.788+0000] {processor.py:176} INFO - Processing /home/airflow/.local/lib/python3.7/site-packages/airflow/example_dags/example_bash_operator.py took 0.107 seconds
[2023-12-23T18:16:55.395+0000] {processor.py:154} INFO - Started process (PID=559) to work on /home/airflow/.local/lib/python3.7/site-packages/airflow/example_dags/example_bash_operator.py
[2023-12-23T18:16:55.396+0000] {processor.py:756} INFO - Processing file /home/airflow/.local/lib/python3.7/site-packages/airflow/example_dags/example_bash_operator.py for tasks to queue
[2023-12-23T18:16:55.397+0000] {logging_mixin.py:120} INFO - [2023-12-23T18:16:55.396+0000] {dagbag.py:537} INFO - Filling up the DagBag from /home/airflow/.local/lib/python3.7/site-packages/airflow/example_dags/example_bash_operator.py
[2023-12-23T18:16:55.420+0000] {processor.py:766} INFO - DAG(s) dict_keys(['example_bash_operator']) retrieved from /home/airflow/.local/lib/python3.7/site-packages/airflow/example_dags/example_bash_operator.py
[2023-12-23T18:16:55.465+0000] {logging_mixin.py:120} INFO - [2023-12-23T18:16:55.465+0000] {dag.py:2585} INFO - Sync 1 DAGs
[2023-12-23T18:16:55.488+0000] {logging_mixin.py:120} INFO - [2023-12-23T18:16:55.488+0000] {dag.py:3340} INFO - Setting next_dagrun for example_bash_operator to 2023-12-22T00:00:00+00:00, run_after=2023-12-23T00:00:00+00:00
[2023-12-23T18:16:55.513+0000] {processor.py:176} INFO - Processing /home/airflow/.local/lib/python3.7/site-packages/airflow/example_dags/example_bash_operator.py took 0.121 seconds
[2023-12-23T18:17:26.304+0000] {processor.py:154} INFO - Started process (PID=623) to work on /home/airflow/.local/lib/python3.7/site-packages/airflow/example_dags/example_bash_operator.py
[2023-12-23T18:17:26.305+0000] {processor.py:756} INFO - Processing file /home/airflow/.local/lib/python3.7/site-packages/airflow/example_dags/example_bash_operator.py for tasks to queue
[2023-12-23T18:17:26.305+0000] {logging_mixin.py:120} INFO - [2023-12-23T18:17:26.305+0000] {dagbag.py:537} INFO - Filling up the DagBag from /home/airflow/.local/lib/python3.7/site-packages/airflow/example_dags/example_bash_operator.py
[2023-12-23T18:17:26.323+0000] {processor.py:766} INFO - DAG(s) dict_keys(['example_bash_operator']) retrieved from /home/airflow/.local/lib/python3.7/site-packages/airflow/example_dags/example_bash_operator.py
[2023-12-23T18:17:26.370+0000] {logging_mixin.py:120} INFO - [2023-12-23T18:17:26.370+0000] {dag.py:2585} INFO - Sync 1 DAGs
[2023-12-23T18:17:26.399+0000] {logging_mixin.py:120} INFO - [2023-12-23T18:17:26.399+0000] {dag.py:3340} INFO - Setting next_dagrun for example_bash_operator to 2023-12-22T00:00:00+00:00, run_after=2023-12-23T00:00:00+00:00
[2023-12-23T18:17:26.424+0000] {processor.py:176} INFO - Processing /home/airflow/.local/lib/python3.7/site-packages/airflow/example_dags/example_bash_operator.py took 0.122 seconds
[2023-12-23T18:17:57.082+0000] {processor.py:154} INFO - Started process (PID=678) to work on /home/airflow/.local/lib/python3.7/site-packages/airflow/example_dags/example_bash_operator.py
[2023-12-23T18:17:57.083+0000] {processor.py:756} INFO - Processing file /home/airflow/.local/lib/python3.7/site-packages/airflow/example_dags/example_bash_operator.py for tasks to queue
[2023-12-23T18:17:57.083+0000] {logging_mixin.py:120} INFO - [2023-12-23T18:17:57.083+0000] {dagbag.py:537} INFO - Filling up the DagBag from /home/airflow/.local/lib/python3.7/site-packages/airflow/example_dags/example_bash_operator.py
[2023-12-23T18:17:57.108+0000] {processor.py:766} INFO - DAG(s) dict_keys(['example_bash_operator']) retrieved from /home/airflow/.local/lib/python3.7/site-packages/airflow/example_dags/example_bash_operator.py
[2023-12-23T18:17:57.168+0000] {logging_mixin.py:120} INFO - [2023-12-23T18:17:57.168+0000] {dag.py:2585} INFO - Sync 1 DAGs
[2023-12-23T18:17:57.207+0000] {logging_mixin.py:120} INFO - [2023-12-23T18:17:57.207+0000] {dag.py:3340} INFO - Setting next_dagrun for example_bash_operator to 2023-12-22T00:00:00+00:00, run_after=2023-12-23T00:00:00+00:00
[2023-12-23T18:17:57.233+0000] {processor.py:176} INFO - Processing /home/airflow/.local/lib/python3.7/site-packages/airflow/example_dags/example_bash_operator.py took 0.155 seconds
[2023-12-23T18:18:27.903+0000] {processor.py:154} INFO - Started process (PID=742) to work on /home/airflow/.local/lib/python3.7/site-packages/airflow/example_dags/example_bash_operator.py
[2023-12-23T18:18:27.904+0000] {processor.py:756} INFO - Processing file /home/airflow/.local/lib/python3.7/site-packages/airflow/example_dags/example_bash_operator.py for tasks to queue
[2023-12-23T18:18:27.905+0000] {logging_mixin.py:120} INFO - [2023-12-23T18:18:27.904+0000] {dagbag.py:537} INFO - Filling up the DagBag from /home/airflow/.local/lib/python3.7/site-packages/airflow/example_dags/example_bash_operator.py
[2023-12-23T18:18:27.922+0000] {processor.py:766} INFO - DAG(s) dict_keys(['example_bash_operator']) retrieved from /home/airflow/.local/lib/python3.7/site-packages/airflow/example_dags/example_bash_operator.py
[2023-12-23T18:18:27.969+0000] {logging_mixin.py:120} INFO - [2023-12-23T18:18:27.968+0000] {dag.py:2585} INFO - Sync 1 DAGs
[2023-12-23T18:18:27.997+0000] {logging_mixin.py:120} INFO - [2023-12-23T18:18:27.997+0000] {dag.py:3340} INFO - Setting next_dagrun for example_bash_operator to 2023-12-22T00:00:00+00:00, run_after=2023-12-23T00:00:00+00:00
[2023-12-23T18:18:28.021+0000] {processor.py:176} INFO - Processing /home/airflow/.local/lib/python3.7/site-packages/airflow/example_dags/example_bash_operator.py took 0.121 seconds
[2023-12-23T18:18:58.619+0000] {processor.py:154} INFO - Started process (PID=806) to work on /home/airflow/.local/lib/python3.7/site-packages/airflow/example_dags/example_bash_operator.py
[2023-12-23T18:18:58.620+0000] {processor.py:756} INFO - Processing file /home/airflow/.local/lib/python3.7/site-packages/airflow/example_dags/example_bash_operator.py for tasks to queue
[2023-12-23T18:18:58.620+0000] {logging_mixin.py:120} INFO - [2023-12-23T18:18:58.620+0000] {dagbag.py:537} INFO - Filling up the DagBag from /home/airflow/.local/lib/python3.7/site-packages/airflow/example_dags/example_bash_operator.py
[2023-12-23T18:18:58.637+0000] {processor.py:766} INFO - DAG(s) dict_keys(['example_bash_operator']) retrieved from /home/airflow/.local/lib/python3.7/site-packages/airflow/example_dags/example_bash_operator.py
[2023-12-23T18:18:58.692+0000] {logging_mixin.py:120} INFO - [2023-12-23T18:18:58.692+0000] {dag.py:2585} INFO - Sync 1 DAGs
[2023-12-23T18:18:58.723+0000] {logging_mixin.py:120} INFO - [2023-12-23T18:18:58.723+0000] {dag.py:3340} INFO - Setting next_dagrun for example_bash_operator to 2023-12-22T00:00:00+00:00, run_after=2023-12-23T00:00:00+00:00
[2023-12-23T18:18:58.750+0000] {processor.py:176} INFO - Processing /home/airflow/.local/lib/python3.7/site-packages/airflow/example_dags/example_bash_operator.py took 0.133 seconds
[2023-12-23T18:19:29.612+0000] {processor.py:154} INFO - Started process (PID=870) to work on /home/airflow/.local/lib/python3.7/site-packages/airflow/example_dags/example_bash_operator.py
[2023-12-23T18:19:29.613+0000] {processor.py:756} INFO - Processing file /home/airflow/.local/lib/python3.7/site-packages/airflow/example_dags/example_bash_operator.py for tasks to queue
[2023-12-23T18:19:29.613+0000] {logging_mixin.py:120} INFO - [2023-12-23T18:19:29.613+0000] {dagbag.py:537} INFO - Filling up the DagBag from /home/airflow/.local/lib/python3.7/site-packages/airflow/example_dags/example_bash_operator.py
[2023-12-23T18:19:29.632+0000] {processor.py:766} INFO - DAG(s) dict_keys(['example_bash_operator']) retrieved from /home/airflow/.local/lib/python3.7/site-packages/airflow/example_dags/example_bash_operator.py
[2023-12-23T18:19:29.683+0000] {logging_mixin.py:120} INFO - [2023-12-23T18:19:29.683+0000] {dag.py:2585} INFO - Sync 1 DAGs
[2023-12-23T18:19:29.707+0000] {logging_mixin.py:120} INFO - [2023-12-23T18:19:29.707+0000] {dag.py:3340} INFO - Setting next_dagrun for example_bash_operator to 2023-12-22T00:00:00+00:00, run_after=2023-12-23T00:00:00+00:00
[2023-12-23T18:19:29.726+0000] {processor.py:176} INFO - Processing /home/airflow/.local/lib/python3.7/site-packages/airflow/example_dags/example_bash_operator.py took 0.118 seconds
[2023-12-23T18:20:00.277+0000] {processor.py:154} INFO - Started process (PID=925) to work on /home/airflow/.local/lib/python3.7/site-packages/airflow/example_dags/example_bash_operator.py
[2023-12-23T18:20:00.278+0000] {processor.py:756} INFO - Processing file /home/airflow/.local/lib/python3.7/site-packages/airflow/example_dags/example_bash_operator.py for tasks to queue
[2023-12-23T18:20:00.279+0000] {logging_mixin.py:120} INFO - [2023-12-23T18:20:00.279+0000] {dagbag.py:537} INFO - Filling up the DagBag from /home/airflow/.local/lib/python3.7/site-packages/airflow/example_dags/example_bash_operator.py
[2023-12-23T18:20:00.304+0000] {processor.py:766} INFO - DAG(s) dict_keys(['example_bash_operator']) retrieved from /home/airflow/.local/lib/python3.7/site-packages/airflow/example_dags/example_bash_operator.py
[2023-12-23T18:20:00.359+0000] {logging_mixin.py:120} INFO - [2023-12-23T18:20:00.358+0000] {dag.py:2585} INFO - Sync 1 DAGs
[2023-12-23T18:20:00.390+0000] {logging_mixin.py:120} INFO - [2023-12-23T18:20:00.389+0000] {dag.py:3340} INFO - Setting next_dagrun for example_bash_operator to 2023-12-22T00:00:00+00:00, run_after=2023-12-23T00:00:00+00:00
[2023-12-23T18:20:00.414+0000] {processor.py:176} INFO - Processing /home/airflow/.local/lib/python3.7/site-packages/airflow/example_dags/example_bash_operator.py took 0.140 seconds
[2023-12-23T18:21:05.647+0000] {processor.py:154} INFO - Started process (PID=70) to work on /home/airflow/.local/lib/python3.7/site-packages/airflow/example_dags/example_bash_operator.py
[2023-12-23T18:21:05.648+0000] {processor.py:756} INFO - Processing file /home/airflow/.local/lib/python3.7/site-packages/airflow/example_dags/example_bash_operator.py for tasks to queue
[2023-12-23T18:21:05.649+0000] {logging_mixin.py:120} INFO - [2023-12-23T18:21:05.649+0000] {dagbag.py:537} INFO - Filling up the DagBag from /home/airflow/.local/lib/python3.7/site-packages/airflow/example_dags/example_bash_operator.py
[2023-12-23T18:21:05.682+0000] {processor.py:766} INFO - DAG(s) dict_keys(['example_bash_operator']) retrieved from /home/airflow/.local/lib/python3.7/site-packages/airflow/example_dags/example_bash_operator.py
[2023-12-23T18:21:05.743+0000] {logging_mixin.py:120} INFO - [2023-12-23T18:21:05.743+0000] {dag.py:2585} INFO - Sync 1 DAGs
[2023-12-23T18:21:05.783+0000] {logging_mixin.py:120} INFO - [2023-12-23T18:21:05.783+0000] {dag.py:3340} INFO - Setting next_dagrun for example_bash_operator to 2023-12-22T00:00:00+00:00, run_after=2023-12-23T00:00:00+00:00
[2023-12-23T18:21:05.820+0000] {processor.py:176} INFO - Processing /home/airflow/.local/lib/python3.7/site-packages/airflow/example_dags/example_bash_operator.py took 0.177 seconds
[2023-12-23T18:21:36.240+0000] {processor.py:154} INFO - Started process (PID=133) to work on /home/airflow/.local/lib/python3.7/site-packages/airflow/example_dags/example_bash_operator.py
[2023-12-23T18:21:36.240+0000] {processor.py:756} INFO - Processing file /home/airflow/.local/lib/python3.7/site-packages/airflow/example_dags/example_bash_operator.py for tasks to queue
[2023-12-23T18:21:36.241+0000] {logging_mixin.py:120} INFO - [2023-12-23T18:21:36.241+0000] {dagbag.py:537} INFO - Filling up the DagBag from /home/airflow/.local/lib/python3.7/site-packages/airflow/example_dags/example_bash_operator.py
[2023-12-23T18:21:36.259+0000] {processor.py:766} INFO - DAG(s) dict_keys(['example_bash_operator']) retrieved from /home/airflow/.local/lib/python3.7/site-packages/airflow/example_dags/example_bash_operator.py
[2023-12-23T18:21:36.308+0000] {logging_mixin.py:120} INFO - [2023-12-23T18:21:36.307+0000] {dag.py:2585} INFO - Sync 1 DAGs
[2023-12-23T18:21:36.342+0000] {logging_mixin.py:120} INFO - [2023-12-23T18:21:36.342+0000] {dag.py:3340} INFO - Setting next_dagrun for example_bash_operator to 2023-12-22T00:00:00+00:00, run_after=2023-12-23T00:00:00+00:00
[2023-12-23T18:21:36.366+0000] {processor.py:176} INFO - Processing /home/airflow/.local/lib/python3.7/site-packages/airflow/example_dags/example_bash_operator.py took 0.128 seconds
[2023-12-23T18:22:06.656+0000] {processor.py:154} INFO - Started process (PID=190) to work on /home/airflow/.local/lib/python3.7/site-packages/airflow/example_dags/example_bash_operator.py
[2023-12-23T18:22:06.657+0000] {processor.py:756} INFO - Processing file /home/airflow/.local/lib/python3.7/site-packages/airflow/example_dags/example_bash_operator.py for tasks to queue
[2023-12-23T18:22:06.658+0000] {logging_mixin.py:120} INFO - [2023-12-23T18:22:06.657+0000] {dagbag.py:537} INFO - Filling up the DagBag from /home/airflow/.local/lib/python3.7/site-packages/airflow/example_dags/example_bash_operator.py
[2023-12-23T18:22:06.680+0000] {processor.py:766} INFO - DAG(s) dict_keys(['example_bash_operator']) retrieved from /home/airflow/.local/lib/python3.7/site-packages/airflow/example_dags/example_bash_operator.py
[2023-12-23T18:22:06.725+0000] {logging_mixin.py:120} INFO - [2023-12-23T18:22:06.725+0000] {dag.py:2585} INFO - Sync 1 DAGs
[2023-12-23T18:22:06.748+0000] {logging_mixin.py:120} INFO - [2023-12-23T18:22:06.748+0000] {dag.py:3340} INFO - Setting next_dagrun for example_bash_operator to 2023-12-22T00:00:00+00:00, run_after=2023-12-23T00:00:00+00:00
[2023-12-23T18:22:06.770+0000] {processor.py:176} INFO - Processing /home/airflow/.local/lib/python3.7/site-packages/airflow/example_dags/example_bash_operator.py took 0.117 seconds
[2023-12-23T18:22:37.062+0000] {processor.py:154} INFO - Started process (PID=253) to work on /home/airflow/.local/lib/python3.7/site-packages/airflow/example_dags/example_bash_operator.py
[2023-12-23T18:22:37.063+0000] {processor.py:756} INFO - Processing file /home/airflow/.local/lib/python3.7/site-packages/airflow/example_dags/example_bash_operator.py for tasks to queue
[2023-12-23T18:22:37.063+0000] {logging_mixin.py:120} INFO - [2023-12-23T18:22:37.063+0000] {dagbag.py:537} INFO - Filling up the DagBag from /home/airflow/.local/lib/python3.7/site-packages/airflow/example_dags/example_bash_operator.py
[2023-12-23T18:22:37.082+0000] {processor.py:766} INFO - DAG(s) dict_keys(['example_bash_operator']) retrieved from /home/airflow/.local/lib/python3.7/site-packages/airflow/example_dags/example_bash_operator.py
[2023-12-23T18:22:37.120+0000] {logging_mixin.py:120} INFO - [2023-12-23T18:22:37.120+0000] {dag.py:2585} INFO - Sync 1 DAGs
[2023-12-23T18:22:37.142+0000] {logging_mixin.py:120} INFO - [2023-12-23T18:22:37.142+0000] {dag.py:3340} INFO - Setting next_dagrun for example_bash_operator to 2023-12-22T00:00:00+00:00, run_after=2023-12-23T00:00:00+00:00
[2023-12-23T18:22:37.162+0000] {processor.py:176} INFO - Processing /home/airflow/.local/lib/python3.7/site-packages/airflow/example_dags/example_bash_operator.py took 0.102 seconds
[2023-12-23T18:23:07.337+0000] {processor.py:154} INFO - Started process (PID=317) to work on /home/airflow/.local/lib/python3.7/site-packages/airflow/example_dags/example_bash_operator.py
[2023-12-23T18:23:07.338+0000] {processor.py:756} INFO - Processing file /home/airflow/.local/lib/python3.7/site-packages/airflow/example_dags/example_bash_operator.py for tasks to queue
[2023-12-23T18:23:07.339+0000] {logging_mixin.py:120} INFO - [2023-12-23T18:23:07.339+0000] {dagbag.py:537} INFO - Filling up the DagBag from /home/airflow/.local/lib/python3.7/site-packages/airflow/example_dags/example_bash_operator.py
[2023-12-23T18:23:07.371+0000] {processor.py:766} INFO - DAG(s) dict_keys(['example_bash_operator']) retrieved from /home/airflow/.local/lib/python3.7/site-packages/airflow/example_dags/example_bash_operator.py
[2023-12-23T18:23:07.417+0000] {logging_mixin.py:120} INFO - [2023-12-23T18:23:07.417+0000] {dag.py:2585} INFO - Sync 1 DAGs
[2023-12-23T18:23:07.439+0000] {logging_mixin.py:120} INFO - [2023-12-23T18:23:07.439+0000] {dag.py:3340} INFO - Setting next_dagrun for example_bash_operator to 2023-12-22T00:00:00+00:00, run_after=2023-12-23T00:00:00+00:00
[2023-12-23T18:23:07.461+0000] {processor.py:176} INFO - Processing /home/airflow/.local/lib/python3.7/site-packages/airflow/example_dags/example_bash_operator.py took 0.127 seconds
[2023-12-23T18:23:38.185+0000] {processor.py:154} INFO - Started process (PID=372) to work on /home/airflow/.local/lib/python3.7/site-packages/airflow/example_dags/example_bash_operator.py
[2023-12-23T18:23:38.186+0000] {processor.py:756} INFO - Processing file /home/airflow/.local/lib/python3.7/site-packages/airflow/example_dags/example_bash_operator.py for tasks to queue
[2023-12-23T18:23:38.186+0000] {logging_mixin.py:120} INFO - [2023-12-23T18:23:38.186+0000] {dagbag.py:537} INFO - Filling up the DagBag from /home/airflow/.local/lib/python3.7/site-packages/airflow/example_dags/example_bash_operator.py
[2023-12-23T18:23:38.209+0000] {processor.py:766} INFO - DAG(s) dict_keys(['example_bash_operator']) retrieved from /home/airflow/.local/lib/python3.7/site-packages/airflow/example_dags/example_bash_operator.py
[2023-12-23T18:23:38.249+0000] {logging_mixin.py:120} INFO - [2023-12-23T18:23:38.249+0000] {dag.py:2585} INFO - Sync 1 DAGs
[2023-12-23T18:23:38.271+0000] {logging_mixin.py:120} INFO - [2023-12-23T18:23:38.271+0000] {dag.py:3340} INFO - Setting next_dagrun for example_bash_operator to 2023-12-22T00:00:00+00:00, run_after=2023-12-23T00:00:00+00:00
[2023-12-23T18:23:38.294+0000] {processor.py:176} INFO - Processing /home/airflow/.local/lib/python3.7/site-packages/airflow/example_dags/example_bash_operator.py took 0.112 seconds
[2023-12-23T18:24:39.972+0000] {processor.py:154} INFO - Started process (PID=70) to work on /home/airflow/.local/lib/python3.7/site-packages/airflow/example_dags/example_bash_operator.py
[2023-12-23T18:24:39.973+0000] {processor.py:756} INFO - Processing file /home/airflow/.local/lib/python3.7/site-packages/airflow/example_dags/example_bash_operator.py for tasks to queue
[2023-12-23T18:24:39.973+0000] {logging_mixin.py:120} INFO - [2023-12-23T18:24:39.973+0000] {dagbag.py:537} INFO - Filling up the DagBag from /home/airflow/.local/lib/python3.7/site-packages/airflow/example_dags/example_bash_operator.py
[2023-12-23T18:24:40.006+0000] {processor.py:766} INFO - DAG(s) dict_keys(['example_bash_operator']) retrieved from /home/airflow/.local/lib/python3.7/site-packages/airflow/example_dags/example_bash_operator.py
[2023-12-23T18:24:40.053+0000] {logging_mixin.py:120} INFO - [2023-12-23T18:24:40.053+0000] {dag.py:2585} INFO - Sync 1 DAGs
[2023-12-23T18:24:40.087+0000] {logging_mixin.py:120} INFO - [2023-12-23T18:24:40.087+0000] {dag.py:3340} INFO - Setting next_dagrun for example_bash_operator to 2023-12-22T00:00:00+00:00, run_after=2023-12-23T00:00:00+00:00
[2023-12-23T18:24:40.113+0000] {processor.py:176} INFO - Processing /home/airflow/.local/lib/python3.7/site-packages/airflow/example_dags/example_bash_operator.py took 0.145 seconds
[2023-12-23T18:25:10.574+0000] {processor.py:154} INFO - Started process (PID=132) to work on /home/airflow/.local/lib/python3.7/site-packages/airflow/example_dags/example_bash_operator.py
[2023-12-23T18:25:10.574+0000] {processor.py:756} INFO - Processing file /home/airflow/.local/lib/python3.7/site-packages/airflow/example_dags/example_bash_operator.py for tasks to queue
[2023-12-23T18:25:10.575+0000] {logging_mixin.py:120} INFO - [2023-12-23T18:25:10.575+0000] {dagbag.py:537} INFO - Filling up the DagBag from /home/airflow/.local/lib/python3.7/site-packages/airflow/example_dags/example_bash_operator.py
[2023-12-23T18:25:10.595+0000] {processor.py:766} INFO - DAG(s) dict_keys(['example_bash_operator']) retrieved from /home/airflow/.local/lib/python3.7/site-packages/airflow/example_dags/example_bash_operator.py
[2023-12-23T18:25:10.636+0000] {logging_mixin.py:120} INFO - [2023-12-23T18:25:10.636+0000] {dag.py:2585} INFO - Sync 1 DAGs
[2023-12-23T18:25:10.676+0000] {logging_mixin.py:120} INFO - [2023-12-23T18:25:10.675+0000] {dag.py:3340} INFO - Setting next_dagrun for example_bash_operator to 2023-12-22T00:00:00+00:00, run_after=2023-12-23T00:00:00+00:00
[2023-12-23T18:25:10.704+0000] {processor.py:176} INFO - Processing /home/airflow/.local/lib/python3.7/site-packages/airflow/example_dags/example_bash_operator.py took 0.133 seconds
[2023-12-23T18:25:41.161+0000] {processor.py:154} INFO - Started process (PID=188) to work on /home/airflow/.local/lib/python3.7/site-packages/airflow/example_dags/example_bash_operator.py
[2023-12-23T18:25:41.162+0000] {processor.py:756} INFO - Processing file /home/airflow/.local/lib/python3.7/site-packages/airflow/example_dags/example_bash_operator.py for tasks to queue
[2023-12-23T18:25:41.163+0000] {logging_mixin.py:120} INFO - [2023-12-23T18:25:41.163+0000] {dagbag.py:537} INFO - Filling up the DagBag from /home/airflow/.local/lib/python3.7/site-packages/airflow/example_dags/example_bash_operator.py
[2023-12-23T18:25:41.188+0000] {processor.py:766} INFO - DAG(s) dict_keys(['example_bash_operator']) retrieved from /home/airflow/.local/lib/python3.7/site-packages/airflow/example_dags/example_bash_operator.py
[2023-12-23T18:25:41.238+0000] {logging_mixin.py:120} INFO - [2023-12-23T18:25:41.238+0000] {dag.py:2585} INFO - Sync 1 DAGs
[2023-12-23T18:25:41.269+0000] {logging_mixin.py:120} INFO - [2023-12-23T18:25:41.269+0000] {dag.py:3340} INFO - Setting next_dagrun for example_bash_operator to 2023-12-22T00:00:00+00:00, run_after=2023-12-23T00:00:00+00:00
[2023-12-23T18:25:41.293+0000] {processor.py:176} INFO - Processing /home/airflow/.local/lib/python3.7/site-packages/airflow/example_dags/example_bash_operator.py took 0.135 seconds
[2023-12-23T18:26:11.499+0000] {processor.py:154} INFO - Started process (PID=251) to work on /home/airflow/.local/lib/python3.7/site-packages/airflow/example_dags/example_bash_operator.py
[2023-12-23T18:26:11.499+0000] {processor.py:756} INFO - Processing file /home/airflow/.local/lib/python3.7/site-packages/airflow/example_dags/example_bash_operator.py for tasks to queue
[2023-12-23T18:26:11.500+0000] {logging_mixin.py:120} INFO - [2023-12-23T18:26:11.500+0000] {dagbag.py:537} INFO - Filling up the DagBag from /home/airflow/.local/lib/python3.7/site-packages/airflow/example_dags/example_bash_operator.py
[2023-12-23T18:26:11.519+0000] {processor.py:766} INFO - DAG(s) dict_keys(['example_bash_operator']) retrieved from /home/airflow/.local/lib/python3.7/site-packages/airflow/example_dags/example_bash_operator.py
[2023-12-23T18:26:11.565+0000] {logging_mixin.py:120} INFO - [2023-12-23T18:26:11.565+0000] {dag.py:2585} INFO - Sync 1 DAGs
[2023-12-23T18:26:11.586+0000] {logging_mixin.py:120} INFO - [2023-12-23T18:26:11.586+0000] {dag.py:3340} INFO - Setting next_dagrun for example_bash_operator to 2023-12-22T00:00:00+00:00, run_after=2023-12-23T00:00:00+00:00
[2023-12-23T18:26:11.612+0000] {processor.py:176} INFO - Processing /home/airflow/.local/lib/python3.7/site-packages/airflow/example_dags/example_bash_operator.py took 0.116 seconds
[2023-12-23T18:35:58.885+0000] {processor.py:154} INFO - Started process (PID=70) to work on /home/airflow/.local/lib/python3.7/site-packages/airflow/example_dags/example_bash_operator.py
[2023-12-23T18:35:58.886+0000] {processor.py:756} INFO - Processing file /home/airflow/.local/lib/python3.7/site-packages/airflow/example_dags/example_bash_operator.py for tasks to queue
[2023-12-23T18:35:58.886+0000] {logging_mixin.py:120} INFO - [2023-12-23T18:35:58.886+0000] {dagbag.py:537} INFO - Filling up the DagBag from /home/airflow/.local/lib/python3.7/site-packages/airflow/example_dags/example_bash_operator.py
[2023-12-23T18:35:58.928+0000] {processor.py:766} INFO - DAG(s) dict_keys(['example_bash_operator']) retrieved from /home/airflow/.local/lib/python3.7/site-packages/airflow/example_dags/example_bash_operator.py
[2023-12-23T18:35:59.001+0000] {logging_mixin.py:120} INFO - [2023-12-23T18:35:59.001+0000] {dag.py:2585} INFO - Sync 1 DAGs
[2023-12-23T18:35:59.043+0000] {logging_mixin.py:120} INFO - [2023-12-23T18:35:59.043+0000] {dag.py:3340} INFO - Setting next_dagrun for example_bash_operator to 2023-12-22T00:00:00+00:00, run_after=2023-12-23T00:00:00+00:00
[2023-12-23T18:35:59.070+0000] {processor.py:176} INFO - Processing /home/airflow/.local/lib/python3.7/site-packages/airflow/example_dags/example_bash_operator.py took 0.188 seconds
[2023-12-23T18:36:29.304+0000] {processor.py:154} INFO - Started process (PID=133) to work on /home/airflow/.local/lib/python3.7/site-packages/airflow/example_dags/example_bash_operator.py
[2023-12-23T18:36:29.305+0000] {processor.py:756} INFO - Processing file /home/airflow/.local/lib/python3.7/site-packages/airflow/example_dags/example_bash_operator.py for tasks to queue
[2023-12-23T18:36:29.305+0000] {logging_mixin.py:120} INFO - [2023-12-23T18:36:29.305+0000] {dagbag.py:537} INFO - Filling up the DagBag from /home/airflow/.local/lib/python3.7/site-packages/airflow/example_dags/example_bash_operator.py
[2023-12-23T18:36:29.331+0000] {processor.py:766} INFO - DAG(s) dict_keys(['example_bash_operator']) retrieved from /home/airflow/.local/lib/python3.7/site-packages/airflow/example_dags/example_bash_operator.py
[2023-12-23T18:36:29.375+0000] {logging_mixin.py:120} INFO - [2023-12-23T18:36:29.375+0000] {dag.py:2585} INFO - Sync 1 DAGs
[2023-12-23T18:36:29.401+0000] {logging_mixin.py:120} INFO - [2023-12-23T18:36:29.401+0000] {dag.py:3340} INFO - Setting next_dagrun for example_bash_operator to 2023-12-22T00:00:00+00:00, run_after=2023-12-23T00:00:00+00:00
[2023-12-23T18:36:29.424+0000] {processor.py:176} INFO - Processing /home/airflow/.local/lib/python3.7/site-packages/airflow/example_dags/example_bash_operator.py took 0.124 seconds
