[2023-12-23T18:12:45.760+0000] {processor.py:154} INFO - Started process (PID=47) to work on /home/airflow/.local/lib/python3.7/site-packages/airflow/example_dags/example_trigger_target_dag.py
[2023-12-23T18:12:45.761+0000] {processor.py:756} INFO - Processing file /home/airflow/.local/lib/python3.7/site-packages/airflow/example_dags/example_trigger_target_dag.py for tasks to queue
[2023-12-23T18:12:45.762+0000] {logging_mixin.py:120} INFO - [2023-12-23T18:12:45.761+0000] {dagbag.py:537} INFO - Filling up the DagBag from /home/airflow/.local/lib/python3.7/site-packages/airflow/example_dags/example_trigger_target_dag.py
[2023-12-23T18:12:45.789+0000] {processor.py:766} INFO - DAG(s) dict_keys(['example_trigger_target_dag']) retrieved from /home/airflow/.local/lib/python3.7/site-packages/airflow/example_dags/example_trigger_target_dag.py
[2023-12-23T18:12:45.860+0000] {logging_mixin.py:120} INFO - [2023-12-23T18:12:45.860+0000] {dag.py:2585} INFO - Sync 1 DAGs
[2023-12-23T18:12:45.897+0000] {logging_mixin.py:120} INFO - [2023-12-23T18:12:45.897+0000] {dag.py:3340} INFO - Setting next_dagrun for example_trigger_target_dag to None, run_after=None
[2023-12-23T18:12:45.925+0000] {processor.py:176} INFO - Processing /home/airflow/.local/lib/python3.7/site-packages/airflow/example_dags/example_trigger_target_dag.py took 0.169 seconds
[2023-12-23T18:13:16.041+0000] {processor.py:154} INFO - Started process (PID=101) to work on /home/airflow/.local/lib/python3.7/site-packages/airflow/example_dags/example_trigger_target_dag.py
[2023-12-23T18:13:16.042+0000] {processor.py:756} INFO - Processing file /home/airflow/.local/lib/python3.7/site-packages/airflow/example_dags/example_trigger_target_dag.py for tasks to queue
[2023-12-23T18:13:16.042+0000] {logging_mixin.py:120} INFO - [2023-12-23T18:13:16.042+0000] {dagbag.py:537} INFO - Filling up the DagBag from /home/airflow/.local/lib/python3.7/site-packages/airflow/example_dags/example_trigger_target_dag.py
[2023-12-23T18:13:16.070+0000] {processor.py:766} INFO - DAG(s) dict_keys(['example_trigger_target_dag']) retrieved from /home/airflow/.local/lib/python3.7/site-packages/airflow/example_dags/example_trigger_target_dag.py
[2023-12-23T18:13:16.110+0000] {logging_mixin.py:120} INFO - [2023-12-23T18:13:16.110+0000] {dag.py:2585} INFO - Sync 1 DAGs
[2023-12-23T18:13:16.133+0000] {logging_mixin.py:120} INFO - [2023-12-23T18:13:16.133+0000] {dag.py:3340} INFO - Setting next_dagrun for example_trigger_target_dag to None, run_after=None
[2023-12-23T18:13:16.153+0000] {processor.py:176} INFO - Processing /home/airflow/.local/lib/python3.7/site-packages/airflow/example_dags/example_trigger_target_dag.py took 0.115 seconds
[2023-12-23T18:13:47.021+0000] {processor.py:154} INFO - Started process (PID=164) to work on /home/airflow/.local/lib/python3.7/site-packages/airflow/example_dags/example_trigger_target_dag.py
[2023-12-23T18:13:47.022+0000] {processor.py:756} INFO - Processing file /home/airflow/.local/lib/python3.7/site-packages/airflow/example_dags/example_trigger_target_dag.py for tasks to queue
[2023-12-23T18:13:47.023+0000] {logging_mixin.py:120} INFO - [2023-12-23T18:13:47.022+0000] {dagbag.py:537} INFO - Filling up the DagBag from /home/airflow/.local/lib/python3.7/site-packages/airflow/example_dags/example_trigger_target_dag.py
[2023-12-23T18:13:47.052+0000] {processor.py:766} INFO - DAG(s) dict_keys(['example_trigger_target_dag']) retrieved from /home/airflow/.local/lib/python3.7/site-packages/airflow/example_dags/example_trigger_target_dag.py
[2023-12-23T18:13:47.100+0000] {logging_mixin.py:120} INFO - [2023-12-23T18:13:47.100+0000] {dag.py:2585} INFO - Sync 1 DAGs
[2023-12-23T18:13:47.132+0000] {logging_mixin.py:120} INFO - [2023-12-23T18:13:47.132+0000] {dag.py:3340} INFO - Setting next_dagrun for example_trigger_target_dag to None, run_after=None
[2023-12-23T18:13:47.154+0000] {processor.py:176} INFO - Processing /home/airflow/.local/lib/python3.7/site-packages/airflow/example_dags/example_trigger_target_dag.py took 0.136 seconds
[2023-12-23T18:14:18.106+0000] {processor.py:154} INFO - Started process (PID=227) to work on /home/airflow/.local/lib/python3.7/site-packages/airflow/example_dags/example_trigger_target_dag.py
[2023-12-23T18:14:18.106+0000] {processor.py:756} INFO - Processing file /home/airflow/.local/lib/python3.7/site-packages/airflow/example_dags/example_trigger_target_dag.py for tasks to queue
[2023-12-23T18:14:18.107+0000] {logging_mixin.py:120} INFO - [2023-12-23T18:14:18.107+0000] {dagbag.py:537} INFO - Filling up the DagBag from /home/airflow/.local/lib/python3.7/site-packages/airflow/example_dags/example_trigger_target_dag.py
[2023-12-23T18:14:18.127+0000] {processor.py:766} INFO - DAG(s) dict_keys(['example_trigger_target_dag']) retrieved from /home/airflow/.local/lib/python3.7/site-packages/airflow/example_dags/example_trigger_target_dag.py
[2023-12-23T18:14:18.174+0000] {logging_mixin.py:120} INFO - [2023-12-23T18:14:18.173+0000] {dag.py:2585} INFO - Sync 1 DAGs
[2023-12-23T18:14:18.200+0000] {logging_mixin.py:120} INFO - [2023-12-23T18:14:18.200+0000] {dag.py:3340} INFO - Setting next_dagrun for example_trigger_target_dag to None, run_after=None
[2023-12-23T18:14:18.225+0000] {processor.py:176} INFO - Processing /home/airflow/.local/lib/python3.7/site-packages/airflow/example_dags/example_trigger_target_dag.py took 0.122 seconds
[2023-12-23T18:14:48.720+0000] {processor.py:154} INFO - Started process (PID=291) to work on /home/airflow/.local/lib/python3.7/site-packages/airflow/example_dags/example_trigger_target_dag.py
[2023-12-23T18:14:48.721+0000] {processor.py:756} INFO - Processing file /home/airflow/.local/lib/python3.7/site-packages/airflow/example_dags/example_trigger_target_dag.py for tasks to queue
[2023-12-23T18:14:48.722+0000] {logging_mixin.py:120} INFO - [2023-12-23T18:14:48.722+0000] {dagbag.py:537} INFO - Filling up the DagBag from /home/airflow/.local/lib/python3.7/site-packages/airflow/example_dags/example_trigger_target_dag.py
[2023-12-23T18:14:48.743+0000] {processor.py:766} INFO - DAG(s) dict_keys(['example_trigger_target_dag']) retrieved from /home/airflow/.local/lib/python3.7/site-packages/airflow/example_dags/example_trigger_target_dag.py
[2023-12-23T18:14:48.782+0000] {logging_mixin.py:120} INFO - [2023-12-23T18:14:48.782+0000] {dag.py:2585} INFO - Sync 1 DAGs
[2023-12-23T18:14:48.802+0000] {logging_mixin.py:120} INFO - [2023-12-23T18:14:48.802+0000] {dag.py:3340} INFO - Setting next_dagrun for example_trigger_target_dag to None, run_after=None
[2023-12-23T18:14:48.823+0000] {processor.py:176} INFO - Processing /home/airflow/.local/lib/python3.7/site-packages/airflow/example_dags/example_trigger_target_dag.py took 0.107 seconds
[2023-12-23T18:15:19.840+0000] {processor.py:154} INFO - Started process (PID=345) to work on /home/airflow/.local/lib/python3.7/site-packages/airflow/example_dags/example_trigger_target_dag.py
[2023-12-23T18:15:19.841+0000] {processor.py:756} INFO - Processing file /home/airflow/.local/lib/python3.7/site-packages/airflow/example_dags/example_trigger_target_dag.py for tasks to queue
[2023-12-23T18:15:19.841+0000] {logging_mixin.py:120} INFO - [2023-12-23T18:15:19.841+0000] {dagbag.py:537} INFO - Filling up the DagBag from /home/airflow/.local/lib/python3.7/site-packages/airflow/example_dags/example_trigger_target_dag.py
[2023-12-23T18:15:19.871+0000] {processor.py:766} INFO - DAG(s) dict_keys(['example_trigger_target_dag']) retrieved from /home/airflow/.local/lib/python3.7/site-packages/airflow/example_dags/example_trigger_target_dag.py
[2023-12-23T18:15:19.919+0000] {logging_mixin.py:120} INFO - [2023-12-23T18:15:19.919+0000] {dag.py:2585} INFO - Sync 1 DAGs
[2023-12-23T18:15:19.961+0000] {logging_mixin.py:120} INFO - [2023-12-23T18:15:19.961+0000] {dag.py:3340} INFO - Setting next_dagrun for example_trigger_target_dag to None, run_after=None
[2023-12-23T18:15:19.985+0000] {processor.py:176} INFO - Processing /home/airflow/.local/lib/python3.7/site-packages/airflow/example_dags/example_trigger_target_dag.py took 0.148 seconds
[2023-12-23T18:15:50.069+0000] {processor.py:154} INFO - Started process (PID=409) to work on /home/airflow/.local/lib/python3.7/site-packages/airflow/example_dags/example_trigger_target_dag.py
[2023-12-23T18:15:50.070+0000] {processor.py:756} INFO - Processing file /home/airflow/.local/lib/python3.7/site-packages/airflow/example_dags/example_trigger_target_dag.py for tasks to queue
[2023-12-23T18:15:50.071+0000] {logging_mixin.py:120} INFO - [2023-12-23T18:15:50.070+0000] {dagbag.py:537} INFO - Filling up the DagBag from /home/airflow/.local/lib/python3.7/site-packages/airflow/example_dags/example_trigger_target_dag.py
[2023-12-23T18:15:50.095+0000] {processor.py:766} INFO - DAG(s) dict_keys(['example_trigger_target_dag']) retrieved from /home/airflow/.local/lib/python3.7/site-packages/airflow/example_dags/example_trigger_target_dag.py
[2023-12-23T18:15:50.131+0000] {logging_mixin.py:120} INFO - [2023-12-23T18:15:50.131+0000] {dag.py:2585} INFO - Sync 1 DAGs
[2023-12-23T18:15:50.153+0000] {logging_mixin.py:120} INFO - [2023-12-23T18:15:50.153+0000] {dag.py:3340} INFO - Setting next_dagrun for example_trigger_target_dag to None, run_after=None
[2023-12-23T18:15:50.177+0000] {processor.py:176} INFO - Processing /home/airflow/.local/lib/python3.7/site-packages/airflow/example_dags/example_trigger_target_dag.py took 0.111 seconds
[2023-12-23T18:16:21.066+0000] {processor.py:154} INFO - Started process (PID=472) to work on /home/airflow/.local/lib/python3.7/site-packages/airflow/example_dags/example_trigger_target_dag.py
[2023-12-23T18:16:21.067+0000] {processor.py:756} INFO - Processing file /home/airflow/.local/lib/python3.7/site-packages/airflow/example_dags/example_trigger_target_dag.py for tasks to queue
[2023-12-23T18:16:21.068+0000] {logging_mixin.py:120} INFO - [2023-12-23T18:16:21.068+0000] {dagbag.py:537} INFO - Filling up the DagBag from /home/airflow/.local/lib/python3.7/site-packages/airflow/example_dags/example_trigger_target_dag.py
[2023-12-23T18:16:21.093+0000] {processor.py:766} INFO - DAG(s) dict_keys(['example_trigger_target_dag']) retrieved from /home/airflow/.local/lib/python3.7/site-packages/airflow/example_dags/example_trigger_target_dag.py
[2023-12-23T18:16:21.140+0000] {logging_mixin.py:120} INFO - [2023-12-23T18:16:21.140+0000] {dag.py:2585} INFO - Sync 1 DAGs
[2023-12-23T18:16:21.160+0000] {logging_mixin.py:120} INFO - [2023-12-23T18:16:21.160+0000] {dag.py:3340} INFO - Setting next_dagrun for example_trigger_target_dag to None, run_after=None
[2023-12-23T18:16:21.183+0000] {processor.py:176} INFO - Processing /home/airflow/.local/lib/python3.7/site-packages/airflow/example_dags/example_trigger_target_dag.py took 0.120 seconds
[2023-12-23T18:16:51.831+0000] {processor.py:154} INFO - Started process (PID=536) to work on /home/airflow/.local/lib/python3.7/site-packages/airflow/example_dags/example_trigger_target_dag.py
[2023-12-23T18:16:51.832+0000] {processor.py:756} INFO - Processing file /home/airflow/.local/lib/python3.7/site-packages/airflow/example_dags/example_trigger_target_dag.py for tasks to queue
[2023-12-23T18:16:51.833+0000] {logging_mixin.py:120} INFO - [2023-12-23T18:16:51.832+0000] {dagbag.py:537} INFO - Filling up the DagBag from /home/airflow/.local/lib/python3.7/site-packages/airflow/example_dags/example_trigger_target_dag.py
[2023-12-23T18:16:51.857+0000] {processor.py:766} INFO - DAG(s) dict_keys(['example_trigger_target_dag']) retrieved from /home/airflow/.local/lib/python3.7/site-packages/airflow/example_dags/example_trigger_target_dag.py
[2023-12-23T18:16:51.901+0000] {logging_mixin.py:120} INFO - [2023-12-23T18:16:51.901+0000] {dag.py:2585} INFO - Sync 1 DAGs
[2023-12-23T18:16:51.926+0000] {logging_mixin.py:120} INFO - [2023-12-23T18:16:51.925+0000] {dag.py:3340} INFO - Setting next_dagrun for example_trigger_target_dag to None, run_after=None
[2023-12-23T18:16:51.960+0000] {processor.py:176} INFO - Processing /home/airflow/.local/lib/python3.7/site-packages/airflow/example_dags/example_trigger_target_dag.py took 0.131 seconds
[2023-12-23T18:17:22.551+0000] {processor.py:154} INFO - Started process (PID=591) to work on /home/airflow/.local/lib/python3.7/site-packages/airflow/example_dags/example_trigger_target_dag.py
[2023-12-23T18:17:22.552+0000] {processor.py:756} INFO - Processing file /home/airflow/.local/lib/python3.7/site-packages/airflow/example_dags/example_trigger_target_dag.py for tasks to queue
[2023-12-23T18:17:22.553+0000] {logging_mixin.py:120} INFO - [2023-12-23T18:17:22.552+0000] {dagbag.py:537} INFO - Filling up the DagBag from /home/airflow/.local/lib/python3.7/site-packages/airflow/example_dags/example_trigger_target_dag.py
[2023-12-23T18:17:22.571+0000] {processor.py:766} INFO - DAG(s) dict_keys(['example_trigger_target_dag']) retrieved from /home/airflow/.local/lib/python3.7/site-packages/airflow/example_dags/example_trigger_target_dag.py
[2023-12-23T18:17:22.611+0000] {logging_mixin.py:120} INFO - [2023-12-23T18:17:22.611+0000] {dag.py:2585} INFO - Sync 1 DAGs
[2023-12-23T18:17:22.641+0000] {logging_mixin.py:120} INFO - [2023-12-23T18:17:22.641+0000] {dag.py:3340} INFO - Setting next_dagrun for example_trigger_target_dag to None, run_after=None
[2023-12-23T18:17:22.665+0000] {processor.py:176} INFO - Processing /home/airflow/.local/lib/python3.7/site-packages/airflow/example_dags/example_trigger_target_dag.py took 0.118 seconds
[2023-12-23T18:17:53.524+0000] {processor.py:154} INFO - Started process (PID=655) to work on /home/airflow/.local/lib/python3.7/site-packages/airflow/example_dags/example_trigger_target_dag.py
[2023-12-23T18:17:53.525+0000] {processor.py:756} INFO - Processing file /home/airflow/.local/lib/python3.7/site-packages/airflow/example_dags/example_trigger_target_dag.py for tasks to queue
[2023-12-23T18:17:53.525+0000] {logging_mixin.py:120} INFO - [2023-12-23T18:17:53.525+0000] {dagbag.py:537} INFO - Filling up the DagBag from /home/airflow/.local/lib/python3.7/site-packages/airflow/example_dags/example_trigger_target_dag.py
[2023-12-23T18:17:53.547+0000] {processor.py:766} INFO - DAG(s) dict_keys(['example_trigger_target_dag']) retrieved from /home/airflow/.local/lib/python3.7/site-packages/airflow/example_dags/example_trigger_target_dag.py
[2023-12-23T18:17:53.591+0000] {logging_mixin.py:120} INFO - [2023-12-23T18:17:53.591+0000] {dag.py:2585} INFO - Sync 1 DAGs
[2023-12-23T18:17:53.615+0000] {logging_mixin.py:120} INFO - [2023-12-23T18:17:53.615+0000] {dag.py:3340} INFO - Setting next_dagrun for example_trigger_target_dag to None, run_after=None
[2023-12-23T18:17:53.639+0000] {processor.py:176} INFO - Processing /home/airflow/.local/lib/python3.7/site-packages/airflow/example_dags/example_trigger_target_dag.py took 0.119 seconds
[2023-12-23T18:18:24.203+0000] {processor.py:154} INFO - Started process (PID=719) to work on /home/airflow/.local/lib/python3.7/site-packages/airflow/example_dags/example_trigger_target_dag.py
[2023-12-23T18:18:24.204+0000] {processor.py:756} INFO - Processing file /home/airflow/.local/lib/python3.7/site-packages/airflow/example_dags/example_trigger_target_dag.py for tasks to queue
[2023-12-23T18:18:24.204+0000] {logging_mixin.py:120} INFO - [2023-12-23T18:18:24.204+0000] {dagbag.py:537} INFO - Filling up the DagBag from /home/airflow/.local/lib/python3.7/site-packages/airflow/example_dags/example_trigger_target_dag.py
[2023-12-23T18:18:24.229+0000] {processor.py:766} INFO - DAG(s) dict_keys(['example_trigger_target_dag']) retrieved from /home/airflow/.local/lib/python3.7/site-packages/airflow/example_dags/example_trigger_target_dag.py
[2023-12-23T18:18:24.268+0000] {logging_mixin.py:120} INFO - [2023-12-23T18:18:24.267+0000] {dag.py:2585} INFO - Sync 1 DAGs
[2023-12-23T18:18:24.287+0000] {logging_mixin.py:120} INFO - [2023-12-23T18:18:24.287+0000] {dag.py:3340} INFO - Setting next_dagrun for example_trigger_target_dag to None, run_after=None
[2023-12-23T18:18:24.308+0000] {processor.py:176} INFO - Processing /home/airflow/.local/lib/python3.7/site-packages/airflow/example_dags/example_trigger_target_dag.py took 0.108 seconds
[2023-12-23T18:18:54.994+0000] {processor.py:154} INFO - Started process (PID=783) to work on /home/airflow/.local/lib/python3.7/site-packages/airflow/example_dags/example_trigger_target_dag.py
[2023-12-23T18:18:54.995+0000] {processor.py:756} INFO - Processing file /home/airflow/.local/lib/python3.7/site-packages/airflow/example_dags/example_trigger_target_dag.py for tasks to queue
[2023-12-23T18:18:54.996+0000] {logging_mixin.py:120} INFO - [2023-12-23T18:18:54.996+0000] {dagbag.py:537} INFO - Filling up the DagBag from /home/airflow/.local/lib/python3.7/site-packages/airflow/example_dags/example_trigger_target_dag.py
[2023-12-23T18:18:55.021+0000] {processor.py:766} INFO - DAG(s) dict_keys(['example_trigger_target_dag']) retrieved from /home/airflow/.local/lib/python3.7/site-packages/airflow/example_dags/example_trigger_target_dag.py
[2023-12-23T18:18:55.069+0000] {logging_mixin.py:120} INFO - [2023-12-23T18:18:55.068+0000] {dag.py:2585} INFO - Sync 1 DAGs
[2023-12-23T18:18:55.099+0000] {logging_mixin.py:120} INFO - [2023-12-23T18:18:55.099+0000] {dag.py:3340} INFO - Setting next_dagrun for example_trigger_target_dag to None, run_after=None
[2023-12-23T18:18:55.122+0000] {processor.py:176} INFO - Processing /home/airflow/.local/lib/python3.7/site-packages/airflow/example_dags/example_trigger_target_dag.py took 0.130 seconds
[2023-12-23T18:19:25.739+0000] {processor.py:154} INFO - Started process (PID=838) to work on /home/airflow/.local/lib/python3.7/site-packages/airflow/example_dags/example_trigger_target_dag.py
[2023-12-23T18:19:25.740+0000] {processor.py:756} INFO - Processing file /home/airflow/.local/lib/python3.7/site-packages/airflow/example_dags/example_trigger_target_dag.py for tasks to queue
[2023-12-23T18:19:25.740+0000] {logging_mixin.py:120} INFO - [2023-12-23T18:19:25.740+0000] {dagbag.py:537} INFO - Filling up the DagBag from /home/airflow/.local/lib/python3.7/site-packages/airflow/example_dags/example_trigger_target_dag.py
[2023-12-23T18:19:25.765+0000] {processor.py:766} INFO - DAG(s) dict_keys(['example_trigger_target_dag']) retrieved from /home/airflow/.local/lib/python3.7/site-packages/airflow/example_dags/example_trigger_target_dag.py
[2023-12-23T18:19:25.812+0000] {logging_mixin.py:120} INFO - [2023-12-23T18:19:25.812+0000] {dag.py:2585} INFO - Sync 1 DAGs
[2023-12-23T18:19:25.842+0000] {logging_mixin.py:120} INFO - [2023-12-23T18:19:25.842+0000] {dag.py:3340} INFO - Setting next_dagrun for example_trigger_target_dag to None, run_after=None
[2023-12-23T18:19:25.864+0000] {processor.py:176} INFO - Processing /home/airflow/.local/lib/python3.7/site-packages/airflow/example_dags/example_trigger_target_dag.py took 0.128 seconds
[2023-12-23T18:19:56.715+0000] {processor.py:154} INFO - Started process (PID=902) to work on /home/airflow/.local/lib/python3.7/site-packages/airflow/example_dags/example_trigger_target_dag.py
[2023-12-23T18:19:56.716+0000] {processor.py:756} INFO - Processing file /home/airflow/.local/lib/python3.7/site-packages/airflow/example_dags/example_trigger_target_dag.py for tasks to queue
[2023-12-23T18:19:56.716+0000] {logging_mixin.py:120} INFO - [2023-12-23T18:19:56.716+0000] {dagbag.py:537} INFO - Filling up the DagBag from /home/airflow/.local/lib/python3.7/site-packages/airflow/example_dags/example_trigger_target_dag.py
[2023-12-23T18:19:56.735+0000] {processor.py:766} INFO - DAG(s) dict_keys(['example_trigger_target_dag']) retrieved from /home/airflow/.local/lib/python3.7/site-packages/airflow/example_dags/example_trigger_target_dag.py
[2023-12-23T18:19:56.775+0000] {logging_mixin.py:120} INFO - [2023-12-23T18:19:56.775+0000] {dag.py:2585} INFO - Sync 1 DAGs
[2023-12-23T18:19:56.806+0000] {logging_mixin.py:120} INFO - [2023-12-23T18:19:56.806+0000] {dag.py:3340} INFO - Setting next_dagrun for example_trigger_target_dag to None, run_after=None
[2023-12-23T18:19:56.830+0000] {processor.py:176} INFO - Processing /home/airflow/.local/lib/python3.7/site-packages/airflow/example_dags/example_trigger_target_dag.py took 0.117 seconds
[2023-12-23T18:21:03.364+0000] {processor.py:154} INFO - Started process (PID=47) to work on /home/airflow/.local/lib/python3.7/site-packages/airflow/example_dags/example_trigger_target_dag.py
[2023-12-23T18:21:03.365+0000] {processor.py:756} INFO - Processing file /home/airflow/.local/lib/python3.7/site-packages/airflow/example_dags/example_trigger_target_dag.py for tasks to queue
[2023-12-23T18:21:03.366+0000] {logging_mixin.py:120} INFO - [2023-12-23T18:21:03.365+0000] {dagbag.py:537} INFO - Filling up the DagBag from /home/airflow/.local/lib/python3.7/site-packages/airflow/example_dags/example_trigger_target_dag.py
[2023-12-23T18:21:03.422+0000] {processor.py:766} INFO - DAG(s) dict_keys(['example_trigger_target_dag']) retrieved from /home/airflow/.local/lib/python3.7/site-packages/airflow/example_dags/example_trigger_target_dag.py
[2023-12-23T18:21:03.460+0000] {logging_mixin.py:120} INFO - [2023-12-23T18:21:03.460+0000] {dag.py:2585} INFO - Sync 1 DAGs
[2023-12-23T18:21:03.493+0000] {logging_mixin.py:120} INFO - [2023-12-23T18:21:03.493+0000] {dag.py:3340} INFO - Setting next_dagrun for example_trigger_target_dag to None, run_after=None
[2023-12-23T18:21:03.519+0000] {processor.py:176} INFO - Processing /home/airflow/.local/lib/python3.7/site-packages/airflow/example_dags/example_trigger_target_dag.py took 0.158 seconds
[2023-12-23T18:21:33.852+0000] {processor.py:154} INFO - Started process (PID=101) to work on /home/airflow/.local/lib/python3.7/site-packages/airflow/example_dags/example_trigger_target_dag.py
[2023-12-23T18:21:33.852+0000] {processor.py:756} INFO - Processing file /home/airflow/.local/lib/python3.7/site-packages/airflow/example_dags/example_trigger_target_dag.py for tasks to queue
[2023-12-23T18:21:33.853+0000] {logging_mixin.py:120} INFO - [2023-12-23T18:21:33.853+0000] {dagbag.py:537} INFO - Filling up the DagBag from /home/airflow/.local/lib/python3.7/site-packages/airflow/example_dags/example_trigger_target_dag.py
[2023-12-23T18:21:33.871+0000] {processor.py:766} INFO - DAG(s) dict_keys(['example_trigger_target_dag']) retrieved from /home/airflow/.local/lib/python3.7/site-packages/airflow/example_dags/example_trigger_target_dag.py
[2023-12-23T18:21:33.909+0000] {logging_mixin.py:120} INFO - [2023-12-23T18:21:33.909+0000] {dag.py:2585} INFO - Sync 1 DAGs
[2023-12-23T18:21:33.936+0000] {logging_mixin.py:120} INFO - [2023-12-23T18:21:33.935+0000] {dag.py:3340} INFO - Setting next_dagrun for example_trigger_target_dag to None, run_after=None
[2023-12-23T18:21:33.956+0000] {processor.py:176} INFO - Processing /home/airflow/.local/lib/python3.7/site-packages/airflow/example_dags/example_trigger_target_dag.py took 0.107 seconds
[2023-12-23T18:22:04.668+0000] {processor.py:154} INFO - Started process (PID=167) to work on /home/airflow/.local/lib/python3.7/site-packages/airflow/example_dags/example_trigger_target_dag.py
[2023-12-23T18:22:04.669+0000] {processor.py:756} INFO - Processing file /home/airflow/.local/lib/python3.7/site-packages/airflow/example_dags/example_trigger_target_dag.py for tasks to queue
[2023-12-23T18:22:04.670+0000] {logging_mixin.py:120} INFO - [2023-12-23T18:22:04.670+0000] {dagbag.py:537} INFO - Filling up the DagBag from /home/airflow/.local/lib/python3.7/site-packages/airflow/example_dags/example_trigger_target_dag.py
[2023-12-23T18:22:04.696+0000] {processor.py:766} INFO - DAG(s) dict_keys(['example_trigger_target_dag']) retrieved from /home/airflow/.local/lib/python3.7/site-packages/airflow/example_dags/example_trigger_target_dag.py
[2023-12-23T18:22:04.749+0000] {logging_mixin.py:120} INFO - [2023-12-23T18:22:04.749+0000] {dag.py:2585} INFO - Sync 1 DAGs
[2023-12-23T18:22:04.781+0000] {logging_mixin.py:120} INFO - [2023-12-23T18:22:04.781+0000] {dag.py:3340} INFO - Setting next_dagrun for example_trigger_target_dag to None, run_after=None
[2023-12-23T18:22:04.807+0000] {processor.py:176} INFO - Processing /home/airflow/.local/lib/python3.7/site-packages/airflow/example_dags/example_trigger_target_dag.py took 0.143 seconds
[2023-12-23T18:22:35.120+0000] {processor.py:154} INFO - Started process (PID=230) to work on /home/airflow/.local/lib/python3.7/site-packages/airflow/example_dags/example_trigger_target_dag.py
[2023-12-23T18:22:35.120+0000] {processor.py:756} INFO - Processing file /home/airflow/.local/lib/python3.7/site-packages/airflow/example_dags/example_trigger_target_dag.py for tasks to queue
[2023-12-23T18:22:35.121+0000] {logging_mixin.py:120} INFO - [2023-12-23T18:22:35.121+0000] {dagbag.py:537} INFO - Filling up the DagBag from /home/airflow/.local/lib/python3.7/site-packages/airflow/example_dags/example_trigger_target_dag.py
[2023-12-23T18:22:35.139+0000] {processor.py:766} INFO - DAG(s) dict_keys(['example_trigger_target_dag']) retrieved from /home/airflow/.local/lib/python3.7/site-packages/airflow/example_dags/example_trigger_target_dag.py
[2023-12-23T18:22:35.172+0000] {logging_mixin.py:120} INFO - [2023-12-23T18:22:35.172+0000] {dag.py:2585} INFO - Sync 1 DAGs
[2023-12-23T18:22:35.192+0000] {logging_mixin.py:120} INFO - [2023-12-23T18:22:35.192+0000] {dag.py:3340} INFO - Setting next_dagrun for example_trigger_target_dag to None, run_after=None
[2023-12-23T18:22:35.212+0000] {processor.py:176} INFO - Processing /home/airflow/.local/lib/python3.7/site-packages/airflow/example_dags/example_trigger_target_dag.py took 0.095 seconds
[2023-12-23T18:23:05.457+0000] {processor.py:154} INFO - Started process (PID=294) to work on /home/airflow/.local/lib/python3.7/site-packages/airflow/example_dags/example_trigger_target_dag.py
[2023-12-23T18:23:05.457+0000] {processor.py:756} INFO - Processing file /home/airflow/.local/lib/python3.7/site-packages/airflow/example_dags/example_trigger_target_dag.py for tasks to queue
[2023-12-23T18:23:05.458+0000] {logging_mixin.py:120} INFO - [2023-12-23T18:23:05.458+0000] {dagbag.py:537} INFO - Filling up the DagBag from /home/airflow/.local/lib/python3.7/site-packages/airflow/example_dags/example_trigger_target_dag.py
[2023-12-23T18:23:05.484+0000] {processor.py:766} INFO - DAG(s) dict_keys(['example_trigger_target_dag']) retrieved from /home/airflow/.local/lib/python3.7/site-packages/airflow/example_dags/example_trigger_target_dag.py
[2023-12-23T18:23:05.542+0000] {logging_mixin.py:120} INFO - [2023-12-23T18:23:05.542+0000] {dag.py:2585} INFO - Sync 1 DAGs
[2023-12-23T18:23:05.571+0000] {logging_mixin.py:120} INFO - [2023-12-23T18:23:05.571+0000] {dag.py:3340} INFO - Setting next_dagrun for example_trigger_target_dag to None, run_after=None
[2023-12-23T18:23:05.600+0000] {processor.py:176} INFO - Processing /home/airflow/.local/lib/python3.7/site-packages/airflow/example_dags/example_trigger_target_dag.py took 0.147 seconds
[2023-12-23T18:23:36.362+0000] {processor.py:154} INFO - Started process (PID=349) to work on /home/airflow/.local/lib/python3.7/site-packages/airflow/example_dags/example_trigger_target_dag.py
[2023-12-23T18:23:36.363+0000] {processor.py:756} INFO - Processing file /home/airflow/.local/lib/python3.7/site-packages/airflow/example_dags/example_trigger_target_dag.py for tasks to queue
[2023-12-23T18:23:36.363+0000] {logging_mixin.py:120} INFO - [2023-12-23T18:23:36.363+0000] {dagbag.py:537} INFO - Filling up the DagBag from /home/airflow/.local/lib/python3.7/site-packages/airflow/example_dags/example_trigger_target_dag.py
[2023-12-23T18:23:36.382+0000] {processor.py:766} INFO - DAG(s) dict_keys(['example_trigger_target_dag']) retrieved from /home/airflow/.local/lib/python3.7/site-packages/airflow/example_dags/example_trigger_target_dag.py
[2023-12-23T18:23:36.415+0000] {logging_mixin.py:120} INFO - [2023-12-23T18:23:36.415+0000] {dag.py:2585} INFO - Sync 1 DAGs
[2023-12-23T18:23:36.439+0000] {logging_mixin.py:120} INFO - [2023-12-23T18:23:36.439+0000] {dag.py:3340} INFO - Setting next_dagrun for example_trigger_target_dag to None, run_after=None
[2023-12-23T18:23:36.466+0000] {processor.py:176} INFO - Processing /home/airflow/.local/lib/python3.7/site-packages/airflow/example_dags/example_trigger_target_dag.py took 0.106 seconds
[2023-12-23T18:24:37.571+0000] {processor.py:154} INFO - Started process (PID=47) to work on /home/airflow/.local/lib/python3.7/site-packages/airflow/example_dags/example_trigger_target_dag.py
[2023-12-23T18:24:37.572+0000] {processor.py:756} INFO - Processing file /home/airflow/.local/lib/python3.7/site-packages/airflow/example_dags/example_trigger_target_dag.py for tasks to queue
[2023-12-23T18:24:37.573+0000] {logging_mixin.py:120} INFO - [2023-12-23T18:24:37.573+0000] {dagbag.py:537} INFO - Filling up the DagBag from /home/airflow/.local/lib/python3.7/site-packages/airflow/example_dags/example_trigger_target_dag.py
[2023-12-23T18:24:37.605+0000] {processor.py:766} INFO - DAG(s) dict_keys(['example_trigger_target_dag']) retrieved from /home/airflow/.local/lib/python3.7/site-packages/airflow/example_dags/example_trigger_target_dag.py
[2023-12-23T18:24:37.639+0000] {logging_mixin.py:120} INFO - [2023-12-23T18:24:37.639+0000] {dag.py:2585} INFO - Sync 1 DAGs
[2023-12-23T18:24:37.672+0000] {logging_mixin.py:120} INFO - [2023-12-23T18:24:37.672+0000] {dag.py:3340} INFO - Setting next_dagrun for example_trigger_target_dag to None, run_after=None
[2023-12-23T18:24:37.702+0000] {processor.py:176} INFO - Processing /home/airflow/.local/lib/python3.7/site-packages/airflow/example_dags/example_trigger_target_dag.py took 0.135 seconds
[2023-12-23T18:25:08.316+0000] {processor.py:154} INFO - Started process (PID=100) to work on /home/airflow/.local/lib/python3.7/site-packages/airflow/example_dags/example_trigger_target_dag.py
[2023-12-23T18:25:08.317+0000] {processor.py:756} INFO - Processing file /home/airflow/.local/lib/python3.7/site-packages/airflow/example_dags/example_trigger_target_dag.py for tasks to queue
[2023-12-23T18:25:08.317+0000] {logging_mixin.py:120} INFO - [2023-12-23T18:25:08.317+0000] {dagbag.py:537} INFO - Filling up the DagBag from /home/airflow/.local/lib/python3.7/site-packages/airflow/example_dags/example_trigger_target_dag.py
[2023-12-23T18:25:08.342+0000] {processor.py:766} INFO - DAG(s) dict_keys(['example_trigger_target_dag']) retrieved from /home/airflow/.local/lib/python3.7/site-packages/airflow/example_dags/example_trigger_target_dag.py
[2023-12-23T18:25:08.380+0000] {logging_mixin.py:120} INFO - [2023-12-23T18:25:08.380+0000] {dag.py:2585} INFO - Sync 1 DAGs
[2023-12-23T18:25:08.404+0000] {logging_mixin.py:120} INFO - [2023-12-23T18:25:08.404+0000] {dag.py:3340} INFO - Setting next_dagrun for example_trigger_target_dag to None, run_after=None
[2023-12-23T18:25:08.426+0000] {processor.py:176} INFO - Processing /home/airflow/.local/lib/python3.7/site-packages/airflow/example_dags/example_trigger_target_dag.py took 0.112 seconds
[2023-12-23T18:25:38.950+0000] {processor.py:154} INFO - Started process (PID=165) to work on /home/airflow/.local/lib/python3.7/site-packages/airflow/example_dags/example_trigger_target_dag.py
[2023-12-23T18:25:38.951+0000] {processor.py:756} INFO - Processing file /home/airflow/.local/lib/python3.7/site-packages/airflow/example_dags/example_trigger_target_dag.py for tasks to queue
[2023-12-23T18:25:38.952+0000] {logging_mixin.py:120} INFO - [2023-12-23T18:25:38.952+0000] {dagbag.py:537} INFO - Filling up the DagBag from /home/airflow/.local/lib/python3.7/site-packages/airflow/example_dags/example_trigger_target_dag.py
[2023-12-23T18:25:38.976+0000] {processor.py:766} INFO - DAG(s) dict_keys(['example_trigger_target_dag']) retrieved from /home/airflow/.local/lib/python3.7/site-packages/airflow/example_dags/example_trigger_target_dag.py
[2023-12-23T18:25:39.021+0000] {logging_mixin.py:120} INFO - [2023-12-23T18:25:39.021+0000] {dag.py:2585} INFO - Sync 1 DAGs
[2023-12-23T18:25:39.052+0000] {logging_mixin.py:120} INFO - [2023-12-23T18:25:39.052+0000] {dag.py:3340} INFO - Setting next_dagrun for example_trigger_target_dag to None, run_after=None
[2023-12-23T18:25:39.079+0000] {processor.py:176} INFO - Processing /home/airflow/.local/lib/python3.7/site-packages/airflow/example_dags/example_trigger_target_dag.py took 0.132 seconds
[2023-12-23T18:26:09.376+0000] {processor.py:154} INFO - Started process (PID=228) to work on /home/airflow/.local/lib/python3.7/site-packages/airflow/example_dags/example_trigger_target_dag.py
[2023-12-23T18:26:09.377+0000] {processor.py:756} INFO - Processing file /home/airflow/.local/lib/python3.7/site-packages/airflow/example_dags/example_trigger_target_dag.py for tasks to queue
[2023-12-23T18:26:09.377+0000] {logging_mixin.py:120} INFO - [2023-12-23T18:26:09.377+0000] {dagbag.py:537} INFO - Filling up the DagBag from /home/airflow/.local/lib/python3.7/site-packages/airflow/example_dags/example_trigger_target_dag.py
[2023-12-23T18:26:09.395+0000] {processor.py:766} INFO - DAG(s) dict_keys(['example_trigger_target_dag']) retrieved from /home/airflow/.local/lib/python3.7/site-packages/airflow/example_dags/example_trigger_target_dag.py
[2023-12-23T18:26:09.435+0000] {logging_mixin.py:120} INFO - [2023-12-23T18:26:09.435+0000] {dag.py:2585} INFO - Sync 1 DAGs
[2023-12-23T18:26:09.463+0000] {logging_mixin.py:120} INFO - [2023-12-23T18:26:09.463+0000] {dag.py:3340} INFO - Setting next_dagrun for example_trigger_target_dag to None, run_after=None
[2023-12-23T18:26:09.489+0000] {processor.py:176} INFO - Processing /home/airflow/.local/lib/python3.7/site-packages/airflow/example_dags/example_trigger_target_dag.py took 0.115 seconds
[2023-12-23T18:26:40.654+0000] {processor.py:154} INFO - Started process (PID=291) to work on /home/airflow/.local/lib/python3.7/site-packages/airflow/example_dags/example_trigger_target_dag.py
[2023-12-23T18:26:40.655+0000] {processor.py:756} INFO - Processing file /home/airflow/.local/lib/python3.7/site-packages/airflow/example_dags/example_trigger_target_dag.py for tasks to queue
[2023-12-23T18:26:40.655+0000] {logging_mixin.py:120} INFO - [2023-12-23T18:26:40.655+0000] {dagbag.py:537} INFO - Filling up the DagBag from /home/airflow/.local/lib/python3.7/site-packages/airflow/example_dags/example_trigger_target_dag.py
[2023-12-23T18:26:40.684+0000] {processor.py:766} INFO - DAG(s) dict_keys(['example_trigger_target_dag']) retrieved from /home/airflow/.local/lib/python3.7/site-packages/airflow/example_dags/example_trigger_target_dag.py
[2023-12-23T18:26:40.732+0000] {logging_mixin.py:120} INFO - [2023-12-23T18:26:40.732+0000] {dag.py:2585} INFO - Sync 1 DAGs
[2023-12-23T18:26:40.760+0000] {logging_mixin.py:120} INFO - [2023-12-23T18:26:40.760+0000] {dag.py:3340} INFO - Setting next_dagrun for example_trigger_target_dag to None, run_after=None
[2023-12-23T18:26:40.784+0000] {processor.py:176} INFO - Processing /home/airflow/.local/lib/python3.7/site-packages/airflow/example_dags/example_trigger_target_dag.py took 0.134 seconds
[2023-12-23T18:35:55.720+0000] {processor.py:154} INFO - Started process (PID=47) to work on /home/airflow/.local/lib/python3.7/site-packages/airflow/example_dags/example_trigger_target_dag.py
[2023-12-23T18:35:55.721+0000] {processor.py:756} INFO - Processing file /home/airflow/.local/lib/python3.7/site-packages/airflow/example_dags/example_trigger_target_dag.py for tasks to queue
[2023-12-23T18:35:55.721+0000] {logging_mixin.py:120} INFO - [2023-12-23T18:35:55.721+0000] {dagbag.py:537} INFO - Filling up the DagBag from /home/airflow/.local/lib/python3.7/site-packages/airflow/example_dags/example_trigger_target_dag.py
[2023-12-23T18:35:55.748+0000] {processor.py:766} INFO - DAG(s) dict_keys(['example_trigger_target_dag']) retrieved from /home/airflow/.local/lib/python3.7/site-packages/airflow/example_dags/example_trigger_target_dag.py
[2023-12-23T18:35:55.781+0000] {logging_mixin.py:120} INFO - [2023-12-23T18:35:55.781+0000] {dag.py:2585} INFO - Sync 1 DAGs
[2023-12-23T18:35:55.818+0000] {logging_mixin.py:120} INFO - [2023-12-23T18:35:55.818+0000] {dag.py:3340} INFO - Setting next_dagrun for example_trigger_target_dag to None, run_after=None
[2023-12-23T18:35:55.858+0000] {processor.py:176} INFO - Processing /home/airflow/.local/lib/python3.7/site-packages/airflow/example_dags/example_trigger_target_dag.py took 0.142 seconds
[2023-12-23T18:36:26.173+0000] {processor.py:154} INFO - Started process (PID=100) to work on /home/airflow/.local/lib/python3.7/site-packages/airflow/example_dags/example_trigger_target_dag.py
[2023-12-23T18:36:26.173+0000] {processor.py:756} INFO - Processing file /home/airflow/.local/lib/python3.7/site-packages/airflow/example_dags/example_trigger_target_dag.py for tasks to queue
[2023-12-23T18:36:26.174+0000] {logging_mixin.py:120} INFO - [2023-12-23T18:36:26.174+0000] {dagbag.py:537} INFO - Filling up the DagBag from /home/airflow/.local/lib/python3.7/site-packages/airflow/example_dags/example_trigger_target_dag.py
[2023-12-23T18:36:26.191+0000] {processor.py:766} INFO - DAG(s) dict_keys(['example_trigger_target_dag']) retrieved from /home/airflow/.local/lib/python3.7/site-packages/airflow/example_dags/example_trigger_target_dag.py
[2023-12-23T18:36:26.230+0000] {logging_mixin.py:120} INFO - [2023-12-23T18:36:26.230+0000] {dag.py:2585} INFO - Sync 1 DAGs
[2023-12-23T18:36:26.253+0000] {logging_mixin.py:120} INFO - [2023-12-23T18:36:26.253+0000] {dag.py:3340} INFO - Setting next_dagrun for example_trigger_target_dag to None, run_after=None
[2023-12-23T18:36:26.278+0000] {processor.py:176} INFO - Processing /home/airflow/.local/lib/python3.7/site-packages/airflow/example_dags/example_trigger_target_dag.py took 0.107 seconds
[2023-12-23T18:36:56.677+0000] {processor.py:154} INFO - Started process (PID=164) to work on /home/airflow/.local/lib/python3.7/site-packages/airflow/example_dags/example_trigger_target_dag.py
[2023-12-23T18:36:56.678+0000] {processor.py:756} INFO - Processing file /home/airflow/.local/lib/python3.7/site-packages/airflow/example_dags/example_trigger_target_dag.py for tasks to queue
[2023-12-23T18:36:56.678+0000] {logging_mixin.py:120} INFO - [2023-12-23T18:36:56.678+0000] {dagbag.py:537} INFO - Filling up the DagBag from /home/airflow/.local/lib/python3.7/site-packages/airflow/example_dags/example_trigger_target_dag.py
[2023-12-23T18:36:56.704+0000] {processor.py:766} INFO - DAG(s) dict_keys(['example_trigger_target_dag']) retrieved from /home/airflow/.local/lib/python3.7/site-packages/airflow/example_dags/example_trigger_target_dag.py
[2023-12-23T18:36:56.756+0000] {logging_mixin.py:120} INFO - [2023-12-23T18:36:56.756+0000] {dag.py:2585} INFO - Sync 1 DAGs
[2023-12-23T18:36:56.791+0000] {logging_mixin.py:120} INFO - [2023-12-23T18:36:56.791+0000] {dag.py:3340} INFO - Setting next_dagrun for example_trigger_target_dag to None, run_after=None
[2023-12-23T18:36:56.817+0000] {processor.py:176} INFO - Processing /home/airflow/.local/lib/python3.7/site-packages/airflow/example_dags/example_trigger_target_dag.py took 0.144 seconds
