[2023-12-23T18:12:46.880+0000] {processor.py:154} INFO - Started process (PID=54) to work on /home/airflow/.local/lib/python3.7/site-packages/airflow/example_dags/example_python_operator.py
[2023-12-23T18:12:46.880+0000] {processor.py:756} INFO - Processing file /home/airflow/.local/lib/python3.7/site-packages/airflow/example_dags/example_python_operator.py for tasks to queue
[2023-12-23T18:12:46.881+0000] {logging_mixin.py:120} INFO - [2023-12-23T18:12:46.881+0000] {dagbag.py:537} INFO - Filling up the DagBag from /home/airflow/.local/lib/python3.7/site-packages/airflow/example_dags/example_python_operator.py
[2023-12-23T18:12:46.900+0000] {logging_mixin.py:120} INFO - [2023-12-23T18:12:46.900+0000] {taskmixin.py:205} WARNING - Dependency <Task(_PythonDecoratedOperator): print_the_context>, log_sql_query already registered for DAG: example_python_operator
[2023-12-23T18:12:46.901+0000] {logging_mixin.py:120} INFO - [2023-12-23T18:12:46.901+0000] {taskmixin.py:205} WARNING - Dependency <Task(_PythonDecoratedOperator): log_sql_query>, print_the_context already registered for DAG: example_python_operator
[2023-12-23T18:12:46.901+0000] {logging_mixin.py:120} INFO - [2023-12-23T18:12:46.901+0000] {taskmixin.py:205} WARNING - Dependency <Task(_PythonDecoratedOperator): print_the_context>, log_sql_query already registered for DAG: example_python_operator
[2023-12-23T18:12:46.902+0000] {logging_mixin.py:120} INFO - [2023-12-23T18:12:46.902+0000] {taskmixin.py:205} WARNING - Dependency <Task(_PythonDecoratedOperator): log_sql_query>, print_the_context already registered for DAG: example_python_operator
[2023-12-23T18:12:46.902+0000] {logging_mixin.py:120} INFO - [2023-12-23T18:12:46.902+0000] {taskmixin.py:205} WARNING - Dependency <Task(_PythonDecoratedOperator): print_the_context>, log_sql_query already registered for DAG: example_python_operator
[2023-12-23T18:12:46.903+0000] {logging_mixin.py:120} INFO - [2023-12-23T18:12:46.903+0000] {taskmixin.py:205} WARNING - Dependency <Task(_PythonDecoratedOperator): log_sql_query>, print_the_context already registered for DAG: example_python_operator
[2023-12-23T18:12:46.903+0000] {logging_mixin.py:120} INFO - [2023-12-23T18:12:46.903+0000] {taskmixin.py:205} WARNING - Dependency <Task(_PythonDecoratedOperator): print_the_context>, log_sql_query already registered for DAG: example_python_operator
[2023-12-23T18:12:46.904+0000] {logging_mixin.py:120} INFO - [2023-12-23T18:12:46.903+0000] {taskmixin.py:205} WARNING - Dependency <Task(_PythonDecoratedOperator): log_sql_query>, print_the_context already registered for DAG: example_python_operator
[2023-12-23T18:12:46.912+0000] {processor.py:766} INFO - DAG(s) dict_keys(['example_python_operator']) retrieved from /home/airflow/.local/lib/python3.7/site-packages/airflow/example_dags/example_python_operator.py
[2023-12-23T18:12:46.959+0000] {logging_mixin.py:120} INFO - [2023-12-23T18:12:46.959+0000] {dag.py:2585} INFO - Sync 1 DAGs
[2023-12-23T18:12:46.993+0000] {logging_mixin.py:120} INFO - [2023-12-23T18:12:46.993+0000] {dag.py:3340} INFO - Setting next_dagrun for example_python_operator to None, run_after=None
[2023-12-23T18:12:47.022+0000] {processor.py:176} INFO - Processing /home/airflow/.local/lib/python3.7/site-packages/airflow/example_dags/example_python_operator.py took 0.145 seconds
[2023-12-23T18:13:17.774+0000] {processor.py:154} INFO - Started process (PID=117) to work on /home/airflow/.local/lib/python3.7/site-packages/airflow/example_dags/example_python_operator.py
[2023-12-23T18:13:17.775+0000] {processor.py:756} INFO - Processing file /home/airflow/.local/lib/python3.7/site-packages/airflow/example_dags/example_python_operator.py for tasks to queue
[2023-12-23T18:13:17.775+0000] {logging_mixin.py:120} INFO - [2023-12-23T18:13:17.775+0000] {dagbag.py:537} INFO - Filling up the DagBag from /home/airflow/.local/lib/python3.7/site-packages/airflow/example_dags/example_python_operator.py
[2023-12-23T18:13:17.793+0000] {logging_mixin.py:120} INFO - [2023-12-23T18:13:17.793+0000] {taskmixin.py:205} WARNING - Dependency <Task(_PythonDecoratedOperator): print_the_context>, log_sql_query already registered for DAG: example_python_operator
[2023-12-23T18:13:17.794+0000] {logging_mixin.py:120} INFO - [2023-12-23T18:13:17.793+0000] {taskmixin.py:205} WARNING - Dependency <Task(_PythonDecoratedOperator): log_sql_query>, print_the_context already registered for DAG: example_python_operator
[2023-12-23T18:13:17.794+0000] {logging_mixin.py:120} INFO - [2023-12-23T18:13:17.794+0000] {taskmixin.py:205} WARNING - Dependency <Task(_PythonDecoratedOperator): print_the_context>, log_sql_query already registered for DAG: example_python_operator
[2023-12-23T18:13:17.795+0000] {logging_mixin.py:120} INFO - [2023-12-23T18:13:17.795+0000] {taskmixin.py:205} WARNING - Dependency <Task(_PythonDecoratedOperator): log_sql_query>, print_the_context already registered for DAG: example_python_operator
[2023-12-23T18:13:17.796+0000] {logging_mixin.py:120} INFO - [2023-12-23T18:13:17.795+0000] {taskmixin.py:205} WARNING - Dependency <Task(_PythonDecoratedOperator): print_the_context>, log_sql_query already registered for DAG: example_python_operator
[2023-12-23T18:13:17.796+0000] {logging_mixin.py:120} INFO - [2023-12-23T18:13:17.796+0000] {taskmixin.py:205} WARNING - Dependency <Task(_PythonDecoratedOperator): log_sql_query>, print_the_context already registered for DAG: example_python_operator
[2023-12-23T18:13:17.797+0000] {logging_mixin.py:120} INFO - [2023-12-23T18:13:17.797+0000] {taskmixin.py:205} WARNING - Dependency <Task(_PythonDecoratedOperator): print_the_context>, log_sql_query already registered for DAG: example_python_operator
[2023-12-23T18:13:17.797+0000] {logging_mixin.py:120} INFO - [2023-12-23T18:13:17.797+0000] {taskmixin.py:205} WARNING - Dependency <Task(_PythonDecoratedOperator): log_sql_query>, print_the_context already registered for DAG: example_python_operator
[2023-12-23T18:13:17.807+0000] {processor.py:766} INFO - DAG(s) dict_keys(['example_python_operator']) retrieved from /home/airflow/.local/lib/python3.7/site-packages/airflow/example_dags/example_python_operator.py
[2023-12-23T18:13:17.907+0000] {logging_mixin.py:120} INFO - [2023-12-23T18:13:17.907+0000] {dag.py:2585} INFO - Sync 1 DAGs
[2023-12-23T18:13:17.943+0000] {logging_mixin.py:120} INFO - [2023-12-23T18:13:17.943+0000] {dag.py:3340} INFO - Setting next_dagrun for example_python_operator to None, run_after=None
[2023-12-23T18:13:17.970+0000] {processor.py:176} INFO - Processing /home/airflow/.local/lib/python3.7/site-packages/airflow/example_dags/example_python_operator.py took 0.199 seconds
[2023-12-23T18:13:48.634+0000] {processor.py:154} INFO - Started process (PID=171) to work on /home/airflow/.local/lib/python3.7/site-packages/airflow/example_dags/example_python_operator.py
[2023-12-23T18:13:48.634+0000] {processor.py:756} INFO - Processing file /home/airflow/.local/lib/python3.7/site-packages/airflow/example_dags/example_python_operator.py for tasks to queue
[2023-12-23T18:13:48.635+0000] {logging_mixin.py:120} INFO - [2023-12-23T18:13:48.635+0000] {dagbag.py:537} INFO - Filling up the DagBag from /home/airflow/.local/lib/python3.7/site-packages/airflow/example_dags/example_python_operator.py
[2023-12-23T18:13:48.648+0000] {logging_mixin.py:120} INFO - [2023-12-23T18:13:48.648+0000] {taskmixin.py:205} WARNING - Dependency <Task(_PythonDecoratedOperator): print_the_context>, log_sql_query already registered for DAG: example_python_operator
[2023-12-23T18:13:48.648+0000] {logging_mixin.py:120} INFO - [2023-12-23T18:13:48.648+0000] {taskmixin.py:205} WARNING - Dependency <Task(_PythonDecoratedOperator): log_sql_query>, print_the_context already registered for DAG: example_python_operator
[2023-12-23T18:13:48.649+0000] {logging_mixin.py:120} INFO - [2023-12-23T18:13:48.649+0000] {taskmixin.py:205} WARNING - Dependency <Task(_PythonDecoratedOperator): print_the_context>, log_sql_query already registered for DAG: example_python_operator
[2023-12-23T18:13:48.649+0000] {logging_mixin.py:120} INFO - [2023-12-23T18:13:48.649+0000] {taskmixin.py:205} WARNING - Dependency <Task(_PythonDecoratedOperator): log_sql_query>, print_the_context already registered for DAG: example_python_operator
[2023-12-23T18:13:48.650+0000] {logging_mixin.py:120} INFO - [2023-12-23T18:13:48.650+0000] {taskmixin.py:205} WARNING - Dependency <Task(_PythonDecoratedOperator): print_the_context>, log_sql_query already registered for DAG: example_python_operator
[2023-12-23T18:13:48.650+0000] {logging_mixin.py:120} INFO - [2023-12-23T18:13:48.650+0000] {taskmixin.py:205} WARNING - Dependency <Task(_PythonDecoratedOperator): log_sql_query>, print_the_context already registered for DAG: example_python_operator
[2023-12-23T18:13:48.650+0000] {logging_mixin.py:120} INFO - [2023-12-23T18:13:48.650+0000] {taskmixin.py:205} WARNING - Dependency <Task(_PythonDecoratedOperator): print_the_context>, log_sql_query already registered for DAG: example_python_operator
[2023-12-23T18:13:48.651+0000] {logging_mixin.py:120} INFO - [2023-12-23T18:13:48.651+0000] {taskmixin.py:205} WARNING - Dependency <Task(_PythonDecoratedOperator): log_sql_query>, print_the_context already registered for DAG: example_python_operator
[2023-12-23T18:13:48.657+0000] {processor.py:766} INFO - DAG(s) dict_keys(['example_python_operator']) retrieved from /home/airflow/.local/lib/python3.7/site-packages/airflow/example_dags/example_python_operator.py
[2023-12-23T18:13:48.692+0000] {logging_mixin.py:120} INFO - [2023-12-23T18:13:48.692+0000] {dag.py:2585} INFO - Sync 1 DAGs
[2023-12-23T18:13:48.714+0000] {logging_mixin.py:120} INFO - [2023-12-23T18:13:48.713+0000] {dag.py:3340} INFO - Setting next_dagrun for example_python_operator to None, run_after=None
[2023-12-23T18:13:48.733+0000] {processor.py:176} INFO - Processing /home/airflow/.local/lib/python3.7/site-packages/airflow/example_dags/example_python_operator.py took 0.103 seconds
[2023-12-23T18:14:19.621+0000] {processor.py:154} INFO - Started process (PID=234) to work on /home/airflow/.local/lib/python3.7/site-packages/airflow/example_dags/example_python_operator.py
[2023-12-23T18:14:19.622+0000] {processor.py:756} INFO - Processing file /home/airflow/.local/lib/python3.7/site-packages/airflow/example_dags/example_python_operator.py for tasks to queue
[2023-12-23T18:14:19.622+0000] {logging_mixin.py:120} INFO - [2023-12-23T18:14:19.622+0000] {dagbag.py:537} INFO - Filling up the DagBag from /home/airflow/.local/lib/python3.7/site-packages/airflow/example_dags/example_python_operator.py
[2023-12-23T18:14:19.636+0000] {logging_mixin.py:120} INFO - [2023-12-23T18:14:19.636+0000] {taskmixin.py:205} WARNING - Dependency <Task(_PythonDecoratedOperator): print_the_context>, log_sql_query already registered for DAG: example_python_operator
[2023-12-23T18:14:19.636+0000] {logging_mixin.py:120} INFO - [2023-12-23T18:14:19.636+0000] {taskmixin.py:205} WARNING - Dependency <Task(_PythonDecoratedOperator): log_sql_query>, print_the_context already registered for DAG: example_python_operator
[2023-12-23T18:14:19.637+0000] {logging_mixin.py:120} INFO - [2023-12-23T18:14:19.637+0000] {taskmixin.py:205} WARNING - Dependency <Task(_PythonDecoratedOperator): print_the_context>, log_sql_query already registered for DAG: example_python_operator
[2023-12-23T18:14:19.637+0000] {logging_mixin.py:120} INFO - [2023-12-23T18:14:19.637+0000] {taskmixin.py:205} WARNING - Dependency <Task(_PythonDecoratedOperator): log_sql_query>, print_the_context already registered for DAG: example_python_operator
[2023-12-23T18:14:19.638+0000] {logging_mixin.py:120} INFO - [2023-12-23T18:14:19.638+0000] {taskmixin.py:205} WARNING - Dependency <Task(_PythonDecoratedOperator): print_the_context>, log_sql_query already registered for DAG: example_python_operator
[2023-12-23T18:14:19.638+0000] {logging_mixin.py:120} INFO - [2023-12-23T18:14:19.638+0000] {taskmixin.py:205} WARNING - Dependency <Task(_PythonDecoratedOperator): log_sql_query>, print_the_context already registered for DAG: example_python_operator
[2023-12-23T18:14:19.638+0000] {logging_mixin.py:120} INFO - [2023-12-23T18:14:19.638+0000] {taskmixin.py:205} WARNING - Dependency <Task(_PythonDecoratedOperator): print_the_context>, log_sql_query already registered for DAG: example_python_operator
[2023-12-23T18:14:19.639+0000] {logging_mixin.py:120} INFO - [2023-12-23T18:14:19.638+0000] {taskmixin.py:205} WARNING - Dependency <Task(_PythonDecoratedOperator): log_sql_query>, print_the_context already registered for DAG: example_python_operator
[2023-12-23T18:14:19.645+0000] {processor.py:766} INFO - DAG(s) dict_keys(['example_python_operator']) retrieved from /home/airflow/.local/lib/python3.7/site-packages/airflow/example_dags/example_python_operator.py
[2023-12-23T18:14:19.680+0000] {logging_mixin.py:120} INFO - [2023-12-23T18:14:19.680+0000] {dag.py:2585} INFO - Sync 1 DAGs
[2023-12-23T18:14:19.700+0000] {logging_mixin.py:120} INFO - [2023-12-23T18:14:19.700+0000] {dag.py:3340} INFO - Setting next_dagrun for example_python_operator to None, run_after=None
[2023-12-23T18:14:19.723+0000] {processor.py:176} INFO - Processing /home/airflow/.local/lib/python3.7/site-packages/airflow/example_dags/example_python_operator.py took 0.105 seconds
[2023-12-23T18:14:50.294+0000] {processor.py:154} INFO - Started process (PID=298) to work on /home/airflow/.local/lib/python3.7/site-packages/airflow/example_dags/example_python_operator.py
[2023-12-23T18:14:50.294+0000] {processor.py:756} INFO - Processing file /home/airflow/.local/lib/python3.7/site-packages/airflow/example_dags/example_python_operator.py for tasks to queue
[2023-12-23T18:14:50.295+0000] {logging_mixin.py:120} INFO - [2023-12-23T18:14:50.295+0000] {dagbag.py:537} INFO - Filling up the DagBag from /home/airflow/.local/lib/python3.7/site-packages/airflow/example_dags/example_python_operator.py
[2023-12-23T18:14:50.307+0000] {logging_mixin.py:120} INFO - [2023-12-23T18:14:50.307+0000] {taskmixin.py:205} WARNING - Dependency <Task(_PythonDecoratedOperator): print_the_context>, log_sql_query already registered for DAG: example_python_operator
[2023-12-23T18:14:50.307+0000] {logging_mixin.py:120} INFO - [2023-12-23T18:14:50.307+0000] {taskmixin.py:205} WARNING - Dependency <Task(_PythonDecoratedOperator): log_sql_query>, print_the_context already registered for DAG: example_python_operator
[2023-12-23T18:14:50.308+0000] {logging_mixin.py:120} INFO - [2023-12-23T18:14:50.308+0000] {taskmixin.py:205} WARNING - Dependency <Task(_PythonDecoratedOperator): print_the_context>, log_sql_query already registered for DAG: example_python_operator
[2023-12-23T18:14:50.308+0000] {logging_mixin.py:120} INFO - [2023-12-23T18:14:50.308+0000] {taskmixin.py:205} WARNING - Dependency <Task(_PythonDecoratedOperator): log_sql_query>, print_the_context already registered for DAG: example_python_operator
[2023-12-23T18:14:50.309+0000] {logging_mixin.py:120} INFO - [2023-12-23T18:14:50.309+0000] {taskmixin.py:205} WARNING - Dependency <Task(_PythonDecoratedOperator): print_the_context>, log_sql_query already registered for DAG: example_python_operator
[2023-12-23T18:14:50.309+0000] {logging_mixin.py:120} INFO - [2023-12-23T18:14:50.309+0000] {taskmixin.py:205} WARNING - Dependency <Task(_PythonDecoratedOperator): log_sql_query>, print_the_context already registered for DAG: example_python_operator
[2023-12-23T18:14:50.310+0000] {logging_mixin.py:120} INFO - [2023-12-23T18:14:50.309+0000] {taskmixin.py:205} WARNING - Dependency <Task(_PythonDecoratedOperator): print_the_context>, log_sql_query already registered for DAG: example_python_operator
[2023-12-23T18:14:50.310+0000] {logging_mixin.py:120} INFO - [2023-12-23T18:14:50.310+0000] {taskmixin.py:205} WARNING - Dependency <Task(_PythonDecoratedOperator): log_sql_query>, print_the_context already registered for DAG: example_python_operator
[2023-12-23T18:14:50.316+0000] {processor.py:766} INFO - DAG(s) dict_keys(['example_python_operator']) retrieved from /home/airflow/.local/lib/python3.7/site-packages/airflow/example_dags/example_python_operator.py
[2023-12-23T18:14:50.352+0000] {logging_mixin.py:120} INFO - [2023-12-23T18:14:50.351+0000] {dag.py:2585} INFO - Sync 1 DAGs
[2023-12-23T18:14:50.371+0000] {logging_mixin.py:120} INFO - [2023-12-23T18:14:50.371+0000] {dag.py:3340} INFO - Setting next_dagrun for example_python_operator to None, run_after=None
[2023-12-23T18:14:50.393+0000] {processor.py:176} INFO - Processing /home/airflow/.local/lib/python3.7/site-packages/airflow/example_dags/example_python_operator.py took 0.102 seconds
[2023-12-23T18:15:20.601+0000] {processor.py:154} INFO - Started process (PID=361) to work on /home/airflow/.local/lib/python3.7/site-packages/airflow/example_dags/example_python_operator.py
[2023-12-23T18:15:20.602+0000] {processor.py:756} INFO - Processing file /home/airflow/.local/lib/python3.7/site-packages/airflow/example_dags/example_python_operator.py for tasks to queue
[2023-12-23T18:15:20.610+0000] {logging_mixin.py:120} INFO - [2023-12-23T18:15:20.610+0000] {dagbag.py:537} INFO - Filling up the DagBag from /home/airflow/.local/lib/python3.7/site-packages/airflow/example_dags/example_python_operator.py
[2023-12-23T18:15:20.642+0000] {logging_mixin.py:120} INFO - [2023-12-23T18:15:20.642+0000] {taskmixin.py:205} WARNING - Dependency <Task(_PythonDecoratedOperator): print_the_context>, log_sql_query already registered for DAG: example_python_operator
[2023-12-23T18:15:20.642+0000] {logging_mixin.py:120} INFO - [2023-12-23T18:15:20.642+0000] {taskmixin.py:205} WARNING - Dependency <Task(_PythonDecoratedOperator): log_sql_query>, print_the_context already registered for DAG: example_python_operator
[2023-12-23T18:15:20.643+0000] {logging_mixin.py:120} INFO - [2023-12-23T18:15:20.643+0000] {taskmixin.py:205} WARNING - Dependency <Task(_PythonDecoratedOperator): print_the_context>, log_sql_query already registered for DAG: example_python_operator
[2023-12-23T18:15:20.644+0000] {logging_mixin.py:120} INFO - [2023-12-23T18:15:20.643+0000] {taskmixin.py:205} WARNING - Dependency <Task(_PythonDecoratedOperator): log_sql_query>, print_the_context already registered for DAG: example_python_operator
[2023-12-23T18:15:20.644+0000] {logging_mixin.py:120} INFO - [2023-12-23T18:15:20.644+0000] {taskmixin.py:205} WARNING - Dependency <Task(_PythonDecoratedOperator): print_the_context>, log_sql_query already registered for DAG: example_python_operator
[2023-12-23T18:15:20.645+0000] {logging_mixin.py:120} INFO - [2023-12-23T18:15:20.645+0000] {taskmixin.py:205} WARNING - Dependency <Task(_PythonDecoratedOperator): log_sql_query>, print_the_context already registered for DAG: example_python_operator
[2023-12-23T18:15:20.646+0000] {logging_mixin.py:120} INFO - [2023-12-23T18:15:20.645+0000] {taskmixin.py:205} WARNING - Dependency <Task(_PythonDecoratedOperator): print_the_context>, log_sql_query already registered for DAG: example_python_operator
[2023-12-23T18:15:20.646+0000] {logging_mixin.py:120} INFO - [2023-12-23T18:15:20.646+0000] {taskmixin.py:205} WARNING - Dependency <Task(_PythonDecoratedOperator): log_sql_query>, print_the_context already registered for DAG: example_python_operator
[2023-12-23T18:15:20.656+0000] {processor.py:766} INFO - DAG(s) dict_keys(['example_python_operator']) retrieved from /home/airflow/.local/lib/python3.7/site-packages/airflow/example_dags/example_python_operator.py
[2023-12-23T18:15:20.732+0000] {logging_mixin.py:120} INFO - [2023-12-23T18:15:20.732+0000] {dag.py:2585} INFO - Sync 1 DAGs
[2023-12-23T18:15:20.770+0000] {logging_mixin.py:120} INFO - [2023-12-23T18:15:20.770+0000] {dag.py:3340} INFO - Setting next_dagrun for example_python_operator to None, run_after=None
[2023-12-23T18:15:20.800+0000] {processor.py:176} INFO - Processing /home/airflow/.local/lib/python3.7/site-packages/airflow/example_dags/example_python_operator.py took 0.202 seconds
[2023-12-23T18:15:51.721+0000] {processor.py:154} INFO - Started process (PID=416) to work on /home/airflow/.local/lib/python3.7/site-packages/airflow/example_dags/example_python_operator.py
[2023-12-23T18:15:51.721+0000] {processor.py:756} INFO - Processing file /home/airflow/.local/lib/python3.7/site-packages/airflow/example_dags/example_python_operator.py for tasks to queue
[2023-12-23T18:15:51.722+0000] {logging_mixin.py:120} INFO - [2023-12-23T18:15:51.722+0000] {dagbag.py:537} INFO - Filling up the DagBag from /home/airflow/.local/lib/python3.7/site-packages/airflow/example_dags/example_python_operator.py
[2023-12-23T18:15:51.735+0000] {logging_mixin.py:120} INFO - [2023-12-23T18:15:51.735+0000] {taskmixin.py:205} WARNING - Dependency <Task(_PythonDecoratedOperator): print_the_context>, log_sql_query already registered for DAG: example_python_operator
[2023-12-23T18:15:51.736+0000] {logging_mixin.py:120} INFO - [2023-12-23T18:15:51.735+0000] {taskmixin.py:205} WARNING - Dependency <Task(_PythonDecoratedOperator): log_sql_query>, print_the_context already registered for DAG: example_python_operator
[2023-12-23T18:15:51.736+0000] {logging_mixin.py:120} INFO - [2023-12-23T18:15:51.736+0000] {taskmixin.py:205} WARNING - Dependency <Task(_PythonDecoratedOperator): print_the_context>, log_sql_query already registered for DAG: example_python_operator
[2023-12-23T18:15:51.736+0000] {logging_mixin.py:120} INFO - [2023-12-23T18:15:51.736+0000] {taskmixin.py:205} WARNING - Dependency <Task(_PythonDecoratedOperator): log_sql_query>, print_the_context already registered for DAG: example_python_operator
[2023-12-23T18:15:51.737+0000] {logging_mixin.py:120} INFO - [2023-12-23T18:15:51.737+0000] {taskmixin.py:205} WARNING - Dependency <Task(_PythonDecoratedOperator): print_the_context>, log_sql_query already registered for DAG: example_python_operator
[2023-12-23T18:15:51.737+0000] {logging_mixin.py:120} INFO - [2023-12-23T18:15:51.737+0000] {taskmixin.py:205} WARNING - Dependency <Task(_PythonDecoratedOperator): log_sql_query>, print_the_context already registered for DAG: example_python_operator
[2023-12-23T18:15:51.737+0000] {logging_mixin.py:120} INFO - [2023-12-23T18:15:51.737+0000] {taskmixin.py:205} WARNING - Dependency <Task(_PythonDecoratedOperator): print_the_context>, log_sql_query already registered for DAG: example_python_operator
[2023-12-23T18:15:51.738+0000] {logging_mixin.py:120} INFO - [2023-12-23T18:15:51.738+0000] {taskmixin.py:205} WARNING - Dependency <Task(_PythonDecoratedOperator): log_sql_query>, print_the_context already registered for DAG: example_python_operator
[2023-12-23T18:15:51.744+0000] {processor.py:766} INFO - DAG(s) dict_keys(['example_python_operator']) retrieved from /home/airflow/.local/lib/python3.7/site-packages/airflow/example_dags/example_python_operator.py
[2023-12-23T18:15:51.786+0000] {logging_mixin.py:120} INFO - [2023-12-23T18:15:51.786+0000] {dag.py:2585} INFO - Sync 1 DAGs
[2023-12-23T18:15:51.811+0000] {logging_mixin.py:120} INFO - [2023-12-23T18:15:51.811+0000] {dag.py:3340} INFO - Setting next_dagrun for example_python_operator to None, run_after=None
[2023-12-23T18:15:51.833+0000] {processor.py:176} INFO - Processing /home/airflow/.local/lib/python3.7/site-packages/airflow/example_dags/example_python_operator.py took 0.116 seconds
[2023-12-23T18:16:22.611+0000] {processor.py:154} INFO - Started process (PID=479) to work on /home/airflow/.local/lib/python3.7/site-packages/airflow/example_dags/example_python_operator.py
[2023-12-23T18:16:22.612+0000] {processor.py:756} INFO - Processing file /home/airflow/.local/lib/python3.7/site-packages/airflow/example_dags/example_python_operator.py for tasks to queue
[2023-12-23T18:16:22.612+0000] {logging_mixin.py:120} INFO - [2023-12-23T18:16:22.612+0000] {dagbag.py:537} INFO - Filling up the DagBag from /home/airflow/.local/lib/python3.7/site-packages/airflow/example_dags/example_python_operator.py
[2023-12-23T18:16:22.624+0000] {logging_mixin.py:120} INFO - [2023-12-23T18:16:22.624+0000] {taskmixin.py:205} WARNING - Dependency <Task(_PythonDecoratedOperator): print_the_context>, log_sql_query already registered for DAG: example_python_operator
[2023-12-23T18:16:22.625+0000] {logging_mixin.py:120} INFO - [2023-12-23T18:16:22.625+0000] {taskmixin.py:205} WARNING - Dependency <Task(_PythonDecoratedOperator): log_sql_query>, print_the_context already registered for DAG: example_python_operator
[2023-12-23T18:16:22.625+0000] {logging_mixin.py:120} INFO - [2023-12-23T18:16:22.625+0000] {taskmixin.py:205} WARNING - Dependency <Task(_PythonDecoratedOperator): print_the_context>, log_sql_query already registered for DAG: example_python_operator
[2023-12-23T18:16:22.625+0000] {logging_mixin.py:120} INFO - [2023-12-23T18:16:22.625+0000] {taskmixin.py:205} WARNING - Dependency <Task(_PythonDecoratedOperator): log_sql_query>, print_the_context already registered for DAG: example_python_operator
[2023-12-23T18:16:22.626+0000] {logging_mixin.py:120} INFO - [2023-12-23T18:16:22.626+0000] {taskmixin.py:205} WARNING - Dependency <Task(_PythonDecoratedOperator): print_the_context>, log_sql_query already registered for DAG: example_python_operator
[2023-12-23T18:16:22.626+0000] {logging_mixin.py:120} INFO - [2023-12-23T18:16:22.626+0000] {taskmixin.py:205} WARNING - Dependency <Task(_PythonDecoratedOperator): log_sql_query>, print_the_context already registered for DAG: example_python_operator
[2023-12-23T18:16:22.627+0000] {logging_mixin.py:120} INFO - [2023-12-23T18:16:22.627+0000] {taskmixin.py:205} WARNING - Dependency <Task(_PythonDecoratedOperator): print_the_context>, log_sql_query already registered for DAG: example_python_operator
[2023-12-23T18:16:22.627+0000] {logging_mixin.py:120} INFO - [2023-12-23T18:16:22.627+0000] {taskmixin.py:205} WARNING - Dependency <Task(_PythonDecoratedOperator): log_sql_query>, print_the_context already registered for DAG: example_python_operator
[2023-12-23T18:16:22.634+0000] {processor.py:766} INFO - DAG(s) dict_keys(['example_python_operator']) retrieved from /home/airflow/.local/lib/python3.7/site-packages/airflow/example_dags/example_python_operator.py
[2023-12-23T18:16:22.669+0000] {logging_mixin.py:120} INFO - [2023-12-23T18:16:22.669+0000] {dag.py:2585} INFO - Sync 1 DAGs
[2023-12-23T18:16:22.690+0000] {logging_mixin.py:120} INFO - [2023-12-23T18:16:22.690+0000] {dag.py:3340} INFO - Setting next_dagrun for example_python_operator to None, run_after=None
[2023-12-23T18:16:22.711+0000] {processor.py:176} INFO - Processing /home/airflow/.local/lib/python3.7/site-packages/airflow/example_dags/example_python_operator.py took 0.103 seconds
[2023-12-23T18:16:53.331+0000] {processor.py:154} INFO - Started process (PID=543) to work on /home/airflow/.local/lib/python3.7/site-packages/airflow/example_dags/example_python_operator.py
[2023-12-23T18:16:53.332+0000] {processor.py:756} INFO - Processing file /home/airflow/.local/lib/python3.7/site-packages/airflow/example_dags/example_python_operator.py for tasks to queue
[2023-12-23T18:16:53.332+0000] {logging_mixin.py:120} INFO - [2023-12-23T18:16:53.332+0000] {dagbag.py:537} INFO - Filling up the DagBag from /home/airflow/.local/lib/python3.7/site-packages/airflow/example_dags/example_python_operator.py
[2023-12-23T18:16:53.345+0000] {logging_mixin.py:120} INFO - [2023-12-23T18:16:53.345+0000] {taskmixin.py:205} WARNING - Dependency <Task(_PythonDecoratedOperator): print_the_context>, log_sql_query already registered for DAG: example_python_operator
[2023-12-23T18:16:53.345+0000] {logging_mixin.py:120} INFO - [2023-12-23T18:16:53.345+0000] {taskmixin.py:205} WARNING - Dependency <Task(_PythonDecoratedOperator): log_sql_query>, print_the_context already registered for DAG: example_python_operator
[2023-12-23T18:16:53.345+0000] {logging_mixin.py:120} INFO - [2023-12-23T18:16:53.345+0000] {taskmixin.py:205} WARNING - Dependency <Task(_PythonDecoratedOperator): print_the_context>, log_sql_query already registered for DAG: example_python_operator
[2023-12-23T18:16:53.345+0000] {logging_mixin.py:120} INFO - [2023-12-23T18:16:53.345+0000] {taskmixin.py:205} WARNING - Dependency <Task(_PythonDecoratedOperator): log_sql_query>, print_the_context already registered for DAG: example_python_operator
[2023-12-23T18:16:53.346+0000] {logging_mixin.py:120} INFO - [2023-12-23T18:16:53.346+0000] {taskmixin.py:205} WARNING - Dependency <Task(_PythonDecoratedOperator): print_the_context>, log_sql_query already registered for DAG: example_python_operator
[2023-12-23T18:16:53.346+0000] {logging_mixin.py:120} INFO - [2023-12-23T18:16:53.346+0000] {taskmixin.py:205} WARNING - Dependency <Task(_PythonDecoratedOperator): log_sql_query>, print_the_context already registered for DAG: example_python_operator
[2023-12-23T18:16:53.347+0000] {logging_mixin.py:120} INFO - [2023-12-23T18:16:53.347+0000] {taskmixin.py:205} WARNING - Dependency <Task(_PythonDecoratedOperator): print_the_context>, log_sql_query already registered for DAG: example_python_operator
[2023-12-23T18:16:53.347+0000] {logging_mixin.py:120} INFO - [2023-12-23T18:16:53.347+0000] {taskmixin.py:205} WARNING - Dependency <Task(_PythonDecoratedOperator): log_sql_query>, print_the_context already registered for DAG: example_python_operator
[2023-12-23T18:16:53.354+0000] {processor.py:766} INFO - DAG(s) dict_keys(['example_python_operator']) retrieved from /home/airflow/.local/lib/python3.7/site-packages/airflow/example_dags/example_python_operator.py
[2023-12-23T18:16:53.391+0000] {logging_mixin.py:120} INFO - [2023-12-23T18:16:53.391+0000] {dag.py:2585} INFO - Sync 1 DAGs
[2023-12-23T18:16:53.411+0000] {logging_mixin.py:120} INFO - [2023-12-23T18:16:53.411+0000] {dag.py:3340} INFO - Setting next_dagrun for example_python_operator to None, run_after=None
[2023-12-23T18:16:53.432+0000] {processor.py:176} INFO - Processing /home/airflow/.local/lib/python3.7/site-packages/airflow/example_dags/example_python_operator.py took 0.104 seconds
[2023-12-23T18:17:24.106+0000] {processor.py:154} INFO - Started process (PID=607) to work on /home/airflow/.local/lib/python3.7/site-packages/airflow/example_dags/example_python_operator.py
[2023-12-23T18:17:24.106+0000] {processor.py:756} INFO - Processing file /home/airflow/.local/lib/python3.7/site-packages/airflow/example_dags/example_python_operator.py for tasks to queue
[2023-12-23T18:17:24.107+0000] {logging_mixin.py:120} INFO - [2023-12-23T18:17:24.107+0000] {dagbag.py:537} INFO - Filling up the DagBag from /home/airflow/.local/lib/python3.7/site-packages/airflow/example_dags/example_python_operator.py
[2023-12-23T18:17:24.126+0000] {logging_mixin.py:120} INFO - [2023-12-23T18:17:24.126+0000] {taskmixin.py:205} WARNING - Dependency <Task(_PythonDecoratedOperator): print_the_context>, log_sql_query already registered for DAG: example_python_operator
[2023-12-23T18:17:24.127+0000] {logging_mixin.py:120} INFO - [2023-12-23T18:17:24.126+0000] {taskmixin.py:205} WARNING - Dependency <Task(_PythonDecoratedOperator): log_sql_query>, print_the_context already registered for DAG: example_python_operator
[2023-12-23T18:17:24.127+0000] {logging_mixin.py:120} INFO - [2023-12-23T18:17:24.127+0000] {taskmixin.py:205} WARNING - Dependency <Task(_PythonDecoratedOperator): print_the_context>, log_sql_query already registered for DAG: example_python_operator
[2023-12-23T18:17:24.128+0000] {logging_mixin.py:120} INFO - [2023-12-23T18:17:24.128+0000] {taskmixin.py:205} WARNING - Dependency <Task(_PythonDecoratedOperator): log_sql_query>, print_the_context already registered for DAG: example_python_operator
[2023-12-23T18:17:24.129+0000] {logging_mixin.py:120} INFO - [2023-12-23T18:17:24.128+0000] {taskmixin.py:205} WARNING - Dependency <Task(_PythonDecoratedOperator): print_the_context>, log_sql_query already registered for DAG: example_python_operator
[2023-12-23T18:17:24.129+0000] {logging_mixin.py:120} INFO - [2023-12-23T18:17:24.129+0000] {taskmixin.py:205} WARNING - Dependency <Task(_PythonDecoratedOperator): log_sql_query>, print_the_context already registered for DAG: example_python_operator
[2023-12-23T18:17:24.130+0000] {logging_mixin.py:120} INFO - [2023-12-23T18:17:24.130+0000] {taskmixin.py:205} WARNING - Dependency <Task(_PythonDecoratedOperator): print_the_context>, log_sql_query already registered for DAG: example_python_operator
[2023-12-23T18:17:24.130+0000] {logging_mixin.py:120} INFO - [2023-12-23T18:17:24.130+0000] {taskmixin.py:205} WARNING - Dependency <Task(_PythonDecoratedOperator): log_sql_query>, print_the_context already registered for DAG: example_python_operator
[2023-12-23T18:17:24.148+0000] {processor.py:766} INFO - DAG(s) dict_keys(['example_python_operator']) retrieved from /home/airflow/.local/lib/python3.7/site-packages/airflow/example_dags/example_python_operator.py
[2023-12-23T18:17:24.200+0000] {logging_mixin.py:120} INFO - [2023-12-23T18:17:24.199+0000] {dag.py:2585} INFO - Sync 1 DAGs
[2023-12-23T18:17:24.231+0000] {logging_mixin.py:120} INFO - [2023-12-23T18:17:24.231+0000] {dag.py:3340} INFO - Setting next_dagrun for example_python_operator to None, run_after=None
[2023-12-23T18:17:24.264+0000] {processor.py:176} INFO - Processing /home/airflow/.local/lib/python3.7/site-packages/airflow/example_dags/example_python_operator.py took 0.162 seconds
[2023-12-23T18:17:54.995+0000] {processor.py:154} INFO - Started process (PID=662) to work on /home/airflow/.local/lib/python3.7/site-packages/airflow/example_dags/example_python_operator.py
[2023-12-23T18:17:54.995+0000] {processor.py:756} INFO - Processing file /home/airflow/.local/lib/python3.7/site-packages/airflow/example_dags/example_python_operator.py for tasks to queue
[2023-12-23T18:17:54.996+0000] {logging_mixin.py:120} INFO - [2023-12-23T18:17:54.996+0000] {dagbag.py:537} INFO - Filling up the DagBag from /home/airflow/.local/lib/python3.7/site-packages/airflow/example_dags/example_python_operator.py
[2023-12-23T18:17:55.014+0000] {logging_mixin.py:120} INFO - [2023-12-23T18:17:55.014+0000] {taskmixin.py:205} WARNING - Dependency <Task(_PythonDecoratedOperator): print_the_context>, log_sql_query already registered for DAG: example_python_operator
[2023-12-23T18:17:55.015+0000] {logging_mixin.py:120} INFO - [2023-12-23T18:17:55.014+0000] {taskmixin.py:205} WARNING - Dependency <Task(_PythonDecoratedOperator): log_sql_query>, print_the_context already registered for DAG: example_python_operator
[2023-12-23T18:17:55.015+0000] {logging_mixin.py:120} INFO - [2023-12-23T18:17:55.015+0000] {taskmixin.py:205} WARNING - Dependency <Task(_PythonDecoratedOperator): print_the_context>, log_sql_query already registered for DAG: example_python_operator
[2023-12-23T18:17:55.016+0000] {logging_mixin.py:120} INFO - [2023-12-23T18:17:55.016+0000] {taskmixin.py:205} WARNING - Dependency <Task(_PythonDecoratedOperator): log_sql_query>, print_the_context already registered for DAG: example_python_operator
[2023-12-23T18:17:55.017+0000] {logging_mixin.py:120} INFO - [2023-12-23T18:17:55.016+0000] {taskmixin.py:205} WARNING - Dependency <Task(_PythonDecoratedOperator): print_the_context>, log_sql_query already registered for DAG: example_python_operator
[2023-12-23T18:17:55.017+0000] {logging_mixin.py:120} INFO - [2023-12-23T18:17:55.017+0000] {taskmixin.py:205} WARNING - Dependency <Task(_PythonDecoratedOperator): log_sql_query>, print_the_context already registered for DAG: example_python_operator
[2023-12-23T18:17:55.018+0000] {logging_mixin.py:120} INFO - [2023-12-23T18:17:55.017+0000] {taskmixin.py:205} WARNING - Dependency <Task(_PythonDecoratedOperator): print_the_context>, log_sql_query already registered for DAG: example_python_operator
[2023-12-23T18:17:55.018+0000] {logging_mixin.py:120} INFO - [2023-12-23T18:17:55.018+0000] {taskmixin.py:205} WARNING - Dependency <Task(_PythonDecoratedOperator): log_sql_query>, print_the_context already registered for DAG: example_python_operator
[2023-12-23T18:17:55.027+0000] {processor.py:766} INFO - DAG(s) dict_keys(['example_python_operator']) retrieved from /home/airflow/.local/lib/python3.7/site-packages/airflow/example_dags/example_python_operator.py
[2023-12-23T18:17:55.069+0000] {logging_mixin.py:120} INFO - [2023-12-23T18:17:55.069+0000] {dag.py:2585} INFO - Sync 1 DAGs
[2023-12-23T18:17:55.093+0000] {logging_mixin.py:120} INFO - [2023-12-23T18:17:55.092+0000] {dag.py:3340} INFO - Setting next_dagrun for example_python_operator to None, run_after=None
[2023-12-23T18:17:55.117+0000] {processor.py:176} INFO - Processing /home/airflow/.local/lib/python3.7/site-packages/airflow/example_dags/example_python_operator.py took 0.125 seconds
[2023-12-23T18:18:25.750+0000] {processor.py:154} INFO - Started process (PID=726) to work on /home/airflow/.local/lib/python3.7/site-packages/airflow/example_dags/example_python_operator.py
[2023-12-23T18:18:25.752+0000] {processor.py:756} INFO - Processing file /home/airflow/.local/lib/python3.7/site-packages/airflow/example_dags/example_python_operator.py for tasks to queue
[2023-12-23T18:18:25.752+0000] {logging_mixin.py:120} INFO - [2023-12-23T18:18:25.752+0000] {dagbag.py:537} INFO - Filling up the DagBag from /home/airflow/.local/lib/python3.7/site-packages/airflow/example_dags/example_python_operator.py
[2023-12-23T18:18:25.779+0000] {logging_mixin.py:120} INFO - [2023-12-23T18:18:25.779+0000] {taskmixin.py:205} WARNING - Dependency <Task(_PythonDecoratedOperator): print_the_context>, log_sql_query already registered for DAG: example_python_operator
[2023-12-23T18:18:25.780+0000] {logging_mixin.py:120} INFO - [2023-12-23T18:18:25.780+0000] {taskmixin.py:205} WARNING - Dependency <Task(_PythonDecoratedOperator): log_sql_query>, print_the_context already registered for DAG: example_python_operator
[2023-12-23T18:18:25.781+0000] {logging_mixin.py:120} INFO - [2023-12-23T18:18:25.781+0000] {taskmixin.py:205} WARNING - Dependency <Task(_PythonDecoratedOperator): print_the_context>, log_sql_query already registered for DAG: example_python_operator
[2023-12-23T18:18:25.781+0000] {logging_mixin.py:120} INFO - [2023-12-23T18:18:25.781+0000] {taskmixin.py:205} WARNING - Dependency <Task(_PythonDecoratedOperator): log_sql_query>, print_the_context already registered for DAG: example_python_operator
[2023-12-23T18:18:25.782+0000] {logging_mixin.py:120} INFO - [2023-12-23T18:18:25.782+0000] {taskmixin.py:205} WARNING - Dependency <Task(_PythonDecoratedOperator): print_the_context>, log_sql_query already registered for DAG: example_python_operator
[2023-12-23T18:18:25.782+0000] {logging_mixin.py:120} INFO - [2023-12-23T18:18:25.782+0000] {taskmixin.py:205} WARNING - Dependency <Task(_PythonDecoratedOperator): log_sql_query>, print_the_context already registered for DAG: example_python_operator
[2023-12-23T18:18:25.783+0000] {logging_mixin.py:120} INFO - [2023-12-23T18:18:25.783+0000] {taskmixin.py:205} WARNING - Dependency <Task(_PythonDecoratedOperator): print_the_context>, log_sql_query already registered for DAG: example_python_operator
[2023-12-23T18:18:25.783+0000] {logging_mixin.py:120} INFO - [2023-12-23T18:18:25.783+0000] {taskmixin.py:205} WARNING - Dependency <Task(_PythonDecoratedOperator): log_sql_query>, print_the_context already registered for DAG: example_python_operator
[2023-12-23T18:18:25.793+0000] {processor.py:766} INFO - DAG(s) dict_keys(['example_python_operator']) retrieved from /home/airflow/.local/lib/python3.7/site-packages/airflow/example_dags/example_python_operator.py
[2023-12-23T18:18:25.845+0000] {logging_mixin.py:120} INFO - [2023-12-23T18:18:25.844+0000] {dag.py:2585} INFO - Sync 1 DAGs
[2023-12-23T18:18:25.880+0000] {logging_mixin.py:120} INFO - [2023-12-23T18:18:25.879+0000] {dag.py:3340} INFO - Setting next_dagrun for example_python_operator to None, run_after=None
[2023-12-23T18:18:25.915+0000] {processor.py:176} INFO - Processing /home/airflow/.local/lib/python3.7/site-packages/airflow/example_dags/example_python_operator.py took 0.175 seconds
[2023-12-23T18:18:56.551+0000] {processor.py:154} INFO - Started process (PID=790) to work on /home/airflow/.local/lib/python3.7/site-packages/airflow/example_dags/example_python_operator.py
[2023-12-23T18:18:56.552+0000] {processor.py:756} INFO - Processing file /home/airflow/.local/lib/python3.7/site-packages/airflow/example_dags/example_python_operator.py for tasks to queue
[2023-12-23T18:18:56.552+0000] {logging_mixin.py:120} INFO - [2023-12-23T18:18:56.552+0000] {dagbag.py:537} INFO - Filling up the DagBag from /home/airflow/.local/lib/python3.7/site-packages/airflow/example_dags/example_python_operator.py
[2023-12-23T18:18:56.575+0000] {logging_mixin.py:120} INFO - [2023-12-23T18:18:56.575+0000] {taskmixin.py:205} WARNING - Dependency <Task(_PythonDecoratedOperator): print_the_context>, log_sql_query already registered for DAG: example_python_operator
[2023-12-23T18:18:56.575+0000] {logging_mixin.py:120} INFO - [2023-12-23T18:18:56.575+0000] {taskmixin.py:205} WARNING - Dependency <Task(_PythonDecoratedOperator): log_sql_query>, print_the_context already registered for DAG: example_python_operator
[2023-12-23T18:18:56.576+0000] {logging_mixin.py:120} INFO - [2023-12-23T18:18:56.576+0000] {taskmixin.py:205} WARNING - Dependency <Task(_PythonDecoratedOperator): print_the_context>, log_sql_query already registered for DAG: example_python_operator
[2023-12-23T18:18:56.576+0000] {logging_mixin.py:120} INFO - [2023-12-23T18:18:56.576+0000] {taskmixin.py:205} WARNING - Dependency <Task(_PythonDecoratedOperator): log_sql_query>, print_the_context already registered for DAG: example_python_operator
[2023-12-23T18:18:56.577+0000] {logging_mixin.py:120} INFO - [2023-12-23T18:18:56.577+0000] {taskmixin.py:205} WARNING - Dependency <Task(_PythonDecoratedOperator): print_the_context>, log_sql_query already registered for DAG: example_python_operator
[2023-12-23T18:18:56.577+0000] {logging_mixin.py:120} INFO - [2023-12-23T18:18:56.577+0000] {taskmixin.py:205} WARNING - Dependency <Task(_PythonDecoratedOperator): log_sql_query>, print_the_context already registered for DAG: example_python_operator
[2023-12-23T18:18:56.578+0000] {logging_mixin.py:120} INFO - [2023-12-23T18:18:56.578+0000] {taskmixin.py:205} WARNING - Dependency <Task(_PythonDecoratedOperator): print_the_context>, log_sql_query already registered for DAG: example_python_operator
[2023-12-23T18:18:56.578+0000] {logging_mixin.py:120} INFO - [2023-12-23T18:18:56.578+0000] {taskmixin.py:205} WARNING - Dependency <Task(_PythonDecoratedOperator): log_sql_query>, print_the_context already registered for DAG: example_python_operator
[2023-12-23T18:18:56.588+0000] {processor.py:766} INFO - DAG(s) dict_keys(['example_python_operator']) retrieved from /home/airflow/.local/lib/python3.7/site-packages/airflow/example_dags/example_python_operator.py
[2023-12-23T18:18:56.635+0000] {logging_mixin.py:120} INFO - [2023-12-23T18:18:56.635+0000] {dag.py:2585} INFO - Sync 1 DAGs
[2023-12-23T18:18:56.660+0000] {logging_mixin.py:120} INFO - [2023-12-23T18:18:56.660+0000] {dag.py:3340} INFO - Setting next_dagrun for example_python_operator to None, run_after=None
[2023-12-23T18:18:56.681+0000] {processor.py:176} INFO - Processing /home/airflow/.local/lib/python3.7/site-packages/airflow/example_dags/example_python_operator.py took 0.133 seconds
[2023-12-23T18:19:27.349+0000] {processor.py:154} INFO - Started process (PID=854) to work on /home/airflow/.local/lib/python3.7/site-packages/airflow/example_dags/example_python_operator.py
[2023-12-23T18:19:27.350+0000] {processor.py:756} INFO - Processing file /home/airflow/.local/lib/python3.7/site-packages/airflow/example_dags/example_python_operator.py for tasks to queue
[2023-12-23T18:19:27.351+0000] {logging_mixin.py:120} INFO - [2023-12-23T18:19:27.351+0000] {dagbag.py:537} INFO - Filling up the DagBag from /home/airflow/.local/lib/python3.7/site-packages/airflow/example_dags/example_python_operator.py
[2023-12-23T18:19:27.371+0000] {logging_mixin.py:120} INFO - [2023-12-23T18:19:27.370+0000] {taskmixin.py:205} WARNING - Dependency <Task(_PythonDecoratedOperator): print_the_context>, log_sql_query already registered for DAG: example_python_operator
[2023-12-23T18:19:27.371+0000] {logging_mixin.py:120} INFO - [2023-12-23T18:19:27.371+0000] {taskmixin.py:205} WARNING - Dependency <Task(_PythonDecoratedOperator): log_sql_query>, print_the_context already registered for DAG: example_python_operator
[2023-12-23T18:19:27.372+0000] {logging_mixin.py:120} INFO - [2023-12-23T18:19:27.372+0000] {taskmixin.py:205} WARNING - Dependency <Task(_PythonDecoratedOperator): print_the_context>, log_sql_query already registered for DAG: example_python_operator
[2023-12-23T18:19:27.372+0000] {logging_mixin.py:120} INFO - [2023-12-23T18:19:27.372+0000] {taskmixin.py:205} WARNING - Dependency <Task(_PythonDecoratedOperator): log_sql_query>, print_the_context already registered for DAG: example_python_operator
[2023-12-23T18:19:27.373+0000] {logging_mixin.py:120} INFO - [2023-12-23T18:19:27.373+0000] {taskmixin.py:205} WARNING - Dependency <Task(_PythonDecoratedOperator): print_the_context>, log_sql_query already registered for DAG: example_python_operator
[2023-12-23T18:19:27.373+0000] {logging_mixin.py:120} INFO - [2023-12-23T18:19:27.373+0000] {taskmixin.py:205} WARNING - Dependency <Task(_PythonDecoratedOperator): log_sql_query>, print_the_context already registered for DAG: example_python_operator
[2023-12-23T18:19:27.374+0000] {logging_mixin.py:120} INFO - [2023-12-23T18:19:27.374+0000] {taskmixin.py:205} WARNING - Dependency <Task(_PythonDecoratedOperator): print_the_context>, log_sql_query already registered for DAG: example_python_operator
[2023-12-23T18:19:27.374+0000] {logging_mixin.py:120} INFO - [2023-12-23T18:19:27.374+0000] {taskmixin.py:205} WARNING - Dependency <Task(_PythonDecoratedOperator): log_sql_query>, print_the_context already registered for DAG: example_python_operator
[2023-12-23T18:19:27.384+0000] {processor.py:766} INFO - DAG(s) dict_keys(['example_python_operator']) retrieved from /home/airflow/.local/lib/python3.7/site-packages/airflow/example_dags/example_python_operator.py
[2023-12-23T18:19:27.436+0000] {logging_mixin.py:120} INFO - [2023-12-23T18:19:27.436+0000] {dag.py:2585} INFO - Sync 1 DAGs
[2023-12-23T18:19:27.477+0000] {logging_mixin.py:120} INFO - [2023-12-23T18:19:27.477+0000] {dag.py:3340} INFO - Setting next_dagrun for example_python_operator to None, run_after=None
[2023-12-23T18:19:27.503+0000] {processor.py:176} INFO - Processing /home/airflow/.local/lib/python3.7/site-packages/airflow/example_dags/example_python_operator.py took 0.158 seconds
[2023-12-23T18:19:58.218+0000] {processor.py:154} INFO - Started process (PID=909) to work on /home/airflow/.local/lib/python3.7/site-packages/airflow/example_dags/example_python_operator.py
[2023-12-23T18:19:58.219+0000] {processor.py:756} INFO - Processing file /home/airflow/.local/lib/python3.7/site-packages/airflow/example_dags/example_python_operator.py for tasks to queue
[2023-12-23T18:19:58.219+0000] {logging_mixin.py:120} INFO - [2023-12-23T18:19:58.219+0000] {dagbag.py:537} INFO - Filling up the DagBag from /home/airflow/.local/lib/python3.7/site-packages/airflow/example_dags/example_python_operator.py
[2023-12-23T18:19:58.233+0000] {logging_mixin.py:120} INFO - [2023-12-23T18:19:58.233+0000] {taskmixin.py:205} WARNING - Dependency <Task(_PythonDecoratedOperator): print_the_context>, log_sql_query already registered for DAG: example_python_operator
[2023-12-23T18:19:58.234+0000] {logging_mixin.py:120} INFO - [2023-12-23T18:19:58.233+0000] {taskmixin.py:205} WARNING - Dependency <Task(_PythonDecoratedOperator): log_sql_query>, print_the_context already registered for DAG: example_python_operator
[2023-12-23T18:19:58.234+0000] {logging_mixin.py:120} INFO - [2023-12-23T18:19:58.234+0000] {taskmixin.py:205} WARNING - Dependency <Task(_PythonDecoratedOperator): print_the_context>, log_sql_query already registered for DAG: example_python_operator
[2023-12-23T18:19:58.234+0000] {logging_mixin.py:120} INFO - [2023-12-23T18:19:58.234+0000] {taskmixin.py:205} WARNING - Dependency <Task(_PythonDecoratedOperator): log_sql_query>, print_the_context already registered for DAG: example_python_operator
[2023-12-23T18:19:58.235+0000] {logging_mixin.py:120} INFO - [2023-12-23T18:19:58.235+0000] {taskmixin.py:205} WARNING - Dependency <Task(_PythonDecoratedOperator): print_the_context>, log_sql_query already registered for DAG: example_python_operator
[2023-12-23T18:19:58.235+0000] {logging_mixin.py:120} INFO - [2023-12-23T18:19:58.235+0000] {taskmixin.py:205} WARNING - Dependency <Task(_PythonDecoratedOperator): log_sql_query>, print_the_context already registered for DAG: example_python_operator
[2023-12-23T18:19:58.236+0000] {logging_mixin.py:120} INFO - [2023-12-23T18:19:58.235+0000] {taskmixin.py:205} WARNING - Dependency <Task(_PythonDecoratedOperator): print_the_context>, log_sql_query already registered for DAG: example_python_operator
[2023-12-23T18:19:58.236+0000] {logging_mixin.py:120} INFO - [2023-12-23T18:19:58.236+0000] {taskmixin.py:205} WARNING - Dependency <Task(_PythonDecoratedOperator): log_sql_query>, print_the_context already registered for DAG: example_python_operator
[2023-12-23T18:19:58.242+0000] {processor.py:766} INFO - DAG(s) dict_keys(['example_python_operator']) retrieved from /home/airflow/.local/lib/python3.7/site-packages/airflow/example_dags/example_python_operator.py
[2023-12-23T18:19:58.277+0000] {logging_mixin.py:120} INFO - [2023-12-23T18:19:58.277+0000] {dag.py:2585} INFO - Sync 1 DAGs
[2023-12-23T18:19:58.297+0000] {logging_mixin.py:120} INFO - [2023-12-23T18:19:58.297+0000] {dag.py:3340} INFO - Setting next_dagrun for example_python_operator to None, run_after=None
[2023-12-23T18:19:58.318+0000] {processor.py:176} INFO - Processing /home/airflow/.local/lib/python3.7/site-packages/airflow/example_dags/example_python_operator.py took 0.103 seconds
[2023-12-23T18:21:04.075+0000] {processor.py:154} INFO - Started process (PID=54) to work on /home/airflow/.local/lib/python3.7/site-packages/airflow/example_dags/example_python_operator.py
[2023-12-23T18:21:04.076+0000] {processor.py:756} INFO - Processing file /home/airflow/.local/lib/python3.7/site-packages/airflow/example_dags/example_python_operator.py for tasks to queue
[2023-12-23T18:21:04.077+0000] {logging_mixin.py:120} INFO - [2023-12-23T18:21:04.077+0000] {dagbag.py:537} INFO - Filling up the DagBag from /home/airflow/.local/lib/python3.7/site-packages/airflow/example_dags/example_python_operator.py
[2023-12-23T18:21:04.117+0000] {logging_mixin.py:120} INFO - [2023-12-23T18:21:04.116+0000] {taskmixin.py:205} WARNING - Dependency <Task(_PythonDecoratedOperator): print_the_context>, log_sql_query already registered for DAG: example_python_operator
[2023-12-23T18:21:04.117+0000] {logging_mixin.py:120} INFO - [2023-12-23T18:21:04.117+0000] {taskmixin.py:205} WARNING - Dependency <Task(_PythonDecoratedOperator): log_sql_query>, print_the_context already registered for DAG: example_python_operator
[2023-12-23T18:21:04.118+0000] {logging_mixin.py:120} INFO - [2023-12-23T18:21:04.118+0000] {taskmixin.py:205} WARNING - Dependency <Task(_PythonDecoratedOperator): print_the_context>, log_sql_query already registered for DAG: example_python_operator
[2023-12-23T18:21:04.118+0000] {logging_mixin.py:120} INFO - [2023-12-23T18:21:04.118+0000] {taskmixin.py:205} WARNING - Dependency <Task(_PythonDecoratedOperator): log_sql_query>, print_the_context already registered for DAG: example_python_operator
[2023-12-23T18:21:04.119+0000] {logging_mixin.py:120} INFO - [2023-12-23T18:21:04.119+0000] {taskmixin.py:205} WARNING - Dependency <Task(_PythonDecoratedOperator): print_the_context>, log_sql_query already registered for DAG: example_python_operator
[2023-12-23T18:21:04.124+0000] {logging_mixin.py:120} INFO - [2023-12-23T18:21:04.124+0000] {taskmixin.py:205} WARNING - Dependency <Task(_PythonDecoratedOperator): log_sql_query>, print_the_context already registered for DAG: example_python_operator
[2023-12-23T18:21:04.125+0000] {logging_mixin.py:120} INFO - [2023-12-23T18:21:04.125+0000] {taskmixin.py:205} WARNING - Dependency <Task(_PythonDecoratedOperator): print_the_context>, log_sql_query already registered for DAG: example_python_operator
[2023-12-23T18:21:04.125+0000] {logging_mixin.py:120} INFO - [2023-12-23T18:21:04.125+0000] {taskmixin.py:205} WARNING - Dependency <Task(_PythonDecoratedOperator): log_sql_query>, print_the_context already registered for DAG: example_python_operator
[2023-12-23T18:21:04.149+0000] {processor.py:766} INFO - DAG(s) dict_keys(['example_python_operator']) retrieved from /home/airflow/.local/lib/python3.7/site-packages/airflow/example_dags/example_python_operator.py
[2023-12-23T18:21:04.211+0000] {logging_mixin.py:120} INFO - [2023-12-23T18:21:04.210+0000] {dag.py:2585} INFO - Sync 1 DAGs
[2023-12-23T18:21:04.281+0000] {logging_mixin.py:120} INFO - [2023-12-23T18:21:04.280+0000] {dag.py:3340} INFO - Setting next_dagrun for example_python_operator to None, run_after=None
[2023-12-23T18:21:04.321+0000] {processor.py:176} INFO - Processing /home/airflow/.local/lib/python3.7/site-packages/airflow/example_dags/example_python_operator.py took 0.250 seconds
[2023-12-23T18:21:34.495+0000] {processor.py:154} INFO - Started process (PID=115) to work on /home/airflow/.local/lib/python3.7/site-packages/airflow/example_dags/example_python_operator.py
[2023-12-23T18:21:34.496+0000] {processor.py:756} INFO - Processing file /home/airflow/.local/lib/python3.7/site-packages/airflow/example_dags/example_python_operator.py for tasks to queue
[2023-12-23T18:21:34.497+0000] {logging_mixin.py:120} INFO - [2023-12-23T18:21:34.497+0000] {dagbag.py:537} INFO - Filling up the DagBag from /home/airflow/.local/lib/python3.7/site-packages/airflow/example_dags/example_python_operator.py
[2023-12-23T18:21:34.521+0000] {logging_mixin.py:120} INFO - [2023-12-23T18:21:34.521+0000] {taskmixin.py:205} WARNING - Dependency <Task(_PythonDecoratedOperator): print_the_context>, log_sql_query already registered for DAG: example_python_operator
[2023-12-23T18:21:34.521+0000] {logging_mixin.py:120} INFO - [2023-12-23T18:21:34.521+0000] {taskmixin.py:205} WARNING - Dependency <Task(_PythonDecoratedOperator): log_sql_query>, print_the_context already registered for DAG: example_python_operator
[2023-12-23T18:21:34.526+0000] {logging_mixin.py:120} INFO - [2023-12-23T18:21:34.526+0000] {taskmixin.py:205} WARNING - Dependency <Task(_PythonDecoratedOperator): print_the_context>, log_sql_query already registered for DAG: example_python_operator
[2023-12-23T18:21:34.526+0000] {logging_mixin.py:120} INFO - [2023-12-23T18:21:34.526+0000] {taskmixin.py:205} WARNING - Dependency <Task(_PythonDecoratedOperator): log_sql_query>, print_the_context already registered for DAG: example_python_operator
[2023-12-23T18:21:34.527+0000] {logging_mixin.py:120} INFO - [2023-12-23T18:21:34.527+0000] {taskmixin.py:205} WARNING - Dependency <Task(_PythonDecoratedOperator): print_the_context>, log_sql_query already registered for DAG: example_python_operator
[2023-12-23T18:21:34.528+0000] {logging_mixin.py:120} INFO - [2023-12-23T18:21:34.527+0000] {taskmixin.py:205} WARNING - Dependency <Task(_PythonDecoratedOperator): log_sql_query>, print_the_context already registered for DAG: example_python_operator
[2023-12-23T18:21:34.529+0000] {logging_mixin.py:120} INFO - [2023-12-23T18:21:34.529+0000] {taskmixin.py:205} WARNING - Dependency <Task(_PythonDecoratedOperator): print_the_context>, log_sql_query already registered for DAG: example_python_operator
[2023-12-23T18:21:34.529+0000] {logging_mixin.py:120} INFO - [2023-12-23T18:21:34.529+0000] {taskmixin.py:205} WARNING - Dependency <Task(_PythonDecoratedOperator): log_sql_query>, print_the_context already registered for DAG: example_python_operator
[2023-12-23T18:21:34.541+0000] {processor.py:766} INFO - DAG(s) dict_keys(['example_python_operator']) retrieved from /home/airflow/.local/lib/python3.7/site-packages/airflow/example_dags/example_python_operator.py
[2023-12-23T18:21:34.621+0000] {logging_mixin.py:120} INFO - [2023-12-23T18:21:34.621+0000] {dag.py:2585} INFO - Sync 1 DAGs
[2023-12-23T18:21:34.714+0000] {logging_mixin.py:120} INFO - [2023-12-23T18:21:34.714+0000] {dag.py:3340} INFO - Setting next_dagrun for example_python_operator to None, run_after=None
[2023-12-23T18:21:34.759+0000] {processor.py:176} INFO - Processing /home/airflow/.local/lib/python3.7/site-packages/airflow/example_dags/example_python_operator.py took 0.267 seconds
[2023-12-23T18:22:05.319+0000] {processor.py:154} INFO - Started process (PID=174) to work on /home/airflow/.local/lib/python3.7/site-packages/airflow/example_dags/example_python_operator.py
[2023-12-23T18:22:05.320+0000] {processor.py:756} INFO - Processing file /home/airflow/.local/lib/python3.7/site-packages/airflow/example_dags/example_python_operator.py for tasks to queue
[2023-12-23T18:22:05.321+0000] {logging_mixin.py:120} INFO - [2023-12-23T18:22:05.321+0000] {dagbag.py:537} INFO - Filling up the DagBag from /home/airflow/.local/lib/python3.7/site-packages/airflow/example_dags/example_python_operator.py
[2023-12-23T18:22:05.341+0000] {logging_mixin.py:120} INFO - [2023-12-23T18:22:05.341+0000] {taskmixin.py:205} WARNING - Dependency <Task(_PythonDecoratedOperator): print_the_context>, log_sql_query already registered for DAG: example_python_operator
[2023-12-23T18:22:05.341+0000] {logging_mixin.py:120} INFO - [2023-12-23T18:22:05.341+0000] {taskmixin.py:205} WARNING - Dependency <Task(_PythonDecoratedOperator): log_sql_query>, print_the_context already registered for DAG: example_python_operator
[2023-12-23T18:22:05.342+0000] {logging_mixin.py:120} INFO - [2023-12-23T18:22:05.342+0000] {taskmixin.py:205} WARNING - Dependency <Task(_PythonDecoratedOperator): print_the_context>, log_sql_query already registered for DAG: example_python_operator
[2023-12-23T18:22:05.343+0000] {logging_mixin.py:120} INFO - [2023-12-23T18:22:05.343+0000] {taskmixin.py:205} WARNING - Dependency <Task(_PythonDecoratedOperator): log_sql_query>, print_the_context already registered for DAG: example_python_operator
[2023-12-23T18:22:05.344+0000] {logging_mixin.py:120} INFO - [2023-12-23T18:22:05.344+0000] {taskmixin.py:205} WARNING - Dependency <Task(_PythonDecoratedOperator): print_the_context>, log_sql_query already registered for DAG: example_python_operator
[2023-12-23T18:22:05.345+0000] {logging_mixin.py:120} INFO - [2023-12-23T18:22:05.344+0000] {taskmixin.py:205} WARNING - Dependency <Task(_PythonDecoratedOperator): log_sql_query>, print_the_context already registered for DAG: example_python_operator
[2023-12-23T18:22:05.346+0000] {logging_mixin.py:120} INFO - [2023-12-23T18:22:05.346+0000] {taskmixin.py:205} WARNING - Dependency <Task(_PythonDecoratedOperator): print_the_context>, log_sql_query already registered for DAG: example_python_operator
[2023-12-23T18:22:05.346+0000] {logging_mixin.py:120} INFO - [2023-12-23T18:22:05.346+0000] {taskmixin.py:205} WARNING - Dependency <Task(_PythonDecoratedOperator): log_sql_query>, print_the_context already registered for DAG: example_python_operator
[2023-12-23T18:22:05.356+0000] {processor.py:766} INFO - DAG(s) dict_keys(['example_python_operator']) retrieved from /home/airflow/.local/lib/python3.7/site-packages/airflow/example_dags/example_python_operator.py
[2023-12-23T18:22:05.407+0000] {logging_mixin.py:120} INFO - [2023-12-23T18:22:05.406+0000] {dag.py:2585} INFO - Sync 1 DAGs
[2023-12-23T18:22:05.444+0000] {logging_mixin.py:120} INFO - [2023-12-23T18:22:05.443+0000] {dag.py:3340} INFO - Setting next_dagrun for example_python_operator to None, run_after=None
[2023-12-23T18:22:05.467+0000] {processor.py:176} INFO - Processing /home/airflow/.local/lib/python3.7/site-packages/airflow/example_dags/example_python_operator.py took 0.151 seconds
[2023-12-23T18:22:35.627+0000] {processor.py:154} INFO - Started process (PID=237) to work on /home/airflow/.local/lib/python3.7/site-packages/airflow/example_dags/example_python_operator.py
[2023-12-23T18:22:35.628+0000] {processor.py:756} INFO - Processing file /home/airflow/.local/lib/python3.7/site-packages/airflow/example_dags/example_python_operator.py for tasks to queue
[2023-12-23T18:22:35.628+0000] {logging_mixin.py:120} INFO - [2023-12-23T18:22:35.628+0000] {dagbag.py:537} INFO - Filling up the DagBag from /home/airflow/.local/lib/python3.7/site-packages/airflow/example_dags/example_python_operator.py
[2023-12-23T18:22:35.641+0000] {logging_mixin.py:120} INFO - [2023-12-23T18:22:35.641+0000] {taskmixin.py:205} WARNING - Dependency <Task(_PythonDecoratedOperator): print_the_context>, log_sql_query already registered for DAG: example_python_operator
[2023-12-23T18:22:35.641+0000] {logging_mixin.py:120} INFO - [2023-12-23T18:22:35.641+0000] {taskmixin.py:205} WARNING - Dependency <Task(_PythonDecoratedOperator): log_sql_query>, print_the_context already registered for DAG: example_python_operator
[2023-12-23T18:22:35.642+0000] {logging_mixin.py:120} INFO - [2023-12-23T18:22:35.642+0000] {taskmixin.py:205} WARNING - Dependency <Task(_PythonDecoratedOperator): print_the_context>, log_sql_query already registered for DAG: example_python_operator
[2023-12-23T18:22:35.642+0000] {logging_mixin.py:120} INFO - [2023-12-23T18:22:35.642+0000] {taskmixin.py:205} WARNING - Dependency <Task(_PythonDecoratedOperator): log_sql_query>, print_the_context already registered for DAG: example_python_operator
[2023-12-23T18:22:35.643+0000] {logging_mixin.py:120} INFO - [2023-12-23T18:22:35.643+0000] {taskmixin.py:205} WARNING - Dependency <Task(_PythonDecoratedOperator): print_the_context>, log_sql_query already registered for DAG: example_python_operator
[2023-12-23T18:22:35.643+0000] {logging_mixin.py:120} INFO - [2023-12-23T18:22:35.643+0000] {taskmixin.py:205} WARNING - Dependency <Task(_PythonDecoratedOperator): log_sql_query>, print_the_context already registered for DAG: example_python_operator
[2023-12-23T18:22:35.643+0000] {logging_mixin.py:120} INFO - [2023-12-23T18:22:35.643+0000] {taskmixin.py:205} WARNING - Dependency <Task(_PythonDecoratedOperator): print_the_context>, log_sql_query already registered for DAG: example_python_operator
[2023-12-23T18:22:35.643+0000] {logging_mixin.py:120} INFO - [2023-12-23T18:22:35.643+0000] {taskmixin.py:205} WARNING - Dependency <Task(_PythonDecoratedOperator): log_sql_query>, print_the_context already registered for DAG: example_python_operator
[2023-12-23T18:22:35.650+0000] {processor.py:766} INFO - DAG(s) dict_keys(['example_python_operator']) retrieved from /home/airflow/.local/lib/python3.7/site-packages/airflow/example_dags/example_python_operator.py
[2023-12-23T18:22:35.686+0000] {logging_mixin.py:120} INFO - [2023-12-23T18:22:35.686+0000] {dag.py:2585} INFO - Sync 1 DAGs
[2023-12-23T18:22:35.708+0000] {logging_mixin.py:120} INFO - [2023-12-23T18:22:35.707+0000] {dag.py:3340} INFO - Setting next_dagrun for example_python_operator to None, run_after=None
[2023-12-23T18:22:35.733+0000] {processor.py:176} INFO - Processing /home/airflow/.local/lib/python3.7/site-packages/airflow/example_dags/example_python_operator.py took 0.108 seconds
[2023-12-23T18:23:06.119+0000] {processor.py:154} INFO - Started process (PID=301) to work on /home/airflow/.local/lib/python3.7/site-packages/airflow/example_dags/example_python_operator.py
[2023-12-23T18:23:06.120+0000] {processor.py:756} INFO - Processing file /home/airflow/.local/lib/python3.7/site-packages/airflow/example_dags/example_python_operator.py for tasks to queue
[2023-12-23T18:23:06.120+0000] {logging_mixin.py:120} INFO - [2023-12-23T18:23:06.120+0000] {dagbag.py:537} INFO - Filling up the DagBag from /home/airflow/.local/lib/python3.7/site-packages/airflow/example_dags/example_python_operator.py
[2023-12-23T18:23:06.140+0000] {logging_mixin.py:120} INFO - [2023-12-23T18:23:06.140+0000] {taskmixin.py:205} WARNING - Dependency <Task(_PythonDecoratedOperator): print_the_context>, log_sql_query already registered for DAG: example_python_operator
[2023-12-23T18:23:06.140+0000] {logging_mixin.py:120} INFO - [2023-12-23T18:23:06.140+0000] {taskmixin.py:205} WARNING - Dependency <Task(_PythonDecoratedOperator): log_sql_query>, print_the_context already registered for DAG: example_python_operator
[2023-12-23T18:23:06.141+0000] {logging_mixin.py:120} INFO - [2023-12-23T18:23:06.141+0000] {taskmixin.py:205} WARNING - Dependency <Task(_PythonDecoratedOperator): print_the_context>, log_sql_query already registered for DAG: example_python_operator
[2023-12-23T18:23:06.141+0000] {logging_mixin.py:120} INFO - [2023-12-23T18:23:06.141+0000] {taskmixin.py:205} WARNING - Dependency <Task(_PythonDecoratedOperator): log_sql_query>, print_the_context already registered for DAG: example_python_operator
[2023-12-23T18:23:06.142+0000] {logging_mixin.py:120} INFO - [2023-12-23T18:23:06.142+0000] {taskmixin.py:205} WARNING - Dependency <Task(_PythonDecoratedOperator): print_the_context>, log_sql_query already registered for DAG: example_python_operator
[2023-12-23T18:23:06.142+0000] {logging_mixin.py:120} INFO - [2023-12-23T18:23:06.142+0000] {taskmixin.py:205} WARNING - Dependency <Task(_PythonDecoratedOperator): log_sql_query>, print_the_context already registered for DAG: example_python_operator
[2023-12-23T18:23:06.144+0000] {logging_mixin.py:120} INFO - [2023-12-23T18:23:06.144+0000] {taskmixin.py:205} WARNING - Dependency <Task(_PythonDecoratedOperator): print_the_context>, log_sql_query already registered for DAG: example_python_operator
[2023-12-23T18:23:06.144+0000] {logging_mixin.py:120} INFO - [2023-12-23T18:23:06.144+0000] {taskmixin.py:205} WARNING - Dependency <Task(_PythonDecoratedOperator): log_sql_query>, print_the_context already registered for DAG: example_python_operator
[2023-12-23T18:23:06.159+0000] {processor.py:766} INFO - DAG(s) dict_keys(['example_python_operator']) retrieved from /home/airflow/.local/lib/python3.7/site-packages/airflow/example_dags/example_python_operator.py
[2023-12-23T18:23:06.212+0000] {logging_mixin.py:120} INFO - [2023-12-23T18:23:06.212+0000] {dag.py:2585} INFO - Sync 1 DAGs
[2023-12-23T18:23:06.241+0000] {logging_mixin.py:120} INFO - [2023-12-23T18:23:06.241+0000] {dag.py:3340} INFO - Setting next_dagrun for example_python_operator to None, run_after=None
[2023-12-23T18:23:06.267+0000] {processor.py:176} INFO - Processing /home/airflow/.local/lib/python3.7/site-packages/airflow/example_dags/example_python_operator.py took 0.150 seconds
[2023-12-23T18:23:37.012+0000] {processor.py:154} INFO - Started process (PID=356) to work on /home/airflow/.local/lib/python3.7/site-packages/airflow/example_dags/example_python_operator.py
[2023-12-23T18:23:37.013+0000] {processor.py:756} INFO - Processing file /home/airflow/.local/lib/python3.7/site-packages/airflow/example_dags/example_python_operator.py for tasks to queue
[2023-12-23T18:23:37.013+0000] {logging_mixin.py:120} INFO - [2023-12-23T18:23:37.013+0000] {dagbag.py:537} INFO - Filling up the DagBag from /home/airflow/.local/lib/python3.7/site-packages/airflow/example_dags/example_python_operator.py
[2023-12-23T18:23:37.026+0000] {logging_mixin.py:120} INFO - [2023-12-23T18:23:37.026+0000] {taskmixin.py:205} WARNING - Dependency <Task(_PythonDecoratedOperator): print_the_context>, log_sql_query already registered for DAG: example_python_operator
[2023-12-23T18:23:37.026+0000] {logging_mixin.py:120} INFO - [2023-12-23T18:23:37.026+0000] {taskmixin.py:205} WARNING - Dependency <Task(_PythonDecoratedOperator): log_sql_query>, print_the_context already registered for DAG: example_python_operator
[2023-12-23T18:23:37.027+0000] {logging_mixin.py:120} INFO - [2023-12-23T18:23:37.026+0000] {taskmixin.py:205} WARNING - Dependency <Task(_PythonDecoratedOperator): print_the_context>, log_sql_query already registered for DAG: example_python_operator
[2023-12-23T18:23:37.027+0000] {logging_mixin.py:120} INFO - [2023-12-23T18:23:37.027+0000] {taskmixin.py:205} WARNING - Dependency <Task(_PythonDecoratedOperator): log_sql_query>, print_the_context already registered for DAG: example_python_operator
[2023-12-23T18:23:37.027+0000] {logging_mixin.py:120} INFO - [2023-12-23T18:23:37.027+0000] {taskmixin.py:205} WARNING - Dependency <Task(_PythonDecoratedOperator): print_the_context>, log_sql_query already registered for DAG: example_python_operator
[2023-12-23T18:23:37.027+0000] {logging_mixin.py:120} INFO - [2023-12-23T18:23:37.027+0000] {taskmixin.py:205} WARNING - Dependency <Task(_PythonDecoratedOperator): log_sql_query>, print_the_context already registered for DAG: example_python_operator
[2023-12-23T18:23:37.028+0000] {logging_mixin.py:120} INFO - [2023-12-23T18:23:37.028+0000] {taskmixin.py:205} WARNING - Dependency <Task(_PythonDecoratedOperator): print_the_context>, log_sql_query already registered for DAG: example_python_operator
[2023-12-23T18:23:37.028+0000] {logging_mixin.py:120} INFO - [2023-12-23T18:23:37.028+0000] {taskmixin.py:205} WARNING - Dependency <Task(_PythonDecoratedOperator): log_sql_query>, print_the_context already registered for DAG: example_python_operator
[2023-12-23T18:23:37.035+0000] {processor.py:766} INFO - DAG(s) dict_keys(['example_python_operator']) retrieved from /home/airflow/.local/lib/python3.7/site-packages/airflow/example_dags/example_python_operator.py
[2023-12-23T18:23:37.068+0000] {logging_mixin.py:120} INFO - [2023-12-23T18:23:37.068+0000] {dag.py:2585} INFO - Sync 1 DAGs
[2023-12-23T18:23:37.087+0000] {logging_mixin.py:120} INFO - [2023-12-23T18:23:37.087+0000] {dag.py:3340} INFO - Setting next_dagrun for example_python_operator to None, run_after=None
[2023-12-23T18:23:37.108+0000] {processor.py:176} INFO - Processing /home/airflow/.local/lib/python3.7/site-packages/airflow/example_dags/example_python_operator.py took 0.098 seconds
[2023-12-23T18:24:38.300+0000] {processor.py:154} INFO - Started process (PID=54) to work on /home/airflow/.local/lib/python3.7/site-packages/airflow/example_dags/example_python_operator.py
[2023-12-23T18:24:38.301+0000] {processor.py:756} INFO - Processing file /home/airflow/.local/lib/python3.7/site-packages/airflow/example_dags/example_python_operator.py for tasks to queue
[2023-12-23T18:24:38.302+0000] {logging_mixin.py:120} INFO - [2023-12-23T18:24:38.302+0000] {dagbag.py:537} INFO - Filling up the DagBag from /home/airflow/.local/lib/python3.7/site-packages/airflow/example_dags/example_python_operator.py
[2023-12-23T18:24:38.322+0000] {logging_mixin.py:120} INFO - [2023-12-23T18:24:38.322+0000] {taskmixin.py:205} WARNING - Dependency <Task(_PythonDecoratedOperator): print_the_context>, log_sql_query already registered for DAG: example_python_operator
[2023-12-23T18:24:38.322+0000] {logging_mixin.py:120} INFO - [2023-12-23T18:24:38.322+0000] {taskmixin.py:205} WARNING - Dependency <Task(_PythonDecoratedOperator): log_sql_query>, print_the_context already registered for DAG: example_python_operator
[2023-12-23T18:24:38.323+0000] {logging_mixin.py:120} INFO - [2023-12-23T18:24:38.323+0000] {taskmixin.py:205} WARNING - Dependency <Task(_PythonDecoratedOperator): print_the_context>, log_sql_query already registered for DAG: example_python_operator
[2023-12-23T18:24:38.324+0000] {logging_mixin.py:120} INFO - [2023-12-23T18:24:38.323+0000] {taskmixin.py:205} WARNING - Dependency <Task(_PythonDecoratedOperator): log_sql_query>, print_the_context already registered for DAG: example_python_operator
[2023-12-23T18:24:38.325+0000] {logging_mixin.py:120} INFO - [2023-12-23T18:24:38.325+0000] {taskmixin.py:205} WARNING - Dependency <Task(_PythonDecoratedOperator): print_the_context>, log_sql_query already registered for DAG: example_python_operator
[2023-12-23T18:24:38.325+0000] {logging_mixin.py:120} INFO - [2023-12-23T18:24:38.325+0000] {taskmixin.py:205} WARNING - Dependency <Task(_PythonDecoratedOperator): log_sql_query>, print_the_context already registered for DAG: example_python_operator
[2023-12-23T18:24:38.326+0000] {logging_mixin.py:120} INFO - [2023-12-23T18:24:38.326+0000] {taskmixin.py:205} WARNING - Dependency <Task(_PythonDecoratedOperator): print_the_context>, log_sql_query already registered for DAG: example_python_operator
[2023-12-23T18:24:38.326+0000] {logging_mixin.py:120} INFO - [2023-12-23T18:24:38.326+0000] {taskmixin.py:205} WARNING - Dependency <Task(_PythonDecoratedOperator): log_sql_query>, print_the_context already registered for DAG: example_python_operator
[2023-12-23T18:24:38.335+0000] {processor.py:766} INFO - DAG(s) dict_keys(['example_python_operator']) retrieved from /home/airflow/.local/lib/python3.7/site-packages/airflow/example_dags/example_python_operator.py
[2023-12-23T18:24:38.366+0000] {logging_mixin.py:120} INFO - [2023-12-23T18:24:38.366+0000] {dag.py:2585} INFO - Sync 1 DAGs
[2023-12-23T18:24:38.399+0000] {logging_mixin.py:120} INFO - [2023-12-23T18:24:38.399+0000] {dag.py:3340} INFO - Setting next_dagrun for example_python_operator to None, run_after=None
[2023-12-23T18:24:38.437+0000] {processor.py:176} INFO - Processing /home/airflow/.local/lib/python3.7/site-packages/airflow/example_dags/example_python_operator.py took 0.141 seconds
[2023-12-23T18:25:08.903+0000] {processor.py:154} INFO - Started process (PID=107) to work on /home/airflow/.local/lib/python3.7/site-packages/airflow/example_dags/example_python_operator.py
[2023-12-23T18:25:08.903+0000] {processor.py:756} INFO - Processing file /home/airflow/.local/lib/python3.7/site-packages/airflow/example_dags/example_python_operator.py for tasks to queue
[2023-12-23T18:25:08.905+0000] {logging_mixin.py:120} INFO - [2023-12-23T18:25:08.904+0000] {dagbag.py:537} INFO - Filling up the DagBag from /home/airflow/.local/lib/python3.7/site-packages/airflow/example_dags/example_python_operator.py
[2023-12-23T18:25:08.923+0000] {logging_mixin.py:120} INFO - [2023-12-23T18:25:08.923+0000] {taskmixin.py:205} WARNING - Dependency <Task(_PythonDecoratedOperator): print_the_context>, log_sql_query already registered for DAG: example_python_operator
[2023-12-23T18:25:08.923+0000] {logging_mixin.py:120} INFO - [2023-12-23T18:25:08.923+0000] {taskmixin.py:205} WARNING - Dependency <Task(_PythonDecoratedOperator): log_sql_query>, print_the_context already registered for DAG: example_python_operator
[2023-12-23T18:25:08.924+0000] {logging_mixin.py:120} INFO - [2023-12-23T18:25:08.924+0000] {taskmixin.py:205} WARNING - Dependency <Task(_PythonDecoratedOperator): print_the_context>, log_sql_query already registered for DAG: example_python_operator
[2023-12-23T18:25:08.924+0000] {logging_mixin.py:120} INFO - [2023-12-23T18:25:08.924+0000] {taskmixin.py:205} WARNING - Dependency <Task(_PythonDecoratedOperator): log_sql_query>, print_the_context already registered for DAG: example_python_operator
[2023-12-23T18:25:08.925+0000] {logging_mixin.py:120} INFO - [2023-12-23T18:25:08.925+0000] {taskmixin.py:205} WARNING - Dependency <Task(_PythonDecoratedOperator): print_the_context>, log_sql_query already registered for DAG: example_python_operator
[2023-12-23T18:25:08.925+0000] {logging_mixin.py:120} INFO - [2023-12-23T18:25:08.925+0000] {taskmixin.py:205} WARNING - Dependency <Task(_PythonDecoratedOperator): log_sql_query>, print_the_context already registered for DAG: example_python_operator
[2023-12-23T18:25:08.926+0000] {logging_mixin.py:120} INFO - [2023-12-23T18:25:08.926+0000] {taskmixin.py:205} WARNING - Dependency <Task(_PythonDecoratedOperator): print_the_context>, log_sql_query already registered for DAG: example_python_operator
[2023-12-23T18:25:08.926+0000] {logging_mixin.py:120} INFO - [2023-12-23T18:25:08.926+0000] {taskmixin.py:205} WARNING - Dependency <Task(_PythonDecoratedOperator): log_sql_query>, print_the_context already registered for DAG: example_python_operator
[2023-12-23T18:25:08.937+0000] {processor.py:766} INFO - DAG(s) dict_keys(['example_python_operator']) retrieved from /home/airflow/.local/lib/python3.7/site-packages/airflow/example_dags/example_python_operator.py
[2023-12-23T18:25:08.986+0000] {logging_mixin.py:120} INFO - [2023-12-23T18:25:08.986+0000] {dag.py:2585} INFO - Sync 1 DAGs
[2023-12-23T18:25:09.020+0000] {logging_mixin.py:120} INFO - [2023-12-23T18:25:09.019+0000] {dag.py:3340} INFO - Setting next_dagrun for example_python_operator to None, run_after=None
[2023-12-23T18:25:09.047+0000] {processor.py:176} INFO - Processing /home/airflow/.local/lib/python3.7/site-packages/airflow/example_dags/example_python_operator.py took 0.148 seconds
[2023-12-23T18:25:39.781+0000] {processor.py:154} INFO - Started process (PID=172) to work on /home/airflow/.local/lib/python3.7/site-packages/airflow/example_dags/example_python_operator.py
[2023-12-23T18:25:39.786+0000] {processor.py:756} INFO - Processing file /home/airflow/.local/lib/python3.7/site-packages/airflow/example_dags/example_python_operator.py for tasks to queue
[2023-12-23T18:25:39.786+0000] {logging_mixin.py:120} INFO - [2023-12-23T18:25:39.786+0000] {dagbag.py:537} INFO - Filling up the DagBag from /home/airflow/.local/lib/python3.7/site-packages/airflow/example_dags/example_python_operator.py
[2023-12-23T18:25:39.806+0000] {logging_mixin.py:120} INFO - [2023-12-23T18:25:39.806+0000] {taskmixin.py:205} WARNING - Dependency <Task(_PythonDecoratedOperator): print_the_context>, log_sql_query already registered for DAG: example_python_operator
[2023-12-23T18:25:39.806+0000] {logging_mixin.py:120} INFO - [2023-12-23T18:25:39.806+0000] {taskmixin.py:205} WARNING - Dependency <Task(_PythonDecoratedOperator): log_sql_query>, print_the_context already registered for DAG: example_python_operator
[2023-12-23T18:25:39.807+0000] {logging_mixin.py:120} INFO - [2023-12-23T18:25:39.807+0000] {taskmixin.py:205} WARNING - Dependency <Task(_PythonDecoratedOperator): print_the_context>, log_sql_query already registered for DAG: example_python_operator
[2023-12-23T18:25:39.807+0000] {logging_mixin.py:120} INFO - [2023-12-23T18:25:39.807+0000] {taskmixin.py:205} WARNING - Dependency <Task(_PythonDecoratedOperator): log_sql_query>, print_the_context already registered for DAG: example_python_operator
[2023-12-23T18:25:39.808+0000] {logging_mixin.py:120} INFO - [2023-12-23T18:25:39.808+0000] {taskmixin.py:205} WARNING - Dependency <Task(_PythonDecoratedOperator): print_the_context>, log_sql_query already registered for DAG: example_python_operator
[2023-12-23T18:25:39.808+0000] {logging_mixin.py:120} INFO - [2023-12-23T18:25:39.808+0000] {taskmixin.py:205} WARNING - Dependency <Task(_PythonDecoratedOperator): log_sql_query>, print_the_context already registered for DAG: example_python_operator
[2023-12-23T18:25:39.811+0000] {logging_mixin.py:120} INFO - [2023-12-23T18:25:39.811+0000] {taskmixin.py:205} WARNING - Dependency <Task(_PythonDecoratedOperator): print_the_context>, log_sql_query already registered for DAG: example_python_operator
[2023-12-23T18:25:39.811+0000] {logging_mixin.py:120} INFO - [2023-12-23T18:25:39.811+0000] {taskmixin.py:205} WARNING - Dependency <Task(_PythonDecoratedOperator): log_sql_query>, print_the_context already registered for DAG: example_python_operator
[2023-12-23T18:25:39.821+0000] {processor.py:766} INFO - DAG(s) dict_keys(['example_python_operator']) retrieved from /home/airflow/.local/lib/python3.7/site-packages/airflow/example_dags/example_python_operator.py
[2023-12-23T18:25:39.869+0000] {logging_mixin.py:120} INFO - [2023-12-23T18:25:39.869+0000] {dag.py:2585} INFO - Sync 1 DAGs
[2023-12-23T18:25:39.899+0000] {logging_mixin.py:120} INFO - [2023-12-23T18:25:39.899+0000] {dag.py:3340} INFO - Setting next_dagrun for example_python_operator to None, run_after=None
[2023-12-23T18:25:39.923+0000] {processor.py:176} INFO - Processing /home/airflow/.local/lib/python3.7/site-packages/airflow/example_dags/example_python_operator.py took 0.145 seconds
[2023-12-23T18:26:10.013+0000] {processor.py:154} INFO - Started process (PID=235) to work on /home/airflow/.local/lib/python3.7/site-packages/airflow/example_dags/example_python_operator.py
[2023-12-23T18:26:10.014+0000] {processor.py:756} INFO - Processing file /home/airflow/.local/lib/python3.7/site-packages/airflow/example_dags/example_python_operator.py for tasks to queue
[2023-12-23T18:26:10.014+0000] {logging_mixin.py:120} INFO - [2023-12-23T18:26:10.014+0000] {dagbag.py:537} INFO - Filling up the DagBag from /home/airflow/.local/lib/python3.7/site-packages/airflow/example_dags/example_python_operator.py
[2023-12-23T18:26:10.029+0000] {logging_mixin.py:120} INFO - [2023-12-23T18:26:10.029+0000] {taskmixin.py:205} WARNING - Dependency <Task(_PythonDecoratedOperator): print_the_context>, log_sql_query already registered for DAG: example_python_operator
[2023-12-23T18:26:10.029+0000] {logging_mixin.py:120} INFO - [2023-12-23T18:26:10.029+0000] {taskmixin.py:205} WARNING - Dependency <Task(_PythonDecoratedOperator): log_sql_query>, print_the_context already registered for DAG: example_python_operator
[2023-12-23T18:26:10.030+0000] {logging_mixin.py:120} INFO - [2023-12-23T18:26:10.030+0000] {taskmixin.py:205} WARNING - Dependency <Task(_PythonDecoratedOperator): print_the_context>, log_sql_query already registered for DAG: example_python_operator
[2023-12-23T18:26:10.030+0000] {logging_mixin.py:120} INFO - [2023-12-23T18:26:10.030+0000] {taskmixin.py:205} WARNING - Dependency <Task(_PythonDecoratedOperator): log_sql_query>, print_the_context already registered for DAG: example_python_operator
[2023-12-23T18:26:10.030+0000] {logging_mixin.py:120} INFO - [2023-12-23T18:26:10.030+0000] {taskmixin.py:205} WARNING - Dependency <Task(_PythonDecoratedOperator): print_the_context>, log_sql_query already registered for DAG: example_python_operator
[2023-12-23T18:26:10.031+0000] {logging_mixin.py:120} INFO - [2023-12-23T18:26:10.030+0000] {taskmixin.py:205} WARNING - Dependency <Task(_PythonDecoratedOperator): log_sql_query>, print_the_context already registered for DAG: example_python_operator
[2023-12-23T18:26:10.031+0000] {logging_mixin.py:120} INFO - [2023-12-23T18:26:10.031+0000] {taskmixin.py:205} WARNING - Dependency <Task(_PythonDecoratedOperator): print_the_context>, log_sql_query already registered for DAG: example_python_operator
[2023-12-23T18:26:10.031+0000] {logging_mixin.py:120} INFO - [2023-12-23T18:26:10.031+0000] {taskmixin.py:205} WARNING - Dependency <Task(_PythonDecoratedOperator): log_sql_query>, print_the_context already registered for DAG: example_python_operator
[2023-12-23T18:26:10.039+0000] {processor.py:766} INFO - DAG(s) dict_keys(['example_python_operator']) retrieved from /home/airflow/.local/lib/python3.7/site-packages/airflow/example_dags/example_python_operator.py
[2023-12-23T18:26:10.079+0000] {logging_mixin.py:120} INFO - [2023-12-23T18:26:10.079+0000] {dag.py:2585} INFO - Sync 1 DAGs
[2023-12-23T18:26:10.099+0000] {logging_mixin.py:120} INFO - [2023-12-23T18:26:10.099+0000] {dag.py:3340} INFO - Setting next_dagrun for example_python_operator to None, run_after=None
[2023-12-23T18:26:10.124+0000] {processor.py:176} INFO - Processing /home/airflow/.local/lib/python3.7/site-packages/airflow/example_dags/example_python_operator.py took 0.113 seconds
[2023-12-23T18:26:41.314+0000] {processor.py:154} INFO - Started process (PID=298) to work on /home/airflow/.local/lib/python3.7/site-packages/airflow/example_dags/example_python_operator.py
[2023-12-23T18:26:41.314+0000] {processor.py:756} INFO - Processing file /home/airflow/.local/lib/python3.7/site-packages/airflow/example_dags/example_python_operator.py for tasks to queue
[2023-12-23T18:26:41.315+0000] {logging_mixin.py:120} INFO - [2023-12-23T18:26:41.315+0000] {dagbag.py:537} INFO - Filling up the DagBag from /home/airflow/.local/lib/python3.7/site-packages/airflow/example_dags/example_python_operator.py
[2023-12-23T18:26:41.338+0000] {logging_mixin.py:120} INFO - [2023-12-23T18:26:41.338+0000] {taskmixin.py:205} WARNING - Dependency <Task(_PythonDecoratedOperator): print_the_context>, log_sql_query already registered for DAG: example_python_operator
[2023-12-23T18:26:41.338+0000] {logging_mixin.py:120} INFO - [2023-12-23T18:26:41.338+0000] {taskmixin.py:205} WARNING - Dependency <Task(_PythonDecoratedOperator): log_sql_query>, print_the_context already registered for DAG: example_python_operator
[2023-12-23T18:26:41.339+0000] {logging_mixin.py:120} INFO - [2023-12-23T18:26:41.339+0000] {taskmixin.py:205} WARNING - Dependency <Task(_PythonDecoratedOperator): print_the_context>, log_sql_query already registered for DAG: example_python_operator
[2023-12-23T18:26:41.340+0000] {logging_mixin.py:120} INFO - [2023-12-23T18:26:41.339+0000] {taskmixin.py:205} WARNING - Dependency <Task(_PythonDecoratedOperator): log_sql_query>, print_the_context already registered for DAG: example_python_operator
[2023-12-23T18:26:41.341+0000] {logging_mixin.py:120} INFO - [2023-12-23T18:26:41.340+0000] {taskmixin.py:205} WARNING - Dependency <Task(_PythonDecoratedOperator): print_the_context>, log_sql_query already registered for DAG: example_python_operator
[2023-12-23T18:26:41.341+0000] {logging_mixin.py:120} INFO - [2023-12-23T18:26:41.341+0000] {taskmixin.py:205} WARNING - Dependency <Task(_PythonDecoratedOperator): log_sql_query>, print_the_context already registered for DAG: example_python_operator
[2023-12-23T18:26:41.342+0000] {logging_mixin.py:120} INFO - [2023-12-23T18:26:41.342+0000] {taskmixin.py:205} WARNING - Dependency <Task(_PythonDecoratedOperator): print_the_context>, log_sql_query already registered for DAG: example_python_operator
[2023-12-23T18:26:41.342+0000] {logging_mixin.py:120} INFO - [2023-12-23T18:26:41.342+0000] {taskmixin.py:205} WARNING - Dependency <Task(_PythonDecoratedOperator): log_sql_query>, print_the_context already registered for DAG: example_python_operator
[2023-12-23T18:26:41.355+0000] {processor.py:766} INFO - DAG(s) dict_keys(['example_python_operator']) retrieved from /home/airflow/.local/lib/python3.7/site-packages/airflow/example_dags/example_python_operator.py
[2023-12-23T18:26:41.405+0000] {logging_mixin.py:120} INFO - [2023-12-23T18:26:41.405+0000] {dag.py:2585} INFO - Sync 1 DAGs
[2023-12-23T18:26:41.476+0000] {logging_mixin.py:120} INFO - [2023-12-23T18:26:41.476+0000] {dag.py:3340} INFO - Setting next_dagrun for example_python_operator to None, run_after=None
[2023-12-23T18:26:41.511+0000] {processor.py:176} INFO - Processing /home/airflow/.local/lib/python3.7/site-packages/airflow/example_dags/example_python_operator.py took 0.201 seconds
[2023-12-23T18:35:56.483+0000] {processor.py:154} INFO - Started process (PID=54) to work on /home/airflow/.local/lib/python3.7/site-packages/airflow/example_dags/example_python_operator.py
[2023-12-23T18:35:56.484+0000] {processor.py:756} INFO - Processing file /home/airflow/.local/lib/python3.7/site-packages/airflow/example_dags/example_python_operator.py for tasks to queue
[2023-12-23T18:35:56.484+0000] {logging_mixin.py:120} INFO - [2023-12-23T18:35:56.484+0000] {dagbag.py:537} INFO - Filling up the DagBag from /home/airflow/.local/lib/python3.7/site-packages/airflow/example_dags/example_python_operator.py
[2023-12-23T18:35:56.541+0000] {logging_mixin.py:120} INFO - [2023-12-23T18:35:56.541+0000] {taskmixin.py:205} WARNING - Dependency <Task(_PythonDecoratedOperator): print_the_context>, log_sql_query already registered for DAG: example_python_operator
[2023-12-23T18:35:56.541+0000] {logging_mixin.py:120} INFO - [2023-12-23T18:35:56.541+0000] {taskmixin.py:205} WARNING - Dependency <Task(_PythonDecoratedOperator): log_sql_query>, print_the_context already registered for DAG: example_python_operator
[2023-12-23T18:35:56.542+0000] {logging_mixin.py:120} INFO - [2023-12-23T18:35:56.542+0000] {taskmixin.py:205} WARNING - Dependency <Task(_PythonDecoratedOperator): print_the_context>, log_sql_query already registered for DAG: example_python_operator
[2023-12-23T18:35:56.542+0000] {logging_mixin.py:120} INFO - [2023-12-23T18:35:56.542+0000] {taskmixin.py:205} WARNING - Dependency <Task(_PythonDecoratedOperator): log_sql_query>, print_the_context already registered for DAG: example_python_operator
[2023-12-23T18:35:56.543+0000] {logging_mixin.py:120} INFO - [2023-12-23T18:35:56.543+0000] {taskmixin.py:205} WARNING - Dependency <Task(_PythonDecoratedOperator): print_the_context>, log_sql_query already registered for DAG: example_python_operator
[2023-12-23T18:35:56.543+0000] {logging_mixin.py:120} INFO - [2023-12-23T18:35:56.543+0000] {taskmixin.py:205} WARNING - Dependency <Task(_PythonDecoratedOperator): log_sql_query>, print_the_context already registered for DAG: example_python_operator
[2023-12-23T18:35:56.544+0000] {logging_mixin.py:120} INFO - [2023-12-23T18:35:56.544+0000] {taskmixin.py:205} WARNING - Dependency <Task(_PythonDecoratedOperator): print_the_context>, log_sql_query already registered for DAG: example_python_operator
[2023-12-23T18:35:56.544+0000] {logging_mixin.py:120} INFO - [2023-12-23T18:35:56.544+0000] {taskmixin.py:205} WARNING - Dependency <Task(_PythonDecoratedOperator): log_sql_query>, print_the_context already registered for DAG: example_python_operator
[2023-12-23T18:35:56.556+0000] {processor.py:766} INFO - DAG(s) dict_keys(['example_python_operator']) retrieved from /home/airflow/.local/lib/python3.7/site-packages/airflow/example_dags/example_python_operator.py
[2023-12-23T18:35:56.609+0000] {logging_mixin.py:120} INFO - [2023-12-23T18:35:56.609+0000] {dag.py:2585} INFO - Sync 1 DAGs
[2023-12-23T18:35:56.644+0000] {logging_mixin.py:120} INFO - [2023-12-23T18:35:56.643+0000] {dag.py:3340} INFO - Setting next_dagrun for example_python_operator to None, run_after=None
[2023-12-23T18:35:56.673+0000] {processor.py:176} INFO - Processing /home/airflow/.local/lib/python3.7/site-packages/airflow/example_dags/example_python_operator.py took 0.199 seconds
[2023-12-23T18:36:26.852+0000] {processor.py:154} INFO - Started process (PID=107) to work on /home/airflow/.local/lib/python3.7/site-packages/airflow/example_dags/example_python_operator.py
[2023-12-23T18:36:26.853+0000] {processor.py:756} INFO - Processing file /home/airflow/.local/lib/python3.7/site-packages/airflow/example_dags/example_python_operator.py for tasks to queue
[2023-12-23T18:36:26.853+0000] {logging_mixin.py:120} INFO - [2023-12-23T18:36:26.853+0000] {dagbag.py:537} INFO - Filling up the DagBag from /home/airflow/.local/lib/python3.7/site-packages/airflow/example_dags/example_python_operator.py
[2023-12-23T18:36:26.870+0000] {logging_mixin.py:120} INFO - [2023-12-23T18:36:26.869+0000] {taskmixin.py:205} WARNING - Dependency <Task(_PythonDecoratedOperator): print_the_context>, log_sql_query already registered for DAG: example_python_operator
[2023-12-23T18:36:26.870+0000] {logging_mixin.py:120} INFO - [2023-12-23T18:36:26.870+0000] {taskmixin.py:205} WARNING - Dependency <Task(_PythonDecoratedOperator): log_sql_query>, print_the_context already registered for DAG: example_python_operator
[2023-12-23T18:36:26.870+0000] {logging_mixin.py:120} INFO - [2023-12-23T18:36:26.870+0000] {taskmixin.py:205} WARNING - Dependency <Task(_PythonDecoratedOperator): print_the_context>, log_sql_query already registered for DAG: example_python_operator
[2023-12-23T18:36:26.871+0000] {logging_mixin.py:120} INFO - [2023-12-23T18:36:26.871+0000] {taskmixin.py:205} WARNING - Dependency <Task(_PythonDecoratedOperator): log_sql_query>, print_the_context already registered for DAG: example_python_operator
[2023-12-23T18:36:26.871+0000] {logging_mixin.py:120} INFO - [2023-12-23T18:36:26.871+0000] {taskmixin.py:205} WARNING - Dependency <Task(_PythonDecoratedOperator): print_the_context>, log_sql_query already registered for DAG: example_python_operator
[2023-12-23T18:36:26.871+0000] {logging_mixin.py:120} INFO - [2023-12-23T18:36:26.871+0000] {taskmixin.py:205} WARNING - Dependency <Task(_PythonDecoratedOperator): log_sql_query>, print_the_context already registered for DAG: example_python_operator
[2023-12-23T18:36:26.872+0000] {logging_mixin.py:120} INFO - [2023-12-23T18:36:26.872+0000] {taskmixin.py:205} WARNING - Dependency <Task(_PythonDecoratedOperator): print_the_context>, log_sql_query already registered for DAG: example_python_operator
[2023-12-23T18:36:26.872+0000] {logging_mixin.py:120} INFO - [2023-12-23T18:36:26.872+0000] {taskmixin.py:205} WARNING - Dependency <Task(_PythonDecoratedOperator): log_sql_query>, print_the_context already registered for DAG: example_python_operator
[2023-12-23T18:36:26.879+0000] {processor.py:766} INFO - DAG(s) dict_keys(['example_python_operator']) retrieved from /home/airflow/.local/lib/python3.7/site-packages/airflow/example_dags/example_python_operator.py
[2023-12-23T18:36:26.922+0000] {logging_mixin.py:120} INFO - [2023-12-23T18:36:26.922+0000] {dag.py:2585} INFO - Sync 1 DAGs
[2023-12-23T18:36:26.944+0000] {logging_mixin.py:120} INFO - [2023-12-23T18:36:26.944+0000] {dag.py:3340} INFO - Setting next_dagrun for example_python_operator to None, run_after=None
[2023-12-23T18:36:26.968+0000] {processor.py:176} INFO - Processing /home/airflow/.local/lib/python3.7/site-packages/airflow/example_dags/example_python_operator.py took 0.120 seconds
[2023-12-23T18:36:57.294+0000] {processor.py:154} INFO - Started process (PID=171) to work on /home/airflow/.local/lib/python3.7/site-packages/airflow/example_dags/example_python_operator.py
[2023-12-23T18:36:57.295+0000] {processor.py:756} INFO - Processing file /home/airflow/.local/lib/python3.7/site-packages/airflow/example_dags/example_python_operator.py for tasks to queue
[2023-12-23T18:36:57.295+0000] {logging_mixin.py:120} INFO - [2023-12-23T18:36:57.295+0000] {dagbag.py:537} INFO - Filling up the DagBag from /home/airflow/.local/lib/python3.7/site-packages/airflow/example_dags/example_python_operator.py
[2023-12-23T18:36:57.313+0000] {logging_mixin.py:120} INFO - [2023-12-23T18:36:57.313+0000] {taskmixin.py:205} WARNING - Dependency <Task(_PythonDecoratedOperator): print_the_context>, log_sql_query already registered for DAG: example_python_operator
[2023-12-23T18:36:57.314+0000] {logging_mixin.py:120} INFO - [2023-12-23T18:36:57.313+0000] {taskmixin.py:205} WARNING - Dependency <Task(_PythonDecoratedOperator): log_sql_query>, print_the_context already registered for DAG: example_python_operator
[2023-12-23T18:36:57.314+0000] {logging_mixin.py:120} INFO - [2023-12-23T18:36:57.314+0000] {taskmixin.py:205} WARNING - Dependency <Task(_PythonDecoratedOperator): print_the_context>, log_sql_query already registered for DAG: example_python_operator
[2023-12-23T18:36:57.315+0000] {logging_mixin.py:120} INFO - [2023-12-23T18:36:57.315+0000] {taskmixin.py:205} WARNING - Dependency <Task(_PythonDecoratedOperator): log_sql_query>, print_the_context already registered for DAG: example_python_operator
[2023-12-23T18:36:57.316+0000] {logging_mixin.py:120} INFO - [2023-12-23T18:36:57.315+0000] {taskmixin.py:205} WARNING - Dependency <Task(_PythonDecoratedOperator): print_the_context>, log_sql_query already registered for DAG: example_python_operator
[2023-12-23T18:36:57.316+0000] {logging_mixin.py:120} INFO - [2023-12-23T18:36:57.316+0000] {taskmixin.py:205} WARNING - Dependency <Task(_PythonDecoratedOperator): log_sql_query>, print_the_context already registered for DAG: example_python_operator
[2023-12-23T18:36:57.317+0000] {logging_mixin.py:120} INFO - [2023-12-23T18:36:57.317+0000] {taskmixin.py:205} WARNING - Dependency <Task(_PythonDecoratedOperator): print_the_context>, log_sql_query already registered for DAG: example_python_operator
[2023-12-23T18:36:57.317+0000] {logging_mixin.py:120} INFO - [2023-12-23T18:36:57.317+0000] {taskmixin.py:205} WARNING - Dependency <Task(_PythonDecoratedOperator): log_sql_query>, print_the_context already registered for DAG: example_python_operator
[2023-12-23T18:36:57.327+0000] {processor.py:766} INFO - DAG(s) dict_keys(['example_python_operator']) retrieved from /home/airflow/.local/lib/python3.7/site-packages/airflow/example_dags/example_python_operator.py
[2023-12-23T18:36:57.362+0000] {logging_mixin.py:120} INFO - [2023-12-23T18:36:57.361+0000] {dag.py:2585} INFO - Sync 1 DAGs
[2023-12-23T18:36:57.387+0000] {logging_mixin.py:120} INFO - [2023-12-23T18:36:57.387+0000] {dag.py:3340} INFO - Setting next_dagrun for example_python_operator to None, run_after=None
[2023-12-23T18:36:57.415+0000] {processor.py:176} INFO - Processing /home/airflow/.local/lib/python3.7/site-packages/airflow/example_dags/example_python_operator.py took 0.123 seconds
