[2023-12-23T18:12:48.067+0000] {processor.py:154} INFO - Started process (PID=64) to work on /home/airflow/.local/lib/python3.7/site-packages/airflow/example_dags/example_complex.py
[2023-12-23T18:12:48.080+0000] {processor.py:756} INFO - Processing file /home/airflow/.local/lib/python3.7/site-packages/airflow/example_dags/example_complex.py for tasks to queue
[2023-12-23T18:12:48.080+0000] {logging_mixin.py:120} INFO - [2023-12-23T18:12:48.080+0000] {dagbag.py:537} INFO - Filling up the DagBag from /home/airflow/.local/lib/python3.7/site-packages/airflow/example_dags/example_complex.py
[2023-12-23T18:12:48.097+0000] {logging_mixin.py:120} INFO - [2023-12-23T18:12:48.097+0000] {taskmixin.py:205} WARNING - Dependency <Task(BashOperator): create_entry_group>, delete_entry_group already registered for DAG: example_complex
[2023-12-23T18:12:48.097+0000] {logging_mixin.py:120} INFO - [2023-12-23T18:12:48.097+0000] {taskmixin.py:205} WARNING - Dependency <Task(BashOperator): delete_entry_group>, create_entry_group already registered for DAG: example_complex
[2023-12-23T18:12:48.097+0000] {logging_mixin.py:120} INFO - [2023-12-23T18:12:48.097+0000] {taskmixin.py:205} WARNING - Dependency <Task(BashOperator): create_entry_gcs>, delete_entry already registered for DAG: example_complex
[2023-12-23T18:12:48.098+0000] {logging_mixin.py:120} INFO - [2023-12-23T18:12:48.098+0000] {taskmixin.py:205} WARNING - Dependency <Task(BashOperator): delete_entry>, create_entry_gcs already registered for DAG: example_complex
[2023-12-23T18:12:48.098+0000] {logging_mixin.py:120} INFO - [2023-12-23T18:12:48.098+0000] {taskmixin.py:205} WARNING - Dependency <Task(BashOperator): create_tag>, delete_tag already registered for DAG: example_complex
[2023-12-23T18:12:48.098+0000] {logging_mixin.py:120} INFO - [2023-12-23T18:12:48.098+0000] {taskmixin.py:205} WARNING - Dependency <Task(BashOperator): delete_tag>, create_tag already registered for DAG: example_complex
[2023-12-23T18:12:48.108+0000] {processor.py:766} INFO - DAG(s) dict_keys(['example_complex']) retrieved from /home/airflow/.local/lib/python3.7/site-packages/airflow/example_dags/example_complex.py
[2023-12-23T18:12:48.174+0000] {logging_mixin.py:120} INFO - [2023-12-23T18:12:48.174+0000] {dag.py:2585} INFO - Sync 1 DAGs
[2023-12-23T18:12:48.211+0000] {logging_mixin.py:120} INFO - [2023-12-23T18:12:48.211+0000] {dag.py:3340} INFO - Setting next_dagrun for example_complex to None, run_after=None
[2023-12-23T18:12:48.269+0000] {processor.py:176} INFO - Processing /home/airflow/.local/lib/python3.7/site-packages/airflow/example_dags/example_complex.py took 0.205 seconds
[2023-12-23T18:13:18.499+0000] {processor.py:154} INFO - Started process (PID=127) to work on /home/airflow/.local/lib/python3.7/site-packages/airflow/example_dags/example_complex.py
[2023-12-23T18:13:18.500+0000] {processor.py:756} INFO - Processing file /home/airflow/.local/lib/python3.7/site-packages/airflow/example_dags/example_complex.py for tasks to queue
[2023-12-23T18:13:18.500+0000] {logging_mixin.py:120} INFO - [2023-12-23T18:13:18.500+0000] {dagbag.py:537} INFO - Filling up the DagBag from /home/airflow/.local/lib/python3.7/site-packages/airflow/example_dags/example_complex.py
[2023-12-23T18:13:18.509+0000] {logging_mixin.py:120} INFO - [2023-12-23T18:13:18.509+0000] {taskmixin.py:205} WARNING - Dependency <Task(BashOperator): create_entry_group>, delete_entry_group already registered for DAG: example_complex
[2023-12-23T18:13:18.509+0000] {logging_mixin.py:120} INFO - [2023-12-23T18:13:18.509+0000] {taskmixin.py:205} WARNING - Dependency <Task(BashOperator): delete_entry_group>, create_entry_group already registered for DAG: example_complex
[2023-12-23T18:13:18.510+0000] {logging_mixin.py:120} INFO - [2023-12-23T18:13:18.510+0000] {taskmixin.py:205} WARNING - Dependency <Task(BashOperator): create_entry_gcs>, delete_entry already registered for DAG: example_complex
[2023-12-23T18:13:18.510+0000] {logging_mixin.py:120} INFO - [2023-12-23T18:13:18.510+0000] {taskmixin.py:205} WARNING - Dependency <Task(BashOperator): delete_entry>, create_entry_gcs already registered for DAG: example_complex
[2023-12-23T18:13:18.510+0000] {logging_mixin.py:120} INFO - [2023-12-23T18:13:18.510+0000] {taskmixin.py:205} WARNING - Dependency <Task(BashOperator): create_tag>, delete_tag already registered for DAG: example_complex
[2023-12-23T18:13:18.510+0000] {logging_mixin.py:120} INFO - [2023-12-23T18:13:18.510+0000] {taskmixin.py:205} WARNING - Dependency <Task(BashOperator): delete_tag>, create_tag already registered for DAG: example_complex
[2023-12-23T18:13:18.517+0000] {processor.py:766} INFO - DAG(s) dict_keys(['example_complex']) retrieved from /home/airflow/.local/lib/python3.7/site-packages/airflow/example_dags/example_complex.py
[2023-12-23T18:13:18.557+0000] {logging_mixin.py:120} INFO - [2023-12-23T18:13:18.557+0000] {dag.py:2585} INFO - Sync 1 DAGs
[2023-12-23T18:13:18.584+0000] {logging_mixin.py:120} INFO - [2023-12-23T18:13:18.584+0000] {dag.py:3340} INFO - Setting next_dagrun for example_complex to None, run_after=None
[2023-12-23T18:13:18.608+0000] {processor.py:176} INFO - Processing /home/airflow/.local/lib/python3.7/site-packages/airflow/example_dags/example_complex.py took 0.111 seconds
[2023-12-23T18:13:49.291+0000] {processor.py:154} INFO - Started process (PID=181) to work on /home/airflow/.local/lib/python3.7/site-packages/airflow/example_dags/example_complex.py
[2023-12-23T18:13:49.292+0000] {processor.py:756} INFO - Processing file /home/airflow/.local/lib/python3.7/site-packages/airflow/example_dags/example_complex.py for tasks to queue
[2023-12-23T18:13:49.292+0000] {logging_mixin.py:120} INFO - [2023-12-23T18:13:49.292+0000] {dagbag.py:537} INFO - Filling up the DagBag from /home/airflow/.local/lib/python3.7/site-packages/airflow/example_dags/example_complex.py
[2023-12-23T18:13:49.302+0000] {logging_mixin.py:120} INFO - [2023-12-23T18:13:49.302+0000] {taskmixin.py:205} WARNING - Dependency <Task(BashOperator): create_entry_group>, delete_entry_group already registered for DAG: example_complex
[2023-12-23T18:13:49.303+0000] {logging_mixin.py:120} INFO - [2023-12-23T18:13:49.302+0000] {taskmixin.py:205} WARNING - Dependency <Task(BashOperator): delete_entry_group>, create_entry_group already registered for DAG: example_complex
[2023-12-23T18:13:49.303+0000] {logging_mixin.py:120} INFO - [2023-12-23T18:13:49.303+0000] {taskmixin.py:205} WARNING - Dependency <Task(BashOperator): create_entry_gcs>, delete_entry already registered for DAG: example_complex
[2023-12-23T18:13:49.303+0000] {logging_mixin.py:120} INFO - [2023-12-23T18:13:49.303+0000] {taskmixin.py:205} WARNING - Dependency <Task(BashOperator): delete_entry>, create_entry_gcs already registered for DAG: example_complex
[2023-12-23T18:13:49.303+0000] {logging_mixin.py:120} INFO - [2023-12-23T18:13:49.303+0000] {taskmixin.py:205} WARNING - Dependency <Task(BashOperator): create_tag>, delete_tag already registered for DAG: example_complex
[2023-12-23T18:13:49.303+0000] {logging_mixin.py:120} INFO - [2023-12-23T18:13:49.303+0000] {taskmixin.py:205} WARNING - Dependency <Task(BashOperator): delete_tag>, create_tag already registered for DAG: example_complex
[2023-12-23T18:13:49.311+0000] {processor.py:766} INFO - DAG(s) dict_keys(['example_complex']) retrieved from /home/airflow/.local/lib/python3.7/site-packages/airflow/example_dags/example_complex.py
[2023-12-23T18:13:49.358+0000] {logging_mixin.py:120} INFO - [2023-12-23T18:13:49.358+0000] {dag.py:2585} INFO - Sync 1 DAGs
[2023-12-23T18:13:49.384+0000] {logging_mixin.py:120} INFO - [2023-12-23T18:13:49.384+0000] {dag.py:3340} INFO - Setting next_dagrun for example_complex to None, run_after=None
[2023-12-23T18:13:49.411+0000] {processor.py:176} INFO - Processing /home/airflow/.local/lib/python3.7/site-packages/airflow/example_dags/example_complex.py took 0.122 seconds
[2023-12-23T18:14:20.336+0000] {processor.py:154} INFO - Started process (PID=244) to work on /home/airflow/.local/lib/python3.7/site-packages/airflow/example_dags/example_complex.py
[2023-12-23T18:14:20.337+0000] {processor.py:756} INFO - Processing file /home/airflow/.local/lib/python3.7/site-packages/airflow/example_dags/example_complex.py for tasks to queue
[2023-12-23T18:14:20.338+0000] {logging_mixin.py:120} INFO - [2023-12-23T18:14:20.338+0000] {dagbag.py:537} INFO - Filling up the DagBag from /home/airflow/.local/lib/python3.7/site-packages/airflow/example_dags/example_complex.py
[2023-12-23T18:14:20.349+0000] {logging_mixin.py:120} INFO - [2023-12-23T18:14:20.349+0000] {taskmixin.py:205} WARNING - Dependency <Task(BashOperator): create_entry_group>, delete_entry_group already registered for DAG: example_complex
[2023-12-23T18:14:20.349+0000] {logging_mixin.py:120} INFO - [2023-12-23T18:14:20.349+0000] {taskmixin.py:205} WARNING - Dependency <Task(BashOperator): delete_entry_group>, create_entry_group already registered for DAG: example_complex
[2023-12-23T18:14:20.349+0000] {logging_mixin.py:120} INFO - [2023-12-23T18:14:20.349+0000] {taskmixin.py:205} WARNING - Dependency <Task(BashOperator): create_entry_gcs>, delete_entry already registered for DAG: example_complex
[2023-12-23T18:14:20.349+0000] {logging_mixin.py:120} INFO - [2023-12-23T18:14:20.349+0000] {taskmixin.py:205} WARNING - Dependency <Task(BashOperator): delete_entry>, create_entry_gcs already registered for DAG: example_complex
[2023-12-23T18:14:20.350+0000] {logging_mixin.py:120} INFO - [2023-12-23T18:14:20.349+0000] {taskmixin.py:205} WARNING - Dependency <Task(BashOperator): create_tag>, delete_tag already registered for DAG: example_complex
[2023-12-23T18:14:20.350+0000] {logging_mixin.py:120} INFO - [2023-12-23T18:14:20.350+0000] {taskmixin.py:205} WARNING - Dependency <Task(BashOperator): delete_tag>, create_tag already registered for DAG: example_complex
[2023-12-23T18:14:20.357+0000] {processor.py:766} INFO - DAG(s) dict_keys(['example_complex']) retrieved from /home/airflow/.local/lib/python3.7/site-packages/airflow/example_dags/example_complex.py
[2023-12-23T18:14:20.404+0000] {logging_mixin.py:120} INFO - [2023-12-23T18:14:20.404+0000] {dag.py:2585} INFO - Sync 1 DAGs
[2023-12-23T18:14:20.429+0000] {logging_mixin.py:120} INFO - [2023-12-23T18:14:20.429+0000] {dag.py:3340} INFO - Setting next_dagrun for example_complex to None, run_after=None
[2023-12-23T18:14:20.450+0000] {processor.py:176} INFO - Processing /home/airflow/.local/lib/python3.7/site-packages/airflow/example_dags/example_complex.py took 0.117 seconds
[2023-12-23T18:14:51.196+0000] {processor.py:154} INFO - Started process (PID=308) to work on /home/airflow/.local/lib/python3.7/site-packages/airflow/example_dags/example_complex.py
[2023-12-23T18:14:51.197+0000] {processor.py:756} INFO - Processing file /home/airflow/.local/lib/python3.7/site-packages/airflow/example_dags/example_complex.py for tasks to queue
[2023-12-23T18:14:51.198+0000] {logging_mixin.py:120} INFO - [2023-12-23T18:14:51.198+0000] {dagbag.py:537} INFO - Filling up the DagBag from /home/airflow/.local/lib/python3.7/site-packages/airflow/example_dags/example_complex.py
[2023-12-23T18:14:51.213+0000] {logging_mixin.py:120} INFO - [2023-12-23T18:14:51.213+0000] {taskmixin.py:205} WARNING - Dependency <Task(BashOperator): create_entry_group>, delete_entry_group already registered for DAG: example_complex
[2023-12-23T18:14:51.213+0000] {logging_mixin.py:120} INFO - [2023-12-23T18:14:51.213+0000] {taskmixin.py:205} WARNING - Dependency <Task(BashOperator): delete_entry_group>, create_entry_group already registered for DAG: example_complex
[2023-12-23T18:14:51.213+0000] {logging_mixin.py:120} INFO - [2023-12-23T18:14:51.213+0000] {taskmixin.py:205} WARNING - Dependency <Task(BashOperator): create_entry_gcs>, delete_entry already registered for DAG: example_complex
[2023-12-23T18:14:51.214+0000] {logging_mixin.py:120} INFO - [2023-12-23T18:14:51.214+0000] {taskmixin.py:205} WARNING - Dependency <Task(BashOperator): delete_entry>, create_entry_gcs already registered for DAG: example_complex
[2023-12-23T18:14:51.214+0000] {logging_mixin.py:120} INFO - [2023-12-23T18:14:51.214+0000] {taskmixin.py:205} WARNING - Dependency <Task(BashOperator): create_tag>, delete_tag already registered for DAG: example_complex
[2023-12-23T18:14:51.214+0000] {logging_mixin.py:120} INFO - [2023-12-23T18:14:51.214+0000] {taskmixin.py:205} WARNING - Dependency <Task(BashOperator): delete_tag>, create_tag already registered for DAG: example_complex
[2023-12-23T18:14:51.224+0000] {processor.py:766} INFO - DAG(s) dict_keys(['example_complex']) retrieved from /home/airflow/.local/lib/python3.7/site-packages/airflow/example_dags/example_complex.py
[2023-12-23T18:14:51.280+0000] {logging_mixin.py:120} INFO - [2023-12-23T18:14:51.280+0000] {dag.py:2585} INFO - Sync 1 DAGs
[2023-12-23T18:14:51.308+0000] {logging_mixin.py:120} INFO - [2023-12-23T18:14:51.308+0000] {dag.py:3340} INFO - Setting next_dagrun for example_complex to None, run_after=None
[2023-12-23T18:14:51.333+0000] {processor.py:176} INFO - Processing /home/airflow/.local/lib/python3.7/site-packages/airflow/example_dags/example_complex.py took 0.140 seconds
[2023-12-23T18:15:21.575+0000] {processor.py:154} INFO - Started process (PID=371) to work on /home/airflow/.local/lib/python3.7/site-packages/airflow/example_dags/example_complex.py
[2023-12-23T18:15:21.575+0000] {processor.py:756} INFO - Processing file /home/airflow/.local/lib/python3.7/site-packages/airflow/example_dags/example_complex.py for tasks to queue
[2023-12-23T18:15:21.576+0000] {logging_mixin.py:120} INFO - [2023-12-23T18:15:21.576+0000] {dagbag.py:537} INFO - Filling up the DagBag from /home/airflow/.local/lib/python3.7/site-packages/airflow/example_dags/example_complex.py
[2023-12-23T18:15:21.594+0000] {logging_mixin.py:120} INFO - [2023-12-23T18:15:21.594+0000] {taskmixin.py:205} WARNING - Dependency <Task(BashOperator): create_entry_group>, delete_entry_group already registered for DAG: example_complex
[2023-12-23T18:15:21.594+0000] {logging_mixin.py:120} INFO - [2023-12-23T18:15:21.594+0000] {taskmixin.py:205} WARNING - Dependency <Task(BashOperator): delete_entry_group>, create_entry_group already registered for DAG: example_complex
[2023-12-23T18:15:21.595+0000] {logging_mixin.py:120} INFO - [2023-12-23T18:15:21.595+0000] {taskmixin.py:205} WARNING - Dependency <Task(BashOperator): create_entry_gcs>, delete_entry already registered for DAG: example_complex
[2023-12-23T18:15:21.595+0000] {logging_mixin.py:120} INFO - [2023-12-23T18:15:21.595+0000] {taskmixin.py:205} WARNING - Dependency <Task(BashOperator): delete_entry>, create_entry_gcs already registered for DAG: example_complex
[2023-12-23T18:15:21.595+0000] {logging_mixin.py:120} INFO - [2023-12-23T18:15:21.595+0000] {taskmixin.py:205} WARNING - Dependency <Task(BashOperator): create_tag>, delete_tag already registered for DAG: example_complex
[2023-12-23T18:15:21.596+0000] {logging_mixin.py:120} INFO - [2023-12-23T18:15:21.596+0000] {taskmixin.py:205} WARNING - Dependency <Task(BashOperator): delete_tag>, create_tag already registered for DAG: example_complex
[2023-12-23T18:15:21.604+0000] {processor.py:766} INFO - DAG(s) dict_keys(['example_complex']) retrieved from /home/airflow/.local/lib/python3.7/site-packages/airflow/example_dags/example_complex.py
[2023-12-23T18:15:21.665+0000] {logging_mixin.py:120} INFO - [2023-12-23T18:15:21.664+0000] {dag.py:2585} INFO - Sync 1 DAGs
[2023-12-23T18:15:21.697+0000] {logging_mixin.py:120} INFO - [2023-12-23T18:15:21.696+0000] {dag.py:3340} INFO - Setting next_dagrun for example_complex to None, run_after=None
[2023-12-23T18:15:21.730+0000] {processor.py:176} INFO - Processing /home/airflow/.local/lib/python3.7/site-packages/airflow/example_dags/example_complex.py took 0.159 seconds
[2023-12-23T18:15:52.477+0000] {processor.py:154} INFO - Started process (PID=426) to work on /home/airflow/.local/lib/python3.7/site-packages/airflow/example_dags/example_complex.py
[2023-12-23T18:15:52.477+0000] {processor.py:756} INFO - Processing file /home/airflow/.local/lib/python3.7/site-packages/airflow/example_dags/example_complex.py for tasks to queue
[2023-12-23T18:15:52.478+0000] {logging_mixin.py:120} INFO - [2023-12-23T18:15:52.478+0000] {dagbag.py:537} INFO - Filling up the DagBag from /home/airflow/.local/lib/python3.7/site-packages/airflow/example_dags/example_complex.py
[2023-12-23T18:15:52.488+0000] {logging_mixin.py:120} INFO - [2023-12-23T18:15:52.488+0000] {taskmixin.py:205} WARNING - Dependency <Task(BashOperator): create_entry_group>, delete_entry_group already registered for DAG: example_complex
[2023-12-23T18:15:52.488+0000] {logging_mixin.py:120} INFO - [2023-12-23T18:15:52.488+0000] {taskmixin.py:205} WARNING - Dependency <Task(BashOperator): delete_entry_group>, create_entry_group already registered for DAG: example_complex
[2023-12-23T18:15:52.488+0000] {logging_mixin.py:120} INFO - [2023-12-23T18:15:52.488+0000] {taskmixin.py:205} WARNING - Dependency <Task(BashOperator): create_entry_gcs>, delete_entry already registered for DAG: example_complex
[2023-12-23T18:15:52.488+0000] {logging_mixin.py:120} INFO - [2023-12-23T18:15:52.488+0000] {taskmixin.py:205} WARNING - Dependency <Task(BashOperator): delete_entry>, create_entry_gcs already registered for DAG: example_complex
[2023-12-23T18:15:52.489+0000] {logging_mixin.py:120} INFO - [2023-12-23T18:15:52.489+0000] {taskmixin.py:205} WARNING - Dependency <Task(BashOperator): create_tag>, delete_tag already registered for DAG: example_complex
[2023-12-23T18:15:52.489+0000] {logging_mixin.py:120} INFO - [2023-12-23T18:15:52.489+0000] {taskmixin.py:205} WARNING - Dependency <Task(BashOperator): delete_tag>, create_tag already registered for DAG: example_complex
[2023-12-23T18:15:52.496+0000] {processor.py:766} INFO - DAG(s) dict_keys(['example_complex']) retrieved from /home/airflow/.local/lib/python3.7/site-packages/airflow/example_dags/example_complex.py
[2023-12-23T18:15:52.541+0000] {logging_mixin.py:120} INFO - [2023-12-23T18:15:52.541+0000] {dag.py:2585} INFO - Sync 1 DAGs
[2023-12-23T18:15:52.562+0000] {logging_mixin.py:120} INFO - [2023-12-23T18:15:52.562+0000] {dag.py:3340} INFO - Setting next_dagrun for example_complex to None, run_after=None
[2023-12-23T18:15:52.584+0000] {processor.py:176} INFO - Processing /home/airflow/.local/lib/python3.7/site-packages/airflow/example_dags/example_complex.py took 0.110 seconds
[2023-12-23T18:16:23.316+0000] {processor.py:154} INFO - Started process (PID=489) to work on /home/airflow/.local/lib/python3.7/site-packages/airflow/example_dags/example_complex.py
[2023-12-23T18:16:23.317+0000] {processor.py:756} INFO - Processing file /home/airflow/.local/lib/python3.7/site-packages/airflow/example_dags/example_complex.py for tasks to queue
[2023-12-23T18:16:23.317+0000] {logging_mixin.py:120} INFO - [2023-12-23T18:16:23.317+0000] {dagbag.py:537} INFO - Filling up the DagBag from /home/airflow/.local/lib/python3.7/site-packages/airflow/example_dags/example_complex.py
[2023-12-23T18:16:23.332+0000] {logging_mixin.py:120} INFO - [2023-12-23T18:16:23.332+0000] {taskmixin.py:205} WARNING - Dependency <Task(BashOperator): create_entry_group>, delete_entry_group already registered for DAG: example_complex
[2023-12-23T18:16:23.332+0000] {logging_mixin.py:120} INFO - [2023-12-23T18:16:23.332+0000] {taskmixin.py:205} WARNING - Dependency <Task(BashOperator): delete_entry_group>, create_entry_group already registered for DAG: example_complex
[2023-12-23T18:16:23.332+0000] {logging_mixin.py:120} INFO - [2023-12-23T18:16:23.332+0000] {taskmixin.py:205} WARNING - Dependency <Task(BashOperator): create_entry_gcs>, delete_entry already registered for DAG: example_complex
[2023-12-23T18:16:23.333+0000] {logging_mixin.py:120} INFO - [2023-12-23T18:16:23.332+0000] {taskmixin.py:205} WARNING - Dependency <Task(BashOperator): delete_entry>, create_entry_gcs already registered for DAG: example_complex
[2023-12-23T18:16:23.333+0000] {logging_mixin.py:120} INFO - [2023-12-23T18:16:23.333+0000] {taskmixin.py:205} WARNING - Dependency <Task(BashOperator): create_tag>, delete_tag already registered for DAG: example_complex
[2023-12-23T18:16:23.333+0000] {logging_mixin.py:120} INFO - [2023-12-23T18:16:23.333+0000] {taskmixin.py:205} WARNING - Dependency <Task(BashOperator): delete_tag>, create_tag already registered for DAG: example_complex
[2023-12-23T18:16:23.340+0000] {processor.py:766} INFO - DAG(s) dict_keys(['example_complex']) retrieved from /home/airflow/.local/lib/python3.7/site-packages/airflow/example_dags/example_complex.py
[2023-12-23T18:16:23.378+0000] {logging_mixin.py:120} INFO - [2023-12-23T18:16:23.378+0000] {dag.py:2585} INFO - Sync 1 DAGs
[2023-12-23T18:16:23.402+0000] {logging_mixin.py:120} INFO - [2023-12-23T18:16:23.402+0000] {dag.py:3340} INFO - Setting next_dagrun for example_complex to None, run_after=None
[2023-12-23T18:16:23.427+0000] {processor.py:176} INFO - Processing /home/airflow/.local/lib/python3.7/site-packages/airflow/example_dags/example_complex.py took 0.114 seconds
[2023-12-23T18:16:54.055+0000] {processor.py:154} INFO - Started process (PID=553) to work on /home/airflow/.local/lib/python3.7/site-packages/airflow/example_dags/example_complex.py
[2023-12-23T18:16:54.056+0000] {processor.py:756} INFO - Processing file /home/airflow/.local/lib/python3.7/site-packages/airflow/example_dags/example_complex.py for tasks to queue
[2023-12-23T18:16:54.056+0000] {logging_mixin.py:120} INFO - [2023-12-23T18:16:54.056+0000] {dagbag.py:537} INFO - Filling up the DagBag from /home/airflow/.local/lib/python3.7/site-packages/airflow/example_dags/example_complex.py
[2023-12-23T18:16:54.066+0000] {logging_mixin.py:120} INFO - [2023-12-23T18:16:54.066+0000] {taskmixin.py:205} WARNING - Dependency <Task(BashOperator): create_entry_group>, delete_entry_group already registered for DAG: example_complex
[2023-12-23T18:16:54.066+0000] {logging_mixin.py:120} INFO - [2023-12-23T18:16:54.066+0000] {taskmixin.py:205} WARNING - Dependency <Task(BashOperator): delete_entry_group>, create_entry_group already registered for DAG: example_complex
[2023-12-23T18:16:54.066+0000] {logging_mixin.py:120} INFO - [2023-12-23T18:16:54.066+0000] {taskmixin.py:205} WARNING - Dependency <Task(BashOperator): create_entry_gcs>, delete_entry already registered for DAG: example_complex
[2023-12-23T18:16:54.067+0000] {logging_mixin.py:120} INFO - [2023-12-23T18:16:54.066+0000] {taskmixin.py:205} WARNING - Dependency <Task(BashOperator): delete_entry>, create_entry_gcs already registered for DAG: example_complex
[2023-12-23T18:16:54.067+0000] {logging_mixin.py:120} INFO - [2023-12-23T18:16:54.067+0000] {taskmixin.py:205} WARNING - Dependency <Task(BashOperator): create_tag>, delete_tag already registered for DAG: example_complex
[2023-12-23T18:16:54.067+0000] {logging_mixin.py:120} INFO - [2023-12-23T18:16:54.067+0000] {taskmixin.py:205} WARNING - Dependency <Task(BashOperator): delete_tag>, create_tag already registered for DAG: example_complex
[2023-12-23T18:16:54.074+0000] {processor.py:766} INFO - DAG(s) dict_keys(['example_complex']) retrieved from /home/airflow/.local/lib/python3.7/site-packages/airflow/example_dags/example_complex.py
[2023-12-23T18:16:54.114+0000] {logging_mixin.py:120} INFO - [2023-12-23T18:16:54.114+0000] {dag.py:2585} INFO - Sync 1 DAGs
[2023-12-23T18:16:54.145+0000] {logging_mixin.py:120} INFO - [2023-12-23T18:16:54.145+0000] {dag.py:3340} INFO - Setting next_dagrun for example_complex to None, run_after=None
[2023-12-23T18:16:54.171+0000] {processor.py:176} INFO - Processing /home/airflow/.local/lib/python3.7/site-packages/airflow/example_dags/example_complex.py took 0.119 seconds
[2023-12-23T18:17:25.021+0000] {processor.py:154} INFO - Started process (PID=617) to work on /home/airflow/.local/lib/python3.7/site-packages/airflow/example_dags/example_complex.py
[2023-12-23T18:17:25.021+0000] {processor.py:756} INFO - Processing file /home/airflow/.local/lib/python3.7/site-packages/airflow/example_dags/example_complex.py for tasks to queue
[2023-12-23T18:17:25.022+0000] {logging_mixin.py:120} INFO - [2023-12-23T18:17:25.022+0000] {dagbag.py:537} INFO - Filling up the DagBag from /home/airflow/.local/lib/python3.7/site-packages/airflow/example_dags/example_complex.py
[2023-12-23T18:17:25.032+0000] {logging_mixin.py:120} INFO - [2023-12-23T18:17:25.032+0000] {taskmixin.py:205} WARNING - Dependency <Task(BashOperator): create_entry_group>, delete_entry_group already registered for DAG: example_complex
[2023-12-23T18:17:25.032+0000] {logging_mixin.py:120} INFO - [2023-12-23T18:17:25.032+0000] {taskmixin.py:205} WARNING - Dependency <Task(BashOperator): delete_entry_group>, create_entry_group already registered for DAG: example_complex
[2023-12-23T18:17:25.032+0000] {logging_mixin.py:120} INFO - [2023-12-23T18:17:25.032+0000] {taskmixin.py:205} WARNING - Dependency <Task(BashOperator): create_entry_gcs>, delete_entry already registered for DAG: example_complex
[2023-12-23T18:17:25.032+0000] {logging_mixin.py:120} INFO - [2023-12-23T18:17:25.032+0000] {taskmixin.py:205} WARNING - Dependency <Task(BashOperator): delete_entry>, create_entry_gcs already registered for DAG: example_complex
[2023-12-23T18:17:25.033+0000] {logging_mixin.py:120} INFO - [2023-12-23T18:17:25.033+0000] {taskmixin.py:205} WARNING - Dependency <Task(BashOperator): create_tag>, delete_tag already registered for DAG: example_complex
[2023-12-23T18:17:25.033+0000] {logging_mixin.py:120} INFO - [2023-12-23T18:17:25.033+0000] {taskmixin.py:205} WARNING - Dependency <Task(BashOperator): delete_tag>, create_tag already registered for DAG: example_complex
[2023-12-23T18:17:25.039+0000] {processor.py:766} INFO - DAG(s) dict_keys(['example_complex']) retrieved from /home/airflow/.local/lib/python3.7/site-packages/airflow/example_dags/example_complex.py
[2023-12-23T18:17:25.077+0000] {logging_mixin.py:120} INFO - [2023-12-23T18:17:25.077+0000] {dag.py:2585} INFO - Sync 1 DAGs
[2023-12-23T18:17:25.096+0000] {logging_mixin.py:120} INFO - [2023-12-23T18:17:25.096+0000] {dag.py:3340} INFO - Setting next_dagrun for example_complex to None, run_after=None
[2023-12-23T18:17:25.121+0000] {processor.py:176} INFO - Processing /home/airflow/.local/lib/python3.7/site-packages/airflow/example_dags/example_complex.py took 0.103 seconds
[2023-12-23T18:17:55.716+0000] {processor.py:154} INFO - Started process (PID=672) to work on /home/airflow/.local/lib/python3.7/site-packages/airflow/example_dags/example_complex.py
[2023-12-23T18:17:55.717+0000] {processor.py:756} INFO - Processing file /home/airflow/.local/lib/python3.7/site-packages/airflow/example_dags/example_complex.py for tasks to queue
[2023-12-23T18:17:55.717+0000] {logging_mixin.py:120} INFO - [2023-12-23T18:17:55.717+0000] {dagbag.py:537} INFO - Filling up the DagBag from /home/airflow/.local/lib/python3.7/site-packages/airflow/example_dags/example_complex.py
[2023-12-23T18:17:55.732+0000] {logging_mixin.py:120} INFO - [2023-12-23T18:17:55.732+0000] {taskmixin.py:205} WARNING - Dependency <Task(BashOperator): create_entry_group>, delete_entry_group already registered for DAG: example_complex
[2023-12-23T18:17:55.732+0000] {logging_mixin.py:120} INFO - [2023-12-23T18:17:55.732+0000] {taskmixin.py:205} WARNING - Dependency <Task(BashOperator): delete_entry_group>, create_entry_group already registered for DAG: example_complex
[2023-12-23T18:17:55.733+0000] {logging_mixin.py:120} INFO - [2023-12-23T18:17:55.732+0000] {taskmixin.py:205} WARNING - Dependency <Task(BashOperator): create_entry_gcs>, delete_entry already registered for DAG: example_complex
[2023-12-23T18:17:55.733+0000] {logging_mixin.py:120} INFO - [2023-12-23T18:17:55.733+0000] {taskmixin.py:205} WARNING - Dependency <Task(BashOperator): delete_entry>, create_entry_gcs already registered for DAG: example_complex
[2023-12-23T18:17:55.733+0000] {logging_mixin.py:120} INFO - [2023-12-23T18:17:55.733+0000] {taskmixin.py:205} WARNING - Dependency <Task(BashOperator): create_tag>, delete_tag already registered for DAG: example_complex
[2023-12-23T18:17:55.733+0000] {logging_mixin.py:120} INFO - [2023-12-23T18:17:55.733+0000] {taskmixin.py:205} WARNING - Dependency <Task(BashOperator): delete_tag>, create_tag already registered for DAG: example_complex
[2023-12-23T18:17:55.742+0000] {processor.py:766} INFO - DAG(s) dict_keys(['example_complex']) retrieved from /home/airflow/.local/lib/python3.7/site-packages/airflow/example_dags/example_complex.py
[2023-12-23T18:17:55.787+0000] {logging_mixin.py:120} INFO - [2023-12-23T18:17:55.786+0000] {dag.py:2585} INFO - Sync 1 DAGs
[2023-12-23T18:17:55.812+0000] {logging_mixin.py:120} INFO - [2023-12-23T18:17:55.812+0000] {dag.py:3340} INFO - Setting next_dagrun for example_complex to None, run_after=None
[2023-12-23T18:17:55.834+0000] {processor.py:176} INFO - Processing /home/airflow/.local/lib/python3.7/site-packages/airflow/example_dags/example_complex.py took 0.121 seconds
[2023-12-23T18:18:26.515+0000] {processor.py:154} INFO - Started process (PID=736) to work on /home/airflow/.local/lib/python3.7/site-packages/airflow/example_dags/example_complex.py
[2023-12-23T18:18:26.515+0000] {processor.py:756} INFO - Processing file /home/airflow/.local/lib/python3.7/site-packages/airflow/example_dags/example_complex.py for tasks to queue
[2023-12-23T18:18:26.516+0000] {logging_mixin.py:120} INFO - [2023-12-23T18:18:26.516+0000] {dagbag.py:537} INFO - Filling up the DagBag from /home/airflow/.local/lib/python3.7/site-packages/airflow/example_dags/example_complex.py
[2023-12-23T18:18:26.531+0000] {logging_mixin.py:120} INFO - [2023-12-23T18:18:26.531+0000] {taskmixin.py:205} WARNING - Dependency <Task(BashOperator): create_entry_group>, delete_entry_group already registered for DAG: example_complex
[2023-12-23T18:18:26.531+0000] {logging_mixin.py:120} INFO - [2023-12-23T18:18:26.531+0000] {taskmixin.py:205} WARNING - Dependency <Task(BashOperator): delete_entry_group>, create_entry_group already registered for DAG: example_complex
[2023-12-23T18:18:26.531+0000] {logging_mixin.py:120} INFO - [2023-12-23T18:18:26.531+0000] {taskmixin.py:205} WARNING - Dependency <Task(BashOperator): create_entry_gcs>, delete_entry already registered for DAG: example_complex
[2023-12-23T18:18:26.532+0000] {logging_mixin.py:120} INFO - [2023-12-23T18:18:26.532+0000] {taskmixin.py:205} WARNING - Dependency <Task(BashOperator): delete_entry>, create_entry_gcs already registered for DAG: example_complex
[2023-12-23T18:18:26.532+0000] {logging_mixin.py:120} INFO - [2023-12-23T18:18:26.532+0000] {taskmixin.py:205} WARNING - Dependency <Task(BashOperator): create_tag>, delete_tag already registered for DAG: example_complex
[2023-12-23T18:18:26.532+0000] {logging_mixin.py:120} INFO - [2023-12-23T18:18:26.532+0000] {taskmixin.py:205} WARNING - Dependency <Task(BashOperator): delete_tag>, create_tag already registered for DAG: example_complex
[2023-12-23T18:18:26.540+0000] {processor.py:766} INFO - DAG(s) dict_keys(['example_complex']) retrieved from /home/airflow/.local/lib/python3.7/site-packages/airflow/example_dags/example_complex.py
[2023-12-23T18:18:26.582+0000] {logging_mixin.py:120} INFO - [2023-12-23T18:18:26.582+0000] {dag.py:2585} INFO - Sync 1 DAGs
[2023-12-23T18:18:26.604+0000] {logging_mixin.py:120} INFO - [2023-12-23T18:18:26.604+0000] {dag.py:3340} INFO - Setting next_dagrun for example_complex to None, run_after=None
[2023-12-23T18:18:26.625+0000] {processor.py:176} INFO - Processing /home/airflow/.local/lib/python3.7/site-packages/airflow/example_dags/example_complex.py took 0.113 seconds
[2023-12-23T18:18:57.248+0000] {processor.py:154} INFO - Started process (PID=800) to work on /home/airflow/.local/lib/python3.7/site-packages/airflow/example_dags/example_complex.py
[2023-12-23T18:18:57.249+0000] {processor.py:756} INFO - Processing file /home/airflow/.local/lib/python3.7/site-packages/airflow/example_dags/example_complex.py for tasks to queue
[2023-12-23T18:18:57.249+0000] {logging_mixin.py:120} INFO - [2023-12-23T18:18:57.249+0000] {dagbag.py:537} INFO - Filling up the DagBag from /home/airflow/.local/lib/python3.7/site-packages/airflow/example_dags/example_complex.py
[2023-12-23T18:18:57.259+0000] {logging_mixin.py:120} INFO - [2023-12-23T18:18:57.259+0000] {taskmixin.py:205} WARNING - Dependency <Task(BashOperator): create_entry_group>, delete_entry_group already registered for DAG: example_complex
[2023-12-23T18:18:57.259+0000] {logging_mixin.py:120} INFO - [2023-12-23T18:18:57.259+0000] {taskmixin.py:205} WARNING - Dependency <Task(BashOperator): delete_entry_group>, create_entry_group already registered for DAG: example_complex
[2023-12-23T18:18:57.259+0000] {logging_mixin.py:120} INFO - [2023-12-23T18:18:57.259+0000] {taskmixin.py:205} WARNING - Dependency <Task(BashOperator): create_entry_gcs>, delete_entry already registered for DAG: example_complex
[2023-12-23T18:18:57.259+0000] {logging_mixin.py:120} INFO - [2023-12-23T18:18:57.259+0000] {taskmixin.py:205} WARNING - Dependency <Task(BashOperator): delete_entry>, create_entry_gcs already registered for DAG: example_complex
[2023-12-23T18:18:57.260+0000] {logging_mixin.py:120} INFO - [2023-12-23T18:18:57.260+0000] {taskmixin.py:205} WARNING - Dependency <Task(BashOperator): create_tag>, delete_tag already registered for DAG: example_complex
[2023-12-23T18:18:57.260+0000] {logging_mixin.py:120} INFO - [2023-12-23T18:18:57.260+0000] {taskmixin.py:205} WARNING - Dependency <Task(BashOperator): delete_tag>, create_tag already registered for DAG: example_complex
[2023-12-23T18:18:57.267+0000] {processor.py:766} INFO - DAG(s) dict_keys(['example_complex']) retrieved from /home/airflow/.local/lib/python3.7/site-packages/airflow/example_dags/example_complex.py
[2023-12-23T18:18:57.308+0000] {logging_mixin.py:120} INFO - [2023-12-23T18:18:57.308+0000] {dag.py:2585} INFO - Sync 1 DAGs
[2023-12-23T18:18:57.336+0000] {logging_mixin.py:120} INFO - [2023-12-23T18:18:57.335+0000] {dag.py:3340} INFO - Setting next_dagrun for example_complex to None, run_after=None
[2023-12-23T18:18:57.364+0000] {processor.py:176} INFO - Processing /home/airflow/.local/lib/python3.7/site-packages/airflow/example_dags/example_complex.py took 0.118 seconds
[2023-12-23T18:19:28.287+0000] {processor.py:154} INFO - Started process (PID=864) to work on /home/airflow/.local/lib/python3.7/site-packages/airflow/example_dags/example_complex.py
[2023-12-23T18:19:28.288+0000] {processor.py:756} INFO - Processing file /home/airflow/.local/lib/python3.7/site-packages/airflow/example_dags/example_complex.py for tasks to queue
[2023-12-23T18:19:28.288+0000] {logging_mixin.py:120} INFO - [2023-12-23T18:19:28.288+0000] {dagbag.py:537} INFO - Filling up the DagBag from /home/airflow/.local/lib/python3.7/site-packages/airflow/example_dags/example_complex.py
[2023-12-23T18:19:28.299+0000] {logging_mixin.py:120} INFO - [2023-12-23T18:19:28.299+0000] {taskmixin.py:205} WARNING - Dependency <Task(BashOperator): create_entry_group>, delete_entry_group already registered for DAG: example_complex
[2023-12-23T18:19:28.299+0000] {logging_mixin.py:120} INFO - [2023-12-23T18:19:28.299+0000] {taskmixin.py:205} WARNING - Dependency <Task(BashOperator): delete_entry_group>, create_entry_group already registered for DAG: example_complex
[2023-12-23T18:19:28.299+0000] {logging_mixin.py:120} INFO - [2023-12-23T18:19:28.299+0000] {taskmixin.py:205} WARNING - Dependency <Task(BashOperator): create_entry_gcs>, delete_entry already registered for DAG: example_complex
[2023-12-23T18:19:28.300+0000] {logging_mixin.py:120} INFO - [2023-12-23T18:19:28.299+0000] {taskmixin.py:205} WARNING - Dependency <Task(BashOperator): delete_entry>, create_entry_gcs already registered for DAG: example_complex
[2023-12-23T18:19:28.300+0000] {logging_mixin.py:120} INFO - [2023-12-23T18:19:28.300+0000] {taskmixin.py:205} WARNING - Dependency <Task(BashOperator): create_tag>, delete_tag already registered for DAG: example_complex
[2023-12-23T18:19:28.300+0000] {logging_mixin.py:120} INFO - [2023-12-23T18:19:28.300+0000] {taskmixin.py:205} WARNING - Dependency <Task(BashOperator): delete_tag>, create_tag already registered for DAG: example_complex
[2023-12-23T18:19:28.308+0000] {processor.py:766} INFO - DAG(s) dict_keys(['example_complex']) retrieved from /home/airflow/.local/lib/python3.7/site-packages/airflow/example_dags/example_complex.py
[2023-12-23T18:19:28.353+0000] {logging_mixin.py:120} INFO - [2023-12-23T18:19:28.353+0000] {dag.py:2585} INFO - Sync 1 DAGs
[2023-12-23T18:19:28.376+0000] {logging_mixin.py:120} INFO - [2023-12-23T18:19:28.376+0000] {dag.py:3340} INFO - Setting next_dagrun for example_complex to None, run_after=None
[2023-12-23T18:19:28.399+0000] {processor.py:176} INFO - Processing /home/airflow/.local/lib/python3.7/site-packages/airflow/example_dags/example_complex.py took 0.114 seconds
[2023-12-23T18:19:58.922+0000] {processor.py:154} INFO - Started process (PID=919) to work on /home/airflow/.local/lib/python3.7/site-packages/airflow/example_dags/example_complex.py
[2023-12-23T18:19:58.922+0000] {processor.py:756} INFO - Processing file /home/airflow/.local/lib/python3.7/site-packages/airflow/example_dags/example_complex.py for tasks to queue
[2023-12-23T18:19:58.923+0000] {logging_mixin.py:120} INFO - [2023-12-23T18:19:58.923+0000] {dagbag.py:537} INFO - Filling up the DagBag from /home/airflow/.local/lib/python3.7/site-packages/airflow/example_dags/example_complex.py
[2023-12-23T18:19:58.933+0000] {logging_mixin.py:120} INFO - [2023-12-23T18:19:58.933+0000] {taskmixin.py:205} WARNING - Dependency <Task(BashOperator): create_entry_group>, delete_entry_group already registered for DAG: example_complex
[2023-12-23T18:19:58.933+0000] {logging_mixin.py:120} INFO - [2023-12-23T18:19:58.933+0000] {taskmixin.py:205} WARNING - Dependency <Task(BashOperator): delete_entry_group>, create_entry_group already registered for DAG: example_complex
[2023-12-23T18:19:58.934+0000] {logging_mixin.py:120} INFO - [2023-12-23T18:19:58.933+0000] {taskmixin.py:205} WARNING - Dependency <Task(BashOperator): create_entry_gcs>, delete_entry already registered for DAG: example_complex
[2023-12-23T18:19:58.934+0000] {logging_mixin.py:120} INFO - [2023-12-23T18:19:58.934+0000] {taskmixin.py:205} WARNING - Dependency <Task(BashOperator): delete_entry>, create_entry_gcs already registered for DAG: example_complex
[2023-12-23T18:19:58.934+0000] {logging_mixin.py:120} INFO - [2023-12-23T18:19:58.934+0000] {taskmixin.py:205} WARNING - Dependency <Task(BashOperator): create_tag>, delete_tag already registered for DAG: example_complex
[2023-12-23T18:19:58.935+0000] {logging_mixin.py:120} INFO - [2023-12-23T18:19:58.934+0000] {taskmixin.py:205} WARNING - Dependency <Task(BashOperator): delete_tag>, create_tag already registered for DAG: example_complex
[2023-12-23T18:19:58.942+0000] {processor.py:766} INFO - DAG(s) dict_keys(['example_complex']) retrieved from /home/airflow/.local/lib/python3.7/site-packages/airflow/example_dags/example_complex.py
[2023-12-23T18:19:58.988+0000] {logging_mixin.py:120} INFO - [2023-12-23T18:19:58.987+0000] {dag.py:2585} INFO - Sync 1 DAGs
[2023-12-23T18:19:59.010+0000] {logging_mixin.py:120} INFO - [2023-12-23T18:19:59.010+0000] {dag.py:3340} INFO - Setting next_dagrun for example_complex to None, run_after=None
[2023-12-23T18:19:59.031+0000] {processor.py:176} INFO - Processing /home/airflow/.local/lib/python3.7/site-packages/airflow/example_dags/example_complex.py took 0.112 seconds
[2023-12-23T18:21:05.155+0000] {processor.py:154} INFO - Started process (PID=64) to work on /home/airflow/.local/lib/python3.7/site-packages/airflow/example_dags/example_complex.py
[2023-12-23T18:21:05.157+0000] {processor.py:756} INFO - Processing file /home/airflow/.local/lib/python3.7/site-packages/airflow/example_dags/example_complex.py for tasks to queue
[2023-12-23T18:21:05.158+0000] {logging_mixin.py:120} INFO - [2023-12-23T18:21:05.158+0000] {dagbag.py:537} INFO - Filling up the DagBag from /home/airflow/.local/lib/python3.7/site-packages/airflow/example_dags/example_complex.py
[2023-12-23T18:21:05.174+0000] {logging_mixin.py:120} INFO - [2023-12-23T18:21:05.173+0000] {taskmixin.py:205} WARNING - Dependency <Task(BashOperator): create_entry_group>, delete_entry_group already registered for DAG: example_complex
[2023-12-23T18:21:05.174+0000] {logging_mixin.py:120} INFO - [2023-12-23T18:21:05.174+0000] {taskmixin.py:205} WARNING - Dependency <Task(BashOperator): delete_entry_group>, create_entry_group already registered for DAG: example_complex
[2023-12-23T18:21:05.174+0000] {logging_mixin.py:120} INFO - [2023-12-23T18:21:05.174+0000] {taskmixin.py:205} WARNING - Dependency <Task(BashOperator): create_entry_gcs>, delete_entry already registered for DAG: example_complex
[2023-12-23T18:21:05.174+0000] {logging_mixin.py:120} INFO - [2023-12-23T18:21:05.174+0000] {taskmixin.py:205} WARNING - Dependency <Task(BashOperator): delete_entry>, create_entry_gcs already registered for DAG: example_complex
[2023-12-23T18:21:05.175+0000] {logging_mixin.py:120} INFO - [2023-12-23T18:21:05.175+0000] {taskmixin.py:205} WARNING - Dependency <Task(BashOperator): create_tag>, delete_tag already registered for DAG: example_complex
[2023-12-23T18:21:05.175+0000] {logging_mixin.py:120} INFO - [2023-12-23T18:21:05.175+0000] {taskmixin.py:205} WARNING - Dependency <Task(BashOperator): delete_tag>, create_tag already registered for DAG: example_complex
[2023-12-23T18:21:05.189+0000] {processor.py:766} INFO - DAG(s) dict_keys(['example_complex']) retrieved from /home/airflow/.local/lib/python3.7/site-packages/airflow/example_dags/example_complex.py
[2023-12-23T18:21:05.229+0000] {logging_mixin.py:120} INFO - [2023-12-23T18:21:05.229+0000] {dag.py:2585} INFO - Sync 1 DAGs
[2023-12-23T18:21:05.264+0000] {logging_mixin.py:120} INFO - [2023-12-23T18:21:05.264+0000] {dag.py:3340} INFO - Setting next_dagrun for example_complex to None, run_after=None
[2023-12-23T18:21:05.311+0000] {processor.py:176} INFO - Processing /home/airflow/.local/lib/python3.7/site-packages/airflow/example_dags/example_complex.py took 0.159 seconds
[2023-12-23T18:21:35.684+0000] {processor.py:154} INFO - Started process (PID=127) to work on /home/airflow/.local/lib/python3.7/site-packages/airflow/example_dags/example_complex.py
[2023-12-23T18:21:35.685+0000] {processor.py:756} INFO - Processing file /home/airflow/.local/lib/python3.7/site-packages/airflow/example_dags/example_complex.py for tasks to queue
[2023-12-23T18:21:35.685+0000] {logging_mixin.py:120} INFO - [2023-12-23T18:21:35.685+0000] {dagbag.py:537} INFO - Filling up the DagBag from /home/airflow/.local/lib/python3.7/site-packages/airflow/example_dags/example_complex.py
[2023-12-23T18:21:35.699+0000] {logging_mixin.py:120} INFO - [2023-12-23T18:21:35.699+0000] {taskmixin.py:205} WARNING - Dependency <Task(BashOperator): create_entry_group>, delete_entry_group already registered for DAG: example_complex
[2023-12-23T18:21:35.700+0000] {logging_mixin.py:120} INFO - [2023-12-23T18:21:35.699+0000] {taskmixin.py:205} WARNING - Dependency <Task(BashOperator): delete_entry_group>, create_entry_group already registered for DAG: example_complex
[2023-12-23T18:21:35.700+0000] {logging_mixin.py:120} INFO - [2023-12-23T18:21:35.700+0000] {taskmixin.py:205} WARNING - Dependency <Task(BashOperator): create_entry_gcs>, delete_entry already registered for DAG: example_complex
[2023-12-23T18:21:35.700+0000] {logging_mixin.py:120} INFO - [2023-12-23T18:21:35.700+0000] {taskmixin.py:205} WARNING - Dependency <Task(BashOperator): delete_entry>, create_entry_gcs already registered for DAG: example_complex
[2023-12-23T18:21:35.701+0000] {logging_mixin.py:120} INFO - [2023-12-23T18:21:35.700+0000] {taskmixin.py:205} WARNING - Dependency <Task(BashOperator): create_tag>, delete_tag already registered for DAG: example_complex
[2023-12-23T18:21:35.701+0000] {logging_mixin.py:120} INFO - [2023-12-23T18:21:35.701+0000] {taskmixin.py:205} WARNING - Dependency <Task(BashOperator): delete_tag>, create_tag already registered for DAG: example_complex
[2023-12-23T18:21:35.710+0000] {processor.py:766} INFO - DAG(s) dict_keys(['example_complex']) retrieved from /home/airflow/.local/lib/python3.7/site-packages/airflow/example_dags/example_complex.py
[2023-12-23T18:21:35.766+0000] {logging_mixin.py:120} INFO - [2023-12-23T18:21:35.766+0000] {dag.py:2585} INFO - Sync 1 DAGs
[2023-12-23T18:21:35.794+0000] {logging_mixin.py:120} INFO - [2023-12-23T18:21:35.794+0000] {dag.py:3340} INFO - Setting next_dagrun for example_complex to None, run_after=None
[2023-12-23T18:21:35.822+0000] {processor.py:176} INFO - Processing /home/airflow/.local/lib/python3.7/site-packages/airflow/example_dags/example_complex.py took 0.141 seconds
[2023-12-23T18:22:06.163+0000] {processor.py:154} INFO - Started process (PID=184) to work on /home/airflow/.local/lib/python3.7/site-packages/airflow/example_dags/example_complex.py
[2023-12-23T18:22:06.164+0000] {processor.py:756} INFO - Processing file /home/airflow/.local/lib/python3.7/site-packages/airflow/example_dags/example_complex.py for tasks to queue
[2023-12-23T18:22:06.164+0000] {logging_mixin.py:120} INFO - [2023-12-23T18:22:06.164+0000] {dagbag.py:537} INFO - Filling up the DagBag from /home/airflow/.local/lib/python3.7/site-packages/airflow/example_dags/example_complex.py
[2023-12-23T18:22:06.174+0000] {logging_mixin.py:120} INFO - [2023-12-23T18:22:06.174+0000] {taskmixin.py:205} WARNING - Dependency <Task(BashOperator): create_entry_group>, delete_entry_group already registered for DAG: example_complex
[2023-12-23T18:22:06.175+0000] {logging_mixin.py:120} INFO - [2023-12-23T18:22:06.174+0000] {taskmixin.py:205} WARNING - Dependency <Task(BashOperator): delete_entry_group>, create_entry_group already registered for DAG: example_complex
[2023-12-23T18:22:06.175+0000] {logging_mixin.py:120} INFO - [2023-12-23T18:22:06.175+0000] {taskmixin.py:205} WARNING - Dependency <Task(BashOperator): create_entry_gcs>, delete_entry already registered for DAG: example_complex
[2023-12-23T18:22:06.175+0000] {logging_mixin.py:120} INFO - [2023-12-23T18:22:06.175+0000] {taskmixin.py:205} WARNING - Dependency <Task(BashOperator): delete_entry>, create_entry_gcs already registered for DAG: example_complex
[2023-12-23T18:22:06.175+0000] {logging_mixin.py:120} INFO - [2023-12-23T18:22:06.175+0000] {taskmixin.py:205} WARNING - Dependency <Task(BashOperator): create_tag>, delete_tag already registered for DAG: example_complex
[2023-12-23T18:22:06.175+0000] {logging_mixin.py:120} INFO - [2023-12-23T18:22:06.175+0000] {taskmixin.py:205} WARNING - Dependency <Task(BashOperator): delete_tag>, create_tag already registered for DAG: example_complex
[2023-12-23T18:22:06.182+0000] {processor.py:766} INFO - DAG(s) dict_keys(['example_complex']) retrieved from /home/airflow/.local/lib/python3.7/site-packages/airflow/example_dags/example_complex.py
[2023-12-23T18:22:06.222+0000] {logging_mixin.py:120} INFO - [2023-12-23T18:22:06.222+0000] {dag.py:2585} INFO - Sync 1 DAGs
[2023-12-23T18:22:06.245+0000] {logging_mixin.py:120} INFO - [2023-12-23T18:22:06.245+0000] {dag.py:3340} INFO - Setting next_dagrun for example_complex to None, run_after=None
[2023-12-23T18:22:06.270+0000] {processor.py:176} INFO - Processing /home/airflow/.local/lib/python3.7/site-packages/airflow/example_dags/example_complex.py took 0.110 seconds
[2023-12-23T18:22:36.524+0000] {processor.py:154} INFO - Started process (PID=247) to work on /home/airflow/.local/lib/python3.7/site-packages/airflow/example_dags/example_complex.py
[2023-12-23T18:22:36.525+0000] {processor.py:756} INFO - Processing file /home/airflow/.local/lib/python3.7/site-packages/airflow/example_dags/example_complex.py for tasks to queue
[2023-12-23T18:22:36.525+0000] {logging_mixin.py:120} INFO - [2023-12-23T18:22:36.525+0000] {dagbag.py:537} INFO - Filling up the DagBag from /home/airflow/.local/lib/python3.7/site-packages/airflow/example_dags/example_complex.py
[2023-12-23T18:22:36.535+0000] {logging_mixin.py:120} INFO - [2023-12-23T18:22:36.535+0000] {taskmixin.py:205} WARNING - Dependency <Task(BashOperator): create_entry_group>, delete_entry_group already registered for DAG: example_complex
[2023-12-23T18:22:36.535+0000] {logging_mixin.py:120} INFO - [2023-12-23T18:22:36.535+0000] {taskmixin.py:205} WARNING - Dependency <Task(BashOperator): delete_entry_group>, create_entry_group already registered for DAG: example_complex
[2023-12-23T18:22:36.535+0000] {logging_mixin.py:120} INFO - [2023-12-23T18:22:36.535+0000] {taskmixin.py:205} WARNING - Dependency <Task(BashOperator): create_entry_gcs>, delete_entry already registered for DAG: example_complex
[2023-12-23T18:22:36.535+0000] {logging_mixin.py:120} INFO - [2023-12-23T18:22:36.535+0000] {taskmixin.py:205} WARNING - Dependency <Task(BashOperator): delete_entry>, create_entry_gcs already registered for DAG: example_complex
[2023-12-23T18:22:36.536+0000] {logging_mixin.py:120} INFO - [2023-12-23T18:22:36.535+0000] {taskmixin.py:205} WARNING - Dependency <Task(BashOperator): create_tag>, delete_tag already registered for DAG: example_complex
[2023-12-23T18:22:36.536+0000] {logging_mixin.py:120} INFO - [2023-12-23T18:22:36.536+0000] {taskmixin.py:205} WARNING - Dependency <Task(BashOperator): delete_tag>, create_tag already registered for DAG: example_complex
[2023-12-23T18:22:36.542+0000] {processor.py:766} INFO - DAG(s) dict_keys(['example_complex']) retrieved from /home/airflow/.local/lib/python3.7/site-packages/airflow/example_dags/example_complex.py
[2023-12-23T18:22:36.588+0000] {logging_mixin.py:120} INFO - [2023-12-23T18:22:36.588+0000] {dag.py:2585} INFO - Sync 1 DAGs
[2023-12-23T18:22:36.607+0000] {logging_mixin.py:120} INFO - [2023-12-23T18:22:36.607+0000] {dag.py:3340} INFO - Setting next_dagrun for example_complex to None, run_after=None
[2023-12-23T18:22:36.630+0000] {processor.py:176} INFO - Processing /home/airflow/.local/lib/python3.7/site-packages/airflow/example_dags/example_complex.py took 0.108 seconds
[2023-12-23T18:23:06.921+0000] {processor.py:154} INFO - Started process (PID=311) to work on /home/airflow/.local/lib/python3.7/site-packages/airflow/example_dags/example_complex.py
[2023-12-23T18:23:06.922+0000] {processor.py:756} INFO - Processing file /home/airflow/.local/lib/python3.7/site-packages/airflow/example_dags/example_complex.py for tasks to queue
[2023-12-23T18:23:06.922+0000] {logging_mixin.py:120} INFO - [2023-12-23T18:23:06.922+0000] {dagbag.py:537} INFO - Filling up the DagBag from /home/airflow/.local/lib/python3.7/site-packages/airflow/example_dags/example_complex.py
[2023-12-23T18:23:06.934+0000] {logging_mixin.py:120} INFO - [2023-12-23T18:23:06.934+0000] {taskmixin.py:205} WARNING - Dependency <Task(BashOperator): create_entry_group>, delete_entry_group already registered for DAG: example_complex
[2023-12-23T18:23:06.934+0000] {logging_mixin.py:120} INFO - [2023-12-23T18:23:06.934+0000] {taskmixin.py:205} WARNING - Dependency <Task(BashOperator): delete_entry_group>, create_entry_group already registered for DAG: example_complex
[2023-12-23T18:23:06.934+0000] {logging_mixin.py:120} INFO - [2023-12-23T18:23:06.934+0000] {taskmixin.py:205} WARNING - Dependency <Task(BashOperator): create_entry_gcs>, delete_entry already registered for DAG: example_complex
[2023-12-23T18:23:06.934+0000] {logging_mixin.py:120} INFO - [2023-12-23T18:23:06.934+0000] {taskmixin.py:205} WARNING - Dependency <Task(BashOperator): delete_entry>, create_entry_gcs already registered for DAG: example_complex
[2023-12-23T18:23:06.934+0000] {logging_mixin.py:120} INFO - [2023-12-23T18:23:06.934+0000] {taskmixin.py:205} WARNING - Dependency <Task(BashOperator): create_tag>, delete_tag already registered for DAG: example_complex
[2023-12-23T18:23:06.935+0000] {logging_mixin.py:120} INFO - [2023-12-23T18:23:06.935+0000] {taskmixin.py:205} WARNING - Dependency <Task(BashOperator): delete_tag>, create_tag already registered for DAG: example_complex
[2023-12-23T18:23:06.944+0000] {processor.py:766} INFO - DAG(s) dict_keys(['example_complex']) retrieved from /home/airflow/.local/lib/python3.7/site-packages/airflow/example_dags/example_complex.py
[2023-12-23T18:23:06.990+0000] {logging_mixin.py:120} INFO - [2023-12-23T18:23:06.990+0000] {dag.py:2585} INFO - Sync 1 DAGs
[2023-12-23T18:23:07.011+0000] {logging_mixin.py:120} INFO - [2023-12-23T18:23:07.010+0000] {dag.py:3340} INFO - Setting next_dagrun for example_complex to None, run_after=None
[2023-12-23T18:23:07.031+0000] {processor.py:176} INFO - Processing /home/airflow/.local/lib/python3.7/site-packages/airflow/example_dags/example_complex.py took 0.114 seconds
[2023-12-23T18:23:37.790+0000] {processor.py:154} INFO - Started process (PID=366) to work on /home/airflow/.local/lib/python3.7/site-packages/airflow/example_dags/example_complex.py
[2023-12-23T18:23:37.791+0000] {processor.py:756} INFO - Processing file /home/airflow/.local/lib/python3.7/site-packages/airflow/example_dags/example_complex.py for tasks to queue
[2023-12-23T18:23:37.792+0000] {logging_mixin.py:120} INFO - [2023-12-23T18:23:37.791+0000] {dagbag.py:537} INFO - Filling up the DagBag from /home/airflow/.local/lib/python3.7/site-packages/airflow/example_dags/example_complex.py
[2023-12-23T18:23:37.807+0000] {logging_mixin.py:120} INFO - [2023-12-23T18:23:37.807+0000] {taskmixin.py:205} WARNING - Dependency <Task(BashOperator): create_entry_group>, delete_entry_group already registered for DAG: example_complex
[2023-12-23T18:23:37.807+0000] {logging_mixin.py:120} INFO - [2023-12-23T18:23:37.807+0000] {taskmixin.py:205} WARNING - Dependency <Task(BashOperator): delete_entry_group>, create_entry_group already registered for DAG: example_complex
[2023-12-23T18:23:37.808+0000] {logging_mixin.py:120} INFO - [2023-12-23T18:23:37.808+0000] {taskmixin.py:205} WARNING - Dependency <Task(BashOperator): create_entry_gcs>, delete_entry already registered for DAG: example_complex
[2023-12-23T18:23:37.808+0000] {logging_mixin.py:120} INFO - [2023-12-23T18:23:37.808+0000] {taskmixin.py:205} WARNING - Dependency <Task(BashOperator): delete_entry>, create_entry_gcs already registered for DAG: example_complex
[2023-12-23T18:23:37.809+0000] {logging_mixin.py:120} INFO - [2023-12-23T18:23:37.808+0000] {taskmixin.py:205} WARNING - Dependency <Task(BashOperator): create_tag>, delete_tag already registered for DAG: example_complex
[2023-12-23T18:23:37.809+0000] {logging_mixin.py:120} INFO - [2023-12-23T18:23:37.809+0000] {taskmixin.py:205} WARNING - Dependency <Task(BashOperator): delete_tag>, create_tag already registered for DAG: example_complex
[2023-12-23T18:23:37.819+0000] {processor.py:766} INFO - DAG(s) dict_keys(['example_complex']) retrieved from /home/airflow/.local/lib/python3.7/site-packages/airflow/example_dags/example_complex.py
[2023-12-23T18:23:37.871+0000] {logging_mixin.py:120} INFO - [2023-12-23T18:23:37.870+0000] {dag.py:2585} INFO - Sync 1 DAGs
[2023-12-23T18:23:37.897+0000] {logging_mixin.py:120} INFO - [2023-12-23T18:23:37.897+0000] {dag.py:3340} INFO - Setting next_dagrun for example_complex to None, run_after=None
[2023-12-23T18:23:37.918+0000] {processor.py:176} INFO - Processing /home/airflow/.local/lib/python3.7/site-packages/airflow/example_dags/example_complex.py took 0.131 seconds
[2023-12-23T18:24:39.267+0000] {processor.py:154} INFO - Started process (PID=64) to work on /home/airflow/.local/lib/python3.7/site-packages/airflow/example_dags/example_complex.py
[2023-12-23T18:24:39.268+0000] {processor.py:756} INFO - Processing file /home/airflow/.local/lib/python3.7/site-packages/airflow/example_dags/example_complex.py for tasks to queue
[2023-12-23T18:24:39.272+0000] {logging_mixin.py:120} INFO - [2023-12-23T18:24:39.272+0000] {dagbag.py:537} INFO - Filling up the DagBag from /home/airflow/.local/lib/python3.7/site-packages/airflow/example_dags/example_complex.py
[2023-12-23T18:24:39.335+0000] {logging_mixin.py:120} INFO - [2023-12-23T18:24:39.316+0000] {taskmixin.py:205} WARNING - Dependency <Task(BashOperator): create_entry_group>, delete_entry_group already registered for DAG: example_complex
[2023-12-23T18:24:39.335+0000] {logging_mixin.py:120} INFO - [2023-12-23T18:24:39.335+0000] {taskmixin.py:205} WARNING - Dependency <Task(BashOperator): delete_entry_group>, create_entry_group already registered for DAG: example_complex
[2023-12-23T18:24:39.336+0000] {logging_mixin.py:120} INFO - [2023-12-23T18:24:39.336+0000] {taskmixin.py:205} WARNING - Dependency <Task(BashOperator): create_entry_gcs>, delete_entry already registered for DAG: example_complex
[2023-12-23T18:24:39.336+0000] {logging_mixin.py:120} INFO - [2023-12-23T18:24:39.336+0000] {taskmixin.py:205} WARNING - Dependency <Task(BashOperator): delete_entry>, create_entry_gcs already registered for DAG: example_complex
[2023-12-23T18:24:39.336+0000] {logging_mixin.py:120} INFO - [2023-12-23T18:24:39.336+0000] {taskmixin.py:205} WARNING - Dependency <Task(BashOperator): create_tag>, delete_tag already registered for DAG: example_complex
[2023-12-23T18:24:39.337+0000] {logging_mixin.py:120} INFO - [2023-12-23T18:24:39.336+0000] {taskmixin.py:205} WARNING - Dependency <Task(BashOperator): delete_tag>, create_tag already registered for DAG: example_complex
[2023-12-23T18:24:39.354+0000] {processor.py:766} INFO - DAG(s) dict_keys(['example_complex']) retrieved from /home/airflow/.local/lib/python3.7/site-packages/airflow/example_dags/example_complex.py
[2023-12-23T18:24:39.472+0000] {logging_mixin.py:120} INFO - [2023-12-23T18:24:39.472+0000] {dag.py:2585} INFO - Sync 1 DAGs
[2023-12-23T18:24:39.506+0000] {logging_mixin.py:120} INFO - [2023-12-23T18:24:39.506+0000] {dag.py:3340} INFO - Setting next_dagrun for example_complex to None, run_after=None
[2023-12-23T18:24:39.533+0000] {processor.py:176} INFO - Processing /home/airflow/.local/lib/python3.7/site-packages/airflow/example_dags/example_complex.py took 0.279 seconds
[2023-12-23T18:25:09.977+0000] {processor.py:154} INFO - Started process (PID=126) to work on /home/airflow/.local/lib/python3.7/site-packages/airflow/example_dags/example_complex.py
[2023-12-23T18:25:09.978+0000] {processor.py:756} INFO - Processing file /home/airflow/.local/lib/python3.7/site-packages/airflow/example_dags/example_complex.py for tasks to queue
[2023-12-23T18:25:09.979+0000] {logging_mixin.py:120} INFO - [2023-12-23T18:25:09.979+0000] {dagbag.py:537} INFO - Filling up the DagBag from /home/airflow/.local/lib/python3.7/site-packages/airflow/example_dags/example_complex.py
[2023-12-23T18:25:10.001+0000] {logging_mixin.py:120} INFO - [2023-12-23T18:25:10.001+0000] {taskmixin.py:205} WARNING - Dependency <Task(BashOperator): create_entry_group>, delete_entry_group already registered for DAG: example_complex
[2023-12-23T18:25:10.002+0000] {logging_mixin.py:120} INFO - [2023-12-23T18:25:10.001+0000] {taskmixin.py:205} WARNING - Dependency <Task(BashOperator): delete_entry_group>, create_entry_group already registered for DAG: example_complex
[2023-12-23T18:25:10.002+0000] {logging_mixin.py:120} INFO - [2023-12-23T18:25:10.002+0000] {taskmixin.py:205} WARNING - Dependency <Task(BashOperator): create_entry_gcs>, delete_entry already registered for DAG: example_complex
[2023-12-23T18:25:10.002+0000] {logging_mixin.py:120} INFO - [2023-12-23T18:25:10.002+0000] {taskmixin.py:205} WARNING - Dependency <Task(BashOperator): delete_entry>, create_entry_gcs already registered for DAG: example_complex
[2023-12-23T18:25:10.002+0000] {logging_mixin.py:120} INFO - [2023-12-23T18:25:10.002+0000] {taskmixin.py:205} WARNING - Dependency <Task(BashOperator): create_tag>, delete_tag already registered for DAG: example_complex
[2023-12-23T18:25:10.003+0000] {logging_mixin.py:120} INFO - [2023-12-23T18:25:10.003+0000] {taskmixin.py:205} WARNING - Dependency <Task(BashOperator): delete_tag>, create_tag already registered for DAG: example_complex
[2023-12-23T18:25:10.013+0000] {processor.py:766} INFO - DAG(s) dict_keys(['example_complex']) retrieved from /home/airflow/.local/lib/python3.7/site-packages/airflow/example_dags/example_complex.py
[2023-12-23T18:25:10.074+0000] {logging_mixin.py:120} INFO - [2023-12-23T18:25:10.074+0000] {dag.py:2585} INFO - Sync 1 DAGs
[2023-12-23T18:25:10.155+0000] {logging_mixin.py:120} INFO - [2023-12-23T18:25:10.154+0000] {dag.py:3340} INFO - Setting next_dagrun for example_complex to None, run_after=None
[2023-12-23T18:25:10.188+0000] {processor.py:176} INFO - Processing /home/airflow/.local/lib/python3.7/site-packages/airflow/example_dags/example_complex.py took 0.214 seconds
[2023-12-23T18:25:40.730+0000] {processor.py:154} INFO - Started process (PID=182) to work on /home/airflow/.local/lib/python3.7/site-packages/airflow/example_dags/example_complex.py
[2023-12-23T18:25:40.731+0000] {processor.py:756} INFO - Processing file /home/airflow/.local/lib/python3.7/site-packages/airflow/example_dags/example_complex.py for tasks to queue
[2023-12-23T18:25:40.732+0000] {logging_mixin.py:120} INFO - [2023-12-23T18:25:40.732+0000] {dagbag.py:537} INFO - Filling up the DagBag from /home/airflow/.local/lib/python3.7/site-packages/airflow/example_dags/example_complex.py
[2023-12-23T18:25:40.746+0000] {logging_mixin.py:120} INFO - [2023-12-23T18:25:40.746+0000] {taskmixin.py:205} WARNING - Dependency <Task(BashOperator): create_entry_group>, delete_entry_group already registered for DAG: example_complex
[2023-12-23T18:25:40.746+0000] {logging_mixin.py:120} INFO - [2023-12-23T18:25:40.746+0000] {taskmixin.py:205} WARNING - Dependency <Task(BashOperator): delete_entry_group>, create_entry_group already registered for DAG: example_complex
[2023-12-23T18:25:40.746+0000] {logging_mixin.py:120} INFO - [2023-12-23T18:25:40.746+0000] {taskmixin.py:205} WARNING - Dependency <Task(BashOperator): create_entry_gcs>, delete_entry already registered for DAG: example_complex
[2023-12-23T18:25:40.746+0000] {logging_mixin.py:120} INFO - [2023-12-23T18:25:40.746+0000] {taskmixin.py:205} WARNING - Dependency <Task(BashOperator): delete_entry>, create_entry_gcs already registered for DAG: example_complex
[2023-12-23T18:25:40.747+0000] {logging_mixin.py:120} INFO - [2023-12-23T18:25:40.747+0000] {taskmixin.py:205} WARNING - Dependency <Task(BashOperator): create_tag>, delete_tag already registered for DAG: example_complex
[2023-12-23T18:25:40.747+0000] {logging_mixin.py:120} INFO - [2023-12-23T18:25:40.747+0000] {taskmixin.py:205} WARNING - Dependency <Task(BashOperator): delete_tag>, create_tag already registered for DAG: example_complex
[2023-12-23T18:25:40.756+0000] {processor.py:766} INFO - DAG(s) dict_keys(['example_complex']) retrieved from /home/airflow/.local/lib/python3.7/site-packages/airflow/example_dags/example_complex.py
[2023-12-23T18:25:40.810+0000] {logging_mixin.py:120} INFO - [2023-12-23T18:25:40.810+0000] {dag.py:2585} INFO - Sync 1 DAGs
[2023-12-23T18:25:40.836+0000] {logging_mixin.py:120} INFO - [2023-12-23T18:25:40.835+0000] {dag.py:3340} INFO - Setting next_dagrun for example_complex to None, run_after=None
[2023-12-23T18:25:40.859+0000] {processor.py:176} INFO - Processing /home/airflow/.local/lib/python3.7/site-packages/airflow/example_dags/example_complex.py took 0.132 seconds
[2023-12-23T18:26:10.995+0000] {processor.py:154} INFO - Started process (PID=245) to work on /home/airflow/.local/lib/python3.7/site-packages/airflow/example_dags/example_complex.py
[2023-12-23T18:26:10.995+0000] {processor.py:756} INFO - Processing file /home/airflow/.local/lib/python3.7/site-packages/airflow/example_dags/example_complex.py for tasks to queue
[2023-12-23T18:26:10.996+0000] {logging_mixin.py:120} INFO - [2023-12-23T18:26:10.996+0000] {dagbag.py:537} INFO - Filling up the DagBag from /home/airflow/.local/lib/python3.7/site-packages/airflow/example_dags/example_complex.py
[2023-12-23T18:26:11.005+0000] {logging_mixin.py:120} INFO - [2023-12-23T18:26:11.005+0000] {taskmixin.py:205} WARNING - Dependency <Task(BashOperator): create_entry_group>, delete_entry_group already registered for DAG: example_complex
[2023-12-23T18:26:11.005+0000] {logging_mixin.py:120} INFO - [2023-12-23T18:26:11.005+0000] {taskmixin.py:205} WARNING - Dependency <Task(BashOperator): delete_entry_group>, create_entry_group already registered for DAG: example_complex
[2023-12-23T18:26:11.006+0000] {logging_mixin.py:120} INFO - [2023-12-23T18:26:11.006+0000] {taskmixin.py:205} WARNING - Dependency <Task(BashOperator): create_entry_gcs>, delete_entry already registered for DAG: example_complex
[2023-12-23T18:26:11.006+0000] {logging_mixin.py:120} INFO - [2023-12-23T18:26:11.006+0000] {taskmixin.py:205} WARNING - Dependency <Task(BashOperator): delete_entry>, create_entry_gcs already registered for DAG: example_complex
[2023-12-23T18:26:11.006+0000] {logging_mixin.py:120} INFO - [2023-12-23T18:26:11.006+0000] {taskmixin.py:205} WARNING - Dependency <Task(BashOperator): create_tag>, delete_tag already registered for DAG: example_complex
[2023-12-23T18:26:11.006+0000] {logging_mixin.py:120} INFO - [2023-12-23T18:26:11.006+0000] {taskmixin.py:205} WARNING - Dependency <Task(BashOperator): delete_tag>, create_tag already registered for DAG: example_complex
[2023-12-23T18:26:11.013+0000] {processor.py:766} INFO - DAG(s) dict_keys(['example_complex']) retrieved from /home/airflow/.local/lib/python3.7/site-packages/airflow/example_dags/example_complex.py
[2023-12-23T18:26:11.059+0000] {logging_mixin.py:120} INFO - [2023-12-23T18:26:11.058+0000] {dag.py:2585} INFO - Sync 1 DAGs
[2023-12-23T18:26:11.092+0000] {logging_mixin.py:120} INFO - [2023-12-23T18:26:11.092+0000] {dag.py:3340} INFO - Setting next_dagrun for example_complex to None, run_after=None
[2023-12-23T18:26:11.116+0000] {processor.py:176} INFO - Processing /home/airflow/.local/lib/python3.7/site-packages/airflow/example_dags/example_complex.py took 0.124 seconds
[2023-12-23T18:35:58.251+0000] {processor.py:154} INFO - Started process (PID=64) to work on /home/airflow/.local/lib/python3.7/site-packages/airflow/example_dags/example_complex.py
[2023-12-23T18:35:58.252+0000] {processor.py:756} INFO - Processing file /home/airflow/.local/lib/python3.7/site-packages/airflow/example_dags/example_complex.py for tasks to queue
[2023-12-23T18:35:58.253+0000] {logging_mixin.py:120} INFO - [2023-12-23T18:35:58.253+0000] {dagbag.py:537} INFO - Filling up the DagBag from /home/airflow/.local/lib/python3.7/site-packages/airflow/example_dags/example_complex.py
[2023-12-23T18:35:58.269+0000] {logging_mixin.py:120} INFO - [2023-12-23T18:35:58.269+0000] {taskmixin.py:205} WARNING - Dependency <Task(BashOperator): create_entry_group>, delete_entry_group already registered for DAG: example_complex
[2023-12-23T18:35:58.269+0000] {logging_mixin.py:120} INFO - [2023-12-23T18:35:58.269+0000] {taskmixin.py:205} WARNING - Dependency <Task(BashOperator): delete_entry_group>, create_entry_group already registered for DAG: example_complex
[2023-12-23T18:35:58.270+0000] {logging_mixin.py:120} INFO - [2023-12-23T18:35:58.269+0000] {taskmixin.py:205} WARNING - Dependency <Task(BashOperator): create_entry_gcs>, delete_entry already registered for DAG: example_complex
[2023-12-23T18:35:58.270+0000] {logging_mixin.py:120} INFO - [2023-12-23T18:35:58.270+0000] {taskmixin.py:205} WARNING - Dependency <Task(BashOperator): delete_entry>, create_entry_gcs already registered for DAG: example_complex
[2023-12-23T18:35:58.271+0000] {logging_mixin.py:120} INFO - [2023-12-23T18:35:58.271+0000] {taskmixin.py:205} WARNING - Dependency <Task(BashOperator): create_tag>, delete_tag already registered for DAG: example_complex
[2023-12-23T18:35:58.271+0000] {logging_mixin.py:120} INFO - [2023-12-23T18:35:58.271+0000] {taskmixin.py:205} WARNING - Dependency <Task(BashOperator): delete_tag>, create_tag already registered for DAG: example_complex
[2023-12-23T18:35:58.281+0000] {processor.py:766} INFO - DAG(s) dict_keys(['example_complex']) retrieved from /home/airflow/.local/lib/python3.7/site-packages/airflow/example_dags/example_complex.py
[2023-12-23T18:35:58.314+0000] {logging_mixin.py:120} INFO - [2023-12-23T18:35:58.314+0000] {dag.py:2585} INFO - Sync 1 DAGs
[2023-12-23T18:35:58.344+0000] {logging_mixin.py:120} INFO - [2023-12-23T18:35:58.344+0000] {dag.py:3340} INFO - Setting next_dagrun for example_complex to None, run_after=None
[2023-12-23T18:35:58.373+0000] {processor.py:176} INFO - Processing /home/airflow/.local/lib/python3.7/site-packages/airflow/example_dags/example_complex.py took 0.125 seconds
[2023-12-23T18:36:28.660+0000] {processor.py:154} INFO - Started process (PID=126) to work on /home/airflow/.local/lib/python3.7/site-packages/airflow/example_dags/example_complex.py
[2023-12-23T18:36:28.666+0000] {processor.py:756} INFO - Processing file /home/airflow/.local/lib/python3.7/site-packages/airflow/example_dags/example_complex.py for tasks to queue
[2023-12-23T18:36:28.666+0000] {logging_mixin.py:120} INFO - [2023-12-23T18:36:28.666+0000] {dagbag.py:537} INFO - Filling up the DagBag from /home/airflow/.local/lib/python3.7/site-packages/airflow/example_dags/example_complex.py
[2023-12-23T18:36:28.676+0000] {logging_mixin.py:120} INFO - [2023-12-23T18:36:28.676+0000] {taskmixin.py:205} WARNING - Dependency <Task(BashOperator): create_entry_group>, delete_entry_group already registered for DAG: example_complex
[2023-12-23T18:36:28.677+0000] {logging_mixin.py:120} INFO - [2023-12-23T18:36:28.677+0000] {taskmixin.py:205} WARNING - Dependency <Task(BashOperator): delete_entry_group>, create_entry_group already registered for DAG: example_complex
[2023-12-23T18:36:28.677+0000] {logging_mixin.py:120} INFO - [2023-12-23T18:36:28.677+0000] {taskmixin.py:205} WARNING - Dependency <Task(BashOperator): create_entry_gcs>, delete_entry already registered for DAG: example_complex
[2023-12-23T18:36:28.677+0000] {logging_mixin.py:120} INFO - [2023-12-23T18:36:28.677+0000] {taskmixin.py:205} WARNING - Dependency <Task(BashOperator): delete_entry>, create_entry_gcs already registered for DAG: example_complex
[2023-12-23T18:36:28.677+0000] {logging_mixin.py:120} INFO - [2023-12-23T18:36:28.677+0000] {taskmixin.py:205} WARNING - Dependency <Task(BashOperator): create_tag>, delete_tag already registered for DAG: example_complex
[2023-12-23T18:36:28.677+0000] {logging_mixin.py:120} INFO - [2023-12-23T18:36:28.677+0000] {taskmixin.py:205} WARNING - Dependency <Task(BashOperator): delete_tag>, create_tag already registered for DAG: example_complex
[2023-12-23T18:36:28.685+0000] {processor.py:766} INFO - DAG(s) dict_keys(['example_complex']) retrieved from /home/airflow/.local/lib/python3.7/site-packages/airflow/example_dags/example_complex.py
[2023-12-23T18:36:28.740+0000] {logging_mixin.py:120} INFO - [2023-12-23T18:36:28.740+0000] {dag.py:2585} INFO - Sync 1 DAGs
[2023-12-23T18:36:28.778+0000] {logging_mixin.py:120} INFO - [2023-12-23T18:36:28.778+0000] {dag.py:3340} INFO - Setting next_dagrun for example_complex to None, run_after=None
[2023-12-23T18:36:28.805+0000] {processor.py:176} INFO - Processing /home/airflow/.local/lib/python3.7/site-packages/airflow/example_dags/example_complex.py took 0.150 seconds
