[2023-12-23T18:12:48.299+0000] {processor.py:154} INFO - Started process (PID=66) to work on /home/airflow/.local/lib/python3.7/site-packages/airflow/example_dags/example_branch_labels.py
[2023-12-23T18:12:48.299+0000] {processor.py:756} INFO - Processing file /home/airflow/.local/lib/python3.7/site-packages/airflow/example_dags/example_branch_labels.py for tasks to queue
[2023-12-23T18:12:48.300+0000] {logging_mixin.py:120} INFO - [2023-12-23T18:12:48.300+0000] {dagbag.py:537} INFO - Filling up the DagBag from /home/airflow/.local/lib/python3.7/site-packages/airflow/example_dags/example_branch_labels.py
[2023-12-23T18:12:48.318+0000] {processor.py:766} INFO - DAG(s) dict_keys(['example_branch_labels']) retrieved from /home/airflow/.local/lib/python3.7/site-packages/airflow/example_dags/example_branch_labels.py
[2023-12-23T18:12:48.367+0000] {logging_mixin.py:120} INFO - [2023-12-23T18:12:48.367+0000] {dag.py:2585} INFO - Sync 1 DAGs
[2023-12-23T18:12:48.397+0000] {logging_mixin.py:120} INFO - [2023-12-23T18:12:48.397+0000] {dag.py:3340} INFO - Setting next_dagrun for example_branch_labels to 2023-12-22T00:00:00+00:00, run_after=2023-12-23T00:00:00+00:00
[2023-12-23T18:12:48.432+0000] {processor.py:176} INFO - Processing /home/airflow/.local/lib/python3.7/site-packages/airflow/example_dags/example_branch_labels.py took 0.137 seconds
[2023-12-23T18:13:18.630+0000] {processor.py:154} INFO - Started process (PID=129) to work on /home/airflow/.local/lib/python3.7/site-packages/airflow/example_dags/example_branch_labels.py
[2023-12-23T18:13:18.630+0000] {processor.py:756} INFO - Processing file /home/airflow/.local/lib/python3.7/site-packages/airflow/example_dags/example_branch_labels.py for tasks to queue
[2023-12-23T18:13:18.631+0000] {logging_mixin.py:120} INFO - [2023-12-23T18:13:18.631+0000] {dagbag.py:537} INFO - Filling up the DagBag from /home/airflow/.local/lib/python3.7/site-packages/airflow/example_dags/example_branch_labels.py
[2023-12-23T18:13:18.646+0000] {processor.py:766} INFO - DAG(s) dict_keys(['example_branch_labels']) retrieved from /home/airflow/.local/lib/python3.7/site-packages/airflow/example_dags/example_branch_labels.py
[2023-12-23T18:13:18.686+0000] {logging_mixin.py:120} INFO - [2023-12-23T18:13:18.686+0000] {dag.py:2585} INFO - Sync 1 DAGs
[2023-12-23T18:13:18.723+0000] {logging_mixin.py:120} INFO - [2023-12-23T18:13:18.722+0000] {dag.py:3340} INFO - Setting next_dagrun for example_branch_labels to 2023-12-22T00:00:00+00:00, run_after=2023-12-23T00:00:00+00:00
[2023-12-23T18:13:18.754+0000] {processor.py:176} INFO - Processing /home/airflow/.local/lib/python3.7/site-packages/airflow/example_dags/example_branch_labels.py took 0.128 seconds
[2023-12-23T18:13:49.445+0000] {processor.py:154} INFO - Started process (PID=183) to work on /home/airflow/.local/lib/python3.7/site-packages/airflow/example_dags/example_branch_labels.py
[2023-12-23T18:13:49.446+0000] {processor.py:756} INFO - Processing file /home/airflow/.local/lib/python3.7/site-packages/airflow/example_dags/example_branch_labels.py for tasks to queue
[2023-12-23T18:13:49.447+0000] {logging_mixin.py:120} INFO - [2023-12-23T18:13:49.447+0000] {dagbag.py:537} INFO - Filling up the DagBag from /home/airflow/.local/lib/python3.7/site-packages/airflow/example_dags/example_branch_labels.py
[2023-12-23T18:13:49.479+0000] {processor.py:766} INFO - DAG(s) dict_keys(['example_branch_labels']) retrieved from /home/airflow/.local/lib/python3.7/site-packages/airflow/example_dags/example_branch_labels.py
[2023-12-23T18:13:49.525+0000] {logging_mixin.py:120} INFO - [2023-12-23T18:13:49.524+0000] {dag.py:2585} INFO - Sync 1 DAGs
[2023-12-23T18:13:49.551+0000] {logging_mixin.py:120} INFO - [2023-12-23T18:13:49.551+0000] {dag.py:3340} INFO - Setting next_dagrun for example_branch_labels to 2023-12-22T00:00:00+00:00, run_after=2023-12-23T00:00:00+00:00
[2023-12-23T18:13:49.573+0000] {processor.py:176} INFO - Processing /home/airflow/.local/lib/python3.7/site-packages/airflow/example_dags/example_branch_labels.py took 0.134 seconds
[2023-12-23T18:14:20.470+0000] {processor.py:154} INFO - Started process (PID=246) to work on /home/airflow/.local/lib/python3.7/site-packages/airflow/example_dags/example_branch_labels.py
[2023-12-23T18:14:20.470+0000] {processor.py:756} INFO - Processing file /home/airflow/.local/lib/python3.7/site-packages/airflow/example_dags/example_branch_labels.py for tasks to queue
[2023-12-23T18:14:20.471+0000] {logging_mixin.py:120} INFO - [2023-12-23T18:14:20.471+0000] {dagbag.py:537} INFO - Filling up the DagBag from /home/airflow/.local/lib/python3.7/site-packages/airflow/example_dags/example_branch_labels.py
[2023-12-23T18:14:20.485+0000] {processor.py:766} INFO - DAG(s) dict_keys(['example_branch_labels']) retrieved from /home/airflow/.local/lib/python3.7/site-packages/airflow/example_dags/example_branch_labels.py
[2023-12-23T18:14:20.522+0000] {logging_mixin.py:120} INFO - [2023-12-23T18:14:20.522+0000] {dag.py:2585} INFO - Sync 1 DAGs
[2023-12-23T18:14:20.544+0000] {logging_mixin.py:120} INFO - [2023-12-23T18:14:20.544+0000] {dag.py:3340} INFO - Setting next_dagrun for example_branch_labels to 2023-12-22T00:00:00+00:00, run_after=2023-12-23T00:00:00+00:00
[2023-12-23T18:14:20.566+0000] {processor.py:176} INFO - Processing /home/airflow/.local/lib/python3.7/site-packages/airflow/example_dags/example_branch_labels.py took 0.099 seconds
[2023-12-23T18:14:51.359+0000] {processor.py:154} INFO - Started process (PID=310) to work on /home/airflow/.local/lib/python3.7/site-packages/airflow/example_dags/example_branch_labels.py
[2023-12-23T18:14:51.359+0000] {processor.py:756} INFO - Processing file /home/airflow/.local/lib/python3.7/site-packages/airflow/example_dags/example_branch_labels.py for tasks to queue
[2023-12-23T18:14:51.360+0000] {logging_mixin.py:120} INFO - [2023-12-23T18:14:51.360+0000] {dagbag.py:537} INFO - Filling up the DagBag from /home/airflow/.local/lib/python3.7/site-packages/airflow/example_dags/example_branch_labels.py
[2023-12-23T18:14:51.378+0000] {processor.py:766} INFO - DAG(s) dict_keys(['example_branch_labels']) retrieved from /home/airflow/.local/lib/python3.7/site-packages/airflow/example_dags/example_branch_labels.py
[2023-12-23T18:14:51.426+0000] {logging_mixin.py:120} INFO - [2023-12-23T18:14:51.425+0000] {dag.py:2585} INFO - Sync 1 DAGs
[2023-12-23T18:14:51.456+0000] {logging_mixin.py:120} INFO - [2023-12-23T18:14:51.455+0000] {dag.py:3340} INFO - Setting next_dagrun for example_branch_labels to 2023-12-22T00:00:00+00:00, run_after=2023-12-23T00:00:00+00:00
[2023-12-23T18:14:51.480+0000] {processor.py:176} INFO - Processing /home/airflow/.local/lib/python3.7/site-packages/airflow/example_dags/example_branch_labels.py took 0.125 seconds
[2023-12-23T18:15:21.757+0000] {processor.py:154} INFO - Started process (PID=373) to work on /home/airflow/.local/lib/python3.7/site-packages/airflow/example_dags/example_branch_labels.py
[2023-12-23T18:15:21.758+0000] {processor.py:756} INFO - Processing file /home/airflow/.local/lib/python3.7/site-packages/airflow/example_dags/example_branch_labels.py for tasks to queue
[2023-12-23T18:15:21.759+0000] {logging_mixin.py:120} INFO - [2023-12-23T18:15:21.759+0000] {dagbag.py:537} INFO - Filling up the DagBag from /home/airflow/.local/lib/python3.7/site-packages/airflow/example_dags/example_branch_labels.py
[2023-12-23T18:15:21.775+0000] {processor.py:766} INFO - DAG(s) dict_keys(['example_branch_labels']) retrieved from /home/airflow/.local/lib/python3.7/site-packages/airflow/example_dags/example_branch_labels.py
[2023-12-23T18:15:21.810+0000] {logging_mixin.py:120} INFO - [2023-12-23T18:15:21.810+0000] {dag.py:2585} INFO - Sync 1 DAGs
[2023-12-23T18:15:21.831+0000] {logging_mixin.py:120} INFO - [2023-12-23T18:15:21.831+0000] {dag.py:3340} INFO - Setting next_dagrun for example_branch_labels to 2023-12-22T00:00:00+00:00, run_after=2023-12-23T00:00:00+00:00
[2023-12-23T18:15:21.851+0000] {processor.py:176} INFO - Processing /home/airflow/.local/lib/python3.7/site-packages/airflow/example_dags/example_branch_labels.py took 0.096 seconds
[2023-12-23T18:15:52.605+0000] {processor.py:154} INFO - Started process (PID=428) to work on /home/airflow/.local/lib/python3.7/site-packages/airflow/example_dags/example_branch_labels.py
[2023-12-23T18:15:52.605+0000] {processor.py:756} INFO - Processing file /home/airflow/.local/lib/python3.7/site-packages/airflow/example_dags/example_branch_labels.py for tasks to queue
[2023-12-23T18:15:52.606+0000] {logging_mixin.py:120} INFO - [2023-12-23T18:15:52.606+0000] {dagbag.py:537} INFO - Filling up the DagBag from /home/airflow/.local/lib/python3.7/site-packages/airflow/example_dags/example_branch_labels.py
[2023-12-23T18:15:52.618+0000] {processor.py:766} INFO - DAG(s) dict_keys(['example_branch_labels']) retrieved from /home/airflow/.local/lib/python3.7/site-packages/airflow/example_dags/example_branch_labels.py
[2023-12-23T18:15:52.659+0000] {logging_mixin.py:120} INFO - [2023-12-23T18:15:52.659+0000] {dag.py:2585} INFO - Sync 1 DAGs
[2023-12-23T18:15:52.683+0000] {logging_mixin.py:120} INFO - [2023-12-23T18:15:52.682+0000] {dag.py:3340} INFO - Setting next_dagrun for example_branch_labels to 2023-12-22T00:00:00+00:00, run_after=2023-12-23T00:00:00+00:00
[2023-12-23T18:15:52.703+0000] {processor.py:176} INFO - Processing /home/airflow/.local/lib/python3.7/site-packages/airflow/example_dags/example_branch_labels.py took 0.101 seconds
[2023-12-23T18:16:23.451+0000] {processor.py:154} INFO - Started process (PID=491) to work on /home/airflow/.local/lib/python3.7/site-packages/airflow/example_dags/example_branch_labels.py
[2023-12-23T18:16:23.452+0000] {processor.py:756} INFO - Processing file /home/airflow/.local/lib/python3.7/site-packages/airflow/example_dags/example_branch_labels.py for tasks to queue
[2023-12-23T18:16:23.452+0000] {logging_mixin.py:120} INFO - [2023-12-23T18:16:23.452+0000] {dagbag.py:537} INFO - Filling up the DagBag from /home/airflow/.local/lib/python3.7/site-packages/airflow/example_dags/example_branch_labels.py
[2023-12-23T18:16:23.468+0000] {processor.py:766} INFO - DAG(s) dict_keys(['example_branch_labels']) retrieved from /home/airflow/.local/lib/python3.7/site-packages/airflow/example_dags/example_branch_labels.py
[2023-12-23T18:16:23.509+0000] {logging_mixin.py:120} INFO - [2023-12-23T18:16:23.509+0000] {dag.py:2585} INFO - Sync 1 DAGs
[2023-12-23T18:16:23.532+0000] {logging_mixin.py:120} INFO - [2023-12-23T18:16:23.532+0000] {dag.py:3340} INFO - Setting next_dagrun for example_branch_labels to 2023-12-22T00:00:00+00:00, run_after=2023-12-23T00:00:00+00:00
[2023-12-23T18:16:23.554+0000] {processor.py:176} INFO - Processing /home/airflow/.local/lib/python3.7/site-packages/airflow/example_dags/example_branch_labels.py took 0.106 seconds
[2023-12-23T18:16:54.194+0000] {processor.py:154} INFO - Started process (PID=555) to work on /home/airflow/.local/lib/python3.7/site-packages/airflow/example_dags/example_branch_labels.py
[2023-12-23T18:16:54.194+0000] {processor.py:756} INFO - Processing file /home/airflow/.local/lib/python3.7/site-packages/airflow/example_dags/example_branch_labels.py for tasks to queue
[2023-12-23T18:16:54.195+0000] {logging_mixin.py:120} INFO - [2023-12-23T18:16:54.195+0000] {dagbag.py:537} INFO - Filling up the DagBag from /home/airflow/.local/lib/python3.7/site-packages/airflow/example_dags/example_branch_labels.py
[2023-12-23T18:16:54.207+0000] {processor.py:766} INFO - DAG(s) dict_keys(['example_branch_labels']) retrieved from /home/airflow/.local/lib/python3.7/site-packages/airflow/example_dags/example_branch_labels.py
[2023-12-23T18:16:54.243+0000] {logging_mixin.py:120} INFO - [2023-12-23T18:16:54.243+0000] {dag.py:2585} INFO - Sync 1 DAGs
[2023-12-23T18:16:54.266+0000] {logging_mixin.py:120} INFO - [2023-12-23T18:16:54.266+0000] {dag.py:3340} INFO - Setting next_dagrun for example_branch_labels to 2023-12-22T00:00:00+00:00, run_after=2023-12-23T00:00:00+00:00
[2023-12-23T18:16:54.285+0000] {processor.py:176} INFO - Processing /home/airflow/.local/lib/python3.7/site-packages/airflow/example_dags/example_branch_labels.py took 0.094 seconds
[2023-12-23T18:17:25.148+0000] {processor.py:154} INFO - Started process (PID=619) to work on /home/airflow/.local/lib/python3.7/site-packages/airflow/example_dags/example_branch_labels.py
[2023-12-23T18:17:25.148+0000] {processor.py:756} INFO - Processing file /home/airflow/.local/lib/python3.7/site-packages/airflow/example_dags/example_branch_labels.py for tasks to queue
[2023-12-23T18:17:25.149+0000] {logging_mixin.py:120} INFO - [2023-12-23T18:17:25.149+0000] {dagbag.py:537} INFO - Filling up the DagBag from /home/airflow/.local/lib/python3.7/site-packages/airflow/example_dags/example_branch_labels.py
[2023-12-23T18:17:25.162+0000] {processor.py:766} INFO - DAG(s) dict_keys(['example_branch_labels']) retrieved from /home/airflow/.local/lib/python3.7/site-packages/airflow/example_dags/example_branch_labels.py
[2023-12-23T18:17:25.205+0000] {logging_mixin.py:120} INFO - [2023-12-23T18:17:25.205+0000] {dag.py:2585} INFO - Sync 1 DAGs
[2023-12-23T18:17:25.232+0000] {logging_mixin.py:120} INFO - [2023-12-23T18:17:25.232+0000] {dag.py:3340} INFO - Setting next_dagrun for example_branch_labels to 2023-12-22T00:00:00+00:00, run_after=2023-12-23T00:00:00+00:00
[2023-12-23T18:17:25.258+0000] {processor.py:176} INFO - Processing /home/airflow/.local/lib/python3.7/site-packages/airflow/example_dags/example_branch_labels.py took 0.113 seconds
[2023-12-23T18:17:55.857+0000] {processor.py:154} INFO - Started process (PID=674) to work on /home/airflow/.local/lib/python3.7/site-packages/airflow/example_dags/example_branch_labels.py
[2023-12-23T18:17:55.858+0000] {processor.py:756} INFO - Processing file /home/airflow/.local/lib/python3.7/site-packages/airflow/example_dags/example_branch_labels.py for tasks to queue
[2023-12-23T18:17:55.859+0000] {logging_mixin.py:120} INFO - [2023-12-23T18:17:55.858+0000] {dagbag.py:537} INFO - Filling up the DagBag from /home/airflow/.local/lib/python3.7/site-packages/airflow/example_dags/example_branch_labels.py
[2023-12-23T18:17:55.871+0000] {processor.py:766} INFO - DAG(s) dict_keys(['example_branch_labels']) retrieved from /home/airflow/.local/lib/python3.7/site-packages/airflow/example_dags/example_branch_labels.py
[2023-12-23T18:17:55.908+0000] {logging_mixin.py:120} INFO - [2023-12-23T18:17:55.908+0000] {dag.py:2585} INFO - Sync 1 DAGs
[2023-12-23T18:17:55.934+0000] {logging_mixin.py:120} INFO - [2023-12-23T18:17:55.934+0000] {dag.py:3340} INFO - Setting next_dagrun for example_branch_labels to 2023-12-22T00:00:00+00:00, run_after=2023-12-23T00:00:00+00:00
[2023-12-23T18:17:55.956+0000] {processor.py:176} INFO - Processing /home/airflow/.local/lib/python3.7/site-packages/airflow/example_dags/example_branch_labels.py took 0.101 seconds
[2023-12-23T18:18:26.647+0000] {processor.py:154} INFO - Started process (PID=738) to work on /home/airflow/.local/lib/python3.7/site-packages/airflow/example_dags/example_branch_labels.py
[2023-12-23T18:18:26.648+0000] {processor.py:756} INFO - Processing file /home/airflow/.local/lib/python3.7/site-packages/airflow/example_dags/example_branch_labels.py for tasks to queue
[2023-12-23T18:18:26.649+0000] {logging_mixin.py:120} INFO - [2023-12-23T18:18:26.648+0000] {dagbag.py:537} INFO - Filling up the DagBag from /home/airflow/.local/lib/python3.7/site-packages/airflow/example_dags/example_branch_labels.py
[2023-12-23T18:18:26.665+0000] {processor.py:766} INFO - DAG(s) dict_keys(['example_branch_labels']) retrieved from /home/airflow/.local/lib/python3.7/site-packages/airflow/example_dags/example_branch_labels.py
[2023-12-23T18:18:26.709+0000] {logging_mixin.py:120} INFO - [2023-12-23T18:18:26.709+0000] {dag.py:2585} INFO - Sync 1 DAGs
[2023-12-23T18:18:26.737+0000] {logging_mixin.py:120} INFO - [2023-12-23T18:18:26.737+0000] {dag.py:3340} INFO - Setting next_dagrun for example_branch_labels to 2023-12-22T00:00:00+00:00, run_after=2023-12-23T00:00:00+00:00
[2023-12-23T18:18:26.761+0000] {processor.py:176} INFO - Processing /home/airflow/.local/lib/python3.7/site-packages/airflow/example_dags/example_branch_labels.py took 0.116 seconds
[2023-12-23T18:18:57.393+0000] {processor.py:154} INFO - Started process (PID=802) to work on /home/airflow/.local/lib/python3.7/site-packages/airflow/example_dags/example_branch_labels.py
[2023-12-23T18:18:57.394+0000] {processor.py:756} INFO - Processing file /home/airflow/.local/lib/python3.7/site-packages/airflow/example_dags/example_branch_labels.py for tasks to queue
[2023-12-23T18:18:57.395+0000] {logging_mixin.py:120} INFO - [2023-12-23T18:18:57.394+0000] {dagbag.py:537} INFO - Filling up the DagBag from /home/airflow/.local/lib/python3.7/site-packages/airflow/example_dags/example_branch_labels.py
[2023-12-23T18:18:57.410+0000] {processor.py:766} INFO - DAG(s) dict_keys(['example_branch_labels']) retrieved from /home/airflow/.local/lib/python3.7/site-packages/airflow/example_dags/example_branch_labels.py
[2023-12-23T18:18:57.450+0000] {logging_mixin.py:120} INFO - [2023-12-23T18:18:57.449+0000] {dag.py:2585} INFO - Sync 1 DAGs
[2023-12-23T18:18:57.473+0000] {logging_mixin.py:120} INFO - [2023-12-23T18:18:57.472+0000] {dag.py:3340} INFO - Setting next_dagrun for example_branch_labels to 2023-12-22T00:00:00+00:00, run_after=2023-12-23T00:00:00+00:00
[2023-12-23T18:18:57.493+0000] {processor.py:176} INFO - Processing /home/airflow/.local/lib/python3.7/site-packages/airflow/example_dags/example_branch_labels.py took 0.104 seconds
[2023-12-23T18:19:28.420+0000] {processor.py:154} INFO - Started process (PID=866) to work on /home/airflow/.local/lib/python3.7/site-packages/airflow/example_dags/example_branch_labels.py
[2023-12-23T18:19:28.421+0000] {processor.py:756} INFO - Processing file /home/airflow/.local/lib/python3.7/site-packages/airflow/example_dags/example_branch_labels.py for tasks to queue
[2023-12-23T18:19:28.421+0000] {logging_mixin.py:120} INFO - [2023-12-23T18:19:28.421+0000] {dagbag.py:537} INFO - Filling up the DagBag from /home/airflow/.local/lib/python3.7/site-packages/airflow/example_dags/example_branch_labels.py
[2023-12-23T18:19:28.434+0000] {processor.py:766} INFO - DAG(s) dict_keys(['example_branch_labels']) retrieved from /home/airflow/.local/lib/python3.7/site-packages/airflow/example_dags/example_branch_labels.py
[2023-12-23T18:19:28.470+0000] {logging_mixin.py:120} INFO - [2023-12-23T18:19:28.470+0000] {dag.py:2585} INFO - Sync 1 DAGs
[2023-12-23T18:19:28.491+0000] {logging_mixin.py:120} INFO - [2023-12-23T18:19:28.491+0000] {dag.py:3340} INFO - Setting next_dagrun for example_branch_labels to 2023-12-22T00:00:00+00:00, run_after=2023-12-23T00:00:00+00:00
[2023-12-23T18:19:28.512+0000] {processor.py:176} INFO - Processing /home/airflow/.local/lib/python3.7/site-packages/airflow/example_dags/example_branch_labels.py took 0.094 seconds
[2023-12-23T18:19:59.053+0000] {processor.py:154} INFO - Started process (PID=921) to work on /home/airflow/.local/lib/python3.7/site-packages/airflow/example_dags/example_branch_labels.py
[2023-12-23T18:19:59.054+0000] {processor.py:756} INFO - Processing file /home/airflow/.local/lib/python3.7/site-packages/airflow/example_dags/example_branch_labels.py for tasks to queue
[2023-12-23T18:19:59.054+0000] {logging_mixin.py:120} INFO - [2023-12-23T18:19:59.054+0000] {dagbag.py:537} INFO - Filling up the DagBag from /home/airflow/.local/lib/python3.7/site-packages/airflow/example_dags/example_branch_labels.py
[2023-12-23T18:19:59.067+0000] {processor.py:766} INFO - DAG(s) dict_keys(['example_branch_labels']) retrieved from /home/airflow/.local/lib/python3.7/site-packages/airflow/example_dags/example_branch_labels.py
[2023-12-23T18:19:59.104+0000] {logging_mixin.py:120} INFO - [2023-12-23T18:19:59.104+0000] {dag.py:2585} INFO - Sync 1 DAGs
[2023-12-23T18:19:59.133+0000] {logging_mixin.py:120} INFO - [2023-12-23T18:19:59.133+0000] {dag.py:3340} INFO - Setting next_dagrun for example_branch_labels to 2023-12-22T00:00:00+00:00, run_after=2023-12-23T00:00:00+00:00
[2023-12-23T18:19:59.153+0000] {processor.py:176} INFO - Processing /home/airflow/.local/lib/python3.7/site-packages/airflow/example_dags/example_branch_labels.py took 0.103 seconds
[2023-12-23T18:21:05.342+0000] {processor.py:154} INFO - Started process (PID=66) to work on /home/airflow/.local/lib/python3.7/site-packages/airflow/example_dags/example_branch_labels.py
[2023-12-23T18:21:05.343+0000] {processor.py:756} INFO - Processing file /home/airflow/.local/lib/python3.7/site-packages/airflow/example_dags/example_branch_labels.py for tasks to queue
[2023-12-23T18:21:05.344+0000] {logging_mixin.py:120} INFO - [2023-12-23T18:21:05.344+0000] {dagbag.py:537} INFO - Filling up the DagBag from /home/airflow/.local/lib/python3.7/site-packages/airflow/example_dags/example_branch_labels.py
[2023-12-23T18:21:05.366+0000] {processor.py:766} INFO - DAG(s) dict_keys(['example_branch_labels']) retrieved from /home/airflow/.local/lib/python3.7/site-packages/airflow/example_dags/example_branch_labels.py
[2023-12-23T18:21:05.395+0000] {logging_mixin.py:120} INFO - [2023-12-23T18:21:05.395+0000] {dag.py:2585} INFO - Sync 1 DAGs
[2023-12-23T18:21:05.428+0000] {logging_mixin.py:120} INFO - [2023-12-23T18:21:05.427+0000] {dag.py:3340} INFO - Setting next_dagrun for example_branch_labels to 2023-12-22T00:00:00+00:00, run_after=2023-12-23T00:00:00+00:00
[2023-12-23T18:21:05.463+0000] {processor.py:176} INFO - Processing /home/airflow/.local/lib/python3.7/site-packages/airflow/example_dags/example_branch_labels.py took 0.124 seconds
[2023-12-23T18:21:35.860+0000] {processor.py:154} INFO - Started process (PID=129) to work on /home/airflow/.local/lib/python3.7/site-packages/airflow/example_dags/example_branch_labels.py
[2023-12-23T18:21:35.862+0000] {processor.py:756} INFO - Processing file /home/airflow/.local/lib/python3.7/site-packages/airflow/example_dags/example_branch_labels.py for tasks to queue
[2023-12-23T18:21:35.862+0000] {logging_mixin.py:120} INFO - [2023-12-23T18:21:35.862+0000] {dagbag.py:537} INFO - Filling up the DagBag from /home/airflow/.local/lib/python3.7/site-packages/airflow/example_dags/example_branch_labels.py
[2023-12-23T18:21:35.881+0000] {processor.py:766} INFO - DAG(s) dict_keys(['example_branch_labels']) retrieved from /home/airflow/.local/lib/python3.7/site-packages/airflow/example_dags/example_branch_labels.py
[2023-12-23T18:21:35.920+0000] {logging_mixin.py:120} INFO - [2023-12-23T18:21:35.920+0000] {dag.py:2585} INFO - Sync 1 DAGs
[2023-12-23T18:21:35.956+0000] {logging_mixin.py:120} INFO - [2023-12-23T18:21:35.956+0000] {dag.py:3340} INFO - Setting next_dagrun for example_branch_labels to 2023-12-22T00:00:00+00:00, run_after=2023-12-23T00:00:00+00:00
[2023-12-23T18:21:35.980+0000] {processor.py:176} INFO - Processing /home/airflow/.local/lib/python3.7/site-packages/airflow/example_dags/example_branch_labels.py took 0.125 seconds
[2023-12-23T18:22:06.414+0000] {processor.py:154} INFO - Started process (PID=186) to work on /home/airflow/.local/lib/python3.7/site-packages/airflow/example_dags/example_branch_labels.py
[2023-12-23T18:22:06.415+0000] {processor.py:756} INFO - Processing file /home/airflow/.local/lib/python3.7/site-packages/airflow/example_dags/example_branch_labels.py for tasks to queue
[2023-12-23T18:22:06.415+0000] {logging_mixin.py:120} INFO - [2023-12-23T18:22:06.415+0000] {dagbag.py:537} INFO - Filling up the DagBag from /home/airflow/.local/lib/python3.7/site-packages/airflow/example_dags/example_branch_labels.py
[2023-12-23T18:22:06.429+0000] {processor.py:766} INFO - DAG(s) dict_keys(['example_branch_labels']) retrieved from /home/airflow/.local/lib/python3.7/site-packages/airflow/example_dags/example_branch_labels.py
[2023-12-23T18:22:06.464+0000] {logging_mixin.py:120} INFO - [2023-12-23T18:22:06.464+0000] {dag.py:2585} INFO - Sync 1 DAGs
[2023-12-23T18:22:06.487+0000] {logging_mixin.py:120} INFO - [2023-12-23T18:22:06.487+0000] {dag.py:3340} INFO - Setting next_dagrun for example_branch_labels to 2023-12-22T00:00:00+00:00, run_after=2023-12-23T00:00:00+00:00
[2023-12-23T18:22:06.507+0000] {processor.py:176} INFO - Processing /home/airflow/.local/lib/python3.7/site-packages/airflow/example_dags/example_branch_labels.py took 0.095 seconds
[2023-12-23T18:22:36.654+0000] {processor.py:154} INFO - Started process (PID=249) to work on /home/airflow/.local/lib/python3.7/site-packages/airflow/example_dags/example_branch_labels.py
[2023-12-23T18:22:36.655+0000] {processor.py:756} INFO - Processing file /home/airflow/.local/lib/python3.7/site-packages/airflow/example_dags/example_branch_labels.py for tasks to queue
[2023-12-23T18:22:36.655+0000] {logging_mixin.py:120} INFO - [2023-12-23T18:22:36.655+0000] {dagbag.py:537} INFO - Filling up the DagBag from /home/airflow/.local/lib/python3.7/site-packages/airflow/example_dags/example_branch_labels.py
[2023-12-23T18:22:36.668+0000] {processor.py:766} INFO - DAG(s) dict_keys(['example_branch_labels']) retrieved from /home/airflow/.local/lib/python3.7/site-packages/airflow/example_dags/example_branch_labels.py
[2023-12-23T18:22:36.704+0000] {logging_mixin.py:120} INFO - [2023-12-23T18:22:36.704+0000] {dag.py:2585} INFO - Sync 1 DAGs
[2023-12-23T18:22:36.725+0000] {logging_mixin.py:120} INFO - [2023-12-23T18:22:36.725+0000] {dag.py:3340} INFO - Setting next_dagrun for example_branch_labels to 2023-12-22T00:00:00+00:00, run_after=2023-12-23T00:00:00+00:00
[2023-12-23T18:22:36.761+0000] {processor.py:176} INFO - Processing /home/airflow/.local/lib/python3.7/site-packages/airflow/example_dags/example_branch_labels.py took 0.109 seconds
[2023-12-23T18:23:07.052+0000] {processor.py:154} INFO - Started process (PID=313) to work on /home/airflow/.local/lib/python3.7/site-packages/airflow/example_dags/example_branch_labels.py
[2023-12-23T18:23:07.053+0000] {processor.py:756} INFO - Processing file /home/airflow/.local/lib/python3.7/site-packages/airflow/example_dags/example_branch_labels.py for tasks to queue
[2023-12-23T18:23:07.054+0000] {logging_mixin.py:120} INFO - [2023-12-23T18:23:07.053+0000] {dagbag.py:537} INFO - Filling up the DagBag from /home/airflow/.local/lib/python3.7/site-packages/airflow/example_dags/example_branch_labels.py
[2023-12-23T18:23:07.066+0000] {processor.py:766} INFO - DAG(s) dict_keys(['example_branch_labels']) retrieved from /home/airflow/.local/lib/python3.7/site-packages/airflow/example_dags/example_branch_labels.py
[2023-12-23T18:23:07.111+0000] {logging_mixin.py:120} INFO - [2023-12-23T18:23:07.111+0000] {dag.py:2585} INFO - Sync 1 DAGs
[2023-12-23T18:23:07.144+0000] {logging_mixin.py:120} INFO - [2023-12-23T18:23:07.143+0000] {dag.py:3340} INFO - Setting next_dagrun for example_branch_labels to 2023-12-22T00:00:00+00:00, run_after=2023-12-23T00:00:00+00:00
[2023-12-23T18:23:07.163+0000] {processor.py:176} INFO - Processing /home/airflow/.local/lib/python3.7/site-packages/airflow/example_dags/example_branch_labels.py took 0.114 seconds
[2023-12-23T18:23:37.940+0000] {processor.py:154} INFO - Started process (PID=368) to work on /home/airflow/.local/lib/python3.7/site-packages/airflow/example_dags/example_branch_labels.py
[2023-12-23T18:23:37.941+0000] {processor.py:756} INFO - Processing file /home/airflow/.local/lib/python3.7/site-packages/airflow/example_dags/example_branch_labels.py for tasks to queue
[2023-12-23T18:23:37.941+0000] {logging_mixin.py:120} INFO - [2023-12-23T18:23:37.941+0000] {dagbag.py:537} INFO - Filling up the DagBag from /home/airflow/.local/lib/python3.7/site-packages/airflow/example_dags/example_branch_labels.py
[2023-12-23T18:23:37.955+0000] {processor.py:766} INFO - DAG(s) dict_keys(['example_branch_labels']) retrieved from /home/airflow/.local/lib/python3.7/site-packages/airflow/example_dags/example_branch_labels.py
[2023-12-23T18:23:37.998+0000] {logging_mixin.py:120} INFO - [2023-12-23T18:23:37.998+0000] {dag.py:2585} INFO - Sync 1 DAGs
[2023-12-23T18:23:38.019+0000] {logging_mixin.py:120} INFO - [2023-12-23T18:23:38.019+0000] {dag.py:3340} INFO - Setting next_dagrun for example_branch_labels to 2023-12-22T00:00:00+00:00, run_after=2023-12-23T00:00:00+00:00
[2023-12-23T18:23:38.038+0000] {processor.py:176} INFO - Processing /home/airflow/.local/lib/python3.7/site-packages/airflow/example_dags/example_branch_labels.py took 0.101 seconds
[2023-12-23T18:24:39.583+0000] {processor.py:154} INFO - Started process (PID=66) to work on /home/airflow/.local/lib/python3.7/site-packages/airflow/example_dags/example_branch_labels.py
[2023-12-23T18:24:39.596+0000] {processor.py:756} INFO - Processing file /home/airflow/.local/lib/python3.7/site-packages/airflow/example_dags/example_branch_labels.py for tasks to queue
[2023-12-23T18:24:39.597+0000] {logging_mixin.py:120} INFO - [2023-12-23T18:24:39.596+0000] {dagbag.py:537} INFO - Filling up the DagBag from /home/airflow/.local/lib/python3.7/site-packages/airflow/example_dags/example_branch_labels.py
[2023-12-23T18:24:39.624+0000] {processor.py:766} INFO - DAG(s) dict_keys(['example_branch_labels']) retrieved from /home/airflow/.local/lib/python3.7/site-packages/airflow/example_dags/example_branch_labels.py
[2023-12-23T18:24:39.665+0000] {logging_mixin.py:120} INFO - [2023-12-23T18:24:39.664+0000] {dag.py:2585} INFO - Sync 1 DAGs
[2023-12-23T18:24:39.709+0000] {logging_mixin.py:120} INFO - [2023-12-23T18:24:39.709+0000] {dag.py:3340} INFO - Setting next_dagrun for example_branch_labels to 2023-12-22T00:00:00+00:00, run_after=2023-12-23T00:00:00+00:00
[2023-12-23T18:24:39.759+0000] {processor.py:176} INFO - Processing /home/airflow/.local/lib/python3.7/site-packages/airflow/example_dags/example_branch_labels.py took 0.179 seconds
[2023-12-23T18:25:10.226+0000] {processor.py:154} INFO - Started process (PID=128) to work on /home/airflow/.local/lib/python3.7/site-packages/airflow/example_dags/example_branch_labels.py
[2023-12-23T18:25:10.227+0000] {processor.py:756} INFO - Processing file /home/airflow/.local/lib/python3.7/site-packages/airflow/example_dags/example_branch_labels.py for tasks to queue
[2023-12-23T18:25:10.228+0000] {logging_mixin.py:120} INFO - [2023-12-23T18:25:10.228+0000] {dagbag.py:537} INFO - Filling up the DagBag from /home/airflow/.local/lib/python3.7/site-packages/airflow/example_dags/example_branch_labels.py
[2023-12-23T18:25:10.246+0000] {processor.py:766} INFO - DAG(s) dict_keys(['example_branch_labels']) retrieved from /home/airflow/.local/lib/python3.7/site-packages/airflow/example_dags/example_branch_labels.py
[2023-12-23T18:25:10.296+0000] {logging_mixin.py:120} INFO - [2023-12-23T18:25:10.296+0000] {dag.py:2585} INFO - Sync 1 DAGs
[2023-12-23T18:25:10.327+0000] {logging_mixin.py:120} INFO - [2023-12-23T18:25:10.327+0000] {dag.py:3340} INFO - Setting next_dagrun for example_branch_labels to 2023-12-22T00:00:00+00:00, run_after=2023-12-23T00:00:00+00:00
[2023-12-23T18:25:10.356+0000] {processor.py:176} INFO - Processing /home/airflow/.local/lib/python3.7/site-packages/airflow/example_dags/example_branch_labels.py took 0.133 seconds
[2023-12-23T18:25:40.884+0000] {processor.py:154} INFO - Started process (PID=184) to work on /home/airflow/.local/lib/python3.7/site-packages/airflow/example_dags/example_branch_labels.py
[2023-12-23T18:25:40.885+0000] {processor.py:756} INFO - Processing file /home/airflow/.local/lib/python3.7/site-packages/airflow/example_dags/example_branch_labels.py for tasks to queue
[2023-12-23T18:25:40.886+0000] {logging_mixin.py:120} INFO - [2023-12-23T18:25:40.885+0000] {dagbag.py:537} INFO - Filling up the DagBag from /home/airflow/.local/lib/python3.7/site-packages/airflow/example_dags/example_branch_labels.py
[2023-12-23T18:25:40.903+0000] {processor.py:766} INFO - DAG(s) dict_keys(['example_branch_labels']) retrieved from /home/airflow/.local/lib/python3.7/site-packages/airflow/example_dags/example_branch_labels.py
[2023-12-23T18:25:40.948+0000] {logging_mixin.py:120} INFO - [2023-12-23T18:25:40.948+0000] {dag.py:2585} INFO - Sync 1 DAGs
[2023-12-23T18:25:40.980+0000] {logging_mixin.py:120} INFO - [2023-12-23T18:25:40.979+0000] {dag.py:3340} INFO - Setting next_dagrun for example_branch_labels to 2023-12-22T00:00:00+00:00, run_after=2023-12-23T00:00:00+00:00
[2023-12-23T18:25:41.007+0000] {processor.py:176} INFO - Processing /home/airflow/.local/lib/python3.7/site-packages/airflow/example_dags/example_branch_labels.py took 0.125 seconds
[2023-12-23T18:26:11.144+0000] {processor.py:154} INFO - Started process (PID=247) to work on /home/airflow/.local/lib/python3.7/site-packages/airflow/example_dags/example_branch_labels.py
[2023-12-23T18:26:11.144+0000] {processor.py:756} INFO - Processing file /home/airflow/.local/lib/python3.7/site-packages/airflow/example_dags/example_branch_labels.py for tasks to queue
[2023-12-23T18:26:11.145+0000] {logging_mixin.py:120} INFO - [2023-12-23T18:26:11.145+0000] {dagbag.py:537} INFO - Filling up the DagBag from /home/airflow/.local/lib/python3.7/site-packages/airflow/example_dags/example_branch_labels.py
[2023-12-23T18:26:11.161+0000] {processor.py:766} INFO - DAG(s) dict_keys(['example_branch_labels']) retrieved from /home/airflow/.local/lib/python3.7/site-packages/airflow/example_dags/example_branch_labels.py
[2023-12-23T18:26:11.202+0000] {logging_mixin.py:120} INFO - [2023-12-23T18:26:11.202+0000] {dag.py:2585} INFO - Sync 1 DAGs
[2023-12-23T18:26:11.228+0000] {logging_mixin.py:120} INFO - [2023-12-23T18:26:11.228+0000] {dag.py:3340} INFO - Setting next_dagrun for example_branch_labels to 2023-12-22T00:00:00+00:00, run_after=2023-12-23T00:00:00+00:00
[2023-12-23T18:26:11.251+0000] {processor.py:176} INFO - Processing /home/airflow/.local/lib/python3.7/site-packages/airflow/example_dags/example_branch_labels.py took 0.110 seconds
[2023-12-23T18:35:58.405+0000] {processor.py:154} INFO - Started process (PID=66) to work on /home/airflow/.local/lib/python3.7/site-packages/airflow/example_dags/example_branch_labels.py
[2023-12-23T18:35:58.406+0000] {processor.py:756} INFO - Processing file /home/airflow/.local/lib/python3.7/site-packages/airflow/example_dags/example_branch_labels.py for tasks to queue
[2023-12-23T18:35:58.407+0000] {logging_mixin.py:120} INFO - [2023-12-23T18:35:58.407+0000] {dagbag.py:537} INFO - Filling up the DagBag from /home/airflow/.local/lib/python3.7/site-packages/airflow/example_dags/example_branch_labels.py
[2023-12-23T18:35:58.425+0000] {processor.py:766} INFO - DAG(s) dict_keys(['example_branch_labels']) retrieved from /home/airflow/.local/lib/python3.7/site-packages/airflow/example_dags/example_branch_labels.py
[2023-12-23T18:35:58.463+0000] {logging_mixin.py:120} INFO - [2023-12-23T18:35:58.463+0000] {dag.py:2585} INFO - Sync 1 DAGs
[2023-12-23T18:35:58.499+0000] {logging_mixin.py:120} INFO - [2023-12-23T18:35:58.499+0000] {dag.py:3340} INFO - Setting next_dagrun for example_branch_labels to 2023-12-22T00:00:00+00:00, run_after=2023-12-23T00:00:00+00:00
[2023-12-23T18:35:58.524+0000] {processor.py:176} INFO - Processing /home/airflow/.local/lib/python3.7/site-packages/airflow/example_dags/example_branch_labels.py took 0.122 seconds
[2023-12-23T18:36:28.837+0000] {processor.py:154} INFO - Started process (PID=128) to work on /home/airflow/.local/lib/python3.7/site-packages/airflow/example_dags/example_branch_labels.py
[2023-12-23T18:36:28.837+0000] {processor.py:756} INFO - Processing file /home/airflow/.local/lib/python3.7/site-packages/airflow/example_dags/example_branch_labels.py for tasks to queue
[2023-12-23T18:36:28.838+0000] {logging_mixin.py:120} INFO - [2023-12-23T18:36:28.838+0000] {dagbag.py:537} INFO - Filling up the DagBag from /home/airflow/.local/lib/python3.7/site-packages/airflow/example_dags/example_branch_labels.py
[2023-12-23T18:36:28.855+0000] {processor.py:766} INFO - DAG(s) dict_keys(['example_branch_labels']) retrieved from /home/airflow/.local/lib/python3.7/site-packages/airflow/example_dags/example_branch_labels.py
[2023-12-23T18:36:28.902+0000] {logging_mixin.py:120} INFO - [2023-12-23T18:36:28.902+0000] {dag.py:2585} INFO - Sync 1 DAGs
[2023-12-23T18:36:28.936+0000] {logging_mixin.py:120} INFO - [2023-12-23T18:36:28.936+0000] {dag.py:3340} INFO - Setting next_dagrun for example_branch_labels to 2023-12-22T00:00:00+00:00, run_after=2023-12-23T00:00:00+00:00
[2023-12-23T18:36:28.959+0000] {processor.py:176} INFO - Processing /home/airflow/.local/lib/python3.7/site-packages/airflow/example_dags/example_branch_labels.py took 0.126 seconds
