[2023-12-23T18:12:47.071+0000] {processor.py:154} INFO - Started process (PID=56) to work on /home/airflow/.local/lib/python3.7/site-packages/airflow/example_dags/example_local_kubernetes_executor.py
[2023-12-23T18:12:47.072+0000] {processor.py:756} INFO - Processing file /home/airflow/.local/lib/python3.7/site-packages/airflow/example_dags/example_local_kubernetes_executor.py for tasks to queue
[2023-12-23T18:12:47.073+0000] {logging_mixin.py:120} INFO - [2023-12-23T18:12:47.073+0000] {dagbag.py:537} INFO - Filling up the DagBag from /home/airflow/.local/lib/python3.7/site-packages/airflow/example_dags/example_local_kubernetes_executor.py
[2023-12-23T18:12:47.126+0000] {processor.py:766} INFO - DAG(s) dict_keys(['example_local_kubernetes_executor']) retrieved from /home/airflow/.local/lib/python3.7/site-packages/airflow/example_dags/example_local_kubernetes_executor.py
[2023-12-23T18:12:47.184+0000] {logging_mixin.py:120} INFO - [2023-12-23T18:12:47.184+0000] {dag.py:2585} INFO - Sync 1 DAGs
[2023-12-23T18:12:47.217+0000] {logging_mixin.py:120} INFO - [2023-12-23T18:12:47.217+0000] {dag.py:3340} INFO - Setting next_dagrun for example_local_kubernetes_executor to None, run_after=None
[2023-12-23T18:12:47.246+0000] {processor.py:176} INFO - Processing /home/airflow/.local/lib/python3.7/site-packages/airflow/example_dags/example_local_kubernetes_executor.py took 0.179 seconds
[2023-12-23T18:13:17.968+0000] {processor.py:154} INFO - Started process (PID=119) to work on /home/airflow/.local/lib/python3.7/site-packages/airflow/example_dags/example_local_kubernetes_executor.py
[2023-12-23T18:13:17.969+0000] {processor.py:756} INFO - Processing file /home/airflow/.local/lib/python3.7/site-packages/airflow/example_dags/example_local_kubernetes_executor.py for tasks to queue
[2023-12-23T18:13:17.969+0000] {logging_mixin.py:120} INFO - [2023-12-23T18:13:17.969+0000] {dagbag.py:537} INFO - Filling up the DagBag from /home/airflow/.local/lib/python3.7/site-packages/airflow/example_dags/example_local_kubernetes_executor.py
[2023-12-23T18:13:17.993+0000] {processor.py:766} INFO - DAG(s) dict_keys(['example_local_kubernetes_executor']) retrieved from /home/airflow/.local/lib/python3.7/site-packages/airflow/example_dags/example_local_kubernetes_executor.py
[2023-12-23T18:13:18.035+0000] {logging_mixin.py:120} INFO - [2023-12-23T18:13:18.034+0000] {dag.py:2585} INFO - Sync 1 DAGs
[2023-12-23T18:13:18.061+0000] {logging_mixin.py:120} INFO - [2023-12-23T18:13:18.061+0000] {dag.py:3340} INFO - Setting next_dagrun for example_local_kubernetes_executor to None, run_after=None
[2023-12-23T18:13:18.083+0000] {processor.py:176} INFO - Processing /home/airflow/.local/lib/python3.7/site-packages/airflow/example_dags/example_local_kubernetes_executor.py took 0.119 seconds
[2023-12-23T18:13:48.753+0000] {processor.py:154} INFO - Started process (PID=173) to work on /home/airflow/.local/lib/python3.7/site-packages/airflow/example_dags/example_local_kubernetes_executor.py
[2023-12-23T18:13:48.754+0000] {processor.py:756} INFO - Processing file /home/airflow/.local/lib/python3.7/site-packages/airflow/example_dags/example_local_kubernetes_executor.py for tasks to queue
[2023-12-23T18:13:48.755+0000] {logging_mixin.py:120} INFO - [2023-12-23T18:13:48.754+0000] {dagbag.py:537} INFO - Filling up the DagBag from /home/airflow/.local/lib/python3.7/site-packages/airflow/example_dags/example_local_kubernetes_executor.py
[2023-12-23T18:13:48.774+0000] {processor.py:766} INFO - DAG(s) dict_keys(['example_local_kubernetes_executor']) retrieved from /home/airflow/.local/lib/python3.7/site-packages/airflow/example_dags/example_local_kubernetes_executor.py
[2023-12-23T18:13:48.805+0000] {logging_mixin.py:120} INFO - [2023-12-23T18:13:48.805+0000] {dag.py:2585} INFO - Sync 1 DAGs
[2023-12-23T18:13:48.825+0000] {logging_mixin.py:120} INFO - [2023-12-23T18:13:48.825+0000] {dag.py:3340} INFO - Setting next_dagrun for example_local_kubernetes_executor to None, run_after=None
[2023-12-23T18:13:48.845+0000] {processor.py:176} INFO - Processing /home/airflow/.local/lib/python3.7/site-packages/airflow/example_dags/example_local_kubernetes_executor.py took 0.094 seconds
[2023-12-23T18:14:19.745+0000] {processor.py:154} INFO - Started process (PID=236) to work on /home/airflow/.local/lib/python3.7/site-packages/airflow/example_dags/example_local_kubernetes_executor.py
[2023-12-23T18:14:19.746+0000] {processor.py:756} INFO - Processing file /home/airflow/.local/lib/python3.7/site-packages/airflow/example_dags/example_local_kubernetes_executor.py for tasks to queue
[2023-12-23T18:14:19.746+0000] {logging_mixin.py:120} INFO - [2023-12-23T18:14:19.746+0000] {dagbag.py:537} INFO - Filling up the DagBag from /home/airflow/.local/lib/python3.7/site-packages/airflow/example_dags/example_local_kubernetes_executor.py
[2023-12-23T18:14:19.767+0000] {processor.py:766} INFO - DAG(s) dict_keys(['example_local_kubernetes_executor']) retrieved from /home/airflow/.local/lib/python3.7/site-packages/airflow/example_dags/example_local_kubernetes_executor.py
[2023-12-23T18:14:19.799+0000] {logging_mixin.py:120} INFO - [2023-12-23T18:14:19.799+0000] {dag.py:2585} INFO - Sync 1 DAGs
[2023-12-23T18:14:19.819+0000] {logging_mixin.py:120} INFO - [2023-12-23T18:14:19.819+0000] {dag.py:3340} INFO - Setting next_dagrun for example_local_kubernetes_executor to None, run_after=None
[2023-12-23T18:14:19.839+0000] {processor.py:176} INFO - Processing /home/airflow/.local/lib/python3.7/site-packages/airflow/example_dags/example_local_kubernetes_executor.py took 0.096 seconds
[2023-12-23T18:14:50.423+0000] {processor.py:154} INFO - Started process (PID=300) to work on /home/airflow/.local/lib/python3.7/site-packages/airflow/example_dags/example_local_kubernetes_executor.py
[2023-12-23T18:14:50.424+0000] {processor.py:756} INFO - Processing file /home/airflow/.local/lib/python3.7/site-packages/airflow/example_dags/example_local_kubernetes_executor.py for tasks to queue
[2023-12-23T18:14:50.425+0000] {logging_mixin.py:120} INFO - [2023-12-23T18:14:50.425+0000] {dagbag.py:537} INFO - Filling up the DagBag from /home/airflow/.local/lib/python3.7/site-packages/airflow/example_dags/example_local_kubernetes_executor.py
[2023-12-23T18:14:50.452+0000] {processor.py:766} INFO - DAG(s) dict_keys(['example_local_kubernetes_executor']) retrieved from /home/airflow/.local/lib/python3.7/site-packages/airflow/example_dags/example_local_kubernetes_executor.py
[2023-12-23T18:14:50.505+0000] {logging_mixin.py:120} INFO - [2023-12-23T18:14:50.505+0000] {dag.py:2585} INFO - Sync 1 DAGs
[2023-12-23T18:14:50.536+0000] {logging_mixin.py:120} INFO - [2023-12-23T18:14:50.536+0000] {dag.py:3340} INFO - Setting next_dagrun for example_local_kubernetes_executor to None, run_after=None
[2023-12-23T18:14:50.562+0000] {processor.py:176} INFO - Processing /home/airflow/.local/lib/python3.7/site-packages/airflow/example_dags/example_local_kubernetes_executor.py took 0.143 seconds
[2023-12-23T18:15:20.831+0000] {processor.py:154} INFO - Started process (PID=363) to work on /home/airflow/.local/lib/python3.7/site-packages/airflow/example_dags/example_local_kubernetes_executor.py
[2023-12-23T18:15:20.832+0000] {processor.py:756} INFO - Processing file /home/airflow/.local/lib/python3.7/site-packages/airflow/example_dags/example_local_kubernetes_executor.py for tasks to queue
[2023-12-23T18:15:20.833+0000] {logging_mixin.py:120} INFO - [2023-12-23T18:15:20.833+0000] {dagbag.py:537} INFO - Filling up the DagBag from /home/airflow/.local/lib/python3.7/site-packages/airflow/example_dags/example_local_kubernetes_executor.py
[2023-12-23T18:15:20.861+0000] {processor.py:766} INFO - DAG(s) dict_keys(['example_local_kubernetes_executor']) retrieved from /home/airflow/.local/lib/python3.7/site-packages/airflow/example_dags/example_local_kubernetes_executor.py
[2023-12-23T18:15:20.910+0000] {logging_mixin.py:120} INFO - [2023-12-23T18:15:20.910+0000] {dag.py:2585} INFO - Sync 1 DAGs
[2023-12-23T18:15:20.947+0000] {logging_mixin.py:120} INFO - [2023-12-23T18:15:20.946+0000] {dag.py:3340} INFO - Setting next_dagrun for example_local_kubernetes_executor to None, run_after=None
[2023-12-23T18:15:20.979+0000] {processor.py:176} INFO - Processing /home/airflow/.local/lib/python3.7/site-packages/airflow/example_dags/example_local_kubernetes_executor.py took 0.152 seconds
[2023-12-23T18:15:51.902+0000] {processor.py:154} INFO - Started process (PID=418) to work on /home/airflow/.local/lib/python3.7/site-packages/airflow/example_dags/example_local_kubernetes_executor.py
[2023-12-23T18:15:51.904+0000] {processor.py:756} INFO - Processing file /home/airflow/.local/lib/python3.7/site-packages/airflow/example_dags/example_local_kubernetes_executor.py for tasks to queue
[2023-12-23T18:15:51.904+0000] {logging_mixin.py:120} INFO - [2023-12-23T18:15:51.904+0000] {dagbag.py:537} INFO - Filling up the DagBag from /home/airflow/.local/lib/python3.7/site-packages/airflow/example_dags/example_local_kubernetes_executor.py
[2023-12-23T18:15:51.931+0000] {processor.py:766} INFO - DAG(s) dict_keys(['example_local_kubernetes_executor']) retrieved from /home/airflow/.local/lib/python3.7/site-packages/airflow/example_dags/example_local_kubernetes_executor.py
[2023-12-23T18:15:51.969+0000] {logging_mixin.py:120} INFO - [2023-12-23T18:15:51.969+0000] {dag.py:2585} INFO - Sync 1 DAGs
[2023-12-23T18:15:51.992+0000] {logging_mixin.py:120} INFO - [2023-12-23T18:15:51.992+0000] {dag.py:3340} INFO - Setting next_dagrun for example_local_kubernetes_executor to None, run_after=None
[2023-12-23T18:15:52.015+0000] {processor.py:176} INFO - Processing /home/airflow/.local/lib/python3.7/site-packages/airflow/example_dags/example_local_kubernetes_executor.py took 0.116 seconds
[2023-12-23T18:16:22.748+0000] {processor.py:154} INFO - Started process (PID=481) to work on /home/airflow/.local/lib/python3.7/site-packages/airflow/example_dags/example_local_kubernetes_executor.py
[2023-12-23T18:16:22.748+0000] {processor.py:756} INFO - Processing file /home/airflow/.local/lib/python3.7/site-packages/airflow/example_dags/example_local_kubernetes_executor.py for tasks to queue
[2023-12-23T18:16:22.749+0000] {logging_mixin.py:120} INFO - [2023-12-23T18:16:22.749+0000] {dagbag.py:537} INFO - Filling up the DagBag from /home/airflow/.local/lib/python3.7/site-packages/airflow/example_dags/example_local_kubernetes_executor.py
[2023-12-23T18:16:22.768+0000] {processor.py:766} INFO - DAG(s) dict_keys(['example_local_kubernetes_executor']) retrieved from /home/airflow/.local/lib/python3.7/site-packages/airflow/example_dags/example_local_kubernetes_executor.py
[2023-12-23T18:16:22.811+0000] {logging_mixin.py:120} INFO - [2023-12-23T18:16:22.811+0000] {dag.py:2585} INFO - Sync 1 DAGs
[2023-12-23T18:16:22.836+0000] {logging_mixin.py:120} INFO - [2023-12-23T18:16:22.836+0000] {dag.py:3340} INFO - Setting next_dagrun for example_local_kubernetes_executor to None, run_after=None
[2023-12-23T18:16:22.859+0000] {processor.py:176} INFO - Processing /home/airflow/.local/lib/python3.7/site-packages/airflow/example_dags/example_local_kubernetes_executor.py took 0.114 seconds
[2023-12-23T18:16:53.473+0000] {processor.py:154} INFO - Started process (PID=545) to work on /home/airflow/.local/lib/python3.7/site-packages/airflow/example_dags/example_local_kubernetes_executor.py
[2023-12-23T18:16:53.474+0000] {processor.py:756} INFO - Processing file /home/airflow/.local/lib/python3.7/site-packages/airflow/example_dags/example_local_kubernetes_executor.py for tasks to queue
[2023-12-23T18:16:53.474+0000] {logging_mixin.py:120} INFO - [2023-12-23T18:16:53.474+0000] {dagbag.py:537} INFO - Filling up the DagBag from /home/airflow/.local/lib/python3.7/site-packages/airflow/example_dags/example_local_kubernetes_executor.py
[2023-12-23T18:16:53.494+0000] {processor.py:766} INFO - DAG(s) dict_keys(['example_local_kubernetes_executor']) retrieved from /home/airflow/.local/lib/python3.7/site-packages/airflow/example_dags/example_local_kubernetes_executor.py
[2023-12-23T18:16:53.526+0000] {logging_mixin.py:120} INFO - [2023-12-23T18:16:53.526+0000] {dag.py:2585} INFO - Sync 1 DAGs
[2023-12-23T18:16:53.546+0000] {logging_mixin.py:120} INFO - [2023-12-23T18:16:53.545+0000] {dag.py:3340} INFO - Setting next_dagrun for example_local_kubernetes_executor to None, run_after=None
[2023-12-23T18:16:53.566+0000] {processor.py:176} INFO - Processing /home/airflow/.local/lib/python3.7/site-packages/airflow/example_dags/example_local_kubernetes_executor.py took 0.096 seconds
[2023-12-23T18:17:24.326+0000] {processor.py:154} INFO - Started process (PID=609) to work on /home/airflow/.local/lib/python3.7/site-packages/airflow/example_dags/example_local_kubernetes_executor.py
[2023-12-23T18:17:24.327+0000] {processor.py:756} INFO - Processing file /home/airflow/.local/lib/python3.7/site-packages/airflow/example_dags/example_local_kubernetes_executor.py for tasks to queue
[2023-12-23T18:17:24.328+0000] {logging_mixin.py:120} INFO - [2023-12-23T18:17:24.328+0000] {dagbag.py:537} INFO - Filling up the DagBag from /home/airflow/.local/lib/python3.7/site-packages/airflow/example_dags/example_local_kubernetes_executor.py
[2023-12-23T18:17:24.357+0000] {processor.py:766} INFO - DAG(s) dict_keys(['example_local_kubernetes_executor']) retrieved from /home/airflow/.local/lib/python3.7/site-packages/airflow/example_dags/example_local_kubernetes_executor.py
[2023-12-23T18:17:24.402+0000] {logging_mixin.py:120} INFO - [2023-12-23T18:17:24.402+0000] {dag.py:2585} INFO - Sync 1 DAGs
[2023-12-23T18:17:24.423+0000] {logging_mixin.py:120} INFO - [2023-12-23T18:17:24.423+0000] {dag.py:3340} INFO - Setting next_dagrun for example_local_kubernetes_executor to None, run_after=None
[2023-12-23T18:17:24.444+0000] {processor.py:176} INFO - Processing /home/airflow/.local/lib/python3.7/site-packages/airflow/example_dags/example_local_kubernetes_executor.py took 0.121 seconds
[2023-12-23T18:17:55.184+0000] {processor.py:154} INFO - Started process (PID=664) to work on /home/airflow/.local/lib/python3.7/site-packages/airflow/example_dags/example_local_kubernetes_executor.py
[2023-12-23T18:17:55.184+0000] {processor.py:756} INFO - Processing file /home/airflow/.local/lib/python3.7/site-packages/airflow/example_dags/example_local_kubernetes_executor.py for tasks to queue
[2023-12-23T18:17:55.185+0000] {logging_mixin.py:120} INFO - [2023-12-23T18:17:55.185+0000] {dagbag.py:537} INFO - Filling up the DagBag from /home/airflow/.local/lib/python3.7/site-packages/airflow/example_dags/example_local_kubernetes_executor.py
[2023-12-23T18:17:55.203+0000] {processor.py:766} INFO - DAG(s) dict_keys(['example_local_kubernetes_executor']) retrieved from /home/airflow/.local/lib/python3.7/site-packages/airflow/example_dags/example_local_kubernetes_executor.py
[2023-12-23T18:17:55.235+0000] {logging_mixin.py:120} INFO - [2023-12-23T18:17:55.235+0000] {dag.py:2585} INFO - Sync 1 DAGs
[2023-12-23T18:17:55.260+0000] {logging_mixin.py:120} INFO - [2023-12-23T18:17:55.260+0000] {dag.py:3340} INFO - Setting next_dagrun for example_local_kubernetes_executor to None, run_after=None
[2023-12-23T18:17:55.282+0000] {processor.py:176} INFO - Processing /home/airflow/.local/lib/python3.7/site-packages/airflow/example_dags/example_local_kubernetes_executor.py took 0.101 seconds
[2023-12-23T18:18:25.956+0000] {processor.py:154} INFO - Started process (PID=728) to work on /home/airflow/.local/lib/python3.7/site-packages/airflow/example_dags/example_local_kubernetes_executor.py
[2023-12-23T18:18:25.957+0000] {processor.py:756} INFO - Processing file /home/airflow/.local/lib/python3.7/site-packages/airflow/example_dags/example_local_kubernetes_executor.py for tasks to queue
[2023-12-23T18:18:25.958+0000] {logging_mixin.py:120} INFO - [2023-12-23T18:18:25.958+0000] {dagbag.py:537} INFO - Filling up the DagBag from /home/airflow/.local/lib/python3.7/site-packages/airflow/example_dags/example_local_kubernetes_executor.py
[2023-12-23T18:18:25.984+0000] {processor.py:766} INFO - DAG(s) dict_keys(['example_local_kubernetes_executor']) retrieved from /home/airflow/.local/lib/python3.7/site-packages/airflow/example_dags/example_local_kubernetes_executor.py
[2023-12-23T18:18:26.026+0000] {logging_mixin.py:120} INFO - [2023-12-23T18:18:26.026+0000] {dag.py:2585} INFO - Sync 1 DAGs
[2023-12-23T18:18:26.058+0000] {logging_mixin.py:120} INFO - [2023-12-23T18:18:26.058+0000] {dag.py:3340} INFO - Setting next_dagrun for example_local_kubernetes_executor to None, run_after=None
[2023-12-23T18:18:26.084+0000] {processor.py:176} INFO - Processing /home/airflow/.local/lib/python3.7/site-packages/airflow/example_dags/example_local_kubernetes_executor.py took 0.130 seconds
[2023-12-23T18:18:56.718+0000] {processor.py:154} INFO - Started process (PID=792) to work on /home/airflow/.local/lib/python3.7/site-packages/airflow/example_dags/example_local_kubernetes_executor.py
[2023-12-23T18:18:56.719+0000] {processor.py:756} INFO - Processing file /home/airflow/.local/lib/python3.7/site-packages/airflow/example_dags/example_local_kubernetes_executor.py for tasks to queue
[2023-12-23T18:18:56.719+0000] {logging_mixin.py:120} INFO - [2023-12-23T18:18:56.719+0000] {dagbag.py:537} INFO - Filling up the DagBag from /home/airflow/.local/lib/python3.7/site-packages/airflow/example_dags/example_local_kubernetes_executor.py
[2023-12-23T18:18:56.739+0000] {processor.py:766} INFO - DAG(s) dict_keys(['example_local_kubernetes_executor']) retrieved from /home/airflow/.local/lib/python3.7/site-packages/airflow/example_dags/example_local_kubernetes_executor.py
[2023-12-23T18:18:56.776+0000] {logging_mixin.py:120} INFO - [2023-12-23T18:18:56.775+0000] {dag.py:2585} INFO - Sync 1 DAGs
[2023-12-23T18:18:56.797+0000] {logging_mixin.py:120} INFO - [2023-12-23T18:18:56.796+0000] {dag.py:3340} INFO - Setting next_dagrun for example_local_kubernetes_executor to None, run_after=None
[2023-12-23T18:18:56.817+0000] {processor.py:176} INFO - Processing /home/airflow/.local/lib/python3.7/site-packages/airflow/example_dags/example_local_kubernetes_executor.py took 0.101 seconds
[2023-12-23T18:19:27.680+0000] {processor.py:154} INFO - Started process (PID=856) to work on /home/airflow/.local/lib/python3.7/site-packages/airflow/example_dags/example_local_kubernetes_executor.py
[2023-12-23T18:19:27.681+0000] {processor.py:756} INFO - Processing file /home/airflow/.local/lib/python3.7/site-packages/airflow/example_dags/example_local_kubernetes_executor.py for tasks to queue
[2023-12-23T18:19:27.682+0000] {logging_mixin.py:120} INFO - [2023-12-23T18:19:27.681+0000] {dagbag.py:537} INFO - Filling up the DagBag from /home/airflow/.local/lib/python3.7/site-packages/airflow/example_dags/example_local_kubernetes_executor.py
[2023-12-23T18:19:27.710+0000] {processor.py:766} INFO - DAG(s) dict_keys(['example_local_kubernetes_executor']) retrieved from /home/airflow/.local/lib/python3.7/site-packages/airflow/example_dags/example_local_kubernetes_executor.py
[2023-12-23T18:19:27.756+0000] {logging_mixin.py:120} INFO - [2023-12-23T18:19:27.756+0000] {dag.py:2585} INFO - Sync 1 DAGs
[2023-12-23T18:19:27.782+0000] {logging_mixin.py:120} INFO - [2023-12-23T18:19:27.782+0000] {dag.py:3340} INFO - Setting next_dagrun for example_local_kubernetes_executor to None, run_after=None
[2023-12-23T18:19:27.809+0000] {processor.py:176} INFO - Processing /home/airflow/.local/lib/python3.7/site-packages/airflow/example_dags/example_local_kubernetes_executor.py took 0.132 seconds
[2023-12-23T18:19:58.348+0000] {processor.py:154} INFO - Started process (PID=911) to work on /home/airflow/.local/lib/python3.7/site-packages/airflow/example_dags/example_local_kubernetes_executor.py
[2023-12-23T18:19:58.349+0000] {processor.py:756} INFO - Processing file /home/airflow/.local/lib/python3.7/site-packages/airflow/example_dags/example_local_kubernetes_executor.py for tasks to queue
[2023-12-23T18:19:58.349+0000] {logging_mixin.py:120} INFO - [2023-12-23T18:19:58.349+0000] {dagbag.py:537} INFO - Filling up the DagBag from /home/airflow/.local/lib/python3.7/site-packages/airflow/example_dags/example_local_kubernetes_executor.py
[2023-12-23T18:19:58.375+0000] {processor.py:766} INFO - DAG(s) dict_keys(['example_local_kubernetes_executor']) retrieved from /home/airflow/.local/lib/python3.7/site-packages/airflow/example_dags/example_local_kubernetes_executor.py
[2023-12-23T18:19:58.417+0000] {logging_mixin.py:120} INFO - [2023-12-23T18:19:58.417+0000] {dag.py:2585} INFO - Sync 1 DAGs
[2023-12-23T18:19:58.445+0000] {logging_mixin.py:120} INFO - [2023-12-23T18:19:58.444+0000] {dag.py:3340} INFO - Setting next_dagrun for example_local_kubernetes_executor to None, run_after=None
[2023-12-23T18:19:58.465+0000] {processor.py:176} INFO - Processing /home/airflow/.local/lib/python3.7/site-packages/airflow/example_dags/example_local_kubernetes_executor.py took 0.120 seconds
[2023-12-23T18:21:04.356+0000] {processor.py:154} INFO - Started process (PID=56) to work on /home/airflow/.local/lib/python3.7/site-packages/airflow/example_dags/example_local_kubernetes_executor.py
[2023-12-23T18:21:04.357+0000] {processor.py:756} INFO - Processing file /home/airflow/.local/lib/python3.7/site-packages/airflow/example_dags/example_local_kubernetes_executor.py for tasks to queue
[2023-12-23T18:21:04.357+0000] {logging_mixin.py:120} INFO - [2023-12-23T18:21:04.357+0000] {dagbag.py:537} INFO - Filling up the DagBag from /home/airflow/.local/lib/python3.7/site-packages/airflow/example_dags/example_local_kubernetes_executor.py
[2023-12-23T18:21:04.390+0000] {processor.py:766} INFO - DAG(s) dict_keys(['example_local_kubernetes_executor']) retrieved from /home/airflow/.local/lib/python3.7/site-packages/airflow/example_dags/example_local_kubernetes_executor.py
[2023-12-23T18:21:04.419+0000] {logging_mixin.py:120} INFO - [2023-12-23T18:21:04.419+0000] {dag.py:2585} INFO - Sync 1 DAGs
[2023-12-23T18:21:04.452+0000] {logging_mixin.py:120} INFO - [2023-12-23T18:21:04.451+0000] {dag.py:3340} INFO - Setting next_dagrun for example_local_kubernetes_executor to None, run_after=None
[2023-12-23T18:21:04.476+0000] {processor.py:176} INFO - Processing /home/airflow/.local/lib/python3.7/site-packages/airflow/example_dags/example_local_kubernetes_executor.py took 0.123 seconds
[2023-12-23T18:21:34.834+0000] {processor.py:154} INFO - Started process (PID=119) to work on /home/airflow/.local/lib/python3.7/site-packages/airflow/example_dags/example_local_kubernetes_executor.py
[2023-12-23T18:21:34.835+0000] {processor.py:756} INFO - Processing file /home/airflow/.local/lib/python3.7/site-packages/airflow/example_dags/example_local_kubernetes_executor.py for tasks to queue
[2023-12-23T18:21:34.836+0000] {logging_mixin.py:120} INFO - [2023-12-23T18:21:34.836+0000] {dagbag.py:537} INFO - Filling up the DagBag from /home/airflow/.local/lib/python3.7/site-packages/airflow/example_dags/example_local_kubernetes_executor.py
[2023-12-23T18:21:34.870+0000] {processor.py:766} INFO - DAG(s) dict_keys(['example_local_kubernetes_executor']) retrieved from /home/airflow/.local/lib/python3.7/site-packages/airflow/example_dags/example_local_kubernetes_executor.py
[2023-12-23T18:21:34.929+0000] {logging_mixin.py:120} INFO - [2023-12-23T18:21:34.928+0000] {dag.py:2585} INFO - Sync 1 DAGs
[2023-12-23T18:21:34.960+0000] {logging_mixin.py:120} INFO - [2023-12-23T18:21:34.960+0000] {dag.py:3340} INFO - Setting next_dagrun for example_local_kubernetes_executor to None, run_after=None
[2023-12-23T18:21:34.991+0000] {processor.py:176} INFO - Processing /home/airflow/.local/lib/python3.7/site-packages/airflow/example_dags/example_local_kubernetes_executor.py took 0.162 seconds
[2023-12-23T18:22:05.504+0000] {processor.py:154} INFO - Started process (PID=176) to work on /home/airflow/.local/lib/python3.7/site-packages/airflow/example_dags/example_local_kubernetes_executor.py
[2023-12-23T18:22:05.505+0000] {processor.py:756} INFO - Processing file /home/airflow/.local/lib/python3.7/site-packages/airflow/example_dags/example_local_kubernetes_executor.py for tasks to queue
[2023-12-23T18:22:05.505+0000] {logging_mixin.py:120} INFO - [2023-12-23T18:22:05.505+0000] {dagbag.py:537} INFO - Filling up the DagBag from /home/airflow/.local/lib/python3.7/site-packages/airflow/example_dags/example_local_kubernetes_executor.py
[2023-12-23T18:22:05.531+0000] {processor.py:766} INFO - DAG(s) dict_keys(['example_local_kubernetes_executor']) retrieved from /home/airflow/.local/lib/python3.7/site-packages/airflow/example_dags/example_local_kubernetes_executor.py
[2023-12-23T18:22:05.574+0000] {logging_mixin.py:120} INFO - [2023-12-23T18:22:05.574+0000] {dag.py:2585} INFO - Sync 1 DAGs
[2023-12-23T18:22:05.610+0000] {logging_mixin.py:120} INFO - [2023-12-23T18:22:05.609+0000] {dag.py:3340} INFO - Setting next_dagrun for example_local_kubernetes_executor to None, run_after=None
[2023-12-23T18:22:05.644+0000] {processor.py:176} INFO - Processing /home/airflow/.local/lib/python3.7/site-packages/airflow/example_dags/example_local_kubernetes_executor.py took 0.144 seconds
[2023-12-23T18:22:35.864+0000] {processor.py:154} INFO - Started process (PID=239) to work on /home/airflow/.local/lib/python3.7/site-packages/airflow/example_dags/example_local_kubernetes_executor.py
[2023-12-23T18:22:35.865+0000] {processor.py:756} INFO - Processing file /home/airflow/.local/lib/python3.7/site-packages/airflow/example_dags/example_local_kubernetes_executor.py for tasks to queue
[2023-12-23T18:22:35.865+0000] {logging_mixin.py:120} INFO - [2023-12-23T18:22:35.865+0000] {dagbag.py:537} INFO - Filling up the DagBag from /home/airflow/.local/lib/python3.7/site-packages/airflow/example_dags/example_local_kubernetes_executor.py
[2023-12-23T18:22:35.885+0000] {processor.py:766} INFO - DAG(s) dict_keys(['example_local_kubernetes_executor']) retrieved from /home/airflow/.local/lib/python3.7/site-packages/airflow/example_dags/example_local_kubernetes_executor.py
[2023-12-23T18:22:35.934+0000] {logging_mixin.py:120} INFO - [2023-12-23T18:22:35.934+0000] {dag.py:2585} INFO - Sync 1 DAGs
[2023-12-23T18:22:35.959+0000] {logging_mixin.py:120} INFO - [2023-12-23T18:22:35.959+0000] {dag.py:3340} INFO - Setting next_dagrun for example_local_kubernetes_executor to None, run_after=None
[2023-12-23T18:22:35.986+0000] {processor.py:176} INFO - Processing /home/airflow/.local/lib/python3.7/site-packages/airflow/example_dags/example_local_kubernetes_executor.py took 0.124 seconds
[2023-12-23T18:23:06.291+0000] {processor.py:154} INFO - Started process (PID=303) to work on /home/airflow/.local/lib/python3.7/site-packages/airflow/example_dags/example_local_kubernetes_executor.py
[2023-12-23T18:23:06.292+0000] {processor.py:756} INFO - Processing file /home/airflow/.local/lib/python3.7/site-packages/airflow/example_dags/example_local_kubernetes_executor.py for tasks to queue
[2023-12-23T18:23:06.292+0000] {logging_mixin.py:120} INFO - [2023-12-23T18:23:06.292+0000] {dagbag.py:537} INFO - Filling up the DagBag from /home/airflow/.local/lib/python3.7/site-packages/airflow/example_dags/example_local_kubernetes_executor.py
[2023-12-23T18:23:06.318+0000] {processor.py:766} INFO - DAG(s) dict_keys(['example_local_kubernetes_executor']) retrieved from /home/airflow/.local/lib/python3.7/site-packages/airflow/example_dags/example_local_kubernetes_executor.py
[2023-12-23T18:23:06.353+0000] {logging_mixin.py:120} INFO - [2023-12-23T18:23:06.353+0000] {dag.py:2585} INFO - Sync 1 DAGs
[2023-12-23T18:23:06.383+0000] {logging_mixin.py:120} INFO - [2023-12-23T18:23:06.382+0000] {dag.py:3340} INFO - Setting next_dagrun for example_local_kubernetes_executor to None, run_after=None
[2023-12-23T18:23:06.413+0000] {processor.py:176} INFO - Processing /home/airflow/.local/lib/python3.7/site-packages/airflow/example_dags/example_local_kubernetes_executor.py took 0.125 seconds
[2023-12-23T18:23:37.233+0000] {processor.py:154} INFO - Started process (PID=358) to work on /home/airflow/.local/lib/python3.7/site-packages/airflow/example_dags/example_local_kubernetes_executor.py
[2023-12-23T18:23:37.234+0000] {processor.py:756} INFO - Processing file /home/airflow/.local/lib/python3.7/site-packages/airflow/example_dags/example_local_kubernetes_executor.py for tasks to queue
[2023-12-23T18:23:37.234+0000] {logging_mixin.py:120} INFO - [2023-12-23T18:23:37.234+0000] {dagbag.py:537} INFO - Filling up the DagBag from /home/airflow/.local/lib/python3.7/site-packages/airflow/example_dags/example_local_kubernetes_executor.py
[2023-12-23T18:23:37.258+0000] {processor.py:766} INFO - DAG(s) dict_keys(['example_local_kubernetes_executor']) retrieved from /home/airflow/.local/lib/python3.7/site-packages/airflow/example_dags/example_local_kubernetes_executor.py
[2023-12-23T18:23:37.301+0000] {logging_mixin.py:120} INFO - [2023-12-23T18:23:37.301+0000] {dag.py:2585} INFO - Sync 1 DAGs
[2023-12-23T18:23:37.332+0000] {logging_mixin.py:120} INFO - [2023-12-23T18:23:37.332+0000] {dag.py:3340} INFO - Setting next_dagrun for example_local_kubernetes_executor to None, run_after=None
[2023-12-23T18:23:37.359+0000] {processor.py:176} INFO - Processing /home/airflow/.local/lib/python3.7/site-packages/airflow/example_dags/example_local_kubernetes_executor.py took 0.128 seconds
[2023-12-23T18:24:38.468+0000] {processor.py:154} INFO - Started process (PID=56) to work on /home/airflow/.local/lib/python3.7/site-packages/airflow/example_dags/example_local_kubernetes_executor.py
[2023-12-23T18:24:38.469+0000] {processor.py:756} INFO - Processing file /home/airflow/.local/lib/python3.7/site-packages/airflow/example_dags/example_local_kubernetes_executor.py for tasks to queue
[2023-12-23T18:24:38.470+0000] {logging_mixin.py:120} INFO - [2023-12-23T18:24:38.470+0000] {dagbag.py:537} INFO - Filling up the DagBag from /home/airflow/.local/lib/python3.7/site-packages/airflow/example_dags/example_local_kubernetes_executor.py
[2023-12-23T18:24:38.498+0000] {processor.py:766} INFO - DAG(s) dict_keys(['example_local_kubernetes_executor']) retrieved from /home/airflow/.local/lib/python3.7/site-packages/airflow/example_dags/example_local_kubernetes_executor.py
[2023-12-23T18:24:38.528+0000] {logging_mixin.py:120} INFO - [2023-12-23T18:24:38.528+0000] {dag.py:2585} INFO - Sync 1 DAGs
[2023-12-23T18:24:38.561+0000] {logging_mixin.py:120} INFO - [2023-12-23T18:24:38.561+0000] {dag.py:3340} INFO - Setting next_dagrun for example_local_kubernetes_executor to None, run_after=None
[2023-12-23T18:24:38.603+0000] {processor.py:176} INFO - Processing /home/airflow/.local/lib/python3.7/site-packages/airflow/example_dags/example_local_kubernetes_executor.py took 0.138 seconds
[2023-12-23T18:25:09.053+0000] {processor.py:154} INFO - Started process (PID=109) to work on /home/airflow/.local/lib/python3.7/site-packages/airflow/example_dags/example_local_kubernetes_executor.py
[2023-12-23T18:25:09.054+0000] {processor.py:756} INFO - Processing file /home/airflow/.local/lib/python3.7/site-packages/airflow/example_dags/example_local_kubernetes_executor.py for tasks to queue
[2023-12-23T18:25:09.055+0000] {logging_mixin.py:120} INFO - [2023-12-23T18:25:09.055+0000] {dagbag.py:537} INFO - Filling up the DagBag from /home/airflow/.local/lib/python3.7/site-packages/airflow/example_dags/example_local_kubernetes_executor.py
[2023-12-23T18:25:09.078+0000] {processor.py:766} INFO - DAG(s) dict_keys(['example_local_kubernetes_executor']) retrieved from /home/airflow/.local/lib/python3.7/site-packages/airflow/example_dags/example_local_kubernetes_executor.py
[2023-12-23T18:25:09.119+0000] {logging_mixin.py:120} INFO - [2023-12-23T18:25:09.119+0000] {dag.py:2585} INFO - Sync 1 DAGs
[2023-12-23T18:25:09.147+0000] {logging_mixin.py:120} INFO - [2023-12-23T18:25:09.147+0000] {dag.py:3340} INFO - Setting next_dagrun for example_local_kubernetes_executor to None, run_after=None
[2023-12-23T18:25:09.182+0000] {processor.py:176} INFO - Processing /home/airflow/.local/lib/python3.7/site-packages/airflow/example_dags/example_local_kubernetes_executor.py took 0.132 seconds
[2023-12-23T18:25:39.955+0000] {processor.py:154} INFO - Started process (PID=174) to work on /home/airflow/.local/lib/python3.7/site-packages/airflow/example_dags/example_local_kubernetes_executor.py
[2023-12-23T18:25:39.956+0000] {processor.py:756} INFO - Processing file /home/airflow/.local/lib/python3.7/site-packages/airflow/example_dags/example_local_kubernetes_executor.py for tasks to queue
[2023-12-23T18:25:39.956+0000] {logging_mixin.py:120} INFO - [2023-12-23T18:25:39.956+0000] {dagbag.py:537} INFO - Filling up the DagBag from /home/airflow/.local/lib/python3.7/site-packages/airflow/example_dags/example_local_kubernetes_executor.py
[2023-12-23T18:25:39.982+0000] {processor.py:766} INFO - DAG(s) dict_keys(['example_local_kubernetes_executor']) retrieved from /home/airflow/.local/lib/python3.7/site-packages/airflow/example_dags/example_local_kubernetes_executor.py
[2023-12-23T18:25:40.026+0000] {logging_mixin.py:120} INFO - [2023-12-23T18:25:40.026+0000] {dag.py:2585} INFO - Sync 1 DAGs
[2023-12-23T18:25:40.057+0000] {logging_mixin.py:120} INFO - [2023-12-23T18:25:40.057+0000] {dag.py:3340} INFO - Setting next_dagrun for example_local_kubernetes_executor to None, run_after=None
[2023-12-23T18:25:40.082+0000] {processor.py:176} INFO - Processing /home/airflow/.local/lib/python3.7/site-packages/airflow/example_dags/example_local_kubernetes_executor.py took 0.131 seconds
[2023-12-23T18:26:10.148+0000] {processor.py:154} INFO - Started process (PID=237) to work on /home/airflow/.local/lib/python3.7/site-packages/airflow/example_dags/example_local_kubernetes_executor.py
[2023-12-23T18:26:10.149+0000] {processor.py:756} INFO - Processing file /home/airflow/.local/lib/python3.7/site-packages/airflow/example_dags/example_local_kubernetes_executor.py for tasks to queue
[2023-12-23T18:26:10.149+0000] {logging_mixin.py:120} INFO - [2023-12-23T18:26:10.149+0000] {dagbag.py:537} INFO - Filling up the DagBag from /home/airflow/.local/lib/python3.7/site-packages/airflow/example_dags/example_local_kubernetes_executor.py
[2023-12-23T18:26:10.172+0000] {processor.py:766} INFO - DAG(s) dict_keys(['example_local_kubernetes_executor']) retrieved from /home/airflow/.local/lib/python3.7/site-packages/airflow/example_dags/example_local_kubernetes_executor.py
[2023-12-23T18:26:10.215+0000] {logging_mixin.py:120} INFO - [2023-12-23T18:26:10.215+0000] {dag.py:2585} INFO - Sync 1 DAGs
[2023-12-23T18:26:10.245+0000] {logging_mixin.py:120} INFO - [2023-12-23T18:26:10.245+0000] {dag.py:3340} INFO - Setting next_dagrun for example_local_kubernetes_executor to None, run_after=None
[2023-12-23T18:26:10.268+0000] {processor.py:176} INFO - Processing /home/airflow/.local/lib/python3.7/site-packages/airflow/example_dags/example_local_kubernetes_executor.py took 0.123 seconds
[2023-12-23T18:26:41.534+0000] {processor.py:154} INFO - Started process (PID=300) to work on /home/airflow/.local/lib/python3.7/site-packages/airflow/example_dags/example_local_kubernetes_executor.py
[2023-12-23T18:26:41.534+0000] {processor.py:756} INFO - Processing file /home/airflow/.local/lib/python3.7/site-packages/airflow/example_dags/example_local_kubernetes_executor.py for tasks to queue
[2023-12-23T18:26:41.535+0000] {logging_mixin.py:120} INFO - [2023-12-23T18:26:41.535+0000] {dagbag.py:537} INFO - Filling up the DagBag from /home/airflow/.local/lib/python3.7/site-packages/airflow/example_dags/example_local_kubernetes_executor.py
[2023-12-23T18:26:41.555+0000] {processor.py:766} INFO - DAG(s) dict_keys(['example_local_kubernetes_executor']) retrieved from /home/airflow/.local/lib/python3.7/site-packages/airflow/example_dags/example_local_kubernetes_executor.py
[2023-12-23T18:26:41.602+0000] {logging_mixin.py:120} INFO - [2023-12-23T18:26:41.602+0000] {dag.py:2585} INFO - Sync 1 DAGs
[2023-12-23T18:26:41.635+0000] {logging_mixin.py:120} INFO - [2023-12-23T18:26:41.635+0000] {dag.py:3340} INFO - Setting next_dagrun for example_local_kubernetes_executor to None, run_after=None
[2023-12-23T18:26:41.673+0000] {processor.py:176} INFO - Processing /home/airflow/.local/lib/python3.7/site-packages/airflow/example_dags/example_local_kubernetes_executor.py took 0.142 seconds
[2023-12-23T18:35:56.705+0000] {processor.py:154} INFO - Started process (PID=56) to work on /home/airflow/.local/lib/python3.7/site-packages/airflow/example_dags/example_local_kubernetes_executor.py
[2023-12-23T18:35:56.707+0000] {processor.py:756} INFO - Processing file /home/airflow/.local/lib/python3.7/site-packages/airflow/example_dags/example_local_kubernetes_executor.py for tasks to queue
[2023-12-23T18:35:56.707+0000] {logging_mixin.py:120} INFO - [2023-12-23T18:35:56.707+0000] {dagbag.py:537} INFO - Filling up the DagBag from /home/airflow/.local/lib/python3.7/site-packages/airflow/example_dags/example_local_kubernetes_executor.py
[2023-12-23T18:35:56.761+0000] {processor.py:766} INFO - DAG(s) dict_keys(['example_local_kubernetes_executor']) retrieved from /home/airflow/.local/lib/python3.7/site-packages/airflow/example_dags/example_local_kubernetes_executor.py
[2023-12-23T18:35:56.796+0000] {logging_mixin.py:120} INFO - [2023-12-23T18:35:56.796+0000] {dag.py:2585} INFO - Sync 1 DAGs
[2023-12-23T18:35:56.889+0000] {logging_mixin.py:120} INFO - [2023-12-23T18:35:56.888+0000] {dag.py:3340} INFO - Setting next_dagrun for example_local_kubernetes_executor to None, run_after=None
[2023-12-23T18:35:57.113+0000] {processor.py:176} INFO - Processing /home/airflow/.local/lib/python3.7/site-packages/airflow/example_dags/example_local_kubernetes_executor.py took 0.412 seconds
[2023-12-23T18:36:27.999+0000] {processor.py:154} INFO - Started process (PID=118) to work on /home/airflow/.local/lib/python3.7/site-packages/airflow/example_dags/example_local_kubernetes_executor.py
[2023-12-23T18:36:28.000+0000] {processor.py:756} INFO - Processing file /home/airflow/.local/lib/python3.7/site-packages/airflow/example_dags/example_local_kubernetes_executor.py for tasks to queue
[2023-12-23T18:36:28.001+0000] {logging_mixin.py:120} INFO - [2023-12-23T18:36:28.001+0000] {dagbag.py:537} INFO - Filling up the DagBag from /home/airflow/.local/lib/python3.7/site-packages/airflow/example_dags/example_local_kubernetes_executor.py
[2023-12-23T18:36:28.027+0000] {processor.py:766} INFO - DAG(s) dict_keys(['example_local_kubernetes_executor']) retrieved from /home/airflow/.local/lib/python3.7/site-packages/airflow/example_dags/example_local_kubernetes_executor.py
[2023-12-23T18:36:28.071+0000] {logging_mixin.py:120} INFO - [2023-12-23T18:36:28.070+0000] {dag.py:2585} INFO - Sync 1 DAGs
[2023-12-23T18:36:28.094+0000] {logging_mixin.py:120} INFO - [2023-12-23T18:36:28.094+0000] {dag.py:3340} INFO - Setting next_dagrun for example_local_kubernetes_executor to None, run_after=None
[2023-12-23T18:36:28.122+0000] {processor.py:176} INFO - Processing /home/airflow/.local/lib/python3.7/site-packages/airflow/example_dags/example_local_kubernetes_executor.py took 0.126 seconds
[2023-12-23T18:36:58.560+0000] {processor.py:154} INFO - Started process (PID=173) to work on /home/airflow/.local/lib/python3.7/site-packages/airflow/example_dags/example_local_kubernetes_executor.py
[2023-12-23T18:36:58.564+0000] {processor.py:756} INFO - Processing file /home/airflow/.local/lib/python3.7/site-packages/airflow/example_dags/example_local_kubernetes_executor.py for tasks to queue
[2023-12-23T18:36:58.565+0000] {logging_mixin.py:120} INFO - [2023-12-23T18:36:58.565+0000] {dagbag.py:537} INFO - Filling up the DagBag from /home/airflow/.local/lib/python3.7/site-packages/airflow/example_dags/example_local_kubernetes_executor.py
[2023-12-23T18:36:58.609+0000] {processor.py:766} INFO - DAG(s) dict_keys(['example_local_kubernetes_executor']) retrieved from /home/airflow/.local/lib/python3.7/site-packages/airflow/example_dags/example_local_kubernetes_executor.py
[2023-12-23T18:36:58.687+0000] {logging_mixin.py:120} INFO - [2023-12-23T18:36:58.687+0000] {dag.py:2585} INFO - Sync 1 DAGs
[2023-12-23T18:36:58.722+0000] {logging_mixin.py:120} INFO - [2023-12-23T18:36:58.721+0000] {dag.py:3340} INFO - Setting next_dagrun for example_local_kubernetes_executor to None, run_after=None
[2023-12-23T18:36:58.757+0000] {processor.py:176} INFO - Processing /home/airflow/.local/lib/python3.7/site-packages/airflow/example_dags/example_local_kubernetes_executor.py took 0.200 seconds
