[2023-12-23T18:12:49.095+0000] {processor.py:154} INFO - Started process (PID=73) to work on /home/airflow/.local/lib/python3.7/site-packages/airflow/example_dags/example_branch_operator_decorator.py
[2023-12-23T18:12:49.096+0000] {processor.py:756} INFO - Processing file /home/airflow/.local/lib/python3.7/site-packages/airflow/example_dags/example_branch_operator_decorator.py for tasks to queue
[2023-12-23T18:12:49.096+0000] {logging_mixin.py:120} INFO - [2023-12-23T18:12:49.096+0000] {dagbag.py:537} INFO - Filling up the DagBag from /home/airflow/.local/lib/python3.7/site-packages/airflow/example_dags/example_branch_operator_decorator.py
[2023-12-23T18:12:49.125+0000] {processor.py:766} INFO - DAG(s) dict_keys(['example_branch_python_operator_decorator']) retrieved from /home/airflow/.local/lib/python3.7/site-packages/airflow/example_dags/example_branch_operator_decorator.py
[2023-12-23T18:12:49.175+0000] {logging_mixin.py:120} INFO - [2023-12-23T18:12:49.174+0000] {dag.py:2585} INFO - Sync 1 DAGs
[2023-12-23T18:12:49.211+0000] {logging_mixin.py:120} INFO - [2023-12-23T18:12:49.210+0000] {dag.py:3340} INFO - Setting next_dagrun for example_branch_python_operator_decorator to 2023-12-22T00:00:00+00:00, run_after=2023-12-23T00:00:00+00:00
[2023-12-23T18:12:49.245+0000] {processor.py:176} INFO - Processing /home/airflow/.local/lib/python3.7/site-packages/airflow/example_dags/example_branch_operator_decorator.py took 0.153 seconds
[2023-12-23T18:13:20.211+0000] {processor.py:154} INFO - Started process (PID=136) to work on /home/airflow/.local/lib/python3.7/site-packages/airflow/example_dags/example_branch_operator_decorator.py
[2023-12-23T18:13:20.212+0000] {processor.py:756} INFO - Processing file /home/airflow/.local/lib/python3.7/site-packages/airflow/example_dags/example_branch_operator_decorator.py for tasks to queue
[2023-12-23T18:13:20.212+0000] {logging_mixin.py:120} INFO - [2023-12-23T18:13:20.212+0000] {dagbag.py:537} INFO - Filling up the DagBag from /home/airflow/.local/lib/python3.7/site-packages/airflow/example_dags/example_branch_operator_decorator.py
[2023-12-23T18:13:20.240+0000] {processor.py:766} INFO - DAG(s) dict_keys(['example_branch_python_operator_decorator']) retrieved from /home/airflow/.local/lib/python3.7/site-packages/airflow/example_dags/example_branch_operator_decorator.py
[2023-12-23T18:13:20.275+0000] {logging_mixin.py:120} INFO - [2023-12-23T18:13:20.275+0000] {dag.py:2585} INFO - Sync 1 DAGs
[2023-12-23T18:13:20.307+0000] {logging_mixin.py:120} INFO - [2023-12-23T18:13:20.307+0000] {dag.py:3340} INFO - Setting next_dagrun for example_branch_python_operator_decorator to 2023-12-22T00:00:00+00:00, run_after=2023-12-23T00:00:00+00:00
[2023-12-23T18:13:20.333+0000] {processor.py:176} INFO - Processing /home/airflow/.local/lib/python3.7/site-packages/airflow/example_dags/example_branch_operator_decorator.py took 0.125 seconds
[2023-12-23T18:13:51.097+0000] {processor.py:154} INFO - Started process (PID=199) to work on /home/airflow/.local/lib/python3.7/site-packages/airflow/example_dags/example_branch_operator_decorator.py
[2023-12-23T18:13:51.098+0000] {processor.py:756} INFO - Processing file /home/airflow/.local/lib/python3.7/site-packages/airflow/example_dags/example_branch_operator_decorator.py for tasks to queue
[2023-12-23T18:13:51.099+0000] {logging_mixin.py:120} INFO - [2023-12-23T18:13:51.099+0000] {dagbag.py:537} INFO - Filling up the DagBag from /home/airflow/.local/lib/python3.7/site-packages/airflow/example_dags/example_branch_operator_decorator.py
[2023-12-23T18:13:51.129+0000] {processor.py:766} INFO - DAG(s) dict_keys(['example_branch_python_operator_decorator']) retrieved from /home/airflow/.local/lib/python3.7/site-packages/airflow/example_dags/example_branch_operator_decorator.py
[2023-12-23T18:13:51.176+0000] {logging_mixin.py:120} INFO - [2023-12-23T18:13:51.176+0000] {dag.py:2585} INFO - Sync 1 DAGs
[2023-12-23T18:13:51.212+0000] {logging_mixin.py:120} INFO - [2023-12-23T18:13:51.212+0000] {dag.py:3340} INFO - Setting next_dagrun for example_branch_python_operator_decorator to 2023-12-22T00:00:00+00:00, run_after=2023-12-23T00:00:00+00:00
[2023-12-23T18:13:51.239+0000] {processor.py:176} INFO - Processing /home/airflow/.local/lib/python3.7/site-packages/airflow/example_dags/example_branch_operator_decorator.py took 0.145 seconds
[2023-12-23T18:14:21.924+0000] {processor.py:154} INFO - Started process (PID=253) to work on /home/airflow/.local/lib/python3.7/site-packages/airflow/example_dags/example_branch_operator_decorator.py
[2023-12-23T18:14:21.924+0000] {processor.py:756} INFO - Processing file /home/airflow/.local/lib/python3.7/site-packages/airflow/example_dags/example_branch_operator_decorator.py for tasks to queue
[2023-12-23T18:14:21.925+0000] {logging_mixin.py:120} INFO - [2023-12-23T18:14:21.925+0000] {dagbag.py:537} INFO - Filling up the DagBag from /home/airflow/.local/lib/python3.7/site-packages/airflow/example_dags/example_branch_operator_decorator.py
[2023-12-23T18:14:21.945+0000] {processor.py:766} INFO - DAG(s) dict_keys(['example_branch_python_operator_decorator']) retrieved from /home/airflow/.local/lib/python3.7/site-packages/airflow/example_dags/example_branch_operator_decorator.py
[2023-12-23T18:14:21.981+0000] {logging_mixin.py:120} INFO - [2023-12-23T18:14:21.981+0000] {dag.py:2585} INFO - Sync 1 DAGs
[2023-12-23T18:14:22.002+0000] {logging_mixin.py:120} INFO - [2023-12-23T18:14:22.002+0000] {dag.py:3340} INFO - Setting next_dagrun for example_branch_python_operator_decorator to 2023-12-22T00:00:00+00:00, run_after=2023-12-23T00:00:00+00:00
[2023-12-23T18:14:22.022+0000] {processor.py:176} INFO - Processing /home/airflow/.local/lib/python3.7/site-packages/airflow/example_dags/example_branch_operator_decorator.py took 0.100 seconds
[2023-12-23T18:14:52.880+0000] {processor.py:154} INFO - Started process (PID=317) to work on /home/airflow/.local/lib/python3.7/site-packages/airflow/example_dags/example_branch_operator_decorator.py
[2023-12-23T18:14:52.881+0000] {processor.py:756} INFO - Processing file /home/airflow/.local/lib/python3.7/site-packages/airflow/example_dags/example_branch_operator_decorator.py for tasks to queue
[2023-12-23T18:14:52.882+0000] {logging_mixin.py:120} INFO - [2023-12-23T18:14:52.881+0000] {dagbag.py:537} INFO - Filling up the DagBag from /home/airflow/.local/lib/python3.7/site-packages/airflow/example_dags/example_branch_operator_decorator.py
[2023-12-23T18:14:52.903+0000] {processor.py:766} INFO - DAG(s) dict_keys(['example_branch_python_operator_decorator']) retrieved from /home/airflow/.local/lib/python3.7/site-packages/airflow/example_dags/example_branch_operator_decorator.py
[2023-12-23T18:14:52.939+0000] {logging_mixin.py:120} INFO - [2023-12-23T18:14:52.939+0000] {dag.py:2585} INFO - Sync 1 DAGs
[2023-12-23T18:14:52.962+0000] {logging_mixin.py:120} INFO - [2023-12-23T18:14:52.962+0000] {dag.py:3340} INFO - Setting next_dagrun for example_branch_python_operator_decorator to 2023-12-22T00:00:00+00:00, run_after=2023-12-23T00:00:00+00:00
[2023-12-23T18:14:52.985+0000] {processor.py:176} INFO - Processing /home/airflow/.local/lib/python3.7/site-packages/airflow/example_dags/example_branch_operator_decorator.py took 0.107 seconds
[2023-12-23T18:15:23.178+0000] {processor.py:154} INFO - Started process (PID=380) to work on /home/airflow/.local/lib/python3.7/site-packages/airflow/example_dags/example_branch_operator_decorator.py
[2023-12-23T18:15:23.179+0000] {processor.py:756} INFO - Processing file /home/airflow/.local/lib/python3.7/site-packages/airflow/example_dags/example_branch_operator_decorator.py for tasks to queue
[2023-12-23T18:15:23.179+0000] {logging_mixin.py:120} INFO - [2023-12-23T18:15:23.179+0000] {dagbag.py:537} INFO - Filling up the DagBag from /home/airflow/.local/lib/python3.7/site-packages/airflow/example_dags/example_branch_operator_decorator.py
[2023-12-23T18:15:23.199+0000] {processor.py:766} INFO - DAG(s) dict_keys(['example_branch_python_operator_decorator']) retrieved from /home/airflow/.local/lib/python3.7/site-packages/airflow/example_dags/example_branch_operator_decorator.py
[2023-12-23T18:15:23.234+0000] {logging_mixin.py:120} INFO - [2023-12-23T18:15:23.233+0000] {dag.py:2585} INFO - Sync 1 DAGs
[2023-12-23T18:15:23.255+0000] {logging_mixin.py:120} INFO - [2023-12-23T18:15:23.255+0000] {dag.py:3340} INFO - Setting next_dagrun for example_branch_python_operator_decorator to 2023-12-22T00:00:00+00:00, run_after=2023-12-23T00:00:00+00:00
[2023-12-23T18:15:23.276+0000] {processor.py:176} INFO - Processing /home/airflow/.local/lib/python3.7/site-packages/airflow/example_dags/example_branch_operator_decorator.py took 0.100 seconds
[2023-12-23T18:15:54.135+0000] {processor.py:154} INFO - Started process (PID=441) to work on /home/airflow/.local/lib/python3.7/site-packages/airflow/example_dags/example_branch_operator_decorator.py
[2023-12-23T18:15:54.136+0000] {processor.py:756} INFO - Processing file /home/airflow/.local/lib/python3.7/site-packages/airflow/example_dags/example_branch_operator_decorator.py for tasks to queue
[2023-12-23T18:15:54.137+0000] {logging_mixin.py:120} INFO - [2023-12-23T18:15:54.137+0000] {dagbag.py:537} INFO - Filling up the DagBag from /home/airflow/.local/lib/python3.7/site-packages/airflow/example_dags/example_branch_operator_decorator.py
[2023-12-23T18:15:54.170+0000] {processor.py:766} INFO - DAG(s) dict_keys(['example_branch_python_operator_decorator']) retrieved from /home/airflow/.local/lib/python3.7/site-packages/airflow/example_dags/example_branch_operator_decorator.py
[2023-12-23T18:15:54.221+0000] {logging_mixin.py:120} INFO - [2023-12-23T18:15:54.221+0000] {dag.py:2585} INFO - Sync 1 DAGs
[2023-12-23T18:15:54.259+0000] {logging_mixin.py:120} INFO - [2023-12-23T18:15:54.259+0000] {dag.py:3340} INFO - Setting next_dagrun for example_branch_python_operator_decorator to 2023-12-22T00:00:00+00:00, run_after=2023-12-23T00:00:00+00:00
[2023-12-23T18:15:54.295+0000] {processor.py:176} INFO - Processing /home/airflow/.local/lib/python3.7/site-packages/airflow/example_dags/example_branch_operator_decorator.py took 0.165 seconds
[2023-12-23T18:16:24.913+0000] {processor.py:154} INFO - Started process (PID=498) to work on /home/airflow/.local/lib/python3.7/site-packages/airflow/example_dags/example_branch_operator_decorator.py
[2023-12-23T18:16:24.913+0000] {processor.py:756} INFO - Processing file /home/airflow/.local/lib/python3.7/site-packages/airflow/example_dags/example_branch_operator_decorator.py for tasks to queue
[2023-12-23T18:16:24.914+0000] {logging_mixin.py:120} INFO - [2023-12-23T18:16:24.914+0000] {dagbag.py:537} INFO - Filling up the DagBag from /home/airflow/.local/lib/python3.7/site-packages/airflow/example_dags/example_branch_operator_decorator.py
[2023-12-23T18:16:24.935+0000] {processor.py:766} INFO - DAG(s) dict_keys(['example_branch_python_operator_decorator']) retrieved from /home/airflow/.local/lib/python3.7/site-packages/airflow/example_dags/example_branch_operator_decorator.py
[2023-12-23T18:16:24.972+0000] {logging_mixin.py:120} INFO - [2023-12-23T18:16:24.972+0000] {dag.py:2585} INFO - Sync 1 DAGs
[2023-12-23T18:16:24.993+0000] {logging_mixin.py:120} INFO - [2023-12-23T18:16:24.993+0000] {dag.py:3340} INFO - Setting next_dagrun for example_branch_python_operator_decorator to 2023-12-22T00:00:00+00:00, run_after=2023-12-23T00:00:00+00:00
[2023-12-23T18:16:25.014+0000] {processor.py:176} INFO - Processing /home/airflow/.local/lib/python3.7/site-packages/airflow/example_dags/example_branch_operator_decorator.py took 0.103 seconds
[2023-12-23T18:16:55.676+0000] {processor.py:154} INFO - Started process (PID=562) to work on /home/airflow/.local/lib/python3.7/site-packages/airflow/example_dags/example_branch_operator_decorator.py
[2023-12-23T18:16:55.677+0000] {processor.py:756} INFO - Processing file /home/airflow/.local/lib/python3.7/site-packages/airflow/example_dags/example_branch_operator_decorator.py for tasks to queue
[2023-12-23T18:16:55.678+0000] {logging_mixin.py:120} INFO - [2023-12-23T18:16:55.678+0000] {dagbag.py:537} INFO - Filling up the DagBag from /home/airflow/.local/lib/python3.7/site-packages/airflow/example_dags/example_branch_operator_decorator.py
[2023-12-23T18:16:55.706+0000] {processor.py:766} INFO - DAG(s) dict_keys(['example_branch_python_operator_decorator']) retrieved from /home/airflow/.local/lib/python3.7/site-packages/airflow/example_dags/example_branch_operator_decorator.py
[2023-12-23T18:16:55.746+0000] {logging_mixin.py:120} INFO - [2023-12-23T18:16:55.746+0000] {dag.py:2585} INFO - Sync 1 DAGs
[2023-12-23T18:16:55.769+0000] {logging_mixin.py:120} INFO - [2023-12-23T18:16:55.769+0000] {dag.py:3340} INFO - Setting next_dagrun for example_branch_python_operator_decorator to 2023-12-22T00:00:00+00:00, run_after=2023-12-23T00:00:00+00:00
[2023-12-23T18:16:55.794+0000] {processor.py:176} INFO - Processing /home/airflow/.local/lib/python3.7/site-packages/airflow/example_dags/example_branch_operator_decorator.py took 0.121 seconds
[2023-12-23T18:17:26.552+0000] {processor.py:154} INFO - Started process (PID=626) to work on /home/airflow/.local/lib/python3.7/site-packages/airflow/example_dags/example_branch_operator_decorator.py
[2023-12-23T18:17:26.552+0000] {processor.py:756} INFO - Processing file /home/airflow/.local/lib/python3.7/site-packages/airflow/example_dags/example_branch_operator_decorator.py for tasks to queue
[2023-12-23T18:17:26.553+0000] {logging_mixin.py:120} INFO - [2023-12-23T18:17:26.553+0000] {dagbag.py:537} INFO - Filling up the DagBag from /home/airflow/.local/lib/python3.7/site-packages/airflow/example_dags/example_branch_operator_decorator.py
[2023-12-23T18:17:26.573+0000] {processor.py:766} INFO - DAG(s) dict_keys(['example_branch_python_operator_decorator']) retrieved from /home/airflow/.local/lib/python3.7/site-packages/airflow/example_dags/example_branch_operator_decorator.py
[2023-12-23T18:17:26.615+0000] {logging_mixin.py:120} INFO - [2023-12-23T18:17:26.615+0000] {dag.py:2585} INFO - Sync 1 DAGs
[2023-12-23T18:17:26.646+0000] {logging_mixin.py:120} INFO - [2023-12-23T18:17:26.646+0000] {dag.py:3340} INFO - Setting next_dagrun for example_branch_python_operator_decorator to 2023-12-22T00:00:00+00:00, run_after=2023-12-23T00:00:00+00:00
[2023-12-23T18:17:26.666+0000] {processor.py:176} INFO - Processing /home/airflow/.local/lib/python3.7/site-packages/airflow/example_dags/example_branch_operator_decorator.py took 0.117 seconds
[2023-12-23T18:17:57.361+0000] {processor.py:154} INFO - Started process (PID=681) to work on /home/airflow/.local/lib/python3.7/site-packages/airflow/example_dags/example_branch_operator_decorator.py
[2023-12-23T18:17:57.362+0000] {processor.py:756} INFO - Processing file /home/airflow/.local/lib/python3.7/site-packages/airflow/example_dags/example_branch_operator_decorator.py for tasks to queue
[2023-12-23T18:17:57.363+0000] {logging_mixin.py:120} INFO - [2023-12-23T18:17:57.362+0000] {dagbag.py:537} INFO - Filling up the DagBag from /home/airflow/.local/lib/python3.7/site-packages/airflow/example_dags/example_branch_operator_decorator.py
[2023-12-23T18:17:57.388+0000] {processor.py:766} INFO - DAG(s) dict_keys(['example_branch_python_operator_decorator']) retrieved from /home/airflow/.local/lib/python3.7/site-packages/airflow/example_dags/example_branch_operator_decorator.py
[2023-12-23T18:17:57.437+0000] {logging_mixin.py:120} INFO - [2023-12-23T18:17:57.436+0000] {dag.py:2585} INFO - Sync 1 DAGs
[2023-12-23T18:17:57.473+0000] {logging_mixin.py:120} INFO - [2023-12-23T18:17:57.473+0000] {dag.py:3340} INFO - Setting next_dagrun for example_branch_python_operator_decorator to 2023-12-22T00:00:00+00:00, run_after=2023-12-23T00:00:00+00:00
[2023-12-23T18:17:57.501+0000] {processor.py:176} INFO - Processing /home/airflow/.local/lib/python3.7/site-packages/airflow/example_dags/example_branch_operator_decorator.py took 0.143 seconds
[2023-12-23T18:18:28.163+0000] {processor.py:154} INFO - Started process (PID=745) to work on /home/airflow/.local/lib/python3.7/site-packages/airflow/example_dags/example_branch_operator_decorator.py
[2023-12-23T18:18:28.164+0000] {processor.py:756} INFO - Processing file /home/airflow/.local/lib/python3.7/site-packages/airflow/example_dags/example_branch_operator_decorator.py for tasks to queue
[2023-12-23T18:18:28.165+0000] {logging_mixin.py:120} INFO - [2023-12-23T18:18:28.165+0000] {dagbag.py:537} INFO - Filling up the DagBag from /home/airflow/.local/lib/python3.7/site-packages/airflow/example_dags/example_branch_operator_decorator.py
[2023-12-23T18:18:28.193+0000] {processor.py:766} INFO - DAG(s) dict_keys(['example_branch_python_operator_decorator']) retrieved from /home/airflow/.local/lib/python3.7/site-packages/airflow/example_dags/example_branch_operator_decorator.py
[2023-12-23T18:18:28.249+0000] {logging_mixin.py:120} INFO - [2023-12-23T18:18:28.249+0000] {dag.py:2585} INFO - Sync 1 DAGs
[2023-12-23T18:18:28.277+0000] {logging_mixin.py:120} INFO - [2023-12-23T18:18:28.277+0000] {dag.py:3340} INFO - Setting next_dagrun for example_branch_python_operator_decorator to 2023-12-22T00:00:00+00:00, run_after=2023-12-23T00:00:00+00:00
[2023-12-23T18:18:28.301+0000] {processor.py:176} INFO - Processing /home/airflow/.local/lib/python3.7/site-packages/airflow/example_dags/example_branch_operator_decorator.py took 0.142 seconds
[2023-12-23T18:18:58.889+0000] {processor.py:154} INFO - Started process (PID=809) to work on /home/airflow/.local/lib/python3.7/site-packages/airflow/example_dags/example_branch_operator_decorator.py
[2023-12-23T18:18:58.889+0000] {processor.py:756} INFO - Processing file /home/airflow/.local/lib/python3.7/site-packages/airflow/example_dags/example_branch_operator_decorator.py for tasks to queue
[2023-12-23T18:18:58.890+0000] {logging_mixin.py:120} INFO - [2023-12-23T18:18:58.890+0000] {dagbag.py:537} INFO - Filling up the DagBag from /home/airflow/.local/lib/python3.7/site-packages/airflow/example_dags/example_branch_operator_decorator.py
[2023-12-23T18:18:58.919+0000] {processor.py:766} INFO - DAG(s) dict_keys(['example_branch_python_operator_decorator']) retrieved from /home/airflow/.local/lib/python3.7/site-packages/airflow/example_dags/example_branch_operator_decorator.py
[2023-12-23T18:18:58.967+0000] {logging_mixin.py:120} INFO - [2023-12-23T18:18:58.967+0000] {dag.py:2585} INFO - Sync 1 DAGs
[2023-12-23T18:18:58.993+0000] {logging_mixin.py:120} INFO - [2023-12-23T18:18:58.993+0000] {dag.py:3340} INFO - Setting next_dagrun for example_branch_python_operator_decorator to 2023-12-22T00:00:00+00:00, run_after=2023-12-23T00:00:00+00:00
[2023-12-23T18:18:59.016+0000] {processor.py:176} INFO - Processing /home/airflow/.local/lib/python3.7/site-packages/airflow/example_dags/example_branch_operator_decorator.py took 0.131 seconds
[2023-12-23T18:19:29.854+0000] {processor.py:154} INFO - Started process (PID=873) to work on /home/airflow/.local/lib/python3.7/site-packages/airflow/example_dags/example_branch_operator_decorator.py
[2023-12-23T18:19:29.854+0000] {processor.py:756} INFO - Processing file /home/airflow/.local/lib/python3.7/site-packages/airflow/example_dags/example_branch_operator_decorator.py for tasks to queue
[2023-12-23T18:19:29.855+0000] {logging_mixin.py:120} INFO - [2023-12-23T18:19:29.855+0000] {dagbag.py:537} INFO - Filling up the DagBag from /home/airflow/.local/lib/python3.7/site-packages/airflow/example_dags/example_branch_operator_decorator.py
[2023-12-23T18:19:29.875+0000] {processor.py:766} INFO - DAG(s) dict_keys(['example_branch_python_operator_decorator']) retrieved from /home/airflow/.local/lib/python3.7/site-packages/airflow/example_dags/example_branch_operator_decorator.py
[2023-12-23T18:19:29.909+0000] {logging_mixin.py:120} INFO - [2023-12-23T18:19:29.909+0000] {dag.py:2585} INFO - Sync 1 DAGs
[2023-12-23T18:19:29.931+0000] {logging_mixin.py:120} INFO - [2023-12-23T18:19:29.931+0000] {dag.py:3340} INFO - Setting next_dagrun for example_branch_python_operator_decorator to 2023-12-22T00:00:00+00:00, run_after=2023-12-23T00:00:00+00:00
[2023-12-23T18:19:29.953+0000] {processor.py:176} INFO - Processing /home/airflow/.local/lib/python3.7/site-packages/airflow/example_dags/example_branch_operator_decorator.py took 0.102 seconds
[2023-12-23T18:20:00.611+0000] {processor.py:154} INFO - Started process (PID=928) to work on /home/airflow/.local/lib/python3.7/site-packages/airflow/example_dags/example_branch_operator_decorator.py
[2023-12-23T18:20:00.613+0000] {processor.py:756} INFO - Processing file /home/airflow/.local/lib/python3.7/site-packages/airflow/example_dags/example_branch_operator_decorator.py for tasks to queue
[2023-12-23T18:20:00.613+0000] {logging_mixin.py:120} INFO - [2023-12-23T18:20:00.613+0000] {dagbag.py:537} INFO - Filling up the DagBag from /home/airflow/.local/lib/python3.7/site-packages/airflow/example_dags/example_branch_operator_decorator.py
[2023-12-23T18:20:00.675+0000] {processor.py:766} INFO - DAG(s) dict_keys(['example_branch_python_operator_decorator']) retrieved from /home/airflow/.local/lib/python3.7/site-packages/airflow/example_dags/example_branch_operator_decorator.py
[2023-12-23T18:20:00.732+0000] {logging_mixin.py:120} INFO - [2023-12-23T18:20:00.732+0000] {dag.py:2585} INFO - Sync 1 DAGs
[2023-12-23T18:20:00.769+0000] {logging_mixin.py:120} INFO - [2023-12-23T18:20:00.769+0000] {dag.py:3340} INFO - Setting next_dagrun for example_branch_python_operator_decorator to 2023-12-22T00:00:00+00:00, run_after=2023-12-23T00:00:00+00:00
[2023-12-23T18:20:00.802+0000] {processor.py:176} INFO - Processing /home/airflow/.local/lib/python3.7/site-packages/airflow/example_dags/example_branch_operator_decorator.py took 0.197 seconds
[2023-12-23T18:21:05.964+0000] {processor.py:154} INFO - Started process (PID=73) to work on /home/airflow/.local/lib/python3.7/site-packages/airflow/example_dags/example_branch_operator_decorator.py
[2023-12-23T18:21:05.965+0000] {processor.py:756} INFO - Processing file /home/airflow/.local/lib/python3.7/site-packages/airflow/example_dags/example_branch_operator_decorator.py for tasks to queue
[2023-12-23T18:21:05.965+0000] {logging_mixin.py:120} INFO - [2023-12-23T18:21:05.965+0000] {dagbag.py:537} INFO - Filling up the DagBag from /home/airflow/.local/lib/python3.7/site-packages/airflow/example_dags/example_branch_operator_decorator.py
[2023-12-23T18:21:05.999+0000] {processor.py:766} INFO - DAG(s) dict_keys(['example_branch_python_operator_decorator']) retrieved from /home/airflow/.local/lib/python3.7/site-packages/airflow/example_dags/example_branch_operator_decorator.py
[2023-12-23T18:21:06.044+0000] {logging_mixin.py:120} INFO - [2023-12-23T18:21:06.044+0000] {dag.py:2585} INFO - Sync 1 DAGs
[2023-12-23T18:21:06.076+0000] {logging_mixin.py:120} INFO - [2023-12-23T18:21:06.076+0000] {dag.py:3340} INFO - Setting next_dagrun for example_branch_python_operator_decorator to 2023-12-22T00:00:00+00:00, run_after=2023-12-23T00:00:00+00:00
[2023-12-23T18:21:06.124+0000] {processor.py:176} INFO - Processing /home/airflow/.local/lib/python3.7/site-packages/airflow/example_dags/example_branch_operator_decorator.py took 0.164 seconds
[2023-12-23T18:21:36.533+0000] {processor.py:154} INFO - Started process (PID=136) to work on /home/airflow/.local/lib/python3.7/site-packages/airflow/example_dags/example_branch_operator_decorator.py
[2023-12-23T18:21:36.534+0000] {processor.py:756} INFO - Processing file /home/airflow/.local/lib/python3.7/site-packages/airflow/example_dags/example_branch_operator_decorator.py for tasks to queue
[2023-12-23T18:21:36.535+0000] {logging_mixin.py:120} INFO - [2023-12-23T18:21:36.535+0000] {dagbag.py:537} INFO - Filling up the DagBag from /home/airflow/.local/lib/python3.7/site-packages/airflow/example_dags/example_branch_operator_decorator.py
[2023-12-23T18:21:36.567+0000] {processor.py:766} INFO - DAG(s) dict_keys(['example_branch_python_operator_decorator']) retrieved from /home/airflow/.local/lib/python3.7/site-packages/airflow/example_dags/example_branch_operator_decorator.py
[2023-12-23T18:21:36.619+0000] {logging_mixin.py:120} INFO - [2023-12-23T18:21:36.619+0000] {dag.py:2585} INFO - Sync 1 DAGs
[2023-12-23T18:21:36.667+0000] {logging_mixin.py:120} INFO - [2023-12-23T18:21:36.667+0000] {dag.py:3340} INFO - Setting next_dagrun for example_branch_python_operator_decorator to 2023-12-22T00:00:00+00:00, run_after=2023-12-23T00:00:00+00:00
[2023-12-23T18:21:36.701+0000] {processor.py:176} INFO - Processing /home/airflow/.local/lib/python3.7/site-packages/airflow/example_dags/example_branch_operator_decorator.py took 0.171 seconds
[2023-12-23T18:22:06.805+0000] {processor.py:154} INFO - Started process (PID=193) to work on /home/airflow/.local/lib/python3.7/site-packages/airflow/example_dags/example_branch_operator_decorator.py
[2023-12-23T18:22:06.806+0000] {processor.py:756} INFO - Processing file /home/airflow/.local/lib/python3.7/site-packages/airflow/example_dags/example_branch_operator_decorator.py for tasks to queue
[2023-12-23T18:22:06.807+0000] {logging_mixin.py:120} INFO - [2023-12-23T18:22:06.806+0000] {dagbag.py:537} INFO - Filling up the DagBag from /home/airflow/.local/lib/python3.7/site-packages/airflow/example_dags/example_branch_operator_decorator.py
[2023-12-23T18:22:06.835+0000] {processor.py:766} INFO - DAG(s) dict_keys(['example_branch_python_operator_decorator']) retrieved from /home/airflow/.local/lib/python3.7/site-packages/airflow/example_dags/example_branch_operator_decorator.py
[2023-12-23T18:22:06.870+0000] {logging_mixin.py:120} INFO - [2023-12-23T18:22:06.870+0000] {dag.py:2585} INFO - Sync 1 DAGs
[2023-12-23T18:22:06.892+0000] {logging_mixin.py:120} INFO - [2023-12-23T18:22:06.892+0000] {dag.py:3340} INFO - Setting next_dagrun for example_branch_python_operator_decorator to 2023-12-22T00:00:00+00:00, run_after=2023-12-23T00:00:00+00:00
[2023-12-23T18:22:06.912+0000] {processor.py:176} INFO - Processing /home/airflow/.local/lib/python3.7/site-packages/airflow/example_dags/example_branch_operator_decorator.py took 0.110 seconds
[2023-12-23T18:22:37.300+0000] {processor.py:154} INFO - Started process (PID=256) to work on /home/airflow/.local/lib/python3.7/site-packages/airflow/example_dags/example_branch_operator_decorator.py
[2023-12-23T18:22:37.301+0000] {processor.py:756} INFO - Processing file /home/airflow/.local/lib/python3.7/site-packages/airflow/example_dags/example_branch_operator_decorator.py for tasks to queue
[2023-12-23T18:22:37.301+0000] {logging_mixin.py:120} INFO - [2023-12-23T18:22:37.301+0000] {dagbag.py:537} INFO - Filling up the DagBag from /home/airflow/.local/lib/python3.7/site-packages/airflow/example_dags/example_branch_operator_decorator.py
[2023-12-23T18:22:37.330+0000] {processor.py:766} INFO - DAG(s) dict_keys(['example_branch_python_operator_decorator']) retrieved from /home/airflow/.local/lib/python3.7/site-packages/airflow/example_dags/example_branch_operator_decorator.py
[2023-12-23T18:22:37.372+0000] {logging_mixin.py:120} INFO - [2023-12-23T18:22:37.372+0000] {dag.py:2585} INFO - Sync 1 DAGs
[2023-12-23T18:22:37.399+0000] {logging_mixin.py:120} INFO - [2023-12-23T18:22:37.399+0000] {dag.py:3340} INFO - Setting next_dagrun for example_branch_python_operator_decorator to 2023-12-22T00:00:00+00:00, run_after=2023-12-23T00:00:00+00:00
[2023-12-23T18:22:37.420+0000] {processor.py:176} INFO - Processing /home/airflow/.local/lib/python3.7/site-packages/airflow/example_dags/example_branch_operator_decorator.py took 0.123 seconds
[2023-12-23T18:23:07.560+0000] {processor.py:154} INFO - Started process (PID=320) to work on /home/airflow/.local/lib/python3.7/site-packages/airflow/example_dags/example_branch_operator_decorator.py
[2023-12-23T18:23:07.562+0000] {processor.py:756} INFO - Processing file /home/airflow/.local/lib/python3.7/site-packages/airflow/example_dags/example_branch_operator_decorator.py for tasks to queue
[2023-12-23T18:23:07.562+0000] {logging_mixin.py:120} INFO - [2023-12-23T18:23:07.562+0000] {dagbag.py:537} INFO - Filling up the DagBag from /home/airflow/.local/lib/python3.7/site-packages/airflow/example_dags/example_branch_operator_decorator.py
[2023-12-23T18:23:07.587+0000] {processor.py:766} INFO - DAG(s) dict_keys(['example_branch_python_operator_decorator']) retrieved from /home/airflow/.local/lib/python3.7/site-packages/airflow/example_dags/example_branch_operator_decorator.py
[2023-12-23T18:23:07.630+0000] {logging_mixin.py:120} INFO - [2023-12-23T18:23:07.630+0000] {dag.py:2585} INFO - Sync 1 DAGs
[2023-12-23T18:23:07.655+0000] {logging_mixin.py:120} INFO - [2023-12-23T18:23:07.655+0000] {dag.py:3340} INFO - Setting next_dagrun for example_branch_python_operator_decorator to 2023-12-22T00:00:00+00:00, run_after=2023-12-23T00:00:00+00:00
[2023-12-23T18:23:07.676+0000] {processor.py:176} INFO - Processing /home/airflow/.local/lib/python3.7/site-packages/airflow/example_dags/example_branch_operator_decorator.py took 0.120 seconds
[2023-12-23T18:23:38.343+0000] {processor.py:154} INFO - Started process (PID=375) to work on /home/airflow/.local/lib/python3.7/site-packages/airflow/example_dags/example_branch_operator_decorator.py
[2023-12-23T18:23:38.344+0000] {processor.py:756} INFO - Processing file /home/airflow/.local/lib/python3.7/site-packages/airflow/example_dags/example_branch_operator_decorator.py for tasks to queue
[2023-12-23T18:23:38.345+0000] {logging_mixin.py:120} INFO - [2023-12-23T18:23:38.345+0000] {dagbag.py:537} INFO - Filling up the DagBag from /home/airflow/.local/lib/python3.7/site-packages/airflow/example_dags/example_branch_operator_decorator.py
[2023-12-23T18:23:38.373+0000] {processor.py:766} INFO - DAG(s) dict_keys(['example_branch_python_operator_decorator']) retrieved from /home/airflow/.local/lib/python3.7/site-packages/airflow/example_dags/example_branch_operator_decorator.py
[2023-12-23T18:23:38.413+0000] {logging_mixin.py:120} INFO - [2023-12-23T18:23:38.413+0000] {dag.py:2585} INFO - Sync 1 DAGs
[2023-12-23T18:23:38.439+0000] {logging_mixin.py:120} INFO - [2023-12-23T18:23:38.439+0000] {dag.py:3340} INFO - Setting next_dagrun for example_branch_python_operator_decorator to 2023-12-22T00:00:00+00:00, run_after=2023-12-23T00:00:00+00:00
[2023-12-23T18:23:38.460+0000] {processor.py:176} INFO - Processing /home/airflow/.local/lib/python3.7/site-packages/airflow/example_dags/example_branch_operator_decorator.py took 0.120 seconds
[2023-12-23T18:24:40.201+0000] {processor.py:154} INFO - Started process (PID=73) to work on /home/airflow/.local/lib/python3.7/site-packages/airflow/example_dags/example_branch_operator_decorator.py
[2023-12-23T18:24:40.208+0000] {processor.py:756} INFO - Processing file /home/airflow/.local/lib/python3.7/site-packages/airflow/example_dags/example_branch_operator_decorator.py for tasks to queue
[2023-12-23T18:24:40.209+0000] {logging_mixin.py:120} INFO - [2023-12-23T18:24:40.209+0000] {dagbag.py:537} INFO - Filling up the DagBag from /home/airflow/.local/lib/python3.7/site-packages/airflow/example_dags/example_branch_operator_decorator.py
[2023-12-23T18:24:40.255+0000] {processor.py:766} INFO - DAG(s) dict_keys(['example_branch_python_operator_decorator']) retrieved from /home/airflow/.local/lib/python3.7/site-packages/airflow/example_dags/example_branch_operator_decorator.py
[2023-12-23T18:24:40.287+0000] {logging_mixin.py:120} INFO - [2023-12-23T18:24:40.287+0000] {dag.py:2585} INFO - Sync 1 DAGs
[2023-12-23T18:24:40.323+0000] {logging_mixin.py:120} INFO - [2023-12-23T18:24:40.323+0000] {dag.py:3340} INFO - Setting next_dagrun for example_branch_python_operator_decorator to 2023-12-22T00:00:00+00:00, run_after=2023-12-23T00:00:00+00:00
[2023-12-23T18:24:40.373+0000] {processor.py:176} INFO - Processing /home/airflow/.local/lib/python3.7/site-packages/airflow/example_dags/example_branch_operator_decorator.py took 0.175 seconds
[2023-12-23T18:25:10.889+0000] {processor.py:154} INFO - Started process (PID=135) to work on /home/airflow/.local/lib/python3.7/site-packages/airflow/example_dags/example_branch_operator_decorator.py
[2023-12-23T18:25:10.890+0000] {processor.py:756} INFO - Processing file /home/airflow/.local/lib/python3.7/site-packages/airflow/example_dags/example_branch_operator_decorator.py for tasks to queue
[2023-12-23T18:25:10.890+0000] {logging_mixin.py:120} INFO - [2023-12-23T18:25:10.890+0000] {dagbag.py:537} INFO - Filling up the DagBag from /home/airflow/.local/lib/python3.7/site-packages/airflow/example_dags/example_branch_operator_decorator.py
[2023-12-23T18:25:10.918+0000] {processor.py:766} INFO - DAG(s) dict_keys(['example_branch_python_operator_decorator']) retrieved from /home/airflow/.local/lib/python3.7/site-packages/airflow/example_dags/example_branch_operator_decorator.py
[2023-12-23T18:25:10.962+0000] {logging_mixin.py:120} INFO - [2023-12-23T18:25:10.962+0000] {dag.py:2585} INFO - Sync 1 DAGs
[2023-12-23T18:25:10.987+0000] {logging_mixin.py:120} INFO - [2023-12-23T18:25:10.987+0000] {dag.py:3340} INFO - Setting next_dagrun for example_branch_python_operator_decorator to 2023-12-22T00:00:00+00:00, run_after=2023-12-23T00:00:00+00:00
[2023-12-23T18:25:11.011+0000] {processor.py:176} INFO - Processing /home/airflow/.local/lib/python3.7/site-packages/airflow/example_dags/example_branch_operator_decorator.py took 0.126 seconds
[2023-12-23T18:25:41.489+0000] {processor.py:154} INFO - Started process (PID=191) to work on /home/airflow/.local/lib/python3.7/site-packages/airflow/example_dags/example_branch_operator_decorator.py
[2023-12-23T18:25:41.489+0000] {processor.py:756} INFO - Processing file /home/airflow/.local/lib/python3.7/site-packages/airflow/example_dags/example_branch_operator_decorator.py for tasks to queue
[2023-12-23T18:25:41.490+0000] {logging_mixin.py:120} INFO - [2023-12-23T18:25:41.490+0000] {dagbag.py:537} INFO - Filling up the DagBag from /home/airflow/.local/lib/python3.7/site-packages/airflow/example_dags/example_branch_operator_decorator.py
[2023-12-23T18:25:41.513+0000] {processor.py:766} INFO - DAG(s) dict_keys(['example_branch_python_operator_decorator']) retrieved from /home/airflow/.local/lib/python3.7/site-packages/airflow/example_dags/example_branch_operator_decorator.py
[2023-12-23T18:25:41.556+0000] {logging_mixin.py:120} INFO - [2023-12-23T18:25:41.556+0000] {dag.py:2585} INFO - Sync 1 DAGs
[2023-12-23T18:25:41.589+0000] {logging_mixin.py:120} INFO - [2023-12-23T18:25:41.589+0000] {dag.py:3340} INFO - Setting next_dagrun for example_branch_python_operator_decorator to 2023-12-22T00:00:00+00:00, run_after=2023-12-23T00:00:00+00:00
[2023-12-23T18:25:41.630+0000] {processor.py:176} INFO - Processing /home/airflow/.local/lib/python3.7/site-packages/airflow/example_dags/example_branch_operator_decorator.py took 0.144 seconds
[2023-12-23T18:26:11.739+0000] {processor.py:154} INFO - Started process (PID=254) to work on /home/airflow/.local/lib/python3.7/site-packages/airflow/example_dags/example_branch_operator_decorator.py
[2023-12-23T18:26:11.740+0000] {processor.py:756} INFO - Processing file /home/airflow/.local/lib/python3.7/site-packages/airflow/example_dags/example_branch_operator_decorator.py for tasks to queue
[2023-12-23T18:26:11.740+0000] {logging_mixin.py:120} INFO - [2023-12-23T18:26:11.740+0000] {dagbag.py:537} INFO - Filling up the DagBag from /home/airflow/.local/lib/python3.7/site-packages/airflow/example_dags/example_branch_operator_decorator.py
[2023-12-23T18:26:11.761+0000] {processor.py:766} INFO - DAG(s) dict_keys(['example_branch_python_operator_decorator']) retrieved from /home/airflow/.local/lib/python3.7/site-packages/airflow/example_dags/example_branch_operator_decorator.py
[2023-12-23T18:26:11.797+0000] {logging_mixin.py:120} INFO - [2023-12-23T18:26:11.797+0000] {dag.py:2585} INFO - Sync 1 DAGs
[2023-12-23T18:26:11.820+0000] {logging_mixin.py:120} INFO - [2023-12-23T18:26:11.820+0000] {dag.py:3340} INFO - Setting next_dagrun for example_branch_python_operator_decorator to 2023-12-22T00:00:00+00:00, run_after=2023-12-23T00:00:00+00:00
[2023-12-23T18:26:11.841+0000] {processor.py:176} INFO - Processing /home/airflow/.local/lib/python3.7/site-packages/airflow/example_dags/example_branch_operator_decorator.py took 0.105 seconds
[2023-12-23T18:35:59.100+0000] {processor.py:154} INFO - Started process (PID=73) to work on /home/airflow/.local/lib/python3.7/site-packages/airflow/example_dags/example_branch_operator_decorator.py
[2023-12-23T18:35:59.101+0000] {processor.py:756} INFO - Processing file /home/airflow/.local/lib/python3.7/site-packages/airflow/example_dags/example_branch_operator_decorator.py for tasks to queue
[2023-12-23T18:35:59.101+0000] {logging_mixin.py:120} INFO - [2023-12-23T18:35:59.101+0000] {dagbag.py:537} INFO - Filling up the DagBag from /home/airflow/.local/lib/python3.7/site-packages/airflow/example_dags/example_branch_operator_decorator.py
[2023-12-23T18:35:59.145+0000] {processor.py:766} INFO - DAG(s) dict_keys(['example_branch_python_operator_decorator']) retrieved from /home/airflow/.local/lib/python3.7/site-packages/airflow/example_dags/example_branch_operator_decorator.py
[2023-12-23T18:35:59.211+0000] {logging_mixin.py:120} INFO - [2023-12-23T18:35:59.211+0000] {dag.py:2585} INFO - Sync 1 DAGs
[2023-12-23T18:35:59.245+0000] {logging_mixin.py:120} INFO - [2023-12-23T18:35:59.245+0000] {dag.py:3340} INFO - Setting next_dagrun for example_branch_python_operator_decorator to 2023-12-22T00:00:00+00:00, run_after=2023-12-23T00:00:00+00:00
[2023-12-23T18:35:59.278+0000] {processor.py:176} INFO - Processing /home/airflow/.local/lib/python3.7/site-packages/airflow/example_dags/example_branch_operator_decorator.py took 0.181 seconds
[2023-12-23T18:36:29.446+0000] {processor.py:154} INFO - Started process (PID=135) to work on /home/airflow/.local/lib/python3.7/site-packages/airflow/example_dags/example_branch_operator_decorator.py
[2023-12-23T18:36:29.447+0000] {processor.py:756} INFO - Processing file /home/airflow/.local/lib/python3.7/site-packages/airflow/example_dags/example_branch_operator_decorator.py for tasks to queue
[2023-12-23T18:36:29.448+0000] {logging_mixin.py:120} INFO - [2023-12-23T18:36:29.448+0000] {dagbag.py:537} INFO - Filling up the DagBag from /home/airflow/.local/lib/python3.7/site-packages/airflow/example_dags/example_branch_operator_decorator.py
[2023-12-23T18:36:29.471+0000] {processor.py:766} INFO - DAG(s) dict_keys(['example_branch_python_operator_decorator']) retrieved from /home/airflow/.local/lib/python3.7/site-packages/airflow/example_dags/example_branch_operator_decorator.py
[2023-12-23T18:36:29.515+0000] {logging_mixin.py:120} INFO - [2023-12-23T18:36:29.515+0000] {dag.py:2585} INFO - Sync 1 DAGs
[2023-12-23T18:36:29.547+0000] {logging_mixin.py:120} INFO - [2023-12-23T18:36:29.547+0000] {dag.py:3340} INFO - Setting next_dagrun for example_branch_python_operator_decorator to 2023-12-22T00:00:00+00:00, run_after=2023-12-23T00:00:00+00:00
[2023-12-23T18:36:29.570+0000] {processor.py:176} INFO - Processing /home/airflow/.local/lib/python3.7/site-packages/airflow/example_dags/example_branch_operator_decorator.py took 0.126 seconds
