[2023-12-23T18:12:47.620+0000] {processor.py:154} INFO - Started process (PID=60) to work on /home/airflow/.local/lib/python3.7/site-packages/airflow/example_dags/example_short_circuit_decorator.py
[2023-12-23T18:12:47.621+0000] {processor.py:756} INFO - Processing file /home/airflow/.local/lib/python3.7/site-packages/airflow/example_dags/example_short_circuit_decorator.py for tasks to queue
[2023-12-23T18:12:47.622+0000] {logging_mixin.py:120} INFO - [2023-12-23T18:12:47.622+0000] {dagbag.py:537} INFO - Filling up the DagBag from /home/airflow/.local/lib/python3.7/site-packages/airflow/example_dags/example_short_circuit_decorator.py
[2023-12-23T18:12:47.661+0000] {processor.py:766} INFO - DAG(s) dict_keys(['example_short_circuit_decorator']) retrieved from /home/airflow/.local/lib/python3.7/site-packages/airflow/example_dags/example_short_circuit_decorator.py
[2023-12-23T18:12:47.712+0000] {logging_mixin.py:120} INFO - [2023-12-23T18:12:47.712+0000] {dag.py:2585} INFO - Sync 1 DAGs
[2023-12-23T18:12:47.770+0000] {logging_mixin.py:120} INFO - [2023-12-23T18:12:47.769+0000] {dag.py:3340} INFO - Setting next_dagrun for example_short_circuit_decorator to 2023-12-22T18:12:47.769536+00:00, run_after=2023-12-23T18:12:47.769536+00:00
[2023-12-23T18:12:47.806+0000] {processor.py:176} INFO - Processing /home/airflow/.local/lib/python3.7/site-packages/airflow/example_dags/example_short_circuit_decorator.py took 0.190 seconds
[2023-12-23T18:13:18.249+0000] {processor.py:154} INFO - Started process (PID=123) to work on /home/airflow/.local/lib/python3.7/site-packages/airflow/example_dags/example_short_circuit_decorator.py
[2023-12-23T18:13:18.249+0000] {processor.py:756} INFO - Processing file /home/airflow/.local/lib/python3.7/site-packages/airflow/example_dags/example_short_circuit_decorator.py for tasks to queue
[2023-12-23T18:13:18.250+0000] {logging_mixin.py:120} INFO - [2023-12-23T18:13:18.250+0000] {dagbag.py:537} INFO - Filling up the DagBag from /home/airflow/.local/lib/python3.7/site-packages/airflow/example_dags/example_short_circuit_decorator.py
[2023-12-23T18:13:18.270+0000] {processor.py:766} INFO - DAG(s) dict_keys(['example_short_circuit_decorator']) retrieved from /home/airflow/.local/lib/python3.7/site-packages/airflow/example_dags/example_short_circuit_decorator.py
[2023-12-23T18:13:18.303+0000] {logging_mixin.py:120} INFO - [2023-12-23T18:13:18.303+0000] {dag.py:2585} INFO - Sync 1 DAGs
[2023-12-23T18:13:18.323+0000] {logging_mixin.py:120} INFO - [2023-12-23T18:13:18.323+0000] {dag.py:3340} INFO - Setting next_dagrun for example_short_circuit_decorator to 2023-12-22T18:13:18.323576+00:00, run_after=2023-12-23T18:13:18.323576+00:00
[2023-12-23T18:13:18.344+0000] {processor.py:176} INFO - Processing /home/airflow/.local/lib/python3.7/site-packages/airflow/example_dags/example_short_circuit_decorator.py took 0.097 seconds
[2023-12-23T18:13:49.008+0000] {processor.py:154} INFO - Started process (PID=177) to work on /home/airflow/.local/lib/python3.7/site-packages/airflow/example_dags/example_short_circuit_decorator.py
[2023-12-23T18:13:49.008+0000] {processor.py:756} INFO - Processing file /home/airflow/.local/lib/python3.7/site-packages/airflow/example_dags/example_short_circuit_decorator.py for tasks to queue
[2023-12-23T18:13:49.009+0000] {logging_mixin.py:120} INFO - [2023-12-23T18:13:49.009+0000] {dagbag.py:537} INFO - Filling up the DagBag from /home/airflow/.local/lib/python3.7/site-packages/airflow/example_dags/example_short_circuit_decorator.py
[2023-12-23T18:13:49.030+0000] {processor.py:766} INFO - DAG(s) dict_keys(['example_short_circuit_decorator']) retrieved from /home/airflow/.local/lib/python3.7/site-packages/airflow/example_dags/example_short_circuit_decorator.py
[2023-12-23T18:13:49.069+0000] {logging_mixin.py:120} INFO - [2023-12-23T18:13:49.069+0000] {dag.py:2585} INFO - Sync 1 DAGs
[2023-12-23T18:13:49.101+0000] {logging_mixin.py:120} INFO - [2023-12-23T18:13:49.101+0000] {dag.py:3340} INFO - Setting next_dagrun for example_short_circuit_decorator to 2023-12-22T18:13:49.100789+00:00, run_after=2023-12-23T18:13:49.100789+00:00
[2023-12-23T18:13:49.129+0000] {processor.py:176} INFO - Processing /home/airflow/.local/lib/python3.7/site-packages/airflow/example_dags/example_short_circuit_decorator.py took 0.123 seconds
[2023-12-23T18:14:20.032+0000] {processor.py:154} INFO - Started process (PID=240) to work on /home/airflow/.local/lib/python3.7/site-packages/airflow/example_dags/example_short_circuit_decorator.py
[2023-12-23T18:14:20.033+0000] {processor.py:756} INFO - Processing file /home/airflow/.local/lib/python3.7/site-packages/airflow/example_dags/example_short_circuit_decorator.py for tasks to queue
[2023-12-23T18:14:20.033+0000] {logging_mixin.py:120} INFO - [2023-12-23T18:14:20.033+0000] {dagbag.py:537} INFO - Filling up the DagBag from /home/airflow/.local/lib/python3.7/site-packages/airflow/example_dags/example_short_circuit_decorator.py
[2023-12-23T18:14:20.055+0000] {processor.py:766} INFO - DAG(s) dict_keys(['example_short_circuit_decorator']) retrieved from /home/airflow/.local/lib/python3.7/site-packages/airflow/example_dags/example_short_circuit_decorator.py
[2023-12-23T18:14:20.091+0000] {logging_mixin.py:120} INFO - [2023-12-23T18:14:20.091+0000] {dag.py:2585} INFO - Sync 1 DAGs
[2023-12-23T18:14:20.120+0000] {logging_mixin.py:120} INFO - [2023-12-23T18:14:20.120+0000] {dag.py:3340} INFO - Setting next_dagrun for example_short_circuit_decorator to 2023-12-22T18:14:20.119764+00:00, run_after=2023-12-23T18:14:20.119764+00:00
[2023-12-23T18:14:20.142+0000] {processor.py:176} INFO - Processing /home/airflow/.local/lib/python3.7/site-packages/airflow/example_dags/example_short_circuit_decorator.py took 0.112 seconds
[2023-12-23T18:14:50.910+0000] {processor.py:154} INFO - Started process (PID=304) to work on /home/airflow/.local/lib/python3.7/site-packages/airflow/example_dags/example_short_circuit_decorator.py
[2023-12-23T18:14:50.911+0000] {processor.py:756} INFO - Processing file /home/airflow/.local/lib/python3.7/site-packages/airflow/example_dags/example_short_circuit_decorator.py for tasks to queue
[2023-12-23T18:14:50.912+0000] {logging_mixin.py:120} INFO - [2023-12-23T18:14:50.912+0000] {dagbag.py:537} INFO - Filling up the DagBag from /home/airflow/.local/lib/python3.7/site-packages/airflow/example_dags/example_short_circuit_decorator.py
[2023-12-23T18:14:50.942+0000] {processor.py:766} INFO - DAG(s) dict_keys(['example_short_circuit_decorator']) retrieved from /home/airflow/.local/lib/python3.7/site-packages/airflow/example_dags/example_short_circuit_decorator.py
[2023-12-23T18:14:50.986+0000] {logging_mixin.py:120} INFO - [2023-12-23T18:14:50.986+0000] {dag.py:2585} INFO - Sync 1 DAGs
[2023-12-23T18:14:51.006+0000] {logging_mixin.py:120} INFO - [2023-12-23T18:14:51.006+0000] {dag.py:3340} INFO - Setting next_dagrun for example_short_circuit_decorator to 2023-12-22T18:14:51.006522+00:00, run_after=2023-12-23T18:14:51.006522+00:00
[2023-12-23T18:14:51.028+0000] {processor.py:176} INFO - Processing /home/airflow/.local/lib/python3.7/site-packages/airflow/example_dags/example_short_circuit_decorator.py took 0.122 seconds
[2023-12-23T18:15:21.243+0000] {processor.py:154} INFO - Started process (PID=367) to work on /home/airflow/.local/lib/python3.7/site-packages/airflow/example_dags/example_short_circuit_decorator.py
[2023-12-23T18:15:21.244+0000] {processor.py:756} INFO - Processing file /home/airflow/.local/lib/python3.7/site-packages/airflow/example_dags/example_short_circuit_decorator.py for tasks to queue
[2023-12-23T18:15:21.245+0000] {logging_mixin.py:120} INFO - [2023-12-23T18:15:21.244+0000] {dagbag.py:537} INFO - Filling up the DagBag from /home/airflow/.local/lib/python3.7/site-packages/airflow/example_dags/example_short_circuit_decorator.py
[2023-12-23T18:15:21.271+0000] {processor.py:766} INFO - DAG(s) dict_keys(['example_short_circuit_decorator']) retrieved from /home/airflow/.local/lib/python3.7/site-packages/airflow/example_dags/example_short_circuit_decorator.py
[2023-12-23T18:15:21.307+0000] {logging_mixin.py:120} INFO - [2023-12-23T18:15:21.306+0000] {dag.py:2585} INFO - Sync 1 DAGs
[2023-12-23T18:15:21.335+0000] {logging_mixin.py:120} INFO - [2023-12-23T18:15:21.335+0000] {dag.py:3340} INFO - Setting next_dagrun for example_short_circuit_decorator to 2023-12-22T18:15:21.335003+00:00, run_after=2023-12-23T18:15:21.335003+00:00
[2023-12-23T18:15:21.362+0000] {processor.py:176} INFO - Processing /home/airflow/.local/lib/python3.7/site-packages/airflow/example_dags/example_short_circuit_decorator.py took 0.122 seconds
[2023-12-23T18:15:52.185+0000] {processor.py:154} INFO - Started process (PID=422) to work on /home/airflow/.local/lib/python3.7/site-packages/airflow/example_dags/example_short_circuit_decorator.py
[2023-12-23T18:15:52.186+0000] {processor.py:756} INFO - Processing file /home/airflow/.local/lib/python3.7/site-packages/airflow/example_dags/example_short_circuit_decorator.py for tasks to queue
[2023-12-23T18:15:52.186+0000] {logging_mixin.py:120} INFO - [2023-12-23T18:15:52.186+0000] {dagbag.py:537} INFO - Filling up the DagBag from /home/airflow/.local/lib/python3.7/site-packages/airflow/example_dags/example_short_circuit_decorator.py
[2023-12-23T18:15:52.214+0000] {processor.py:766} INFO - DAG(s) dict_keys(['example_short_circuit_decorator']) retrieved from /home/airflow/.local/lib/python3.7/site-packages/airflow/example_dags/example_short_circuit_decorator.py
[2023-12-23T18:15:52.258+0000] {logging_mixin.py:120} INFO - [2023-12-23T18:15:52.257+0000] {dag.py:2585} INFO - Sync 1 DAGs
[2023-12-23T18:15:52.284+0000] {logging_mixin.py:120} INFO - [2023-12-23T18:15:52.284+0000] {dag.py:3340} INFO - Setting next_dagrun for example_short_circuit_decorator to 2023-12-22T18:15:52.284074+00:00, run_after=2023-12-23T18:15:52.284074+00:00
[2023-12-23T18:15:52.312+0000] {processor.py:176} INFO - Processing /home/airflow/.local/lib/python3.7/site-packages/airflow/example_dags/example_short_circuit_decorator.py took 0.130 seconds
[2023-12-23T18:16:23.049+0000] {processor.py:154} INFO - Started process (PID=485) to work on /home/airflow/.local/lib/python3.7/site-packages/airflow/example_dags/example_short_circuit_decorator.py
[2023-12-23T18:16:23.050+0000] {processor.py:756} INFO - Processing file /home/airflow/.local/lib/python3.7/site-packages/airflow/example_dags/example_short_circuit_decorator.py for tasks to queue
[2023-12-23T18:16:23.051+0000] {logging_mixin.py:120} INFO - [2023-12-23T18:16:23.051+0000] {dagbag.py:537} INFO - Filling up the DagBag from /home/airflow/.local/lib/python3.7/site-packages/airflow/example_dags/example_short_circuit_decorator.py
[2023-12-23T18:16:23.072+0000] {processor.py:766} INFO - DAG(s) dict_keys(['example_short_circuit_decorator']) retrieved from /home/airflow/.local/lib/python3.7/site-packages/airflow/example_dags/example_short_circuit_decorator.py
[2023-12-23T18:16:23.105+0000] {logging_mixin.py:120} INFO - [2023-12-23T18:16:23.105+0000] {dag.py:2585} INFO - Sync 1 DAGs
[2023-12-23T18:16:23.130+0000] {logging_mixin.py:120} INFO - [2023-12-23T18:16:23.130+0000] {dag.py:3340} INFO - Setting next_dagrun for example_short_circuit_decorator to 2023-12-22T18:16:23.130061+00:00, run_after=2023-12-23T18:16:23.130061+00:00
[2023-12-23T18:16:23.153+0000] {processor.py:176} INFO - Processing /home/airflow/.local/lib/python3.7/site-packages/airflow/example_dags/example_short_circuit_decorator.py took 0.106 seconds
[2023-12-23T18:16:53.762+0000] {processor.py:154} INFO - Started process (PID=549) to work on /home/airflow/.local/lib/python3.7/site-packages/airflow/example_dags/example_short_circuit_decorator.py
[2023-12-23T18:16:53.762+0000] {processor.py:756} INFO - Processing file /home/airflow/.local/lib/python3.7/site-packages/airflow/example_dags/example_short_circuit_decorator.py for tasks to queue
[2023-12-23T18:16:53.763+0000] {logging_mixin.py:120} INFO - [2023-12-23T18:16:53.763+0000] {dagbag.py:537} INFO - Filling up the DagBag from /home/airflow/.local/lib/python3.7/site-packages/airflow/example_dags/example_short_circuit_decorator.py
[2023-12-23T18:16:53.784+0000] {processor.py:766} INFO - DAG(s) dict_keys(['example_short_circuit_decorator']) retrieved from /home/airflow/.local/lib/python3.7/site-packages/airflow/example_dags/example_short_circuit_decorator.py
[2023-12-23T18:16:53.828+0000] {logging_mixin.py:120} INFO - [2023-12-23T18:16:53.828+0000] {dag.py:2585} INFO - Sync 1 DAGs
[2023-12-23T18:16:53.852+0000] {logging_mixin.py:120} INFO - [2023-12-23T18:16:53.852+0000] {dag.py:3340} INFO - Setting next_dagrun for example_short_circuit_decorator to 2023-12-22T18:16:53.852104+00:00, run_after=2023-12-23T18:16:53.852104+00:00
[2023-12-23T18:16:53.879+0000] {processor.py:176} INFO - Processing /home/airflow/.local/lib/python3.7/site-packages/airflow/example_dags/example_short_circuit_decorator.py took 0.119 seconds
[2023-12-23T18:17:24.736+0000] {processor.py:154} INFO - Started process (PID=613) to work on /home/airflow/.local/lib/python3.7/site-packages/airflow/example_dags/example_short_circuit_decorator.py
[2023-12-23T18:17:24.737+0000] {processor.py:756} INFO - Processing file /home/airflow/.local/lib/python3.7/site-packages/airflow/example_dags/example_short_circuit_decorator.py for tasks to queue
[2023-12-23T18:17:24.737+0000] {logging_mixin.py:120} INFO - [2023-12-23T18:17:24.737+0000] {dagbag.py:537} INFO - Filling up the DagBag from /home/airflow/.local/lib/python3.7/site-packages/airflow/example_dags/example_short_circuit_decorator.py
[2023-12-23T18:17:24.765+0000] {processor.py:766} INFO - DAG(s) dict_keys(['example_short_circuit_decorator']) retrieved from /home/airflow/.local/lib/python3.7/site-packages/airflow/example_dags/example_short_circuit_decorator.py
[2023-12-23T18:17:24.814+0000] {logging_mixin.py:120} INFO - [2023-12-23T18:17:24.814+0000] {dag.py:2585} INFO - Sync 1 DAGs
[2023-12-23T18:17:24.844+0000] {logging_mixin.py:120} INFO - [2023-12-23T18:17:24.844+0000] {dag.py:3340} INFO - Setting next_dagrun for example_short_circuit_decorator to 2023-12-22T18:17:24.844367+00:00, run_after=2023-12-23T18:17:24.844367+00:00
[2023-12-23T18:17:24.870+0000] {processor.py:176} INFO - Processing /home/airflow/.local/lib/python3.7/site-packages/airflow/example_dags/example_short_circuit_decorator.py took 0.136 seconds
[2023-12-23T18:17:55.522+0000] {processor.py:154} INFO - Started process (PID=669) to work on /home/airflow/.local/lib/python3.7/site-packages/airflow/example_dags/example_short_circuit_decorator.py
[2023-12-23T18:17:55.522+0000] {processor.py:756} INFO - Processing file /home/airflow/.local/lib/python3.7/site-packages/airflow/example_dags/example_short_circuit_decorator.py for tasks to queue
[2023-12-23T18:17:55.523+0000] {logging_mixin.py:120} INFO - [2023-12-23T18:17:55.523+0000] {dagbag.py:537} INFO - Filling up the DagBag from /home/airflow/.local/lib/python3.7/site-packages/airflow/example_dags/example_short_circuit_decorator.py
[2023-12-23T18:17:55.544+0000] {processor.py:766} INFO - DAG(s) dict_keys(['example_short_circuit_decorator']) retrieved from /home/airflow/.local/lib/python3.7/site-packages/airflow/example_dags/example_short_circuit_decorator.py
[2023-12-23T18:17:55.585+0000] {logging_mixin.py:120} INFO - [2023-12-23T18:17:55.585+0000] {dag.py:2585} INFO - Sync 1 DAGs
[2023-12-23T18:17:55.617+0000] {logging_mixin.py:120} INFO - [2023-12-23T18:17:55.617+0000] {dag.py:3340} INFO - Setting next_dagrun for example_short_circuit_decorator to 2023-12-22T18:17:55.617031+00:00, run_after=2023-12-23T18:17:55.617031+00:00
[2023-12-23T18:17:55.639+0000] {processor.py:176} INFO - Processing /home/airflow/.local/lib/python3.7/site-packages/airflow/example_dags/example_short_circuit_decorator.py took 0.120 seconds
[2023-12-23T18:18:26.352+0000] {processor.py:154} INFO - Started process (PID=733) to work on /home/airflow/.local/lib/python3.7/site-packages/airflow/example_dags/example_short_circuit_decorator.py
[2023-12-23T18:18:26.353+0000] {processor.py:756} INFO - Processing file /home/airflow/.local/lib/python3.7/site-packages/airflow/example_dags/example_short_circuit_decorator.py for tasks to queue
[2023-12-23T18:18:26.353+0000] {logging_mixin.py:120} INFO - [2023-12-23T18:18:26.353+0000] {dagbag.py:537} INFO - Filling up the DagBag from /home/airflow/.local/lib/python3.7/site-packages/airflow/example_dags/example_short_circuit_decorator.py
[2023-12-23T18:18:26.374+0000] {processor.py:766} INFO - DAG(s) dict_keys(['example_short_circuit_decorator']) retrieved from /home/airflow/.local/lib/python3.7/site-packages/airflow/example_dags/example_short_circuit_decorator.py
[2023-12-23T18:18:26.410+0000] {logging_mixin.py:120} INFO - [2023-12-23T18:18:26.410+0000] {dag.py:2585} INFO - Sync 1 DAGs
[2023-12-23T18:18:26.433+0000] {logging_mixin.py:120} INFO - [2023-12-23T18:18:26.432+0000] {dag.py:3340} INFO - Setting next_dagrun for example_short_circuit_decorator to 2023-12-22T18:18:26.432692+00:00, run_after=2023-12-23T18:18:26.432692+00:00
[2023-12-23T18:18:26.454+0000] {processor.py:176} INFO - Processing /home/airflow/.local/lib/python3.7/site-packages/airflow/example_dags/example_short_circuit_decorator.py took 0.105 seconds
[2023-12-23T18:18:57.065+0000] {processor.py:154} INFO - Started process (PID=797) to work on /home/airflow/.local/lib/python3.7/site-packages/airflow/example_dags/example_short_circuit_decorator.py
[2023-12-23T18:18:57.066+0000] {processor.py:756} INFO - Processing file /home/airflow/.local/lib/python3.7/site-packages/airflow/example_dags/example_short_circuit_decorator.py for tasks to queue
[2023-12-23T18:18:57.066+0000] {logging_mixin.py:120} INFO - [2023-12-23T18:18:57.066+0000] {dagbag.py:537} INFO - Filling up the DagBag from /home/airflow/.local/lib/python3.7/site-packages/airflow/example_dags/example_short_circuit_decorator.py
[2023-12-23T18:18:57.088+0000] {processor.py:766} INFO - DAG(s) dict_keys(['example_short_circuit_decorator']) retrieved from /home/airflow/.local/lib/python3.7/site-packages/airflow/example_dags/example_short_circuit_decorator.py
[2023-12-23T18:18:57.125+0000] {logging_mixin.py:120} INFO - [2023-12-23T18:18:57.125+0000] {dag.py:2585} INFO - Sync 1 DAGs
[2023-12-23T18:18:57.149+0000] {logging_mixin.py:120} INFO - [2023-12-23T18:18:57.149+0000] {dag.py:3340} INFO - Setting next_dagrun for example_short_circuit_decorator to 2023-12-22T18:18:57.149126+00:00, run_after=2023-12-23T18:18:57.149126+00:00
[2023-12-23T18:18:57.174+0000] {processor.py:176} INFO - Processing /home/airflow/.local/lib/python3.7/site-packages/airflow/example_dags/example_short_circuit_decorator.py took 0.112 seconds
[2023-12-23T18:19:28.024+0000] {processor.py:154} INFO - Started process (PID=861) to work on /home/airflow/.local/lib/python3.7/site-packages/airflow/example_dags/example_short_circuit_decorator.py
[2023-12-23T18:19:28.025+0000] {processor.py:756} INFO - Processing file /home/airflow/.local/lib/python3.7/site-packages/airflow/example_dags/example_short_circuit_decorator.py for tasks to queue
[2023-12-23T18:19:28.026+0000] {logging_mixin.py:120} INFO - [2023-12-23T18:19:28.026+0000] {dagbag.py:537} INFO - Filling up the DagBag from /home/airflow/.local/lib/python3.7/site-packages/airflow/example_dags/example_short_circuit_decorator.py
[2023-12-23T18:19:28.059+0000] {processor.py:766} INFO - DAG(s) dict_keys(['example_short_circuit_decorator']) retrieved from /home/airflow/.local/lib/python3.7/site-packages/airflow/example_dags/example_short_circuit_decorator.py
[2023-12-23T18:19:28.105+0000] {logging_mixin.py:120} INFO - [2023-12-23T18:19:28.105+0000] {dag.py:2585} INFO - Sync 1 DAGs
[2023-12-23T18:19:28.136+0000] {logging_mixin.py:120} INFO - [2023-12-23T18:19:28.136+0000] {dag.py:3340} INFO - Setting next_dagrun for example_short_circuit_decorator to 2023-12-22T18:19:28.134395+00:00, run_after=2023-12-23T18:19:28.134395+00:00
[2023-12-23T18:19:28.162+0000] {processor.py:176} INFO - Processing /home/airflow/.local/lib/python3.7/site-packages/airflow/example_dags/example_short_circuit_decorator.py took 0.141 seconds
[2023-12-23T18:19:58.642+0000] {processor.py:154} INFO - Started process (PID=915) to work on /home/airflow/.local/lib/python3.7/site-packages/airflow/example_dags/example_short_circuit_decorator.py
[2023-12-23T18:19:58.643+0000] {processor.py:756} INFO - Processing file /home/airflow/.local/lib/python3.7/site-packages/airflow/example_dags/example_short_circuit_decorator.py for tasks to queue
[2023-12-23T18:19:58.643+0000] {logging_mixin.py:120} INFO - [2023-12-23T18:19:58.643+0000] {dagbag.py:537} INFO - Filling up the DagBag from /home/airflow/.local/lib/python3.7/site-packages/airflow/example_dags/example_short_circuit_decorator.py
[2023-12-23T18:19:58.666+0000] {processor.py:766} INFO - DAG(s) dict_keys(['example_short_circuit_decorator']) retrieved from /home/airflow/.local/lib/python3.7/site-packages/airflow/example_dags/example_short_circuit_decorator.py
[2023-12-23T18:19:58.702+0000] {logging_mixin.py:120} INFO - [2023-12-23T18:19:58.701+0000] {dag.py:2585} INFO - Sync 1 DAGs
[2023-12-23T18:19:58.725+0000] {logging_mixin.py:120} INFO - [2023-12-23T18:19:58.725+0000] {dag.py:3340} INFO - Setting next_dagrun for example_short_circuit_decorator to 2023-12-22T18:19:58.725621+00:00, run_after=2023-12-23T18:19:58.725621+00:00
[2023-12-23T18:19:58.747+0000] {processor.py:176} INFO - Processing /home/airflow/.local/lib/python3.7/site-packages/airflow/example_dags/example_short_circuit_decorator.py took 0.108 seconds
[2023-12-23T18:21:04.744+0000] {processor.py:154} INFO - Started process (PID=60) to work on /home/airflow/.local/lib/python3.7/site-packages/airflow/example_dags/example_short_circuit_decorator.py
[2023-12-23T18:21:04.745+0000] {processor.py:756} INFO - Processing file /home/airflow/.local/lib/python3.7/site-packages/airflow/example_dags/example_short_circuit_decorator.py for tasks to queue
[2023-12-23T18:21:04.745+0000] {logging_mixin.py:120} INFO - [2023-12-23T18:21:04.745+0000] {dagbag.py:537} INFO - Filling up the DagBag from /home/airflow/.local/lib/python3.7/site-packages/airflow/example_dags/example_short_circuit_decorator.py
[2023-12-23T18:21:04.781+0000] {processor.py:766} INFO - DAG(s) dict_keys(['example_short_circuit_decorator']) retrieved from /home/airflow/.local/lib/python3.7/site-packages/airflow/example_dags/example_short_circuit_decorator.py
[2023-12-23T18:21:04.876+0000] {logging_mixin.py:120} INFO - [2023-12-23T18:21:04.876+0000] {dag.py:2585} INFO - Sync 1 DAGs
[2023-12-23T18:21:04.936+0000] {logging_mixin.py:120} INFO - [2023-12-23T18:21:04.936+0000] {dag.py:3340} INFO - Setting next_dagrun for example_short_circuit_decorator to 2023-12-22T18:21:04.936301+00:00, run_after=2023-12-23T18:21:04.936301+00:00
[2023-12-23T18:21:04.967+0000] {processor.py:176} INFO - Processing /home/airflow/.local/lib/python3.7/site-packages/airflow/example_dags/example_short_circuit_decorator.py took 0.227 seconds
[2023-12-23T18:21:35.283+0000] {processor.py:154} INFO - Started process (PID=123) to work on /home/airflow/.local/lib/python3.7/site-packages/airflow/example_dags/example_short_circuit_decorator.py
[2023-12-23T18:21:35.284+0000] {processor.py:756} INFO - Processing file /home/airflow/.local/lib/python3.7/site-packages/airflow/example_dags/example_short_circuit_decorator.py for tasks to queue
[2023-12-23T18:21:35.284+0000] {logging_mixin.py:120} INFO - [2023-12-23T18:21:35.284+0000] {dagbag.py:537} INFO - Filling up the DagBag from /home/airflow/.local/lib/python3.7/site-packages/airflow/example_dags/example_short_circuit_decorator.py
[2023-12-23T18:21:35.319+0000] {processor.py:766} INFO - DAG(s) dict_keys(['example_short_circuit_decorator']) retrieved from /home/airflow/.local/lib/python3.7/site-packages/airflow/example_dags/example_short_circuit_decorator.py
[2023-12-23T18:21:35.367+0000] {logging_mixin.py:120} INFO - [2023-12-23T18:21:35.367+0000] {dag.py:2585} INFO - Sync 1 DAGs
[2023-12-23T18:21:35.400+0000] {logging_mixin.py:120} INFO - [2023-12-23T18:21:35.400+0000] {dag.py:3340} INFO - Setting next_dagrun for example_short_circuit_decorator to 2023-12-22T18:21:35.399902+00:00, run_after=2023-12-23T18:21:35.399902+00:00
[2023-12-23T18:21:35.438+0000] {processor.py:176} INFO - Processing /home/airflow/.local/lib/python3.7/site-packages/airflow/example_dags/example_short_circuit_decorator.py took 0.159 seconds
[2023-12-23T18:22:05.861+0000] {processor.py:154} INFO - Started process (PID=180) to work on /home/airflow/.local/lib/python3.7/site-packages/airflow/example_dags/example_short_circuit_decorator.py
[2023-12-23T18:22:05.861+0000] {processor.py:756} INFO - Processing file /home/airflow/.local/lib/python3.7/site-packages/airflow/example_dags/example_short_circuit_decorator.py for tasks to queue
[2023-12-23T18:22:05.862+0000] {logging_mixin.py:120} INFO - [2023-12-23T18:22:05.862+0000] {dagbag.py:537} INFO - Filling up the DagBag from /home/airflow/.local/lib/python3.7/site-packages/airflow/example_dags/example_short_circuit_decorator.py
[2023-12-23T18:22:05.889+0000] {processor.py:766} INFO - DAG(s) dict_keys(['example_short_circuit_decorator']) retrieved from /home/airflow/.local/lib/python3.7/site-packages/airflow/example_dags/example_short_circuit_decorator.py
[2023-12-23T18:22:05.936+0000] {logging_mixin.py:120} INFO - [2023-12-23T18:22:05.936+0000] {dag.py:2585} INFO - Sync 1 DAGs
[2023-12-23T18:22:05.966+0000] {logging_mixin.py:120} INFO - [2023-12-23T18:22:05.966+0000] {dag.py:3340} INFO - Setting next_dagrun for example_short_circuit_decorator to 2023-12-22T18:22:05.965803+00:00, run_after=2023-12-23T18:22:05.965803+00:00
[2023-12-23T18:22:05.996+0000] {processor.py:176} INFO - Processing /home/airflow/.local/lib/python3.7/site-packages/airflow/example_dags/example_short_circuit_decorator.py took 0.138 seconds
[2023-12-23T18:22:36.158+0000] {processor.py:154} INFO - Started process (PID=243) to work on /home/airflow/.local/lib/python3.7/site-packages/airflow/example_dags/example_short_circuit_decorator.py
[2023-12-23T18:22:36.158+0000] {processor.py:756} INFO - Processing file /home/airflow/.local/lib/python3.7/site-packages/airflow/example_dags/example_short_circuit_decorator.py for tasks to queue
[2023-12-23T18:22:36.159+0000] {logging_mixin.py:120} INFO - [2023-12-23T18:22:36.159+0000] {dagbag.py:537} INFO - Filling up the DagBag from /home/airflow/.local/lib/python3.7/site-packages/airflow/example_dags/example_short_circuit_decorator.py
[2023-12-23T18:22:36.181+0000] {processor.py:766} INFO - DAG(s) dict_keys(['example_short_circuit_decorator']) retrieved from /home/airflow/.local/lib/python3.7/site-packages/airflow/example_dags/example_short_circuit_decorator.py
[2023-12-23T18:22:36.217+0000] {logging_mixin.py:120} INFO - [2023-12-23T18:22:36.217+0000] {dag.py:2585} INFO - Sync 1 DAGs
[2023-12-23T18:22:36.242+0000] {logging_mixin.py:120} INFO - [2023-12-23T18:22:36.242+0000] {dag.py:3340} INFO - Setting next_dagrun for example_short_circuit_decorator to 2023-12-22T18:22:36.242098+00:00, run_after=2023-12-23T18:22:36.242098+00:00
[2023-12-23T18:22:36.263+0000] {processor.py:176} INFO - Processing /home/airflow/.local/lib/python3.7/site-packages/airflow/example_dags/example_short_circuit_decorator.py took 0.108 seconds
[2023-12-23T18:23:06.628+0000] {processor.py:154} INFO - Started process (PID=307) to work on /home/airflow/.local/lib/python3.7/site-packages/airflow/example_dags/example_short_circuit_decorator.py
[2023-12-23T18:23:06.629+0000] {processor.py:756} INFO - Processing file /home/airflow/.local/lib/python3.7/site-packages/airflow/example_dags/example_short_circuit_decorator.py for tasks to queue
[2023-12-23T18:23:06.630+0000] {logging_mixin.py:120} INFO - [2023-12-23T18:23:06.629+0000] {dagbag.py:537} INFO - Filling up the DagBag from /home/airflow/.local/lib/python3.7/site-packages/airflow/example_dags/example_short_circuit_decorator.py
[2023-12-23T18:23:06.656+0000] {processor.py:766} INFO - DAG(s) dict_keys(['example_short_circuit_decorator']) retrieved from /home/airflow/.local/lib/python3.7/site-packages/airflow/example_dags/example_short_circuit_decorator.py
[2023-12-23T18:23:06.693+0000] {logging_mixin.py:120} INFO - [2023-12-23T18:23:06.692+0000] {dag.py:2585} INFO - Sync 1 DAGs
[2023-12-23T18:23:06.714+0000] {logging_mixin.py:120} INFO - [2023-12-23T18:23:06.714+0000] {dag.py:3340} INFO - Setting next_dagrun for example_short_circuit_decorator to 2023-12-22T18:23:06.714637+00:00, run_after=2023-12-23T18:23:06.714637+00:00
[2023-12-23T18:23:06.737+0000] {processor.py:176} INFO - Processing /home/airflow/.local/lib/python3.7/site-packages/airflow/example_dags/example_short_circuit_decorator.py took 0.111 seconds
[2023-12-23T18:23:37.519+0000] {processor.py:154} INFO - Started process (PID=362) to work on /home/airflow/.local/lib/python3.7/site-packages/airflow/example_dags/example_short_circuit_decorator.py
[2023-12-23T18:23:37.520+0000] {processor.py:756} INFO - Processing file /home/airflow/.local/lib/python3.7/site-packages/airflow/example_dags/example_short_circuit_decorator.py for tasks to queue
[2023-12-23T18:23:37.520+0000] {logging_mixin.py:120} INFO - [2023-12-23T18:23:37.520+0000] {dagbag.py:537} INFO - Filling up the DagBag from /home/airflow/.local/lib/python3.7/site-packages/airflow/example_dags/example_short_circuit_decorator.py
[2023-12-23T18:23:37.544+0000] {processor.py:766} INFO - DAG(s) dict_keys(['example_short_circuit_decorator']) retrieved from /home/airflow/.local/lib/python3.7/site-packages/airflow/example_dags/example_short_circuit_decorator.py
[2023-12-23T18:23:37.581+0000] {logging_mixin.py:120} INFO - [2023-12-23T18:23:37.581+0000] {dag.py:2585} INFO - Sync 1 DAGs
[2023-12-23T18:23:37.603+0000] {logging_mixin.py:120} INFO - [2023-12-23T18:23:37.603+0000] {dag.py:3340} INFO - Setting next_dagrun for example_short_circuit_decorator to 2023-12-22T18:23:37.602883+00:00, run_after=2023-12-23T18:23:37.602883+00:00
[2023-12-23T18:23:37.625+0000] {processor.py:176} INFO - Processing /home/airflow/.local/lib/python3.7/site-packages/airflow/example_dags/example_short_circuit_decorator.py took 0.108 seconds
[2023-12-23T18:24:38.826+0000] {processor.py:154} INFO - Started process (PID=60) to work on /home/airflow/.local/lib/python3.7/site-packages/airflow/example_dags/example_short_circuit_decorator.py
[2023-12-23T18:24:38.827+0000] {processor.py:756} INFO - Processing file /home/airflow/.local/lib/python3.7/site-packages/airflow/example_dags/example_short_circuit_decorator.py for tasks to queue
[2023-12-23T18:24:38.828+0000] {logging_mixin.py:120} INFO - [2023-12-23T18:24:38.828+0000] {dagbag.py:537} INFO - Filling up the DagBag from /home/airflow/.local/lib/python3.7/site-packages/airflow/example_dags/example_short_circuit_decorator.py
[2023-12-23T18:24:38.859+0000] {processor.py:766} INFO - DAG(s) dict_keys(['example_short_circuit_decorator']) retrieved from /home/airflow/.local/lib/python3.7/site-packages/airflow/example_dags/example_short_circuit_decorator.py
[2023-12-23T18:24:38.911+0000] {logging_mixin.py:120} INFO - [2023-12-23T18:24:38.911+0000] {dag.py:2585} INFO - Sync 1 DAGs
[2023-12-23T18:24:38.945+0000] {logging_mixin.py:120} INFO - [2023-12-23T18:24:38.945+0000] {dag.py:3340} INFO - Setting next_dagrun for example_short_circuit_decorator to 2023-12-22T18:24:38.945477+00:00, run_after=2023-12-23T18:24:38.945477+00:00
[2023-12-23T18:24:38.975+0000] {processor.py:176} INFO - Processing /home/airflow/.local/lib/python3.7/site-packages/airflow/example_dags/example_short_circuit_decorator.py took 0.152 seconds
[2023-12-23T18:25:09.479+0000] {processor.py:154} INFO - Started process (PID=120) to work on /home/airflow/.local/lib/python3.7/site-packages/airflow/example_dags/example_short_circuit_decorator.py
[2023-12-23T18:25:09.480+0000] {processor.py:756} INFO - Processing file /home/airflow/.local/lib/python3.7/site-packages/airflow/example_dags/example_short_circuit_decorator.py for tasks to queue
[2023-12-23T18:25:09.481+0000] {logging_mixin.py:120} INFO - [2023-12-23T18:25:09.481+0000] {dagbag.py:537} INFO - Filling up the DagBag from /home/airflow/.local/lib/python3.7/site-packages/airflow/example_dags/example_short_circuit_decorator.py
[2023-12-23T18:25:09.513+0000] {processor.py:766} INFO - DAG(s) dict_keys(['example_short_circuit_decorator']) retrieved from /home/airflow/.local/lib/python3.7/site-packages/airflow/example_dags/example_short_circuit_decorator.py
[2023-12-23T18:25:09.566+0000] {logging_mixin.py:120} INFO - [2023-12-23T18:25:09.565+0000] {dag.py:2585} INFO - Sync 1 DAGs
[2023-12-23T18:25:09.598+0000] {logging_mixin.py:120} INFO - [2023-12-23T18:25:09.598+0000] {dag.py:3340} INFO - Setting next_dagrun for example_short_circuit_decorator to 2023-12-22T18:25:09.597921+00:00, run_after=2023-12-23T18:25:09.597921+00:00
[2023-12-23T18:25:09.633+0000] {processor.py:176} INFO - Processing /home/airflow/.local/lib/python3.7/site-packages/airflow/example_dags/example_short_circuit_decorator.py took 0.157 seconds
[2023-12-23T18:25:40.324+0000] {processor.py:154} INFO - Started process (PID=178) to work on /home/airflow/.local/lib/python3.7/site-packages/airflow/example_dags/example_short_circuit_decorator.py
[2023-12-23T18:25:40.325+0000] {processor.py:756} INFO - Processing file /home/airflow/.local/lib/python3.7/site-packages/airflow/example_dags/example_short_circuit_decorator.py for tasks to queue
[2023-12-23T18:25:40.326+0000] {logging_mixin.py:120} INFO - [2023-12-23T18:25:40.326+0000] {dagbag.py:537} INFO - Filling up the DagBag from /home/airflow/.local/lib/python3.7/site-packages/airflow/example_dags/example_short_circuit_decorator.py
[2023-12-23T18:25:40.364+0000] {processor.py:766} INFO - DAG(s) dict_keys(['example_short_circuit_decorator']) retrieved from /home/airflow/.local/lib/python3.7/site-packages/airflow/example_dags/example_short_circuit_decorator.py
[2023-12-23T18:25:40.416+0000] {logging_mixin.py:120} INFO - [2023-12-23T18:25:40.416+0000] {dag.py:2585} INFO - Sync 1 DAGs
[2023-12-23T18:25:40.454+0000] {logging_mixin.py:120} INFO - [2023-12-23T18:25:40.453+0000] {dag.py:3340} INFO - Setting next_dagrun for example_short_circuit_decorator to 2023-12-22T18:25:40.453667+00:00, run_after=2023-12-23T18:25:40.453667+00:00
[2023-12-23T18:25:40.482+0000] {processor.py:176} INFO - Processing /home/airflow/.local/lib/python3.7/site-packages/airflow/example_dags/example_short_circuit_decorator.py took 0.161 seconds
[2023-12-23T18:26:10.601+0000] {processor.py:154} INFO - Started process (PID=241) to work on /home/airflow/.local/lib/python3.7/site-packages/airflow/example_dags/example_short_circuit_decorator.py
[2023-12-23T18:26:10.601+0000] {processor.py:756} INFO - Processing file /home/airflow/.local/lib/python3.7/site-packages/airflow/example_dags/example_short_circuit_decorator.py for tasks to queue
[2023-12-23T18:26:10.602+0000] {logging_mixin.py:120} INFO - [2023-12-23T18:26:10.602+0000] {dagbag.py:537} INFO - Filling up the DagBag from /home/airflow/.local/lib/python3.7/site-packages/airflow/example_dags/example_short_circuit_decorator.py
[2023-12-23T18:26:10.624+0000] {processor.py:766} INFO - DAG(s) dict_keys(['example_short_circuit_decorator']) retrieved from /home/airflow/.local/lib/python3.7/site-packages/airflow/example_dags/example_short_circuit_decorator.py
[2023-12-23T18:26:10.669+0000] {logging_mixin.py:120} INFO - [2023-12-23T18:26:10.669+0000] {dag.py:2585} INFO - Sync 1 DAGs
[2023-12-23T18:26:10.694+0000] {logging_mixin.py:120} INFO - [2023-12-23T18:26:10.694+0000] {dag.py:3340} INFO - Setting next_dagrun for example_short_circuit_decorator to 2023-12-22T18:26:10.694635+00:00, run_after=2023-12-23T18:26:10.694635+00:00
[2023-12-23T18:26:10.719+0000] {processor.py:176} INFO - Processing /home/airflow/.local/lib/python3.7/site-packages/airflow/example_dags/example_short_circuit_decorator.py took 0.122 seconds
[2023-12-23T18:26:42.100+0000] {processor.py:154} INFO - Started process (PID=304) to work on /home/airflow/.local/lib/python3.7/site-packages/airflow/example_dags/example_short_circuit_decorator.py
[2023-12-23T18:26:42.101+0000] {processor.py:756} INFO - Processing file /home/airflow/.local/lib/python3.7/site-packages/airflow/example_dags/example_short_circuit_decorator.py for tasks to queue
[2023-12-23T18:26:42.102+0000] {logging_mixin.py:120} INFO - [2023-12-23T18:26:42.102+0000] {dagbag.py:537} INFO - Filling up the DagBag from /home/airflow/.local/lib/python3.7/site-packages/airflow/example_dags/example_short_circuit_decorator.py
[2023-12-23T18:26:42.149+0000] {processor.py:766} INFO - DAG(s) dict_keys(['example_short_circuit_decorator']) retrieved from /home/airflow/.local/lib/python3.7/site-packages/airflow/example_dags/example_short_circuit_decorator.py
[2023-12-23T18:26:42.202+0000] {logging_mixin.py:120} INFO - [2023-12-23T18:26:42.201+0000] {dag.py:2585} INFO - Sync 1 DAGs
[2023-12-23T18:26:42.233+0000] {logging_mixin.py:120} INFO - [2023-12-23T18:26:42.233+0000] {dag.py:3340} INFO - Setting next_dagrun for example_short_circuit_decorator to 2023-12-22T18:26:42.233280+00:00, run_after=2023-12-23T18:26:42.233280+00:00
[2023-12-23T18:26:42.293+0000] {processor.py:176} INFO - Processing /home/airflow/.local/lib/python3.7/site-packages/airflow/example_dags/example_short_circuit_decorator.py took 0.196 seconds
[2023-12-23T18:35:57.821+0000] {processor.py:154} INFO - Started process (PID=60) to work on /home/airflow/.local/lib/python3.7/site-packages/airflow/example_dags/example_short_circuit_decorator.py
[2023-12-23T18:35:57.828+0000] {processor.py:756} INFO - Processing file /home/airflow/.local/lib/python3.7/site-packages/airflow/example_dags/example_short_circuit_decorator.py for tasks to queue
[2023-12-23T18:35:57.829+0000] {logging_mixin.py:120} INFO - [2023-12-23T18:35:57.829+0000] {dagbag.py:537} INFO - Filling up the DagBag from /home/airflow/.local/lib/python3.7/site-packages/airflow/example_dags/example_short_circuit_decorator.py
[2023-12-23T18:35:57.871+0000] {processor.py:766} INFO - DAG(s) dict_keys(['example_short_circuit_decorator']) retrieved from /home/airflow/.local/lib/python3.7/site-packages/airflow/example_dags/example_short_circuit_decorator.py
[2023-12-23T18:35:57.930+0000] {logging_mixin.py:120} INFO - [2023-12-23T18:35:57.930+0000] {dag.py:2585} INFO - Sync 1 DAGs
[2023-12-23T18:35:57.963+0000] {logging_mixin.py:120} INFO - [2023-12-23T18:35:57.963+0000] {dag.py:3340} INFO - Setting next_dagrun for example_short_circuit_decorator to 2023-12-22T18:35:57.963528+00:00, run_after=2023-12-23T18:35:57.963528+00:00
[2023-12-23T18:35:58.023+0000] {processor.py:176} INFO - Processing /home/airflow/.local/lib/python3.7/site-packages/airflow/example_dags/example_short_circuit_decorator.py took 0.209 seconds
[2023-12-23T18:36:28.306+0000] {processor.py:154} INFO - Started process (PID=122) to work on /home/airflow/.local/lib/python3.7/site-packages/airflow/example_dags/example_short_circuit_decorator.py
[2023-12-23T18:36:28.307+0000] {processor.py:756} INFO - Processing file /home/airflow/.local/lib/python3.7/site-packages/airflow/example_dags/example_short_circuit_decorator.py for tasks to queue
[2023-12-23T18:36:28.307+0000] {logging_mixin.py:120} INFO - [2023-12-23T18:36:28.307+0000] {dagbag.py:537} INFO - Filling up the DagBag from /home/airflow/.local/lib/python3.7/site-packages/airflow/example_dags/example_short_circuit_decorator.py
[2023-12-23T18:36:28.336+0000] {processor.py:766} INFO - DAG(s) dict_keys(['example_short_circuit_decorator']) retrieved from /home/airflow/.local/lib/python3.7/site-packages/airflow/example_dags/example_short_circuit_decorator.py
[2023-12-23T18:36:28.395+0000] {logging_mixin.py:120} INFO - [2023-12-23T18:36:28.394+0000] {dag.py:2585} INFO - Sync 1 DAGs
[2023-12-23T18:36:28.428+0000] {logging_mixin.py:120} INFO - [2023-12-23T18:36:28.428+0000] {dag.py:3340} INFO - Setting next_dagrun for example_short_circuit_decorator to 2023-12-22T18:36:28.428225+00:00, run_after=2023-12-23T18:36:28.428225+00:00
[2023-12-23T18:36:28.455+0000] {processor.py:176} INFO - Processing /home/airflow/.local/lib/python3.7/site-packages/airflow/example_dags/example_short_circuit_decorator.py took 0.152 seconds
[2023-12-23T18:36:59.046+0000] {processor.py:154} INFO - Started process (PID=177) to work on /home/airflow/.local/lib/python3.7/site-packages/airflow/example_dags/example_short_circuit_decorator.py
[2023-12-23T18:36:59.052+0000] {processor.py:756} INFO - Processing file /home/airflow/.local/lib/python3.7/site-packages/airflow/example_dags/example_short_circuit_decorator.py for tasks to queue
[2023-12-23T18:36:59.053+0000] {logging_mixin.py:120} INFO - [2023-12-23T18:36:59.053+0000] {dagbag.py:537} INFO - Filling up the DagBag from /home/airflow/.local/lib/python3.7/site-packages/airflow/example_dags/example_short_circuit_decorator.py
[2023-12-23T18:36:59.093+0000] {processor.py:766} INFO - DAG(s) dict_keys(['example_short_circuit_decorator']) retrieved from /home/airflow/.local/lib/python3.7/site-packages/airflow/example_dags/example_short_circuit_decorator.py
[2023-12-23T18:37:00.046+0000] {logging_mixin.py:120} INFO - [2023-12-23T18:37:00.046+0000] {process_utils.py:256} INFO - Waiting up to 5 seconds for processes to exit...
