[2023-12-23T18:12:46.144+0000] {processor.py:154} INFO - Started process (PID=50) to work on /home/airflow/.local/lib/python3.7/site-packages/airflow/example_dags/example_latest_only.py
[2023-12-23T18:12:46.144+0000] {processor.py:756} INFO - Processing file /home/airflow/.local/lib/python3.7/site-packages/airflow/example_dags/example_latest_only.py for tasks to queue
[2023-12-23T18:12:46.145+0000] {logging_mixin.py:120} INFO - [2023-12-23T18:12:46.145+0000] {dagbag.py:537} INFO - Filling up the DagBag from /home/airflow/.local/lib/python3.7/site-packages/airflow/example_dags/example_latest_only.py
[2023-12-23T18:12:46.173+0000] {processor.py:766} INFO - DAG(s) dict_keys(['latest_only']) retrieved from /home/airflow/.local/lib/python3.7/site-packages/airflow/example_dags/example_latest_only.py
[2023-12-23T18:12:46.229+0000] {logging_mixin.py:120} INFO - [2023-12-23T18:12:46.228+0000] {dag.py:2585} INFO - Sync 1 DAGs
[2023-12-23T18:12:46.275+0000] {logging_mixin.py:120} INFO - [2023-12-23T18:12:46.275+0000] {dag.py:3340} INFO - Setting next_dagrun for latest_only to 2023-12-23T14:12:46.275202+00:00, run_after=2023-12-23T18:12:46.275202+00:00
[2023-12-23T18:12:46.311+0000] {processor.py:176} INFO - Processing /home/airflow/.local/lib/python3.7/site-packages/airflow/example_dags/example_latest_only.py took 0.171 seconds
[2023-12-23T18:13:16.356+0000] {processor.py:154} INFO - Started process (PID=104) to work on /home/airflow/.local/lib/python3.7/site-packages/airflow/example_dags/example_latest_only.py
[2023-12-23T18:13:16.357+0000] {processor.py:756} INFO - Processing file /home/airflow/.local/lib/python3.7/site-packages/airflow/example_dags/example_latest_only.py for tasks to queue
[2023-12-23T18:13:16.357+0000] {logging_mixin.py:120} INFO - [2023-12-23T18:13:16.357+0000] {dagbag.py:537} INFO - Filling up the DagBag from /home/airflow/.local/lib/python3.7/site-packages/airflow/example_dags/example_latest_only.py
[2023-12-23T18:13:16.371+0000] {processor.py:766} INFO - DAG(s) dict_keys(['latest_only']) retrieved from /home/airflow/.local/lib/python3.7/site-packages/airflow/example_dags/example_latest_only.py
[2023-12-23T18:13:16.405+0000] {logging_mixin.py:120} INFO - [2023-12-23T18:13:16.405+0000] {dag.py:2585} INFO - Sync 1 DAGs
[2023-12-23T18:13:16.433+0000] {logging_mixin.py:120} INFO - [2023-12-23T18:13:16.433+0000] {dag.py:3340} INFO - Setting next_dagrun for latest_only to 2023-12-23T14:13:16.433027+00:00, run_after=2023-12-23T18:13:16.433027+00:00
[2023-12-23T18:13:16.456+0000] {processor.py:176} INFO - Processing /home/airflow/.local/lib/python3.7/site-packages/airflow/example_dags/example_latest_only.py took 0.102 seconds
[2023-12-23T18:13:47.310+0000] {processor.py:154} INFO - Started process (PID=167) to work on /home/airflow/.local/lib/python3.7/site-packages/airflow/example_dags/example_latest_only.py
[2023-12-23T18:13:47.311+0000] {processor.py:756} INFO - Processing file /home/airflow/.local/lib/python3.7/site-packages/airflow/example_dags/example_latest_only.py for tasks to queue
[2023-12-23T18:13:47.311+0000] {logging_mixin.py:120} INFO - [2023-12-23T18:13:47.311+0000] {dagbag.py:537} INFO - Filling up the DagBag from /home/airflow/.local/lib/python3.7/site-packages/airflow/example_dags/example_latest_only.py
[2023-12-23T18:13:47.329+0000] {processor.py:766} INFO - DAG(s) dict_keys(['latest_only']) retrieved from /home/airflow/.local/lib/python3.7/site-packages/airflow/example_dags/example_latest_only.py
[2023-12-23T18:13:47.370+0000] {logging_mixin.py:120} INFO - [2023-12-23T18:13:47.370+0000] {dag.py:2585} INFO - Sync 1 DAGs
[2023-12-23T18:13:47.391+0000] {logging_mixin.py:120} INFO - [2023-12-23T18:13:47.391+0000] {dag.py:3340} INFO - Setting next_dagrun for latest_only to 2023-12-23T14:13:47.391542+00:00, run_after=2023-12-23T18:13:47.391542+00:00
[2023-12-23T18:13:47.415+0000] {processor.py:176} INFO - Processing /home/airflow/.local/lib/python3.7/site-packages/airflow/example_dags/example_latest_only.py took 0.108 seconds
[2023-12-23T18:14:18.363+0000] {processor.py:154} INFO - Started process (PID=230) to work on /home/airflow/.local/lib/python3.7/site-packages/airflow/example_dags/example_latest_only.py
[2023-12-23T18:14:18.363+0000] {processor.py:756} INFO - Processing file /home/airflow/.local/lib/python3.7/site-packages/airflow/example_dags/example_latest_only.py for tasks to queue
[2023-12-23T18:14:18.364+0000] {logging_mixin.py:120} INFO - [2023-12-23T18:14:18.364+0000] {dagbag.py:537} INFO - Filling up the DagBag from /home/airflow/.local/lib/python3.7/site-packages/airflow/example_dags/example_latest_only.py
[2023-12-23T18:14:18.377+0000] {processor.py:766} INFO - DAG(s) dict_keys(['latest_only']) retrieved from /home/airflow/.local/lib/python3.7/site-packages/airflow/example_dags/example_latest_only.py
[2023-12-23T18:14:18.408+0000] {logging_mixin.py:120} INFO - [2023-12-23T18:14:18.408+0000] {dag.py:2585} INFO - Sync 1 DAGs
[2023-12-23T18:14:18.429+0000] {logging_mixin.py:120} INFO - [2023-12-23T18:14:18.429+0000] {dag.py:3340} INFO - Setting next_dagrun for latest_only to 2023-12-23T14:14:18.428977+00:00, run_after=2023-12-23T18:14:18.428977+00:00
[2023-12-23T18:14:18.451+0000] {processor.py:176} INFO - Processing /home/airflow/.local/lib/python3.7/site-packages/airflow/example_dags/example_latest_only.py took 0.092 seconds
[2023-12-23T18:14:48.956+0000] {processor.py:154} INFO - Started process (PID=294) to work on /home/airflow/.local/lib/python3.7/site-packages/airflow/example_dags/example_latest_only.py
[2023-12-23T18:14:48.957+0000] {processor.py:756} INFO - Processing file /home/airflow/.local/lib/python3.7/site-packages/airflow/example_dags/example_latest_only.py for tasks to queue
[2023-12-23T18:14:48.957+0000] {logging_mixin.py:120} INFO - [2023-12-23T18:14:48.957+0000] {dagbag.py:537} INFO - Filling up the DagBag from /home/airflow/.local/lib/python3.7/site-packages/airflow/example_dags/example_latest_only.py
[2023-12-23T18:14:48.973+0000] {processor.py:766} INFO - DAG(s) dict_keys(['latest_only']) retrieved from /home/airflow/.local/lib/python3.7/site-packages/airflow/example_dags/example_latest_only.py
[2023-12-23T18:14:49.008+0000] {logging_mixin.py:120} INFO - [2023-12-23T18:14:49.008+0000] {dag.py:2585} INFO - Sync 1 DAGs
[2023-12-23T18:14:49.028+0000] {logging_mixin.py:120} INFO - [2023-12-23T18:14:49.028+0000] {dag.py:3340} INFO - Setting next_dagrun for latest_only to 2023-12-23T14:14:49.027971+00:00, run_after=2023-12-23T18:14:49.027971+00:00
[2023-12-23T18:14:49.048+0000] {processor.py:176} INFO - Processing /home/airflow/.local/lib/python3.7/site-packages/airflow/example_dags/example_latest_only.py took 0.094 seconds
[2023-12-23T18:15:20.197+0000] {processor.py:154} INFO - Started process (PID=355) to work on /home/airflow/.local/lib/python3.7/site-packages/airflow/example_dags/example_latest_only.py
[2023-12-23T18:15:20.199+0000] {processor.py:756} INFO - Processing file /home/airflow/.local/lib/python3.7/site-packages/airflow/example_dags/example_latest_only.py for tasks to queue
[2023-12-23T18:15:20.199+0000] {logging_mixin.py:120} INFO - [2023-12-23T18:15:20.199+0000] {dagbag.py:537} INFO - Filling up the DagBag from /home/airflow/.local/lib/python3.7/site-packages/airflow/example_dags/example_latest_only.py
[2023-12-23T18:15:20.219+0000] {processor.py:766} INFO - DAG(s) dict_keys(['latest_only']) retrieved from /home/airflow/.local/lib/python3.7/site-packages/airflow/example_dags/example_latest_only.py
[2023-12-23T18:15:20.281+0000] {logging_mixin.py:120} INFO - [2023-12-23T18:15:20.281+0000] {dag.py:2585} INFO - Sync 1 DAGs
[2023-12-23T18:15:20.315+0000] {logging_mixin.py:120} INFO - [2023-12-23T18:15:20.315+0000] {dag.py:3340} INFO - Setting next_dagrun for latest_only to 2023-12-23T14:15:20.315247+00:00, run_after=2023-12-23T18:15:20.315247+00:00
[2023-12-23T18:15:20.346+0000] {processor.py:176} INFO - Processing /home/airflow/.local/lib/python3.7/site-packages/airflow/example_dags/example_latest_only.py took 0.153 seconds
[2023-12-23T18:15:50.461+0000] {processor.py:154} INFO - Started process (PID=412) to work on /home/airflow/.local/lib/python3.7/site-packages/airflow/example_dags/example_latest_only.py
[2023-12-23T18:15:50.462+0000] {processor.py:756} INFO - Processing file /home/airflow/.local/lib/python3.7/site-packages/airflow/example_dags/example_latest_only.py for tasks to queue
[2023-12-23T18:15:50.462+0000] {logging_mixin.py:120} INFO - [2023-12-23T18:15:50.462+0000] {dagbag.py:537} INFO - Filling up the DagBag from /home/airflow/.local/lib/python3.7/site-packages/airflow/example_dags/example_latest_only.py
[2023-12-23T18:15:50.475+0000] {processor.py:766} INFO - DAG(s) dict_keys(['latest_only']) retrieved from /home/airflow/.local/lib/python3.7/site-packages/airflow/example_dags/example_latest_only.py
[2023-12-23T18:15:50.509+0000] {logging_mixin.py:120} INFO - [2023-12-23T18:15:50.509+0000] {dag.py:2585} INFO - Sync 1 DAGs
[2023-12-23T18:15:50.532+0000] {logging_mixin.py:120} INFO - [2023-12-23T18:15:50.532+0000] {dag.py:3340} INFO - Setting next_dagrun for latest_only to 2023-12-23T14:15:50.532227+00:00, run_after=2023-12-23T18:15:50.532227+00:00
[2023-12-23T18:15:50.554+0000] {processor.py:176} INFO - Processing /home/airflow/.local/lib/python3.7/site-packages/airflow/example_dags/example_latest_only.py took 0.096 seconds
[2023-12-23T18:16:21.322+0000] {processor.py:154} INFO - Started process (PID=475) to work on /home/airflow/.local/lib/python3.7/site-packages/airflow/example_dags/example_latest_only.py
[2023-12-23T18:16:21.322+0000] {processor.py:756} INFO - Processing file /home/airflow/.local/lib/python3.7/site-packages/airflow/example_dags/example_latest_only.py for tasks to queue
[2023-12-23T18:16:21.323+0000] {logging_mixin.py:120} INFO - [2023-12-23T18:16:21.323+0000] {dagbag.py:537} INFO - Filling up the DagBag from /home/airflow/.local/lib/python3.7/site-packages/airflow/example_dags/example_latest_only.py
[2023-12-23T18:16:21.338+0000] {processor.py:766} INFO - DAG(s) dict_keys(['latest_only']) retrieved from /home/airflow/.local/lib/python3.7/site-packages/airflow/example_dags/example_latest_only.py
[2023-12-23T18:16:21.382+0000] {logging_mixin.py:120} INFO - [2023-12-23T18:16:21.381+0000] {dag.py:2585} INFO - Sync 1 DAGs
[2023-12-23T18:16:21.428+0000] {logging_mixin.py:120} INFO - [2023-12-23T18:16:21.428+0000] {dag.py:3340} INFO - Setting next_dagrun for latest_only to 2023-12-23T14:16:21.427837+00:00, run_after=2023-12-23T18:16:21.427837+00:00
[2023-12-23T18:16:21.450+0000] {processor.py:176} INFO - Processing /home/airflow/.local/lib/python3.7/site-packages/airflow/example_dags/example_latest_only.py took 0.131 seconds
[2023-12-23T18:16:52.081+0000] {processor.py:154} INFO - Started process (PID=539) to work on /home/airflow/.local/lib/python3.7/site-packages/airflow/example_dags/example_latest_only.py
[2023-12-23T18:16:52.081+0000] {processor.py:756} INFO - Processing file /home/airflow/.local/lib/python3.7/site-packages/airflow/example_dags/example_latest_only.py for tasks to queue
[2023-12-23T18:16:52.082+0000] {logging_mixin.py:120} INFO - [2023-12-23T18:16:52.082+0000] {dagbag.py:537} INFO - Filling up the DagBag from /home/airflow/.local/lib/python3.7/site-packages/airflow/example_dags/example_latest_only.py
[2023-12-23T18:16:52.095+0000] {processor.py:766} INFO - DAG(s) dict_keys(['latest_only']) retrieved from /home/airflow/.local/lib/python3.7/site-packages/airflow/example_dags/example_latest_only.py
[2023-12-23T18:16:52.132+0000] {logging_mixin.py:120} INFO - [2023-12-23T18:16:52.132+0000] {dag.py:2585} INFO - Sync 1 DAGs
[2023-12-23T18:16:52.152+0000] {logging_mixin.py:120} INFO - [2023-12-23T18:16:52.152+0000] {dag.py:3340} INFO - Setting next_dagrun for latest_only to 2023-12-23T14:16:52.152346+00:00, run_after=2023-12-23T18:16:52.152346+00:00
[2023-12-23T18:16:52.174+0000] {processor.py:176} INFO - Processing /home/airflow/.local/lib/python3.7/site-packages/airflow/example_dags/example_latest_only.py took 0.096 seconds
[2023-12-23T18:17:22.806+0000] {processor.py:154} INFO - Started process (PID=594) to work on /home/airflow/.local/lib/python3.7/site-packages/airflow/example_dags/example_latest_only.py
[2023-12-23T18:17:22.807+0000] {processor.py:756} INFO - Processing file /home/airflow/.local/lib/python3.7/site-packages/airflow/example_dags/example_latest_only.py for tasks to queue
[2023-12-23T18:17:22.807+0000] {logging_mixin.py:120} INFO - [2023-12-23T18:17:22.807+0000] {dagbag.py:537} INFO - Filling up the DagBag from /home/airflow/.local/lib/python3.7/site-packages/airflow/example_dags/example_latest_only.py
[2023-12-23T18:17:22.819+0000] {processor.py:766} INFO - DAG(s) dict_keys(['latest_only']) retrieved from /home/airflow/.local/lib/python3.7/site-packages/airflow/example_dags/example_latest_only.py
[2023-12-23T18:17:22.851+0000] {logging_mixin.py:120} INFO - [2023-12-23T18:17:22.851+0000] {dag.py:2585} INFO - Sync 1 DAGs
[2023-12-23T18:17:22.874+0000] {logging_mixin.py:120} INFO - [2023-12-23T18:17:22.874+0000] {dag.py:3340} INFO - Setting next_dagrun for latest_only to 2023-12-23T14:17:22.874163+00:00, run_after=2023-12-23T18:17:22.874163+00:00
[2023-12-23T18:17:22.897+0000] {processor.py:176} INFO - Processing /home/airflow/.local/lib/python3.7/site-packages/airflow/example_dags/example_latest_only.py took 0.093 seconds
[2023-12-23T18:17:53.765+0000] {processor.py:154} INFO - Started process (PID=658) to work on /home/airflow/.local/lib/python3.7/site-packages/airflow/example_dags/example_latest_only.py
[2023-12-23T18:17:53.766+0000] {processor.py:756} INFO - Processing file /home/airflow/.local/lib/python3.7/site-packages/airflow/example_dags/example_latest_only.py for tasks to queue
[2023-12-23T18:17:53.766+0000] {logging_mixin.py:120} INFO - [2023-12-23T18:17:53.766+0000] {dagbag.py:537} INFO - Filling up the DagBag from /home/airflow/.local/lib/python3.7/site-packages/airflow/example_dags/example_latest_only.py
[2023-12-23T18:17:53.778+0000] {processor.py:766} INFO - DAG(s) dict_keys(['latest_only']) retrieved from /home/airflow/.local/lib/python3.7/site-packages/airflow/example_dags/example_latest_only.py
[2023-12-23T18:17:53.811+0000] {logging_mixin.py:120} INFO - [2023-12-23T18:17:53.811+0000] {dag.py:2585} INFO - Sync 1 DAGs
[2023-12-23T18:17:53.832+0000] {logging_mixin.py:120} INFO - [2023-12-23T18:17:53.832+0000] {dag.py:3340} INFO - Setting next_dagrun for latest_only to 2023-12-23T14:17:53.831803+00:00, run_after=2023-12-23T18:17:53.831803+00:00
[2023-12-23T18:17:53.853+0000] {processor.py:176} INFO - Processing /home/airflow/.local/lib/python3.7/site-packages/airflow/example_dags/example_latest_only.py took 0.090 seconds
[2023-12-23T18:18:24.449+0000] {processor.py:154} INFO - Started process (PID=722) to work on /home/airflow/.local/lib/python3.7/site-packages/airflow/example_dags/example_latest_only.py
[2023-12-23T18:18:24.449+0000] {processor.py:756} INFO - Processing file /home/airflow/.local/lib/python3.7/site-packages/airflow/example_dags/example_latest_only.py for tasks to queue
[2023-12-23T18:18:24.450+0000] {logging_mixin.py:120} INFO - [2023-12-23T18:18:24.450+0000] {dagbag.py:537} INFO - Filling up the DagBag from /home/airflow/.local/lib/python3.7/site-packages/airflow/example_dags/example_latest_only.py
[2023-12-23T18:18:24.462+0000] {processor.py:766} INFO - DAG(s) dict_keys(['latest_only']) retrieved from /home/airflow/.local/lib/python3.7/site-packages/airflow/example_dags/example_latest_only.py
[2023-12-23T18:18:24.497+0000] {logging_mixin.py:120} INFO - [2023-12-23T18:18:24.497+0000] {dag.py:2585} INFO - Sync 1 DAGs
[2023-12-23T18:18:24.528+0000] {logging_mixin.py:120} INFO - [2023-12-23T18:18:24.528+0000] {dag.py:3340} INFO - Setting next_dagrun for latest_only to 2023-12-23T14:18:24.528015+00:00, run_after=2023-12-23T18:18:24.528015+00:00
[2023-12-23T18:18:24.554+0000] {processor.py:176} INFO - Processing /home/airflow/.local/lib/python3.7/site-packages/airflow/example_dags/example_latest_only.py took 0.108 seconds
[2023-12-23T18:18:55.286+0000] {processor.py:154} INFO - Started process (PID=786) to work on /home/airflow/.local/lib/python3.7/site-packages/airflow/example_dags/example_latest_only.py
[2023-12-23T18:18:55.287+0000] {processor.py:756} INFO - Processing file /home/airflow/.local/lib/python3.7/site-packages/airflow/example_dags/example_latest_only.py for tasks to queue
[2023-12-23T18:18:55.288+0000] {logging_mixin.py:120} INFO - [2023-12-23T18:18:55.288+0000] {dagbag.py:537} INFO - Filling up the DagBag from /home/airflow/.local/lib/python3.7/site-packages/airflow/example_dags/example_latest_only.py
[2023-12-23T18:18:55.304+0000] {processor.py:766} INFO - DAG(s) dict_keys(['latest_only']) retrieved from /home/airflow/.local/lib/python3.7/site-packages/airflow/example_dags/example_latest_only.py
[2023-12-23T18:18:55.344+0000] {logging_mixin.py:120} INFO - [2023-12-23T18:18:55.344+0000] {dag.py:2585} INFO - Sync 1 DAGs
[2023-12-23T18:18:55.366+0000] {logging_mixin.py:120} INFO - [2023-12-23T18:18:55.365+0000] {dag.py:3340} INFO - Setting next_dagrun for latest_only to 2023-12-23T14:18:55.365748+00:00, run_after=2023-12-23T18:18:55.365748+00:00
[2023-12-23T18:18:55.387+0000] {processor.py:176} INFO - Processing /home/airflow/.local/lib/python3.7/site-packages/airflow/example_dags/example_latest_only.py took 0.105 seconds
[2023-12-23T18:19:25.999+0000] {processor.py:154} INFO - Started process (PID=841) to work on /home/airflow/.local/lib/python3.7/site-packages/airflow/example_dags/example_latest_only.py
[2023-12-23T18:19:25.999+0000] {processor.py:756} INFO - Processing file /home/airflow/.local/lib/python3.7/site-packages/airflow/example_dags/example_latest_only.py for tasks to queue
[2023-12-23T18:19:26.000+0000] {logging_mixin.py:120} INFO - [2023-12-23T18:19:26.000+0000] {dagbag.py:537} INFO - Filling up the DagBag from /home/airflow/.local/lib/python3.7/site-packages/airflow/example_dags/example_latest_only.py
[2023-12-23T18:19:26.015+0000] {processor.py:766} INFO - DAG(s) dict_keys(['latest_only']) retrieved from /home/airflow/.local/lib/python3.7/site-packages/airflow/example_dags/example_latest_only.py
[2023-12-23T18:19:26.052+0000] {logging_mixin.py:120} INFO - [2023-12-23T18:19:26.052+0000] {dag.py:2585} INFO - Sync 1 DAGs
[2023-12-23T18:19:26.072+0000] {logging_mixin.py:120} INFO - [2023-12-23T18:19:26.072+0000] {dag.py:3340} INFO - Setting next_dagrun for latest_only to 2023-12-23T14:19:26.072484+00:00, run_after=2023-12-23T18:19:26.072484+00:00
[2023-12-23T18:19:26.093+0000] {processor.py:176} INFO - Processing /home/airflow/.local/lib/python3.7/site-packages/airflow/example_dags/example_latest_only.py took 0.097 seconds
[2023-12-23T18:19:56.965+0000] {processor.py:154} INFO - Started process (PID=905) to work on /home/airflow/.local/lib/python3.7/site-packages/airflow/example_dags/example_latest_only.py
[2023-12-23T18:19:56.966+0000] {processor.py:756} INFO - Processing file /home/airflow/.local/lib/python3.7/site-packages/airflow/example_dags/example_latest_only.py for tasks to queue
[2023-12-23T18:19:56.966+0000] {logging_mixin.py:120} INFO - [2023-12-23T18:19:56.966+0000] {dagbag.py:537} INFO - Filling up the DagBag from /home/airflow/.local/lib/python3.7/site-packages/airflow/example_dags/example_latest_only.py
[2023-12-23T18:19:56.981+0000] {processor.py:766} INFO - DAG(s) dict_keys(['latest_only']) retrieved from /home/airflow/.local/lib/python3.7/site-packages/airflow/example_dags/example_latest_only.py
[2023-12-23T18:19:57.029+0000] {logging_mixin.py:120} INFO - [2023-12-23T18:19:57.029+0000] {dag.py:2585} INFO - Sync 1 DAGs
[2023-12-23T18:19:57.056+0000] {logging_mixin.py:120} INFO - [2023-12-23T18:19:57.056+0000] {dag.py:3340} INFO - Setting next_dagrun for latest_only to 2023-12-23T14:19:57.056248+00:00, run_after=2023-12-23T18:19:57.056248+00:00
[2023-12-23T18:19:57.078+0000] {processor.py:176} INFO - Processing /home/airflow/.local/lib/python3.7/site-packages/airflow/example_dags/example_latest_only.py took 0.115 seconds
[2023-12-23T18:21:03.551+0000] {processor.py:154} INFO - Started process (PID=50) to work on /home/airflow/.local/lib/python3.7/site-packages/airflow/example_dags/example_latest_only.py
[2023-12-23T18:21:03.552+0000] {processor.py:756} INFO - Processing file /home/airflow/.local/lib/python3.7/site-packages/airflow/example_dags/example_latest_only.py for tasks to queue
[2023-12-23T18:21:03.552+0000] {logging_mixin.py:120} INFO - [2023-12-23T18:21:03.552+0000] {dagbag.py:537} INFO - Filling up the DagBag from /home/airflow/.local/lib/python3.7/site-packages/airflow/example_dags/example_latest_only.py
[2023-12-23T18:21:03.570+0000] {processor.py:766} INFO - DAG(s) dict_keys(['latest_only']) retrieved from /home/airflow/.local/lib/python3.7/site-packages/airflow/example_dags/example_latest_only.py
[2023-12-23T18:21:03.607+0000] {logging_mixin.py:120} INFO - [2023-12-23T18:21:03.607+0000] {dag.py:2585} INFO - Sync 1 DAGs
[2023-12-23T18:21:03.641+0000] {logging_mixin.py:120} INFO - [2023-12-23T18:21:03.641+0000] {dag.py:3340} INFO - Setting next_dagrun for latest_only to 2023-12-23T14:21:03.640909+00:00, run_after=2023-12-23T18:21:03.640909+00:00
[2023-12-23T18:21:03.670+0000] {processor.py:176} INFO - Processing /home/airflow/.local/lib/python3.7/site-packages/airflow/example_dags/example_latest_only.py took 0.123 seconds
[2023-12-23T18:21:34.083+0000] {processor.py:154} INFO - Started process (PID=104) to work on /home/airflow/.local/lib/python3.7/site-packages/airflow/example_dags/example_latest_only.py
[2023-12-23T18:21:34.084+0000] {processor.py:756} INFO - Processing file /home/airflow/.local/lib/python3.7/site-packages/airflow/example_dags/example_latest_only.py for tasks to queue
[2023-12-23T18:21:34.085+0000] {logging_mixin.py:120} INFO - [2023-12-23T18:21:34.085+0000] {dagbag.py:537} INFO - Filling up the DagBag from /home/airflow/.local/lib/python3.7/site-packages/airflow/example_dags/example_latest_only.py
[2023-12-23T18:21:34.098+0000] {processor.py:766} INFO - DAG(s) dict_keys(['latest_only']) retrieved from /home/airflow/.local/lib/python3.7/site-packages/airflow/example_dags/example_latest_only.py
[2023-12-23T18:21:34.141+0000] {logging_mixin.py:120} INFO - [2023-12-23T18:21:34.141+0000] {dag.py:2585} INFO - Sync 1 DAGs
[2023-12-23T18:21:34.171+0000] {logging_mixin.py:120} INFO - [2023-12-23T18:21:34.171+0000] {dag.py:3340} INFO - Setting next_dagrun for latest_only to 2023-12-23T14:21:34.171034+00:00, run_after=2023-12-23T18:21:34.171034+00:00
[2023-12-23T18:21:34.205+0000] {processor.py:176} INFO - Processing /home/airflow/.local/lib/python3.7/site-packages/airflow/example_dags/example_latest_only.py took 0.124 seconds
[2023-12-23T18:22:04.907+0000] {processor.py:154} INFO - Started process (PID=170) to work on /home/airflow/.local/lib/python3.7/site-packages/airflow/example_dags/example_latest_only.py
[2023-12-23T18:22:04.907+0000] {processor.py:756} INFO - Processing file /home/airflow/.local/lib/python3.7/site-packages/airflow/example_dags/example_latest_only.py for tasks to queue
[2023-12-23T18:22:04.908+0000] {logging_mixin.py:120} INFO - [2023-12-23T18:22:04.908+0000] {dagbag.py:537} INFO - Filling up the DagBag from /home/airflow/.local/lib/python3.7/site-packages/airflow/example_dags/example_latest_only.py
[2023-12-23T18:22:04.920+0000] {processor.py:766} INFO - DAG(s) dict_keys(['latest_only']) retrieved from /home/airflow/.local/lib/python3.7/site-packages/airflow/example_dags/example_latest_only.py
[2023-12-23T18:22:04.958+0000] {logging_mixin.py:120} INFO - [2023-12-23T18:22:04.957+0000] {dag.py:2585} INFO - Sync 1 DAGs
[2023-12-23T18:22:04.988+0000] {logging_mixin.py:120} INFO - [2023-12-23T18:22:04.988+0000] {dag.py:3340} INFO - Setting next_dagrun for latest_only to 2023-12-23T14:22:04.988500+00:00, run_after=2023-12-23T18:22:04.988500+00:00
[2023-12-23T18:22:05.015+0000] {processor.py:176} INFO - Processing /home/airflow/.local/lib/python3.7/site-packages/airflow/example_dags/example_latest_only.py took 0.111 seconds
[2023-12-23T18:22:35.346+0000] {processor.py:154} INFO - Started process (PID=233) to work on /home/airflow/.local/lib/python3.7/site-packages/airflow/example_dags/example_latest_only.py
[2023-12-23T18:22:35.347+0000] {processor.py:756} INFO - Processing file /home/airflow/.local/lib/python3.7/site-packages/airflow/example_dags/example_latest_only.py for tasks to queue
[2023-12-23T18:22:35.347+0000] {logging_mixin.py:120} INFO - [2023-12-23T18:22:35.347+0000] {dagbag.py:537} INFO - Filling up the DagBag from /home/airflow/.local/lib/python3.7/site-packages/airflow/example_dags/example_latest_only.py
[2023-12-23T18:22:35.361+0000] {processor.py:766} INFO - DAG(s) dict_keys(['latest_only']) retrieved from /home/airflow/.local/lib/python3.7/site-packages/airflow/example_dags/example_latest_only.py
[2023-12-23T18:22:35.393+0000] {logging_mixin.py:120} INFO - [2023-12-23T18:22:35.393+0000] {dag.py:2585} INFO - Sync 1 DAGs
[2023-12-23T18:22:35.419+0000] {logging_mixin.py:120} INFO - [2023-12-23T18:22:35.418+0000] {dag.py:3340} INFO - Setting next_dagrun for latest_only to 2023-12-23T14:22:35.418663+00:00, run_after=2023-12-23T18:22:35.418663+00:00
[2023-12-23T18:22:35.440+0000] {processor.py:176} INFO - Processing /home/airflow/.local/lib/python3.7/site-packages/airflow/example_dags/example_latest_only.py took 0.096 seconds
[2023-12-23T18:23:05.768+0000] {processor.py:154} INFO - Started process (PID=297) to work on /home/airflow/.local/lib/python3.7/site-packages/airflow/example_dags/example_latest_only.py
[2023-12-23T18:23:05.768+0000] {processor.py:756} INFO - Processing file /home/airflow/.local/lib/python3.7/site-packages/airflow/example_dags/example_latest_only.py for tasks to queue
[2023-12-23T18:23:05.769+0000] {logging_mixin.py:120} INFO - [2023-12-23T18:23:05.769+0000] {dagbag.py:537} INFO - Filling up the DagBag from /home/airflow/.local/lib/python3.7/site-packages/airflow/example_dags/example_latest_only.py
[2023-12-23T18:23:05.782+0000] {processor.py:766} INFO - DAG(s) dict_keys(['latest_only']) retrieved from /home/airflow/.local/lib/python3.7/site-packages/airflow/example_dags/example_latest_only.py
[2023-12-23T18:23:05.825+0000] {logging_mixin.py:120} INFO - [2023-12-23T18:23:05.825+0000] {dag.py:2585} INFO - Sync 1 DAGs
[2023-12-23T18:23:05.856+0000] {logging_mixin.py:120} INFO - [2023-12-23T18:23:05.856+0000] {dag.py:3340} INFO - Setting next_dagrun for latest_only to 2023-12-23T14:23:05.856424+00:00, run_after=2023-12-23T18:23:05.856424+00:00
[2023-12-23T18:23:05.884+0000] {processor.py:176} INFO - Processing /home/airflow/.local/lib/python3.7/site-packages/airflow/example_dags/example_latest_only.py took 0.120 seconds
[2023-12-23T18:23:36.635+0000] {processor.py:154} INFO - Started process (PID=352) to work on /home/airflow/.local/lib/python3.7/site-packages/airflow/example_dags/example_latest_only.py
[2023-12-23T18:23:36.636+0000] {processor.py:756} INFO - Processing file /home/airflow/.local/lib/python3.7/site-packages/airflow/example_dags/example_latest_only.py for tasks to queue
[2023-12-23T18:23:36.636+0000] {logging_mixin.py:120} INFO - [2023-12-23T18:23:36.636+0000] {dagbag.py:537} INFO - Filling up the DagBag from /home/airflow/.local/lib/python3.7/site-packages/airflow/example_dags/example_latest_only.py
[2023-12-23T18:23:36.648+0000] {processor.py:766} INFO - DAG(s) dict_keys(['latest_only']) retrieved from /home/airflow/.local/lib/python3.7/site-packages/airflow/example_dags/example_latest_only.py
[2023-12-23T18:23:36.681+0000] {logging_mixin.py:120} INFO - [2023-12-23T18:23:36.681+0000] {dag.py:2585} INFO - Sync 1 DAGs
[2023-12-23T18:23:36.701+0000] {logging_mixin.py:120} INFO - [2023-12-23T18:23:36.701+0000] {dag.py:3340} INFO - Setting next_dagrun for latest_only to 2023-12-23T14:23:36.701243+00:00, run_after=2023-12-23T18:23:36.701243+00:00
[2023-12-23T18:23:36.723+0000] {processor.py:176} INFO - Processing /home/airflow/.local/lib/python3.7/site-packages/airflow/example_dags/example_latest_only.py took 0.090 seconds
[2023-12-23T18:24:37.935+0000] {processor.py:154} INFO - Started process (PID=50) to work on /home/airflow/.local/lib/python3.7/site-packages/airflow/example_dags/example_latest_only.py
[2023-12-23T18:24:37.936+0000] {processor.py:756} INFO - Processing file /home/airflow/.local/lib/python3.7/site-packages/airflow/example_dags/example_latest_only.py for tasks to queue
[2023-12-23T18:24:37.937+0000] {logging_mixin.py:120} INFO - [2023-12-23T18:24:37.936+0000] {dagbag.py:537} INFO - Filling up the DagBag from /home/airflow/.local/lib/python3.7/site-packages/airflow/example_dags/example_latest_only.py
[2023-12-23T18:24:37.953+0000] {processor.py:766} INFO - DAG(s) dict_keys(['latest_only']) retrieved from /home/airflow/.local/lib/python3.7/site-packages/airflow/example_dags/example_latest_only.py
[2023-12-23T18:24:37.984+0000] {logging_mixin.py:120} INFO - [2023-12-23T18:24:37.984+0000] {dag.py:2585} INFO - Sync 1 DAGs
[2023-12-23T18:24:38.016+0000] {logging_mixin.py:120} INFO - [2023-12-23T18:24:38.016+0000] {dag.py:3340} INFO - Setting next_dagrun for latest_only to 2023-12-23T14:24:38.015918+00:00, run_after=2023-12-23T18:24:38.015918+00:00
[2023-12-23T18:24:38.056+0000] {processor.py:176} INFO - Processing /home/airflow/.local/lib/python3.7/site-packages/airflow/example_dags/example_latest_only.py took 0.124 seconds
[2023-12-23T18:25:08.514+0000] {processor.py:154} INFO - Started process (PID=103) to work on /home/airflow/.local/lib/python3.7/site-packages/airflow/example_dags/example_latest_only.py
[2023-12-23T18:25:08.514+0000] {processor.py:756} INFO - Processing file /home/airflow/.local/lib/python3.7/site-packages/airflow/example_dags/example_latest_only.py for tasks to queue
[2023-12-23T18:25:08.515+0000] {logging_mixin.py:120} INFO - [2023-12-23T18:25:08.515+0000] {dagbag.py:537} INFO - Filling up the DagBag from /home/airflow/.local/lib/python3.7/site-packages/airflow/example_dags/example_latest_only.py
[2023-12-23T18:25:08.528+0000] {processor.py:766} INFO - DAG(s) dict_keys(['latest_only']) retrieved from /home/airflow/.local/lib/python3.7/site-packages/airflow/example_dags/example_latest_only.py
[2023-12-23T18:25:08.563+0000] {logging_mixin.py:120} INFO - [2023-12-23T18:25:08.563+0000] {dag.py:2585} INFO - Sync 1 DAGs
[2023-12-23T18:25:08.584+0000] {logging_mixin.py:120} INFO - [2023-12-23T18:25:08.584+0000] {dag.py:3340} INFO - Setting next_dagrun for latest_only to 2023-12-23T14:25:08.584084+00:00, run_after=2023-12-23T18:25:08.584084+00:00
[2023-12-23T18:25:08.608+0000] {processor.py:176} INFO - Processing /home/airflow/.local/lib/python3.7/site-packages/airflow/example_dags/example_latest_only.py took 0.096 seconds
[2023-12-23T18:25:39.288+0000] {processor.py:154} INFO - Started process (PID=168) to work on /home/airflow/.local/lib/python3.7/site-packages/airflow/example_dags/example_latest_only.py
[2023-12-23T18:25:39.289+0000] {processor.py:756} INFO - Processing file /home/airflow/.local/lib/python3.7/site-packages/airflow/example_dags/example_latest_only.py for tasks to queue
[2023-12-23T18:25:39.290+0000] {logging_mixin.py:120} INFO - [2023-12-23T18:25:39.290+0000] {dagbag.py:537} INFO - Filling up the DagBag from /home/airflow/.local/lib/python3.7/site-packages/airflow/example_dags/example_latest_only.py
[2023-12-23T18:25:39.306+0000] {processor.py:766} INFO - DAG(s) dict_keys(['latest_only']) retrieved from /home/airflow/.local/lib/python3.7/site-packages/airflow/example_dags/example_latest_only.py
[2023-12-23T18:25:39.355+0000] {logging_mixin.py:120} INFO - [2023-12-23T18:25:39.354+0000] {dag.py:2585} INFO - Sync 1 DAGs
[2023-12-23T18:25:39.387+0000] {logging_mixin.py:120} INFO - [2023-12-23T18:25:39.386+0000] {dag.py:3340} INFO - Setting next_dagrun for latest_only to 2023-12-23T14:25:39.386591+00:00, run_after=2023-12-23T18:25:39.386591+00:00
[2023-12-23T18:25:39.429+0000] {processor.py:176} INFO - Processing /home/airflow/.local/lib/python3.7/site-packages/airflow/example_dags/example_latest_only.py took 0.144 seconds
[2023-12-23T18:26:09.673+0000] {processor.py:154} INFO - Started process (PID=231) to work on /home/airflow/.local/lib/python3.7/site-packages/airflow/example_dags/example_latest_only.py
[2023-12-23T18:26:09.673+0000] {processor.py:756} INFO - Processing file /home/airflow/.local/lib/python3.7/site-packages/airflow/example_dags/example_latest_only.py for tasks to queue
[2023-12-23T18:26:09.674+0000] {logging_mixin.py:120} INFO - [2023-12-23T18:26:09.674+0000] {dagbag.py:537} INFO - Filling up the DagBag from /home/airflow/.local/lib/python3.7/site-packages/airflow/example_dags/example_latest_only.py
[2023-12-23T18:26:09.685+0000] {processor.py:766} INFO - DAG(s) dict_keys(['latest_only']) retrieved from /home/airflow/.local/lib/python3.7/site-packages/airflow/example_dags/example_latest_only.py
[2023-12-23T18:26:09.719+0000] {logging_mixin.py:120} INFO - [2023-12-23T18:26:09.718+0000] {dag.py:2585} INFO - Sync 1 DAGs
[2023-12-23T18:26:09.741+0000] {logging_mixin.py:120} INFO - [2023-12-23T18:26:09.741+0000] {dag.py:3340} INFO - Setting next_dagrun for latest_only to 2023-12-23T14:26:09.740759+00:00, run_after=2023-12-23T18:26:09.740759+00:00
[2023-12-23T18:26:09.765+0000] {processor.py:176} INFO - Processing /home/airflow/.local/lib/python3.7/site-packages/airflow/example_dags/example_latest_only.py took 0.095 seconds
[2023-12-23T18:26:40.903+0000] {processor.py:154} INFO - Started process (PID=294) to work on /home/airflow/.local/lib/python3.7/site-packages/airflow/example_dags/example_latest_only.py
[2023-12-23T18:26:40.904+0000] {processor.py:756} INFO - Processing file /home/airflow/.local/lib/python3.7/site-packages/airflow/example_dags/example_latest_only.py for tasks to queue
[2023-12-23T18:26:40.905+0000] {logging_mixin.py:120} INFO - [2023-12-23T18:26:40.905+0000] {dagbag.py:537} INFO - Filling up the DagBag from /home/airflow/.local/lib/python3.7/site-packages/airflow/example_dags/example_latest_only.py
[2023-12-23T18:26:40.923+0000] {processor.py:766} INFO - DAG(s) dict_keys(['latest_only']) retrieved from /home/airflow/.local/lib/python3.7/site-packages/airflow/example_dags/example_latest_only.py
[2023-12-23T18:26:40.970+0000] {logging_mixin.py:120} INFO - [2023-12-23T18:26:40.970+0000] {dag.py:2585} INFO - Sync 1 DAGs
[2023-12-23T18:26:41.003+0000] {logging_mixin.py:120} INFO - [2023-12-23T18:26:41.003+0000] {dag.py:3340} INFO - Setting next_dagrun for latest_only to 2023-12-23T14:26:41.003043+00:00, run_after=2023-12-23T18:26:41.003043+00:00
[2023-12-23T18:26:41.030+0000] {processor.py:176} INFO - Processing /home/airflow/.local/lib/python3.7/site-packages/airflow/example_dags/example_latest_only.py took 0.130 seconds
[2023-12-23T18:35:55.955+0000] {processor.py:154} INFO - Started process (PID=50) to work on /home/airflow/.local/lib/python3.7/site-packages/airflow/example_dags/example_latest_only.py
[2023-12-23T18:35:55.957+0000] {processor.py:756} INFO - Processing file /home/airflow/.local/lib/python3.7/site-packages/airflow/example_dags/example_latest_only.py for tasks to queue
[2023-12-23T18:35:55.957+0000] {logging_mixin.py:120} INFO - [2023-12-23T18:35:55.957+0000] {dagbag.py:537} INFO - Filling up the DagBag from /home/airflow/.local/lib/python3.7/site-packages/airflow/example_dags/example_latest_only.py
[2023-12-23T18:35:55.973+0000] {processor.py:766} INFO - DAG(s) dict_keys(['latest_only']) retrieved from /home/airflow/.local/lib/python3.7/site-packages/airflow/example_dags/example_latest_only.py
[2023-12-23T18:35:56.004+0000] {logging_mixin.py:120} INFO - [2023-12-23T18:35:56.004+0000] {dag.py:2585} INFO - Sync 1 DAGs
[2023-12-23T18:35:56.033+0000] {logging_mixin.py:120} INFO - [2023-12-23T18:35:56.033+0000] {dag.py:3340} INFO - Setting next_dagrun for latest_only to 2023-12-23T14:35:56.032891+00:00, run_after=2023-12-23T18:35:56.032891+00:00
[2023-12-23T18:35:56.133+0000] {processor.py:176} INFO - Processing /home/airflow/.local/lib/python3.7/site-packages/airflow/example_dags/example_latest_only.py took 0.181 seconds
[2023-12-23T18:36:26.406+0000] {processor.py:154} INFO - Started process (PID=103) to work on /home/airflow/.local/lib/python3.7/site-packages/airflow/example_dags/example_latest_only.py
[2023-12-23T18:36:26.406+0000] {processor.py:756} INFO - Processing file /home/airflow/.local/lib/python3.7/site-packages/airflow/example_dags/example_latest_only.py for tasks to queue
[2023-12-23T18:36:26.407+0000] {logging_mixin.py:120} INFO - [2023-12-23T18:36:26.407+0000] {dagbag.py:537} INFO - Filling up the DagBag from /home/airflow/.local/lib/python3.7/site-packages/airflow/example_dags/example_latest_only.py
[2023-12-23T18:36:26.419+0000] {processor.py:766} INFO - DAG(s) dict_keys(['latest_only']) retrieved from /home/airflow/.local/lib/python3.7/site-packages/airflow/example_dags/example_latest_only.py
[2023-12-23T18:36:26.457+0000] {logging_mixin.py:120} INFO - [2023-12-23T18:36:26.457+0000] {dag.py:2585} INFO - Sync 1 DAGs
[2023-12-23T18:36:26.490+0000] {logging_mixin.py:120} INFO - [2023-12-23T18:36:26.490+0000] {dag.py:3340} INFO - Setting next_dagrun for latest_only to 2023-12-23T14:36:26.489821+00:00, run_after=2023-12-23T18:36:26.489821+00:00
[2023-12-23T18:36:26.514+0000] {processor.py:176} INFO - Processing /home/airflow/.local/lib/python3.7/site-packages/airflow/example_dags/example_latest_only.py took 0.111 seconds
[2023-12-23T18:36:56.985+0000] {processor.py:154} INFO - Started process (PID=167) to work on /home/airflow/.local/lib/python3.7/site-packages/airflow/example_dags/example_latest_only.py
[2023-12-23T18:36:56.987+0000] {processor.py:756} INFO - Processing file /home/airflow/.local/lib/python3.7/site-packages/airflow/example_dags/example_latest_only.py for tasks to queue
[2023-12-23T18:36:56.987+0000] {logging_mixin.py:120} INFO - [2023-12-23T18:36:56.987+0000] {dagbag.py:537} INFO - Filling up the DagBag from /home/airflow/.local/lib/python3.7/site-packages/airflow/example_dags/example_latest_only.py
[2023-12-23T18:36:57.007+0000] {processor.py:766} INFO - DAG(s) dict_keys(['latest_only']) retrieved from /home/airflow/.local/lib/python3.7/site-packages/airflow/example_dags/example_latest_only.py
[2023-12-23T18:36:57.073+0000] {logging_mixin.py:120} INFO - [2023-12-23T18:36:57.072+0000] {dag.py:2585} INFO - Sync 1 DAGs
[2023-12-23T18:36:57.109+0000] {logging_mixin.py:120} INFO - [2023-12-23T18:36:57.109+0000] {dag.py:3340} INFO - Setting next_dagrun for latest_only to 2023-12-23T14:36:57.109221+00:00, run_after=2023-12-23T18:36:57.109221+00:00
[2023-12-23T18:36:57.135+0000] {processor.py:176} INFO - Processing /home/airflow/.local/lib/python3.7/site-packages/airflow/example_dags/example_latest_only.py took 0.153 seconds
