[2023-12-23T18:12:45.090+0000] {processor.py:154} INFO - Started process (PID=42) to work on /home/airflow/.local/lib/python3.7/site-packages/airflow/example_dags/example_external_task_marker_dag.py
[2023-12-23T18:12:45.091+0000] {processor.py:756} INFO - Processing file /home/airflow/.local/lib/python3.7/site-packages/airflow/example_dags/example_external_task_marker_dag.py for tasks to queue
[2023-12-23T18:12:45.091+0000] {logging_mixin.py:120} INFO - [2023-12-23T18:12:45.091+0000] {dagbag.py:537} INFO - Filling up the DagBag from /home/airflow/.local/lib/python3.7/site-packages/airflow/example_dags/example_external_task_marker_dag.py
[2023-12-23T18:12:45.156+0000] {processor.py:766} INFO - DAG(s) dict_keys(['example_external_task_marker_parent', 'example_external_task_marker_child']) retrieved from /home/airflow/.local/lib/python3.7/site-packages/airflow/example_dags/example_external_task_marker_dag.py
[2023-12-23T18:12:45.462+0000] {logging_mixin.py:120} INFO - [2023-12-23T18:12:45.462+0000] {dag.py:2585} INFO - Sync 2 DAGs
[2023-12-23T18:12:45.490+0000] {logging_mixin.py:120} INFO - [2023-12-23T18:12:45.490+0000] {dag.py:3340} INFO - Setting next_dagrun for example_external_task_marker_child to None, run_after=None
[2023-12-23T18:12:45.494+0000] {logging_mixin.py:120} INFO - [2023-12-23T18:12:45.494+0000] {dag.py:3340} INFO - Setting next_dagrun for example_external_task_marker_parent to None, run_after=None
[2023-12-23T18:12:45.519+0000] {processor.py:176} INFO - Processing /home/airflow/.local/lib/python3.7/site-packages/airflow/example_dags/example_external_task_marker_dag.py took 0.446 seconds
[2023-12-23T18:13:15.655+0000] {processor.py:154} INFO - Started process (PID=96) to work on /home/airflow/.local/lib/python3.7/site-packages/airflow/example_dags/example_external_task_marker_dag.py
[2023-12-23T18:13:15.656+0000] {processor.py:756} INFO - Processing file /home/airflow/.local/lib/python3.7/site-packages/airflow/example_dags/example_external_task_marker_dag.py for tasks to queue
[2023-12-23T18:13:15.656+0000] {logging_mixin.py:120} INFO - [2023-12-23T18:13:15.656+0000] {dagbag.py:537} INFO - Filling up the DagBag from /home/airflow/.local/lib/python3.7/site-packages/airflow/example_dags/example_external_task_marker_dag.py
[2023-12-23T18:13:15.672+0000] {processor.py:766} INFO - DAG(s) dict_keys(['example_external_task_marker_child', 'example_external_task_marker_parent']) retrieved from /home/airflow/.local/lib/python3.7/site-packages/airflow/example_dags/example_external_task_marker_dag.py
[2023-12-23T18:13:15.874+0000] {logging_mixin.py:120} INFO - [2023-12-23T18:13:15.874+0000] {dag.py:2585} INFO - Sync 2 DAGs
[2023-12-23T18:13:15.895+0000] {logging_mixin.py:120} INFO - [2023-12-23T18:13:15.894+0000] {dag.py:3340} INFO - Setting next_dagrun for example_external_task_marker_child to None, run_after=None
[2023-12-23T18:13:15.897+0000] {logging_mixin.py:120} INFO - [2023-12-23T18:13:15.897+0000] {dag.py:3340} INFO - Setting next_dagrun for example_external_task_marker_parent to None, run_after=None
[2023-12-23T18:13:15.917+0000] {processor.py:176} INFO - Processing /home/airflow/.local/lib/python3.7/site-packages/airflow/example_dags/example_external_task_marker_dag.py took 0.264 seconds
[2023-12-23T18:13:46.570+0000] {processor.py:154} INFO - Started process (PID=159) to work on /home/airflow/.local/lib/python3.7/site-packages/airflow/example_dags/example_external_task_marker_dag.py
[2023-12-23T18:13:46.571+0000] {processor.py:756} INFO - Processing file /home/airflow/.local/lib/python3.7/site-packages/airflow/example_dags/example_external_task_marker_dag.py for tasks to queue
[2023-12-23T18:13:46.572+0000] {logging_mixin.py:120} INFO - [2023-12-23T18:13:46.571+0000] {dagbag.py:537} INFO - Filling up the DagBag from /home/airflow/.local/lib/python3.7/site-packages/airflow/example_dags/example_external_task_marker_dag.py
[2023-12-23T18:13:46.588+0000] {processor.py:766} INFO - DAG(s) dict_keys(['example_external_task_marker_parent', 'example_external_task_marker_child']) retrieved from /home/airflow/.local/lib/python3.7/site-packages/airflow/example_dags/example_external_task_marker_dag.py
[2023-12-23T18:13:46.800+0000] {logging_mixin.py:120} INFO - [2023-12-23T18:13:46.800+0000] {dag.py:2585} INFO - Sync 2 DAGs
[2023-12-23T18:13:46.822+0000] {logging_mixin.py:120} INFO - [2023-12-23T18:13:46.821+0000] {dag.py:3340} INFO - Setting next_dagrun for example_external_task_marker_child to None, run_after=None
[2023-12-23T18:13:46.824+0000] {logging_mixin.py:120} INFO - [2023-12-23T18:13:46.824+0000] {dag.py:3340} INFO - Setting next_dagrun for example_external_task_marker_parent to None, run_after=None
[2023-12-23T18:13:46.853+0000] {processor.py:176} INFO - Processing /home/airflow/.local/lib/python3.7/site-packages/airflow/example_dags/example_external_task_marker_dag.py took 0.285 seconds
[2023-12-23T18:14:17.582+0000] {processor.py:154} INFO - Started process (PID=222) to work on /home/airflow/.local/lib/python3.7/site-packages/airflow/example_dags/example_external_task_marker_dag.py
[2023-12-23T18:14:17.583+0000] {processor.py:756} INFO - Processing file /home/airflow/.local/lib/python3.7/site-packages/airflow/example_dags/example_external_task_marker_dag.py for tasks to queue
[2023-12-23T18:14:17.583+0000] {logging_mixin.py:120} INFO - [2023-12-23T18:14:17.583+0000] {dagbag.py:537} INFO - Filling up the DagBag from /home/airflow/.local/lib/python3.7/site-packages/airflow/example_dags/example_external_task_marker_dag.py
[2023-12-23T18:14:17.598+0000] {processor.py:766} INFO - DAG(s) dict_keys(['example_external_task_marker_child', 'example_external_task_marker_parent']) retrieved from /home/airflow/.local/lib/python3.7/site-packages/airflow/example_dags/example_external_task_marker_dag.py
[2023-12-23T18:14:17.793+0000] {logging_mixin.py:120} INFO - [2023-12-23T18:14:17.793+0000] {dag.py:2585} INFO - Sync 2 DAGs
[2023-12-23T18:14:17.813+0000] {logging_mixin.py:120} INFO - [2023-12-23T18:14:17.813+0000] {dag.py:3340} INFO - Setting next_dagrun for example_external_task_marker_child to None, run_after=None
[2023-12-23T18:14:17.816+0000] {logging_mixin.py:120} INFO - [2023-12-23T18:14:17.816+0000] {dag.py:3340} INFO - Setting next_dagrun for example_external_task_marker_parent to None, run_after=None
[2023-12-23T18:14:17.836+0000] {processor.py:176} INFO - Processing /home/airflow/.local/lib/python3.7/site-packages/airflow/example_dags/example_external_task_marker_dag.py took 0.258 seconds
[2023-12-23T18:14:48.319+0000] {processor.py:154} INFO - Started process (PID=286) to work on /home/airflow/.local/lib/python3.7/site-packages/airflow/example_dags/example_external_task_marker_dag.py
[2023-12-23T18:14:48.319+0000] {processor.py:756} INFO - Processing file /home/airflow/.local/lib/python3.7/site-packages/airflow/example_dags/example_external_task_marker_dag.py for tasks to queue
[2023-12-23T18:14:48.320+0000] {logging_mixin.py:120} INFO - [2023-12-23T18:14:48.320+0000] {dagbag.py:537} INFO - Filling up the DagBag from /home/airflow/.local/lib/python3.7/site-packages/airflow/example_dags/example_external_task_marker_dag.py
[2023-12-23T18:14:48.334+0000] {processor.py:766} INFO - DAG(s) dict_keys(['example_external_task_marker_child', 'example_external_task_marker_parent']) retrieved from /home/airflow/.local/lib/python3.7/site-packages/airflow/example_dags/example_external_task_marker_dag.py
[2023-12-23T18:14:48.520+0000] {logging_mixin.py:120} INFO - [2023-12-23T18:14:48.520+0000] {dag.py:2585} INFO - Sync 2 DAGs
[2023-12-23T18:14:48.543+0000] {logging_mixin.py:120} INFO - [2023-12-23T18:14:48.542+0000] {dag.py:3340} INFO - Setting next_dagrun for example_external_task_marker_child to None, run_after=None
[2023-12-23T18:14:48.545+0000] {logging_mixin.py:120} INFO - [2023-12-23T18:14:48.545+0000] {dag.py:3340} INFO - Setting next_dagrun for example_external_task_marker_parent to None, run_after=None
[2023-12-23T18:14:48.569+0000] {processor.py:176} INFO - Processing /home/airflow/.local/lib/python3.7/site-packages/airflow/example_dags/example_external_task_marker_dag.py took 0.253 seconds
[2023-12-23T18:15:19.288+0000] {processor.py:154} INFO - Started process (PID=340) to work on /home/airflow/.local/lib/python3.7/site-packages/airflow/example_dags/example_external_task_marker_dag.py
[2023-12-23T18:15:19.289+0000] {processor.py:756} INFO - Processing file /home/airflow/.local/lib/python3.7/site-packages/airflow/example_dags/example_external_task_marker_dag.py for tasks to queue
[2023-12-23T18:15:19.289+0000] {logging_mixin.py:120} INFO - [2023-12-23T18:15:19.289+0000] {dagbag.py:537} INFO - Filling up the DagBag from /home/airflow/.local/lib/python3.7/site-packages/airflow/example_dags/example_external_task_marker_dag.py
[2023-12-23T18:15:19.302+0000] {processor.py:766} INFO - DAG(s) dict_keys(['example_external_task_marker_child', 'example_external_task_marker_parent']) retrieved from /home/airflow/.local/lib/python3.7/site-packages/airflow/example_dags/example_external_task_marker_dag.py
[2023-12-23T18:15:19.561+0000] {logging_mixin.py:120} INFO - [2023-12-23T18:15:19.561+0000] {dag.py:2585} INFO - Sync 2 DAGs
[2023-12-23T18:15:19.596+0000] {logging_mixin.py:120} INFO - [2023-12-23T18:15:19.596+0000] {dag.py:3340} INFO - Setting next_dagrun for example_external_task_marker_child to None, run_after=None
[2023-12-23T18:15:19.600+0000] {logging_mixin.py:120} INFO - [2023-12-23T18:15:19.600+0000] {dag.py:3340} INFO - Setting next_dagrun for example_external_task_marker_parent to None, run_after=None
[2023-12-23T18:15:19.628+0000] {processor.py:176} INFO - Processing /home/airflow/.local/lib/python3.7/site-packages/airflow/example_dags/example_external_task_marker_dag.py took 0.343 seconds
[2023-12-23T18:15:49.661+0000] {processor.py:154} INFO - Started process (PID=405) to work on /home/airflow/.local/lib/python3.7/site-packages/airflow/example_dags/example_external_task_marker_dag.py
[2023-12-23T18:15:49.662+0000] {processor.py:756} INFO - Processing file /home/airflow/.local/lib/python3.7/site-packages/airflow/example_dags/example_external_task_marker_dag.py for tasks to queue
[2023-12-23T18:15:49.662+0000] {logging_mixin.py:120} INFO - [2023-12-23T18:15:49.662+0000] {dagbag.py:537} INFO - Filling up the DagBag from /home/airflow/.local/lib/python3.7/site-packages/airflow/example_dags/example_external_task_marker_dag.py
[2023-12-23T18:15:49.675+0000] {processor.py:766} INFO - DAG(s) dict_keys(['example_external_task_marker_parent', 'example_external_task_marker_child']) retrieved from /home/airflow/.local/lib/python3.7/site-packages/airflow/example_dags/example_external_task_marker_dag.py
[2023-12-23T18:15:49.879+0000] {logging_mixin.py:120} INFO - [2023-12-23T18:15:49.879+0000] {dag.py:2585} INFO - Sync 2 DAGs
[2023-12-23T18:15:49.901+0000] {logging_mixin.py:120} INFO - [2023-12-23T18:15:49.901+0000] {dag.py:3340} INFO - Setting next_dagrun for example_external_task_marker_child to None, run_after=None
[2023-12-23T18:15:49.903+0000] {logging_mixin.py:120} INFO - [2023-12-23T18:15:49.903+0000] {dag.py:3340} INFO - Setting next_dagrun for example_external_task_marker_parent to None, run_after=None
[2023-12-23T18:15:49.923+0000] {processor.py:176} INFO - Processing /home/airflow/.local/lib/python3.7/site-packages/airflow/example_dags/example_external_task_marker_dag.py took 0.264 seconds
[2023-12-23T18:16:20.560+0000] {processor.py:154} INFO - Started process (PID=467) to work on /home/airflow/.local/lib/python3.7/site-packages/airflow/example_dags/example_external_task_marker_dag.py
[2023-12-23T18:16:20.561+0000] {processor.py:756} INFO - Processing file /home/airflow/.local/lib/python3.7/site-packages/airflow/example_dags/example_external_task_marker_dag.py for tasks to queue
[2023-12-23T18:16:20.562+0000] {logging_mixin.py:120} INFO - [2023-12-23T18:16:20.561+0000] {dagbag.py:537} INFO - Filling up the DagBag from /home/airflow/.local/lib/python3.7/site-packages/airflow/example_dags/example_external_task_marker_dag.py
[2023-12-23T18:16:20.574+0000] {processor.py:766} INFO - DAG(s) dict_keys(['example_external_task_marker_parent', 'example_external_task_marker_child']) retrieved from /home/airflow/.local/lib/python3.7/site-packages/airflow/example_dags/example_external_task_marker_dag.py
[2023-12-23T18:16:20.758+0000] {logging_mixin.py:120} INFO - [2023-12-23T18:16:20.757+0000] {dag.py:2585} INFO - Sync 2 DAGs
[2023-12-23T18:16:20.790+0000] {logging_mixin.py:120} INFO - [2023-12-23T18:16:20.790+0000] {dag.py:3340} INFO - Setting next_dagrun for example_external_task_marker_child to None, run_after=None
[2023-12-23T18:16:20.793+0000] {logging_mixin.py:120} INFO - [2023-12-23T18:16:20.793+0000] {dag.py:3340} INFO - Setting next_dagrun for example_external_task_marker_parent to None, run_after=None
[2023-12-23T18:16:20.812+0000] {processor.py:176} INFO - Processing /home/airflow/.local/lib/python3.7/site-packages/airflow/example_dags/example_external_task_marker_dag.py took 0.255 seconds
[2023-12-23T18:16:51.329+0000] {processor.py:154} INFO - Started process (PID=531) to work on /home/airflow/.local/lib/python3.7/site-packages/airflow/example_dags/example_external_task_marker_dag.py
[2023-12-23T18:16:51.330+0000] {processor.py:756} INFO - Processing file /home/airflow/.local/lib/python3.7/site-packages/airflow/example_dags/example_external_task_marker_dag.py for tasks to queue
[2023-12-23T18:16:51.331+0000] {logging_mixin.py:120} INFO - [2023-12-23T18:16:51.331+0000] {dagbag.py:537} INFO - Filling up the DagBag from /home/airflow/.local/lib/python3.7/site-packages/airflow/example_dags/example_external_task_marker_dag.py
[2023-12-23T18:16:51.343+0000] {processor.py:766} INFO - DAG(s) dict_keys(['example_external_task_marker_child', 'example_external_task_marker_parent']) retrieved from /home/airflow/.local/lib/python3.7/site-packages/airflow/example_dags/example_external_task_marker_dag.py
[2023-12-23T18:16:51.523+0000] {logging_mixin.py:120} INFO - [2023-12-23T18:16:51.523+0000] {dag.py:2585} INFO - Sync 2 DAGs
[2023-12-23T18:16:51.544+0000] {logging_mixin.py:120} INFO - [2023-12-23T18:16:51.544+0000] {dag.py:3340} INFO - Setting next_dagrun for example_external_task_marker_child to None, run_after=None
[2023-12-23T18:16:51.547+0000] {logging_mixin.py:120} INFO - [2023-12-23T18:16:51.547+0000] {dag.py:3340} INFO - Setting next_dagrun for example_external_task_marker_parent to None, run_after=None
[2023-12-23T18:16:51.567+0000] {processor.py:176} INFO - Processing /home/airflow/.local/lib/python3.7/site-packages/airflow/example_dags/example_external_task_marker_dag.py took 0.240 seconds
[2023-12-23T18:17:22.107+0000] {processor.py:154} INFO - Started process (PID=586) to work on /home/airflow/.local/lib/python3.7/site-packages/airflow/example_dags/example_external_task_marker_dag.py
[2023-12-23T18:17:22.108+0000] {processor.py:756} INFO - Processing file /home/airflow/.local/lib/python3.7/site-packages/airflow/example_dags/example_external_task_marker_dag.py for tasks to queue
[2023-12-23T18:17:22.108+0000] {logging_mixin.py:120} INFO - [2023-12-23T18:17:22.108+0000] {dagbag.py:537} INFO - Filling up the DagBag from /home/airflow/.local/lib/python3.7/site-packages/airflow/example_dags/example_external_task_marker_dag.py
[2023-12-23T18:17:22.120+0000] {processor.py:766} INFO - DAG(s) dict_keys(['example_external_task_marker_parent', 'example_external_task_marker_child']) retrieved from /home/airflow/.local/lib/python3.7/site-packages/airflow/example_dags/example_external_task_marker_dag.py
[2023-12-23T18:17:22.323+0000] {logging_mixin.py:120} INFO - [2023-12-23T18:17:22.323+0000] {dag.py:2585} INFO - Sync 2 DAGs
[2023-12-23T18:17:22.345+0000] {logging_mixin.py:120} INFO - [2023-12-23T18:17:22.345+0000] {dag.py:3340} INFO - Setting next_dagrun for example_external_task_marker_child to None, run_after=None
[2023-12-23T18:17:22.348+0000] {logging_mixin.py:120} INFO - [2023-12-23T18:17:22.348+0000] {dag.py:3340} INFO - Setting next_dagrun for example_external_task_marker_parent to None, run_after=None
[2023-12-23T18:17:22.369+0000] {processor.py:176} INFO - Processing /home/airflow/.local/lib/python3.7/site-packages/airflow/example_dags/example_external_task_marker_dag.py took 0.264 seconds
[2023-12-23T18:17:52.969+0000] {processor.py:154} INFO - Started process (PID=650) to work on /home/airflow/.local/lib/python3.7/site-packages/airflow/example_dags/example_external_task_marker_dag.py
[2023-12-23T18:17:52.970+0000] {processor.py:756} INFO - Processing file /home/airflow/.local/lib/python3.7/site-packages/airflow/example_dags/example_external_task_marker_dag.py for tasks to queue
[2023-12-23T18:17:52.970+0000] {logging_mixin.py:120} INFO - [2023-12-23T18:17:52.970+0000] {dagbag.py:537} INFO - Filling up the DagBag from /home/airflow/.local/lib/python3.7/site-packages/airflow/example_dags/example_external_task_marker_dag.py
[2023-12-23T18:17:52.983+0000] {processor.py:766} INFO - DAG(s) dict_keys(['example_external_task_marker_child', 'example_external_task_marker_parent']) retrieved from /home/airflow/.local/lib/python3.7/site-packages/airflow/example_dags/example_external_task_marker_dag.py
[2023-12-23T18:17:53.206+0000] {logging_mixin.py:120} INFO - [2023-12-23T18:17:53.205+0000] {dag.py:2585} INFO - Sync 2 DAGs
[2023-12-23T18:17:53.228+0000] {logging_mixin.py:120} INFO - [2023-12-23T18:17:53.228+0000] {dag.py:3340} INFO - Setting next_dagrun for example_external_task_marker_child to None, run_after=None
[2023-12-23T18:17:53.231+0000] {logging_mixin.py:120} INFO - [2023-12-23T18:17:53.231+0000] {dag.py:3340} INFO - Setting next_dagrun for example_external_task_marker_parent to None, run_after=None
[2023-12-23T18:17:53.251+0000] {processor.py:176} INFO - Processing /home/airflow/.local/lib/python3.7/site-packages/airflow/example_dags/example_external_task_marker_dag.py took 0.284 seconds
[2023-12-23T18:18:23.774+0000] {processor.py:154} INFO - Started process (PID=714) to work on /home/airflow/.local/lib/python3.7/site-packages/airflow/example_dags/example_external_task_marker_dag.py
[2023-12-23T18:18:23.774+0000] {processor.py:756} INFO - Processing file /home/airflow/.local/lib/python3.7/site-packages/airflow/example_dags/example_external_task_marker_dag.py for tasks to queue
[2023-12-23T18:18:23.775+0000] {logging_mixin.py:120} INFO - [2023-12-23T18:18:23.775+0000] {dagbag.py:537} INFO - Filling up the DagBag from /home/airflow/.local/lib/python3.7/site-packages/airflow/example_dags/example_external_task_marker_dag.py
[2023-12-23T18:18:23.788+0000] {processor.py:766} INFO - DAG(s) dict_keys(['example_external_task_marker_child', 'example_external_task_marker_parent']) retrieved from /home/airflow/.local/lib/python3.7/site-packages/airflow/example_dags/example_external_task_marker_dag.py
[2023-12-23T18:18:23.992+0000] {logging_mixin.py:120} INFO - [2023-12-23T18:18:23.992+0000] {dag.py:2585} INFO - Sync 2 DAGs
[2023-12-23T18:18:24.019+0000] {logging_mixin.py:120} INFO - [2023-12-23T18:18:24.019+0000] {dag.py:3340} INFO - Setting next_dagrun for example_external_task_marker_child to None, run_after=None
[2023-12-23T18:18:24.022+0000] {logging_mixin.py:120} INFO - [2023-12-23T18:18:24.022+0000] {dag.py:3340} INFO - Setting next_dagrun for example_external_task_marker_parent to None, run_after=None
[2023-12-23T18:18:24.044+0000] {processor.py:176} INFO - Processing /home/airflow/.local/lib/python3.7/site-packages/airflow/example_dags/example_external_task_marker_dag.py took 0.273 seconds
[2023-12-23T18:18:54.614+0000] {processor.py:154} INFO - Started process (PID=778) to work on /home/airflow/.local/lib/python3.7/site-packages/airflow/example_dags/example_external_task_marker_dag.py
[2023-12-23T18:18:54.615+0000] {processor.py:756} INFO - Processing file /home/airflow/.local/lib/python3.7/site-packages/airflow/example_dags/example_external_task_marker_dag.py for tasks to queue
[2023-12-23T18:18:54.615+0000] {logging_mixin.py:120} INFO - [2023-12-23T18:18:54.615+0000] {dagbag.py:537} INFO - Filling up the DagBag from /home/airflow/.local/lib/python3.7/site-packages/airflow/example_dags/example_external_task_marker_dag.py
[2023-12-23T18:18:54.628+0000] {processor.py:766} INFO - DAG(s) dict_keys(['example_external_task_marker_parent', 'example_external_task_marker_child']) retrieved from /home/airflow/.local/lib/python3.7/site-packages/airflow/example_dags/example_external_task_marker_dag.py
[2023-12-23T18:18:54.810+0000] {logging_mixin.py:120} INFO - [2023-12-23T18:18:54.809+0000] {dag.py:2585} INFO - Sync 2 DAGs
[2023-12-23T18:18:54.830+0000] {logging_mixin.py:120} INFO - [2023-12-23T18:18:54.830+0000] {dag.py:3340} INFO - Setting next_dagrun for example_external_task_marker_child to None, run_after=None
[2023-12-23T18:18:54.832+0000] {logging_mixin.py:120} INFO - [2023-12-23T18:18:54.832+0000] {dag.py:3340} INFO - Setting next_dagrun for example_external_task_marker_parent to None, run_after=None
[2023-12-23T18:18:54.852+0000] {processor.py:176} INFO - Processing /home/airflow/.local/lib/python3.7/site-packages/airflow/example_dags/example_external_task_marker_dag.py took 0.240 seconds
[2023-12-23T18:19:25.343+0000] {processor.py:154} INFO - Started process (PID=833) to work on /home/airflow/.local/lib/python3.7/site-packages/airflow/example_dags/example_external_task_marker_dag.py
[2023-12-23T18:19:25.343+0000] {processor.py:756} INFO - Processing file /home/airflow/.local/lib/python3.7/site-packages/airflow/example_dags/example_external_task_marker_dag.py for tasks to queue
[2023-12-23T18:19:25.344+0000] {logging_mixin.py:120} INFO - [2023-12-23T18:19:25.344+0000] {dagbag.py:537} INFO - Filling up the DagBag from /home/airflow/.local/lib/python3.7/site-packages/airflow/example_dags/example_external_task_marker_dag.py
[2023-12-23T18:19:25.357+0000] {processor.py:766} INFO - DAG(s) dict_keys(['example_external_task_marker_parent', 'example_external_task_marker_child']) retrieved from /home/airflow/.local/lib/python3.7/site-packages/airflow/example_dags/example_external_task_marker_dag.py
[2023-12-23T18:19:25.547+0000] {logging_mixin.py:120} INFO - [2023-12-23T18:19:25.547+0000] {dag.py:2585} INFO - Sync 2 DAGs
[2023-12-23T18:19:25.569+0000] {logging_mixin.py:120} INFO - [2023-12-23T18:19:25.569+0000] {dag.py:3340} INFO - Setting next_dagrun for example_external_task_marker_child to None, run_after=None
[2023-12-23T18:19:25.572+0000] {logging_mixin.py:120} INFO - [2023-12-23T18:19:25.572+0000] {dag.py:3340} INFO - Setting next_dagrun for example_external_task_marker_parent to None, run_after=None
[2023-12-23T18:19:25.595+0000] {processor.py:176} INFO - Processing /home/airflow/.local/lib/python3.7/site-packages/airflow/example_dags/example_external_task_marker_dag.py took 0.255 seconds
[2023-12-23T18:19:56.288+0000] {processor.py:154} INFO - Started process (PID=897) to work on /home/airflow/.local/lib/python3.7/site-packages/airflow/example_dags/example_external_task_marker_dag.py
[2023-12-23T18:19:56.289+0000] {processor.py:756} INFO - Processing file /home/airflow/.local/lib/python3.7/site-packages/airflow/example_dags/example_external_task_marker_dag.py for tasks to queue
[2023-12-23T18:19:56.290+0000] {logging_mixin.py:120} INFO - [2023-12-23T18:19:56.290+0000] {dagbag.py:537} INFO - Filling up the DagBag from /home/airflow/.local/lib/python3.7/site-packages/airflow/example_dags/example_external_task_marker_dag.py
[2023-12-23T18:19:56.303+0000] {processor.py:766} INFO - DAG(s) dict_keys(['example_external_task_marker_child', 'example_external_task_marker_parent']) retrieved from /home/airflow/.local/lib/python3.7/site-packages/airflow/example_dags/example_external_task_marker_dag.py
[2023-12-23T18:19:56.501+0000] {logging_mixin.py:120} INFO - [2023-12-23T18:19:56.501+0000] {dag.py:2585} INFO - Sync 2 DAGs
[2023-12-23T18:19:56.524+0000] {logging_mixin.py:120} INFO - [2023-12-23T18:19:56.524+0000] {dag.py:3340} INFO - Setting next_dagrun for example_external_task_marker_child to None, run_after=None
[2023-12-23T18:19:56.527+0000] {logging_mixin.py:120} INFO - [2023-12-23T18:19:56.527+0000] {dag.py:3340} INFO - Setting next_dagrun for example_external_task_marker_parent to None, run_after=None
[2023-12-23T18:19:56.548+0000] {processor.py:176} INFO - Processing /home/airflow/.local/lib/python3.7/site-packages/airflow/example_dags/example_external_task_marker_dag.py took 0.263 seconds
[2023-12-23T18:21:02.873+0000] {processor.py:154} INFO - Started process (PID=42) to work on /home/airflow/.local/lib/python3.7/site-packages/airflow/example_dags/example_external_task_marker_dag.py
[2023-12-23T18:21:02.896+0000] {processor.py:756} INFO - Processing file /home/airflow/.local/lib/python3.7/site-packages/airflow/example_dags/example_external_task_marker_dag.py for tasks to queue
[2023-12-23T18:21:02.896+0000] {logging_mixin.py:120} INFO - [2023-12-23T18:21:02.896+0000] {dagbag.py:537} INFO - Filling up the DagBag from /home/airflow/.local/lib/python3.7/site-packages/airflow/example_dags/example_external_task_marker_dag.py
[2023-12-23T18:21:02.963+0000] {processor.py:766} INFO - DAG(s) dict_keys(['example_external_task_marker_parent', 'example_external_task_marker_child']) retrieved from /home/airflow/.local/lib/python3.7/site-packages/airflow/example_dags/example_external_task_marker_dag.py
[2023-12-23T18:21:02.993+0000] {logging_mixin.py:120} INFO - [2023-12-23T18:21:02.993+0000] {dag.py:2585} INFO - Sync 2 DAGs
[2023-12-23T18:21:03.023+0000] {logging_mixin.py:120} INFO - [2023-12-23T18:21:03.022+0000] {dag.py:3340} INFO - Setting next_dagrun for example_external_task_marker_child to None, run_after=None
[2023-12-23T18:21:03.026+0000] {logging_mixin.py:120} INFO - [2023-12-23T18:21:03.026+0000] {dag.py:3340} INFO - Setting next_dagrun for example_external_task_marker_parent to None, run_after=None
[2023-12-23T18:21:03.053+0000] {processor.py:176} INFO - Processing /home/airflow/.local/lib/python3.7/site-packages/airflow/example_dags/example_external_task_marker_dag.py took 0.191 seconds
[2023-12-23T18:21:33.443+0000] {processor.py:154} INFO - Started process (PID=96) to work on /home/airflow/.local/lib/python3.7/site-packages/airflow/example_dags/example_external_task_marker_dag.py
[2023-12-23T18:21:33.443+0000] {processor.py:756} INFO - Processing file /home/airflow/.local/lib/python3.7/site-packages/airflow/example_dags/example_external_task_marker_dag.py for tasks to queue
[2023-12-23T18:21:33.444+0000] {logging_mixin.py:120} INFO - [2023-12-23T18:21:33.444+0000] {dagbag.py:537} INFO - Filling up the DagBag from /home/airflow/.local/lib/python3.7/site-packages/airflow/example_dags/example_external_task_marker_dag.py
[2023-12-23T18:21:33.456+0000] {processor.py:766} INFO - DAG(s) dict_keys(['example_external_task_marker_parent', 'example_external_task_marker_child']) retrieved from /home/airflow/.local/lib/python3.7/site-packages/airflow/example_dags/example_external_task_marker_dag.py
[2023-12-23T18:21:33.671+0000] {logging_mixin.py:120} INFO - [2023-12-23T18:21:33.671+0000] {dag.py:2585} INFO - Sync 2 DAGs
[2023-12-23T18:21:33.690+0000] {logging_mixin.py:120} INFO - [2023-12-23T18:21:33.690+0000] {dag.py:3340} INFO - Setting next_dagrun for example_external_task_marker_child to None, run_after=None
[2023-12-23T18:21:33.693+0000] {logging_mixin.py:120} INFO - [2023-12-23T18:21:33.693+0000] {dag.py:3340} INFO - Setting next_dagrun for example_external_task_marker_parent to None, run_after=None
[2023-12-23T18:21:33.714+0000] {processor.py:176} INFO - Processing /home/airflow/.local/lib/python3.7/site-packages/airflow/example_dags/example_external_task_marker_dag.py took 0.274 seconds
[2023-12-23T18:22:04.140+0000] {processor.py:154} INFO - Started process (PID=162) to work on /home/airflow/.local/lib/python3.7/site-packages/airflow/example_dags/example_external_task_marker_dag.py
[2023-12-23T18:22:04.141+0000] {processor.py:756} INFO - Processing file /home/airflow/.local/lib/python3.7/site-packages/airflow/example_dags/example_external_task_marker_dag.py for tasks to queue
[2023-12-23T18:22:04.142+0000] {logging_mixin.py:120} INFO - [2023-12-23T18:22:04.142+0000] {dagbag.py:537} INFO - Filling up the DagBag from /home/airflow/.local/lib/python3.7/site-packages/airflow/example_dags/example_external_task_marker_dag.py
[2023-12-23T18:22:04.158+0000] {processor.py:766} INFO - DAG(s) dict_keys(['example_external_task_marker_child', 'example_external_task_marker_parent']) retrieved from /home/airflow/.local/lib/python3.7/site-packages/airflow/example_dags/example_external_task_marker_dag.py
[2023-12-23T18:22:04.378+0000] {logging_mixin.py:120} INFO - [2023-12-23T18:22:04.378+0000] {dag.py:2585} INFO - Sync 2 DAGs
[2023-12-23T18:22:04.404+0000] {logging_mixin.py:120} INFO - [2023-12-23T18:22:04.404+0000] {dag.py:3340} INFO - Setting next_dagrun for example_external_task_marker_child to None, run_after=None
[2023-12-23T18:22:04.408+0000] {logging_mixin.py:120} INFO - [2023-12-23T18:22:04.408+0000] {dag.py:3340} INFO - Setting next_dagrun for example_external_task_marker_parent to None, run_after=None
[2023-12-23T18:22:04.433+0000] {processor.py:176} INFO - Processing /home/airflow/.local/lib/python3.7/site-packages/airflow/example_dags/example_external_task_marker_dag.py took 0.295 seconds
[2023-12-23T18:22:34.465+0000] {processor.py:154} INFO - Started process (PID=226) to work on /home/airflow/.local/lib/python3.7/site-packages/airflow/example_dags/example_external_task_marker_dag.py
[2023-12-23T18:22:34.466+0000] {processor.py:756} INFO - Processing file /home/airflow/.local/lib/python3.7/site-packages/airflow/example_dags/example_external_task_marker_dag.py for tasks to queue
[2023-12-23T18:22:34.467+0000] {logging_mixin.py:120} INFO - [2023-12-23T18:22:34.466+0000] {dagbag.py:537} INFO - Filling up the DagBag from /home/airflow/.local/lib/python3.7/site-packages/airflow/example_dags/example_external_task_marker_dag.py
[2023-12-23T18:22:34.479+0000] {processor.py:766} INFO - DAG(s) dict_keys(['example_external_task_marker_child', 'example_external_task_marker_parent']) retrieved from /home/airflow/.local/lib/python3.7/site-packages/airflow/example_dags/example_external_task_marker_dag.py
[2023-12-23T18:22:34.647+0000] {logging_mixin.py:120} INFO - [2023-12-23T18:22:34.647+0000] {dag.py:2585} INFO - Sync 2 DAGs
[2023-12-23T18:22:34.667+0000] {logging_mixin.py:120} INFO - [2023-12-23T18:22:34.667+0000] {dag.py:3340} INFO - Setting next_dagrun for example_external_task_marker_child to None, run_after=None
[2023-12-23T18:22:34.670+0000] {logging_mixin.py:120} INFO - [2023-12-23T18:22:34.670+0000] {dag.py:3340} INFO - Setting next_dagrun for example_external_task_marker_parent to None, run_after=None
[2023-12-23T18:22:34.693+0000] {processor.py:176} INFO - Processing /home/airflow/.local/lib/python3.7/site-packages/airflow/example_dags/example_external_task_marker_dag.py took 0.231 seconds
[2023-12-23T18:23:04.720+0000] {processor.py:154} INFO - Started process (PID=288) to work on /home/airflow/.local/lib/python3.7/site-packages/airflow/example_dags/example_external_task_marker_dag.py
[2023-12-23T18:23:04.720+0000] {processor.py:756} INFO - Processing file /home/airflow/.local/lib/python3.7/site-packages/airflow/example_dags/example_external_task_marker_dag.py for tasks to queue
[2023-12-23T18:23:04.721+0000] {logging_mixin.py:120} INFO - [2023-12-23T18:23:04.721+0000] {dagbag.py:537} INFO - Filling up the DagBag from /home/airflow/.local/lib/python3.7/site-packages/airflow/example_dags/example_external_task_marker_dag.py
[2023-12-23T18:23:04.738+0000] {processor.py:766} INFO - DAG(s) dict_keys(['example_external_task_marker_parent', 'example_external_task_marker_child']) retrieved from /home/airflow/.local/lib/python3.7/site-packages/airflow/example_dags/example_external_task_marker_dag.py
[2023-12-23T18:23:05.016+0000] {logging_mixin.py:120} INFO - [2023-12-23T18:23:05.016+0000] {dag.py:2585} INFO - Sync 2 DAGs
[2023-12-23T18:23:05.049+0000] {logging_mixin.py:120} INFO - [2023-12-23T18:23:05.049+0000] {dag.py:3340} INFO - Setting next_dagrun for example_external_task_marker_child to None, run_after=None
[2023-12-23T18:23:05.053+0000] {logging_mixin.py:120} INFO - [2023-12-23T18:23:05.053+0000] {dag.py:3340} INFO - Setting next_dagrun for example_external_task_marker_parent to None, run_after=None
[2023-12-23T18:23:05.078+0000] {processor.py:176} INFO - Processing /home/airflow/.local/lib/python3.7/site-packages/airflow/example_dags/example_external_task_marker_dag.py took 0.362 seconds
[2023-12-23T18:23:35.104+0000] {processor.py:154} INFO - Started process (PID=345) to work on /home/airflow/.local/lib/python3.7/site-packages/airflow/example_dags/example_external_task_marker_dag.py
[2023-12-23T18:23:35.104+0000] {processor.py:756} INFO - Processing file /home/airflow/.local/lib/python3.7/site-packages/airflow/example_dags/example_external_task_marker_dag.py for tasks to queue
[2023-12-23T18:23:35.105+0000] {logging_mixin.py:120} INFO - [2023-12-23T18:23:35.105+0000] {dagbag.py:537} INFO - Filling up the DagBag from /home/airflow/.local/lib/python3.7/site-packages/airflow/example_dags/example_external_task_marker_dag.py
[2023-12-23T18:23:35.117+0000] {processor.py:766} INFO - DAG(s) dict_keys(['example_external_task_marker_child', 'example_external_task_marker_parent']) retrieved from /home/airflow/.local/lib/python3.7/site-packages/airflow/example_dags/example_external_task_marker_dag.py
[2023-12-23T18:23:35.292+0000] {logging_mixin.py:120} INFO - [2023-12-23T18:23:35.292+0000] {dag.py:2585} INFO - Sync 2 DAGs
[2023-12-23T18:23:35.317+0000] {logging_mixin.py:120} INFO - [2023-12-23T18:23:35.317+0000] {dag.py:3340} INFO - Setting next_dagrun for example_external_task_marker_child to None, run_after=None
[2023-12-23T18:23:35.319+0000] {logging_mixin.py:120} INFO - [2023-12-23T18:23:35.319+0000] {dag.py:3340} INFO - Setting next_dagrun for example_external_task_marker_parent to None, run_after=None
[2023-12-23T18:23:35.340+0000] {processor.py:176} INFO - Processing /home/airflow/.local/lib/python3.7/site-packages/airflow/example_dags/example_external_task_marker_dag.py took 0.239 seconds
[2023-12-23T18:24:37.057+0000] {processor.py:154} INFO - Started process (PID=42) to work on /home/airflow/.local/lib/python3.7/site-packages/airflow/example_dags/example_external_task_marker_dag.py
[2023-12-23T18:24:37.058+0000] {processor.py:756} INFO - Processing file /home/airflow/.local/lib/python3.7/site-packages/airflow/example_dags/example_external_task_marker_dag.py for tasks to queue
[2023-12-23T18:24:37.059+0000] {logging_mixin.py:120} INFO - [2023-12-23T18:24:37.058+0000] {dagbag.py:537} INFO - Filling up the DagBag from /home/airflow/.local/lib/python3.7/site-packages/airflow/example_dags/example_external_task_marker_dag.py
[2023-12-23T18:24:37.125+0000] {processor.py:766} INFO - DAG(s) dict_keys(['example_external_task_marker_child', 'example_external_task_marker_parent']) retrieved from /home/airflow/.local/lib/python3.7/site-packages/airflow/example_dags/example_external_task_marker_dag.py
[2023-12-23T18:24:37.159+0000] {logging_mixin.py:120} INFO - [2023-12-23T18:24:37.159+0000] {dag.py:2585} INFO - Sync 2 DAGs
[2023-12-23T18:24:37.193+0000] {logging_mixin.py:120} INFO - [2023-12-23T18:24:37.193+0000] {dag.py:3340} INFO - Setting next_dagrun for example_external_task_marker_child to None, run_after=None
[2023-12-23T18:24:37.199+0000] {logging_mixin.py:120} INFO - [2023-12-23T18:24:37.199+0000] {dag.py:3340} INFO - Setting next_dagrun for example_external_task_marker_parent to None, run_after=None
[2023-12-23T18:24:37.226+0000] {processor.py:176} INFO - Processing /home/airflow/.local/lib/python3.7/site-packages/airflow/example_dags/example_external_task_marker_dag.py took 0.182 seconds
[2023-12-23T18:25:07.684+0000] {processor.py:154} INFO - Started process (PID=95) to work on /home/airflow/.local/lib/python3.7/site-packages/airflow/example_dags/example_external_task_marker_dag.py
[2023-12-23T18:25:07.684+0000] {processor.py:756} INFO - Processing file /home/airflow/.local/lib/python3.7/site-packages/airflow/example_dags/example_external_task_marker_dag.py for tasks to queue
[2023-12-23T18:25:07.685+0000] {logging_mixin.py:120} INFO - [2023-12-23T18:25:07.685+0000] {dagbag.py:537} INFO - Filling up the DagBag from /home/airflow/.local/lib/python3.7/site-packages/airflow/example_dags/example_external_task_marker_dag.py
[2023-12-23T18:25:07.698+0000] {processor.py:766} INFO - DAG(s) dict_keys(['example_external_task_marker_parent', 'example_external_task_marker_child']) retrieved from /home/airflow/.local/lib/python3.7/site-packages/airflow/example_dags/example_external_task_marker_dag.py
[2023-12-23T18:25:08.054+0000] {logging_mixin.py:120} INFO - [2023-12-23T18:25:08.054+0000] {dag.py:2585} INFO - Sync 2 DAGs
[2023-12-23T18:25:08.101+0000] {logging_mixin.py:120} INFO - [2023-12-23T18:25:08.100+0000] {dag.py:3340} INFO - Setting next_dagrun for example_external_task_marker_child to None, run_after=None
[2023-12-23T18:25:08.104+0000] {logging_mixin.py:120} INFO - [2023-12-23T18:25:08.104+0000] {dag.py:3340} INFO - Setting next_dagrun for example_external_task_marker_parent to None, run_after=None
[2023-12-23T18:25:08.146+0000] {processor.py:176} INFO - Processing /home/airflow/.local/lib/python3.7/site-packages/airflow/example_dags/example_external_task_marker_dag.py took 0.464 seconds
[2023-12-23T18:25:38.367+0000] {processor.py:154} INFO - Started process (PID=160) to work on /home/airflow/.local/lib/python3.7/site-packages/airflow/example_dags/example_external_task_marker_dag.py
[2023-12-23T18:25:38.368+0000] {processor.py:756} INFO - Processing file /home/airflow/.local/lib/python3.7/site-packages/airflow/example_dags/example_external_task_marker_dag.py for tasks to queue
[2023-12-23T18:25:38.368+0000] {logging_mixin.py:120} INFO - [2023-12-23T18:25:38.368+0000] {dagbag.py:537} INFO - Filling up the DagBag from /home/airflow/.local/lib/python3.7/site-packages/airflow/example_dags/example_external_task_marker_dag.py
[2023-12-23T18:25:38.385+0000] {processor.py:766} INFO - DAG(s) dict_keys(['example_external_task_marker_child', 'example_external_task_marker_parent']) retrieved from /home/airflow/.local/lib/python3.7/site-packages/airflow/example_dags/example_external_task_marker_dag.py
[2023-12-23T18:25:38.678+0000] {logging_mixin.py:120} INFO - [2023-12-23T18:25:38.678+0000] {dag.py:2585} INFO - Sync 2 DAGs
[2023-12-23T18:25:38.707+0000] {logging_mixin.py:120} INFO - [2023-12-23T18:25:38.706+0000] {dag.py:3340} INFO - Setting next_dagrun for example_external_task_marker_child to None, run_after=None
[2023-12-23T18:25:38.710+0000] {logging_mixin.py:120} INFO - [2023-12-23T18:25:38.710+0000] {dag.py:3340} INFO - Setting next_dagrun for example_external_task_marker_parent to None, run_after=None
[2023-12-23T18:25:38.738+0000] {processor.py:176} INFO - Processing /home/airflow/.local/lib/python3.7/site-packages/airflow/example_dags/example_external_task_marker_dag.py took 0.379 seconds
[2023-12-23T18:26:08.975+0000] {processor.py:154} INFO - Started process (PID=223) to work on /home/airflow/.local/lib/python3.7/site-packages/airflow/example_dags/example_external_task_marker_dag.py
[2023-12-23T18:26:08.975+0000] {processor.py:756} INFO - Processing file /home/airflow/.local/lib/python3.7/site-packages/airflow/example_dags/example_external_task_marker_dag.py for tasks to queue
[2023-12-23T18:26:08.976+0000] {logging_mixin.py:120} INFO - [2023-12-23T18:26:08.976+0000] {dagbag.py:537} INFO - Filling up the DagBag from /home/airflow/.local/lib/python3.7/site-packages/airflow/example_dags/example_external_task_marker_dag.py
[2023-12-23T18:26:08.988+0000] {processor.py:766} INFO - DAG(s) dict_keys(['example_external_task_marker_parent', 'example_external_task_marker_child']) retrieved from /home/airflow/.local/lib/python3.7/site-packages/airflow/example_dags/example_external_task_marker_dag.py
[2023-12-23T18:26:09.187+0000] {logging_mixin.py:120} INFO - [2023-12-23T18:26:09.186+0000] {dag.py:2585} INFO - Sync 2 DAGs
[2023-12-23T18:26:09.210+0000] {logging_mixin.py:120} INFO - [2023-12-23T18:26:09.210+0000] {dag.py:3340} INFO - Setting next_dagrun for example_external_task_marker_child to None, run_after=None
[2023-12-23T18:26:09.214+0000] {logging_mixin.py:120} INFO - [2023-12-23T18:26:09.214+0000] {dag.py:3340} INFO - Setting next_dagrun for example_external_task_marker_parent to None, run_after=None
[2023-12-23T18:26:09.245+0000] {processor.py:176} INFO - Processing /home/airflow/.local/lib/python3.7/site-packages/airflow/example_dags/example_external_task_marker_dag.py took 0.272 seconds
[2023-12-23T18:26:40.161+0000] {processor.py:154} INFO - Started process (PID=287) to work on /home/airflow/.local/lib/python3.7/site-packages/airflow/example_dags/example_external_task_marker_dag.py
[2023-12-23T18:26:40.162+0000] {processor.py:756} INFO - Processing file /home/airflow/.local/lib/python3.7/site-packages/airflow/example_dags/example_external_task_marker_dag.py for tasks to queue
[2023-12-23T18:26:40.162+0000] {logging_mixin.py:120} INFO - [2023-12-23T18:26:40.162+0000] {dagbag.py:537} INFO - Filling up the DagBag from /home/airflow/.local/lib/python3.7/site-packages/airflow/example_dags/example_external_task_marker_dag.py
[2023-12-23T18:26:40.179+0000] {processor.py:766} INFO - DAG(s) dict_keys(['example_external_task_marker_child', 'example_external_task_marker_parent']) retrieved from /home/airflow/.local/lib/python3.7/site-packages/airflow/example_dags/example_external_task_marker_dag.py
[2023-12-23T18:26:40.424+0000] {logging_mixin.py:120} INFO - [2023-12-23T18:26:40.424+0000] {dag.py:2585} INFO - Sync 2 DAGs
[2023-12-23T18:26:40.444+0000] {logging_mixin.py:120} INFO - [2023-12-23T18:26:40.444+0000] {dag.py:3340} INFO - Setting next_dagrun for example_external_task_marker_child to None, run_after=None
[2023-12-23T18:26:40.446+0000] {logging_mixin.py:120} INFO - [2023-12-23T18:26:40.446+0000] {dag.py:3340} INFO - Setting next_dagrun for example_external_task_marker_parent to None, run_after=None
[2023-12-23T18:26:40.467+0000] {processor.py:176} INFO - Processing /home/airflow/.local/lib/python3.7/site-packages/airflow/example_dags/example_external_task_marker_dag.py took 0.310 seconds
[2023-12-23T18:35:55.281+0000] {processor.py:154} INFO - Started process (PID=42) to work on /home/airflow/.local/lib/python3.7/site-packages/airflow/example_dags/example_external_task_marker_dag.py
[2023-12-23T18:35:55.282+0000] {processor.py:756} INFO - Processing file /home/airflow/.local/lib/python3.7/site-packages/airflow/example_dags/example_external_task_marker_dag.py for tasks to queue
[2023-12-23T18:35:55.287+0000] {logging_mixin.py:120} INFO - [2023-12-23T18:35:55.287+0000] {dagbag.py:537} INFO - Filling up the DagBag from /home/airflow/.local/lib/python3.7/site-packages/airflow/example_dags/example_external_task_marker_dag.py
[2023-12-23T18:35:55.333+0000] {processor.py:766} INFO - DAG(s) dict_keys(['example_external_task_marker_child', 'example_external_task_marker_parent']) retrieved from /home/airflow/.local/lib/python3.7/site-packages/airflow/example_dags/example_external_task_marker_dag.py
[2023-12-23T18:35:55.366+0000] {logging_mixin.py:120} INFO - [2023-12-23T18:35:55.366+0000] {dag.py:2585} INFO - Sync 2 DAGs
[2023-12-23T18:35:55.404+0000] {logging_mixin.py:120} INFO - [2023-12-23T18:35:55.404+0000] {dag.py:3340} INFO - Setting next_dagrun for example_external_task_marker_child to None, run_after=None
[2023-12-23T18:35:55.409+0000] {logging_mixin.py:120} INFO - [2023-12-23T18:35:55.409+0000] {dag.py:3340} INFO - Setting next_dagrun for example_external_task_marker_parent to None, run_after=None
[2023-12-23T18:35:55.438+0000] {processor.py:176} INFO - Processing /home/airflow/.local/lib/python3.7/site-packages/airflow/example_dags/example_external_task_marker_dag.py took 0.163 seconds
[2023-12-23T18:36:25.623+0000] {processor.py:154} INFO - Started process (PID=95) to work on /home/airflow/.local/lib/python3.7/site-packages/airflow/example_dags/example_external_task_marker_dag.py
[2023-12-23T18:36:25.624+0000] {processor.py:756} INFO - Processing file /home/airflow/.local/lib/python3.7/site-packages/airflow/example_dags/example_external_task_marker_dag.py for tasks to queue
[2023-12-23T18:36:25.624+0000] {logging_mixin.py:120} INFO - [2023-12-23T18:36:25.624+0000] {dagbag.py:537} INFO - Filling up the DagBag from /home/airflow/.local/lib/python3.7/site-packages/airflow/example_dags/example_external_task_marker_dag.py
[2023-12-23T18:36:25.636+0000] {processor.py:766} INFO - DAG(s) dict_keys(['example_external_task_marker_parent', 'example_external_task_marker_child']) retrieved from /home/airflow/.local/lib/python3.7/site-packages/airflow/example_dags/example_external_task_marker_dag.py
[2023-12-23T18:36:25.849+0000] {logging_mixin.py:120} INFO - [2023-12-23T18:36:25.849+0000] {dag.py:2585} INFO - Sync 2 DAGs
[2023-12-23T18:36:25.870+0000] {logging_mixin.py:120} INFO - [2023-12-23T18:36:25.870+0000] {dag.py:3340} INFO - Setting next_dagrun for example_external_task_marker_child to None, run_after=None
[2023-12-23T18:36:25.873+0000] {logging_mixin.py:120} INFO - [2023-12-23T18:36:25.873+0000] {dag.py:3340} INFO - Setting next_dagrun for example_external_task_marker_parent to None, run_after=None
[2023-12-23T18:36:25.896+0000] {processor.py:176} INFO - Processing /home/airflow/.local/lib/python3.7/site-packages/airflow/example_dags/example_external_task_marker_dag.py took 0.275 seconds
[2023-12-23T18:36:56.038+0000] {processor.py:154} INFO - Started process (PID=160) to work on /home/airflow/.local/lib/python3.7/site-packages/airflow/example_dags/example_external_task_marker_dag.py
[2023-12-23T18:36:56.039+0000] {processor.py:756} INFO - Processing file /home/airflow/.local/lib/python3.7/site-packages/airflow/example_dags/example_external_task_marker_dag.py for tasks to queue
[2023-12-23T18:36:56.041+0000] {logging_mixin.py:120} INFO - [2023-12-23T18:36:56.041+0000] {dagbag.py:537} INFO - Filling up the DagBag from /home/airflow/.local/lib/python3.7/site-packages/airflow/example_dags/example_external_task_marker_dag.py
[2023-12-23T18:36:56.057+0000] {processor.py:766} INFO - DAG(s) dict_keys(['example_external_task_marker_parent', 'example_external_task_marker_child']) retrieved from /home/airflow/.local/lib/python3.7/site-packages/airflow/example_dags/example_external_task_marker_dag.py
[2023-12-23T18:36:56.361+0000] {logging_mixin.py:120} INFO - [2023-12-23T18:36:56.361+0000] {dag.py:2585} INFO - Sync 2 DAGs
[2023-12-23T18:36:56.437+0000] {logging_mixin.py:120} INFO - [2023-12-23T18:36:56.437+0000] {dag.py:3340} INFO - Setting next_dagrun for example_external_task_marker_child to None, run_after=None
[2023-12-23T18:36:56.450+0000] {logging_mixin.py:120} INFO - [2023-12-23T18:36:56.450+0000] {dag.py:3340} INFO - Setting next_dagrun for example_external_task_marker_parent to None, run_after=None
[2023-12-23T18:36:56.474+0000] {processor.py:176} INFO - Processing /home/airflow/.local/lib/python3.7/site-packages/airflow/example_dags/example_external_task_marker_dag.py took 0.439 seconds
