[2023-12-23T18:12:47.063+0000] {processor.py:154} INFO - Started process (PID=55) to work on /home/airflow/.local/lib/python3.7/site-packages/airflow/example_dags/example_branch_day_of_week_operator.py
[2023-12-23T18:12:47.064+0000] {processor.py:756} INFO - Processing file /home/airflow/.local/lib/python3.7/site-packages/airflow/example_dags/example_branch_day_of_week_operator.py for tasks to queue
[2023-12-23T18:12:47.065+0000] {logging_mixin.py:120} INFO - [2023-12-23T18:12:47.065+0000] {dagbag.py:537} INFO - Filling up the DagBag from /home/airflow/.local/lib/python3.7/site-packages/airflow/example_dags/example_branch_day_of_week_operator.py
[2023-12-23T18:12:47.086+0000] {processor.py:766} INFO - DAG(s) dict_keys(['example_weekday_branch_operator']) retrieved from /home/airflow/.local/lib/python3.7/site-packages/airflow/example_dags/example_branch_day_of_week_operator.py
[2023-12-23T18:12:47.152+0000] {logging_mixin.py:120} INFO - [2023-12-23T18:12:47.152+0000] {dag.py:2585} INFO - Sync 1 DAGs
[2023-12-23T18:12:47.188+0000] {logging_mixin.py:120} INFO - [2023-12-23T18:12:47.188+0000] {dag.py:3340} INFO - Setting next_dagrun for example_weekday_branch_operator to 2023-12-22T00:00:00+00:00, run_after=2023-12-23T00:00:00+00:00
[2023-12-23T18:12:47.233+0000] {processor.py:176} INFO - Processing /home/airflow/.local/lib/python3.7/site-packages/airflow/example_dags/example_branch_day_of_week_operator.py took 0.174 seconds
[2023-12-23T18:13:17.788+0000] {processor.py:154} INFO - Started process (PID=118) to work on /home/airflow/.local/lib/python3.7/site-packages/airflow/example_dags/example_branch_day_of_week_operator.py
[2023-12-23T18:13:17.789+0000] {processor.py:756} INFO - Processing file /home/airflow/.local/lib/python3.7/site-packages/airflow/example_dags/example_branch_day_of_week_operator.py for tasks to queue
[2023-12-23T18:13:17.790+0000] {logging_mixin.py:120} INFO - [2023-12-23T18:13:17.790+0000] {dagbag.py:537} INFO - Filling up the DagBag from /home/airflow/.local/lib/python3.7/site-packages/airflow/example_dags/example_branch_day_of_week_operator.py
[2023-12-23T18:13:17.809+0000] {processor.py:766} INFO - DAG(s) dict_keys(['example_weekday_branch_operator']) retrieved from /home/airflow/.local/lib/python3.7/site-packages/airflow/example_dags/example_branch_day_of_week_operator.py
[2023-12-23T18:13:17.867+0000] {logging_mixin.py:120} INFO - [2023-12-23T18:13:17.867+0000] {dag.py:2585} INFO - Sync 1 DAGs
[2023-12-23T18:13:17.908+0000] {logging_mixin.py:120} INFO - [2023-12-23T18:13:17.908+0000] {dag.py:3340} INFO - Setting next_dagrun for example_weekday_branch_operator to 2023-12-22T00:00:00+00:00, run_after=2023-12-23T00:00:00+00:00
[2023-12-23T18:13:17.938+0000] {processor.py:176} INFO - Processing /home/airflow/.local/lib/python3.7/site-packages/airflow/example_dags/example_branch_day_of_week_operator.py took 0.153 seconds
[2023-12-23T18:13:48.647+0000] {processor.py:154} INFO - Started process (PID=172) to work on /home/airflow/.local/lib/python3.7/site-packages/airflow/example_dags/example_branch_day_of_week_operator.py
[2023-12-23T18:13:48.648+0000] {processor.py:756} INFO - Processing file /home/airflow/.local/lib/python3.7/site-packages/airflow/example_dags/example_branch_day_of_week_operator.py for tasks to queue
[2023-12-23T18:13:48.648+0000] {logging_mixin.py:120} INFO - [2023-12-23T18:13:48.648+0000] {dagbag.py:537} INFO - Filling up the DagBag from /home/airflow/.local/lib/python3.7/site-packages/airflow/example_dags/example_branch_day_of_week_operator.py
[2023-12-23T18:13:48.661+0000] {processor.py:766} INFO - DAG(s) dict_keys(['example_weekday_branch_operator']) retrieved from /home/airflow/.local/lib/python3.7/site-packages/airflow/example_dags/example_branch_day_of_week_operator.py
[2023-12-23T18:13:48.695+0000] {logging_mixin.py:120} INFO - [2023-12-23T18:13:48.695+0000] {dag.py:2585} INFO - Sync 1 DAGs
[2023-12-23T18:13:48.718+0000] {logging_mixin.py:120} INFO - [2023-12-23T18:13:48.718+0000] {dag.py:3340} INFO - Setting next_dagrun for example_weekday_branch_operator to 2023-12-22T00:00:00+00:00, run_after=2023-12-23T00:00:00+00:00
[2023-12-23T18:13:48.740+0000] {processor.py:176} INFO - Processing /home/airflow/.local/lib/python3.7/site-packages/airflow/example_dags/example_branch_day_of_week_operator.py took 0.095 seconds
[2023-12-23T18:14:19.633+0000] {processor.py:154} INFO - Started process (PID=235) to work on /home/airflow/.local/lib/python3.7/site-packages/airflow/example_dags/example_branch_day_of_week_operator.py
[2023-12-23T18:14:19.633+0000] {processor.py:756} INFO - Processing file /home/airflow/.local/lib/python3.7/site-packages/airflow/example_dags/example_branch_day_of_week_operator.py for tasks to queue
[2023-12-23T18:14:19.634+0000] {logging_mixin.py:120} INFO - [2023-12-23T18:14:19.634+0000] {dagbag.py:537} INFO - Filling up the DagBag from /home/airflow/.local/lib/python3.7/site-packages/airflow/example_dags/example_branch_day_of_week_operator.py
[2023-12-23T18:14:19.646+0000] {processor.py:766} INFO - DAG(s) dict_keys(['example_weekday_branch_operator']) retrieved from /home/airflow/.local/lib/python3.7/site-packages/airflow/example_dags/example_branch_day_of_week_operator.py
[2023-12-23T18:14:19.679+0000] {logging_mixin.py:120} INFO - [2023-12-23T18:14:19.679+0000] {dag.py:2585} INFO - Sync 1 DAGs
[2023-12-23T18:14:19.702+0000] {logging_mixin.py:120} INFO - [2023-12-23T18:14:19.702+0000] {dag.py:3340} INFO - Setting next_dagrun for example_weekday_branch_operator to 2023-12-22T00:00:00+00:00, run_after=2023-12-23T00:00:00+00:00
[2023-12-23T18:14:19.731+0000] {processor.py:176} INFO - Processing /home/airflow/.local/lib/python3.7/site-packages/airflow/example_dags/example_branch_day_of_week_operator.py took 0.101 seconds
[2023-12-23T18:14:50.416+0000] {processor.py:154} INFO - Started process (PID=299) to work on /home/airflow/.local/lib/python3.7/site-packages/airflow/example_dags/example_branch_day_of_week_operator.py
[2023-12-23T18:14:50.417+0000] {processor.py:756} INFO - Processing file /home/airflow/.local/lib/python3.7/site-packages/airflow/example_dags/example_branch_day_of_week_operator.py for tasks to queue
[2023-12-23T18:14:50.417+0000] {logging_mixin.py:120} INFO - [2023-12-23T18:14:50.417+0000] {dagbag.py:537} INFO - Filling up the DagBag from /home/airflow/.local/lib/python3.7/site-packages/airflow/example_dags/example_branch_day_of_week_operator.py
[2023-12-23T18:14:50.436+0000] {processor.py:766} INFO - DAG(s) dict_keys(['example_weekday_branch_operator']) retrieved from /home/airflow/.local/lib/python3.7/site-packages/airflow/example_dags/example_branch_day_of_week_operator.py
[2023-12-23T18:14:50.489+0000] {logging_mixin.py:120} INFO - [2023-12-23T18:14:50.489+0000] {dag.py:2585} INFO - Sync 1 DAGs
[2023-12-23T18:14:50.524+0000] {logging_mixin.py:120} INFO - [2023-12-23T18:14:50.524+0000] {dag.py:3340} INFO - Setting next_dagrun for example_weekday_branch_operator to 2023-12-22T00:00:00+00:00, run_after=2023-12-23T00:00:00+00:00
[2023-12-23T18:14:50.553+0000] {processor.py:176} INFO - Processing /home/airflow/.local/lib/python3.7/site-packages/airflow/example_dags/example_branch_day_of_week_operator.py took 0.141 seconds
[2023-12-23T18:15:20.811+0000] {processor.py:154} INFO - Started process (PID=362) to work on /home/airflow/.local/lib/python3.7/site-packages/airflow/example_dags/example_branch_day_of_week_operator.py
[2023-12-23T18:15:20.811+0000] {processor.py:756} INFO - Processing file /home/airflow/.local/lib/python3.7/site-packages/airflow/example_dags/example_branch_day_of_week_operator.py for tasks to queue
[2023-12-23T18:15:20.812+0000] {logging_mixin.py:120} INFO - [2023-12-23T18:15:20.812+0000] {dagbag.py:537} INFO - Filling up the DagBag from /home/airflow/.local/lib/python3.7/site-packages/airflow/example_dags/example_branch_day_of_week_operator.py
[2023-12-23T18:15:20.831+0000] {processor.py:766} INFO - DAG(s) dict_keys(['example_weekday_branch_operator']) retrieved from /home/airflow/.local/lib/python3.7/site-packages/airflow/example_dags/example_branch_day_of_week_operator.py
[2023-12-23T18:15:20.881+0000] {logging_mixin.py:120} INFO - [2023-12-23T18:15:20.881+0000] {dag.py:2585} INFO - Sync 1 DAGs
[2023-12-23T18:15:20.916+0000] {logging_mixin.py:120} INFO - [2023-12-23T18:15:20.916+0000] {dag.py:3340} INFO - Setting next_dagrun for example_weekday_branch_operator to 2023-12-22T00:00:00+00:00, run_after=2023-12-23T00:00:00+00:00
[2023-12-23T18:15:20.944+0000] {processor.py:176} INFO - Processing /home/airflow/.local/lib/python3.7/site-packages/airflow/example_dags/example_branch_day_of_week_operator.py took 0.137 seconds
[2023-12-23T18:15:51.859+0000] {processor.py:154} INFO - Started process (PID=417) to work on /home/airflow/.local/lib/python3.7/site-packages/airflow/example_dags/example_branch_day_of_week_operator.py
[2023-12-23T18:15:51.860+0000] {processor.py:756} INFO - Processing file /home/airflow/.local/lib/python3.7/site-packages/airflow/example_dags/example_branch_day_of_week_operator.py for tasks to queue
[2023-12-23T18:15:51.861+0000] {logging_mixin.py:120} INFO - [2023-12-23T18:15:51.861+0000] {dagbag.py:537} INFO - Filling up the DagBag from /home/airflow/.local/lib/python3.7/site-packages/airflow/example_dags/example_branch_day_of_week_operator.py
[2023-12-23T18:15:51.880+0000] {processor.py:766} INFO - DAG(s) dict_keys(['example_weekday_branch_operator']) retrieved from /home/airflow/.local/lib/python3.7/site-packages/airflow/example_dags/example_branch_day_of_week_operator.py
[2023-12-23T18:15:51.921+0000] {logging_mixin.py:120} INFO - [2023-12-23T18:15:51.921+0000] {dag.py:2585} INFO - Sync 1 DAGs
[2023-12-23T18:15:51.951+0000] {logging_mixin.py:120} INFO - [2023-12-23T18:15:51.950+0000] {dag.py:3340} INFO - Setting next_dagrun for example_weekday_branch_operator to 2023-12-22T00:00:00+00:00, run_after=2023-12-23T00:00:00+00:00
[2023-12-23T18:15:51.972+0000] {processor.py:176} INFO - Processing /home/airflow/.local/lib/python3.7/site-packages/airflow/example_dags/example_branch_day_of_week_operator.py took 0.117 seconds
[2023-12-23T18:16:22.734+0000] {processor.py:154} INFO - Started process (PID=480) to work on /home/airflow/.local/lib/python3.7/site-packages/airflow/example_dags/example_branch_day_of_week_operator.py
[2023-12-23T18:16:22.735+0000] {processor.py:756} INFO - Processing file /home/airflow/.local/lib/python3.7/site-packages/airflow/example_dags/example_branch_day_of_week_operator.py for tasks to queue
[2023-12-23T18:16:22.735+0000] {logging_mixin.py:120} INFO - [2023-12-23T18:16:22.735+0000] {dagbag.py:537} INFO - Filling up the DagBag from /home/airflow/.local/lib/python3.7/site-packages/airflow/example_dags/example_branch_day_of_week_operator.py
[2023-12-23T18:16:22.749+0000] {processor.py:766} INFO - DAG(s) dict_keys(['example_weekday_branch_operator']) retrieved from /home/airflow/.local/lib/python3.7/site-packages/airflow/example_dags/example_branch_day_of_week_operator.py
[2023-12-23T18:16:22.788+0000] {logging_mixin.py:120} INFO - [2023-12-23T18:16:22.788+0000] {dag.py:2585} INFO - Sync 1 DAGs
[2023-12-23T18:16:22.820+0000] {logging_mixin.py:120} INFO - [2023-12-23T18:16:22.820+0000] {dag.py:3340} INFO - Setting next_dagrun for example_weekday_branch_operator to 2023-12-22T00:00:00+00:00, run_after=2023-12-23T00:00:00+00:00
[2023-12-23T18:16:22.844+0000] {processor.py:176} INFO - Processing /home/airflow/.local/lib/python3.7/site-packages/airflow/example_dags/example_branch_day_of_week_operator.py took 0.113 seconds
[2023-12-23T18:16:53.452+0000] {processor.py:154} INFO - Started process (PID=544) to work on /home/airflow/.local/lib/python3.7/site-packages/airflow/example_dags/example_branch_day_of_week_operator.py
[2023-12-23T18:16:53.452+0000] {processor.py:756} INFO - Processing file /home/airflow/.local/lib/python3.7/site-packages/airflow/example_dags/example_branch_day_of_week_operator.py for tasks to queue
[2023-12-23T18:16:53.453+0000] {logging_mixin.py:120} INFO - [2023-12-23T18:16:53.453+0000] {dagbag.py:537} INFO - Filling up the DagBag from /home/airflow/.local/lib/python3.7/site-packages/airflow/example_dags/example_branch_day_of_week_operator.py
[2023-12-23T18:16:53.469+0000] {processor.py:766} INFO - DAG(s) dict_keys(['example_weekday_branch_operator']) retrieved from /home/airflow/.local/lib/python3.7/site-packages/airflow/example_dags/example_branch_day_of_week_operator.py
[2023-12-23T18:16:53.503+0000] {logging_mixin.py:120} INFO - [2023-12-23T18:16:53.503+0000] {dag.py:2585} INFO - Sync 1 DAGs
[2023-12-23T18:16:53.524+0000] {logging_mixin.py:120} INFO - [2023-12-23T18:16:53.524+0000] {dag.py:3340} INFO - Setting next_dagrun for example_weekday_branch_operator to 2023-12-22T00:00:00+00:00, run_after=2023-12-23T00:00:00+00:00
[2023-12-23T18:16:53.545+0000] {processor.py:176} INFO - Processing /home/airflow/.local/lib/python3.7/site-packages/airflow/example_dags/example_branch_day_of_week_operator.py took 0.096 seconds
[2023-12-23T18:17:24.294+0000] {processor.py:154} INFO - Started process (PID=608) to work on /home/airflow/.local/lib/python3.7/site-packages/airflow/example_dags/example_branch_day_of_week_operator.py
[2023-12-23T18:17:24.294+0000] {processor.py:756} INFO - Processing file /home/airflow/.local/lib/python3.7/site-packages/airflow/example_dags/example_branch_day_of_week_operator.py for tasks to queue
[2023-12-23T18:17:24.295+0000] {logging_mixin.py:120} INFO - [2023-12-23T18:17:24.295+0000] {dagbag.py:537} INFO - Filling up the DagBag from /home/airflow/.local/lib/python3.7/site-packages/airflow/example_dags/example_branch_day_of_week_operator.py
[2023-12-23T18:17:24.313+0000] {processor.py:766} INFO - DAG(s) dict_keys(['example_weekday_branch_operator']) retrieved from /home/airflow/.local/lib/python3.7/site-packages/airflow/example_dags/example_branch_day_of_week_operator.py
[2023-12-23T18:17:24.367+0000] {logging_mixin.py:120} INFO - [2023-12-23T18:17:24.367+0000] {dag.py:2585} INFO - Sync 1 DAGs
[2023-12-23T18:17:24.401+0000] {logging_mixin.py:120} INFO - [2023-12-23T18:17:24.401+0000] {dag.py:3340} INFO - Setting next_dagrun for example_weekday_branch_operator to 2023-12-22T00:00:00+00:00, run_after=2023-12-23T00:00:00+00:00
[2023-12-23T18:17:24.433+0000] {processor.py:176} INFO - Processing /home/airflow/.local/lib/python3.7/site-packages/airflow/example_dags/example_branch_day_of_week_operator.py took 0.143 seconds
[2023-12-23T18:17:55.141+0000] {processor.py:154} INFO - Started process (PID=663) to work on /home/airflow/.local/lib/python3.7/site-packages/airflow/example_dags/example_branch_day_of_week_operator.py
[2023-12-23T18:17:55.142+0000] {processor.py:756} INFO - Processing file /home/airflow/.local/lib/python3.7/site-packages/airflow/example_dags/example_branch_day_of_week_operator.py for tasks to queue
[2023-12-23T18:17:55.143+0000] {logging_mixin.py:120} INFO - [2023-12-23T18:17:55.142+0000] {dagbag.py:537} INFO - Filling up the DagBag from /home/airflow/.local/lib/python3.7/site-packages/airflow/example_dags/example_branch_day_of_week_operator.py
[2023-12-23T18:17:55.163+0000] {processor.py:766} INFO - DAG(s) dict_keys(['example_weekday_branch_operator']) retrieved from /home/airflow/.local/lib/python3.7/site-packages/airflow/example_dags/example_branch_day_of_week_operator.py
[2023-12-23T18:17:55.202+0000] {logging_mixin.py:120} INFO - [2023-12-23T18:17:55.202+0000] {dag.py:2585} INFO - Sync 1 DAGs
[2023-12-23T18:17:55.225+0000] {logging_mixin.py:120} INFO - [2023-12-23T18:17:55.224+0000] {dag.py:3340} INFO - Setting next_dagrun for example_weekday_branch_operator to 2023-12-22T00:00:00+00:00, run_after=2023-12-23T00:00:00+00:00
[2023-12-23T18:17:55.247+0000] {processor.py:176} INFO - Processing /home/airflow/.local/lib/python3.7/site-packages/airflow/example_dags/example_branch_day_of_week_operator.py took 0.108 seconds
[2023-12-23T18:18:25.939+0000] {processor.py:154} INFO - Started process (PID=727) to work on /home/airflow/.local/lib/python3.7/site-packages/airflow/example_dags/example_branch_day_of_week_operator.py
[2023-12-23T18:18:25.942+0000] {processor.py:756} INFO - Processing file /home/airflow/.local/lib/python3.7/site-packages/airflow/example_dags/example_branch_day_of_week_operator.py for tasks to queue
[2023-12-23T18:18:25.942+0000] {logging_mixin.py:120} INFO - [2023-12-23T18:18:25.942+0000] {dagbag.py:537} INFO - Filling up the DagBag from /home/airflow/.local/lib/python3.7/site-packages/airflow/example_dags/example_branch_day_of_week_operator.py
[2023-12-23T18:18:25.958+0000] {processor.py:766} INFO - DAG(s) dict_keys(['example_weekday_branch_operator']) retrieved from /home/airflow/.local/lib/python3.7/site-packages/airflow/example_dags/example_branch_day_of_week_operator.py
[2023-12-23T18:18:26.004+0000] {logging_mixin.py:120} INFO - [2023-12-23T18:18:26.004+0000] {dag.py:2585} INFO - Sync 1 DAGs
[2023-12-23T18:18:26.038+0000] {logging_mixin.py:120} INFO - [2023-12-23T18:18:26.037+0000] {dag.py:3340} INFO - Setting next_dagrun for example_weekday_branch_operator to 2023-12-22T00:00:00+00:00, run_after=2023-12-23T00:00:00+00:00
[2023-12-23T18:18:26.067+0000] {processor.py:176} INFO - Processing /home/airflow/.local/lib/python3.7/site-packages/airflow/example_dags/example_branch_day_of_week_operator.py took 0.131 seconds
[2023-12-23T18:18:56.700+0000] {processor.py:154} INFO - Started process (PID=791) to work on /home/airflow/.local/lib/python3.7/site-packages/airflow/example_dags/example_branch_day_of_week_operator.py
[2023-12-23T18:18:56.701+0000] {processor.py:756} INFO - Processing file /home/airflow/.local/lib/python3.7/site-packages/airflow/example_dags/example_branch_day_of_week_operator.py for tasks to queue
[2023-12-23T18:18:56.701+0000] {logging_mixin.py:120} INFO - [2023-12-23T18:18:56.701+0000] {dagbag.py:537} INFO - Filling up the DagBag from /home/airflow/.local/lib/python3.7/site-packages/airflow/example_dags/example_branch_day_of_week_operator.py
[2023-12-23T18:18:56.718+0000] {processor.py:766} INFO - DAG(s) dict_keys(['example_weekday_branch_operator']) retrieved from /home/airflow/.local/lib/python3.7/site-packages/airflow/example_dags/example_branch_day_of_week_operator.py
[2023-12-23T18:18:56.753+0000] {logging_mixin.py:120} INFO - [2023-12-23T18:18:56.752+0000] {dag.py:2585} INFO - Sync 1 DAGs
[2023-12-23T18:18:56.778+0000] {logging_mixin.py:120} INFO - [2023-12-23T18:18:56.778+0000] {dag.py:3340} INFO - Setting next_dagrun for example_weekday_branch_operator to 2023-12-22T00:00:00+00:00, run_after=2023-12-23T00:00:00+00:00
[2023-12-23T18:18:56.799+0000] {processor.py:176} INFO - Processing /home/airflow/.local/lib/python3.7/site-packages/airflow/example_dags/example_branch_day_of_week_operator.py took 0.101 seconds
[2023-12-23T18:19:27.535+0000] {processor.py:154} INFO - Started process (PID=855) to work on /home/airflow/.local/lib/python3.7/site-packages/airflow/example_dags/example_branch_day_of_week_operator.py
[2023-12-23T18:19:27.535+0000] {processor.py:756} INFO - Processing file /home/airflow/.local/lib/python3.7/site-packages/airflow/example_dags/example_branch_day_of_week_operator.py for tasks to queue
[2023-12-23T18:19:27.536+0000] {logging_mixin.py:120} INFO - [2023-12-23T18:19:27.536+0000] {dagbag.py:537} INFO - Filling up the DagBag from /home/airflow/.local/lib/python3.7/site-packages/airflow/example_dags/example_branch_day_of_week_operator.py
[2023-12-23T18:19:27.557+0000] {processor.py:766} INFO - DAG(s) dict_keys(['example_weekday_branch_operator']) retrieved from /home/airflow/.local/lib/python3.7/site-packages/airflow/example_dags/example_branch_day_of_week_operator.py
[2023-12-23T18:19:27.604+0000] {logging_mixin.py:120} INFO - [2023-12-23T18:19:27.604+0000] {dag.py:2585} INFO - Sync 1 DAGs
[2023-12-23T18:19:27.637+0000] {logging_mixin.py:120} INFO - [2023-12-23T18:19:27.637+0000] {dag.py:3340} INFO - Setting next_dagrun for example_weekday_branch_operator to 2023-12-22T00:00:00+00:00, run_after=2023-12-23T00:00:00+00:00
[2023-12-23T18:19:27.658+0000] {processor.py:176} INFO - Processing /home/airflow/.local/lib/python3.7/site-packages/airflow/example_dags/example_branch_day_of_week_operator.py took 0.127 seconds
[2023-12-23T18:19:58.338+0000] {processor.py:154} INFO - Started process (PID=910) to work on /home/airflow/.local/lib/python3.7/site-packages/airflow/example_dags/example_branch_day_of_week_operator.py
[2023-12-23T18:19:58.339+0000] {processor.py:756} INFO - Processing file /home/airflow/.local/lib/python3.7/site-packages/airflow/example_dags/example_branch_day_of_week_operator.py for tasks to queue
[2023-12-23T18:19:58.339+0000] {logging_mixin.py:120} INFO - [2023-12-23T18:19:58.339+0000] {dagbag.py:537} INFO - Filling up the DagBag from /home/airflow/.local/lib/python3.7/site-packages/airflow/example_dags/example_branch_day_of_week_operator.py
[2023-12-23T18:19:58.355+0000] {processor.py:766} INFO - DAG(s) dict_keys(['example_weekday_branch_operator']) retrieved from /home/airflow/.local/lib/python3.7/site-packages/airflow/example_dags/example_branch_day_of_week_operator.py
[2023-12-23T18:19:58.398+0000] {logging_mixin.py:120} INFO - [2023-12-23T18:19:58.398+0000] {dag.py:2585} INFO - Sync 1 DAGs
[2023-12-23T18:19:58.431+0000] {logging_mixin.py:120} INFO - [2023-12-23T18:19:58.431+0000] {dag.py:3340} INFO - Setting next_dagrun for example_weekday_branch_operator to 2023-12-22T00:00:00+00:00, run_after=2023-12-23T00:00:00+00:00
[2023-12-23T18:19:58.454+0000] {processor.py:176} INFO - Processing /home/airflow/.local/lib/python3.7/site-packages/airflow/example_dags/example_branch_day_of_week_operator.py took 0.119 seconds
[2023-12-23T18:21:04.133+0000] {processor.py:154} INFO - Started process (PID=55) to work on /home/airflow/.local/lib/python3.7/site-packages/airflow/example_dags/example_branch_day_of_week_operator.py
[2023-12-23T18:21:04.136+0000] {processor.py:756} INFO - Processing file /home/airflow/.local/lib/python3.7/site-packages/airflow/example_dags/example_branch_day_of_week_operator.py for tasks to queue
[2023-12-23T18:21:04.137+0000] {logging_mixin.py:120} INFO - [2023-12-23T18:21:04.137+0000] {dagbag.py:537} INFO - Filling up the DagBag from /home/airflow/.local/lib/python3.7/site-packages/airflow/example_dags/example_branch_day_of_week_operator.py
[2023-12-23T18:21:04.181+0000] {processor.py:766} INFO - DAG(s) dict_keys(['example_weekday_branch_operator']) retrieved from /home/airflow/.local/lib/python3.7/site-packages/airflow/example_dags/example_branch_day_of_week_operator.py
[2023-12-23T18:21:04.253+0000] {logging_mixin.py:120} INFO - [2023-12-23T18:21:04.253+0000] {dag.py:2585} INFO - Sync 1 DAGs
[2023-12-23T18:21:04.309+0000] {logging_mixin.py:120} INFO - [2023-12-23T18:21:04.308+0000] {dag.py:3340} INFO - Setting next_dagrun for example_weekday_branch_operator to 2023-12-22T00:00:00+00:00, run_after=2023-12-23T00:00:00+00:00
[2023-12-23T18:21:04.367+0000] {processor.py:176} INFO - Processing /home/airflow/.local/lib/python3.7/site-packages/airflow/example_dags/example_branch_day_of_week_operator.py took 0.244 seconds
[2023-12-23T18:21:34.730+0000] {processor.py:154} INFO - Started process (PID=116) to work on /home/airflow/.local/lib/python3.7/site-packages/airflow/example_dags/example_branch_day_of_week_operator.py
[2023-12-23T18:21:34.731+0000] {processor.py:756} INFO - Processing file /home/airflow/.local/lib/python3.7/site-packages/airflow/example_dags/example_branch_day_of_week_operator.py for tasks to queue
[2023-12-23T18:21:34.732+0000] {logging_mixin.py:120} INFO - [2023-12-23T18:21:34.732+0000] {dagbag.py:537} INFO - Filling up the DagBag from /home/airflow/.local/lib/python3.7/site-packages/airflow/example_dags/example_branch_day_of_week_operator.py
[2023-12-23T18:21:34.752+0000] {processor.py:766} INFO - DAG(s) dict_keys(['example_weekday_branch_operator']) retrieved from /home/airflow/.local/lib/python3.7/site-packages/airflow/example_dags/example_branch_day_of_week_operator.py
[2023-12-23T18:21:34.816+0000] {logging_mixin.py:120} INFO - [2023-12-23T18:21:34.816+0000] {dag.py:2585} INFO - Sync 1 DAGs
[2023-12-23T18:21:34.852+0000] {logging_mixin.py:120} INFO - [2023-12-23T18:21:34.852+0000] {dag.py:3340} INFO - Setting next_dagrun for example_weekday_branch_operator to 2023-12-22T00:00:00+00:00, run_after=2023-12-23T00:00:00+00:00
[2023-12-23T18:21:34.899+0000] {processor.py:176} INFO - Processing /home/airflow/.local/lib/python3.7/site-packages/airflow/example_dags/example_branch_day_of_week_operator.py took 0.171 seconds
[2023-12-23T18:22:05.359+0000] {processor.py:154} INFO - Started process (PID=175) to work on /home/airflow/.local/lib/python3.7/site-packages/airflow/example_dags/example_branch_day_of_week_operator.py
[2023-12-23T18:22:05.360+0000] {processor.py:756} INFO - Processing file /home/airflow/.local/lib/python3.7/site-packages/airflow/example_dags/example_branch_day_of_week_operator.py for tasks to queue
[2023-12-23T18:22:05.360+0000] {logging_mixin.py:120} INFO - [2023-12-23T18:22:05.360+0000] {dagbag.py:537} INFO - Filling up the DagBag from /home/airflow/.local/lib/python3.7/site-packages/airflow/example_dags/example_branch_day_of_week_operator.py
[2023-12-23T18:22:05.380+0000] {processor.py:766} INFO - DAG(s) dict_keys(['example_weekday_branch_operator']) retrieved from /home/airflow/.local/lib/python3.7/site-packages/airflow/example_dags/example_branch_day_of_week_operator.py
[2023-12-23T18:22:05.435+0000] {logging_mixin.py:120} INFO - [2023-12-23T18:22:05.435+0000] {dag.py:2585} INFO - Sync 1 DAGs
[2023-12-23T18:22:05.474+0000] {logging_mixin.py:120} INFO - [2023-12-23T18:22:05.474+0000] {dag.py:3340} INFO - Setting next_dagrun for example_weekday_branch_operator to 2023-12-22T00:00:00+00:00, run_after=2023-12-23T00:00:00+00:00
[2023-12-23T18:22:05.503+0000] {processor.py:176} INFO - Processing /home/airflow/.local/lib/python3.7/site-packages/airflow/example_dags/example_branch_day_of_week_operator.py took 0.148 seconds
[2023-12-23T18:22:35.747+0000] {processor.py:154} INFO - Started process (PID=238) to work on /home/airflow/.local/lib/python3.7/site-packages/airflow/example_dags/example_branch_day_of_week_operator.py
[2023-12-23T18:22:35.748+0000] {processor.py:756} INFO - Processing file /home/airflow/.local/lib/python3.7/site-packages/airflow/example_dags/example_branch_day_of_week_operator.py for tasks to queue
[2023-12-23T18:22:35.749+0000] {logging_mixin.py:120} INFO - [2023-12-23T18:22:35.748+0000] {dagbag.py:537} INFO - Filling up the DagBag from /home/airflow/.local/lib/python3.7/site-packages/airflow/example_dags/example_branch_day_of_week_operator.py
[2023-12-23T18:22:35.762+0000] {processor.py:766} INFO - DAG(s) dict_keys(['example_weekday_branch_operator']) retrieved from /home/airflow/.local/lib/python3.7/site-packages/airflow/example_dags/example_branch_day_of_week_operator.py
[2023-12-23T18:22:35.796+0000] {logging_mixin.py:120} INFO - [2023-12-23T18:22:35.796+0000] {dag.py:2585} INFO - Sync 1 DAGs
[2023-12-23T18:22:35.818+0000] {logging_mixin.py:120} INFO - [2023-12-23T18:22:35.818+0000] {dag.py:3340} INFO - Setting next_dagrun for example_weekday_branch_operator to 2023-12-22T00:00:00+00:00, run_after=2023-12-23T00:00:00+00:00
[2023-12-23T18:22:35.839+0000] {processor.py:176} INFO - Processing /home/airflow/.local/lib/python3.7/site-packages/airflow/example_dags/example_branch_day_of_week_operator.py took 0.094 seconds
[2023-12-23T18:23:06.220+0000] {processor.py:154} INFO - Started process (PID=302) to work on /home/airflow/.local/lib/python3.7/site-packages/airflow/example_dags/example_branch_day_of_week_operator.py
[2023-12-23T18:23:06.221+0000] {processor.py:756} INFO - Processing file /home/airflow/.local/lib/python3.7/site-packages/airflow/example_dags/example_branch_day_of_week_operator.py for tasks to queue
[2023-12-23T18:23:06.221+0000] {logging_mixin.py:120} INFO - [2023-12-23T18:23:06.221+0000] {dagbag.py:537} INFO - Filling up the DagBag from /home/airflow/.local/lib/python3.7/site-packages/airflow/example_dags/example_branch_day_of_week_operator.py
[2023-12-23T18:23:06.240+0000] {processor.py:766} INFO - DAG(s) dict_keys(['example_weekday_branch_operator']) retrieved from /home/airflow/.local/lib/python3.7/site-packages/airflow/example_dags/example_branch_day_of_week_operator.py
[2023-12-23T18:23:06.287+0000] {logging_mixin.py:120} INFO - [2023-12-23T18:23:06.287+0000] {dag.py:2585} INFO - Sync 1 DAGs
[2023-12-23T18:23:06.310+0000] {logging_mixin.py:120} INFO - [2023-12-23T18:23:06.310+0000] {dag.py:3340} INFO - Setting next_dagrun for example_weekday_branch_operator to 2023-12-22T00:00:00+00:00, run_after=2023-12-23T00:00:00+00:00
[2023-12-23T18:23:06.334+0000] {processor.py:176} INFO - Processing /home/airflow/.local/lib/python3.7/site-packages/airflow/example_dags/example_branch_day_of_week_operator.py took 0.119 seconds
[2023-12-23T18:23:37.127+0000] {processor.py:154} INFO - Started process (PID=357) to work on /home/airflow/.local/lib/python3.7/site-packages/airflow/example_dags/example_branch_day_of_week_operator.py
[2023-12-23T18:23:37.127+0000] {processor.py:756} INFO - Processing file /home/airflow/.local/lib/python3.7/site-packages/airflow/example_dags/example_branch_day_of_week_operator.py for tasks to queue
[2023-12-23T18:23:37.128+0000] {logging_mixin.py:120} INFO - [2023-12-23T18:23:37.127+0000] {dagbag.py:537} INFO - Filling up the DagBag from /home/airflow/.local/lib/python3.7/site-packages/airflow/example_dags/example_branch_day_of_week_operator.py
[2023-12-23T18:23:37.141+0000] {processor.py:766} INFO - DAG(s) dict_keys(['example_weekday_branch_operator']) retrieved from /home/airflow/.local/lib/python3.7/site-packages/airflow/example_dags/example_branch_day_of_week_operator.py
[2023-12-23T18:23:37.173+0000] {logging_mixin.py:120} INFO - [2023-12-23T18:23:37.173+0000] {dag.py:2585} INFO - Sync 1 DAGs
[2023-12-23T18:23:37.195+0000] {logging_mixin.py:120} INFO - [2023-12-23T18:23:37.195+0000] {dag.py:3340} INFO - Setting next_dagrun for example_weekday_branch_operator to 2023-12-22T00:00:00+00:00, run_after=2023-12-23T00:00:00+00:00
[2023-12-23T18:23:37.214+0000] {processor.py:176} INFO - Processing /home/airflow/.local/lib/python3.7/site-packages/airflow/example_dags/example_branch_day_of_week_operator.py took 0.090 seconds
[2023-12-23T18:24:38.358+0000] {processor.py:154} INFO - Started process (PID=55) to work on /home/airflow/.local/lib/python3.7/site-packages/airflow/example_dags/example_branch_day_of_week_operator.py
[2023-12-23T18:24:38.359+0000] {processor.py:756} INFO - Processing file /home/airflow/.local/lib/python3.7/site-packages/airflow/example_dags/example_branch_day_of_week_operator.py for tasks to queue
[2023-12-23T18:24:38.360+0000] {logging_mixin.py:120} INFO - [2023-12-23T18:24:38.360+0000] {dagbag.py:537} INFO - Filling up the DagBag from /home/airflow/.local/lib/python3.7/site-packages/airflow/example_dags/example_branch_day_of_week_operator.py
[2023-12-23T18:24:38.386+0000] {processor.py:766} INFO - DAG(s) dict_keys(['example_weekday_branch_operator']) retrieved from /home/airflow/.local/lib/python3.7/site-packages/airflow/example_dags/example_branch_day_of_week_operator.py
[2023-12-23T18:24:38.423+0000] {logging_mixin.py:120} INFO - [2023-12-23T18:24:38.423+0000] {dag.py:2585} INFO - Sync 1 DAGs
[2023-12-23T18:24:38.470+0000] {logging_mixin.py:120} INFO - [2023-12-23T18:24:38.470+0000] {dag.py:3340} INFO - Setting next_dagrun for example_weekday_branch_operator to 2023-12-22T00:00:00+00:00, run_after=2023-12-23T00:00:00+00:00
[2023-12-23T18:24:38.499+0000] {processor.py:176} INFO - Processing /home/airflow/.local/lib/python3.7/site-packages/airflow/example_dags/example_branch_day_of_week_operator.py took 0.144 seconds
[2023-12-23T18:25:08.934+0000] {processor.py:154} INFO - Started process (PID=108) to work on /home/airflow/.local/lib/python3.7/site-packages/airflow/example_dags/example_branch_day_of_week_operator.py
[2023-12-23T18:25:08.934+0000] {processor.py:756} INFO - Processing file /home/airflow/.local/lib/python3.7/site-packages/airflow/example_dags/example_branch_day_of_week_operator.py for tasks to queue
[2023-12-23T18:25:08.935+0000] {logging_mixin.py:120} INFO - [2023-12-23T18:25:08.935+0000] {dagbag.py:537} INFO - Filling up the DagBag from /home/airflow/.local/lib/python3.7/site-packages/airflow/example_dags/example_branch_day_of_week_operator.py
[2023-12-23T18:25:08.948+0000] {processor.py:766} INFO - DAG(s) dict_keys(['example_weekday_branch_operator']) retrieved from /home/airflow/.local/lib/python3.7/site-packages/airflow/example_dags/example_branch_day_of_week_operator.py
[2023-12-23T18:25:08.984+0000] {logging_mixin.py:120} INFO - [2023-12-23T18:25:08.984+0000] {dag.py:2585} INFO - Sync 1 DAGs
[2023-12-23T18:25:09.007+0000] {logging_mixin.py:120} INFO - [2023-12-23T18:25:09.007+0000] {dag.py:3340} INFO - Setting next_dagrun for example_weekday_branch_operator to 2023-12-22T00:00:00+00:00, run_after=2023-12-23T00:00:00+00:00
[2023-12-23T18:25:09.030+0000] {processor.py:176} INFO - Processing /home/airflow/.local/lib/python3.7/site-packages/airflow/example_dags/example_branch_day_of_week_operator.py took 0.099 seconds
[2023-12-23T18:25:39.851+0000] {processor.py:154} INFO - Started process (PID=173) to work on /home/airflow/.local/lib/python3.7/site-packages/airflow/example_dags/example_branch_day_of_week_operator.py
[2023-12-23T18:25:39.852+0000] {processor.py:756} INFO - Processing file /home/airflow/.local/lib/python3.7/site-packages/airflow/example_dags/example_branch_day_of_week_operator.py for tasks to queue
[2023-12-23T18:25:39.853+0000] {logging_mixin.py:120} INFO - [2023-12-23T18:25:39.853+0000] {dagbag.py:537} INFO - Filling up the DagBag from /home/airflow/.local/lib/python3.7/site-packages/airflow/example_dags/example_branch_day_of_week_operator.py
[2023-12-23T18:25:39.872+0000] {processor.py:766} INFO - DAG(s) dict_keys(['example_weekday_branch_operator']) retrieved from /home/airflow/.local/lib/python3.7/site-packages/airflow/example_dags/example_branch_day_of_week_operator.py
[2023-12-23T18:25:39.918+0000] {logging_mixin.py:120} INFO - [2023-12-23T18:25:39.918+0000] {dag.py:2585} INFO - Sync 1 DAGs
[2023-12-23T18:25:39.952+0000] {logging_mixin.py:120} INFO - [2023-12-23T18:25:39.951+0000] {dag.py:3340} INFO - Setting next_dagrun for example_weekday_branch_operator to 2023-12-22T00:00:00+00:00, run_after=2023-12-23T00:00:00+00:00
[2023-12-23T18:25:39.976+0000] {processor.py:176} INFO - Processing /home/airflow/.local/lib/python3.7/site-packages/airflow/example_dags/example_branch_day_of_week_operator.py took 0.129 seconds
[2023-12-23T18:26:10.072+0000] {processor.py:154} INFO - Started process (PID=236) to work on /home/airflow/.local/lib/python3.7/site-packages/airflow/example_dags/example_branch_day_of_week_operator.py
[2023-12-23T18:26:10.073+0000] {processor.py:756} INFO - Processing file /home/airflow/.local/lib/python3.7/site-packages/airflow/example_dags/example_branch_day_of_week_operator.py for tasks to queue
[2023-12-23T18:26:10.073+0000] {logging_mixin.py:120} INFO - [2023-12-23T18:26:10.073+0000] {dagbag.py:537} INFO - Filling up the DagBag from /home/airflow/.local/lib/python3.7/site-packages/airflow/example_dags/example_branch_day_of_week_operator.py
[2023-12-23T18:26:10.087+0000] {processor.py:766} INFO - DAG(s) dict_keys(['example_weekday_branch_operator']) retrieved from /home/airflow/.local/lib/python3.7/site-packages/airflow/example_dags/example_branch_day_of_week_operator.py
[2023-12-23T18:26:10.122+0000] {logging_mixin.py:120} INFO - [2023-12-23T18:26:10.122+0000] {dag.py:2585} INFO - Sync 1 DAGs
[2023-12-23T18:26:10.148+0000] {logging_mixin.py:120} INFO - [2023-12-23T18:26:10.148+0000] {dag.py:3340} INFO - Setting next_dagrun for example_weekday_branch_operator to 2023-12-22T00:00:00+00:00, run_after=2023-12-23T00:00:00+00:00
[2023-12-23T18:26:10.170+0000] {processor.py:176} INFO - Processing /home/airflow/.local/lib/python3.7/site-packages/airflow/example_dags/example_branch_day_of_week_operator.py took 0.100 seconds
[2023-12-23T18:26:41.404+0000] {processor.py:154} INFO - Started process (PID=299) to work on /home/airflow/.local/lib/python3.7/site-packages/airflow/example_dags/example_branch_day_of_week_operator.py
[2023-12-23T18:26:41.405+0000] {processor.py:756} INFO - Processing file /home/airflow/.local/lib/python3.7/site-packages/airflow/example_dags/example_branch_day_of_week_operator.py for tasks to queue
[2023-12-23T18:26:41.406+0000] {logging_mixin.py:120} INFO - [2023-12-23T18:26:41.405+0000] {dagbag.py:537} INFO - Filling up the DagBag from /home/airflow/.local/lib/python3.7/site-packages/airflow/example_dags/example_branch_day_of_week_operator.py
[2023-12-23T18:26:41.445+0000] {processor.py:766} INFO - DAG(s) dict_keys(['example_weekday_branch_operator']) retrieved from /home/airflow/.local/lib/python3.7/site-packages/airflow/example_dags/example_branch_day_of_week_operator.py
[2023-12-23T18:26:41.524+0000] {logging_mixin.py:120} INFO - [2023-12-23T18:26:41.524+0000] {dag.py:2585} INFO - Sync 1 DAGs
[2023-12-23T18:26:41.560+0000] {logging_mixin.py:120} INFO - [2023-12-23T18:26:41.560+0000] {dag.py:3340} INFO - Setting next_dagrun for example_weekday_branch_operator to 2023-12-22T00:00:00+00:00, run_after=2023-12-23T00:00:00+00:00
[2023-12-23T18:26:41.587+0000] {processor.py:176} INFO - Processing /home/airflow/.local/lib/python3.7/site-packages/airflow/example_dags/example_branch_day_of_week_operator.py took 0.188 seconds
[2023-12-23T18:35:56.598+0000] {processor.py:154} INFO - Started process (PID=55) to work on /home/airflow/.local/lib/python3.7/site-packages/airflow/example_dags/example_branch_day_of_week_operator.py
[2023-12-23T18:35:56.599+0000] {processor.py:756} INFO - Processing file /home/airflow/.local/lib/python3.7/site-packages/airflow/example_dags/example_branch_day_of_week_operator.py for tasks to queue
[2023-12-23T18:35:56.599+0000] {logging_mixin.py:120} INFO - [2023-12-23T18:35:56.599+0000] {dagbag.py:537} INFO - Filling up the DagBag from /home/airflow/.local/lib/python3.7/site-packages/airflow/example_dags/example_branch_day_of_week_operator.py
[2023-12-23T18:35:56.620+0000] {processor.py:766} INFO - DAG(s) dict_keys(['example_weekday_branch_operator']) retrieved from /home/airflow/.local/lib/python3.7/site-packages/airflow/example_dags/example_branch_day_of_week_operator.py
[2023-12-23T18:35:56.649+0000] {logging_mixin.py:120} INFO - [2023-12-23T18:35:56.648+0000] {dag.py:2585} INFO - Sync 1 DAGs
[2023-12-23T18:35:56.683+0000] {logging_mixin.py:120} INFO - [2023-12-23T18:35:56.682+0000] {dag.py:3340} INFO - Setting next_dagrun for example_weekday_branch_operator to 2023-12-22T00:00:00+00:00, run_after=2023-12-23T00:00:00+00:00
[2023-12-23T18:35:56.709+0000] {processor.py:176} INFO - Processing /home/airflow/.local/lib/python3.7/site-packages/airflow/example_dags/example_branch_day_of_week_operator.py took 0.117 seconds
[2023-12-23T18:36:26.869+0000] {processor.py:154} INFO - Started process (PID=108) to work on /home/airflow/.local/lib/python3.7/site-packages/airflow/example_dags/example_branch_day_of_week_operator.py
[2023-12-23T18:36:26.870+0000] {processor.py:756} INFO - Processing file /home/airflow/.local/lib/python3.7/site-packages/airflow/example_dags/example_branch_day_of_week_operator.py for tasks to queue
[2023-12-23T18:36:26.870+0000] {logging_mixin.py:120} INFO - [2023-12-23T18:36:26.870+0000] {dagbag.py:537} INFO - Filling up the DagBag from /home/airflow/.local/lib/python3.7/site-packages/airflow/example_dags/example_branch_day_of_week_operator.py
[2023-12-23T18:36:26.889+0000] {processor.py:766} INFO - DAG(s) dict_keys(['example_weekday_branch_operator']) retrieved from /home/airflow/.local/lib/python3.7/site-packages/airflow/example_dags/example_branch_day_of_week_operator.py
[2023-12-23T18:36:26.938+0000] {logging_mixin.py:120} INFO - [2023-12-23T18:36:26.937+0000] {dag.py:2585} INFO - Sync 1 DAGs
[2023-12-23T18:36:26.970+0000] {logging_mixin.py:120} INFO - [2023-12-23T18:36:26.969+0000] {dag.py:3340} INFO - Setting next_dagrun for example_weekday_branch_operator to 2023-12-22T00:00:00+00:00, run_after=2023-12-23T00:00:00+00:00
[2023-12-23T18:36:26.992+0000] {processor.py:176} INFO - Processing /home/airflow/.local/lib/python3.7/site-packages/airflow/example_dags/example_branch_day_of_week_operator.py took 0.126 seconds
[2023-12-23T18:36:57.445+0000] {processor.py:154} INFO - Started process (PID=172) to work on /home/airflow/.local/lib/python3.7/site-packages/airflow/example_dags/example_branch_day_of_week_operator.py
[2023-12-23T18:36:57.446+0000] {processor.py:756} INFO - Processing file /home/airflow/.local/lib/python3.7/site-packages/airflow/example_dags/example_branch_day_of_week_operator.py for tasks to queue
[2023-12-23T18:36:57.446+0000] {logging_mixin.py:120} INFO - [2023-12-23T18:36:57.446+0000] {dagbag.py:537} INFO - Filling up the DagBag from /home/airflow/.local/lib/python3.7/site-packages/airflow/example_dags/example_branch_day_of_week_operator.py
[2023-12-23T18:36:57.467+0000] {processor.py:766} INFO - DAG(s) dict_keys(['example_weekday_branch_operator']) retrieved from /home/airflow/.local/lib/python3.7/site-packages/airflow/example_dags/example_branch_day_of_week_operator.py
[2023-12-23T18:36:57.512+0000] {logging_mixin.py:120} INFO - [2023-12-23T18:36:57.512+0000] {dag.py:2585} INFO - Sync 1 DAGs
[2023-12-23T18:36:57.549+0000] {logging_mixin.py:120} INFO - [2023-12-23T18:36:57.549+0000] {dag.py:3340} INFO - Setting next_dagrun for example_weekday_branch_operator to 2023-12-22T00:00:00+00:00, run_after=2023-12-23T00:00:00+00:00
[2023-12-23T18:36:57.585+0000] {processor.py:176} INFO - Processing /home/airflow/.local/lib/python3.7/site-packages/airflow/example_dags/example_branch_day_of_week_operator.py took 0.144 seconds
