[2023-12-23T18:12:46.404+0000] {processor.py:154} INFO - Started process (PID=52) to work on /home/airflow/.local/lib/python3.7/site-packages/airflow/example_dags/example_xcom.py
[2023-12-23T18:12:46.405+0000] {processor.py:756} INFO - Processing file /home/airflow/.local/lib/python3.7/site-packages/airflow/example_dags/example_xcom.py for tasks to queue
[2023-12-23T18:12:46.407+0000] {logging_mixin.py:120} INFO - [2023-12-23T18:12:46.407+0000] {dagbag.py:537} INFO - Filling up the DagBag from /home/airflow/.local/lib/python3.7/site-packages/airflow/example_dags/example_xcom.py
[2023-12-23T18:12:46.460+0000] {processor.py:766} INFO - DAG(s) dict_keys(['example_xcom']) retrieved from /home/airflow/.local/lib/python3.7/site-packages/airflow/example_dags/example_xcom.py
[2023-12-23T18:12:46.584+0000] {logging_mixin.py:120} INFO - [2023-12-23T18:12:46.584+0000] {dag.py:2585} INFO - Sync 1 DAGs
[2023-12-23T18:12:46.636+0000] {logging_mixin.py:120} INFO - [2023-12-23T18:12:46.636+0000] {dag.py:3340} INFO - Setting next_dagrun for example_xcom to 2021-01-01T00:00:00+00:00, run_after=2021-01-01T00:00:00+00:00
[2023-12-23T18:12:46.669+0000] {processor.py:176} INFO - Processing /home/airflow/.local/lib/python3.7/site-packages/airflow/example_dags/example_xcom.py took 0.269 seconds
[2023-12-23T18:13:17.462+0000] {processor.py:154} INFO - Started process (PID=115) to work on /home/airflow/.local/lib/python3.7/site-packages/airflow/example_dags/example_xcom.py
[2023-12-23T18:13:17.463+0000] {processor.py:756} INFO - Processing file /home/airflow/.local/lib/python3.7/site-packages/airflow/example_dags/example_xcom.py for tasks to queue
[2023-12-23T18:13:17.464+0000] {logging_mixin.py:120} INFO - [2023-12-23T18:13:17.464+0000] {dagbag.py:537} INFO - Filling up the DagBag from /home/airflow/.local/lib/python3.7/site-packages/airflow/example_dags/example_xcom.py
[2023-12-23T18:13:17.497+0000] {processor.py:766} INFO - DAG(s) dict_keys(['example_xcom']) retrieved from /home/airflow/.local/lib/python3.7/site-packages/airflow/example_dags/example_xcom.py
[2023-12-23T18:13:17.547+0000] {logging_mixin.py:120} INFO - [2023-12-23T18:13:17.547+0000] {dag.py:2585} INFO - Sync 1 DAGs
[2023-12-23T18:13:17.580+0000] {logging_mixin.py:120} INFO - [2023-12-23T18:13:17.580+0000] {dag.py:3340} INFO - Setting next_dagrun for example_xcom to 2021-01-01T00:00:00+00:00, run_after=2021-01-01T00:00:00+00:00
[2023-12-23T18:13:17.605+0000] {processor.py:176} INFO - Processing /home/airflow/.local/lib/python3.7/site-packages/airflow/example_dags/example_xcom.py took 0.147 seconds
[2023-12-23T18:13:48.367+0000] {processor.py:154} INFO - Started process (PID=169) to work on /home/airflow/.local/lib/python3.7/site-packages/airflow/example_dags/example_xcom.py
[2023-12-23T18:13:48.368+0000] {processor.py:756} INFO - Processing file /home/airflow/.local/lib/python3.7/site-packages/airflow/example_dags/example_xcom.py for tasks to queue
[2023-12-23T18:13:48.369+0000] {logging_mixin.py:120} INFO - [2023-12-23T18:13:48.368+0000] {dagbag.py:537} INFO - Filling up the DagBag from /home/airflow/.local/lib/python3.7/site-packages/airflow/example_dags/example_xcom.py
[2023-12-23T18:13:48.390+0000] {processor.py:766} INFO - DAG(s) dict_keys(['example_xcom']) retrieved from /home/airflow/.local/lib/python3.7/site-packages/airflow/example_dags/example_xcom.py
[2023-12-23T18:13:48.431+0000] {logging_mixin.py:120} INFO - [2023-12-23T18:13:48.431+0000] {dag.py:2585} INFO - Sync 1 DAGs
[2023-12-23T18:13:48.463+0000] {logging_mixin.py:120} INFO - [2023-12-23T18:13:48.463+0000] {dag.py:3340} INFO - Setting next_dagrun for example_xcom to 2021-01-01T00:00:00+00:00, run_after=2021-01-01T00:00:00+00:00
[2023-12-23T18:13:48.493+0000] {processor.py:176} INFO - Processing /home/airflow/.local/lib/python3.7/site-packages/airflow/example_dags/example_xcom.py took 0.129 seconds
[2023-12-23T18:14:19.396+0000] {processor.py:154} INFO - Started process (PID=232) to work on /home/airflow/.local/lib/python3.7/site-packages/airflow/example_dags/example_xcom.py
[2023-12-23T18:14:19.397+0000] {processor.py:756} INFO - Processing file /home/airflow/.local/lib/python3.7/site-packages/airflow/example_dags/example_xcom.py for tasks to queue
[2023-12-23T18:14:19.397+0000] {logging_mixin.py:120} INFO - [2023-12-23T18:14:19.397+0000] {dagbag.py:537} INFO - Filling up the DagBag from /home/airflow/.local/lib/python3.7/site-packages/airflow/example_dags/example_xcom.py
[2023-12-23T18:14:19.416+0000] {processor.py:766} INFO - DAG(s) dict_keys(['example_xcom']) retrieved from /home/airflow/.local/lib/python3.7/site-packages/airflow/example_dags/example_xcom.py
[2023-12-23T18:14:19.452+0000] {logging_mixin.py:120} INFO - [2023-12-23T18:14:19.452+0000] {dag.py:2585} INFO - Sync 1 DAGs
[2023-12-23T18:14:19.476+0000] {logging_mixin.py:120} INFO - [2023-12-23T18:14:19.476+0000] {dag.py:3340} INFO - Setting next_dagrun for example_xcom to 2021-01-01T00:00:00+00:00, run_after=2021-01-01T00:00:00+00:00
[2023-12-23T18:14:19.495+0000] {processor.py:176} INFO - Processing /home/airflow/.local/lib/python3.7/site-packages/airflow/example_dags/example_xcom.py took 0.102 seconds
[2023-12-23T18:14:50.000+0000] {processor.py:154} INFO - Started process (PID=296) to work on /home/airflow/.local/lib/python3.7/site-packages/airflow/example_dags/example_xcom.py
[2023-12-23T18:14:50.001+0000] {processor.py:756} INFO - Processing file /home/airflow/.local/lib/python3.7/site-packages/airflow/example_dags/example_xcom.py for tasks to queue
[2023-12-23T18:14:50.002+0000] {logging_mixin.py:120} INFO - [2023-12-23T18:14:50.002+0000] {dagbag.py:537} INFO - Filling up the DagBag from /home/airflow/.local/lib/python3.7/site-packages/airflow/example_dags/example_xcom.py
[2023-12-23T18:14:50.029+0000] {processor.py:766} INFO - DAG(s) dict_keys(['example_xcom']) retrieved from /home/airflow/.local/lib/python3.7/site-packages/airflow/example_dags/example_xcom.py
[2023-12-23T18:14:50.066+0000] {logging_mixin.py:120} INFO - [2023-12-23T18:14:50.066+0000] {dag.py:2585} INFO - Sync 1 DAGs
[2023-12-23T18:14:50.097+0000] {logging_mixin.py:120} INFO - [2023-12-23T18:14:50.097+0000] {dag.py:3340} INFO - Setting next_dagrun for example_xcom to 2021-01-01T00:00:00+00:00, run_after=2021-01-01T00:00:00+00:00
[2023-12-23T18:14:50.124+0000] {processor.py:176} INFO - Processing /home/airflow/.local/lib/python3.7/site-packages/airflow/example_dags/example_xcom.py took 0.127 seconds
[2023-12-23T18:15:20.275+0000] {processor.py:154} INFO - Started process (PID=356) to work on /home/airflow/.local/lib/python3.7/site-packages/airflow/example_dags/example_xcom.py
[2023-12-23T18:15:20.276+0000] {processor.py:756} INFO - Processing file /home/airflow/.local/lib/python3.7/site-packages/airflow/example_dags/example_xcom.py for tasks to queue
[2023-12-23T18:15:20.277+0000] {logging_mixin.py:120} INFO - [2023-12-23T18:15:20.277+0000] {dagbag.py:537} INFO - Filling up the DagBag from /home/airflow/.local/lib/python3.7/site-packages/airflow/example_dags/example_xcom.py
[2023-12-23T18:15:20.307+0000] {processor.py:766} INFO - DAG(s) dict_keys(['example_xcom']) retrieved from /home/airflow/.local/lib/python3.7/site-packages/airflow/example_dags/example_xcom.py
[2023-12-23T18:15:20.357+0000] {logging_mixin.py:120} INFO - [2023-12-23T18:15:20.357+0000] {dag.py:2585} INFO - Sync 1 DAGs
[2023-12-23T18:15:20.390+0000] {logging_mixin.py:120} INFO - [2023-12-23T18:15:20.390+0000] {dag.py:3340} INFO - Setting next_dagrun for example_xcom to 2021-01-01T00:00:00+00:00, run_after=2021-01-01T00:00:00+00:00
[2023-12-23T18:15:20.417+0000] {processor.py:176} INFO - Processing /home/airflow/.local/lib/python3.7/site-packages/airflow/example_dags/example_xcom.py took 0.145 seconds
[2023-12-23T18:15:50.466+0000] {processor.py:154} INFO - Started process (PID=413) to work on /home/airflow/.local/lib/python3.7/site-packages/airflow/example_dags/example_xcom.py
[2023-12-23T18:15:50.467+0000] {processor.py:756} INFO - Processing file /home/airflow/.local/lib/python3.7/site-packages/airflow/example_dags/example_xcom.py for tasks to queue
[2023-12-23T18:15:50.467+0000] {logging_mixin.py:120} INFO - [2023-12-23T18:15:50.467+0000] {dagbag.py:537} INFO - Filling up the DagBag from /home/airflow/.local/lib/python3.7/site-packages/airflow/example_dags/example_xcom.py
[2023-12-23T18:15:50.487+0000] {processor.py:766} INFO - DAG(s) dict_keys(['example_xcom']) retrieved from /home/airflow/.local/lib/python3.7/site-packages/airflow/example_dags/example_xcom.py
[2023-12-23T18:15:50.523+0000] {logging_mixin.py:120} INFO - [2023-12-23T18:15:50.523+0000] {dag.py:2585} INFO - Sync 1 DAGs
[2023-12-23T18:15:50.546+0000] {logging_mixin.py:120} INFO - [2023-12-23T18:15:50.546+0000] {dag.py:3340} INFO - Setting next_dagrun for example_xcom to 2021-01-01T00:00:00+00:00, run_after=2021-01-01T00:00:00+00:00
[2023-12-23T18:15:50.568+0000] {processor.py:176} INFO - Processing /home/airflow/.local/lib/python3.7/site-packages/airflow/example_dags/example_xcom.py took 0.104 seconds
[2023-12-23T18:16:21.382+0000] {processor.py:154} INFO - Started process (PID=476) to work on /home/airflow/.local/lib/python3.7/site-packages/airflow/example_dags/example_xcom.py
[2023-12-23T18:16:21.383+0000] {processor.py:756} INFO - Processing file /home/airflow/.local/lib/python3.7/site-packages/airflow/example_dags/example_xcom.py for tasks to queue
[2023-12-23T18:16:21.384+0000] {logging_mixin.py:120} INFO - [2023-12-23T18:16:21.383+0000] {dagbag.py:537} INFO - Filling up the DagBag from /home/airflow/.local/lib/python3.7/site-packages/airflow/example_dags/example_xcom.py
[2023-12-23T18:16:21.415+0000] {processor.py:766} INFO - DAG(s) dict_keys(['example_xcom']) retrieved from /home/airflow/.local/lib/python3.7/site-packages/airflow/example_dags/example_xcom.py
[2023-12-23T18:16:21.461+0000] {logging_mixin.py:120} INFO - [2023-12-23T18:16:21.461+0000] {dag.py:2585} INFO - Sync 1 DAGs
[2023-12-23T18:16:21.482+0000] {logging_mixin.py:120} INFO - [2023-12-23T18:16:21.482+0000] {dag.py:3340} INFO - Setting next_dagrun for example_xcom to 2021-01-01T00:00:00+00:00, run_after=2021-01-01T00:00:00+00:00
[2023-12-23T18:16:21.503+0000] {processor.py:176} INFO - Processing /home/airflow/.local/lib/python3.7/site-packages/airflow/example_dags/example_xcom.py took 0.124 seconds
[2023-12-23T18:16:52.115+0000] {processor.py:154} INFO - Started process (PID=540) to work on /home/airflow/.local/lib/python3.7/site-packages/airflow/example_dags/example_xcom.py
[2023-12-23T18:16:52.116+0000] {processor.py:756} INFO - Processing file /home/airflow/.local/lib/python3.7/site-packages/airflow/example_dags/example_xcom.py for tasks to queue
[2023-12-23T18:16:52.116+0000] {logging_mixin.py:120} INFO - [2023-12-23T18:16:52.116+0000] {dagbag.py:537} INFO - Filling up the DagBag from /home/airflow/.local/lib/python3.7/site-packages/airflow/example_dags/example_xcom.py
[2023-12-23T18:16:52.137+0000] {processor.py:766} INFO - DAG(s) dict_keys(['example_xcom']) retrieved from /home/airflow/.local/lib/python3.7/site-packages/airflow/example_dags/example_xcom.py
[2023-12-23T18:16:52.172+0000] {logging_mixin.py:120} INFO - [2023-12-23T18:16:52.172+0000] {dag.py:2585} INFO - Sync 1 DAGs
[2023-12-23T18:16:52.193+0000] {logging_mixin.py:120} INFO - [2023-12-23T18:16:52.193+0000] {dag.py:3340} INFO - Setting next_dagrun for example_xcom to 2021-01-01T00:00:00+00:00, run_after=2021-01-01T00:00:00+00:00
[2023-12-23T18:16:52.213+0000] {processor.py:176} INFO - Processing /home/airflow/.local/lib/python3.7/site-packages/airflow/example_dags/example_xcom.py took 0.100 seconds
[2023-12-23T18:17:22.862+0000] {processor.py:154} INFO - Started process (PID=595) to work on /home/airflow/.local/lib/python3.7/site-packages/airflow/example_dags/example_xcom.py
[2023-12-23T18:17:22.862+0000] {processor.py:756} INFO - Processing file /home/airflow/.local/lib/python3.7/site-packages/airflow/example_dags/example_xcom.py for tasks to queue
[2023-12-23T18:17:22.863+0000] {logging_mixin.py:120} INFO - [2023-12-23T18:17:22.863+0000] {dagbag.py:537} INFO - Filling up the DagBag from /home/airflow/.local/lib/python3.7/site-packages/airflow/example_dags/example_xcom.py
[2023-12-23T18:17:22.888+0000] {processor.py:766} INFO - DAG(s) dict_keys(['example_xcom']) retrieved from /home/airflow/.local/lib/python3.7/site-packages/airflow/example_dags/example_xcom.py
[2023-12-23T18:17:22.923+0000] {logging_mixin.py:120} INFO - [2023-12-23T18:17:22.923+0000] {dag.py:2585} INFO - Sync 1 DAGs
[2023-12-23T18:17:22.944+0000] {logging_mixin.py:120} INFO - [2023-12-23T18:17:22.944+0000] {dag.py:3340} INFO - Setting next_dagrun for example_xcom to 2021-01-01T00:00:00+00:00, run_after=2021-01-01T00:00:00+00:00
[2023-12-23T18:17:22.966+0000] {processor.py:176} INFO - Processing /home/airflow/.local/lib/python3.7/site-packages/airflow/example_dags/example_xcom.py took 0.107 seconds
[2023-12-23T18:17:53.873+0000] {processor.py:154} INFO - Started process (PID=659) to work on /home/airflow/.local/lib/python3.7/site-packages/airflow/example_dags/example_xcom.py
[2023-12-23T18:17:53.873+0000] {processor.py:756} INFO - Processing file /home/airflow/.local/lib/python3.7/site-packages/airflow/example_dags/example_xcom.py for tasks to queue
[2023-12-23T18:17:53.874+0000] {logging_mixin.py:120} INFO - [2023-12-23T18:17:53.874+0000] {dagbag.py:537} INFO - Filling up the DagBag from /home/airflow/.local/lib/python3.7/site-packages/airflow/example_dags/example_xcom.py
[2023-12-23T18:17:53.893+0000] {processor.py:766} INFO - DAG(s) dict_keys(['example_xcom']) retrieved from /home/airflow/.local/lib/python3.7/site-packages/airflow/example_dags/example_xcom.py
[2023-12-23T18:17:53.949+0000] {logging_mixin.py:120} INFO - [2023-12-23T18:17:53.949+0000] {dag.py:2585} INFO - Sync 1 DAGs
[2023-12-23T18:17:53.979+0000] {logging_mixin.py:120} INFO - [2023-12-23T18:17:53.979+0000] {dag.py:3340} INFO - Setting next_dagrun for example_xcom to 2021-01-01T00:00:00+00:00, run_after=2021-01-01T00:00:00+00:00
[2023-12-23T18:17:54.006+0000] {processor.py:176} INFO - Processing /home/airflow/.local/lib/python3.7/site-packages/airflow/example_dags/example_xcom.py took 0.135 seconds
[2023-12-23T18:18:24.502+0000] {processor.py:154} INFO - Started process (PID=723) to work on /home/airflow/.local/lib/python3.7/site-packages/airflow/example_dags/example_xcom.py
[2023-12-23T18:18:24.502+0000] {processor.py:756} INFO - Processing file /home/airflow/.local/lib/python3.7/site-packages/airflow/example_dags/example_xcom.py for tasks to queue
[2023-12-23T18:18:24.503+0000] {logging_mixin.py:120} INFO - [2023-12-23T18:18:24.503+0000] {dagbag.py:537} INFO - Filling up the DagBag from /home/airflow/.local/lib/python3.7/site-packages/airflow/example_dags/example_xcom.py
[2023-12-23T18:18:24.530+0000] {processor.py:766} INFO - DAG(s) dict_keys(['example_xcom']) retrieved from /home/airflow/.local/lib/python3.7/site-packages/airflow/example_dags/example_xcom.py
[2023-12-23T18:18:24.571+0000] {logging_mixin.py:120} INFO - [2023-12-23T18:18:24.571+0000] {dag.py:2585} INFO - Sync 1 DAGs
[2023-12-23T18:18:24.591+0000] {logging_mixin.py:120} INFO - [2023-12-23T18:18:24.591+0000] {dag.py:3340} INFO - Setting next_dagrun for example_xcom to 2021-01-01T00:00:00+00:00, run_after=2021-01-01T00:00:00+00:00
[2023-12-23T18:18:24.611+0000] {processor.py:176} INFO - Processing /home/airflow/.local/lib/python3.7/site-packages/airflow/example_dags/example_xcom.py took 0.112 seconds
[2023-12-23T18:18:55.326+0000] {processor.py:154} INFO - Started process (PID=787) to work on /home/airflow/.local/lib/python3.7/site-packages/airflow/example_dags/example_xcom.py
[2023-12-23T18:18:55.327+0000] {processor.py:756} INFO - Processing file /home/airflow/.local/lib/python3.7/site-packages/airflow/example_dags/example_xcom.py for tasks to queue
[2023-12-23T18:18:55.327+0000] {logging_mixin.py:120} INFO - [2023-12-23T18:18:55.327+0000] {dagbag.py:537} INFO - Filling up the DagBag from /home/airflow/.local/lib/python3.7/site-packages/airflow/example_dags/example_xcom.py
[2023-12-23T18:18:55.348+0000] {processor.py:766} INFO - DAG(s) dict_keys(['example_xcom']) retrieved from /home/airflow/.local/lib/python3.7/site-packages/airflow/example_dags/example_xcom.py
[2023-12-23T18:18:55.384+0000] {logging_mixin.py:120} INFO - [2023-12-23T18:18:55.384+0000] {dag.py:2585} INFO - Sync 1 DAGs
[2023-12-23T18:18:55.407+0000] {logging_mixin.py:120} INFO - [2023-12-23T18:18:55.407+0000] {dag.py:3340} INFO - Setting next_dagrun for example_xcom to 2021-01-01T00:00:00+00:00, run_after=2021-01-01T00:00:00+00:00
[2023-12-23T18:18:55.427+0000] {processor.py:176} INFO - Processing /home/airflow/.local/lib/python3.7/site-packages/airflow/example_dags/example_xcom.py took 0.104 seconds
[2023-12-23T18:19:26.047+0000] {processor.py:154} INFO - Started process (PID=842) to work on /home/airflow/.local/lib/python3.7/site-packages/airflow/example_dags/example_xcom.py
[2023-12-23T18:19:26.048+0000] {processor.py:756} INFO - Processing file /home/airflow/.local/lib/python3.7/site-packages/airflow/example_dags/example_xcom.py for tasks to queue
[2023-12-23T18:19:26.049+0000] {logging_mixin.py:120} INFO - [2023-12-23T18:19:26.049+0000] {dagbag.py:537} INFO - Filling up the DagBag from /home/airflow/.local/lib/python3.7/site-packages/airflow/example_dags/example_xcom.py
[2023-12-23T18:19:26.069+0000] {processor.py:766} INFO - DAG(s) dict_keys(['example_xcom']) retrieved from /home/airflow/.local/lib/python3.7/site-packages/airflow/example_dags/example_xcom.py
[2023-12-23T18:19:26.102+0000] {logging_mixin.py:120} INFO - [2023-12-23T18:19:26.102+0000] {dag.py:2585} INFO - Sync 1 DAGs
[2023-12-23T18:19:26.125+0000] {logging_mixin.py:120} INFO - [2023-12-23T18:19:26.125+0000] {dag.py:3340} INFO - Setting next_dagrun for example_xcom to 2021-01-01T00:00:00+00:00, run_after=2021-01-01T00:00:00+00:00
[2023-12-23T18:19:26.145+0000] {processor.py:176} INFO - Processing /home/airflow/.local/lib/python3.7/site-packages/airflow/example_dags/example_xcom.py took 0.100 seconds
[2023-12-23T18:19:56.996+0000] {processor.py:154} INFO - Started process (PID=906) to work on /home/airflow/.local/lib/python3.7/site-packages/airflow/example_dags/example_xcom.py
[2023-12-23T18:19:56.998+0000] {processor.py:756} INFO - Processing file /home/airflow/.local/lib/python3.7/site-packages/airflow/example_dags/example_xcom.py for tasks to queue
[2023-12-23T18:19:56.999+0000] {logging_mixin.py:120} INFO - [2023-12-23T18:19:56.999+0000] {dagbag.py:537} INFO - Filling up the DagBag from /home/airflow/.local/lib/python3.7/site-packages/airflow/example_dags/example_xcom.py
[2023-12-23T18:19:57.026+0000] {processor.py:766} INFO - DAG(s) dict_keys(['example_xcom']) retrieved from /home/airflow/.local/lib/python3.7/site-packages/airflow/example_dags/example_xcom.py
[2023-12-23T18:19:57.067+0000] {logging_mixin.py:120} INFO - [2023-12-23T18:19:57.067+0000] {dag.py:2585} INFO - Sync 1 DAGs
[2023-12-23T18:19:57.091+0000] {logging_mixin.py:120} INFO - [2023-12-23T18:19:57.091+0000] {dag.py:3340} INFO - Setting next_dagrun for example_xcom to 2021-01-01T00:00:00+00:00, run_after=2021-01-01T00:00:00+00:00
[2023-12-23T18:19:57.110+0000] {processor.py:176} INFO - Processing /home/airflow/.local/lib/python3.7/site-packages/airflow/example_dags/example_xcom.py took 0.118 seconds
[2023-12-23T18:21:03.864+0000] {processor.py:154} INFO - Started process (PID=52) to work on /home/airflow/.local/lib/python3.7/site-packages/airflow/example_dags/example_xcom.py
[2023-12-23T18:21:03.866+0000] {processor.py:756} INFO - Processing file /home/airflow/.local/lib/python3.7/site-packages/airflow/example_dags/example_xcom.py for tasks to queue
[2023-12-23T18:21:03.867+0000] {logging_mixin.py:120} INFO - [2023-12-23T18:21:03.867+0000] {dagbag.py:537} INFO - Filling up the DagBag from /home/airflow/.local/lib/python3.7/site-packages/airflow/example_dags/example_xcom.py
[2023-12-23T18:21:03.921+0000] {processor.py:766} INFO - DAG(s) dict_keys(['example_xcom']) retrieved from /home/airflow/.local/lib/python3.7/site-packages/airflow/example_dags/example_xcom.py
[2023-12-23T18:21:03.958+0000] {logging_mixin.py:120} INFO - [2023-12-23T18:21:03.958+0000] {dag.py:2585} INFO - Sync 1 DAGs
[2023-12-23T18:21:03.991+0000] {logging_mixin.py:120} INFO - [2023-12-23T18:21:03.991+0000] {dag.py:3340} INFO - Setting next_dagrun for example_xcom to 2021-01-01T00:00:00+00:00, run_after=2021-01-01T00:00:00+00:00
[2023-12-23T18:21:04.032+0000] {processor.py:176} INFO - Processing /home/airflow/.local/lib/python3.7/site-packages/airflow/example_dags/example_xcom.py took 0.171 seconds
[2023-12-23T18:21:34.234+0000] {processor.py:154} INFO - Started process (PID=106) to work on /home/airflow/.local/lib/python3.7/site-packages/airflow/example_dags/example_xcom.py
[2023-12-23T18:21:34.235+0000] {processor.py:756} INFO - Processing file /home/airflow/.local/lib/python3.7/site-packages/airflow/example_dags/example_xcom.py for tasks to queue
[2023-12-23T18:21:34.236+0000] {logging_mixin.py:120} INFO - [2023-12-23T18:21:34.236+0000] {dagbag.py:537} INFO - Filling up the DagBag from /home/airflow/.local/lib/python3.7/site-packages/airflow/example_dags/example_xcom.py
[2023-12-23T18:21:34.267+0000] {processor.py:766} INFO - DAG(s) dict_keys(['example_xcom']) retrieved from /home/airflow/.local/lib/python3.7/site-packages/airflow/example_dags/example_xcom.py
[2023-12-23T18:21:34.319+0000] {logging_mixin.py:120} INFO - [2023-12-23T18:21:34.318+0000] {dag.py:2585} INFO - Sync 1 DAGs
[2023-12-23T18:21:34.362+0000] {logging_mixin.py:120} INFO - [2023-12-23T18:21:34.362+0000] {dag.py:3340} INFO - Setting next_dagrun for example_xcom to 2021-01-01T00:00:00+00:00, run_after=2021-01-01T00:00:00+00:00
[2023-12-23T18:21:34.390+0000] {processor.py:176} INFO - Processing /home/airflow/.local/lib/python3.7/site-packages/airflow/example_dags/example_xcom.py took 0.159 seconds
[2023-12-23T18:22:05.040+0000] {processor.py:154} INFO - Started process (PID=172) to work on /home/airflow/.local/lib/python3.7/site-packages/airflow/example_dags/example_xcom.py
[2023-12-23T18:22:05.041+0000] {processor.py:756} INFO - Processing file /home/airflow/.local/lib/python3.7/site-packages/airflow/example_dags/example_xcom.py for tasks to queue
[2023-12-23T18:22:05.041+0000] {logging_mixin.py:120} INFO - [2023-12-23T18:22:05.041+0000] {dagbag.py:537} INFO - Filling up the DagBag from /home/airflow/.local/lib/python3.7/site-packages/airflow/example_dags/example_xcom.py
[2023-12-23T18:22:05.066+0000] {processor.py:766} INFO - DAG(s) dict_keys(['example_xcom']) retrieved from /home/airflow/.local/lib/python3.7/site-packages/airflow/example_dags/example_xcom.py
[2023-12-23T18:22:05.111+0000] {logging_mixin.py:120} INFO - [2023-12-23T18:22:05.111+0000] {dag.py:2585} INFO - Sync 1 DAGs
[2023-12-23T18:22:05.142+0000] {logging_mixin.py:120} INFO - [2023-12-23T18:22:05.142+0000] {dag.py:3340} INFO - Setting next_dagrun for example_xcom to 2021-01-01T00:00:00+00:00, run_after=2021-01-01T00:00:00+00:00
[2023-12-23T18:22:05.169+0000] {processor.py:176} INFO - Processing /home/airflow/.local/lib/python3.7/site-packages/airflow/example_dags/example_xcom.py took 0.131 seconds
[2023-12-23T18:22:35.363+0000] {processor.py:154} INFO - Started process (PID=234) to work on /home/airflow/.local/lib/python3.7/site-packages/airflow/example_dags/example_xcom.py
[2023-12-23T18:22:35.364+0000] {processor.py:756} INFO - Processing file /home/airflow/.local/lib/python3.7/site-packages/airflow/example_dags/example_xcom.py for tasks to queue
[2023-12-23T18:22:35.364+0000] {logging_mixin.py:120} INFO - [2023-12-23T18:22:35.364+0000] {dagbag.py:537} INFO - Filling up the DagBag from /home/airflow/.local/lib/python3.7/site-packages/airflow/example_dags/example_xcom.py
[2023-12-23T18:22:35.384+0000] {processor.py:766} INFO - DAG(s) dict_keys(['example_xcom']) retrieved from /home/airflow/.local/lib/python3.7/site-packages/airflow/example_dags/example_xcom.py
[2023-12-23T18:22:35.424+0000] {logging_mixin.py:120} INFO - [2023-12-23T18:22:35.424+0000] {dag.py:2585} INFO - Sync 1 DAGs
[2023-12-23T18:22:35.446+0000] {logging_mixin.py:120} INFO - [2023-12-23T18:22:35.446+0000] {dag.py:3340} INFO - Setting next_dagrun for example_xcom to 2021-01-01T00:00:00+00:00, run_after=2021-01-01T00:00:00+00:00
[2023-12-23T18:22:35.468+0000] {processor.py:176} INFO - Processing /home/airflow/.local/lib/python3.7/site-packages/airflow/example_dags/example_xcom.py took 0.107 seconds
[2023-12-23T18:23:05.916+0000] {processor.py:154} INFO - Started process (PID=299) to work on /home/airflow/.local/lib/python3.7/site-packages/airflow/example_dags/example_xcom.py
[2023-12-23T18:23:05.917+0000] {processor.py:756} INFO - Processing file /home/airflow/.local/lib/python3.7/site-packages/airflow/example_dags/example_xcom.py for tasks to queue
[2023-12-23T18:23:05.918+0000] {logging_mixin.py:120} INFO - [2023-12-23T18:23:05.918+0000] {dagbag.py:537} INFO - Filling up the DagBag from /home/airflow/.local/lib/python3.7/site-packages/airflow/example_dags/example_xcom.py
[2023-12-23T18:23:05.942+0000] {processor.py:766} INFO - DAG(s) dict_keys(['example_xcom']) retrieved from /home/airflow/.local/lib/python3.7/site-packages/airflow/example_dags/example_xcom.py
[2023-12-23T18:23:05.981+0000] {logging_mixin.py:120} INFO - [2023-12-23T18:23:05.981+0000] {dag.py:2585} INFO - Sync 1 DAGs
[2023-12-23T18:23:06.002+0000] {logging_mixin.py:120} INFO - [2023-12-23T18:23:06.002+0000] {dag.py:3340} INFO - Setting next_dagrun for example_xcom to 2021-01-01T00:00:00+00:00, run_after=2021-01-01T00:00:00+00:00
[2023-12-23T18:23:06.027+0000] {processor.py:176} INFO - Processing /home/airflow/.local/lib/python3.7/site-packages/airflow/example_dags/example_xcom.py took 0.115 seconds
[2023-12-23T18:23:36.743+0000] {processor.py:154} INFO - Started process (PID=354) to work on /home/airflow/.local/lib/python3.7/site-packages/airflow/example_dags/example_xcom.py
[2023-12-23T18:23:36.743+0000] {processor.py:756} INFO - Processing file /home/airflow/.local/lib/python3.7/site-packages/airflow/example_dags/example_xcom.py for tasks to queue
[2023-12-23T18:23:36.744+0000] {logging_mixin.py:120} INFO - [2023-12-23T18:23:36.744+0000] {dagbag.py:537} INFO - Filling up the DagBag from /home/airflow/.local/lib/python3.7/site-packages/airflow/example_dags/example_xcom.py
[2023-12-23T18:23:36.769+0000] {processor.py:766} INFO - DAG(s) dict_keys(['example_xcom']) retrieved from /home/airflow/.local/lib/python3.7/site-packages/airflow/example_dags/example_xcom.py
[2023-12-23T18:23:36.816+0000] {logging_mixin.py:120} INFO - [2023-12-23T18:23:36.815+0000] {dag.py:2585} INFO - Sync 1 DAGs
[2023-12-23T18:23:36.843+0000] {logging_mixin.py:120} INFO - [2023-12-23T18:23:36.843+0000] {dag.py:3340} INFO - Setting next_dagrun for example_xcom to 2021-01-01T00:00:00+00:00, run_after=2021-01-01T00:00:00+00:00
[2023-12-23T18:23:36.869+0000] {processor.py:176} INFO - Processing /home/airflow/.local/lib/python3.7/site-packages/airflow/example_dags/example_xcom.py took 0.129 seconds
[2023-12-23T18:24:38.106+0000] {processor.py:154} INFO - Started process (PID=52) to work on /home/airflow/.local/lib/python3.7/site-packages/airflow/example_dags/example_xcom.py
[2023-12-23T18:24:38.107+0000] {processor.py:756} INFO - Processing file /home/airflow/.local/lib/python3.7/site-packages/airflow/example_dags/example_xcom.py for tasks to queue
[2023-12-23T18:24:38.108+0000] {logging_mixin.py:120} INFO - [2023-12-23T18:24:38.108+0000] {dagbag.py:537} INFO - Filling up the DagBag from /home/airflow/.local/lib/python3.7/site-packages/airflow/example_dags/example_xcom.py
[2023-12-23T18:24:38.169+0000] {processor.py:766} INFO - DAG(s) dict_keys(['example_xcom']) retrieved from /home/airflow/.local/lib/python3.7/site-packages/airflow/example_dags/example_xcom.py
[2023-12-23T18:24:38.208+0000] {logging_mixin.py:120} INFO - [2023-12-23T18:24:38.208+0000] {dag.py:2585} INFO - Sync 1 DAGs
[2023-12-23T18:24:38.240+0000] {logging_mixin.py:120} INFO - [2023-12-23T18:24:38.240+0000] {dag.py:3340} INFO - Setting next_dagrun for example_xcom to 2021-01-01T00:00:00+00:00, run_after=2021-01-01T00:00:00+00:00
[2023-12-23T18:24:38.267+0000] {processor.py:176} INFO - Processing /home/airflow/.local/lib/python3.7/site-packages/airflow/example_dags/example_xcom.py took 0.165 seconds
[2023-12-23T18:25:08.631+0000] {processor.py:154} INFO - Started process (PID=105) to work on /home/airflow/.local/lib/python3.7/site-packages/airflow/example_dags/example_xcom.py
[2023-12-23T18:25:08.631+0000] {processor.py:756} INFO - Processing file /home/airflow/.local/lib/python3.7/site-packages/airflow/example_dags/example_xcom.py for tasks to queue
[2023-12-23T18:25:08.632+0000] {logging_mixin.py:120} INFO - [2023-12-23T18:25:08.632+0000] {dagbag.py:537} INFO - Filling up the DagBag from /home/airflow/.local/lib/python3.7/site-packages/airflow/example_dags/example_xcom.py
[2023-12-23T18:25:08.661+0000] {processor.py:766} INFO - DAG(s) dict_keys(['example_xcom']) retrieved from /home/airflow/.local/lib/python3.7/site-packages/airflow/example_dags/example_xcom.py
[2023-12-23T18:25:08.708+0000] {logging_mixin.py:120} INFO - [2023-12-23T18:25:08.708+0000] {dag.py:2585} INFO - Sync 1 DAGs
[2023-12-23T18:25:08.736+0000] {logging_mixin.py:120} INFO - [2023-12-23T18:25:08.736+0000] {dag.py:3340} INFO - Setting next_dagrun for example_xcom to 2021-01-01T00:00:00+00:00, run_after=2021-01-01T00:00:00+00:00
[2023-12-23T18:25:08.764+0000] {processor.py:176} INFO - Processing /home/airflow/.local/lib/python3.7/site-packages/airflow/example_dags/example_xcom.py took 0.135 seconds
[2023-12-23T18:25:39.490+0000] {processor.py:154} INFO - Started process (PID=170) to work on /home/airflow/.local/lib/python3.7/site-packages/airflow/example_dags/example_xcom.py
[2023-12-23T18:25:39.504+0000] {processor.py:756} INFO - Processing file /home/airflow/.local/lib/python3.7/site-packages/airflow/example_dags/example_xcom.py for tasks to queue
[2023-12-23T18:25:39.505+0000] {logging_mixin.py:120} INFO - [2023-12-23T18:25:39.505+0000] {dagbag.py:537} INFO - Filling up the DagBag from /home/airflow/.local/lib/python3.7/site-packages/airflow/example_dags/example_xcom.py
[2023-12-23T18:25:39.547+0000] {processor.py:766} INFO - DAG(s) dict_keys(['example_xcom']) retrieved from /home/airflow/.local/lib/python3.7/site-packages/airflow/example_dags/example_xcom.py
[2023-12-23T18:25:39.604+0000] {logging_mixin.py:120} INFO - [2023-12-23T18:25:39.604+0000] {dag.py:2585} INFO - Sync 1 DAGs
[2023-12-23T18:25:39.632+0000] {logging_mixin.py:120} INFO - [2023-12-23T18:25:39.632+0000] {dag.py:3340} INFO - Setting next_dagrun for example_xcom to 2021-01-01T00:00:00+00:00, run_after=2021-01-01T00:00:00+00:00
[2023-12-23T18:25:39.657+0000] {processor.py:176} INFO - Processing /home/airflow/.local/lib/python3.7/site-packages/airflow/example_dags/example_xcom.py took 0.170 seconds
[2023-12-23T18:26:09.753+0000] {processor.py:154} INFO - Started process (PID=232) to work on /home/airflow/.local/lib/python3.7/site-packages/airflow/example_dags/example_xcom.py
[2023-12-23T18:26:09.754+0000] {processor.py:756} INFO - Processing file /home/airflow/.local/lib/python3.7/site-packages/airflow/example_dags/example_xcom.py for tasks to queue
[2023-12-23T18:26:09.754+0000] {logging_mixin.py:120} INFO - [2023-12-23T18:26:09.754+0000] {dagbag.py:537} INFO - Filling up the DagBag from /home/airflow/.local/lib/python3.7/site-packages/airflow/example_dags/example_xcom.py
[2023-12-23T18:26:09.774+0000] {processor.py:766} INFO - DAG(s) dict_keys(['example_xcom']) retrieved from /home/airflow/.local/lib/python3.7/site-packages/airflow/example_dags/example_xcom.py
[2023-12-23T18:26:09.811+0000] {logging_mixin.py:120} INFO - [2023-12-23T18:26:09.811+0000] {dag.py:2585} INFO - Sync 1 DAGs
[2023-12-23T18:26:09.834+0000] {logging_mixin.py:120} INFO - [2023-12-23T18:26:09.834+0000] {dag.py:3340} INFO - Setting next_dagrun for example_xcom to 2021-01-01T00:00:00+00:00, run_after=2021-01-01T00:00:00+00:00
[2023-12-23T18:26:09.856+0000] {processor.py:176} INFO - Processing /home/airflow/.local/lib/python3.7/site-packages/airflow/example_dags/example_xcom.py took 0.106 seconds
[2023-12-23T18:26:41.061+0000] {processor.py:154} INFO - Started process (PID=296) to work on /home/airflow/.local/lib/python3.7/site-packages/airflow/example_dags/example_xcom.py
[2023-12-23T18:26:41.062+0000] {processor.py:756} INFO - Processing file /home/airflow/.local/lib/python3.7/site-packages/airflow/example_dags/example_xcom.py for tasks to queue
[2023-12-23T18:26:41.063+0000] {logging_mixin.py:120} INFO - [2023-12-23T18:26:41.063+0000] {dagbag.py:537} INFO - Filling up the DagBag from /home/airflow/.local/lib/python3.7/site-packages/airflow/example_dags/example_xcom.py
[2023-12-23T18:26:41.092+0000] {processor.py:766} INFO - DAG(s) dict_keys(['example_xcom']) retrieved from /home/airflow/.local/lib/python3.7/site-packages/airflow/example_dags/example_xcom.py
[2023-12-23T18:26:41.149+0000] {logging_mixin.py:120} INFO - [2023-12-23T18:26:41.148+0000] {dag.py:2585} INFO - Sync 1 DAGs
[2023-12-23T18:26:41.183+0000] {logging_mixin.py:120} INFO - [2023-12-23T18:26:41.183+0000] {dag.py:3340} INFO - Setting next_dagrun for example_xcom to 2021-01-01T00:00:00+00:00, run_after=2021-01-01T00:00:00+00:00
[2023-12-23T18:26:41.212+0000] {processor.py:176} INFO - Processing /home/airflow/.local/lib/python3.7/site-packages/airflow/example_dags/example_xcom.py took 0.155 seconds
[2023-12-23T18:35:56.172+0000] {processor.py:154} INFO - Started process (PID=52) to work on /home/airflow/.local/lib/python3.7/site-packages/airflow/example_dags/example_xcom.py
[2023-12-23T18:35:56.185+0000] {processor.py:756} INFO - Processing file /home/airflow/.local/lib/python3.7/site-packages/airflow/example_dags/example_xcom.py for tasks to queue
[2023-12-23T18:35:56.186+0000] {logging_mixin.py:120} INFO - [2023-12-23T18:35:56.186+0000] {dagbag.py:537} INFO - Filling up the DagBag from /home/airflow/.local/lib/python3.7/site-packages/airflow/example_dags/example_xcom.py
[2023-12-23T18:35:56.244+0000] {processor.py:766} INFO - DAG(s) dict_keys(['example_xcom']) retrieved from /home/airflow/.local/lib/python3.7/site-packages/airflow/example_dags/example_xcom.py
[2023-12-23T18:35:56.296+0000] {logging_mixin.py:120} INFO - [2023-12-23T18:35:56.296+0000] {dag.py:2585} INFO - Sync 1 DAGs
[2023-12-23T18:35:56.356+0000] {logging_mixin.py:120} INFO - [2023-12-23T18:35:56.356+0000] {dag.py:3340} INFO - Setting next_dagrun for example_xcom to 2021-01-01T00:00:00+00:00, run_after=2021-01-01T00:00:00+00:00
[2023-12-23T18:35:56.401+0000] {processor.py:176} INFO - Processing /home/airflow/.local/lib/python3.7/site-packages/airflow/example_dags/example_xcom.py took 0.235 seconds
[2023-12-23T18:36:26.546+0000] {processor.py:154} INFO - Started process (PID=105) to work on /home/airflow/.local/lib/python3.7/site-packages/airflow/example_dags/example_xcom.py
[2023-12-23T18:36:26.547+0000] {processor.py:756} INFO - Processing file /home/airflow/.local/lib/python3.7/site-packages/airflow/example_dags/example_xcom.py for tasks to queue
[2023-12-23T18:36:26.548+0000] {logging_mixin.py:120} INFO - [2023-12-23T18:36:26.548+0000] {dagbag.py:537} INFO - Filling up the DagBag from /home/airflow/.local/lib/python3.7/site-packages/airflow/example_dags/example_xcom.py
[2023-12-23T18:36:26.570+0000] {processor.py:766} INFO - DAG(s) dict_keys(['example_xcom']) retrieved from /home/airflow/.local/lib/python3.7/site-packages/airflow/example_dags/example_xcom.py
[2023-12-23T18:36:26.610+0000] {logging_mixin.py:120} INFO - [2023-12-23T18:36:26.610+0000] {dag.py:2585} INFO - Sync 1 DAGs
[2023-12-23T18:36:26.638+0000] {logging_mixin.py:120} INFO - [2023-12-23T18:36:26.637+0000] {dag.py:3340} INFO - Setting next_dagrun for example_xcom to 2021-01-01T00:00:00+00:00, run_after=2021-01-01T00:00:00+00:00
[2023-12-23T18:36:26.664+0000] {processor.py:176} INFO - Processing /home/airflow/.local/lib/python3.7/site-packages/airflow/example_dags/example_xcom.py took 0.121 seconds
[2023-12-23T18:36:56.992+0000] {processor.py:154} INFO - Started process (PID=168) to work on /home/airflow/.local/lib/python3.7/site-packages/airflow/example_dags/example_xcom.py
[2023-12-23T18:36:56.993+0000] {processor.py:756} INFO - Processing file /home/airflow/.local/lib/python3.7/site-packages/airflow/example_dags/example_xcom.py for tasks to queue
[2023-12-23T18:36:56.994+0000] {logging_mixin.py:120} INFO - [2023-12-23T18:36:56.993+0000] {dagbag.py:537} INFO - Filling up the DagBag from /home/airflow/.local/lib/python3.7/site-packages/airflow/example_dags/example_xcom.py
[2023-12-23T18:36:57.030+0000] {processor.py:766} INFO - DAG(s) dict_keys(['example_xcom']) retrieved from /home/airflow/.local/lib/python3.7/site-packages/airflow/example_dags/example_xcom.py
[2023-12-23T18:36:57.078+0000] {logging_mixin.py:120} INFO - [2023-12-23T18:36:57.078+0000] {dag.py:2585} INFO - Sync 1 DAGs
[2023-12-23T18:36:57.112+0000] {logging_mixin.py:120} INFO - [2023-12-23T18:36:57.112+0000] {dag.py:3340} INFO - Setting next_dagrun for example_xcom to 2021-01-01T00:00:00+00:00, run_after=2021-01-01T00:00:00+00:00
[2023-12-23T18:36:57.147+0000] {processor.py:176} INFO - Processing /home/airflow/.local/lib/python3.7/site-packages/airflow/example_dags/example_xcom.py took 0.159 seconds
