[2023-12-23T18:12:47.819+0000] {processor.py:154} INFO - Started process (PID=61) to work on /home/airflow/.local/lib/python3.7/site-packages/airflow/example_dags/example_task_group.py
[2023-12-23T18:12:47.820+0000] {processor.py:756} INFO - Processing file /home/airflow/.local/lib/python3.7/site-packages/airflow/example_dags/example_task_group.py for tasks to queue
[2023-12-23T18:12:47.821+0000] {logging_mixin.py:120} INFO - [2023-12-23T18:12:47.821+0000] {dagbag.py:537} INFO - Filling up the DagBag from /home/airflow/.local/lib/python3.7/site-packages/airflow/example_dags/example_task_group.py
[2023-12-23T18:12:47.862+0000] {processor.py:766} INFO - DAG(s) dict_keys(['example_task_group']) retrieved from /home/airflow/.local/lib/python3.7/site-packages/airflow/example_dags/example_task_group.py
[2023-12-23T18:12:47.915+0000] {logging_mixin.py:120} INFO - [2023-12-23T18:12:47.915+0000] {dag.py:2585} INFO - Sync 1 DAGs
[2023-12-23T18:12:47.958+0000] {logging_mixin.py:120} INFO - [2023-12-23T18:12:47.958+0000] {dag.py:3340} INFO - Setting next_dagrun for example_task_group to 2023-12-22T18:12:47.958494+00:00, run_after=2023-12-23T18:12:47.958494+00:00
[2023-12-23T18:12:47.985+0000] {processor.py:176} INFO - Processing /home/airflow/.local/lib/python3.7/site-packages/airflow/example_dags/example_task_group.py took 0.169 seconds
[2023-12-23T18:13:18.363+0000] {processor.py:154} INFO - Started process (PID=124) to work on /home/airflow/.local/lib/python3.7/site-packages/airflow/example_dags/example_task_group.py
[2023-12-23T18:13:18.364+0000] {processor.py:756} INFO - Processing file /home/airflow/.local/lib/python3.7/site-packages/airflow/example_dags/example_task_group.py for tasks to queue
[2023-12-23T18:13:18.364+0000] {logging_mixin.py:120} INFO - [2023-12-23T18:13:18.364+0000] {dagbag.py:537} INFO - Filling up the DagBag from /home/airflow/.local/lib/python3.7/site-packages/airflow/example_dags/example_task_group.py
[2023-12-23T18:13:18.379+0000] {processor.py:766} INFO - DAG(s) dict_keys(['example_task_group']) retrieved from /home/airflow/.local/lib/python3.7/site-packages/airflow/example_dags/example_task_group.py
[2023-12-23T18:13:18.414+0000] {logging_mixin.py:120} INFO - [2023-12-23T18:13:18.414+0000] {dag.py:2585} INFO - Sync 1 DAGs
[2023-12-23T18:13:18.435+0000] {logging_mixin.py:120} INFO - [2023-12-23T18:13:18.435+0000] {dag.py:3340} INFO - Setting next_dagrun for example_task_group to 2023-12-22T18:13:18.435342+00:00, run_after=2023-12-23T18:13:18.435342+00:00
[2023-12-23T18:13:18.460+0000] {processor.py:176} INFO - Processing /home/airflow/.local/lib/python3.7/site-packages/airflow/example_dags/example_task_group.py took 0.099 seconds
[2023-12-23T18:13:49.109+0000] {processor.py:154} INFO - Started process (PID=178) to work on /home/airflow/.local/lib/python3.7/site-packages/airflow/example_dags/example_task_group.py
[2023-12-23T18:13:49.110+0000] {processor.py:756} INFO - Processing file /home/airflow/.local/lib/python3.7/site-packages/airflow/example_dags/example_task_group.py for tasks to queue
[2023-12-23T18:13:49.110+0000] {logging_mixin.py:120} INFO - [2023-12-23T18:13:49.110+0000] {dagbag.py:537} INFO - Filling up the DagBag from /home/airflow/.local/lib/python3.7/site-packages/airflow/example_dags/example_task_group.py
[2023-12-23T18:13:49.129+0000] {processor.py:766} INFO - DAG(s) dict_keys(['example_task_group']) retrieved from /home/airflow/.local/lib/python3.7/site-packages/airflow/example_dags/example_task_group.py
[2023-12-23T18:13:49.175+0000] {logging_mixin.py:120} INFO - [2023-12-23T18:13:49.175+0000] {dag.py:2585} INFO - Sync 1 DAGs
[2023-12-23T18:13:49.196+0000] {logging_mixin.py:120} INFO - [2023-12-23T18:13:49.196+0000] {dag.py:3340} INFO - Setting next_dagrun for example_task_group to 2023-12-22T18:13:49.196515+00:00, run_after=2023-12-23T18:13:49.196515+00:00
[2023-12-23T18:13:49.218+0000] {processor.py:176} INFO - Processing /home/airflow/.local/lib/python3.7/site-packages/airflow/example_dags/example_task_group.py took 0.112 seconds
[2023-12-23T18:14:20.136+0000] {processor.py:154} INFO - Started process (PID=241) to work on /home/airflow/.local/lib/python3.7/site-packages/airflow/example_dags/example_task_group.py
[2023-12-23T18:14:20.137+0000] {processor.py:756} INFO - Processing file /home/airflow/.local/lib/python3.7/site-packages/airflow/example_dags/example_task_group.py for tasks to queue
[2023-12-23T18:14:20.138+0000] {logging_mixin.py:120} INFO - [2023-12-23T18:14:20.138+0000] {dagbag.py:537} INFO - Filling up the DagBag from /home/airflow/.local/lib/python3.7/site-packages/airflow/example_dags/example_task_group.py
[2023-12-23T18:14:20.154+0000] {processor.py:766} INFO - DAG(s) dict_keys(['example_task_group']) retrieved from /home/airflow/.local/lib/python3.7/site-packages/airflow/example_dags/example_task_group.py
[2023-12-23T18:14:20.200+0000] {logging_mixin.py:120} INFO - [2023-12-23T18:14:20.199+0000] {dag.py:2585} INFO - Sync 1 DAGs
[2023-12-23T18:14:20.222+0000] {logging_mixin.py:120} INFO - [2023-12-23T18:14:20.222+0000] {dag.py:3340} INFO - Setting next_dagrun for example_task_group to 2023-12-22T18:14:20.221962+00:00, run_after=2023-12-23T18:14:20.221962+00:00
[2023-12-23T18:14:20.247+0000] {processor.py:176} INFO - Processing /home/airflow/.local/lib/python3.7/site-packages/airflow/example_dags/example_task_group.py took 0.114 seconds
[2023-12-23T18:14:50.976+0000] {processor.py:154} INFO - Started process (PID=305) to work on /home/airflow/.local/lib/python3.7/site-packages/airflow/example_dags/example_task_group.py
[2023-12-23T18:14:50.977+0000] {processor.py:756} INFO - Processing file /home/airflow/.local/lib/python3.7/site-packages/airflow/example_dags/example_task_group.py for tasks to queue
[2023-12-23T18:14:50.977+0000] {logging_mixin.py:120} INFO - [2023-12-23T18:14:50.977+0000] {dagbag.py:537} INFO - Filling up the DagBag from /home/airflow/.local/lib/python3.7/site-packages/airflow/example_dags/example_task_group.py
[2023-12-23T18:14:50.997+0000] {processor.py:766} INFO - DAG(s) dict_keys(['example_task_group']) retrieved from /home/airflow/.local/lib/python3.7/site-packages/airflow/example_dags/example_task_group.py
[2023-12-23T18:14:51.048+0000] {logging_mixin.py:120} INFO - [2023-12-23T18:14:51.048+0000] {dag.py:2585} INFO - Sync 1 DAGs
[2023-12-23T18:14:51.084+0000] {logging_mixin.py:120} INFO - [2023-12-23T18:14:51.084+0000] {dag.py:3340} INFO - Setting next_dagrun for example_task_group to 2023-12-22T18:14:51.084059+00:00, run_after=2023-12-23T18:14:51.084059+00:00
[2023-12-23T18:14:51.113+0000] {processor.py:176} INFO - Processing /home/airflow/.local/lib/python3.7/site-packages/airflow/example_dags/example_task_group.py took 0.140 seconds
[2023-12-23T18:15:21.344+0000] {processor.py:154} INFO - Started process (PID=368) to work on /home/airflow/.local/lib/python3.7/site-packages/airflow/example_dags/example_task_group.py
[2023-12-23T18:15:21.345+0000] {processor.py:756} INFO - Processing file /home/airflow/.local/lib/python3.7/site-packages/airflow/example_dags/example_task_group.py for tasks to queue
[2023-12-23T18:15:21.346+0000] {logging_mixin.py:120} INFO - [2023-12-23T18:15:21.346+0000] {dagbag.py:537} INFO - Filling up the DagBag from /home/airflow/.local/lib/python3.7/site-packages/airflow/example_dags/example_task_group.py
[2023-12-23T18:15:21.360+0000] {processor.py:766} INFO - DAG(s) dict_keys(['example_task_group']) retrieved from /home/airflow/.local/lib/python3.7/site-packages/airflow/example_dags/example_task_group.py
[2023-12-23T18:15:21.399+0000] {logging_mixin.py:120} INFO - [2023-12-23T18:15:21.399+0000] {dag.py:2585} INFO - Sync 1 DAGs
[2023-12-23T18:15:21.421+0000] {logging_mixin.py:120} INFO - [2023-12-23T18:15:21.421+0000] {dag.py:3340} INFO - Setting next_dagrun for example_task_group to 2023-12-22T18:15:21.421587+00:00, run_after=2023-12-23T18:15:21.421587+00:00
[2023-12-23T18:15:21.442+0000] {processor.py:176} INFO - Processing /home/airflow/.local/lib/python3.7/site-packages/airflow/example_dags/example_task_group.py took 0.100 seconds
[2023-12-23T18:15:52.252+0000] {processor.py:154} INFO - Started process (PID=423) to work on /home/airflow/.local/lib/python3.7/site-packages/airflow/example_dags/example_task_group.py
[2023-12-23T18:15:52.253+0000] {processor.py:756} INFO - Processing file /home/airflow/.local/lib/python3.7/site-packages/airflow/example_dags/example_task_group.py for tasks to queue
[2023-12-23T18:15:52.254+0000] {logging_mixin.py:120} INFO - [2023-12-23T18:15:52.254+0000] {dagbag.py:537} INFO - Filling up the DagBag from /home/airflow/.local/lib/python3.7/site-packages/airflow/example_dags/example_task_group.py
[2023-12-23T18:15:52.268+0000] {processor.py:766} INFO - DAG(s) dict_keys(['example_task_group']) retrieved from /home/airflow/.local/lib/python3.7/site-packages/airflow/example_dags/example_task_group.py
[2023-12-23T18:15:52.316+0000] {logging_mixin.py:120} INFO - [2023-12-23T18:15:52.316+0000] {dag.py:2585} INFO - Sync 1 DAGs
[2023-12-23T18:15:52.350+0000] {logging_mixin.py:120} INFO - [2023-12-23T18:15:52.350+0000] {dag.py:3340} INFO - Setting next_dagrun for example_task_group to 2023-12-22T18:15:52.350490+00:00, run_after=2023-12-23T18:15:52.350490+00:00
[2023-12-23T18:15:52.377+0000] {processor.py:176} INFO - Processing /home/airflow/.local/lib/python3.7/site-packages/airflow/example_dags/example_task_group.py took 0.128 seconds
[2023-12-23T18:16:23.135+0000] {processor.py:154} INFO - Started process (PID=486) to work on /home/airflow/.local/lib/python3.7/site-packages/airflow/example_dags/example_task_group.py
[2023-12-23T18:16:23.136+0000] {processor.py:756} INFO - Processing file /home/airflow/.local/lib/python3.7/site-packages/airflow/example_dags/example_task_group.py for tasks to queue
[2023-12-23T18:16:23.136+0000] {logging_mixin.py:120} INFO - [2023-12-23T18:16:23.136+0000] {dagbag.py:537} INFO - Filling up the DagBag from /home/airflow/.local/lib/python3.7/site-packages/airflow/example_dags/example_task_group.py
[2023-12-23T18:16:23.154+0000] {processor.py:766} INFO - DAG(s) dict_keys(['example_task_group']) retrieved from /home/airflow/.local/lib/python3.7/site-packages/airflow/example_dags/example_task_group.py
[2023-12-23T18:16:23.204+0000] {logging_mixin.py:120} INFO - [2023-12-23T18:16:23.203+0000] {dag.py:2585} INFO - Sync 1 DAGs
[2023-12-23T18:16:23.233+0000] {logging_mixin.py:120} INFO - [2023-12-23T18:16:23.232+0000] {dag.py:3340} INFO - Setting next_dagrun for example_task_group to 2023-12-22T18:16:23.232615+00:00, run_after=2023-12-23T18:16:23.232615+00:00
[2023-12-23T18:16:23.256+0000] {processor.py:176} INFO - Processing /home/airflow/.local/lib/python3.7/site-packages/airflow/example_dags/example_task_group.py took 0.124 seconds
[2023-12-23T18:16:53.845+0000] {processor.py:154} INFO - Started process (PID=550) to work on /home/airflow/.local/lib/python3.7/site-packages/airflow/example_dags/example_task_group.py
[2023-12-23T18:16:53.846+0000] {processor.py:756} INFO - Processing file /home/airflow/.local/lib/python3.7/site-packages/airflow/example_dags/example_task_group.py for tasks to queue
[2023-12-23T18:16:53.846+0000] {logging_mixin.py:120} INFO - [2023-12-23T18:16:53.846+0000] {dagbag.py:537} INFO - Filling up the DagBag from /home/airflow/.local/lib/python3.7/site-packages/airflow/example_dags/example_task_group.py
[2023-12-23T18:16:53.864+0000] {processor.py:766} INFO - DAG(s) dict_keys(['example_task_group']) retrieved from /home/airflow/.local/lib/python3.7/site-packages/airflow/example_dags/example_task_group.py
[2023-12-23T18:16:53.901+0000] {logging_mixin.py:120} INFO - [2023-12-23T18:16:53.901+0000] {dag.py:2585} INFO - Sync 1 DAGs
[2023-12-23T18:16:53.932+0000] {logging_mixin.py:120} INFO - [2023-12-23T18:16:53.931+0000] {dag.py:3340} INFO - Setting next_dagrun for example_task_group to 2023-12-22T18:16:53.931660+00:00, run_after=2023-12-23T18:16:53.931660+00:00
[2023-12-23T18:16:53.955+0000] {processor.py:176} INFO - Processing /home/airflow/.local/lib/python3.7/site-packages/airflow/example_dags/example_task_group.py took 0.112 seconds
[2023-12-23T18:17:24.745+0000] {processor.py:154} INFO - Started process (PID=614) to work on /home/airflow/.local/lib/python3.7/site-packages/airflow/example_dags/example_task_group.py
[2023-12-23T18:17:24.746+0000] {processor.py:756} INFO - Processing file /home/airflow/.local/lib/python3.7/site-packages/airflow/example_dags/example_task_group.py for tasks to queue
[2023-12-23T18:17:24.746+0000] {logging_mixin.py:120} INFO - [2023-12-23T18:17:24.746+0000] {dagbag.py:537} INFO - Filling up the DagBag from /home/airflow/.local/lib/python3.7/site-packages/airflow/example_dags/example_task_group.py
[2023-12-23T18:17:24.763+0000] {processor.py:766} INFO - DAG(s) dict_keys(['example_task_group']) retrieved from /home/airflow/.local/lib/python3.7/site-packages/airflow/example_dags/example_task_group.py
[2023-12-23T18:17:24.812+0000] {logging_mixin.py:120} INFO - [2023-12-23T18:17:24.812+0000] {dag.py:2585} INFO - Sync 1 DAGs
[2023-12-23T18:17:24.834+0000] {logging_mixin.py:120} INFO - [2023-12-23T18:17:24.834+0000] {dag.py:3340} INFO - Setting next_dagrun for example_task_group to 2023-12-22T18:17:24.834581+00:00, run_after=2023-12-23T18:17:24.834581+00:00
[2023-12-23T18:17:24.857+0000] {processor.py:176} INFO - Processing /home/airflow/.local/lib/python3.7/site-packages/airflow/example_dags/example_task_group.py took 0.114 seconds
[2023-12-23T18:17:55.457+0000] {processor.py:154} INFO - Started process (PID=668) to work on /home/airflow/.local/lib/python3.7/site-packages/airflow/example_dags/example_task_group.py
[2023-12-23T18:17:55.457+0000] {processor.py:756} INFO - Processing file /home/airflow/.local/lib/python3.7/site-packages/airflow/example_dags/example_task_group.py for tasks to queue
[2023-12-23T18:17:55.458+0000] {logging_mixin.py:120} INFO - [2023-12-23T18:17:55.458+0000] {dagbag.py:537} INFO - Filling up the DagBag from /home/airflow/.local/lib/python3.7/site-packages/airflow/example_dags/example_task_group.py
[2023-12-23T18:17:55.472+0000] {processor.py:766} INFO - DAG(s) dict_keys(['example_task_group']) retrieved from /home/airflow/.local/lib/python3.7/site-packages/airflow/example_dags/example_task_group.py
[2023-12-23T18:17:55.507+0000] {logging_mixin.py:120} INFO - [2023-12-23T18:17:55.507+0000] {dag.py:2585} INFO - Sync 1 DAGs
[2023-12-23T18:17:55.531+0000] {logging_mixin.py:120} INFO - [2023-12-23T18:17:55.531+0000] {dag.py:3340} INFO - Setting next_dagrun for example_task_group to 2023-12-22T18:17:55.531591+00:00, run_after=2023-12-23T18:17:55.531591+00:00
[2023-12-23T18:17:55.553+0000] {processor.py:176} INFO - Processing /home/airflow/.local/lib/python3.7/site-packages/airflow/example_dags/example_task_group.py took 0.099 seconds
[2023-12-23T18:18:26.266+0000] {processor.py:154} INFO - Started process (PID=732) to work on /home/airflow/.local/lib/python3.7/site-packages/airflow/example_dags/example_task_group.py
[2023-12-23T18:18:26.267+0000] {processor.py:756} INFO - Processing file /home/airflow/.local/lib/python3.7/site-packages/airflow/example_dags/example_task_group.py for tasks to queue
[2023-12-23T18:18:26.267+0000] {logging_mixin.py:120} INFO - [2023-12-23T18:18:26.267+0000] {dagbag.py:537} INFO - Filling up the DagBag from /home/airflow/.local/lib/python3.7/site-packages/airflow/example_dags/example_task_group.py
[2023-12-23T18:18:26.281+0000] {processor.py:766} INFO - DAG(s) dict_keys(['example_task_group']) retrieved from /home/airflow/.local/lib/python3.7/site-packages/airflow/example_dags/example_task_group.py
[2023-12-23T18:18:26.321+0000] {logging_mixin.py:120} INFO - [2023-12-23T18:18:26.321+0000] {dag.py:2585} INFO - Sync 1 DAGs
[2023-12-23T18:18:26.343+0000] {logging_mixin.py:120} INFO - [2023-12-23T18:18:26.343+0000] {dag.py:3340} INFO - Setting next_dagrun for example_task_group to 2023-12-22T18:18:26.343320+00:00, run_after=2023-12-23T18:18:26.343320+00:00
[2023-12-23T18:18:26.363+0000] {processor.py:176} INFO - Processing /home/airflow/.local/lib/python3.7/site-packages/airflow/example_dags/example_task_group.py took 0.100 seconds
[2023-12-23T18:18:56.987+0000] {processor.py:154} INFO - Started process (PID=796) to work on /home/airflow/.local/lib/python3.7/site-packages/airflow/example_dags/example_task_group.py
[2023-12-23T18:18:56.988+0000] {processor.py:756} INFO - Processing file /home/airflow/.local/lib/python3.7/site-packages/airflow/example_dags/example_task_group.py for tasks to queue
[2023-12-23T18:18:56.989+0000] {logging_mixin.py:120} INFO - [2023-12-23T18:18:56.988+0000] {dagbag.py:537} INFO - Filling up the DagBag from /home/airflow/.local/lib/python3.7/site-packages/airflow/example_dags/example_task_group.py
[2023-12-23T18:18:57.003+0000] {processor.py:766} INFO - DAG(s) dict_keys(['example_task_group']) retrieved from /home/airflow/.local/lib/python3.7/site-packages/airflow/example_dags/example_task_group.py
[2023-12-23T18:18:57.037+0000] {logging_mixin.py:120} INFO - [2023-12-23T18:18:57.037+0000] {dag.py:2585} INFO - Sync 1 DAGs
[2023-12-23T18:18:57.058+0000] {logging_mixin.py:120} INFO - [2023-12-23T18:18:57.058+0000] {dag.py:3340} INFO - Setting next_dagrun for example_task_group to 2023-12-22T18:18:57.058145+00:00, run_after=2023-12-23T18:18:57.058145+00:00
[2023-12-23T18:18:57.079+0000] {processor.py:176} INFO - Processing /home/airflow/.local/lib/python3.7/site-packages/airflow/example_dags/example_task_group.py took 0.094 seconds
[2023-12-23T18:19:27.992+0000] {processor.py:154} INFO - Started process (PID=860) to work on /home/airflow/.local/lib/python3.7/site-packages/airflow/example_dags/example_task_group.py
[2023-12-23T18:19:27.993+0000] {processor.py:756} INFO - Processing file /home/airflow/.local/lib/python3.7/site-packages/airflow/example_dags/example_task_group.py for tasks to queue
[2023-12-23T18:19:27.994+0000] {logging_mixin.py:120} INFO - [2023-12-23T18:19:27.994+0000] {dagbag.py:537} INFO - Filling up the DagBag from /home/airflow/.local/lib/python3.7/site-packages/airflow/example_dags/example_task_group.py
[2023-12-23T18:19:28.009+0000] {processor.py:766} INFO - DAG(s) dict_keys(['example_task_group']) retrieved from /home/airflow/.local/lib/python3.7/site-packages/airflow/example_dags/example_task_group.py
[2023-12-23T18:19:28.044+0000] {logging_mixin.py:120} INFO - [2023-12-23T18:19:28.044+0000] {dag.py:2585} INFO - Sync 1 DAGs
[2023-12-23T18:19:28.064+0000] {logging_mixin.py:120} INFO - [2023-12-23T18:19:28.064+0000] {dag.py:3340} INFO - Setting next_dagrun for example_task_group to 2023-12-22T18:19:28.064311+00:00, run_after=2023-12-23T18:19:28.064311+00:00
[2023-12-23T18:19:28.087+0000] {processor.py:176} INFO - Processing /home/airflow/.local/lib/python3.7/site-packages/airflow/example_dags/example_task_group.py took 0.097 seconds
[2023-12-23T18:19:58.722+0000] {processor.py:154} INFO - Started process (PID=916) to work on /home/airflow/.local/lib/python3.7/site-packages/airflow/example_dags/example_task_group.py
[2023-12-23T18:19:58.723+0000] {processor.py:756} INFO - Processing file /home/airflow/.local/lib/python3.7/site-packages/airflow/example_dags/example_task_group.py for tasks to queue
[2023-12-23T18:19:58.723+0000] {logging_mixin.py:120} INFO - [2023-12-23T18:19:58.723+0000] {dagbag.py:537} INFO - Filling up the DagBag from /home/airflow/.local/lib/python3.7/site-packages/airflow/example_dags/example_task_group.py
[2023-12-23T18:19:58.740+0000] {processor.py:766} INFO - DAG(s) dict_keys(['example_task_group']) retrieved from /home/airflow/.local/lib/python3.7/site-packages/airflow/example_dags/example_task_group.py
[2023-12-23T18:19:58.779+0000] {logging_mixin.py:120} INFO - [2023-12-23T18:19:58.779+0000] {dag.py:2585} INFO - Sync 1 DAGs
[2023-12-23T18:19:58.813+0000] {logging_mixin.py:120} INFO - [2023-12-23T18:19:58.812+0000] {dag.py:3340} INFO - Setting next_dagrun for example_task_group to 2023-12-22T18:19:58.812568+00:00, run_after=2023-12-23T18:19:58.812568+00:00
[2023-12-23T18:19:58.836+0000] {processor.py:176} INFO - Processing /home/airflow/.local/lib/python3.7/site-packages/airflow/example_dags/example_task_group.py took 0.117 seconds
[2023-12-23T18:21:04.746+0000] {processor.py:154} INFO - Started process (PID=61) to work on /home/airflow/.local/lib/python3.7/site-packages/airflow/example_dags/example_task_group.py
[2023-12-23T18:21:04.746+0000] {processor.py:756} INFO - Processing file /home/airflow/.local/lib/python3.7/site-packages/airflow/example_dags/example_task_group.py for tasks to queue
[2023-12-23T18:21:04.747+0000] {logging_mixin.py:120} INFO - [2023-12-23T18:21:04.747+0000] {dagbag.py:537} INFO - Filling up the DagBag from /home/airflow/.local/lib/python3.7/site-packages/airflow/example_dags/example_task_group.py
[2023-12-23T18:21:04.793+0000] {processor.py:766} INFO - DAG(s) dict_keys(['example_task_group']) retrieved from /home/airflow/.local/lib/python3.7/site-packages/airflow/example_dags/example_task_group.py
[2023-12-23T18:21:04.832+0000] {logging_mixin.py:120} INFO - [2023-12-23T18:21:04.831+0000] {dag.py:2585} INFO - Sync 1 DAGs
[2023-12-23T18:21:04.862+0000] {logging_mixin.py:120} INFO - [2023-12-23T18:21:04.862+0000] {dag.py:3340} INFO - Setting next_dagrun for example_task_group to 2023-12-22T18:21:04.862105+00:00, run_after=2023-12-23T18:21:04.862105+00:00
[2023-12-23T18:21:04.898+0000] {processor.py:176} INFO - Processing /home/airflow/.local/lib/python3.7/site-packages/airflow/example_dags/example_task_group.py took 0.156 seconds
[2023-12-23T18:21:35.311+0000] {processor.py:154} INFO - Started process (PID=124) to work on /home/airflow/.local/lib/python3.7/site-packages/airflow/example_dags/example_task_group.py
[2023-12-23T18:21:35.312+0000] {processor.py:756} INFO - Processing file /home/airflow/.local/lib/python3.7/site-packages/airflow/example_dags/example_task_group.py for tasks to queue
[2023-12-23T18:21:35.313+0000] {logging_mixin.py:120} INFO - [2023-12-23T18:21:35.313+0000] {dagbag.py:537} INFO - Filling up the DagBag from /home/airflow/.local/lib/python3.7/site-packages/airflow/example_dags/example_task_group.py
[2023-12-23T18:21:35.334+0000] {processor.py:766} INFO - DAG(s) dict_keys(['example_task_group']) retrieved from /home/airflow/.local/lib/python3.7/site-packages/airflow/example_dags/example_task_group.py
[2023-12-23T18:21:35.386+0000] {logging_mixin.py:120} INFO - [2023-12-23T18:21:35.386+0000] {dag.py:2585} INFO - Sync 1 DAGs
[2023-12-23T18:21:35.422+0000] {logging_mixin.py:120} INFO - [2023-12-23T18:21:35.421+0000] {dag.py:3340} INFO - Setting next_dagrun for example_task_group to 2023-12-22T18:21:35.421585+00:00, run_after=2023-12-23T18:21:35.421585+00:00
[2023-12-23T18:21:35.461+0000] {processor.py:176} INFO - Processing /home/airflow/.local/lib/python3.7/site-packages/airflow/example_dags/example_task_group.py took 0.153 seconds
[2023-12-23T18:22:05.886+0000] {processor.py:154} INFO - Started process (PID=181) to work on /home/airflow/.local/lib/python3.7/site-packages/airflow/example_dags/example_task_group.py
[2023-12-23T18:22:05.887+0000] {processor.py:756} INFO - Processing file /home/airflow/.local/lib/python3.7/site-packages/airflow/example_dags/example_task_group.py for tasks to queue
[2023-12-23T18:22:05.887+0000] {logging_mixin.py:120} INFO - [2023-12-23T18:22:05.887+0000] {dagbag.py:537} INFO - Filling up the DagBag from /home/airflow/.local/lib/python3.7/site-packages/airflow/example_dags/example_task_group.py
[2023-12-23T18:22:05.903+0000] {processor.py:766} INFO - DAG(s) dict_keys(['example_task_group']) retrieved from /home/airflow/.local/lib/python3.7/site-packages/airflow/example_dags/example_task_group.py
[2023-12-23T18:22:05.950+0000] {logging_mixin.py:120} INFO - [2023-12-23T18:22:05.950+0000] {dag.py:2585} INFO - Sync 1 DAGs
[2023-12-23T18:22:05.972+0000] {logging_mixin.py:120} INFO - [2023-12-23T18:22:05.972+0000] {dag.py:3340} INFO - Setting next_dagrun for example_task_group to 2023-12-22T18:22:05.972352+00:00, run_after=2023-12-23T18:22:05.972352+00:00
[2023-12-23T18:22:06.005+0000] {processor.py:176} INFO - Processing /home/airflow/.local/lib/python3.7/site-packages/airflow/example_dags/example_task_group.py took 0.121 seconds
[2023-12-23T18:22:36.277+0000] {processor.py:154} INFO - Started process (PID=244) to work on /home/airflow/.local/lib/python3.7/site-packages/airflow/example_dags/example_task_group.py
[2023-12-23T18:22:36.278+0000] {processor.py:756} INFO - Processing file /home/airflow/.local/lib/python3.7/site-packages/airflow/example_dags/example_task_group.py for tasks to queue
[2023-12-23T18:22:36.278+0000] {logging_mixin.py:120} INFO - [2023-12-23T18:22:36.278+0000] {dagbag.py:537} INFO - Filling up the DagBag from /home/airflow/.local/lib/python3.7/site-packages/airflow/example_dags/example_task_group.py
[2023-12-23T18:22:36.292+0000] {processor.py:766} INFO - DAG(s) dict_keys(['example_task_group']) retrieved from /home/airflow/.local/lib/python3.7/site-packages/airflow/example_dags/example_task_group.py
[2023-12-23T18:22:36.325+0000] {logging_mixin.py:120} INFO - [2023-12-23T18:22:36.325+0000] {dag.py:2585} INFO - Sync 1 DAGs
[2023-12-23T18:22:36.345+0000] {logging_mixin.py:120} INFO - [2023-12-23T18:22:36.344+0000] {dag.py:3340} INFO - Setting next_dagrun for example_task_group to 2023-12-22T18:22:36.344810+00:00, run_after=2023-12-23T18:22:36.344810+00:00
[2023-12-23T18:22:36.365+0000] {processor.py:176} INFO - Processing /home/airflow/.local/lib/python3.7/site-packages/airflow/example_dags/example_task_group.py took 0.090 seconds
[2023-12-23T18:23:06.656+0000] {processor.py:154} INFO - Started process (PID=308) to work on /home/airflow/.local/lib/python3.7/site-packages/airflow/example_dags/example_task_group.py
[2023-12-23T18:23:06.657+0000] {processor.py:756} INFO - Processing file /home/airflow/.local/lib/python3.7/site-packages/airflow/example_dags/example_task_group.py for tasks to queue
[2023-12-23T18:23:06.657+0000] {logging_mixin.py:120} INFO - [2023-12-23T18:23:06.657+0000] {dagbag.py:537} INFO - Filling up the DagBag from /home/airflow/.local/lib/python3.7/site-packages/airflow/example_dags/example_task_group.py
[2023-12-23T18:23:06.671+0000] {processor.py:766} INFO - DAG(s) dict_keys(['example_task_group']) retrieved from /home/airflow/.local/lib/python3.7/site-packages/airflow/example_dags/example_task_group.py
[2023-12-23T18:23:06.708+0000] {logging_mixin.py:120} INFO - [2023-12-23T18:23:06.708+0000] {dag.py:2585} INFO - Sync 1 DAGs
[2023-12-23T18:23:06.729+0000] {logging_mixin.py:120} INFO - [2023-12-23T18:23:06.729+0000] {dag.py:3340} INFO - Setting next_dagrun for example_task_group to 2023-12-22T18:23:06.729145+00:00, run_after=2023-12-23T18:23:06.729145+00:00
[2023-12-23T18:23:06.752+0000] {processor.py:176} INFO - Processing /home/airflow/.local/lib/python3.7/site-packages/airflow/example_dags/example_task_group.py took 0.098 seconds
[2023-12-23T18:23:37.543+0000] {processor.py:154} INFO - Started process (PID=363) to work on /home/airflow/.local/lib/python3.7/site-packages/airflow/example_dags/example_task_group.py
[2023-12-23T18:23:37.544+0000] {processor.py:756} INFO - Processing file /home/airflow/.local/lib/python3.7/site-packages/airflow/example_dags/example_task_group.py for tasks to queue
[2023-12-23T18:23:37.544+0000] {logging_mixin.py:120} INFO - [2023-12-23T18:23:37.544+0000] {dagbag.py:537} INFO - Filling up the DagBag from /home/airflow/.local/lib/python3.7/site-packages/airflow/example_dags/example_task_group.py
[2023-12-23T18:23:37.557+0000] {processor.py:766} INFO - DAG(s) dict_keys(['example_task_group']) retrieved from /home/airflow/.local/lib/python3.7/site-packages/airflow/example_dags/example_task_group.py
[2023-12-23T18:23:37.593+0000] {logging_mixin.py:120} INFO - [2023-12-23T18:23:37.593+0000] {dag.py:2585} INFO - Sync 1 DAGs
[2023-12-23T18:23:37.615+0000] {logging_mixin.py:120} INFO - [2023-12-23T18:23:37.615+0000] {dag.py:3340} INFO - Setting next_dagrun for example_task_group to 2023-12-22T18:23:37.614895+00:00, run_after=2023-12-23T18:23:37.614895+00:00
[2023-12-23T18:23:37.636+0000] {processor.py:176} INFO - Processing /home/airflow/.local/lib/python3.7/site-packages/airflow/example_dags/example_task_group.py took 0.096 seconds
[2023-12-23T18:24:38.932+0000] {processor.py:154} INFO - Started process (PID=61) to work on /home/airflow/.local/lib/python3.7/site-packages/airflow/example_dags/example_task_group.py
[2023-12-23T18:24:38.937+0000] {processor.py:756} INFO - Processing file /home/airflow/.local/lib/python3.7/site-packages/airflow/example_dags/example_task_group.py for tasks to queue
[2023-12-23T18:24:38.937+0000] {logging_mixin.py:120} INFO - [2023-12-23T18:24:38.937+0000] {dagbag.py:537} INFO - Filling up the DagBag from /home/airflow/.local/lib/python3.7/site-packages/airflow/example_dags/example_task_group.py
[2023-12-23T18:24:38.956+0000] {processor.py:766} INFO - DAG(s) dict_keys(['example_task_group']) retrieved from /home/airflow/.local/lib/python3.7/site-packages/airflow/example_dags/example_task_group.py
[2023-12-23T18:24:38.994+0000] {logging_mixin.py:120} INFO - [2023-12-23T18:24:38.994+0000] {dag.py:2585} INFO - Sync 1 DAGs
[2023-12-23T18:24:39.027+0000] {logging_mixin.py:120} INFO - [2023-12-23T18:24:39.027+0000] {dag.py:3340} INFO - Setting next_dagrun for example_task_group to 2023-12-22T18:24:39.026736+00:00, run_after=2023-12-23T18:24:39.026736+00:00
[2023-12-23T18:24:39.085+0000] {processor.py:176} INFO - Processing /home/airflow/.local/lib/python3.7/site-packages/airflow/example_dags/example_task_group.py took 0.156 seconds
[2023-12-23T18:25:09.515+0000] {processor.py:154} INFO - Started process (PID=123) to work on /home/airflow/.local/lib/python3.7/site-packages/airflow/example_dags/example_task_group.py
[2023-12-23T18:25:09.516+0000] {processor.py:756} INFO - Processing file /home/airflow/.local/lib/python3.7/site-packages/airflow/example_dags/example_task_group.py for tasks to queue
[2023-12-23T18:25:09.517+0000] {logging_mixin.py:120} INFO - [2023-12-23T18:25:09.517+0000] {dagbag.py:537} INFO - Filling up the DagBag from /home/airflow/.local/lib/python3.7/site-packages/airflow/example_dags/example_task_group.py
[2023-12-23T18:25:09.542+0000] {processor.py:766} INFO - DAG(s) dict_keys(['example_task_group']) retrieved from /home/airflow/.local/lib/python3.7/site-packages/airflow/example_dags/example_task_group.py
[2023-12-23T18:25:09.592+0000] {logging_mixin.py:120} INFO - [2023-12-23T18:25:09.591+0000] {dag.py:2585} INFO - Sync 1 DAGs
[2023-12-23T18:25:09.626+0000] {logging_mixin.py:120} INFO - [2023-12-23T18:25:09.626+0000] {dag.py:3340} INFO - Setting next_dagrun for example_task_group to 2023-12-22T18:25:09.626442+00:00, run_after=2023-12-23T18:25:09.626442+00:00
[2023-12-23T18:25:09.686+0000] {processor.py:176} INFO - Processing /home/airflow/.local/lib/python3.7/site-packages/airflow/example_dags/example_task_group.py took 0.174 seconds
[2023-12-23T18:25:40.354+0000] {processor.py:154} INFO - Started process (PID=179) to work on /home/airflow/.local/lib/python3.7/site-packages/airflow/example_dags/example_task_group.py
[2023-12-23T18:25:40.355+0000] {processor.py:756} INFO - Processing file /home/airflow/.local/lib/python3.7/site-packages/airflow/example_dags/example_task_group.py for tasks to queue
[2023-12-23T18:25:40.356+0000] {logging_mixin.py:120} INFO - [2023-12-23T18:25:40.356+0000] {dagbag.py:537} INFO - Filling up the DagBag from /home/airflow/.local/lib/python3.7/site-packages/airflow/example_dags/example_task_group.py
[2023-12-23T18:25:40.376+0000] {processor.py:766} INFO - DAG(s) dict_keys(['example_task_group']) retrieved from /home/airflow/.local/lib/python3.7/site-packages/airflow/example_dags/example_task_group.py
[2023-12-23T18:25:40.460+0000] {logging_mixin.py:120} INFO - [2023-12-23T18:25:40.460+0000] {dag.py:2585} INFO - Sync 1 DAGs
[2023-12-23T18:25:40.504+0000] {logging_mixin.py:120} INFO - [2023-12-23T18:25:40.504+0000] {dag.py:3340} INFO - Setting next_dagrun for example_task_group to 2023-12-22T18:25:40.504370+00:00, run_after=2023-12-23T18:25:40.504370+00:00
[2023-12-23T18:25:40.534+0000] {processor.py:176} INFO - Processing /home/airflow/.local/lib/python3.7/site-packages/airflow/example_dags/example_task_group.py took 0.183 seconds
[2023-12-23T18:26:10.608+0000] {processor.py:154} INFO - Started process (PID=242) to work on /home/airflow/.local/lib/python3.7/site-packages/airflow/example_dags/example_task_group.py
[2023-12-23T18:26:10.608+0000] {processor.py:756} INFO - Processing file /home/airflow/.local/lib/python3.7/site-packages/airflow/example_dags/example_task_group.py for tasks to queue
[2023-12-23T18:26:10.609+0000] {logging_mixin.py:120} INFO - [2023-12-23T18:26:10.609+0000] {dagbag.py:537} INFO - Filling up the DagBag from /home/airflow/.local/lib/python3.7/site-packages/airflow/example_dags/example_task_group.py
[2023-12-23T18:26:10.623+0000] {processor.py:766} INFO - DAG(s) dict_keys(['example_task_group']) retrieved from /home/airflow/.local/lib/python3.7/site-packages/airflow/example_dags/example_task_group.py
[2023-12-23T18:26:10.664+0000] {logging_mixin.py:120} INFO - [2023-12-23T18:26:10.664+0000] {dag.py:2585} INFO - Sync 1 DAGs
[2023-12-23T18:26:10.693+0000] {logging_mixin.py:120} INFO - [2023-12-23T18:26:10.692+0000] {dag.py:3340} INFO - Setting next_dagrun for example_task_group to 2023-12-22T18:26:10.692665+00:00, run_after=2023-12-23T18:26:10.692665+00:00
[2023-12-23T18:26:10.713+0000] {processor.py:176} INFO - Processing /home/airflow/.local/lib/python3.7/site-packages/airflow/example_dags/example_task_group.py took 0.109 seconds
[2023-12-23T18:26:42.173+0000] {processor.py:154} INFO - Started process (PID=305) to work on /home/airflow/.local/lib/python3.7/site-packages/airflow/example_dags/example_task_group.py
[2023-12-23T18:26:42.174+0000] {processor.py:756} INFO - Processing file /home/airflow/.local/lib/python3.7/site-packages/airflow/example_dags/example_task_group.py for tasks to queue
[2023-12-23T18:26:42.175+0000] {logging_mixin.py:120} INFO - [2023-12-23T18:26:42.175+0000] {dagbag.py:537} INFO - Filling up the DagBag from /home/airflow/.local/lib/python3.7/site-packages/airflow/example_dags/example_task_group.py
[2023-12-23T18:26:42.196+0000] {processor.py:766} INFO - DAG(s) dict_keys(['example_task_group']) retrieved from /home/airflow/.local/lib/python3.7/site-packages/airflow/example_dags/example_task_group.py
[2023-12-23T18:26:42.265+0000] {logging_mixin.py:120} INFO - [2023-12-23T18:26:42.265+0000] {dag.py:2585} INFO - Sync 1 DAGs
[2023-12-23T18:26:42.295+0000] {logging_mixin.py:120} INFO - [2023-12-23T18:26:42.294+0000] {dag.py:3340} INFO - Setting next_dagrun for example_task_group to 2023-12-22T18:26:42.294627+00:00, run_after=2023-12-23T18:26:42.294627+00:00
[2023-12-23T18:26:42.330+0000] {processor.py:176} INFO - Processing /home/airflow/.local/lib/python3.7/site-packages/airflow/example_dags/example_task_group.py took 0.162 seconds
[2023-12-23T18:35:57.962+0000] {processor.py:154} INFO - Started process (PID=61) to work on /home/airflow/.local/lib/python3.7/site-packages/airflow/example_dags/example_task_group.py
[2023-12-23T18:35:57.972+0000] {processor.py:756} INFO - Processing file /home/airflow/.local/lib/python3.7/site-packages/airflow/example_dags/example_task_group.py for tasks to queue
[2023-12-23T18:35:57.973+0000] {logging_mixin.py:120} INFO - [2023-12-23T18:35:57.973+0000] {dagbag.py:537} INFO - Filling up the DagBag from /home/airflow/.local/lib/python3.7/site-packages/airflow/example_dags/example_task_group.py
[2023-12-23T18:35:57.993+0000] {processor.py:766} INFO - DAG(s) dict_keys(['example_task_group']) retrieved from /home/airflow/.local/lib/python3.7/site-packages/airflow/example_dags/example_task_group.py
[2023-12-23T18:35:58.023+0000] {logging_mixin.py:120} INFO - [2023-12-23T18:35:58.023+0000] {dag.py:2585} INFO - Sync 1 DAGs
[2023-12-23T18:35:58.060+0000] {logging_mixin.py:120} INFO - [2023-12-23T18:35:58.060+0000] {dag.py:3340} INFO - Setting next_dagrun for example_task_group to 2023-12-22T18:35:58.060389+00:00, run_after=2023-12-23T18:35:58.060389+00:00
[2023-12-23T18:35:58.091+0000] {processor.py:176} INFO - Processing /home/airflow/.local/lib/python3.7/site-packages/airflow/example_dags/example_task_group.py took 0.132 seconds
[2023-12-23T18:36:28.401+0000] {processor.py:154} INFO - Started process (PID=123) to work on /home/airflow/.local/lib/python3.7/site-packages/airflow/example_dags/example_task_group.py
[2023-12-23T18:36:28.402+0000] {processor.py:756} INFO - Processing file /home/airflow/.local/lib/python3.7/site-packages/airflow/example_dags/example_task_group.py for tasks to queue
[2023-12-23T18:36:28.402+0000] {logging_mixin.py:120} INFO - [2023-12-23T18:36:28.402+0000] {dagbag.py:537} INFO - Filling up the DagBag from /home/airflow/.local/lib/python3.7/site-packages/airflow/example_dags/example_task_group.py
[2023-12-23T18:36:28.416+0000] {processor.py:766} INFO - DAG(s) dict_keys(['example_task_group']) retrieved from /home/airflow/.local/lib/python3.7/site-packages/airflow/example_dags/example_task_group.py
[2023-12-23T18:36:28.451+0000] {logging_mixin.py:120} INFO - [2023-12-23T18:36:28.451+0000] {dag.py:2585} INFO - Sync 1 DAGs
[2023-12-23T18:36:28.483+0000] {logging_mixin.py:120} INFO - [2023-12-23T18:36:28.483+0000] {dag.py:3340} INFO - Setting next_dagrun for example_task_group to 2023-12-22T18:36:28.483343+00:00, run_after=2023-12-23T18:36:28.483343+00:00
[2023-12-23T18:36:28.511+0000] {processor.py:176} INFO - Processing /home/airflow/.local/lib/python3.7/site-packages/airflow/example_dags/example_task_group.py took 0.112 seconds
