[2023-12-23T18:12:48.917+0000] {processor.py:154} INFO - Started process (PID=71) to work on /home/airflow/.local/lib/python3.7/site-packages/airflow/example_dags/example_short_circuit_operator.py
[2023-12-23T18:12:48.917+0000] {processor.py:756} INFO - Processing file /home/airflow/.local/lib/python3.7/site-packages/airflow/example_dags/example_short_circuit_operator.py for tasks to queue
[2023-12-23T18:12:48.918+0000] {logging_mixin.py:120} INFO - [2023-12-23T18:12:48.918+0000] {dagbag.py:537} INFO - Filling up the DagBag from /home/airflow/.local/lib/python3.7/site-packages/airflow/example_dags/example_short_circuit_operator.py
[2023-12-23T18:12:48.939+0000] {processor.py:766} INFO - DAG(s) dict_keys(['example_short_circuit_operator']) retrieved from /home/airflow/.local/lib/python3.7/site-packages/airflow/example_dags/example_short_circuit_operator.py
[2023-12-23T18:12:48.990+0000] {logging_mixin.py:120} INFO - [2023-12-23T18:12:48.990+0000] {dag.py:2585} INFO - Sync 1 DAGs
[2023-12-23T18:12:49.022+0000] {logging_mixin.py:120} INFO - [2023-12-23T18:12:49.022+0000] {dag.py:3340} INFO - Setting next_dagrun for example_short_circuit_operator to 2023-12-22T18:12:49.022142+00:00, run_after=2023-12-23T18:12:49.022142+00:00
[2023-12-23T18:12:49.064+0000] {processor.py:176} INFO - Processing /home/airflow/.local/lib/python3.7/site-packages/airflow/example_dags/example_short_circuit_operator.py took 0.151 seconds
[2023-12-23T18:13:20.053+0000] {processor.py:154} INFO - Started process (PID=134) to work on /home/airflow/.local/lib/python3.7/site-packages/airflow/example_dags/example_short_circuit_operator.py
[2023-12-23T18:13:20.053+0000] {processor.py:756} INFO - Processing file /home/airflow/.local/lib/python3.7/site-packages/airflow/example_dags/example_short_circuit_operator.py for tasks to queue
[2023-12-23T18:13:20.054+0000] {logging_mixin.py:120} INFO - [2023-12-23T18:13:20.054+0000] {dagbag.py:537} INFO - Filling up the DagBag from /home/airflow/.local/lib/python3.7/site-packages/airflow/example_dags/example_short_circuit_operator.py
[2023-12-23T18:13:20.075+0000] {processor.py:766} INFO - DAG(s) dict_keys(['example_short_circuit_operator']) retrieved from /home/airflow/.local/lib/python3.7/site-packages/airflow/example_dags/example_short_circuit_operator.py
[2023-12-23T18:13:20.127+0000] {logging_mixin.py:120} INFO - [2023-12-23T18:13:20.127+0000] {dag.py:2585} INFO - Sync 1 DAGs
[2023-12-23T18:13:20.158+0000] {logging_mixin.py:120} INFO - [2023-12-23T18:13:20.158+0000] {dag.py:3340} INFO - Setting next_dagrun for example_short_circuit_operator to 2023-12-22T18:13:20.158007+00:00, run_after=2023-12-23T18:13:20.158007+00:00
[2023-12-23T18:13:20.185+0000] {processor.py:176} INFO - Processing /home/airflow/.local/lib/python3.7/site-packages/airflow/example_dags/example_short_circuit_operator.py took 0.137 seconds
[2023-12-23T18:13:50.923+0000] {processor.py:154} INFO - Started process (PID=197) to work on /home/airflow/.local/lib/python3.7/site-packages/airflow/example_dags/example_short_circuit_operator.py
[2023-12-23T18:13:50.924+0000] {processor.py:756} INFO - Processing file /home/airflow/.local/lib/python3.7/site-packages/airflow/example_dags/example_short_circuit_operator.py for tasks to queue
[2023-12-23T18:13:50.927+0000] {logging_mixin.py:120} INFO - [2023-12-23T18:13:50.925+0000] {dagbag.py:537} INFO - Filling up the DagBag from /home/airflow/.local/lib/python3.7/site-packages/airflow/example_dags/example_short_circuit_operator.py
[2023-12-23T18:13:50.949+0000] {processor.py:766} INFO - DAG(s) dict_keys(['example_short_circuit_operator']) retrieved from /home/airflow/.local/lib/python3.7/site-packages/airflow/example_dags/example_short_circuit_operator.py
[2023-12-23T18:13:51.002+0000] {logging_mixin.py:120} INFO - [2023-12-23T18:13:51.001+0000] {dag.py:2585} INFO - Sync 1 DAGs
[2023-12-23T18:13:51.036+0000] {logging_mixin.py:120} INFO - [2023-12-23T18:13:51.036+0000] {dag.py:3340} INFO - Setting next_dagrun for example_short_circuit_operator to 2023-12-22T18:13:51.035890+00:00, run_after=2023-12-23T18:13:51.035890+00:00
[2023-12-23T18:13:51.064+0000] {processor.py:176} INFO - Processing /home/airflow/.local/lib/python3.7/site-packages/airflow/example_dags/example_short_circuit_operator.py took 0.144 seconds
[2023-12-23T18:14:21.798+0000] {processor.py:154} INFO - Started process (PID=251) to work on /home/airflow/.local/lib/python3.7/site-packages/airflow/example_dags/example_short_circuit_operator.py
[2023-12-23T18:14:21.798+0000] {processor.py:756} INFO - Processing file /home/airflow/.local/lib/python3.7/site-packages/airflow/example_dags/example_short_circuit_operator.py for tasks to queue
[2023-12-23T18:14:21.799+0000] {logging_mixin.py:120} INFO - [2023-12-23T18:14:21.799+0000] {dagbag.py:537} INFO - Filling up the DagBag from /home/airflow/.local/lib/python3.7/site-packages/airflow/example_dags/example_short_circuit_operator.py
[2023-12-23T18:14:21.813+0000] {processor.py:766} INFO - DAG(s) dict_keys(['example_short_circuit_operator']) retrieved from /home/airflow/.local/lib/python3.7/site-packages/airflow/example_dags/example_short_circuit_operator.py
[2023-12-23T18:14:21.849+0000] {logging_mixin.py:120} INFO - [2023-12-23T18:14:21.849+0000] {dag.py:2585} INFO - Sync 1 DAGs
[2023-12-23T18:14:21.878+0000] {logging_mixin.py:120} INFO - [2023-12-23T18:14:21.878+0000] {dag.py:3340} INFO - Setting next_dagrun for example_short_circuit_operator to 2023-12-22T18:14:21.878208+00:00, run_after=2023-12-23T18:14:21.878208+00:00
[2023-12-23T18:14:21.900+0000] {processor.py:176} INFO - Processing /home/airflow/.local/lib/python3.7/site-packages/airflow/example_dags/example_short_circuit_operator.py took 0.105 seconds
[2023-12-23T18:14:52.765+0000] {processor.py:154} INFO - Started process (PID=315) to work on /home/airflow/.local/lib/python3.7/site-packages/airflow/example_dags/example_short_circuit_operator.py
[2023-12-23T18:14:52.766+0000] {processor.py:756} INFO - Processing file /home/airflow/.local/lib/python3.7/site-packages/airflow/example_dags/example_short_circuit_operator.py for tasks to queue
[2023-12-23T18:14:52.766+0000] {logging_mixin.py:120} INFO - [2023-12-23T18:14:52.766+0000] {dagbag.py:537} INFO - Filling up the DagBag from /home/airflow/.local/lib/python3.7/site-packages/airflow/example_dags/example_short_circuit_operator.py
[2023-12-23T18:14:52.781+0000] {processor.py:766} INFO - DAG(s) dict_keys(['example_short_circuit_operator']) retrieved from /home/airflow/.local/lib/python3.7/site-packages/airflow/example_dags/example_short_circuit_operator.py
[2023-12-23T18:14:52.815+0000] {logging_mixin.py:120} INFO - [2023-12-23T18:14:52.815+0000] {dag.py:2585} INFO - Sync 1 DAGs
[2023-12-23T18:14:52.835+0000] {logging_mixin.py:120} INFO - [2023-12-23T18:14:52.835+0000] {dag.py:3340} INFO - Setting next_dagrun for example_short_circuit_operator to 2023-12-22T18:14:52.835103+00:00, run_after=2023-12-23T18:14:52.835103+00:00
[2023-12-23T18:14:52.856+0000] {processor.py:176} INFO - Processing /home/airflow/.local/lib/python3.7/site-packages/airflow/example_dags/example_short_circuit_operator.py took 0.093 seconds
[2023-12-23T18:15:23.062+0000] {processor.py:154} INFO - Started process (PID=378) to work on /home/airflow/.local/lib/python3.7/site-packages/airflow/example_dags/example_short_circuit_operator.py
[2023-12-23T18:15:23.062+0000] {processor.py:756} INFO - Processing file /home/airflow/.local/lib/python3.7/site-packages/airflow/example_dags/example_short_circuit_operator.py for tasks to queue
[2023-12-23T18:15:23.063+0000] {logging_mixin.py:120} INFO - [2023-12-23T18:15:23.063+0000] {dagbag.py:537} INFO - Filling up the DagBag from /home/airflow/.local/lib/python3.7/site-packages/airflow/example_dags/example_short_circuit_operator.py
[2023-12-23T18:15:23.078+0000] {processor.py:766} INFO - DAG(s) dict_keys(['example_short_circuit_operator']) retrieved from /home/airflow/.local/lib/python3.7/site-packages/airflow/example_dags/example_short_circuit_operator.py
[2023-12-23T18:15:23.112+0000] {logging_mixin.py:120} INFO - [2023-12-23T18:15:23.112+0000] {dag.py:2585} INFO - Sync 1 DAGs
[2023-12-23T18:15:23.133+0000] {logging_mixin.py:120} INFO - [2023-12-23T18:15:23.133+0000] {dag.py:3340} INFO - Setting next_dagrun for example_short_circuit_operator to 2023-12-22T18:15:23.133165+00:00, run_after=2023-12-23T18:15:23.133165+00:00
[2023-12-23T18:15:23.155+0000] {processor.py:176} INFO - Processing /home/airflow/.local/lib/python3.7/site-packages/airflow/example_dags/example_short_circuit_operator.py took 0.096 seconds
[2023-12-23T18:15:53.951+0000] {processor.py:154} INFO - Started process (PID=433) to work on /home/airflow/.local/lib/python3.7/site-packages/airflow/example_dags/example_short_circuit_operator.py
[2023-12-23T18:15:53.952+0000] {processor.py:756} INFO - Processing file /home/airflow/.local/lib/python3.7/site-packages/airflow/example_dags/example_short_circuit_operator.py for tasks to queue
[2023-12-23T18:15:53.953+0000] {logging_mixin.py:120} INFO - [2023-12-23T18:15:53.953+0000] {dagbag.py:537} INFO - Filling up the DagBag from /home/airflow/.local/lib/python3.7/site-packages/airflow/example_dags/example_short_circuit_operator.py
[2023-12-23T18:15:53.975+0000] {processor.py:766} INFO - DAG(s) dict_keys(['example_short_circuit_operator']) retrieved from /home/airflow/.local/lib/python3.7/site-packages/airflow/example_dags/example_short_circuit_operator.py
[2023-12-23T18:15:54.028+0000] {logging_mixin.py:120} INFO - [2023-12-23T18:15:54.028+0000] {dag.py:2585} INFO - Sync 1 DAGs
[2023-12-23T18:15:54.070+0000] {logging_mixin.py:120} INFO - [2023-12-23T18:15:54.070+0000] {dag.py:3340} INFO - Setting next_dagrun for example_short_circuit_operator to 2023-12-22T18:15:54.069979+00:00, run_after=2023-12-23T18:15:54.069979+00:00
[2023-12-23T18:15:54.102+0000] {processor.py:176} INFO - Processing /home/airflow/.local/lib/python3.7/site-packages/airflow/example_dags/example_short_circuit_operator.py took 0.154 seconds
[2023-12-23T18:16:24.802+0000] {processor.py:154} INFO - Started process (PID=496) to work on /home/airflow/.local/lib/python3.7/site-packages/airflow/example_dags/example_short_circuit_operator.py
[2023-12-23T18:16:24.802+0000] {processor.py:756} INFO - Processing file /home/airflow/.local/lib/python3.7/site-packages/airflow/example_dags/example_short_circuit_operator.py for tasks to queue
[2023-12-23T18:16:24.803+0000] {logging_mixin.py:120} INFO - [2023-12-23T18:16:24.803+0000] {dagbag.py:537} INFO - Filling up the DagBag from /home/airflow/.local/lib/python3.7/site-packages/airflow/example_dags/example_short_circuit_operator.py
[2023-12-23T18:16:24.818+0000] {processor.py:766} INFO - DAG(s) dict_keys(['example_short_circuit_operator']) retrieved from /home/airflow/.local/lib/python3.7/site-packages/airflow/example_dags/example_short_circuit_operator.py
[2023-12-23T18:16:24.851+0000] {logging_mixin.py:120} INFO - [2023-12-23T18:16:24.851+0000] {dag.py:2585} INFO - Sync 1 DAGs
[2023-12-23T18:16:24.871+0000] {logging_mixin.py:120} INFO - [2023-12-23T18:16:24.871+0000] {dag.py:3340} INFO - Setting next_dagrun for example_short_circuit_operator to 2023-12-22T18:16:24.870923+00:00, run_after=2023-12-23T18:16:24.870923+00:00
[2023-12-23T18:16:24.890+0000] {processor.py:176} INFO - Processing /home/airflow/.local/lib/python3.7/site-packages/airflow/example_dags/example_short_circuit_operator.py took 0.091 seconds
[2023-12-23T18:16:55.534+0000] {processor.py:154} INFO - Started process (PID=560) to work on /home/airflow/.local/lib/python3.7/site-packages/airflow/example_dags/example_short_circuit_operator.py
[2023-12-23T18:16:55.535+0000] {processor.py:756} INFO - Processing file /home/airflow/.local/lib/python3.7/site-packages/airflow/example_dags/example_short_circuit_operator.py for tasks to queue
[2023-12-23T18:16:55.535+0000] {logging_mixin.py:120} INFO - [2023-12-23T18:16:55.535+0000] {dagbag.py:537} INFO - Filling up the DagBag from /home/airflow/.local/lib/python3.7/site-packages/airflow/example_dags/example_short_circuit_operator.py
[2023-12-23T18:16:55.552+0000] {processor.py:766} INFO - DAG(s) dict_keys(['example_short_circuit_operator']) retrieved from /home/airflow/.local/lib/python3.7/site-packages/airflow/example_dags/example_short_circuit_operator.py
[2023-12-23T18:16:55.593+0000] {logging_mixin.py:120} INFO - [2023-12-23T18:16:55.593+0000] {dag.py:2585} INFO - Sync 1 DAGs
[2023-12-23T18:16:55.622+0000] {logging_mixin.py:120} INFO - [2023-12-23T18:16:55.622+0000] {dag.py:3340} INFO - Setting next_dagrun for example_short_circuit_operator to 2023-12-22T18:16:55.622201+00:00, run_after=2023-12-23T18:16:55.622201+00:00
[2023-12-23T18:16:55.648+0000] {processor.py:176} INFO - Processing /home/airflow/.local/lib/python3.7/site-packages/airflow/example_dags/example_short_circuit_operator.py took 0.116 seconds
[2023-12-23T18:17:26.439+0000] {processor.py:154} INFO - Started process (PID=624) to work on /home/airflow/.local/lib/python3.7/site-packages/airflow/example_dags/example_short_circuit_operator.py
[2023-12-23T18:17:26.439+0000] {processor.py:756} INFO - Processing file /home/airflow/.local/lib/python3.7/site-packages/airflow/example_dags/example_short_circuit_operator.py for tasks to queue
[2023-12-23T18:17:26.440+0000] {logging_mixin.py:120} INFO - [2023-12-23T18:17:26.440+0000] {dagbag.py:537} INFO - Filling up the DagBag from /home/airflow/.local/lib/python3.7/site-packages/airflow/example_dags/example_short_circuit_operator.py
[2023-12-23T18:17:26.454+0000] {processor.py:766} INFO - DAG(s) dict_keys(['example_short_circuit_operator']) retrieved from /home/airflow/.local/lib/python3.7/site-packages/airflow/example_dags/example_short_circuit_operator.py
[2023-12-23T18:17:26.488+0000] {logging_mixin.py:120} INFO - [2023-12-23T18:17:26.488+0000] {dag.py:2585} INFO - Sync 1 DAGs
[2023-12-23T18:17:26.508+0000] {logging_mixin.py:120} INFO - [2023-12-23T18:17:26.508+0000] {dag.py:3340} INFO - Setting next_dagrun for example_short_circuit_operator to 2023-12-22T18:17:26.508069+00:00, run_after=2023-12-23T18:17:26.508069+00:00
[2023-12-23T18:17:26.529+0000] {processor.py:176} INFO - Processing /home/airflow/.local/lib/python3.7/site-packages/airflow/example_dags/example_short_circuit_operator.py took 0.093 seconds
[2023-12-23T18:17:57.217+0000] {processor.py:154} INFO - Started process (PID=679) to work on /home/airflow/.local/lib/python3.7/site-packages/airflow/example_dags/example_short_circuit_operator.py
[2023-12-23T18:17:57.217+0000] {processor.py:756} INFO - Processing file /home/airflow/.local/lib/python3.7/site-packages/airflow/example_dags/example_short_circuit_operator.py for tasks to queue
[2023-12-23T18:17:57.218+0000] {logging_mixin.py:120} INFO - [2023-12-23T18:17:57.218+0000] {dagbag.py:537} INFO - Filling up the DagBag from /home/airflow/.local/lib/python3.7/site-packages/airflow/example_dags/example_short_circuit_operator.py
[2023-12-23T18:17:57.232+0000] {processor.py:766} INFO - DAG(s) dict_keys(['example_short_circuit_operator']) retrieved from /home/airflow/.local/lib/python3.7/site-packages/airflow/example_dags/example_short_circuit_operator.py
[2023-12-23T18:17:57.276+0000] {logging_mixin.py:120} INFO - [2023-12-23T18:17:57.276+0000] {dag.py:2585} INFO - Sync 1 DAGs
[2023-12-23T18:17:57.309+0000] {logging_mixin.py:120} INFO - [2023-12-23T18:17:57.309+0000] {dag.py:3340} INFO - Setting next_dagrun for example_short_circuit_operator to 2023-12-22T18:17:57.309339+00:00, run_after=2023-12-23T18:17:57.309339+00:00
[2023-12-23T18:17:57.334+0000] {processor.py:176} INFO - Processing /home/airflow/.local/lib/python3.7/site-packages/airflow/example_dags/example_short_circuit_operator.py took 0.122 seconds
[2023-12-23T18:18:28.037+0000] {processor.py:154} INFO - Started process (PID=743) to work on /home/airflow/.local/lib/python3.7/site-packages/airflow/example_dags/example_short_circuit_operator.py
[2023-12-23T18:18:28.038+0000] {processor.py:756} INFO - Processing file /home/airflow/.local/lib/python3.7/site-packages/airflow/example_dags/example_short_circuit_operator.py for tasks to queue
[2023-12-23T18:18:28.038+0000] {logging_mixin.py:120} INFO - [2023-12-23T18:18:28.038+0000] {dagbag.py:537} INFO - Filling up the DagBag from /home/airflow/.local/lib/python3.7/site-packages/airflow/example_dags/example_short_circuit_operator.py
[2023-12-23T18:18:28.055+0000] {processor.py:766} INFO - DAG(s) dict_keys(['example_short_circuit_operator']) retrieved from /home/airflow/.local/lib/python3.7/site-packages/airflow/example_dags/example_short_circuit_operator.py
[2023-12-23T18:18:28.091+0000] {logging_mixin.py:120} INFO - [2023-12-23T18:18:28.091+0000] {dag.py:2585} INFO - Sync 1 DAGs
[2023-12-23T18:18:28.111+0000] {logging_mixin.py:120} INFO - [2023-12-23T18:18:28.111+0000] {dag.py:3340} INFO - Setting next_dagrun for example_short_circuit_operator to 2023-12-22T18:18:28.111622+00:00, run_after=2023-12-23T18:18:28.111622+00:00
[2023-12-23T18:18:28.134+0000] {processor.py:176} INFO - Processing /home/airflow/.local/lib/python3.7/site-packages/airflow/example_dags/example_short_circuit_operator.py took 0.099 seconds
[2023-12-23T18:18:58.767+0000] {processor.py:154} INFO - Started process (PID=807) to work on /home/airflow/.local/lib/python3.7/site-packages/airflow/example_dags/example_short_circuit_operator.py
[2023-12-23T18:18:58.768+0000] {processor.py:756} INFO - Processing file /home/airflow/.local/lib/python3.7/site-packages/airflow/example_dags/example_short_circuit_operator.py for tasks to queue
[2023-12-23T18:18:58.768+0000] {logging_mixin.py:120} INFO - [2023-12-23T18:18:58.768+0000] {dagbag.py:537} INFO - Filling up the DagBag from /home/airflow/.local/lib/python3.7/site-packages/airflow/example_dags/example_short_circuit_operator.py
[2023-12-23T18:18:58.783+0000] {processor.py:766} INFO - DAG(s) dict_keys(['example_short_circuit_operator']) retrieved from /home/airflow/.local/lib/python3.7/site-packages/airflow/example_dags/example_short_circuit_operator.py
[2023-12-23T18:18:58.820+0000] {logging_mixin.py:120} INFO - [2023-12-23T18:18:58.820+0000] {dag.py:2585} INFO - Sync 1 DAGs
[2023-12-23T18:18:58.841+0000] {logging_mixin.py:120} INFO - [2023-12-23T18:18:58.841+0000] {dag.py:3340} INFO - Setting next_dagrun for example_short_circuit_operator to 2023-12-22T18:18:58.840922+00:00, run_after=2023-12-23T18:18:58.840922+00:00
[2023-12-23T18:18:58.862+0000] {processor.py:176} INFO - Processing /home/airflow/.local/lib/python3.7/site-packages/airflow/example_dags/example_short_circuit_operator.py took 0.097 seconds
[2023-12-23T18:19:29.736+0000] {processor.py:154} INFO - Started process (PID=871) to work on /home/airflow/.local/lib/python3.7/site-packages/airflow/example_dags/example_short_circuit_operator.py
[2023-12-23T18:19:29.737+0000] {processor.py:756} INFO - Processing file /home/airflow/.local/lib/python3.7/site-packages/airflow/example_dags/example_short_circuit_operator.py for tasks to queue
[2023-12-23T18:19:29.738+0000] {logging_mixin.py:120} INFO - [2023-12-23T18:19:29.737+0000] {dagbag.py:537} INFO - Filling up the DagBag from /home/airflow/.local/lib/python3.7/site-packages/airflow/example_dags/example_short_circuit_operator.py
[2023-12-23T18:19:29.752+0000] {processor.py:766} INFO - DAG(s) dict_keys(['example_short_circuit_operator']) retrieved from /home/airflow/.local/lib/python3.7/site-packages/airflow/example_dags/example_short_circuit_operator.py
[2023-12-23T18:19:29.789+0000] {logging_mixin.py:120} INFO - [2023-12-23T18:19:29.789+0000] {dag.py:2585} INFO - Sync 1 DAGs
[2023-12-23T18:19:29.811+0000] {logging_mixin.py:120} INFO - [2023-12-23T18:19:29.811+0000] {dag.py:3340} INFO - Setting next_dagrun for example_short_circuit_operator to 2023-12-22T18:19:29.811680+00:00, run_after=2023-12-23T18:19:29.811680+00:00
[2023-12-23T18:19:29.833+0000] {processor.py:176} INFO - Processing /home/airflow/.local/lib/python3.7/site-packages/airflow/example_dags/example_short_circuit_operator.py took 0.099 seconds
[2023-12-23T18:20:00.421+0000] {processor.py:154} INFO - Started process (PID=926) to work on /home/airflow/.local/lib/python3.7/site-packages/airflow/example_dags/example_short_circuit_operator.py
[2023-12-23T18:20:00.421+0000] {processor.py:756} INFO - Processing file /home/airflow/.local/lib/python3.7/site-packages/airflow/example_dags/example_short_circuit_operator.py for tasks to queue
[2023-12-23T18:20:00.422+0000] {logging_mixin.py:120} INFO - [2023-12-23T18:20:00.422+0000] {dagbag.py:537} INFO - Filling up the DagBag from /home/airflow/.local/lib/python3.7/site-packages/airflow/example_dags/example_short_circuit_operator.py
[2023-12-23T18:20:00.438+0000] {processor.py:766} INFO - DAG(s) dict_keys(['example_short_circuit_operator']) retrieved from /home/airflow/.local/lib/python3.7/site-packages/airflow/example_dags/example_short_circuit_operator.py
[2023-12-23T18:20:00.485+0000] {logging_mixin.py:120} INFO - [2023-12-23T18:20:00.485+0000] {dag.py:2585} INFO - Sync 1 DAGs
[2023-12-23T18:20:00.530+0000] {logging_mixin.py:120} INFO - [2023-12-23T18:20:00.530+0000] {dag.py:3340} INFO - Setting next_dagrun for example_short_circuit_operator to 2023-12-22T18:20:00.530190+00:00, run_after=2023-12-23T18:20:00.530190+00:00
[2023-12-23T18:20:00.558+0000] {processor.py:176} INFO - Processing /home/airflow/.local/lib/python3.7/site-packages/airflow/example_dags/example_short_circuit_operator.py took 0.141 seconds
[2023-12-23T18:21:05.800+0000] {processor.py:154} INFO - Started process (PID=71) to work on /home/airflow/.local/lib/python3.7/site-packages/airflow/example_dags/example_short_circuit_operator.py
[2023-12-23T18:21:05.801+0000] {processor.py:756} INFO - Processing file /home/airflow/.local/lib/python3.7/site-packages/airflow/example_dags/example_short_circuit_operator.py for tasks to queue
[2023-12-23T18:21:05.802+0000] {logging_mixin.py:120} INFO - [2023-12-23T18:21:05.802+0000] {dagbag.py:537} INFO - Filling up the DagBag from /home/airflow/.local/lib/python3.7/site-packages/airflow/example_dags/example_short_circuit_operator.py
[2023-12-23T18:21:05.824+0000] {processor.py:766} INFO - DAG(s) dict_keys(['example_short_circuit_operator']) retrieved from /home/airflow/.local/lib/python3.7/site-packages/airflow/example_dags/example_short_circuit_operator.py
[2023-12-23T18:21:05.858+0000] {logging_mixin.py:120} INFO - [2023-12-23T18:21:05.858+0000] {dag.py:2585} INFO - Sync 1 DAGs
[2023-12-23T18:21:05.894+0000] {logging_mixin.py:120} INFO - [2023-12-23T18:21:05.893+0000] {dag.py:3340} INFO - Setting next_dagrun for example_short_circuit_operator to 2023-12-22T18:21:05.893405+00:00, run_after=2023-12-23T18:21:05.893405+00:00
[2023-12-23T18:21:05.929+0000] {processor.py:176} INFO - Processing /home/airflow/.local/lib/python3.7/site-packages/airflow/example_dags/example_short_circuit_operator.py took 0.135 seconds
[2023-12-23T18:21:36.384+0000] {processor.py:154} INFO - Started process (PID=134) to work on /home/airflow/.local/lib/python3.7/site-packages/airflow/example_dags/example_short_circuit_operator.py
[2023-12-23T18:21:36.385+0000] {processor.py:756} INFO - Processing file /home/airflow/.local/lib/python3.7/site-packages/airflow/example_dags/example_short_circuit_operator.py for tasks to queue
[2023-12-23T18:21:36.385+0000] {logging_mixin.py:120} INFO - [2023-12-23T18:21:36.385+0000] {dagbag.py:537} INFO - Filling up the DagBag from /home/airflow/.local/lib/python3.7/site-packages/airflow/example_dags/example_short_circuit_operator.py
[2023-12-23T18:21:36.407+0000] {processor.py:766} INFO - DAG(s) dict_keys(['example_short_circuit_operator']) retrieved from /home/airflow/.local/lib/python3.7/site-packages/airflow/example_dags/example_short_circuit_operator.py
[2023-12-23T18:21:36.463+0000] {logging_mixin.py:120} INFO - [2023-12-23T18:21:36.462+0000] {dag.py:2585} INFO - Sync 1 DAGs
[2023-12-23T18:21:36.484+0000] {logging_mixin.py:120} INFO - [2023-12-23T18:21:36.484+0000] {dag.py:3340} INFO - Setting next_dagrun for example_short_circuit_operator to 2023-12-22T18:21:36.483994+00:00, run_after=2023-12-23T18:21:36.483994+00:00
[2023-12-23T18:21:36.505+0000] {processor.py:176} INFO - Processing /home/airflow/.local/lib/python3.7/site-packages/airflow/example_dags/example_short_circuit_operator.py took 0.125 seconds
[2023-12-23T18:22:06.683+0000] {processor.py:154} INFO - Started process (PID=191) to work on /home/airflow/.local/lib/python3.7/site-packages/airflow/example_dags/example_short_circuit_operator.py
[2023-12-23T18:22:06.684+0000] {processor.py:756} INFO - Processing file /home/airflow/.local/lib/python3.7/site-packages/airflow/example_dags/example_short_circuit_operator.py for tasks to queue
[2023-12-23T18:22:06.684+0000] {logging_mixin.py:120} INFO - [2023-12-23T18:22:06.684+0000] {dagbag.py:537} INFO - Filling up the DagBag from /home/airflow/.local/lib/python3.7/site-packages/airflow/example_dags/example_short_circuit_operator.py
[2023-12-23T18:22:06.704+0000] {processor.py:766} INFO - DAG(s) dict_keys(['example_short_circuit_operator']) retrieved from /home/airflow/.local/lib/python3.7/site-packages/airflow/example_dags/example_short_circuit_operator.py
[2023-12-23T18:22:06.740+0000] {logging_mixin.py:120} INFO - [2023-12-23T18:22:06.740+0000] {dag.py:2585} INFO - Sync 1 DAGs
[2023-12-23T18:22:06.762+0000] {logging_mixin.py:120} INFO - [2023-12-23T18:22:06.761+0000] {dag.py:3340} INFO - Setting next_dagrun for example_short_circuit_operator to 2023-12-22T18:22:06.761713+00:00, run_after=2023-12-23T18:22:06.761713+00:00
[2023-12-23T18:22:06.784+0000] {processor.py:176} INFO - Processing /home/airflow/.local/lib/python3.7/site-packages/airflow/example_dags/example_short_circuit_operator.py took 0.104 seconds
[2023-12-23T18:22:37.181+0000] {processor.py:154} INFO - Started process (PID=254) to work on /home/airflow/.local/lib/python3.7/site-packages/airflow/example_dags/example_short_circuit_operator.py
[2023-12-23T18:22:37.181+0000] {processor.py:756} INFO - Processing file /home/airflow/.local/lib/python3.7/site-packages/airflow/example_dags/example_short_circuit_operator.py for tasks to queue
[2023-12-23T18:22:37.182+0000] {logging_mixin.py:120} INFO - [2023-12-23T18:22:37.181+0000] {dagbag.py:537} INFO - Filling up the DagBag from /home/airflow/.local/lib/python3.7/site-packages/airflow/example_dags/example_short_circuit_operator.py
[2023-12-23T18:22:37.195+0000] {processor.py:766} INFO - DAG(s) dict_keys(['example_short_circuit_operator']) retrieved from /home/airflow/.local/lib/python3.7/site-packages/airflow/example_dags/example_short_circuit_operator.py
[2023-12-23T18:22:37.230+0000] {logging_mixin.py:120} INFO - [2023-12-23T18:22:37.230+0000] {dag.py:2585} INFO - Sync 1 DAGs
[2023-12-23T18:22:37.251+0000] {logging_mixin.py:120} INFO - [2023-12-23T18:22:37.251+0000] {dag.py:3340} INFO - Setting next_dagrun for example_short_circuit_operator to 2023-12-22T18:22:37.251446+00:00, run_after=2023-12-23T18:22:37.251446+00:00
[2023-12-23T18:22:37.274+0000] {processor.py:176} INFO - Processing /home/airflow/.local/lib/python3.7/site-packages/airflow/example_dags/example_short_circuit_operator.py took 0.096 seconds
[2023-12-23T18:23:07.402+0000] {processor.py:154} INFO - Started process (PID=318) to work on /home/airflow/.local/lib/python3.7/site-packages/airflow/example_dags/example_short_circuit_operator.py
[2023-12-23T18:23:07.403+0000] {processor.py:756} INFO - Processing file /home/airflow/.local/lib/python3.7/site-packages/airflow/example_dags/example_short_circuit_operator.py for tasks to queue
[2023-12-23T18:23:07.404+0000] {logging_mixin.py:120} INFO - [2023-12-23T18:23:07.404+0000] {dagbag.py:537} INFO - Filling up the DagBag from /home/airflow/.local/lib/python3.7/site-packages/airflow/example_dags/example_short_circuit_operator.py
[2023-12-23T18:23:07.423+0000] {processor.py:766} INFO - DAG(s) dict_keys(['example_short_circuit_operator']) retrieved from /home/airflow/.local/lib/python3.7/site-packages/airflow/example_dags/example_short_circuit_operator.py
[2023-12-23T18:23:07.473+0000] {logging_mixin.py:120} INFO - [2023-12-23T18:23:07.473+0000] {dag.py:2585} INFO - Sync 1 DAGs
[2023-12-23T18:23:07.506+0000] {logging_mixin.py:120} INFO - [2023-12-23T18:23:07.506+0000] {dag.py:3340} INFO - Setting next_dagrun for example_short_circuit_operator to 2023-12-22T18:23:07.506296+00:00, run_after=2023-12-23T18:23:07.506296+00:00
[2023-12-23T18:23:07.533+0000] {processor.py:176} INFO - Processing /home/airflow/.local/lib/python3.7/site-packages/airflow/example_dags/example_short_circuit_operator.py took 0.134 seconds
[2023-12-23T18:23:38.221+0000] {processor.py:154} INFO - Started process (PID=373) to work on /home/airflow/.local/lib/python3.7/site-packages/airflow/example_dags/example_short_circuit_operator.py
[2023-12-23T18:23:38.222+0000] {processor.py:756} INFO - Processing file /home/airflow/.local/lib/python3.7/site-packages/airflow/example_dags/example_short_circuit_operator.py for tasks to queue
[2023-12-23T18:23:38.222+0000] {logging_mixin.py:120} INFO - [2023-12-23T18:23:38.222+0000] {dagbag.py:537} INFO - Filling up the DagBag from /home/airflow/.local/lib/python3.7/site-packages/airflow/example_dags/example_short_circuit_operator.py
[2023-12-23T18:23:38.238+0000] {processor.py:766} INFO - DAG(s) dict_keys(['example_short_circuit_operator']) retrieved from /home/airflow/.local/lib/python3.7/site-packages/airflow/example_dags/example_short_circuit_operator.py
[2023-12-23T18:23:38.273+0000] {logging_mixin.py:120} INFO - [2023-12-23T18:23:38.272+0000] {dag.py:2585} INFO - Sync 1 DAGs
[2023-12-23T18:23:38.295+0000] {logging_mixin.py:120} INFO - [2023-12-23T18:23:38.295+0000] {dag.py:3340} INFO - Setting next_dagrun for example_short_circuit_operator to 2023-12-22T18:23:38.294979+00:00, run_after=2023-12-23T18:23:38.294979+00:00
[2023-12-23T18:23:38.318+0000] {processor.py:176} INFO - Processing /home/airflow/.local/lib/python3.7/site-packages/airflow/example_dags/example_short_circuit_operator.py took 0.100 seconds
[2023-12-23T18:24:40.056+0000] {processor.py:154} INFO - Started process (PID=71) to work on /home/airflow/.local/lib/python3.7/site-packages/airflow/example_dags/example_short_circuit_operator.py
[2023-12-23T18:24:40.057+0000] {processor.py:756} INFO - Processing file /home/airflow/.local/lib/python3.7/site-packages/airflow/example_dags/example_short_circuit_operator.py for tasks to queue
[2023-12-23T18:24:40.057+0000] {logging_mixin.py:120} INFO - [2023-12-23T18:24:40.057+0000] {dagbag.py:537} INFO - Filling up the DagBag from /home/airflow/.local/lib/python3.7/site-packages/airflow/example_dags/example_short_circuit_operator.py
[2023-12-23T18:24:40.079+0000] {processor.py:766} INFO - DAG(s) dict_keys(['example_short_circuit_operator']) retrieved from /home/airflow/.local/lib/python3.7/site-packages/airflow/example_dags/example_short_circuit_operator.py
[2023-12-23T18:24:40.107+0000] {logging_mixin.py:120} INFO - [2023-12-23T18:24:40.107+0000] {dag.py:2585} INFO - Sync 1 DAGs
[2023-12-23T18:24:40.136+0000] {logging_mixin.py:120} INFO - [2023-12-23T18:24:40.136+0000] {dag.py:3340} INFO - Setting next_dagrun for example_short_circuit_operator to 2023-12-22T18:24:40.135886+00:00, run_after=2023-12-23T18:24:40.135886+00:00
[2023-12-23T18:24:40.168+0000] {processor.py:176} INFO - Processing /home/airflow/.local/lib/python3.7/site-packages/airflow/example_dags/example_short_circuit_operator.py took 0.116 seconds
[2023-12-23T18:25:10.731+0000] {processor.py:154} INFO - Started process (PID=133) to work on /home/airflow/.local/lib/python3.7/site-packages/airflow/example_dags/example_short_circuit_operator.py
[2023-12-23T18:25:10.732+0000] {processor.py:756} INFO - Processing file /home/airflow/.local/lib/python3.7/site-packages/airflow/example_dags/example_short_circuit_operator.py for tasks to queue
[2023-12-23T18:25:10.733+0000] {logging_mixin.py:120} INFO - [2023-12-23T18:25:10.733+0000] {dagbag.py:537} INFO - Filling up the DagBag from /home/airflow/.local/lib/python3.7/site-packages/airflow/example_dags/example_short_circuit_operator.py
[2023-12-23T18:25:10.758+0000] {processor.py:766} INFO - DAG(s) dict_keys(['example_short_circuit_operator']) retrieved from /home/airflow/.local/lib/python3.7/site-packages/airflow/example_dags/example_short_circuit_operator.py
[2023-12-23T18:25:10.803+0000] {logging_mixin.py:120} INFO - [2023-12-23T18:25:10.803+0000] {dag.py:2585} INFO - Sync 1 DAGs
[2023-12-23T18:25:10.832+0000] {logging_mixin.py:120} INFO - [2023-12-23T18:25:10.832+0000] {dag.py:3340} INFO - Setting next_dagrun for example_short_circuit_operator to 2023-12-22T18:25:10.831834+00:00, run_after=2023-12-23T18:25:10.831834+00:00
[2023-12-23T18:25:10.856+0000] {processor.py:176} INFO - Processing /home/airflow/.local/lib/python3.7/site-packages/airflow/example_dags/example_short_circuit_operator.py took 0.128 seconds
[2023-12-23T18:25:41.203+0000] {processor.py:154} INFO - Started process (PID=189) to work on /home/airflow/.local/lib/python3.7/site-packages/airflow/example_dags/example_short_circuit_operator.py
[2023-12-23T18:25:41.204+0000] {processor.py:756} INFO - Processing file /home/airflow/.local/lib/python3.7/site-packages/airflow/example_dags/example_short_circuit_operator.py for tasks to queue
[2023-12-23T18:25:41.204+0000] {logging_mixin.py:120} INFO - [2023-12-23T18:25:41.204+0000] {dagbag.py:537} INFO - Filling up the DagBag from /home/airflow/.local/lib/python3.7/site-packages/airflow/example_dags/example_short_circuit_operator.py
[2023-12-23T18:25:41.220+0000] {processor.py:766} INFO - DAG(s) dict_keys(['example_short_circuit_operator']) retrieved from /home/airflow/.local/lib/python3.7/site-packages/airflow/example_dags/example_short_circuit_operator.py
[2023-12-23T18:25:41.254+0000] {logging_mixin.py:120} INFO - [2023-12-23T18:25:41.254+0000] {dag.py:2585} INFO - Sync 1 DAGs
[2023-12-23T18:25:41.275+0000] {logging_mixin.py:120} INFO - [2023-12-23T18:25:41.275+0000] {dag.py:3340} INFO - Setting next_dagrun for example_short_circuit_operator to 2023-12-22T18:25:41.275414+00:00, run_after=2023-12-23T18:25:41.275414+00:00
[2023-12-23T18:25:41.298+0000] {processor.py:176} INFO - Processing /home/airflow/.local/lib/python3.7/site-packages/airflow/example_dags/example_short_circuit_operator.py took 0.097 seconds
[2023-12-23T18:26:11.509+0000] {processor.py:154} INFO - Started process (PID=252) to work on /home/airflow/.local/lib/python3.7/site-packages/airflow/example_dags/example_short_circuit_operator.py
[2023-12-23T18:26:11.510+0000] {processor.py:756} INFO - Processing file /home/airflow/.local/lib/python3.7/site-packages/airflow/example_dags/example_short_circuit_operator.py for tasks to queue
[2023-12-23T18:26:11.510+0000] {logging_mixin.py:120} INFO - [2023-12-23T18:26:11.510+0000] {dagbag.py:537} INFO - Filling up the DagBag from /home/airflow/.local/lib/python3.7/site-packages/airflow/example_dags/example_short_circuit_operator.py
[2023-12-23T18:26:11.524+0000] {processor.py:766} INFO - DAG(s) dict_keys(['example_short_circuit_operator']) retrieved from /home/airflow/.local/lib/python3.7/site-packages/airflow/example_dags/example_short_circuit_operator.py
[2023-12-23T18:26:11.565+0000] {logging_mixin.py:120} INFO - [2023-12-23T18:26:11.564+0000] {dag.py:2585} INFO - Sync 1 DAGs
[2023-12-23T18:26:11.585+0000] {logging_mixin.py:120} INFO - [2023-12-23T18:26:11.585+0000] {dag.py:3340} INFO - Setting next_dagrun for example_short_circuit_operator to 2023-12-22T18:26:11.584925+00:00, run_after=2023-12-23T18:26:11.584925+00:00
[2023-12-23T18:26:11.607+0000] {processor.py:176} INFO - Processing /home/airflow/.local/lib/python3.7/site-packages/airflow/example_dags/example_short_circuit_operator.py took 0.100 seconds
[2023-12-23T18:35:58.893+0000] {processor.py:154} INFO - Started process (PID=71) to work on /home/airflow/.local/lib/python3.7/site-packages/airflow/example_dags/example_short_circuit_operator.py
[2023-12-23T18:35:58.894+0000] {processor.py:756} INFO - Processing file /home/airflow/.local/lib/python3.7/site-packages/airflow/example_dags/example_short_circuit_operator.py for tasks to queue
[2023-12-23T18:35:58.894+0000] {logging_mixin.py:120} INFO - [2023-12-23T18:35:58.894+0000] {dagbag.py:537} INFO - Filling up the DagBag from /home/airflow/.local/lib/python3.7/site-packages/airflow/example_dags/example_short_circuit_operator.py
[2023-12-23T18:35:58.914+0000] {processor.py:766} INFO - DAG(s) dict_keys(['example_short_circuit_operator']) retrieved from /home/airflow/.local/lib/python3.7/site-packages/airflow/example_dags/example_short_circuit_operator.py
[2023-12-23T18:35:58.957+0000] {logging_mixin.py:120} INFO - [2023-12-23T18:35:58.957+0000] {dag.py:2585} INFO - Sync 1 DAGs
[2023-12-23T18:35:58.995+0000] {logging_mixin.py:120} INFO - [2023-12-23T18:35:58.995+0000] {dag.py:3340} INFO - Setting next_dagrun for example_short_circuit_operator to 2023-12-22T18:35:58.995499+00:00, run_after=2023-12-23T18:35:58.995499+00:00
[2023-12-23T18:35:59.023+0000] {processor.py:176} INFO - Processing /home/airflow/.local/lib/python3.7/site-packages/airflow/example_dags/example_short_circuit_operator.py took 0.133 seconds
[2023-12-23T18:36:29.151+0000] {processor.py:154} INFO - Started process (PID=132) to work on /home/airflow/.local/lib/python3.7/site-packages/airflow/example_dags/example_short_circuit_operator.py
[2023-12-23T18:36:29.152+0000] {processor.py:756} INFO - Processing file /home/airflow/.local/lib/python3.7/site-packages/airflow/example_dags/example_short_circuit_operator.py for tasks to queue
[2023-12-23T18:36:29.153+0000] {logging_mixin.py:120} INFO - [2023-12-23T18:36:29.153+0000] {dagbag.py:537} INFO - Filling up the DagBag from /home/airflow/.local/lib/python3.7/site-packages/airflow/example_dags/example_short_circuit_operator.py
[2023-12-23T18:36:29.190+0000] {processor.py:766} INFO - DAG(s) dict_keys(['example_short_circuit_operator']) retrieved from /home/airflow/.local/lib/python3.7/site-packages/airflow/example_dags/example_short_circuit_operator.py
[2023-12-23T18:36:29.246+0000] {logging_mixin.py:120} INFO - [2023-12-23T18:36:29.245+0000] {dag.py:2585} INFO - Sync 1 DAGs
[2023-12-23T18:36:29.281+0000] {logging_mixin.py:120} INFO - [2023-12-23T18:36:29.281+0000] {dag.py:3340} INFO - Setting next_dagrun for example_short_circuit_operator to 2023-12-22T18:36:29.281142+00:00, run_after=2023-12-23T18:36:29.281142+00:00
[2023-12-23T18:36:29.309+0000] {processor.py:176} INFO - Processing /home/airflow/.local/lib/python3.7/site-packages/airflow/example_dags/example_short_circuit_operator.py took 0.161 seconds
