[2023-12-23T18:12:47.279+0000] {processor.py:154} INFO - Started process (PID=58) to work on /home/airflow/.local/lib/python3.7/site-packages/airflow/example_dags/example_datasets.py
[2023-12-23T18:12:47.280+0000] {processor.py:756} INFO - Processing file /home/airflow/.local/lib/python3.7/site-packages/airflow/example_dags/example_datasets.py for tasks to queue
[2023-12-23T18:12:47.281+0000] {logging_mixin.py:120} INFO - [2023-12-23T18:12:47.280+0000] {dagbag.py:537} INFO - Filling up the DagBag from /home/airflow/.local/lib/python3.7/site-packages/airflow/example_dags/example_datasets.py
[2023-12-23T18:12:47.303+0000] {processor.py:766} INFO - DAG(s) dict_keys(['dataset_consumes_1_and_2', 'dataset_produces_1', 'dataset_produces_2', 'dataset_consumes_unknown_never_scheduled', 'dataset_consumes_1_never_scheduled', 'dataset_consumes_1']) retrieved from /home/airflow/.local/lib/python3.7/site-packages/airflow/example_dags/example_datasets.py
[2023-12-23T18:12:47.485+0000] {logging_mixin.py:120} INFO - [2023-12-23T18:12:47.485+0000] {dag.py:2585} INFO - Sync 6 DAGs
[2023-12-23T18:12:47.526+0000] {logging_mixin.py:120} INFO - [2023-12-23T18:12:47.526+0000] {dag.py:3340} INFO - Setting next_dagrun for dataset_consumes_1 to None, run_after=None
[2023-12-23T18:12:47.531+0000] {logging_mixin.py:120} INFO - [2023-12-23T18:12:47.531+0000] {dag.py:3340} INFO - Setting next_dagrun for dataset_consumes_1_and_2 to None, run_after=None
[2023-12-23T18:12:47.533+0000] {logging_mixin.py:120} INFO - [2023-12-23T18:12:47.533+0000] {dag.py:3340} INFO - Setting next_dagrun for dataset_consumes_1_never_scheduled to None, run_after=None
[2023-12-23T18:12:47.534+0000] {logging_mixin.py:120} INFO - [2023-12-23T18:12:47.534+0000] {dag.py:3340} INFO - Setting next_dagrun for dataset_consumes_unknown_never_scheduled to None, run_after=None
[2023-12-23T18:12:47.537+0000] {logging_mixin.py:120} INFO - [2023-12-23T18:12:47.537+0000] {dag.py:3340} INFO - Setting next_dagrun for dataset_produces_1 to 2023-12-22T00:00:00+00:00, run_after=2023-12-23T00:00:00+00:00
[2023-12-23T18:12:47.538+0000] {logging_mixin.py:120} INFO - [2023-12-23T18:12:47.538+0000] {dag.py:3340} INFO - Setting next_dagrun for dataset_produces_2 to None, run_after=None
[2023-12-23T18:12:47.574+0000] {processor.py:176} INFO - Processing /home/airflow/.local/lib/python3.7/site-packages/airflow/example_dags/example_datasets.py took 0.299 seconds
[2023-12-23T18:13:18.105+0000] {processor.py:154} INFO - Started process (PID=121) to work on /home/airflow/.local/lib/python3.7/site-packages/airflow/example_dags/example_datasets.py
[2023-12-23T18:13:18.105+0000] {processor.py:756} INFO - Processing file /home/airflow/.local/lib/python3.7/site-packages/airflow/example_dags/example_datasets.py for tasks to queue
[2023-12-23T18:13:18.106+0000] {logging_mixin.py:120} INFO - [2023-12-23T18:13:18.106+0000] {dagbag.py:537} INFO - Filling up the DagBag from /home/airflow/.local/lib/python3.7/site-packages/airflow/example_dags/example_datasets.py
[2023-12-23T18:13:18.121+0000] {processor.py:766} INFO - DAG(s) dict_keys(['dataset_produces_1', 'dataset_consumes_1', 'dataset_consumes_1_and_2', 'dataset_consumes_unknown_never_scheduled', 'dataset_consumes_1_never_scheduled', 'dataset_produces_2']) retrieved from /home/airflow/.local/lib/python3.7/site-packages/airflow/example_dags/example_datasets.py
[2023-12-23T18:13:18.170+0000] {logging_mixin.py:120} INFO - [2023-12-23T18:13:18.170+0000] {dag.py:2585} INFO - Sync 6 DAGs
[2023-12-23T18:13:18.192+0000] {logging_mixin.py:120} INFO - [2023-12-23T18:13:18.192+0000] {dag.py:3340} INFO - Setting next_dagrun for dataset_consumes_1 to None, run_after=None
[2023-12-23T18:13:18.195+0000] {logging_mixin.py:120} INFO - [2023-12-23T18:13:18.195+0000] {dag.py:3340} INFO - Setting next_dagrun for dataset_consumes_1_and_2 to None, run_after=None
[2023-12-23T18:13:18.196+0000] {logging_mixin.py:120} INFO - [2023-12-23T18:13:18.196+0000] {dag.py:3340} INFO - Setting next_dagrun for dataset_consumes_1_never_scheduled to None, run_after=None
[2023-12-23T18:13:18.197+0000] {logging_mixin.py:120} INFO - [2023-12-23T18:13:18.197+0000] {dag.py:3340} INFO - Setting next_dagrun for dataset_consumes_unknown_never_scheduled to None, run_after=None
[2023-12-23T18:13:18.199+0000] {logging_mixin.py:120} INFO - [2023-12-23T18:13:18.199+0000] {dag.py:3340} INFO - Setting next_dagrun for dataset_produces_1 to 2023-12-22T00:00:00+00:00, run_after=2023-12-23T00:00:00+00:00
[2023-12-23T18:13:18.200+0000] {logging_mixin.py:120} INFO - [2023-12-23T18:13:18.200+0000] {dag.py:3340} INFO - Setting next_dagrun for dataset_produces_2 to None, run_after=None
[2023-12-23T18:13:18.235+0000] {processor.py:176} INFO - Processing /home/airflow/.local/lib/python3.7/site-packages/airflow/example_dags/example_datasets.py took 0.133 seconds
[2023-12-23T18:13:48.868+0000] {processor.py:154} INFO - Started process (PID=175) to work on /home/airflow/.local/lib/python3.7/site-packages/airflow/example_dags/example_datasets.py
[2023-12-23T18:13:48.868+0000] {processor.py:756} INFO - Processing file /home/airflow/.local/lib/python3.7/site-packages/airflow/example_dags/example_datasets.py for tasks to queue
[2023-12-23T18:13:48.869+0000] {logging_mixin.py:120} INFO - [2023-12-23T18:13:48.869+0000] {dagbag.py:537} INFO - Filling up the DagBag from /home/airflow/.local/lib/python3.7/site-packages/airflow/example_dags/example_datasets.py
[2023-12-23T18:13:48.883+0000] {processor.py:766} INFO - DAG(s) dict_keys(['dataset_consumes_1', 'dataset_produces_2', 'dataset_consumes_unknown_never_scheduled', 'dataset_consumes_1_and_2', 'dataset_consumes_1_never_scheduled', 'dataset_produces_1']) retrieved from /home/airflow/.local/lib/python3.7/site-packages/airflow/example_dags/example_datasets.py
[2023-12-23T18:13:48.931+0000] {logging_mixin.py:120} INFO - [2023-12-23T18:13:48.931+0000] {dag.py:2585} INFO - Sync 6 DAGs
[2023-12-23T18:13:48.953+0000] {logging_mixin.py:120} INFO - [2023-12-23T18:13:48.953+0000] {dag.py:3340} INFO - Setting next_dagrun for dataset_consumes_1 to None, run_after=None
[2023-12-23T18:13:48.956+0000] {logging_mixin.py:120} INFO - [2023-12-23T18:13:48.956+0000] {dag.py:3340} INFO - Setting next_dagrun for dataset_consumes_1_and_2 to None, run_after=None
[2023-12-23T18:13:48.957+0000] {logging_mixin.py:120} INFO - [2023-12-23T18:13:48.957+0000] {dag.py:3340} INFO - Setting next_dagrun for dataset_consumes_1_never_scheduled to None, run_after=None
[2023-12-23T18:13:48.957+0000] {logging_mixin.py:120} INFO - [2023-12-23T18:13:48.957+0000] {dag.py:3340} INFO - Setting next_dagrun for dataset_consumes_unknown_never_scheduled to None, run_after=None
[2023-12-23T18:13:48.960+0000] {logging_mixin.py:120} INFO - [2023-12-23T18:13:48.959+0000] {dag.py:3340} INFO - Setting next_dagrun for dataset_produces_1 to 2023-12-22T00:00:00+00:00, run_after=2023-12-23T00:00:00+00:00
[2023-12-23T18:13:48.960+0000] {logging_mixin.py:120} INFO - [2023-12-23T18:13:48.960+0000] {dag.py:3340} INFO - Setting next_dagrun for dataset_produces_2 to None, run_after=None
[2023-12-23T18:13:48.988+0000] {processor.py:176} INFO - Processing /home/airflow/.local/lib/python3.7/site-packages/airflow/example_dags/example_datasets.py took 0.122 seconds
[2023-12-23T18:14:19.864+0000] {processor.py:154} INFO - Started process (PID=238) to work on /home/airflow/.local/lib/python3.7/site-packages/airflow/example_dags/example_datasets.py
[2023-12-23T18:14:19.865+0000] {processor.py:756} INFO - Processing file /home/airflow/.local/lib/python3.7/site-packages/airflow/example_dags/example_datasets.py for tasks to queue
[2023-12-23T18:14:19.865+0000] {logging_mixin.py:120} INFO - [2023-12-23T18:14:19.865+0000] {dagbag.py:537} INFO - Filling up the DagBag from /home/airflow/.local/lib/python3.7/site-packages/airflow/example_dags/example_datasets.py
[2023-12-23T18:14:19.879+0000] {processor.py:766} INFO - DAG(s) dict_keys(['dataset_consumes_unknown_never_scheduled', 'dataset_consumes_1_never_scheduled', 'dataset_consumes_1_and_2', 'dataset_consumes_1', 'dataset_produces_1', 'dataset_produces_2']) retrieved from /home/airflow/.local/lib/python3.7/site-packages/airflow/example_dags/example_datasets.py
[2023-12-23T18:14:19.937+0000] {logging_mixin.py:120} INFO - [2023-12-23T18:14:19.937+0000] {dag.py:2585} INFO - Sync 6 DAGs
[2023-12-23T18:14:19.964+0000] {logging_mixin.py:120} INFO - [2023-12-23T18:14:19.964+0000] {dag.py:3340} INFO - Setting next_dagrun for dataset_consumes_1 to None, run_after=None
[2023-12-23T18:14:19.968+0000] {logging_mixin.py:120} INFO - [2023-12-23T18:14:19.968+0000] {dag.py:3340} INFO - Setting next_dagrun for dataset_consumes_1_and_2 to None, run_after=None
[2023-12-23T18:14:19.969+0000] {logging_mixin.py:120} INFO - [2023-12-23T18:14:19.969+0000] {dag.py:3340} INFO - Setting next_dagrun for dataset_consumes_1_never_scheduled to None, run_after=None
[2023-12-23T18:14:19.970+0000] {logging_mixin.py:120} INFO - [2023-12-23T18:14:19.970+0000] {dag.py:3340} INFO - Setting next_dagrun for dataset_consumes_unknown_never_scheduled to None, run_after=None
[2023-12-23T18:14:19.973+0000] {logging_mixin.py:120} INFO - [2023-12-23T18:14:19.973+0000] {dag.py:3340} INFO - Setting next_dagrun for dataset_produces_1 to 2023-12-22T00:00:00+00:00, run_after=2023-12-23T00:00:00+00:00
[2023-12-23T18:14:19.975+0000] {logging_mixin.py:120} INFO - [2023-12-23T18:14:19.974+0000] {dag.py:3340} INFO - Setting next_dagrun for dataset_produces_2 to None, run_after=None
[2023-12-23T18:14:20.009+0000] {processor.py:176} INFO - Processing /home/airflow/.local/lib/python3.7/site-packages/airflow/example_dags/example_datasets.py took 0.147 seconds
[2023-12-23T18:14:50.751+0000] {processor.py:154} INFO - Started process (PID=302) to work on /home/airflow/.local/lib/python3.7/site-packages/airflow/example_dags/example_datasets.py
[2023-12-23T18:14:50.752+0000] {processor.py:756} INFO - Processing file /home/airflow/.local/lib/python3.7/site-packages/airflow/example_dags/example_datasets.py for tasks to queue
[2023-12-23T18:14:50.753+0000] {logging_mixin.py:120} INFO - [2023-12-23T18:14:50.753+0000] {dagbag.py:537} INFO - Filling up the DagBag from /home/airflow/.local/lib/python3.7/site-packages/airflow/example_dags/example_datasets.py
[2023-12-23T18:14:50.774+0000] {processor.py:766} INFO - DAG(s) dict_keys(['dataset_produces_2', 'dataset_consumes_1_never_scheduled', 'dataset_produces_1', 'dataset_consumes_1', 'dataset_consumes_1_and_2', 'dataset_consumes_unknown_never_scheduled']) retrieved from /home/airflow/.local/lib/python3.7/site-packages/airflow/example_dags/example_datasets.py
[2023-12-23T18:14:50.843+0000] {logging_mixin.py:120} INFO - [2023-12-23T18:14:50.842+0000] {dag.py:2585} INFO - Sync 6 DAGs
[2023-12-23T18:14:50.877+0000] {logging_mixin.py:120} INFO - [2023-12-23T18:14:50.877+0000] {dag.py:3340} INFO - Setting next_dagrun for dataset_consumes_1 to None, run_after=None
[2023-12-23T18:14:50.884+0000] {logging_mixin.py:120} INFO - [2023-12-23T18:14:50.883+0000] {dag.py:3340} INFO - Setting next_dagrun for dataset_consumes_1_and_2 to None, run_after=None
[2023-12-23T18:14:50.885+0000] {logging_mixin.py:120} INFO - [2023-12-23T18:14:50.885+0000] {dag.py:3340} INFO - Setting next_dagrun for dataset_consumes_1_never_scheduled to None, run_after=None
[2023-12-23T18:14:50.886+0000] {logging_mixin.py:120} INFO - [2023-12-23T18:14:50.886+0000] {dag.py:3340} INFO - Setting next_dagrun for dataset_consumes_unknown_never_scheduled to None, run_after=None
[2023-12-23T18:14:50.890+0000] {logging_mixin.py:120} INFO - [2023-12-23T18:14:50.890+0000] {dag.py:3340} INFO - Setting next_dagrun for dataset_produces_1 to 2023-12-22T00:00:00+00:00, run_after=2023-12-23T00:00:00+00:00
[2023-12-23T18:14:50.891+0000] {logging_mixin.py:120} INFO - [2023-12-23T18:14:50.891+0000] {dag.py:3340} INFO - Setting next_dagrun for dataset_produces_2 to None, run_after=None
[2023-12-23T18:14:50.938+0000] {processor.py:176} INFO - Processing /home/airflow/.local/lib/python3.7/site-packages/airflow/example_dags/example_datasets.py took 0.190 seconds
[2023-12-23T18:15:21.032+0000] {processor.py:154} INFO - Started process (PID=365) to work on /home/airflow/.local/lib/python3.7/site-packages/airflow/example_dags/example_datasets.py
[2023-12-23T18:15:21.033+0000] {processor.py:756} INFO - Processing file /home/airflow/.local/lib/python3.7/site-packages/airflow/example_dags/example_datasets.py for tasks to queue
[2023-12-23T18:15:21.034+0000] {logging_mixin.py:120} INFO - [2023-12-23T18:15:21.034+0000] {dagbag.py:537} INFO - Filling up the DagBag from /home/airflow/.local/lib/python3.7/site-packages/airflow/example_dags/example_datasets.py
[2023-12-23T18:15:21.061+0000] {processor.py:766} INFO - DAG(s) dict_keys(['dataset_produces_1', 'dataset_consumes_1_and_2', 'dataset_consumes_1', 'dataset_consumes_unknown_never_scheduled', 'dataset_consumes_1_never_scheduled', 'dataset_produces_2']) retrieved from /home/airflow/.local/lib/python3.7/site-packages/airflow/example_dags/example_datasets.py
[2023-12-23T18:15:21.132+0000] {logging_mixin.py:120} INFO - [2023-12-23T18:15:21.132+0000] {dag.py:2585} INFO - Sync 6 DAGs
[2023-12-23T18:15:21.167+0000] {logging_mixin.py:120} INFO - [2023-12-23T18:15:21.166+0000] {dag.py:3340} INFO - Setting next_dagrun for dataset_consumes_1 to None, run_after=None
[2023-12-23T18:15:21.170+0000] {logging_mixin.py:120} INFO - [2023-12-23T18:15:21.170+0000] {dag.py:3340} INFO - Setting next_dagrun for dataset_consumes_1_and_2 to None, run_after=None
[2023-12-23T18:15:21.172+0000] {logging_mixin.py:120} INFO - [2023-12-23T18:15:21.171+0000] {dag.py:3340} INFO - Setting next_dagrun for dataset_consumes_1_never_scheduled to None, run_after=None
[2023-12-23T18:15:21.173+0000] {logging_mixin.py:120} INFO - [2023-12-23T18:15:21.173+0000] {dag.py:3340} INFO - Setting next_dagrun for dataset_consumes_unknown_never_scheduled to None, run_after=None
[2023-12-23T18:15:21.176+0000] {logging_mixin.py:120} INFO - [2023-12-23T18:15:21.176+0000] {dag.py:3340} INFO - Setting next_dagrun for dataset_produces_1 to 2023-12-22T00:00:00+00:00, run_after=2023-12-23T00:00:00+00:00
[2023-12-23T18:15:21.177+0000] {logging_mixin.py:120} INFO - [2023-12-23T18:15:21.177+0000] {dag.py:3340} INFO - Setting next_dagrun for dataset_produces_2 to None, run_after=None
[2023-12-23T18:15:21.216+0000] {processor.py:176} INFO - Processing /home/airflow/.local/lib/python3.7/site-packages/airflow/example_dags/example_datasets.py took 0.187 seconds
[2023-12-23T18:15:52.035+0000] {processor.py:154} INFO - Started process (PID=420) to work on /home/airflow/.local/lib/python3.7/site-packages/airflow/example_dags/example_datasets.py
[2023-12-23T18:15:52.036+0000] {processor.py:756} INFO - Processing file /home/airflow/.local/lib/python3.7/site-packages/airflow/example_dags/example_datasets.py for tasks to queue
[2023-12-23T18:15:52.036+0000] {logging_mixin.py:120} INFO - [2023-12-23T18:15:52.036+0000] {dagbag.py:537} INFO - Filling up the DagBag from /home/airflow/.local/lib/python3.7/site-packages/airflow/example_dags/example_datasets.py
[2023-12-23T18:15:52.051+0000] {processor.py:766} INFO - DAG(s) dict_keys(['dataset_consumes_unknown_never_scheduled', 'dataset_consumes_1_and_2', 'dataset_consumes_1_never_scheduled', 'dataset_produces_1', 'dataset_produces_2', 'dataset_consumes_1']) retrieved from /home/airflow/.local/lib/python3.7/site-packages/airflow/example_dags/example_datasets.py
[2023-12-23T18:15:52.100+0000] {logging_mixin.py:120} INFO - [2023-12-23T18:15:52.100+0000] {dag.py:2585} INFO - Sync 6 DAGs
[2023-12-23T18:15:52.123+0000] {logging_mixin.py:120} INFO - [2023-12-23T18:15:52.123+0000] {dag.py:3340} INFO - Setting next_dagrun for dataset_consumes_1 to None, run_after=None
[2023-12-23T18:15:52.126+0000] {logging_mixin.py:120} INFO - [2023-12-23T18:15:52.125+0000] {dag.py:3340} INFO - Setting next_dagrun for dataset_consumes_1_and_2 to None, run_after=None
[2023-12-23T18:15:52.126+0000] {logging_mixin.py:120} INFO - [2023-12-23T18:15:52.126+0000] {dag.py:3340} INFO - Setting next_dagrun for dataset_consumes_1_never_scheduled to None, run_after=None
[2023-12-23T18:15:52.127+0000] {logging_mixin.py:120} INFO - [2023-12-23T18:15:52.127+0000] {dag.py:3340} INFO - Setting next_dagrun for dataset_consumes_unknown_never_scheduled to None, run_after=None
[2023-12-23T18:15:52.129+0000] {logging_mixin.py:120} INFO - [2023-12-23T18:15:52.129+0000] {dag.py:3340} INFO - Setting next_dagrun for dataset_produces_1 to 2023-12-22T00:00:00+00:00, run_after=2023-12-23T00:00:00+00:00
[2023-12-23T18:15:52.130+0000] {logging_mixin.py:120} INFO - [2023-12-23T18:15:52.130+0000] {dag.py:3340} INFO - Setting next_dagrun for dataset_produces_2 to None, run_after=None
[2023-12-23T18:15:52.162+0000] {processor.py:176} INFO - Processing /home/airflow/.local/lib/python3.7/site-packages/airflow/example_dags/example_datasets.py took 0.129 seconds
[2023-12-23T18:16:22.879+0000] {processor.py:154} INFO - Started process (PID=483) to work on /home/airflow/.local/lib/python3.7/site-packages/airflow/example_dags/example_datasets.py
[2023-12-23T18:16:22.880+0000] {processor.py:756} INFO - Processing file /home/airflow/.local/lib/python3.7/site-packages/airflow/example_dags/example_datasets.py for tasks to queue
[2023-12-23T18:16:22.881+0000] {logging_mixin.py:120} INFO - [2023-12-23T18:16:22.881+0000] {dagbag.py:537} INFO - Filling up the DagBag from /home/airflow/.local/lib/python3.7/site-packages/airflow/example_dags/example_datasets.py
[2023-12-23T18:16:22.900+0000] {processor.py:766} INFO - DAG(s) dict_keys(['dataset_produces_1', 'dataset_produces_2', 'dataset_consumes_1', 'dataset_consumes_1_never_scheduled', 'dataset_consumes_unknown_never_scheduled', 'dataset_consumes_1_and_2']) retrieved from /home/airflow/.local/lib/python3.7/site-packages/airflow/example_dags/example_datasets.py
[2023-12-23T18:16:22.953+0000] {logging_mixin.py:120} INFO - [2023-12-23T18:16:22.953+0000] {dag.py:2585} INFO - Sync 6 DAGs
[2023-12-23T18:16:22.980+0000] {logging_mixin.py:120} INFO - [2023-12-23T18:16:22.980+0000] {dag.py:3340} INFO - Setting next_dagrun for dataset_consumes_1 to None, run_after=None
[2023-12-23T18:16:22.983+0000] {logging_mixin.py:120} INFO - [2023-12-23T18:16:22.983+0000] {dag.py:3340} INFO - Setting next_dagrun for dataset_consumes_1_and_2 to None, run_after=None
[2023-12-23T18:16:22.984+0000] {logging_mixin.py:120} INFO - [2023-12-23T18:16:22.984+0000] {dag.py:3340} INFO - Setting next_dagrun for dataset_consumes_1_never_scheduled to None, run_after=None
[2023-12-23T18:16:22.985+0000] {logging_mixin.py:120} INFO - [2023-12-23T18:16:22.985+0000] {dag.py:3340} INFO - Setting next_dagrun for dataset_consumes_unknown_never_scheduled to None, run_after=None
[2023-12-23T18:16:22.988+0000] {logging_mixin.py:120} INFO - [2023-12-23T18:16:22.988+0000] {dag.py:3340} INFO - Setting next_dagrun for dataset_produces_1 to 2023-12-22T00:00:00+00:00, run_after=2023-12-23T00:00:00+00:00
[2023-12-23T18:16:22.989+0000] {logging_mixin.py:120} INFO - [2023-12-23T18:16:22.989+0000] {dag.py:3340} INFO - Setting next_dagrun for dataset_produces_2 to None, run_after=None
[2023-12-23T18:16:23.027+0000] {processor.py:176} INFO - Processing /home/airflow/.local/lib/python3.7/site-packages/airflow/example_dags/example_datasets.py took 0.150 seconds
[2023-12-23T18:16:53.591+0000] {processor.py:154} INFO - Started process (PID=547) to work on /home/airflow/.local/lib/python3.7/site-packages/airflow/example_dags/example_datasets.py
[2023-12-23T18:16:53.592+0000] {processor.py:756} INFO - Processing file /home/airflow/.local/lib/python3.7/site-packages/airflow/example_dags/example_datasets.py for tasks to queue
[2023-12-23T18:16:53.593+0000] {logging_mixin.py:120} INFO - [2023-12-23T18:16:53.593+0000] {dagbag.py:537} INFO - Filling up the DagBag from /home/airflow/.local/lib/python3.7/site-packages/airflow/example_dags/example_datasets.py
[2023-12-23T18:16:53.608+0000] {processor.py:766} INFO - DAG(s) dict_keys(['dataset_consumes_unknown_never_scheduled', 'dataset_consumes_1', 'dataset_produces_1', 'dataset_consumes_1_and_2', 'dataset_consumes_1_never_scheduled', 'dataset_produces_2']) retrieved from /home/airflow/.local/lib/python3.7/site-packages/airflow/example_dags/example_datasets.py
[2023-12-23T18:16:53.657+0000] {logging_mixin.py:120} INFO - [2023-12-23T18:16:53.657+0000] {dag.py:2585} INFO - Sync 6 DAGs
[2023-12-23T18:16:53.686+0000] {logging_mixin.py:120} INFO - [2023-12-23T18:16:53.686+0000] {dag.py:3340} INFO - Setting next_dagrun for dataset_consumes_1 to None, run_after=None
[2023-12-23T18:16:53.690+0000] {logging_mixin.py:120} INFO - [2023-12-23T18:16:53.690+0000] {dag.py:3340} INFO - Setting next_dagrun for dataset_consumes_1_and_2 to None, run_after=None
[2023-12-23T18:16:53.691+0000] {logging_mixin.py:120} INFO - [2023-12-23T18:16:53.691+0000] {dag.py:3340} INFO - Setting next_dagrun for dataset_consumes_1_never_scheduled to None, run_after=None
[2023-12-23T18:16:53.693+0000] {logging_mixin.py:120} INFO - [2023-12-23T18:16:53.693+0000] {dag.py:3340} INFO - Setting next_dagrun for dataset_consumes_unknown_never_scheduled to None, run_after=None
[2023-12-23T18:16:53.696+0000] {logging_mixin.py:120} INFO - [2023-12-23T18:16:53.696+0000] {dag.py:3340} INFO - Setting next_dagrun for dataset_produces_1 to 2023-12-22T00:00:00+00:00, run_after=2023-12-23T00:00:00+00:00
[2023-12-23T18:16:53.698+0000] {logging_mixin.py:120} INFO - [2023-12-23T18:16:53.697+0000] {dag.py:3340} INFO - Setting next_dagrun for dataset_produces_2 to None, run_after=None
[2023-12-23T18:16:53.738+0000] {processor.py:176} INFO - Processing /home/airflow/.local/lib/python3.7/site-packages/airflow/example_dags/example_datasets.py took 0.150 seconds
[2023-12-23T18:17:24.589+0000] {processor.py:154} INFO - Started process (PID=611) to work on /home/airflow/.local/lib/python3.7/site-packages/airflow/example_dags/example_datasets.py
[2023-12-23T18:17:24.589+0000] {processor.py:756} INFO - Processing file /home/airflow/.local/lib/python3.7/site-packages/airflow/example_dags/example_datasets.py for tasks to queue
[2023-12-23T18:17:24.590+0000] {logging_mixin.py:120} INFO - [2023-12-23T18:17:24.590+0000] {dagbag.py:537} INFO - Filling up the DagBag from /home/airflow/.local/lib/python3.7/site-packages/airflow/example_dags/example_datasets.py
[2023-12-23T18:17:24.604+0000] {processor.py:766} INFO - DAG(s) dict_keys(['dataset_consumes_1_and_2', 'dataset_consumes_unknown_never_scheduled', 'dataset_produces_1', 'dataset_produces_2', 'dataset_consumes_1_never_scheduled', 'dataset_consumes_1']) retrieved from /home/airflow/.local/lib/python3.7/site-packages/airflow/example_dags/example_datasets.py
[2023-12-23T18:17:24.654+0000] {logging_mixin.py:120} INFO - [2023-12-23T18:17:24.653+0000] {dag.py:2585} INFO - Sync 6 DAGs
[2023-12-23T18:17:24.675+0000] {logging_mixin.py:120} INFO - [2023-12-23T18:17:24.675+0000] {dag.py:3340} INFO - Setting next_dagrun for dataset_consumes_1 to None, run_after=None
[2023-12-23T18:17:24.677+0000] {logging_mixin.py:120} INFO - [2023-12-23T18:17:24.677+0000] {dag.py:3340} INFO - Setting next_dagrun for dataset_consumes_1_and_2 to None, run_after=None
[2023-12-23T18:17:24.678+0000] {logging_mixin.py:120} INFO - [2023-12-23T18:17:24.678+0000] {dag.py:3340} INFO - Setting next_dagrun for dataset_consumes_1_never_scheduled to None, run_after=None
[2023-12-23T18:17:24.679+0000] {logging_mixin.py:120} INFO - [2023-12-23T18:17:24.679+0000] {dag.py:3340} INFO - Setting next_dagrun for dataset_consumes_unknown_never_scheduled to None, run_after=None
[2023-12-23T18:17:24.682+0000] {logging_mixin.py:120} INFO - [2023-12-23T18:17:24.682+0000] {dag.py:3340} INFO - Setting next_dagrun for dataset_produces_1 to 2023-12-22T00:00:00+00:00, run_after=2023-12-23T00:00:00+00:00
[2023-12-23T18:17:24.683+0000] {logging_mixin.py:120} INFO - [2023-12-23T18:17:24.683+0000] {dag.py:3340} INFO - Setting next_dagrun for dataset_produces_2 to None, run_after=None
[2023-12-23T18:17:24.713+0000] {processor.py:176} INFO - Processing /home/airflow/.local/lib/python3.7/site-packages/airflow/example_dags/example_datasets.py took 0.127 seconds
[2023-12-23T18:17:55.304+0000] {processor.py:154} INFO - Started process (PID=666) to work on /home/airflow/.local/lib/python3.7/site-packages/airflow/example_dags/example_datasets.py
[2023-12-23T18:17:55.305+0000] {processor.py:756} INFO - Processing file /home/airflow/.local/lib/python3.7/site-packages/airflow/example_dags/example_datasets.py for tasks to queue
[2023-12-23T18:17:55.306+0000] {logging_mixin.py:120} INFO - [2023-12-23T18:17:55.306+0000] {dagbag.py:537} INFO - Filling up the DagBag from /home/airflow/.local/lib/python3.7/site-packages/airflow/example_dags/example_datasets.py
[2023-12-23T18:17:55.320+0000] {processor.py:766} INFO - DAG(s) dict_keys(['dataset_consumes_1', 'dataset_produces_2', 'dataset_consumes_1_and_2', 'dataset_produces_1', 'dataset_consumes_unknown_never_scheduled', 'dataset_consumes_1_never_scheduled']) retrieved from /home/airflow/.local/lib/python3.7/site-packages/airflow/example_dags/example_datasets.py
[2023-12-23T18:17:55.364+0000] {logging_mixin.py:120} INFO - [2023-12-23T18:17:55.364+0000] {dag.py:2585} INFO - Sync 6 DAGs
[2023-12-23T18:17:55.394+0000] {logging_mixin.py:120} INFO - [2023-12-23T18:17:55.394+0000] {dag.py:3340} INFO - Setting next_dagrun for dataset_consumes_1 to None, run_after=None
[2023-12-23T18:17:55.398+0000] {logging_mixin.py:120} INFO - [2023-12-23T18:17:55.398+0000] {dag.py:3340} INFO - Setting next_dagrun for dataset_consumes_1_and_2 to None, run_after=None
[2023-12-23T18:17:55.399+0000] {logging_mixin.py:120} INFO - [2023-12-23T18:17:55.399+0000] {dag.py:3340} INFO - Setting next_dagrun for dataset_consumes_1_never_scheduled to None, run_after=None
[2023-12-23T18:17:55.400+0000] {logging_mixin.py:120} INFO - [2023-12-23T18:17:55.399+0000] {dag.py:3340} INFO - Setting next_dagrun for dataset_consumes_unknown_never_scheduled to None, run_after=None
[2023-12-23T18:17:55.402+0000] {logging_mixin.py:120} INFO - [2023-12-23T18:17:55.402+0000] {dag.py:3340} INFO - Setting next_dagrun for dataset_produces_1 to 2023-12-22T00:00:00+00:00, run_after=2023-12-23T00:00:00+00:00
[2023-12-23T18:17:55.403+0000] {logging_mixin.py:120} INFO - [2023-12-23T18:17:55.402+0000] {dag.py:3340} INFO - Setting next_dagrun for dataset_produces_2 to None, run_after=None
[2023-12-23T18:17:55.435+0000] {processor.py:176} INFO - Processing /home/airflow/.local/lib/python3.7/site-packages/airflow/example_dags/example_datasets.py took 0.133 seconds
[2023-12-23T18:18:26.117+0000] {processor.py:154} INFO - Started process (PID=730) to work on /home/airflow/.local/lib/python3.7/site-packages/airflow/example_dags/example_datasets.py
[2023-12-23T18:18:26.118+0000] {processor.py:756} INFO - Processing file /home/airflow/.local/lib/python3.7/site-packages/airflow/example_dags/example_datasets.py for tasks to queue
[2023-12-23T18:18:26.118+0000] {logging_mixin.py:120} INFO - [2023-12-23T18:18:26.118+0000] {dagbag.py:537} INFO - Filling up the DagBag from /home/airflow/.local/lib/python3.7/site-packages/airflow/example_dags/example_datasets.py
[2023-12-23T18:18:26.136+0000] {processor.py:766} INFO - DAG(s) dict_keys(['dataset_consumes_1_and_2', 'dataset_consumes_unknown_never_scheduled', 'dataset_consumes_1', 'dataset_consumes_1_never_scheduled', 'dataset_produces_1', 'dataset_produces_2']) retrieved from /home/airflow/.local/lib/python3.7/site-packages/airflow/example_dags/example_datasets.py
[2023-12-23T18:18:26.185+0000] {logging_mixin.py:120} INFO - [2023-12-23T18:18:26.185+0000] {dag.py:2585} INFO - Sync 6 DAGs
[2023-12-23T18:18:26.206+0000] {logging_mixin.py:120} INFO - [2023-12-23T18:18:26.206+0000] {dag.py:3340} INFO - Setting next_dagrun for dataset_consumes_1 to None, run_after=None
[2023-12-23T18:18:26.209+0000] {logging_mixin.py:120} INFO - [2023-12-23T18:18:26.209+0000] {dag.py:3340} INFO - Setting next_dagrun for dataset_consumes_1_and_2 to None, run_after=None
[2023-12-23T18:18:26.210+0000] {logging_mixin.py:120} INFO - [2023-12-23T18:18:26.210+0000] {dag.py:3340} INFO - Setting next_dagrun for dataset_consumes_1_never_scheduled to None, run_after=None
[2023-12-23T18:18:26.210+0000] {logging_mixin.py:120} INFO - [2023-12-23T18:18:26.210+0000] {dag.py:3340} INFO - Setting next_dagrun for dataset_consumes_unknown_never_scheduled to None, run_after=None
[2023-12-23T18:18:26.213+0000] {logging_mixin.py:120} INFO - [2023-12-23T18:18:26.213+0000] {dag.py:3340} INFO - Setting next_dagrun for dataset_produces_1 to 2023-12-22T00:00:00+00:00, run_after=2023-12-23T00:00:00+00:00
[2023-12-23T18:18:26.214+0000] {logging_mixin.py:120} INFO - [2023-12-23T18:18:26.214+0000] {dag.py:3340} INFO - Setting next_dagrun for dataset_produces_2 to None, run_after=None
[2023-12-23T18:18:26.244+0000] {processor.py:176} INFO - Processing /home/airflow/.local/lib/python3.7/site-packages/airflow/example_dags/example_datasets.py took 0.131 seconds
[2023-12-23T18:18:56.836+0000] {processor.py:154} INFO - Started process (PID=794) to work on /home/airflow/.local/lib/python3.7/site-packages/airflow/example_dags/example_datasets.py
[2023-12-23T18:18:56.836+0000] {processor.py:756} INFO - Processing file /home/airflow/.local/lib/python3.7/site-packages/airflow/example_dags/example_datasets.py for tasks to queue
[2023-12-23T18:18:56.837+0000] {logging_mixin.py:120} INFO - [2023-12-23T18:18:56.837+0000] {dagbag.py:537} INFO - Filling up the DagBag from /home/airflow/.local/lib/python3.7/site-packages/airflow/example_dags/example_datasets.py
[2023-12-23T18:18:56.850+0000] {processor.py:766} INFO - DAG(s) dict_keys(['dataset_consumes_1_never_scheduled', 'dataset_produces_1', 'dataset_consumes_1_and_2', 'dataset_produces_2', 'dataset_consumes_1', 'dataset_consumes_unknown_never_scheduled']) retrieved from /home/airflow/.local/lib/python3.7/site-packages/airflow/example_dags/example_datasets.py
[2023-12-23T18:18:56.900+0000] {logging_mixin.py:120} INFO - [2023-12-23T18:18:56.900+0000] {dag.py:2585} INFO - Sync 6 DAGs
[2023-12-23T18:18:56.923+0000] {logging_mixin.py:120} INFO - [2023-12-23T18:18:56.923+0000] {dag.py:3340} INFO - Setting next_dagrun for dataset_consumes_1 to None, run_after=None
[2023-12-23T18:18:56.927+0000] {logging_mixin.py:120} INFO - [2023-12-23T18:18:56.927+0000] {dag.py:3340} INFO - Setting next_dagrun for dataset_consumes_1_and_2 to None, run_after=None
[2023-12-23T18:18:56.928+0000] {logging_mixin.py:120} INFO - [2023-12-23T18:18:56.928+0000] {dag.py:3340} INFO - Setting next_dagrun for dataset_consumes_1_never_scheduled to None, run_after=None
[2023-12-23T18:18:56.929+0000] {logging_mixin.py:120} INFO - [2023-12-23T18:18:56.929+0000] {dag.py:3340} INFO - Setting next_dagrun for dataset_consumes_unknown_never_scheduled to None, run_after=None
[2023-12-23T18:18:56.931+0000] {logging_mixin.py:120} INFO - [2023-12-23T18:18:56.931+0000] {dag.py:3340} INFO - Setting next_dagrun for dataset_produces_1 to 2023-12-22T00:00:00+00:00, run_after=2023-12-23T00:00:00+00:00
[2023-12-23T18:18:56.932+0000] {logging_mixin.py:120} INFO - [2023-12-23T18:18:56.932+0000] {dag.py:3340} INFO - Setting next_dagrun for dataset_produces_2 to None, run_after=None
[2023-12-23T18:18:56.964+0000] {processor.py:176} INFO - Processing /home/airflow/.local/lib/python3.7/site-packages/airflow/example_dags/example_datasets.py took 0.130 seconds
[2023-12-23T18:19:27.829+0000] {processor.py:154} INFO - Started process (PID=858) to work on /home/airflow/.local/lib/python3.7/site-packages/airflow/example_dags/example_datasets.py
[2023-12-23T18:19:27.830+0000] {processor.py:756} INFO - Processing file /home/airflow/.local/lib/python3.7/site-packages/airflow/example_dags/example_datasets.py for tasks to queue
[2023-12-23T18:19:27.831+0000] {logging_mixin.py:120} INFO - [2023-12-23T18:19:27.830+0000] {dagbag.py:537} INFO - Filling up the DagBag from /home/airflow/.local/lib/python3.7/site-packages/airflow/example_dags/example_datasets.py
[2023-12-23T18:19:27.846+0000] {processor.py:766} INFO - DAG(s) dict_keys(['dataset_produces_2', 'dataset_consumes_1_never_scheduled', 'dataset_consumes_1_and_2', 'dataset_produces_1', 'dataset_consumes_unknown_never_scheduled', 'dataset_consumes_1']) retrieved from /home/airflow/.local/lib/python3.7/site-packages/airflow/example_dags/example_datasets.py
[2023-12-23T18:19:27.911+0000] {logging_mixin.py:120} INFO - [2023-12-23T18:19:27.911+0000] {dag.py:2585} INFO - Sync 6 DAGs
[2023-12-23T18:19:27.946+0000] {logging_mixin.py:120} INFO - [2023-12-23T18:19:27.946+0000] {dag.py:3340} INFO - Setting next_dagrun for dataset_consumes_1 to None, run_after=None
[2023-12-23T18:19:27.950+0000] {logging_mixin.py:120} INFO - [2023-12-23T18:19:27.949+0000] {dag.py:3340} INFO - Setting next_dagrun for dataset_consumes_1_and_2 to None, run_after=None
[2023-12-23T18:19:27.951+0000] {logging_mixin.py:120} INFO - [2023-12-23T18:19:27.951+0000] {dag.py:3340} INFO - Setting next_dagrun for dataset_consumes_1_never_scheduled to None, run_after=None
[2023-12-23T18:19:27.952+0000] {logging_mixin.py:120} INFO - [2023-12-23T18:19:27.952+0000] {dag.py:3340} INFO - Setting next_dagrun for dataset_consumes_unknown_never_scheduled to None, run_after=None
[2023-12-23T18:19:27.956+0000] {logging_mixin.py:120} INFO - [2023-12-23T18:19:27.956+0000] {dag.py:3340} INFO - Setting next_dagrun for dataset_produces_1 to 2023-12-22T00:00:00+00:00, run_after=2023-12-23T00:00:00+00:00
[2023-12-23T18:19:27.957+0000] {logging_mixin.py:120} INFO - [2023-12-23T18:19:27.957+0000] {dag.py:3340} INFO - Setting next_dagrun for dataset_produces_2 to None, run_after=None
[2023-12-23T18:19:27.996+0000] {processor.py:176} INFO - Processing /home/airflow/.local/lib/python3.7/site-packages/airflow/example_dags/example_datasets.py took 0.170 seconds
[2023-12-23T18:19:58.485+0000] {processor.py:154} INFO - Started process (PID=913) to work on /home/airflow/.local/lib/python3.7/site-packages/airflow/example_dags/example_datasets.py
[2023-12-23T18:19:58.486+0000] {processor.py:756} INFO - Processing file /home/airflow/.local/lib/python3.7/site-packages/airflow/example_dags/example_datasets.py for tasks to queue
[2023-12-23T18:19:58.486+0000] {logging_mixin.py:120} INFO - [2023-12-23T18:19:58.486+0000] {dagbag.py:537} INFO - Filling up the DagBag from /home/airflow/.local/lib/python3.7/site-packages/airflow/example_dags/example_datasets.py
[2023-12-23T18:19:58.500+0000] {processor.py:766} INFO - DAG(s) dict_keys(['dataset_produces_1', 'dataset_produces_2', 'dataset_consumes_1_never_scheduled', 'dataset_consumes_unknown_never_scheduled', 'dataset_consumes_1', 'dataset_consumes_1_and_2']) retrieved from /home/airflow/.local/lib/python3.7/site-packages/airflow/example_dags/example_datasets.py
[2023-12-23T18:19:58.544+0000] {logging_mixin.py:120} INFO - [2023-12-23T18:19:58.544+0000] {dag.py:2585} INFO - Sync 6 DAGs
[2023-12-23T18:19:58.568+0000] {logging_mixin.py:120} INFO - [2023-12-23T18:19:58.568+0000] {dag.py:3340} INFO - Setting next_dagrun for dataset_consumes_1 to None, run_after=None
[2023-12-23T18:19:58.571+0000] {logging_mixin.py:120} INFO - [2023-12-23T18:19:58.570+0000] {dag.py:3340} INFO - Setting next_dagrun for dataset_consumes_1_and_2 to None, run_after=None
[2023-12-23T18:19:58.571+0000] {logging_mixin.py:120} INFO - [2023-12-23T18:19:58.571+0000] {dag.py:3340} INFO - Setting next_dagrun for dataset_consumes_1_never_scheduled to None, run_after=None
[2023-12-23T18:19:58.572+0000] {logging_mixin.py:120} INFO - [2023-12-23T18:19:58.572+0000] {dag.py:3340} INFO - Setting next_dagrun for dataset_consumes_unknown_never_scheduled to None, run_after=None
[2023-12-23T18:19:58.575+0000] {logging_mixin.py:120} INFO - [2023-12-23T18:19:58.575+0000] {dag.py:3340} INFO - Setting next_dagrun for dataset_produces_1 to 2023-12-22T00:00:00+00:00, run_after=2023-12-23T00:00:00+00:00
[2023-12-23T18:19:58.576+0000] {logging_mixin.py:120} INFO - [2023-12-23T18:19:58.576+0000] {dag.py:3340} INFO - Setting next_dagrun for dataset_produces_2 to None, run_after=None
[2023-12-23T18:19:58.617+0000] {processor.py:176} INFO - Processing /home/airflow/.local/lib/python3.7/site-packages/airflow/example_dags/example_datasets.py took 0.134 seconds
[2023-12-23T18:21:04.521+0000] {processor.py:154} INFO - Started process (PID=58) to work on /home/airflow/.local/lib/python3.7/site-packages/airflow/example_dags/example_datasets.py
[2023-12-23T18:21:04.528+0000] {processor.py:756} INFO - Processing file /home/airflow/.local/lib/python3.7/site-packages/airflow/example_dags/example_datasets.py for tasks to queue
[2023-12-23T18:21:04.529+0000] {logging_mixin.py:120} INFO - [2023-12-23T18:21:04.528+0000] {dagbag.py:537} INFO - Filling up the DagBag from /home/airflow/.local/lib/python3.7/site-packages/airflow/example_dags/example_datasets.py
[2023-12-23T18:21:04.551+0000] {processor.py:766} INFO - DAG(s) dict_keys(['dataset_produces_1', 'dataset_produces_2', 'dataset_consumes_1', 'dataset_consumes_unknown_never_scheduled', 'dataset_consumes_1_and_2', 'dataset_consumes_1_never_scheduled']) retrieved from /home/airflow/.local/lib/python3.7/site-packages/airflow/example_dags/example_datasets.py
[2023-12-23T18:21:04.597+0000] {logging_mixin.py:120} INFO - [2023-12-23T18:21:04.597+0000] {dag.py:2585} INFO - Sync 6 DAGs
[2023-12-23T18:21:04.636+0000] {logging_mixin.py:120} INFO - [2023-12-23T18:21:04.636+0000] {dag.py:3340} INFO - Setting next_dagrun for dataset_consumes_1 to None, run_after=None
[2023-12-23T18:21:04.640+0000] {logging_mixin.py:120} INFO - [2023-12-23T18:21:04.640+0000] {dag.py:3340} INFO - Setting next_dagrun for dataset_consumes_1_and_2 to None, run_after=None
[2023-12-23T18:21:04.642+0000] {logging_mixin.py:120} INFO - [2023-12-23T18:21:04.642+0000] {dag.py:3340} INFO - Setting next_dagrun for dataset_consumes_1_never_scheduled to None, run_after=None
[2023-12-23T18:21:04.643+0000] {logging_mixin.py:120} INFO - [2023-12-23T18:21:04.643+0000] {dag.py:3340} INFO - Setting next_dagrun for dataset_consumes_unknown_never_scheduled to None, run_after=None
[2023-12-23T18:21:04.646+0000] {logging_mixin.py:120} INFO - [2023-12-23T18:21:04.646+0000] {dag.py:3340} INFO - Setting next_dagrun for dataset_produces_1 to 2023-12-22T00:00:00+00:00, run_after=2023-12-23T00:00:00+00:00
[2023-12-23T18:21:04.648+0000] {logging_mixin.py:120} INFO - [2023-12-23T18:21:04.648+0000] {dag.py:3340} INFO - Setting next_dagrun for dataset_produces_2 to None, run_after=None
[2023-12-23T18:21:04.694+0000] {processor.py:176} INFO - Processing /home/airflow/.local/lib/python3.7/site-packages/airflow/example_dags/example_datasets.py took 0.176 seconds
[2023-12-23T18:21:35.025+0000] {processor.py:154} INFO - Started process (PID=121) to work on /home/airflow/.local/lib/python3.7/site-packages/airflow/example_dags/example_datasets.py
[2023-12-23T18:21:35.026+0000] {processor.py:756} INFO - Processing file /home/airflow/.local/lib/python3.7/site-packages/airflow/example_dags/example_datasets.py for tasks to queue
[2023-12-23T18:21:35.026+0000] {logging_mixin.py:120} INFO - [2023-12-23T18:21:35.026+0000] {dagbag.py:537} INFO - Filling up the DagBag from /home/airflow/.local/lib/python3.7/site-packages/airflow/example_dags/example_datasets.py
[2023-12-23T18:21:35.046+0000] {processor.py:766} INFO - DAG(s) dict_keys(['dataset_consumes_1_and_2', 'dataset_consumes_unknown_never_scheduled', 'dataset_produces_2', 'dataset_produces_1', 'dataset_consumes_1', 'dataset_consumes_1_never_scheduled']) retrieved from /home/airflow/.local/lib/python3.7/site-packages/airflow/example_dags/example_datasets.py
[2023-12-23T18:21:35.179+0000] {logging_mixin.py:120} INFO - [2023-12-23T18:21:35.179+0000] {dag.py:2585} INFO - Sync 6 DAGs
[2023-12-23T18:21:35.211+0000] {logging_mixin.py:120} INFO - [2023-12-23T18:21:35.210+0000] {dag.py:3340} INFO - Setting next_dagrun for dataset_consumes_1 to None, run_after=None
[2023-12-23T18:21:35.214+0000] {logging_mixin.py:120} INFO - [2023-12-23T18:21:35.214+0000] {dag.py:3340} INFO - Setting next_dagrun for dataset_consumes_1_and_2 to None, run_after=None
[2023-12-23T18:21:35.215+0000] {logging_mixin.py:120} INFO - [2023-12-23T18:21:35.215+0000] {dag.py:3340} INFO - Setting next_dagrun for dataset_consumes_1_never_scheduled to None, run_after=None
[2023-12-23T18:21:35.217+0000] {logging_mixin.py:120} INFO - [2023-12-23T18:21:35.216+0000] {dag.py:3340} INFO - Setting next_dagrun for dataset_consumes_unknown_never_scheduled to None, run_after=None
[2023-12-23T18:21:35.220+0000] {logging_mixin.py:120} INFO - [2023-12-23T18:21:35.220+0000] {dag.py:3340} INFO - Setting next_dagrun for dataset_produces_1 to 2023-12-22T00:00:00+00:00, run_after=2023-12-23T00:00:00+00:00
[2023-12-23T18:21:35.221+0000] {logging_mixin.py:120} INFO - [2023-12-23T18:21:35.221+0000] {dag.py:3340} INFO - Setting next_dagrun for dataset_produces_2 to None, run_after=None
[2023-12-23T18:21:35.278+0000] {processor.py:176} INFO - Processing /home/airflow/.local/lib/python3.7/site-packages/airflow/example_dags/example_datasets.py took 0.257 seconds
[2023-12-23T18:22:05.680+0000] {processor.py:154} INFO - Started process (PID=178) to work on /home/airflow/.local/lib/python3.7/site-packages/airflow/example_dags/example_datasets.py
[2023-12-23T18:22:05.681+0000] {processor.py:756} INFO - Processing file /home/airflow/.local/lib/python3.7/site-packages/airflow/example_dags/example_datasets.py for tasks to queue
[2023-12-23T18:22:05.682+0000] {logging_mixin.py:120} INFO - [2023-12-23T18:22:05.681+0000] {dagbag.py:537} INFO - Filling up the DagBag from /home/airflow/.local/lib/python3.7/site-packages/airflow/example_dags/example_datasets.py
[2023-12-23T18:22:05.708+0000] {processor.py:766} INFO - DAG(s) dict_keys(['dataset_consumes_1_never_scheduled', 'dataset_consumes_1_and_2', 'dataset_consumes_1', 'dataset_produces_2', 'dataset_consumes_unknown_never_scheduled', 'dataset_produces_1']) retrieved from /home/airflow/.local/lib/python3.7/site-packages/airflow/example_dags/example_datasets.py
[2023-12-23T18:22:05.764+0000] {logging_mixin.py:120} INFO - [2023-12-23T18:22:05.764+0000] {dag.py:2585} INFO - Sync 6 DAGs
[2023-12-23T18:22:05.791+0000] {logging_mixin.py:120} INFO - [2023-12-23T18:22:05.791+0000] {dag.py:3340} INFO - Setting next_dagrun for dataset_consumes_1 to None, run_after=None
[2023-12-23T18:22:05.793+0000] {logging_mixin.py:120} INFO - [2023-12-23T18:22:05.793+0000] {dag.py:3340} INFO - Setting next_dagrun for dataset_consumes_1_and_2 to None, run_after=None
[2023-12-23T18:22:05.794+0000] {logging_mixin.py:120} INFO - [2023-12-23T18:22:05.794+0000] {dag.py:3340} INFO - Setting next_dagrun for dataset_consumes_1_never_scheduled to None, run_after=None
[2023-12-23T18:22:05.795+0000] {logging_mixin.py:120} INFO - [2023-12-23T18:22:05.795+0000] {dag.py:3340} INFO - Setting next_dagrun for dataset_consumes_unknown_never_scheduled to None, run_after=None
[2023-12-23T18:22:05.798+0000] {logging_mixin.py:120} INFO - [2023-12-23T18:22:05.797+0000] {dag.py:3340} INFO - Setting next_dagrun for dataset_produces_1 to 2023-12-22T00:00:00+00:00, run_after=2023-12-23T00:00:00+00:00
[2023-12-23T18:22:05.798+0000] {logging_mixin.py:120} INFO - [2023-12-23T18:22:05.798+0000] {dag.py:3340} INFO - Setting next_dagrun for dataset_produces_2 to None, run_after=None
[2023-12-23T18:22:05.835+0000] {processor.py:176} INFO - Processing /home/airflow/.local/lib/python3.7/site-packages/airflow/example_dags/example_datasets.py took 0.159 seconds
[2023-12-23T18:22:36.011+0000] {processor.py:154} INFO - Started process (PID=241) to work on /home/airflow/.local/lib/python3.7/site-packages/airflow/example_dags/example_datasets.py
[2023-12-23T18:22:36.012+0000] {processor.py:756} INFO - Processing file /home/airflow/.local/lib/python3.7/site-packages/airflow/example_dags/example_datasets.py for tasks to queue
[2023-12-23T18:22:36.012+0000] {logging_mixin.py:120} INFO - [2023-12-23T18:22:36.012+0000] {dagbag.py:537} INFO - Filling up the DagBag from /home/airflow/.local/lib/python3.7/site-packages/airflow/example_dags/example_datasets.py
[2023-12-23T18:22:36.027+0000] {processor.py:766} INFO - DAG(s) dict_keys(['dataset_consumes_1', 'dataset_consumes_1_and_2', 'dataset_produces_1', 'dataset_produces_2', 'dataset_consumes_unknown_never_scheduled', 'dataset_consumes_1_never_scheduled']) retrieved from /home/airflow/.local/lib/python3.7/site-packages/airflow/example_dags/example_datasets.py
[2023-12-23T18:22:36.075+0000] {logging_mixin.py:120} INFO - [2023-12-23T18:22:36.075+0000] {dag.py:2585} INFO - Sync 6 DAGs
[2023-12-23T18:22:36.096+0000] {logging_mixin.py:120} INFO - [2023-12-23T18:22:36.096+0000] {dag.py:3340} INFO - Setting next_dagrun for dataset_consumes_1 to None, run_after=None
[2023-12-23T18:22:36.099+0000] {logging_mixin.py:120} INFO - [2023-12-23T18:22:36.099+0000] {dag.py:3340} INFO - Setting next_dagrun for dataset_consumes_1_and_2 to None, run_after=None
[2023-12-23T18:22:36.100+0000] {logging_mixin.py:120} INFO - [2023-12-23T18:22:36.100+0000] {dag.py:3340} INFO - Setting next_dagrun for dataset_consumes_1_never_scheduled to None, run_after=None
[2023-12-23T18:22:36.101+0000] {logging_mixin.py:120} INFO - [2023-12-23T18:22:36.100+0000] {dag.py:3340} INFO - Setting next_dagrun for dataset_consumes_unknown_never_scheduled to None, run_after=None
[2023-12-23T18:22:36.103+0000] {logging_mixin.py:120} INFO - [2023-12-23T18:22:36.103+0000] {dag.py:3340} INFO - Setting next_dagrun for dataset_produces_1 to 2023-12-22T00:00:00+00:00, run_after=2023-12-23T00:00:00+00:00
[2023-12-23T18:22:36.103+0000] {logging_mixin.py:120} INFO - [2023-12-23T18:22:36.103+0000] {dag.py:3340} INFO - Setting next_dagrun for dataset_produces_2 to None, run_after=None
[2023-12-23T18:22:36.133+0000] {processor.py:176} INFO - Processing /home/airflow/.local/lib/python3.7/site-packages/airflow/example_dags/example_datasets.py took 0.125 seconds
[2023-12-23T18:23:06.438+0000] {processor.py:154} INFO - Started process (PID=305) to work on /home/airflow/.local/lib/python3.7/site-packages/airflow/example_dags/example_datasets.py
[2023-12-23T18:23:06.439+0000] {processor.py:756} INFO - Processing file /home/airflow/.local/lib/python3.7/site-packages/airflow/example_dags/example_datasets.py for tasks to queue
[2023-12-23T18:23:06.440+0000] {logging_mixin.py:120} INFO - [2023-12-23T18:23:06.440+0000] {dagbag.py:537} INFO - Filling up the DagBag from /home/airflow/.local/lib/python3.7/site-packages/airflow/example_dags/example_datasets.py
[2023-12-23T18:23:06.460+0000] {processor.py:766} INFO - DAG(s) dict_keys(['dataset_consumes_1_and_2', 'dataset_produces_2', 'dataset_produces_1', 'dataset_consumes_1_never_scheduled', 'dataset_consumes_unknown_never_scheduled', 'dataset_consumes_1']) retrieved from /home/airflow/.local/lib/python3.7/site-packages/airflow/example_dags/example_datasets.py
[2023-12-23T18:23:06.527+0000] {logging_mixin.py:120} INFO - [2023-12-23T18:23:06.526+0000] {dag.py:2585} INFO - Sync 6 DAGs
[2023-12-23T18:23:06.562+0000] {logging_mixin.py:120} INFO - [2023-12-23T18:23:06.562+0000] {dag.py:3340} INFO - Setting next_dagrun for dataset_consumes_1 to None, run_after=None
[2023-12-23T18:23:06.566+0000] {logging_mixin.py:120} INFO - [2023-12-23T18:23:06.566+0000] {dag.py:3340} INFO - Setting next_dagrun for dataset_consumes_1_and_2 to None, run_after=None
[2023-12-23T18:23:06.568+0000] {logging_mixin.py:120} INFO - [2023-12-23T18:23:06.568+0000] {dag.py:3340} INFO - Setting next_dagrun for dataset_consumes_1_never_scheduled to None, run_after=None
[2023-12-23T18:23:06.569+0000] {logging_mixin.py:120} INFO - [2023-12-23T18:23:06.569+0000] {dag.py:3340} INFO - Setting next_dagrun for dataset_consumes_unknown_never_scheduled to None, run_after=None
[2023-12-23T18:23:06.572+0000] {logging_mixin.py:120} INFO - [2023-12-23T18:23:06.572+0000] {dag.py:3340} INFO - Setting next_dagrun for dataset_produces_1 to 2023-12-22T00:00:00+00:00, run_after=2023-12-23T00:00:00+00:00
[2023-12-23T18:23:06.574+0000] {logging_mixin.py:120} INFO - [2023-12-23T18:23:06.573+0000] {dag.py:3340} INFO - Setting next_dagrun for dataset_produces_2 to None, run_after=None
[2023-12-23T18:23:06.607+0000] {processor.py:176} INFO - Processing /home/airflow/.local/lib/python3.7/site-packages/airflow/example_dags/example_datasets.py took 0.172 seconds
[2023-12-23T18:23:37.380+0000] {processor.py:154} INFO - Started process (PID=360) to work on /home/airflow/.local/lib/python3.7/site-packages/airflow/example_dags/example_datasets.py
[2023-12-23T18:23:37.381+0000] {processor.py:756} INFO - Processing file /home/airflow/.local/lib/python3.7/site-packages/airflow/example_dags/example_datasets.py for tasks to queue
[2023-12-23T18:23:37.381+0000] {logging_mixin.py:120} INFO - [2023-12-23T18:23:37.381+0000] {dagbag.py:537} INFO - Filling up the DagBag from /home/airflow/.local/lib/python3.7/site-packages/airflow/example_dags/example_datasets.py
[2023-12-23T18:23:37.401+0000] {processor.py:766} INFO - DAG(s) dict_keys(['dataset_consumes_1_and_2', 'dataset_consumes_1_never_scheduled', 'dataset_consumes_unknown_never_scheduled', 'dataset_produces_2', 'dataset_produces_1', 'dataset_consumes_1']) retrieved from /home/airflow/.local/lib/python3.7/site-packages/airflow/example_dags/example_datasets.py
[2023-12-23T18:23:37.456+0000] {logging_mixin.py:120} INFO - [2023-12-23T18:23:37.455+0000] {dag.py:2585} INFO - Sync 6 DAGs
[2023-12-23T18:23:37.484+0000] {logging_mixin.py:120} INFO - [2023-12-23T18:23:37.484+0000] {dag.py:3340} INFO - Setting next_dagrun for dataset_consumes_1 to None, run_after=None
[2023-12-23T18:23:37.487+0000] {logging_mixin.py:120} INFO - [2023-12-23T18:23:37.487+0000] {dag.py:3340} INFO - Setting next_dagrun for dataset_consumes_1_and_2 to None, run_after=None
[2023-12-23T18:23:37.488+0000] {logging_mixin.py:120} INFO - [2023-12-23T18:23:37.488+0000] {dag.py:3340} INFO - Setting next_dagrun for dataset_consumes_1_never_scheduled to None, run_after=None
[2023-12-23T18:23:37.489+0000] {logging_mixin.py:120} INFO - [2023-12-23T18:23:37.489+0000] {dag.py:3340} INFO - Setting next_dagrun for dataset_consumes_unknown_never_scheduled to None, run_after=None
[2023-12-23T18:23:37.491+0000] {logging_mixin.py:120} INFO - [2023-12-23T18:23:37.491+0000] {dag.py:3340} INFO - Setting next_dagrun for dataset_produces_1 to 2023-12-22T00:00:00+00:00, run_after=2023-12-23T00:00:00+00:00
[2023-12-23T18:23:37.492+0000] {logging_mixin.py:120} INFO - [2023-12-23T18:23:37.492+0000] {dag.py:3340} INFO - Setting next_dagrun for dataset_produces_2 to None, run_after=None
[2023-12-23T18:23:37.520+0000] {processor.py:176} INFO - Processing /home/airflow/.local/lib/python3.7/site-packages/airflow/example_dags/example_datasets.py took 0.143 seconds
[2023-12-23T18:24:38.639+0000] {processor.py:154} INFO - Started process (PID=58) to work on /home/airflow/.local/lib/python3.7/site-packages/airflow/example_dags/example_datasets.py
[2023-12-23T18:24:38.643+0000] {processor.py:756} INFO - Processing file /home/airflow/.local/lib/python3.7/site-packages/airflow/example_dags/example_datasets.py for tasks to queue
[2023-12-23T18:24:38.644+0000] {logging_mixin.py:120} INFO - [2023-12-23T18:24:38.643+0000] {dagbag.py:537} INFO - Filling up the DagBag from /home/airflow/.local/lib/python3.7/site-packages/airflow/example_dags/example_datasets.py
[2023-12-23T18:24:38.680+0000] {processor.py:766} INFO - DAG(s) dict_keys(['dataset_produces_2', 'dataset_consumes_unknown_never_scheduled', 'dataset_produces_1', 'dataset_consumes_1_and_2', 'dataset_consumes_1_never_scheduled', 'dataset_consumes_1']) retrieved from /home/airflow/.local/lib/python3.7/site-packages/airflow/example_dags/example_datasets.py
[2023-12-23T18:24:38.715+0000] {logging_mixin.py:120} INFO - [2023-12-23T18:24:38.715+0000] {dag.py:2585} INFO - Sync 6 DAGs
[2023-12-23T18:24:38.749+0000] {logging_mixin.py:120} INFO - [2023-12-23T18:24:38.749+0000] {dag.py:3340} INFO - Setting next_dagrun for dataset_consumes_1 to None, run_after=None
[2023-12-23T18:24:38.753+0000] {logging_mixin.py:120} INFO - [2023-12-23T18:24:38.753+0000] {dag.py:3340} INFO - Setting next_dagrun for dataset_consumes_1_and_2 to None, run_after=None
[2023-12-23T18:24:38.754+0000] {logging_mixin.py:120} INFO - [2023-12-23T18:24:38.754+0000] {dag.py:3340} INFO - Setting next_dagrun for dataset_consumes_1_never_scheduled to None, run_after=None
[2023-12-23T18:24:38.755+0000] {logging_mixin.py:120} INFO - [2023-12-23T18:24:38.755+0000] {dag.py:3340} INFO - Setting next_dagrun for dataset_consumes_unknown_never_scheduled to None, run_after=None
[2023-12-23T18:24:38.759+0000] {logging_mixin.py:120} INFO - [2023-12-23T18:24:38.758+0000] {dag.py:3340} INFO - Setting next_dagrun for dataset_produces_1 to 2023-12-22T00:00:00+00:00, run_after=2023-12-23T00:00:00+00:00
[2023-12-23T18:24:38.760+0000] {logging_mixin.py:120} INFO - [2023-12-23T18:24:38.760+0000] {dag.py:3340} INFO - Setting next_dagrun for dataset_produces_2 to None, run_after=None
[2023-12-23T18:24:38.798+0000] {processor.py:176} INFO - Processing /home/airflow/.local/lib/python3.7/site-packages/airflow/example_dags/example_datasets.py took 0.163 seconds
[2023-12-23T18:25:09.217+0000] {processor.py:154} INFO - Started process (PID=118) to work on /home/airflow/.local/lib/python3.7/site-packages/airflow/example_dags/example_datasets.py
[2023-12-23T18:25:09.218+0000] {processor.py:756} INFO - Processing file /home/airflow/.local/lib/python3.7/site-packages/airflow/example_dags/example_datasets.py for tasks to queue
[2023-12-23T18:25:09.219+0000] {logging_mixin.py:120} INFO - [2023-12-23T18:25:09.218+0000] {dagbag.py:537} INFO - Filling up the DagBag from /home/airflow/.local/lib/python3.7/site-packages/airflow/example_dags/example_datasets.py
[2023-12-23T18:25:09.239+0000] {processor.py:766} INFO - DAG(s) dict_keys(['dataset_produces_2', 'dataset_consumes_1_never_scheduled', 'dataset_consumes_1', 'dataset_consumes_unknown_never_scheduled', 'dataset_consumes_1_and_2', 'dataset_produces_1']) retrieved from /home/airflow/.local/lib/python3.7/site-packages/airflow/example_dags/example_datasets.py
[2023-12-23T18:25:09.393+0000] {logging_mixin.py:120} INFO - [2023-12-23T18:25:09.393+0000] {dag.py:2585} INFO - Sync 6 DAGs
[2023-12-23T18:25:09.429+0000] {logging_mixin.py:120} INFO - [2023-12-23T18:25:09.429+0000] {dag.py:3340} INFO - Setting next_dagrun for dataset_consumes_1 to None, run_after=None
[2023-12-23T18:25:09.433+0000] {logging_mixin.py:120} INFO - [2023-12-23T18:25:09.432+0000] {dag.py:3340} INFO - Setting next_dagrun for dataset_consumes_1_and_2 to None, run_after=None
[2023-12-23T18:25:09.434+0000] {logging_mixin.py:120} INFO - [2023-12-23T18:25:09.434+0000] {dag.py:3340} INFO - Setting next_dagrun for dataset_consumes_1_never_scheduled to None, run_after=None
[2023-12-23T18:25:09.435+0000] {logging_mixin.py:120} INFO - [2023-12-23T18:25:09.435+0000] {dag.py:3340} INFO - Setting next_dagrun for dataset_consumes_unknown_never_scheduled to None, run_after=None
[2023-12-23T18:25:09.438+0000] {logging_mixin.py:120} INFO - [2023-12-23T18:25:09.438+0000] {dag.py:3340} INFO - Setting next_dagrun for dataset_produces_1 to 2023-12-22T00:00:00+00:00, run_after=2023-12-23T00:00:00+00:00
[2023-12-23T18:25:09.440+0000] {logging_mixin.py:120} INFO - [2023-12-23T18:25:09.439+0000] {dag.py:3340} INFO - Setting next_dagrun for dataset_produces_2 to None, run_after=None
[2023-12-23T18:25:09.481+0000] {processor.py:176} INFO - Processing /home/airflow/.local/lib/python3.7/site-packages/airflow/example_dags/example_datasets.py took 0.267 seconds
[2023-12-23T18:25:40.116+0000] {processor.py:154} INFO - Started process (PID=176) to work on /home/airflow/.local/lib/python3.7/site-packages/airflow/example_dags/example_datasets.py
[2023-12-23T18:25:40.117+0000] {processor.py:756} INFO - Processing file /home/airflow/.local/lib/python3.7/site-packages/airflow/example_dags/example_datasets.py for tasks to queue
[2023-12-23T18:25:40.117+0000] {logging_mixin.py:120} INFO - [2023-12-23T18:25:40.117+0000] {dagbag.py:537} INFO - Filling up the DagBag from /home/airflow/.local/lib/python3.7/site-packages/airflow/example_dags/example_datasets.py
[2023-12-23T18:25:40.138+0000] {processor.py:766} INFO - DAG(s) dict_keys(['dataset_produces_1', 'dataset_consumes_unknown_never_scheduled', 'dataset_consumes_1_never_scheduled', 'dataset_consumes_1_and_2', 'dataset_produces_2', 'dataset_consumes_1']) retrieved from /home/airflow/.local/lib/python3.7/site-packages/airflow/example_dags/example_datasets.py
[2023-12-23T18:25:40.202+0000] {logging_mixin.py:120} INFO - [2023-12-23T18:25:40.202+0000] {dag.py:2585} INFO - Sync 6 DAGs
[2023-12-23T18:25:40.235+0000] {logging_mixin.py:120} INFO - [2023-12-23T18:25:40.235+0000] {dag.py:3340} INFO - Setting next_dagrun for dataset_consumes_1 to None, run_after=None
[2023-12-23T18:25:40.239+0000] {logging_mixin.py:120} INFO - [2023-12-23T18:25:40.239+0000] {dag.py:3340} INFO - Setting next_dagrun for dataset_consumes_1_and_2 to None, run_after=None
[2023-12-23T18:25:40.240+0000] {logging_mixin.py:120} INFO - [2023-12-23T18:25:40.240+0000] {dag.py:3340} INFO - Setting next_dagrun for dataset_consumes_1_never_scheduled to None, run_after=None
[2023-12-23T18:25:40.241+0000] {logging_mixin.py:120} INFO - [2023-12-23T18:25:40.241+0000] {dag.py:3340} INFO - Setting next_dagrun for dataset_consumes_unknown_never_scheduled to None, run_after=None
[2023-12-23T18:25:40.244+0000] {logging_mixin.py:120} INFO - [2023-12-23T18:25:40.244+0000] {dag.py:3340} INFO - Setting next_dagrun for dataset_produces_1 to 2023-12-22T00:00:00+00:00, run_after=2023-12-23T00:00:00+00:00
[2023-12-23T18:25:40.245+0000] {logging_mixin.py:120} INFO - [2023-12-23T18:25:40.245+0000] {dag.py:3340} INFO - Setting next_dagrun for dataset_produces_2 to None, run_after=None
[2023-12-23T18:25:40.291+0000] {processor.py:176} INFO - Processing /home/airflow/.local/lib/python3.7/site-packages/airflow/example_dags/example_datasets.py took 0.178 seconds
[2023-12-23T18:26:10.334+0000] {processor.py:154} INFO - Started process (PID=239) to work on /home/airflow/.local/lib/python3.7/site-packages/airflow/example_dags/example_datasets.py
[2023-12-23T18:26:10.335+0000] {processor.py:756} INFO - Processing file /home/airflow/.local/lib/python3.7/site-packages/airflow/example_dags/example_datasets.py for tasks to queue
[2023-12-23T18:26:10.335+0000] {logging_mixin.py:120} INFO - [2023-12-23T18:26:10.335+0000] {dagbag.py:537} INFO - Filling up the DagBag from /home/airflow/.local/lib/python3.7/site-packages/airflow/example_dags/example_datasets.py
[2023-12-23T18:26:10.352+0000] {processor.py:766} INFO - DAG(s) dict_keys(['dataset_consumes_unknown_never_scheduled', 'dataset_consumes_1', 'dataset_consumes_1_and_2', 'dataset_produces_2', 'dataset_produces_1', 'dataset_consumes_1_never_scheduled']) retrieved from /home/airflow/.local/lib/python3.7/site-packages/airflow/example_dags/example_datasets.py
[2023-12-23T18:26:10.402+0000] {logging_mixin.py:120} INFO - [2023-12-23T18:26:10.402+0000] {dag.py:2585} INFO - Sync 6 DAGs
[2023-12-23T18:26:10.423+0000] {logging_mixin.py:120} INFO - [2023-12-23T18:26:10.423+0000] {dag.py:3340} INFO - Setting next_dagrun for dataset_consumes_1 to None, run_after=None
[2023-12-23T18:26:10.426+0000] {logging_mixin.py:120} INFO - [2023-12-23T18:26:10.426+0000] {dag.py:3340} INFO - Setting next_dagrun for dataset_consumes_1_and_2 to None, run_after=None
[2023-12-23T18:26:10.426+0000] {logging_mixin.py:120} INFO - [2023-12-23T18:26:10.426+0000] {dag.py:3340} INFO - Setting next_dagrun for dataset_consumes_1_never_scheduled to None, run_after=None
[2023-12-23T18:26:10.427+0000] {logging_mixin.py:120} INFO - [2023-12-23T18:26:10.427+0000] {dag.py:3340} INFO - Setting next_dagrun for dataset_consumes_unknown_never_scheduled to None, run_after=None
[2023-12-23T18:26:10.429+0000] {logging_mixin.py:120} INFO - [2023-12-23T18:26:10.429+0000] {dag.py:3340} INFO - Setting next_dagrun for dataset_produces_1 to 2023-12-22T00:00:00+00:00, run_after=2023-12-23T00:00:00+00:00
[2023-12-23T18:26:10.430+0000] {logging_mixin.py:120} INFO - [2023-12-23T18:26:10.430+0000] {dag.py:3340} INFO - Setting next_dagrun for dataset_produces_2 to None, run_after=None
[2023-12-23T18:26:10.457+0000] {processor.py:176} INFO - Processing /home/airflow/.local/lib/python3.7/site-packages/airflow/example_dags/example_datasets.py took 0.126 seconds
[2023-12-23T18:26:41.738+0000] {processor.py:154} INFO - Started process (PID=302) to work on /home/airflow/.local/lib/python3.7/site-packages/airflow/example_dags/example_datasets.py
[2023-12-23T18:26:41.756+0000] {processor.py:756} INFO - Processing file /home/airflow/.local/lib/python3.7/site-packages/airflow/example_dags/example_datasets.py for tasks to queue
[2023-12-23T18:26:41.759+0000] {logging_mixin.py:120} INFO - [2023-12-23T18:26:41.758+0000] {dagbag.py:537} INFO - Filling up the DagBag from /home/airflow/.local/lib/python3.7/site-packages/airflow/example_dags/example_datasets.py
[2023-12-23T18:26:41.792+0000] {processor.py:766} INFO - DAG(s) dict_keys(['dataset_produces_2', 'dataset_consumes_1', 'dataset_consumes_1_and_2', 'dataset_consumes_unknown_never_scheduled', 'dataset_produces_1', 'dataset_consumes_1_never_scheduled']) retrieved from /home/airflow/.local/lib/python3.7/site-packages/airflow/example_dags/example_datasets.py
[2023-12-23T18:26:41.871+0000] {logging_mixin.py:120} INFO - [2023-12-23T18:26:41.871+0000] {dag.py:2585} INFO - Sync 6 DAGs
[2023-12-23T18:26:41.940+0000] {logging_mixin.py:120} INFO - [2023-12-23T18:26:41.940+0000] {dag.py:3340} INFO - Setting next_dagrun for dataset_consumes_1 to None, run_after=None
[2023-12-23T18:26:41.944+0000] {logging_mixin.py:120} INFO - [2023-12-23T18:26:41.944+0000] {dag.py:3340} INFO - Setting next_dagrun for dataset_consumes_1_and_2 to None, run_after=None
[2023-12-23T18:26:41.945+0000] {logging_mixin.py:120} INFO - [2023-12-23T18:26:41.945+0000] {dag.py:3340} INFO - Setting next_dagrun for dataset_consumes_1_never_scheduled to None, run_after=None
[2023-12-23T18:26:41.947+0000] {logging_mixin.py:120} INFO - [2023-12-23T18:26:41.947+0000] {dag.py:3340} INFO - Setting next_dagrun for dataset_consumes_unknown_never_scheduled to None, run_after=None
[2023-12-23T18:26:41.955+0000] {logging_mixin.py:120} INFO - [2023-12-23T18:26:41.955+0000] {dag.py:3340} INFO - Setting next_dagrun for dataset_produces_1 to 2023-12-22T00:00:00+00:00, run_after=2023-12-23T00:00:00+00:00
[2023-12-23T18:26:41.958+0000] {logging_mixin.py:120} INFO - [2023-12-23T18:26:41.958+0000] {dag.py:3340} INFO - Setting next_dagrun for dataset_produces_2 to None, run_after=None
[2023-12-23T18:26:42.056+0000] {processor.py:176} INFO - Processing /home/airflow/.local/lib/python3.7/site-packages/airflow/example_dags/example_datasets.py took 0.334 seconds
[2023-12-23T18:35:57.215+0000] {processor.py:154} INFO - Started process (PID=58) to work on /home/airflow/.local/lib/python3.7/site-packages/airflow/example_dags/example_datasets.py
[2023-12-23T18:35:57.217+0000] {processor.py:756} INFO - Processing file /home/airflow/.local/lib/python3.7/site-packages/airflow/example_dags/example_datasets.py for tasks to queue
[2023-12-23T18:35:57.218+0000] {logging_mixin.py:120} INFO - [2023-12-23T18:35:57.218+0000] {dagbag.py:537} INFO - Filling up the DagBag from /home/airflow/.local/lib/python3.7/site-packages/airflow/example_dags/example_datasets.py
[2023-12-23T18:35:57.252+0000] {processor.py:766} INFO - DAG(s) dict_keys(['dataset_consumes_1_and_2', 'dataset_produces_2', 'dataset_consumes_unknown_never_scheduled', 'dataset_produces_1', 'dataset_consumes_1_never_scheduled', 'dataset_consumes_1']) retrieved from /home/airflow/.local/lib/python3.7/site-packages/airflow/example_dags/example_datasets.py
[2023-12-23T18:35:57.391+0000] {logging_mixin.py:120} INFO - [2023-12-23T18:35:57.391+0000] {dag.py:2585} INFO - Sync 6 DAGs
[2023-12-23T18:35:57.453+0000] {logging_mixin.py:120} INFO - [2023-12-23T18:35:57.453+0000] {dag.py:3340} INFO - Setting next_dagrun for dataset_consumes_1 to None, run_after=None
[2023-12-23T18:35:57.457+0000] {logging_mixin.py:120} INFO - [2023-12-23T18:35:57.457+0000] {dag.py:3340} INFO - Setting next_dagrun for dataset_consumes_1_and_2 to None, run_after=None
[2023-12-23T18:35:57.459+0000] {logging_mixin.py:120} INFO - [2023-12-23T18:35:57.459+0000] {dag.py:3340} INFO - Setting next_dagrun for dataset_consumes_1_never_scheduled to None, run_after=None
[2023-12-23T18:35:57.460+0000] {logging_mixin.py:120} INFO - [2023-12-23T18:35:57.460+0000] {dag.py:3340} INFO - Setting next_dagrun for dataset_consumes_unknown_never_scheduled to None, run_after=None
[2023-12-23T18:35:57.464+0000] {logging_mixin.py:120} INFO - [2023-12-23T18:35:57.464+0000] {dag.py:3340} INFO - Setting next_dagrun for dataset_produces_1 to 2023-12-22T00:00:00+00:00, run_after=2023-12-23T00:00:00+00:00
[2023-12-23T18:35:57.465+0000] {logging_mixin.py:120} INFO - [2023-12-23T18:35:57.465+0000] {dag.py:3340} INFO - Setting next_dagrun for dataset_produces_2 to None, run_after=None
[2023-12-23T18:35:57.755+0000] {processor.py:176} INFO - Processing /home/airflow/.local/lib/python3.7/site-packages/airflow/example_dags/example_datasets.py took 0.561 seconds
[2023-12-23T18:36:28.155+0000] {processor.py:154} INFO - Started process (PID=120) to work on /home/airflow/.local/lib/python3.7/site-packages/airflow/example_dags/example_datasets.py
[2023-12-23T18:36:28.157+0000] {processor.py:756} INFO - Processing file /home/airflow/.local/lib/python3.7/site-packages/airflow/example_dags/example_datasets.py for tasks to queue
[2023-12-23T18:36:28.157+0000] {logging_mixin.py:120} INFO - [2023-12-23T18:36:28.157+0000] {dagbag.py:537} INFO - Filling up the DagBag from /home/airflow/.local/lib/python3.7/site-packages/airflow/example_dags/example_datasets.py
[2023-12-23T18:36:28.175+0000] {processor.py:766} INFO - DAG(s) dict_keys(['dataset_produces_2', 'dataset_consumes_1_and_2', 'dataset_consumes_1_never_scheduled', 'dataset_consumes_unknown_never_scheduled', 'dataset_consumes_1', 'dataset_produces_1']) retrieved from /home/airflow/.local/lib/python3.7/site-packages/airflow/example_dags/example_datasets.py
[2023-12-23T18:36:28.306+0000] {logging_mixin.py:120} INFO - [2023-12-23T18:36:28.306+0000] {dag.py:2585} INFO - Sync 6 DAGs
[2023-12-23T18:36:28.329+0000] {logging_mixin.py:120} INFO - [2023-12-23T18:36:28.329+0000] {dag.py:3340} INFO - Setting next_dagrun for dataset_consumes_1 to None, run_after=None
[2023-12-23T18:36:28.331+0000] {logging_mixin.py:120} INFO - [2023-12-23T18:36:28.331+0000] {dag.py:3340} INFO - Setting next_dagrun for dataset_consumes_1_and_2 to None, run_after=None
[2023-12-23T18:36:28.332+0000] {logging_mixin.py:120} INFO - [2023-12-23T18:36:28.332+0000] {dag.py:3340} INFO - Setting next_dagrun for dataset_consumes_1_never_scheduled to None, run_after=None
[2023-12-23T18:36:28.333+0000] {logging_mixin.py:120} INFO - [2023-12-23T18:36:28.333+0000] {dag.py:3340} INFO - Setting next_dagrun for dataset_consumes_unknown_never_scheduled to None, run_after=None
[2023-12-23T18:36:28.335+0000] {logging_mixin.py:120} INFO - [2023-12-23T18:36:28.335+0000] {dag.py:3340} INFO - Setting next_dagrun for dataset_produces_1 to 2023-12-22T00:00:00+00:00, run_after=2023-12-23T00:00:00+00:00
[2023-12-23T18:36:28.336+0000] {logging_mixin.py:120} INFO - [2023-12-23T18:36:28.336+0000] {dag.py:3340} INFO - Setting next_dagrun for dataset_produces_2 to None, run_after=None
[2023-12-23T18:36:28.380+0000] {processor.py:176} INFO - Processing /home/airflow/.local/lib/python3.7/site-packages/airflow/example_dags/example_datasets.py took 0.230 seconds
[2023-12-23T18:36:58.793+0000] {processor.py:154} INFO - Started process (PID=175) to work on /home/airflow/.local/lib/python3.7/site-packages/airflow/example_dags/example_datasets.py
[2023-12-23T18:36:58.794+0000] {processor.py:756} INFO - Processing file /home/airflow/.local/lib/python3.7/site-packages/airflow/example_dags/example_datasets.py for tasks to queue
[2023-12-23T18:36:58.794+0000] {logging_mixin.py:120} INFO - [2023-12-23T18:36:58.794+0000] {dagbag.py:537} INFO - Filling up the DagBag from /home/airflow/.local/lib/python3.7/site-packages/airflow/example_dags/example_datasets.py
[2023-12-23T18:36:58.824+0000] {processor.py:766} INFO - DAG(s) dict_keys(['dataset_consumes_unknown_never_scheduled', 'dataset_produces_1', 'dataset_consumes_1_never_scheduled', 'dataset_produces_2', 'dataset_consumes_1', 'dataset_consumes_1_and_2']) retrieved from /home/airflow/.local/lib/python3.7/site-packages/airflow/example_dags/example_datasets.py
[2023-12-23T18:36:58.951+0000] {logging_mixin.py:120} INFO - [2023-12-23T18:36:58.950+0000] {dag.py:2585} INFO - Sync 6 DAGs
[2023-12-23T18:36:59.009+0000] {logging_mixin.py:120} INFO - [2023-12-23T18:36:59.009+0000] {dag.py:3340} INFO - Setting next_dagrun for dataset_consumes_1 to None, run_after=None
[2023-12-23T18:36:59.020+0000] {logging_mixin.py:120} INFO - [2023-12-23T18:36:59.020+0000] {dag.py:3340} INFO - Setting next_dagrun for dataset_consumes_1_and_2 to None, run_after=None
[2023-12-23T18:36:59.022+0000] {logging_mixin.py:120} INFO - [2023-12-23T18:36:59.022+0000] {dag.py:3340} INFO - Setting next_dagrun for dataset_consumes_1_never_scheduled to None, run_after=None
[2023-12-23T18:36:59.023+0000] {logging_mixin.py:120} INFO - [2023-12-23T18:36:59.023+0000] {dag.py:3340} INFO - Setting next_dagrun for dataset_consumes_unknown_never_scheduled to None, run_after=None
[2023-12-23T18:36:59.026+0000] {logging_mixin.py:120} INFO - [2023-12-23T18:36:59.026+0000] {dag.py:3340} INFO - Setting next_dagrun for dataset_produces_1 to 2023-12-22T00:00:00+00:00, run_after=2023-12-23T00:00:00+00:00
[2023-12-23T18:36:59.033+0000] {logging_mixin.py:120} INFO - [2023-12-23T18:36:59.033+0000] {dag.py:3340} INFO - Setting next_dagrun for dataset_produces_2 to None, run_after=None
[2023-12-23T18:36:59.084+0000] {processor.py:176} INFO - Processing /home/airflow/.local/lib/python3.7/site-packages/airflow/example_dags/example_datasets.py took 0.294 seconds
