[2023-12-23T18:12:45.957+0000] {processor.py:154} INFO - Started process (PID=48) to work on /home/airflow/.local/lib/python3.7/site-packages/airflow/example_dags/example_latest_only_with_trigger.py
[2023-12-23T18:12:45.958+0000] {processor.py:756} INFO - Processing file /home/airflow/.local/lib/python3.7/site-packages/airflow/example_dags/example_latest_only_with_trigger.py for tasks to queue
[2023-12-23T18:12:45.958+0000] {logging_mixin.py:120} INFO - [2023-12-23T18:12:45.958+0000] {dagbag.py:537} INFO - Filling up the DagBag from /home/airflow/.local/lib/python3.7/site-packages/airflow/example_dags/example_latest_only_with_trigger.py
[2023-12-23T18:12:45.980+0000] {processor.py:766} INFO - DAG(s) dict_keys(['latest_only_with_trigger']) retrieved from /home/airflow/.local/lib/python3.7/site-packages/airflow/example_dags/example_latest_only_with_trigger.py
[2023-12-23T18:12:46.033+0000] {logging_mixin.py:120} INFO - [2023-12-23T18:12:46.032+0000] {dag.py:2585} INFO - Sync 1 DAGs
[2023-12-23T18:12:46.066+0000] {logging_mixin.py:120} INFO - [2023-12-23T18:12:46.065+0000] {dag.py:3340} INFO - Setting next_dagrun for latest_only_with_trigger to 2023-12-23T14:12:46.065636+00:00, run_after=2023-12-23T18:12:46.065636+00:00
[2023-12-23T18:12:46.113+0000] {processor.py:176} INFO - Processing /home/airflow/.local/lib/python3.7/site-packages/airflow/example_dags/example_latest_only_with_trigger.py took 0.159 seconds
[2023-12-23T18:13:16.174+0000] {processor.py:154} INFO - Started process (PID=102) to work on /home/airflow/.local/lib/python3.7/site-packages/airflow/example_dags/example_latest_only_with_trigger.py
[2023-12-23T18:13:16.175+0000] {processor.py:756} INFO - Processing file /home/airflow/.local/lib/python3.7/site-packages/airflow/example_dags/example_latest_only_with_trigger.py for tasks to queue
[2023-12-23T18:13:16.175+0000] {logging_mixin.py:120} INFO - [2023-12-23T18:13:16.175+0000] {dagbag.py:537} INFO - Filling up the DagBag from /home/airflow/.local/lib/python3.7/site-packages/airflow/example_dags/example_latest_only_with_trigger.py
[2023-12-23T18:13:16.193+0000] {processor.py:766} INFO - DAG(s) dict_keys(['latest_only_with_trigger']) retrieved from /home/airflow/.local/lib/python3.7/site-packages/airflow/example_dags/example_latest_only_with_trigger.py
[2023-12-23T18:13:16.238+0000] {logging_mixin.py:120} INFO - [2023-12-23T18:13:16.238+0000] {dag.py:2585} INFO - Sync 1 DAGs
[2023-12-23T18:13:16.267+0000] {logging_mixin.py:120} INFO - [2023-12-23T18:13:16.267+0000] {dag.py:3340} INFO - Setting next_dagrun for latest_only_with_trigger to 2023-12-23T14:13:16.267567+00:00, run_after=2023-12-23T18:13:16.267567+00:00
[2023-12-23T18:13:16.294+0000] {processor.py:176} INFO - Processing /home/airflow/.local/lib/python3.7/site-packages/airflow/example_dags/example_latest_only_with_trigger.py took 0.122 seconds
[2023-12-23T18:13:47.175+0000] {processor.py:154} INFO - Started process (PID=165) to work on /home/airflow/.local/lib/python3.7/site-packages/airflow/example_dags/example_latest_only_with_trigger.py
[2023-12-23T18:13:47.176+0000] {processor.py:756} INFO - Processing file /home/airflow/.local/lib/python3.7/site-packages/airflow/example_dags/example_latest_only_with_trigger.py for tasks to queue
[2023-12-23T18:13:47.176+0000] {logging_mixin.py:120} INFO - [2023-12-23T18:13:47.176+0000] {dagbag.py:537} INFO - Filling up the DagBag from /home/airflow/.local/lib/python3.7/site-packages/airflow/example_dags/example_latest_only_with_trigger.py
[2023-12-23T18:13:47.190+0000] {processor.py:766} INFO - DAG(s) dict_keys(['latest_only_with_trigger']) retrieved from /home/airflow/.local/lib/python3.7/site-packages/airflow/example_dags/example_latest_only_with_trigger.py
[2023-12-23T18:13:47.230+0000] {logging_mixin.py:120} INFO - [2023-12-23T18:13:47.230+0000] {dag.py:2585} INFO - Sync 1 DAGs
[2023-12-23T18:13:47.262+0000] {logging_mixin.py:120} INFO - [2023-12-23T18:13:47.262+0000] {dag.py:3340} INFO - Setting next_dagrun for latest_only_with_trigger to 2023-12-23T14:13:47.262449+00:00, run_after=2023-12-23T18:13:47.262449+00:00
[2023-12-23T18:13:47.288+0000] {processor.py:176} INFO - Processing /home/airflow/.local/lib/python3.7/site-packages/airflow/example_dags/example_latest_only_with_trigger.py took 0.115 seconds
[2023-12-23T18:14:18.240+0000] {processor.py:154} INFO - Started process (PID=228) to work on /home/airflow/.local/lib/python3.7/site-packages/airflow/example_dags/example_latest_only_with_trigger.py
[2023-12-23T18:14:18.241+0000] {processor.py:756} INFO - Processing file /home/airflow/.local/lib/python3.7/site-packages/airflow/example_dags/example_latest_only_with_trigger.py for tasks to queue
[2023-12-23T18:14:18.241+0000] {logging_mixin.py:120} INFO - [2023-12-23T18:14:18.241+0000] {dagbag.py:537} INFO - Filling up the DagBag from /home/airflow/.local/lib/python3.7/site-packages/airflow/example_dags/example_latest_only_with_trigger.py
[2023-12-23T18:14:18.256+0000] {processor.py:766} INFO - DAG(s) dict_keys(['latest_only_with_trigger']) retrieved from /home/airflow/.local/lib/python3.7/site-packages/airflow/example_dags/example_latest_only_with_trigger.py
[2023-12-23T18:14:18.292+0000] {logging_mixin.py:120} INFO - [2023-12-23T18:14:18.292+0000] {dag.py:2585} INFO - Sync 1 DAGs
[2023-12-23T18:14:18.320+0000] {logging_mixin.py:120} INFO - [2023-12-23T18:14:18.320+0000] {dag.py:3340} INFO - Setting next_dagrun for latest_only_with_trigger to 2023-12-23T14:14:18.319894+00:00, run_after=2023-12-23T18:14:18.319894+00:00
[2023-12-23T18:14:18.341+0000] {processor.py:176} INFO - Processing /home/airflow/.local/lib/python3.7/site-packages/airflow/example_dags/example_latest_only_with_trigger.py took 0.104 seconds
[2023-12-23T18:14:48.846+0000] {processor.py:154} INFO - Started process (PID=292) to work on /home/airflow/.local/lib/python3.7/site-packages/airflow/example_dags/example_latest_only_with_trigger.py
[2023-12-23T18:14:48.847+0000] {processor.py:756} INFO - Processing file /home/airflow/.local/lib/python3.7/site-packages/airflow/example_dags/example_latest_only_with_trigger.py for tasks to queue
[2023-12-23T18:14:48.847+0000] {logging_mixin.py:120} INFO - [2023-12-23T18:14:48.847+0000] {dagbag.py:537} INFO - Filling up the DagBag from /home/airflow/.local/lib/python3.7/site-packages/airflow/example_dags/example_latest_only_with_trigger.py
[2023-12-23T18:14:48.862+0000] {processor.py:766} INFO - DAG(s) dict_keys(['latest_only_with_trigger']) retrieved from /home/airflow/.local/lib/python3.7/site-packages/airflow/example_dags/example_latest_only_with_trigger.py
[2023-12-23T18:14:48.896+0000] {logging_mixin.py:120} INFO - [2023-12-23T18:14:48.896+0000] {dag.py:2585} INFO - Sync 1 DAGs
[2023-12-23T18:14:48.916+0000] {logging_mixin.py:120} INFO - [2023-12-23T18:14:48.916+0000] {dag.py:3340} INFO - Setting next_dagrun for latest_only_with_trigger to 2023-12-23T14:14:48.915838+00:00, run_after=2023-12-23T18:14:48.915838+00:00
[2023-12-23T18:14:48.937+0000] {processor.py:176} INFO - Processing /home/airflow/.local/lib/python3.7/site-packages/airflow/example_dags/example_latest_only_with_trigger.py took 0.093 seconds
[2023-12-23T18:15:20.012+0000] {processor.py:154} INFO - Started process (PID=352) to work on /home/airflow/.local/lib/python3.7/site-packages/airflow/example_dags/example_latest_only_with_trigger.py
[2023-12-23T18:15:20.012+0000] {processor.py:756} INFO - Processing file /home/airflow/.local/lib/python3.7/site-packages/airflow/example_dags/example_latest_only_with_trigger.py for tasks to queue
[2023-12-23T18:15:20.014+0000] {logging_mixin.py:120} INFO - [2023-12-23T18:15:20.013+0000] {dagbag.py:537} INFO - Filling up the DagBag from /home/airflow/.local/lib/python3.7/site-packages/airflow/example_dags/example_latest_only_with_trigger.py
[2023-12-23T18:15:20.034+0000] {processor.py:766} INFO - DAG(s) dict_keys(['latest_only_with_trigger']) retrieved from /home/airflow/.local/lib/python3.7/site-packages/airflow/example_dags/example_latest_only_with_trigger.py
[2023-12-23T18:15:20.085+0000] {logging_mixin.py:120} INFO - [2023-12-23T18:15:20.084+0000] {dag.py:2585} INFO - Sync 1 DAGs
[2023-12-23T18:15:20.119+0000] {logging_mixin.py:120} INFO - [2023-12-23T18:15:20.119+0000] {dag.py:3340} INFO - Setting next_dagrun for latest_only_with_trigger to 2023-12-23T14:15:20.118843+00:00, run_after=2023-12-23T18:15:20.118843+00:00
[2023-12-23T18:15:20.164+0000] {processor.py:176} INFO - Processing /home/airflow/.local/lib/python3.7/site-packages/airflow/example_dags/example_latest_only_with_trigger.py took 0.155 seconds
[2023-12-23T18:15:50.201+0000] {processor.py:154} INFO - Started process (PID=410) to work on /home/airflow/.local/lib/python3.7/site-packages/airflow/example_dags/example_latest_only_with_trigger.py
[2023-12-23T18:15:50.202+0000] {processor.py:756} INFO - Processing file /home/airflow/.local/lib/python3.7/site-packages/airflow/example_dags/example_latest_only_with_trigger.py for tasks to queue
[2023-12-23T18:15:50.203+0000] {logging_mixin.py:120} INFO - [2023-12-23T18:15:50.203+0000] {dagbag.py:537} INFO - Filling up the DagBag from /home/airflow/.local/lib/python3.7/site-packages/airflow/example_dags/example_latest_only_with_trigger.py
[2023-12-23T18:15:50.215+0000] {processor.py:766} INFO - DAG(s) dict_keys(['latest_only_with_trigger']) retrieved from /home/airflow/.local/lib/python3.7/site-packages/airflow/example_dags/example_latest_only_with_trigger.py
[2023-12-23T18:15:50.256+0000] {logging_mixin.py:120} INFO - [2023-12-23T18:15:50.256+0000] {dag.py:2585} INFO - Sync 1 DAGs
[2023-12-23T18:15:50.287+0000] {logging_mixin.py:120} INFO - [2023-12-23T18:15:50.287+0000] {dag.py:3340} INFO - Setting next_dagrun for latest_only_with_trigger to 2023-12-23T14:15:50.286959+00:00, run_after=2023-12-23T18:15:50.286959+00:00
[2023-12-23T18:15:50.312+0000] {processor.py:176} INFO - Processing /home/airflow/.local/lib/python3.7/site-packages/airflow/example_dags/example_latest_only_with_trigger.py took 0.114 seconds
[2023-12-23T18:16:21.192+0000] {processor.py:154} INFO - Started process (PID=473) to work on /home/airflow/.local/lib/python3.7/site-packages/airflow/example_dags/example_latest_only_with_trigger.py
[2023-12-23T18:16:21.193+0000] {processor.py:756} INFO - Processing file /home/airflow/.local/lib/python3.7/site-packages/airflow/example_dags/example_latest_only_with_trigger.py for tasks to queue
[2023-12-23T18:16:21.194+0000] {logging_mixin.py:120} INFO - [2023-12-23T18:16:21.194+0000] {dagbag.py:537} INFO - Filling up the DagBag from /home/airflow/.local/lib/python3.7/site-packages/airflow/example_dags/example_latest_only_with_trigger.py
[2023-12-23T18:16:21.208+0000] {processor.py:766} INFO - DAG(s) dict_keys(['latest_only_with_trigger']) retrieved from /home/airflow/.local/lib/python3.7/site-packages/airflow/example_dags/example_latest_only_with_trigger.py
[2023-12-23T18:16:21.240+0000] {logging_mixin.py:120} INFO - [2023-12-23T18:16:21.240+0000] {dag.py:2585} INFO - Sync 1 DAGs
[2023-12-23T18:16:21.263+0000] {logging_mixin.py:120} INFO - [2023-12-23T18:16:21.263+0000] {dag.py:3340} INFO - Setting next_dagrun for latest_only_with_trigger to 2023-12-23T14:16:21.262895+00:00, run_after=2023-12-23T18:16:21.262895+00:00
[2023-12-23T18:16:21.293+0000] {processor.py:176} INFO - Processing /home/airflow/.local/lib/python3.7/site-packages/airflow/example_dags/example_latest_only_with_trigger.py took 0.103 seconds
[2023-12-23T18:16:51.965+0000] {processor.py:154} INFO - Started process (PID=537) to work on /home/airflow/.local/lib/python3.7/site-packages/airflow/example_dags/example_latest_only_with_trigger.py
[2023-12-23T18:16:51.966+0000] {processor.py:756} INFO - Processing file /home/airflow/.local/lib/python3.7/site-packages/airflow/example_dags/example_latest_only_with_trigger.py for tasks to queue
[2023-12-23T18:16:51.967+0000] {logging_mixin.py:120} INFO - [2023-12-23T18:16:51.967+0000] {dagbag.py:537} INFO - Filling up the DagBag from /home/airflow/.local/lib/python3.7/site-packages/airflow/example_dags/example_latest_only_with_trigger.py
[2023-12-23T18:16:51.982+0000] {processor.py:766} INFO - DAG(s) dict_keys(['latest_only_with_trigger']) retrieved from /home/airflow/.local/lib/python3.7/site-packages/airflow/example_dags/example_latest_only_with_trigger.py
[2023-12-23T18:16:52.017+0000] {logging_mixin.py:120} INFO - [2023-12-23T18:16:52.017+0000] {dag.py:2585} INFO - Sync 1 DAGs
[2023-12-23T18:16:52.038+0000] {logging_mixin.py:120} INFO - [2023-12-23T18:16:52.038+0000] {dag.py:3340} INFO - Setting next_dagrun for latest_only_with_trigger to 2023-12-23T14:16:52.038238+00:00, run_after=2023-12-23T18:16:52.038238+00:00
[2023-12-23T18:16:52.058+0000] {processor.py:176} INFO - Processing /home/airflow/.local/lib/python3.7/site-packages/airflow/example_dags/example_latest_only_with_trigger.py took 0.096 seconds
[2023-12-23T18:17:22.686+0000] {processor.py:154} INFO - Started process (PID=592) to work on /home/airflow/.local/lib/python3.7/site-packages/airflow/example_dags/example_latest_only_with_trigger.py
[2023-12-23T18:17:22.687+0000] {processor.py:756} INFO - Processing file /home/airflow/.local/lib/python3.7/site-packages/airflow/example_dags/example_latest_only_with_trigger.py for tasks to queue
[2023-12-23T18:17:22.687+0000] {logging_mixin.py:120} INFO - [2023-12-23T18:17:22.687+0000] {dagbag.py:537} INFO - Filling up the DagBag from /home/airflow/.local/lib/python3.7/site-packages/airflow/example_dags/example_latest_only_with_trigger.py
[2023-12-23T18:17:22.700+0000] {processor.py:766} INFO - DAG(s) dict_keys(['latest_only_with_trigger']) retrieved from /home/airflow/.local/lib/python3.7/site-packages/airflow/example_dags/example_latest_only_with_trigger.py
[2023-12-23T18:17:22.739+0000] {logging_mixin.py:120} INFO - [2023-12-23T18:17:22.739+0000] {dag.py:2585} INFO - Sync 1 DAGs
[2023-12-23T18:17:22.761+0000] {logging_mixin.py:120} INFO - [2023-12-23T18:17:22.761+0000] {dag.py:3340} INFO - Setting next_dagrun for latest_only_with_trigger to 2023-12-23T14:17:22.761242+00:00, run_after=2023-12-23T18:17:22.761242+00:00
[2023-12-23T18:17:22.784+0000] {processor.py:176} INFO - Processing /home/airflow/.local/lib/python3.7/site-packages/airflow/example_dags/example_latest_only_with_trigger.py took 0.101 seconds
[2023-12-23T18:17:53.655+0000] {processor.py:154} INFO - Started process (PID=656) to work on /home/airflow/.local/lib/python3.7/site-packages/airflow/example_dags/example_latest_only_with_trigger.py
[2023-12-23T18:17:53.655+0000] {processor.py:756} INFO - Processing file /home/airflow/.local/lib/python3.7/site-packages/airflow/example_dags/example_latest_only_with_trigger.py for tasks to queue
[2023-12-23T18:17:53.656+0000] {logging_mixin.py:120} INFO - [2023-12-23T18:17:53.655+0000] {dagbag.py:537} INFO - Filling up the DagBag from /home/airflow/.local/lib/python3.7/site-packages/airflow/example_dags/example_latest_only_with_trigger.py
[2023-12-23T18:17:53.667+0000] {processor.py:766} INFO - DAG(s) dict_keys(['latest_only_with_trigger']) retrieved from /home/airflow/.local/lib/python3.7/site-packages/airflow/example_dags/example_latest_only_with_trigger.py
[2023-12-23T18:17:53.699+0000] {logging_mixin.py:120} INFO - [2023-12-23T18:17:53.699+0000] {dag.py:2585} INFO - Sync 1 DAGs
[2023-12-23T18:17:53.722+0000] {logging_mixin.py:120} INFO - [2023-12-23T18:17:53.722+0000] {dag.py:3340} INFO - Setting next_dagrun for latest_only_with_trigger to 2023-12-23T14:17:53.722123+00:00, run_after=2023-12-23T18:17:53.722123+00:00
[2023-12-23T18:17:53.742+0000] {processor.py:176} INFO - Processing /home/airflow/.local/lib/python3.7/site-packages/airflow/example_dags/example_latest_only_with_trigger.py took 0.090 seconds
[2023-12-23T18:18:24.332+0000] {processor.py:154} INFO - Started process (PID=720) to work on /home/airflow/.local/lib/python3.7/site-packages/airflow/example_dags/example_latest_only_with_trigger.py
[2023-12-23T18:18:24.333+0000] {processor.py:756} INFO - Processing file /home/airflow/.local/lib/python3.7/site-packages/airflow/example_dags/example_latest_only_with_trigger.py for tasks to queue
[2023-12-23T18:18:24.334+0000] {logging_mixin.py:120} INFO - [2023-12-23T18:18:24.333+0000] {dagbag.py:537} INFO - Filling up the DagBag from /home/airflow/.local/lib/python3.7/site-packages/airflow/example_dags/example_latest_only_with_trigger.py
[2023-12-23T18:18:24.347+0000] {processor.py:766} INFO - DAG(s) dict_keys(['latest_only_with_trigger']) retrieved from /home/airflow/.local/lib/python3.7/site-packages/airflow/example_dags/example_latest_only_with_trigger.py
[2023-12-23T18:18:24.385+0000] {logging_mixin.py:120} INFO - [2023-12-23T18:18:24.385+0000] {dag.py:2585} INFO - Sync 1 DAGs
[2023-12-23T18:18:24.406+0000] {logging_mixin.py:120} INFO - [2023-12-23T18:18:24.405+0000] {dag.py:3340} INFO - Setting next_dagrun for latest_only_with_trigger to 2023-12-23T14:18:24.405795+00:00, run_after=2023-12-23T18:18:24.405795+00:00
[2023-12-23T18:18:24.427+0000] {processor.py:176} INFO - Processing /home/airflow/.local/lib/python3.7/site-packages/airflow/example_dags/example_latest_only_with_trigger.py took 0.099 seconds
[2023-12-23T18:18:55.142+0000] {processor.py:154} INFO - Started process (PID=784) to work on /home/airflow/.local/lib/python3.7/site-packages/airflow/example_dags/example_latest_only_with_trigger.py
[2023-12-23T18:18:55.143+0000] {processor.py:756} INFO - Processing file /home/airflow/.local/lib/python3.7/site-packages/airflow/example_dags/example_latest_only_with_trigger.py for tasks to queue
[2023-12-23T18:18:55.144+0000] {logging_mixin.py:120} INFO - [2023-12-23T18:18:55.143+0000] {dagbag.py:537} INFO - Filling up the DagBag from /home/airflow/.local/lib/python3.7/site-packages/airflow/example_dags/example_latest_only_with_trigger.py
[2023-12-23T18:18:55.160+0000] {processor.py:766} INFO - DAG(s) dict_keys(['latest_only_with_trigger']) retrieved from /home/airflow/.local/lib/python3.7/site-packages/airflow/example_dags/example_latest_only_with_trigger.py
[2023-12-23T18:18:55.201+0000] {logging_mixin.py:120} INFO - [2023-12-23T18:18:55.200+0000] {dag.py:2585} INFO - Sync 1 DAGs
[2023-12-23T18:18:55.229+0000] {logging_mixin.py:120} INFO - [2023-12-23T18:18:55.229+0000] {dag.py:3340} INFO - Setting next_dagrun for latest_only_with_trigger to 2023-12-23T14:18:55.229441+00:00, run_after=2023-12-23T18:18:55.229441+00:00
[2023-12-23T18:18:55.256+0000] {processor.py:176} INFO - Processing /home/airflow/.local/lib/python3.7/site-packages/airflow/example_dags/example_latest_only_with_trigger.py took 0.116 seconds
[2023-12-23T18:19:25.886+0000] {processor.py:154} INFO - Started process (PID=839) to work on /home/airflow/.local/lib/python3.7/site-packages/airflow/example_dags/example_latest_only_with_trigger.py
[2023-12-23T18:19:25.886+0000] {processor.py:756} INFO - Processing file /home/airflow/.local/lib/python3.7/site-packages/airflow/example_dags/example_latest_only_with_trigger.py for tasks to queue
[2023-12-23T18:19:25.887+0000] {logging_mixin.py:120} INFO - [2023-12-23T18:19:25.887+0000] {dagbag.py:537} INFO - Filling up the DagBag from /home/airflow/.local/lib/python3.7/site-packages/airflow/example_dags/example_latest_only_with_trigger.py
[2023-12-23T18:19:25.901+0000] {processor.py:766} INFO - DAG(s) dict_keys(['latest_only_with_trigger']) retrieved from /home/airflow/.local/lib/python3.7/site-packages/airflow/example_dags/example_latest_only_with_trigger.py
[2023-12-23T18:19:25.936+0000] {logging_mixin.py:120} INFO - [2023-12-23T18:19:25.935+0000] {dag.py:2585} INFO - Sync 1 DAGs
[2023-12-23T18:19:25.957+0000] {logging_mixin.py:120} INFO - [2023-12-23T18:19:25.956+0000] {dag.py:3340} INFO - Setting next_dagrun for latest_only_with_trigger to 2023-12-23T14:19:25.956776+00:00, run_after=2023-12-23T18:19:25.956776+00:00
[2023-12-23T18:19:25.977+0000] {processor.py:176} INFO - Processing /home/airflow/.local/lib/python3.7/site-packages/airflow/example_dags/example_latest_only_with_trigger.py took 0.094 seconds
[2023-12-23T18:19:56.851+0000] {processor.py:154} INFO - Started process (PID=903) to work on /home/airflow/.local/lib/python3.7/site-packages/airflow/example_dags/example_latest_only_with_trigger.py
[2023-12-23T18:19:56.852+0000] {processor.py:756} INFO - Processing file /home/airflow/.local/lib/python3.7/site-packages/airflow/example_dags/example_latest_only_with_trigger.py for tasks to queue
[2023-12-23T18:19:56.853+0000] {logging_mixin.py:120} INFO - [2023-12-23T18:19:56.853+0000] {dagbag.py:537} INFO - Filling up the DagBag from /home/airflow/.local/lib/python3.7/site-packages/airflow/example_dags/example_latest_only_with_trigger.py
[2023-12-23T18:19:56.866+0000] {processor.py:766} INFO - DAG(s) dict_keys(['latest_only_with_trigger']) retrieved from /home/airflow/.local/lib/python3.7/site-packages/airflow/example_dags/example_latest_only_with_trigger.py
[2023-12-23T18:19:56.900+0000] {logging_mixin.py:120} INFO - [2023-12-23T18:19:56.900+0000] {dag.py:2585} INFO - Sync 1 DAGs
[2023-12-23T18:19:56.923+0000] {logging_mixin.py:120} INFO - [2023-12-23T18:19:56.923+0000] {dag.py:3340} INFO - Setting next_dagrun for latest_only_with_trigger to 2023-12-23T14:19:56.923493+00:00, run_after=2023-12-23T18:19:56.923493+00:00
[2023-12-23T18:19:56.945+0000] {processor.py:176} INFO - Processing /home/airflow/.local/lib/python3.7/site-packages/airflow/example_dags/example_latest_only_with_trigger.py took 0.096 seconds
[2023-12-23T18:21:03.383+0000] {processor.py:154} INFO - Started process (PID=48) to work on /home/airflow/.local/lib/python3.7/site-packages/airflow/example_dags/example_latest_only_with_trigger.py
[2023-12-23T18:21:03.384+0000] {processor.py:756} INFO - Processing file /home/airflow/.local/lib/python3.7/site-packages/airflow/example_dags/example_latest_only_with_trigger.py for tasks to queue
[2023-12-23T18:21:03.385+0000] {logging_mixin.py:120} INFO - [2023-12-23T18:21:03.385+0000] {dagbag.py:537} INFO - Filling up the DagBag from /home/airflow/.local/lib/python3.7/site-packages/airflow/example_dags/example_latest_only_with_trigger.py
[2023-12-23T18:21:03.404+0000] {processor.py:766} INFO - DAG(s) dict_keys(['latest_only_with_trigger']) retrieved from /home/airflow/.local/lib/python3.7/site-packages/airflow/example_dags/example_latest_only_with_trigger.py
[2023-12-23T18:21:03.444+0000] {logging_mixin.py:120} INFO - [2023-12-23T18:21:03.444+0000] {dag.py:2585} INFO - Sync 1 DAGs
[2023-12-23T18:21:03.479+0000] {logging_mixin.py:120} INFO - [2023-12-23T18:21:03.479+0000] {dag.py:3340} INFO - Setting next_dagrun for latest_only_with_trigger to 2023-12-23T14:21:03.478899+00:00, run_after=2023-12-23T18:21:03.478899+00:00
[2023-12-23T18:21:03.507+0000] {processor.py:176} INFO - Processing /home/airflow/.local/lib/python3.7/site-packages/airflow/example_dags/example_latest_only_with_trigger.py took 0.128 seconds
[2023-12-23T18:21:33.958+0000] {processor.py:154} INFO - Started process (PID=102) to work on /home/airflow/.local/lib/python3.7/site-packages/airflow/example_dags/example_latest_only_with_trigger.py
[2023-12-23T18:21:33.959+0000] {processor.py:756} INFO - Processing file /home/airflow/.local/lib/python3.7/site-packages/airflow/example_dags/example_latest_only_with_trigger.py for tasks to queue
[2023-12-23T18:21:33.959+0000] {logging_mixin.py:120} INFO - [2023-12-23T18:21:33.959+0000] {dagbag.py:537} INFO - Filling up the DagBag from /home/airflow/.local/lib/python3.7/site-packages/airflow/example_dags/example_latest_only_with_trigger.py
[2023-12-23T18:21:33.974+0000] {processor.py:766} INFO - DAG(s) dict_keys(['latest_only_with_trigger']) retrieved from /home/airflow/.local/lib/python3.7/site-packages/airflow/example_dags/example_latest_only_with_trigger.py
[2023-12-23T18:21:34.014+0000] {logging_mixin.py:120} INFO - [2023-12-23T18:21:34.013+0000] {dag.py:2585} INFO - Sync 1 DAGs
[2023-12-23T18:21:34.038+0000] {logging_mixin.py:120} INFO - [2023-12-23T18:21:34.038+0000] {dag.py:3340} INFO - Setting next_dagrun for latest_only_with_trigger to 2023-12-23T14:21:34.038505+00:00, run_after=2023-12-23T18:21:34.038505+00:00
[2023-12-23T18:21:34.061+0000] {processor.py:176} INFO - Processing /home/airflow/.local/lib/python3.7/site-packages/airflow/example_dags/example_latest_only_with_trigger.py took 0.105 seconds
[2023-12-23T18:22:04.785+0000] {processor.py:154} INFO - Started process (PID=168) to work on /home/airflow/.local/lib/python3.7/site-packages/airflow/example_dags/example_latest_only_with_trigger.py
[2023-12-23T18:22:04.786+0000] {processor.py:756} INFO - Processing file /home/airflow/.local/lib/python3.7/site-packages/airflow/example_dags/example_latest_only_with_trigger.py for tasks to queue
[2023-12-23T18:22:04.786+0000] {logging_mixin.py:120} INFO - [2023-12-23T18:22:04.786+0000] {dagbag.py:537} INFO - Filling up the DagBag from /home/airflow/.local/lib/python3.7/site-packages/airflow/example_dags/example_latest_only_with_trigger.py
[2023-12-23T18:22:04.800+0000] {processor.py:766} INFO - DAG(s) dict_keys(['latest_only_with_trigger']) retrieved from /home/airflow/.local/lib/python3.7/site-packages/airflow/example_dags/example_latest_only_with_trigger.py
[2023-12-23T18:22:04.842+0000] {logging_mixin.py:120} INFO - [2023-12-23T18:22:04.842+0000] {dag.py:2585} INFO - Sync 1 DAGs
[2023-12-23T18:22:04.863+0000] {logging_mixin.py:120} INFO - [2023-12-23T18:22:04.863+0000] {dag.py:3340} INFO - Setting next_dagrun for latest_only_with_trigger to 2023-12-23T14:22:04.863642+00:00, run_after=2023-12-23T18:22:04.863642+00:00
[2023-12-23T18:22:04.885+0000] {processor.py:176} INFO - Processing /home/airflow/.local/lib/python3.7/site-packages/airflow/example_dags/example_latest_only_with_trigger.py took 0.102 seconds
[2023-12-23T18:22:35.231+0000] {processor.py:154} INFO - Started process (PID=231) to work on /home/airflow/.local/lib/python3.7/site-packages/airflow/example_dags/example_latest_only_with_trigger.py
[2023-12-23T18:22:35.232+0000] {processor.py:756} INFO - Processing file /home/airflow/.local/lib/python3.7/site-packages/airflow/example_dags/example_latest_only_with_trigger.py for tasks to queue
[2023-12-23T18:22:35.233+0000] {logging_mixin.py:120} INFO - [2023-12-23T18:22:35.232+0000] {dagbag.py:537} INFO - Filling up the DagBag from /home/airflow/.local/lib/python3.7/site-packages/airflow/example_dags/example_latest_only_with_trigger.py
[2023-12-23T18:22:35.245+0000] {processor.py:766} INFO - DAG(s) dict_keys(['latest_only_with_trigger']) retrieved from /home/airflow/.local/lib/python3.7/site-packages/airflow/example_dags/example_latest_only_with_trigger.py
[2023-12-23T18:22:35.281+0000] {logging_mixin.py:120} INFO - [2023-12-23T18:22:35.280+0000] {dag.py:2585} INFO - Sync 1 DAGs
[2023-12-23T18:22:35.302+0000] {logging_mixin.py:120} INFO - [2023-12-23T18:22:35.302+0000] {dag.py:3340} INFO - Setting next_dagrun for latest_only_with_trigger to 2023-12-23T14:22:35.302415+00:00, run_after=2023-12-23T18:22:35.302415+00:00
[2023-12-23T18:22:35.323+0000] {processor.py:176} INFO - Processing /home/airflow/.local/lib/python3.7/site-packages/airflow/example_dags/example_latest_only_with_trigger.py took 0.094 seconds
[2023-12-23T18:23:05.464+0000] {processor.py:154} INFO - Started process (PID=295) to work on /home/airflow/.local/lib/python3.7/site-packages/airflow/example_dags/example_latest_only_with_trigger.py
[2023-12-23T18:23:05.465+0000] {processor.py:756} INFO - Processing file /home/airflow/.local/lib/python3.7/site-packages/airflow/example_dags/example_latest_only_with_trigger.py for tasks to queue
[2023-12-23T18:23:05.466+0000] {logging_mixin.py:120} INFO - [2023-12-23T18:23:05.466+0000] {dagbag.py:537} INFO - Filling up the DagBag from /home/airflow/.local/lib/python3.7/site-packages/airflow/example_dags/example_latest_only_with_trigger.py
[2023-12-23T18:23:05.483+0000] {processor.py:766} INFO - DAG(s) dict_keys(['latest_only_with_trigger']) retrieved from /home/airflow/.local/lib/python3.7/site-packages/airflow/example_dags/example_latest_only_with_trigger.py
[2023-12-23T18:23:05.533+0000] {logging_mixin.py:120} INFO - [2023-12-23T18:23:05.533+0000] {dag.py:2585} INFO - Sync 1 DAGs
[2023-12-23T18:23:05.566+0000] {logging_mixin.py:120} INFO - [2023-12-23T18:23:05.566+0000] {dag.py:3340} INFO - Setting next_dagrun for latest_only_with_trigger to 2023-12-23T14:23:05.565721+00:00, run_after=2023-12-23T18:23:05.565721+00:00
[2023-12-23T18:23:05.597+0000] {processor.py:176} INFO - Processing /home/airflow/.local/lib/python3.7/site-packages/airflow/example_dags/example_latest_only_with_trigger.py took 0.136 seconds
[2023-12-23T18:23:36.488+0000] {processor.py:154} INFO - Started process (PID=350) to work on /home/airflow/.local/lib/python3.7/site-packages/airflow/example_dags/example_latest_only_with_trigger.py
[2023-12-23T18:23:36.489+0000] {processor.py:756} INFO - Processing file /home/airflow/.local/lib/python3.7/site-packages/airflow/example_dags/example_latest_only_with_trigger.py for tasks to queue
[2023-12-23T18:23:36.489+0000] {logging_mixin.py:120} INFO - [2023-12-23T18:23:36.489+0000] {dagbag.py:537} INFO - Filling up the DagBag from /home/airflow/.local/lib/python3.7/site-packages/airflow/example_dags/example_latest_only_with_trigger.py
[2023-12-23T18:23:36.501+0000] {processor.py:766} INFO - DAG(s) dict_keys(['latest_only_with_trigger']) retrieved from /home/airflow/.local/lib/python3.7/site-packages/airflow/example_dags/example_latest_only_with_trigger.py
[2023-12-23T18:23:36.535+0000] {logging_mixin.py:120} INFO - [2023-12-23T18:23:36.535+0000] {dag.py:2585} INFO - Sync 1 DAGs
[2023-12-23T18:23:36.556+0000] {logging_mixin.py:120} INFO - [2023-12-23T18:23:36.556+0000] {dag.py:3340} INFO - Setting next_dagrun for latest_only_with_trigger to 2023-12-23T14:23:36.556055+00:00, run_after=2023-12-23T18:23:36.556055+00:00
[2023-12-23T18:23:36.577+0000] {processor.py:176} INFO - Processing /home/airflow/.local/lib/python3.7/site-packages/airflow/example_dags/example_latest_only_with_trigger.py took 0.091 seconds
[2023-12-23T18:24:37.747+0000] {processor.py:154} INFO - Started process (PID=48) to work on /home/airflow/.local/lib/python3.7/site-packages/airflow/example_dags/example_latest_only_with_trigger.py
[2023-12-23T18:24:37.748+0000] {processor.py:756} INFO - Processing file /home/airflow/.local/lib/python3.7/site-packages/airflow/example_dags/example_latest_only_with_trigger.py for tasks to queue
[2023-12-23T18:24:37.748+0000] {logging_mixin.py:120} INFO - [2023-12-23T18:24:37.748+0000] {dagbag.py:537} INFO - Filling up the DagBag from /home/airflow/.local/lib/python3.7/site-packages/airflow/example_dags/example_latest_only_with_trigger.py
[2023-12-23T18:24:37.785+0000] {processor.py:766} INFO - DAG(s) dict_keys(['latest_only_with_trigger']) retrieved from /home/airflow/.local/lib/python3.7/site-packages/airflow/example_dags/example_latest_only_with_trigger.py
[2023-12-23T18:24:37.847+0000] {logging_mixin.py:120} INFO - [2023-12-23T18:24:37.847+0000] {dag.py:2585} INFO - Sync 1 DAGs
[2023-12-23T18:24:37.876+0000] {logging_mixin.py:120} INFO - [2023-12-23T18:24:37.875+0000] {dag.py:3340} INFO - Setting next_dagrun for latest_only_with_trigger to 2023-12-23T14:24:37.875746+00:00, run_after=2023-12-23T18:24:37.875746+00:00
[2023-12-23T18:24:37.908+0000] {processor.py:176} INFO - Processing /home/airflow/.local/lib/python3.7/site-packages/airflow/example_dags/example_latest_only_with_trigger.py took 0.187 seconds
[2023-12-23T18:25:08.397+0000] {processor.py:154} INFO - Started process (PID=101) to work on /home/airflow/.local/lib/python3.7/site-packages/airflow/example_dags/example_latest_only_with_trigger.py
[2023-12-23T18:25:08.398+0000] {processor.py:756} INFO - Processing file /home/airflow/.local/lib/python3.7/site-packages/airflow/example_dags/example_latest_only_with_trigger.py for tasks to queue
[2023-12-23T18:25:08.399+0000] {logging_mixin.py:120} INFO - [2023-12-23T18:25:08.399+0000] {dagbag.py:537} INFO - Filling up the DagBag from /home/airflow/.local/lib/python3.7/site-packages/airflow/example_dags/example_latest_only_with_trigger.py
[2023-12-23T18:25:08.412+0000] {processor.py:766} INFO - DAG(s) dict_keys(['latest_only_with_trigger']) retrieved from /home/airflow/.local/lib/python3.7/site-packages/airflow/example_dags/example_latest_only_with_trigger.py
[2023-12-23T18:25:08.448+0000] {logging_mixin.py:120} INFO - [2023-12-23T18:25:08.448+0000] {dag.py:2585} INFO - Sync 1 DAGs
[2023-12-23T18:25:08.470+0000] {logging_mixin.py:120} INFO - [2023-12-23T18:25:08.470+0000] {dag.py:3340} INFO - Setting next_dagrun for latest_only_with_trigger to 2023-12-23T14:25:08.470168+00:00, run_after=2023-12-23T18:25:08.470168+00:00
[2023-12-23T18:25:08.492+0000] {processor.py:176} INFO - Processing /home/airflow/.local/lib/python3.7/site-packages/airflow/example_dags/example_latest_only_with_trigger.py took 0.097 seconds
[2023-12-23T18:25:39.122+0000] {processor.py:154} INFO - Started process (PID=166) to work on /home/airflow/.local/lib/python3.7/site-packages/airflow/example_dags/example_latest_only_with_trigger.py
[2023-12-23T18:25:39.123+0000] {processor.py:756} INFO - Processing file /home/airflow/.local/lib/python3.7/site-packages/airflow/example_dags/example_latest_only_with_trigger.py for tasks to queue
[2023-12-23T18:25:39.123+0000] {logging_mixin.py:120} INFO - [2023-12-23T18:25:39.123+0000] {dagbag.py:537} INFO - Filling up the DagBag from /home/airflow/.local/lib/python3.7/site-packages/airflow/example_dags/example_latest_only_with_trigger.py
[2023-12-23T18:25:39.141+0000] {processor.py:766} INFO - DAG(s) dict_keys(['latest_only_with_trigger']) retrieved from /home/airflow/.local/lib/python3.7/site-packages/airflow/example_dags/example_latest_only_with_trigger.py
[2023-12-23T18:25:39.199+0000] {logging_mixin.py:120} INFO - [2023-12-23T18:25:39.198+0000] {dag.py:2585} INFO - Sync 1 DAGs
[2023-12-23T18:25:39.230+0000] {logging_mixin.py:120} INFO - [2023-12-23T18:25:39.230+0000] {dag.py:3340} INFO - Setting next_dagrun for latest_only_with_trigger to 2023-12-23T14:25:39.229922+00:00, run_after=2023-12-23T18:25:39.229922+00:00
[2023-12-23T18:25:39.256+0000] {processor.py:176} INFO - Processing /home/airflow/.local/lib/python3.7/site-packages/airflow/example_dags/example_latest_only_with_trigger.py took 0.137 seconds
[2023-12-23T18:26:09.513+0000] {processor.py:154} INFO - Started process (PID=229) to work on /home/airflow/.local/lib/python3.7/site-packages/airflow/example_dags/example_latest_only_with_trigger.py
[2023-12-23T18:26:09.513+0000] {processor.py:756} INFO - Processing file /home/airflow/.local/lib/python3.7/site-packages/airflow/example_dags/example_latest_only_with_trigger.py for tasks to queue
[2023-12-23T18:26:09.514+0000] {logging_mixin.py:120} INFO - [2023-12-23T18:26:09.514+0000] {dagbag.py:537} INFO - Filling up the DagBag from /home/airflow/.local/lib/python3.7/site-packages/airflow/example_dags/example_latest_only_with_trigger.py
[2023-12-23T18:26:09.526+0000] {processor.py:766} INFO - DAG(s) dict_keys(['latest_only_with_trigger']) retrieved from /home/airflow/.local/lib/python3.7/site-packages/airflow/example_dags/example_latest_only_with_trigger.py
[2023-12-23T18:26:09.559+0000] {logging_mixin.py:120} INFO - [2023-12-23T18:26:09.559+0000] {dag.py:2585} INFO - Sync 1 DAGs
[2023-12-23T18:26:09.580+0000] {logging_mixin.py:120} INFO - [2023-12-23T18:26:09.579+0000] {dag.py:3340} INFO - Setting next_dagrun for latest_only_with_trigger to 2023-12-23T14:26:09.579756+00:00, run_after=2023-12-23T18:26:09.579756+00:00
[2023-12-23T18:26:09.600+0000] {processor.py:176} INFO - Processing /home/airflow/.local/lib/python3.7/site-packages/airflow/example_dags/example_latest_only_with_trigger.py took 0.090 seconds
[2023-12-23T18:26:40.696+0000] {processor.py:154} INFO - Started process (PID=292) to work on /home/airflow/.local/lib/python3.7/site-packages/airflow/example_dags/example_latest_only_with_trigger.py
[2023-12-23T18:26:40.697+0000] {processor.py:756} INFO - Processing file /home/airflow/.local/lib/python3.7/site-packages/airflow/example_dags/example_latest_only_with_trigger.py for tasks to queue
[2023-12-23T18:26:40.698+0000] {logging_mixin.py:120} INFO - [2023-12-23T18:26:40.698+0000] {dagbag.py:537} INFO - Filling up the DagBag from /home/airflow/.local/lib/python3.7/site-packages/airflow/example_dags/example_latest_only_with_trigger.py
[2023-12-23T18:26:40.736+0000] {processor.py:766} INFO - DAG(s) dict_keys(['latest_only_with_trigger']) retrieved from /home/airflow/.local/lib/python3.7/site-packages/airflow/example_dags/example_latest_only_with_trigger.py
[2023-12-23T18:26:40.797+0000] {logging_mixin.py:120} INFO - [2023-12-23T18:26:40.797+0000] {dag.py:2585} INFO - Sync 1 DAGs
[2023-12-23T18:26:40.829+0000] {logging_mixin.py:120} INFO - [2023-12-23T18:26:40.829+0000] {dag.py:3340} INFO - Setting next_dagrun for latest_only_with_trigger to 2023-12-23T14:26:40.828993+00:00, run_after=2023-12-23T18:26:40.828993+00:00
[2023-12-23T18:26:40.867+0000] {processor.py:176} INFO - Processing /home/airflow/.local/lib/python3.7/site-packages/airflow/example_dags/example_latest_only_with_trigger.py took 0.174 seconds
[2023-12-23T18:35:55.806+0000] {processor.py:154} INFO - Started process (PID=48) to work on /home/airflow/.local/lib/python3.7/site-packages/airflow/example_dags/example_latest_only_with_trigger.py
[2023-12-23T18:35:55.807+0000] {processor.py:756} INFO - Processing file /home/airflow/.local/lib/python3.7/site-packages/airflow/example_dags/example_latest_only_with_trigger.py for tasks to queue
[2023-12-23T18:35:55.807+0000] {logging_mixin.py:120} INFO - [2023-12-23T18:35:55.807+0000] {dagbag.py:537} INFO - Filling up the DagBag from /home/airflow/.local/lib/python3.7/site-packages/airflow/example_dags/example_latest_only_with_trigger.py
[2023-12-23T18:35:55.826+0000] {processor.py:766} INFO - DAG(s) dict_keys(['latest_only_with_trigger']) retrieved from /home/airflow/.local/lib/python3.7/site-packages/airflow/example_dags/example_latest_only_with_trigger.py
[2023-12-23T18:35:55.858+0000] {logging_mixin.py:120} INFO - [2023-12-23T18:35:55.857+0000] {dag.py:2585} INFO - Sync 1 DAGs
[2023-12-23T18:35:55.892+0000] {logging_mixin.py:120} INFO - [2023-12-23T18:35:55.891+0000] {dag.py:3340} INFO - Setting next_dagrun for latest_only_with_trigger to 2023-12-23T14:35:55.891690+00:00, run_after=2023-12-23T18:35:55.891690+00:00
[2023-12-23T18:35:55.918+0000] {processor.py:176} INFO - Processing /home/airflow/.local/lib/python3.7/site-packages/airflow/example_dags/example_latest_only_with_trigger.py took 0.116 seconds
[2023-12-23T18:36:26.294+0000] {processor.py:154} INFO - Started process (PID=101) to work on /home/airflow/.local/lib/python3.7/site-packages/airflow/example_dags/example_latest_only_with_trigger.py
[2023-12-23T18:36:26.295+0000] {processor.py:756} INFO - Processing file /home/airflow/.local/lib/python3.7/site-packages/airflow/example_dags/example_latest_only_with_trigger.py for tasks to queue
[2023-12-23T18:36:26.295+0000] {logging_mixin.py:120} INFO - [2023-12-23T18:36:26.295+0000] {dagbag.py:537} INFO - Filling up the DagBag from /home/airflow/.local/lib/python3.7/site-packages/airflow/example_dags/example_latest_only_with_trigger.py
[2023-12-23T18:36:26.307+0000] {processor.py:766} INFO - DAG(s) dict_keys(['latest_only_with_trigger']) retrieved from /home/airflow/.local/lib/python3.7/site-packages/airflow/example_dags/example_latest_only_with_trigger.py
[2023-12-23T18:36:26.342+0000] {logging_mixin.py:120} INFO - [2023-12-23T18:36:26.342+0000] {dag.py:2585} INFO - Sync 1 DAGs
[2023-12-23T18:36:26.362+0000] {logging_mixin.py:120} INFO - [2023-12-23T18:36:26.362+0000] {dag.py:3340} INFO - Setting next_dagrun for latest_only_with_trigger to 2023-12-23T14:36:26.362331+00:00, run_after=2023-12-23T18:36:26.362331+00:00
[2023-12-23T18:36:26.382+0000] {processor.py:176} INFO - Processing /home/airflow/.local/lib/python3.7/site-packages/airflow/example_dags/example_latest_only_with_trigger.py took 0.091 seconds
[2023-12-23T18:36:56.688+0000] {processor.py:154} INFO - Started process (PID=165) to work on /home/airflow/.local/lib/python3.7/site-packages/airflow/example_dags/example_latest_only_with_trigger.py
[2023-12-23T18:36:56.689+0000] {processor.py:756} INFO - Processing file /home/airflow/.local/lib/python3.7/site-packages/airflow/example_dags/example_latest_only_with_trigger.py for tasks to queue
[2023-12-23T18:36:56.689+0000] {logging_mixin.py:120} INFO - [2023-12-23T18:36:56.689+0000] {dagbag.py:537} INFO - Filling up the DagBag from /home/airflow/.local/lib/python3.7/site-packages/airflow/example_dags/example_latest_only_with_trigger.py
[2023-12-23T18:36:56.705+0000] {processor.py:766} INFO - DAG(s) dict_keys(['latest_only_with_trigger']) retrieved from /home/airflow/.local/lib/python3.7/site-packages/airflow/example_dags/example_latest_only_with_trigger.py
[2023-12-23T18:36:56.763+0000] {logging_mixin.py:120} INFO - [2023-12-23T18:36:56.763+0000] {dag.py:2585} INFO - Sync 1 DAGs
[2023-12-23T18:36:56.794+0000] {logging_mixin.py:120} INFO - [2023-12-23T18:36:56.794+0000] {dag.py:3340} INFO - Setting next_dagrun for latest_only_with_trigger to 2023-12-23T14:36:56.794187+00:00, run_after=2023-12-23T18:36:56.794187+00:00
[2023-12-23T18:36:56.822+0000] {processor.py:176} INFO - Processing /home/airflow/.local/lib/python3.7/site-packages/airflow/example_dags/example_latest_only_with_trigger.py took 0.138 seconds
