[2023-12-23T18:12:46.032+0000] {processor.py:154} INFO - Started process (PID=49) to work on /home/airflow/.local/lib/python3.7/site-packages/airflow/example_dags/example_branch_python_dop_operator_3.py
[2023-12-23T18:12:46.033+0000] {processor.py:756} INFO - Processing file /home/airflow/.local/lib/python3.7/site-packages/airflow/example_dags/example_branch_python_dop_operator_3.py for tasks to queue
[2023-12-23T18:12:46.034+0000] {logging_mixin.py:120} INFO - [2023-12-23T18:12:46.034+0000] {dagbag.py:537} INFO - Filling up the DagBag from /home/airflow/.local/lib/python3.7/site-packages/airflow/example_dags/example_branch_python_dop_operator_3.py
[2023-12-23T18:12:46.067+0000] {processor.py:766} INFO - DAG(s) dict_keys(['example_branch_dop_operator_v3']) retrieved from /home/airflow/.local/lib/python3.7/site-packages/airflow/example_dags/example_branch_python_dop_operator_3.py
[2023-12-23T18:12:46.122+0000] {logging_mixin.py:120} INFO - [2023-12-23T18:12:46.122+0000] {dag.py:2585} INFO - Sync 1 DAGs
[2023-12-23T18:12:46.165+0000] {logging_mixin.py:120} INFO - [2023-12-23T18:12:46.165+0000] {dag.py:3340} INFO - Setting next_dagrun for example_branch_dop_operator_v3 to 2023-12-23T18:11:00+00:00, run_after=2023-12-23T18:12:00+00:00
[2023-12-23T18:12:46.214+0000] {processor.py:176} INFO - Processing /home/airflow/.local/lib/python3.7/site-packages/airflow/example_dags/example_branch_python_dop_operator_3.py took 0.185 seconds
[2023-12-23T18:13:16.315+0000] {processor.py:154} INFO - Started process (PID=103) to work on /home/airflow/.local/lib/python3.7/site-packages/airflow/example_dags/example_branch_python_dop_operator_3.py
[2023-12-23T18:13:16.315+0000] {processor.py:756} INFO - Processing file /home/airflow/.local/lib/python3.7/site-packages/airflow/example_dags/example_branch_python_dop_operator_3.py for tasks to queue
[2023-12-23T18:13:16.316+0000] {logging_mixin.py:120} INFO - [2023-12-23T18:13:16.316+0000] {dagbag.py:537} INFO - Filling up the DagBag from /home/airflow/.local/lib/python3.7/site-packages/airflow/example_dags/example_branch_python_dop_operator_3.py
[2023-12-23T18:13:16.337+0000] {processor.py:766} INFO - DAG(s) dict_keys(['example_branch_dop_operator_v3']) retrieved from /home/airflow/.local/lib/python3.7/site-packages/airflow/example_dags/example_branch_python_dop_operator_3.py
[2023-12-23T18:13:16.377+0000] {logging_mixin.py:120} INFO - [2023-12-23T18:13:16.377+0000] {dag.py:2585} INFO - Sync 1 DAGs
[2023-12-23T18:13:16.404+0000] {logging_mixin.py:120} INFO - [2023-12-23T18:13:16.404+0000] {dag.py:3340} INFO - Setting next_dagrun for example_branch_dop_operator_v3 to 2023-12-23T18:12:00+00:00, run_after=2023-12-23T18:13:00+00:00
[2023-12-23T18:13:16.427+0000] {processor.py:176} INFO - Processing /home/airflow/.local/lib/python3.7/site-packages/airflow/example_dags/example_branch_python_dop_operator_3.py took 0.115 seconds
[2023-12-23T18:13:47.215+0000] {processor.py:154} INFO - Started process (PID=166) to work on /home/airflow/.local/lib/python3.7/site-packages/airflow/example_dags/example_branch_python_dop_operator_3.py
[2023-12-23T18:13:47.216+0000] {processor.py:756} INFO - Processing file /home/airflow/.local/lib/python3.7/site-packages/airflow/example_dags/example_branch_python_dop_operator_3.py for tasks to queue
[2023-12-23T18:13:47.216+0000] {logging_mixin.py:120} INFO - [2023-12-23T18:13:47.216+0000] {dagbag.py:537} INFO - Filling up the DagBag from /home/airflow/.local/lib/python3.7/site-packages/airflow/example_dags/example_branch_python_dop_operator_3.py
[2023-12-23T18:13:47.246+0000] {processor.py:766} INFO - DAG(s) dict_keys(['example_branch_dop_operator_v3']) retrieved from /home/airflow/.local/lib/python3.7/site-packages/airflow/example_dags/example_branch_python_dop_operator_3.py
[2023-12-23T18:13:47.286+0000] {logging_mixin.py:120} INFO - [2023-12-23T18:13:47.286+0000] {dag.py:2585} INFO - Sync 1 DAGs
[2023-12-23T18:13:47.315+0000] {logging_mixin.py:120} INFO - [2023-12-23T18:13:47.315+0000] {dag.py:3340} INFO - Setting next_dagrun for example_branch_dop_operator_v3 to 2023-12-23T18:12:00+00:00, run_after=2023-12-23T18:13:00+00:00
[2023-12-23T18:13:47.337+0000] {processor.py:176} INFO - Processing /home/airflow/.local/lib/python3.7/site-packages/airflow/example_dags/example_branch_python_dop_operator_3.py took 0.125 seconds
[2023-12-23T18:14:18.254+0000] {processor.py:154} INFO - Started process (PID=229) to work on /home/airflow/.local/lib/python3.7/site-packages/airflow/example_dags/example_branch_python_dop_operator_3.py
[2023-12-23T18:14:18.254+0000] {processor.py:756} INFO - Processing file /home/airflow/.local/lib/python3.7/site-packages/airflow/example_dags/example_branch_python_dop_operator_3.py for tasks to queue
[2023-12-23T18:14:18.255+0000] {logging_mixin.py:120} INFO - [2023-12-23T18:14:18.255+0000] {dagbag.py:537} INFO - Filling up the DagBag from /home/airflow/.local/lib/python3.7/site-packages/airflow/example_dags/example_branch_python_dop_operator_3.py
[2023-12-23T18:14:18.277+0000] {processor.py:766} INFO - DAG(s) dict_keys(['example_branch_dop_operator_v3']) retrieved from /home/airflow/.local/lib/python3.7/site-packages/airflow/example_dags/example_branch_python_dop_operator_3.py
[2023-12-23T18:14:18.320+0000] {logging_mixin.py:120} INFO - [2023-12-23T18:14:18.320+0000] {dag.py:2585} INFO - Sync 1 DAGs
[2023-12-23T18:14:18.346+0000] {logging_mixin.py:120} INFO - [2023-12-23T18:14:18.345+0000] {dag.py:3340} INFO - Setting next_dagrun for example_branch_dop_operator_v3 to 2023-12-23T18:13:00+00:00, run_after=2023-12-23T18:14:00+00:00
[2023-12-23T18:14:18.367+0000] {processor.py:176} INFO - Processing /home/airflow/.local/lib/python3.7/site-packages/airflow/example_dags/example_branch_python_dop_operator_3.py took 0.117 seconds
[2023-12-23T18:14:48.861+0000] {processor.py:154} INFO - Started process (PID=293) to work on /home/airflow/.local/lib/python3.7/site-packages/airflow/example_dags/example_branch_python_dop_operator_3.py
[2023-12-23T18:14:48.862+0000] {processor.py:756} INFO - Processing file /home/airflow/.local/lib/python3.7/site-packages/airflow/example_dags/example_branch_python_dop_operator_3.py for tasks to queue
[2023-12-23T18:14:48.862+0000] {logging_mixin.py:120} INFO - [2023-12-23T18:14:48.862+0000] {dagbag.py:537} INFO - Filling up the DagBag from /home/airflow/.local/lib/python3.7/site-packages/airflow/example_dags/example_branch_python_dop_operator_3.py
[2023-12-23T18:14:48.884+0000] {processor.py:766} INFO - DAG(s) dict_keys(['example_branch_dop_operator_v3']) retrieved from /home/airflow/.local/lib/python3.7/site-packages/airflow/example_dags/example_branch_python_dop_operator_3.py
[2023-12-23T18:14:48.916+0000] {logging_mixin.py:120} INFO - [2023-12-23T18:14:48.916+0000] {dag.py:2585} INFO - Sync 1 DAGs
[2023-12-23T18:14:48.943+0000] {logging_mixin.py:120} INFO - [2023-12-23T18:14:48.943+0000] {dag.py:3340} INFO - Setting next_dagrun for example_branch_dop_operator_v3 to 2023-12-23T18:13:00+00:00, run_after=2023-12-23T18:14:00+00:00
[2023-12-23T18:14:48.965+0000] {processor.py:176} INFO - Processing /home/airflow/.local/lib/python3.7/site-packages/airflow/example_dags/example_branch_python_dop_operator_3.py took 0.106 seconds
[2023-12-23T18:15:20.023+0000] {processor.py:154} INFO - Started process (PID=354) to work on /home/airflow/.local/lib/python3.7/site-packages/airflow/example_dags/example_branch_python_dop_operator_3.py
[2023-12-23T18:15:20.024+0000] {processor.py:756} INFO - Processing file /home/airflow/.local/lib/python3.7/site-packages/airflow/example_dags/example_branch_python_dop_operator_3.py for tasks to queue
[2023-12-23T18:15:20.026+0000] {logging_mixin.py:120} INFO - [2023-12-23T18:15:20.026+0000] {dagbag.py:537} INFO - Filling up the DagBag from /home/airflow/.local/lib/python3.7/site-packages/airflow/example_dags/example_branch_python_dop_operator_3.py
[2023-12-23T18:15:20.069+0000] {processor.py:766} INFO - DAG(s) dict_keys(['example_branch_dop_operator_v3']) retrieved from /home/airflow/.local/lib/python3.7/site-packages/airflow/example_dags/example_branch_python_dop_operator_3.py
[2023-12-23T18:15:20.127+0000] {logging_mixin.py:120} INFO - [2023-12-23T18:15:20.127+0000] {dag.py:2585} INFO - Sync 1 DAGs
[2023-12-23T18:15:20.195+0000] {logging_mixin.py:120} INFO - [2023-12-23T18:15:20.195+0000] {dag.py:3340} INFO - Setting next_dagrun for example_branch_dop_operator_v3 to 2023-12-23T18:14:00+00:00, run_after=2023-12-23T18:15:00+00:00
[2023-12-23T18:15:20.241+0000] {processor.py:176} INFO - Processing /home/airflow/.local/lib/python3.7/site-packages/airflow/example_dags/example_branch_python_dop_operator_3.py took 0.221 seconds
[2023-12-23T18:15:50.338+0000] {processor.py:154} INFO - Started process (PID=411) to work on /home/airflow/.local/lib/python3.7/site-packages/airflow/example_dags/example_branch_python_dop_operator_3.py
[2023-12-23T18:15:50.339+0000] {processor.py:756} INFO - Processing file /home/airflow/.local/lib/python3.7/site-packages/airflow/example_dags/example_branch_python_dop_operator_3.py for tasks to queue
[2023-12-23T18:15:50.339+0000] {logging_mixin.py:120} INFO - [2023-12-23T18:15:50.339+0000] {dagbag.py:537} INFO - Filling up the DagBag from /home/airflow/.local/lib/python3.7/site-packages/airflow/example_dags/example_branch_python_dop_operator_3.py
[2023-12-23T18:15:50.362+0000] {processor.py:766} INFO - DAG(s) dict_keys(['example_branch_dop_operator_v3']) retrieved from /home/airflow/.local/lib/python3.7/site-packages/airflow/example_dags/example_branch_python_dop_operator_3.py
[2023-12-23T18:15:50.394+0000] {logging_mixin.py:120} INFO - [2023-12-23T18:15:50.394+0000] {dag.py:2585} INFO - Sync 1 DAGs
[2023-12-23T18:15:50.420+0000] {logging_mixin.py:120} INFO - [2023-12-23T18:15:50.419+0000] {dag.py:3340} INFO - Setting next_dagrun for example_branch_dop_operator_v3 to 2023-12-23T18:14:00+00:00, run_after=2023-12-23T18:15:00+00:00
[2023-12-23T18:15:50.442+0000] {processor.py:176} INFO - Processing /home/airflow/.local/lib/python3.7/site-packages/airflow/example_dags/example_branch_python_dop_operator_3.py took 0.108 seconds
[2023-12-23T18:16:21.208+0000] {processor.py:154} INFO - Started process (PID=474) to work on /home/airflow/.local/lib/python3.7/site-packages/airflow/example_dags/example_branch_python_dop_operator_3.py
[2023-12-23T18:16:21.209+0000] {processor.py:756} INFO - Processing file /home/airflow/.local/lib/python3.7/site-packages/airflow/example_dags/example_branch_python_dop_operator_3.py for tasks to queue
[2023-12-23T18:16:21.210+0000] {logging_mixin.py:120} INFO - [2023-12-23T18:16:21.210+0000] {dagbag.py:537} INFO - Filling up the DagBag from /home/airflow/.local/lib/python3.7/site-packages/airflow/example_dags/example_branch_python_dop_operator_3.py
[2023-12-23T18:16:21.239+0000] {processor.py:766} INFO - DAG(s) dict_keys(['example_branch_dop_operator_v3']) retrieved from /home/airflow/.local/lib/python3.7/site-packages/airflow/example_dags/example_branch_python_dop_operator_3.py
[2023-12-23T18:16:21.293+0000] {logging_mixin.py:120} INFO - [2023-12-23T18:16:21.293+0000] {dag.py:2585} INFO - Sync 1 DAGs
[2023-12-23T18:16:21.330+0000] {logging_mixin.py:120} INFO - [2023-12-23T18:16:21.330+0000] {dag.py:3340} INFO - Setting next_dagrun for example_branch_dop_operator_v3 to 2023-12-23T18:15:00+00:00, run_after=2023-12-23T18:16:00+00:00
[2023-12-23T18:16:21.357+0000] {processor.py:176} INFO - Processing /home/airflow/.local/lib/python3.7/site-packages/airflow/example_dags/example_branch_python_dop_operator_3.py took 0.152 seconds
[2023-12-23T18:16:51.987+0000] {processor.py:154} INFO - Started process (PID=538) to work on /home/airflow/.local/lib/python3.7/site-packages/airflow/example_dags/example_branch_python_dop_operator_3.py
[2023-12-23T18:16:51.987+0000] {processor.py:756} INFO - Processing file /home/airflow/.local/lib/python3.7/site-packages/airflow/example_dags/example_branch_python_dop_operator_3.py for tasks to queue
[2023-12-23T18:16:51.988+0000] {logging_mixin.py:120} INFO - [2023-12-23T18:16:51.988+0000] {dagbag.py:537} INFO - Filling up the DagBag from /home/airflow/.local/lib/python3.7/site-packages/airflow/example_dags/example_branch_python_dop_operator_3.py
[2023-12-23T18:16:52.010+0000] {processor.py:766} INFO - DAG(s) dict_keys(['example_branch_dop_operator_v3']) retrieved from /home/airflow/.local/lib/python3.7/site-packages/airflow/example_dags/example_branch_python_dop_operator_3.py
[2023-12-23T18:16:52.044+0000] {logging_mixin.py:120} INFO - [2023-12-23T18:16:52.044+0000] {dag.py:2585} INFO - Sync 1 DAGs
[2023-12-23T18:16:52.070+0000] {logging_mixin.py:120} INFO - [2023-12-23T18:16:52.070+0000] {dag.py:3340} INFO - Setting next_dagrun for example_branch_dop_operator_v3 to 2023-12-23T18:15:00+00:00, run_after=2023-12-23T18:16:00+00:00
[2023-12-23T18:16:52.093+0000] {processor.py:176} INFO - Processing /home/airflow/.local/lib/python3.7/site-packages/airflow/example_dags/example_branch_python_dop_operator_3.py took 0.108 seconds
[2023-12-23T18:17:22.734+0000] {processor.py:154} INFO - Started process (PID=593) to work on /home/airflow/.local/lib/python3.7/site-packages/airflow/example_dags/example_branch_python_dop_operator_3.py
[2023-12-23T18:17:22.735+0000] {processor.py:756} INFO - Processing file /home/airflow/.local/lib/python3.7/site-packages/airflow/example_dags/example_branch_python_dop_operator_3.py for tasks to queue
[2023-12-23T18:17:22.736+0000] {logging_mixin.py:120} INFO - [2023-12-23T18:17:22.735+0000] {dagbag.py:537} INFO - Filling up the DagBag from /home/airflow/.local/lib/python3.7/site-packages/airflow/example_dags/example_branch_python_dop_operator_3.py
[2023-12-23T18:17:22.759+0000] {processor.py:766} INFO - DAG(s) dict_keys(['example_branch_dop_operator_v3']) retrieved from /home/airflow/.local/lib/python3.7/site-packages/airflow/example_dags/example_branch_python_dop_operator_3.py
[2023-12-23T18:17:22.795+0000] {logging_mixin.py:120} INFO - [2023-12-23T18:17:22.795+0000] {dag.py:2585} INFO - Sync 1 DAGs
[2023-12-23T18:17:22.819+0000] {logging_mixin.py:120} INFO - [2023-12-23T18:17:22.819+0000] {dag.py:3340} INFO - Setting next_dagrun for example_branch_dop_operator_v3 to 2023-12-23T18:16:00+00:00, run_after=2023-12-23T18:17:00+00:00
[2023-12-23T18:17:22.841+0000] {processor.py:176} INFO - Processing /home/airflow/.local/lib/python3.7/site-packages/airflow/example_dags/example_branch_python_dop_operator_3.py took 0.109 seconds
[2023-12-23T18:17:53.761+0000] {processor.py:154} INFO - Started process (PID=657) to work on /home/airflow/.local/lib/python3.7/site-packages/airflow/example_dags/example_branch_python_dop_operator_3.py
[2023-12-23T18:17:53.761+0000] {processor.py:756} INFO - Processing file /home/airflow/.local/lib/python3.7/site-packages/airflow/example_dags/example_branch_python_dop_operator_3.py for tasks to queue
[2023-12-23T18:17:53.762+0000] {logging_mixin.py:120} INFO - [2023-12-23T18:17:53.762+0000] {dagbag.py:537} INFO - Filling up the DagBag from /home/airflow/.local/lib/python3.7/site-packages/airflow/example_dags/example_branch_python_dop_operator_3.py
[2023-12-23T18:17:53.781+0000] {processor.py:766} INFO - DAG(s) dict_keys(['example_branch_dop_operator_v3']) retrieved from /home/airflow/.local/lib/python3.7/site-packages/airflow/example_dags/example_branch_python_dop_operator_3.py
[2023-12-23T18:17:53.812+0000] {logging_mixin.py:120} INFO - [2023-12-23T18:17:53.812+0000] {dag.py:2585} INFO - Sync 1 DAGs
[2023-12-23T18:17:53.836+0000] {logging_mixin.py:120} INFO - [2023-12-23T18:17:53.836+0000] {dag.py:3340} INFO - Setting next_dagrun for example_branch_dop_operator_v3 to 2023-12-23T18:16:00+00:00, run_after=2023-12-23T18:17:00+00:00
[2023-12-23T18:17:53.859+0000] {processor.py:176} INFO - Processing /home/airflow/.local/lib/python3.7/site-packages/airflow/example_dags/example_branch_python_dop_operator_3.py took 0.101 seconds
[2023-12-23T18:18:24.373+0000] {processor.py:154} INFO - Started process (PID=721) to work on /home/airflow/.local/lib/python3.7/site-packages/airflow/example_dags/example_branch_python_dop_operator_3.py
[2023-12-23T18:18:24.373+0000] {processor.py:756} INFO - Processing file /home/airflow/.local/lib/python3.7/site-packages/airflow/example_dags/example_branch_python_dop_operator_3.py for tasks to queue
[2023-12-23T18:18:24.374+0000] {logging_mixin.py:120} INFO - [2023-12-23T18:18:24.374+0000] {dagbag.py:537} INFO - Filling up the DagBag from /home/airflow/.local/lib/python3.7/site-packages/airflow/example_dags/example_branch_python_dop_operator_3.py
[2023-12-23T18:18:24.394+0000] {processor.py:766} INFO - DAG(s) dict_keys(['example_branch_dop_operator_v3']) retrieved from /home/airflow/.local/lib/python3.7/site-packages/airflow/example_dags/example_branch_python_dop_operator_3.py
[2023-12-23T18:18:24.430+0000] {logging_mixin.py:120} INFO - [2023-12-23T18:18:24.429+0000] {dag.py:2585} INFO - Sync 1 DAGs
[2023-12-23T18:18:24.458+0000] {logging_mixin.py:120} INFO - [2023-12-23T18:18:24.457+0000] {dag.py:3340} INFO - Setting next_dagrun for example_branch_dop_operator_v3 to 2023-12-23T18:17:00+00:00, run_after=2023-12-23T18:18:00+00:00
[2023-12-23T18:18:24.480+0000] {processor.py:176} INFO - Processing /home/airflow/.local/lib/python3.7/site-packages/airflow/example_dags/example_branch_python_dop_operator_3.py took 0.110 seconds
[2023-12-23T18:18:55.172+0000] {processor.py:154} INFO - Started process (PID=785) to work on /home/airflow/.local/lib/python3.7/site-packages/airflow/example_dags/example_branch_python_dop_operator_3.py
[2023-12-23T18:18:55.172+0000] {processor.py:756} INFO - Processing file /home/airflow/.local/lib/python3.7/site-packages/airflow/example_dags/example_branch_python_dop_operator_3.py for tasks to queue
[2023-12-23T18:18:55.173+0000] {logging_mixin.py:120} INFO - [2023-12-23T18:18:55.173+0000] {dagbag.py:537} INFO - Filling up the DagBag from /home/airflow/.local/lib/python3.7/site-packages/airflow/example_dags/example_branch_python_dop_operator_3.py
[2023-12-23T18:18:55.200+0000] {processor.py:766} INFO - DAG(s) dict_keys(['example_branch_dop_operator_v3']) retrieved from /home/airflow/.local/lib/python3.7/site-packages/airflow/example_dags/example_branch_python_dop_operator_3.py
[2023-12-23T18:18:55.240+0000] {logging_mixin.py:120} INFO - [2023-12-23T18:18:55.240+0000] {dag.py:2585} INFO - Sync 1 DAGs
[2023-12-23T18:18:55.273+0000] {logging_mixin.py:120} INFO - [2023-12-23T18:18:55.273+0000] {dag.py:3340} INFO - Setting next_dagrun for example_branch_dop_operator_v3 to 2023-12-23T18:17:00+00:00, run_after=2023-12-23T18:18:00+00:00
[2023-12-23T18:18:55.298+0000] {processor.py:176} INFO - Processing /home/airflow/.local/lib/python3.7/site-packages/airflow/example_dags/example_branch_python_dop_operator_3.py took 0.129 seconds
[2023-12-23T18:19:25.914+0000] {processor.py:154} INFO - Started process (PID=840) to work on /home/airflow/.local/lib/python3.7/site-packages/airflow/example_dags/example_branch_python_dop_operator_3.py
[2023-12-23T18:19:25.914+0000] {processor.py:756} INFO - Processing file /home/airflow/.local/lib/python3.7/site-packages/airflow/example_dags/example_branch_python_dop_operator_3.py for tasks to queue
[2023-12-23T18:19:25.915+0000] {logging_mixin.py:120} INFO - [2023-12-23T18:19:25.915+0000] {dagbag.py:537} INFO - Filling up the DagBag from /home/airflow/.local/lib/python3.7/site-packages/airflow/example_dags/example_branch_python_dop_operator_3.py
[2023-12-23T18:19:25.935+0000] {processor.py:766} INFO - DAG(s) dict_keys(['example_branch_dop_operator_v3']) retrieved from /home/airflow/.local/lib/python3.7/site-packages/airflow/example_dags/example_branch_python_dop_operator_3.py
[2023-12-23T18:19:25.970+0000] {logging_mixin.py:120} INFO - [2023-12-23T18:19:25.970+0000] {dag.py:2585} INFO - Sync 1 DAGs
[2023-12-23T18:19:25.999+0000] {logging_mixin.py:120} INFO - [2023-12-23T18:19:25.999+0000] {dag.py:3340} INFO - Setting next_dagrun for example_branch_dop_operator_v3 to 2023-12-23T18:18:00+00:00, run_after=2023-12-23T18:19:00+00:00
[2023-12-23T18:19:26.025+0000] {processor.py:176} INFO - Processing /home/airflow/.local/lib/python3.7/site-packages/airflow/example_dags/example_branch_python_dop_operator_3.py took 0.114 seconds
[2023-12-23T18:19:56.871+0000] {processor.py:154} INFO - Started process (PID=904) to work on /home/airflow/.local/lib/python3.7/site-packages/airflow/example_dags/example_branch_python_dop_operator_3.py
[2023-12-23T18:19:56.872+0000] {processor.py:756} INFO - Processing file /home/airflow/.local/lib/python3.7/site-packages/airflow/example_dags/example_branch_python_dop_operator_3.py for tasks to queue
[2023-12-23T18:19:56.872+0000] {logging_mixin.py:120} INFO - [2023-12-23T18:19:56.872+0000] {dagbag.py:537} INFO - Filling up the DagBag from /home/airflow/.local/lib/python3.7/site-packages/airflow/example_dags/example_branch_python_dop_operator_3.py
[2023-12-23T18:19:56.893+0000] {processor.py:766} INFO - DAG(s) dict_keys(['example_branch_dop_operator_v3']) retrieved from /home/airflow/.local/lib/python3.7/site-packages/airflow/example_dags/example_branch_python_dop_operator_3.py
[2023-12-23T18:19:56.927+0000] {logging_mixin.py:120} INFO - [2023-12-23T18:19:56.927+0000] {dag.py:2585} INFO - Sync 1 DAGs
[2023-12-23T18:19:56.952+0000] {logging_mixin.py:120} INFO - [2023-12-23T18:19:56.952+0000] {dag.py:3340} INFO - Setting next_dagrun for example_branch_dop_operator_v3 to 2023-12-23T18:18:00+00:00, run_after=2023-12-23T18:19:00+00:00
[2023-12-23T18:19:56.973+0000] {processor.py:176} INFO - Processing /home/airflow/.local/lib/python3.7/site-packages/airflow/example_dags/example_branch_python_dop_operator_3.py took 0.104 seconds
[2023-12-23T18:21:03.541+0000] {processor.py:154} INFO - Started process (PID=49) to work on /home/airflow/.local/lib/python3.7/site-packages/airflow/example_dags/example_branch_python_dop_operator_3.py
[2023-12-23T18:21:03.542+0000] {processor.py:756} INFO - Processing file /home/airflow/.local/lib/python3.7/site-packages/airflow/example_dags/example_branch_python_dop_operator_3.py for tasks to queue
[2023-12-23T18:21:03.542+0000] {logging_mixin.py:120} INFO - [2023-12-23T18:21:03.542+0000] {dagbag.py:537} INFO - Filling up the DagBag from /home/airflow/.local/lib/python3.7/site-packages/airflow/example_dags/example_branch_python_dop_operator_3.py
[2023-12-23T18:21:03.571+0000] {processor.py:766} INFO - DAG(s) dict_keys(['example_branch_dop_operator_v3']) retrieved from /home/airflow/.local/lib/python3.7/site-packages/airflow/example_dags/example_branch_python_dop_operator_3.py
[2023-12-23T18:21:03.604+0000] {logging_mixin.py:120} INFO - [2023-12-23T18:21:03.604+0000] {dag.py:2585} INFO - Sync 1 DAGs
[2023-12-23T18:21:03.644+0000] {logging_mixin.py:120} INFO - [2023-12-23T18:21:03.644+0000] {dag.py:3340} INFO - Setting next_dagrun for example_branch_dop_operator_v3 to 2023-12-23T18:20:00+00:00, run_after=2023-12-23T18:21:00+00:00
[2023-12-23T18:21:03.676+0000] {processor.py:176} INFO - Processing /home/airflow/.local/lib/python3.7/site-packages/airflow/example_dags/example_branch_python_dop_operator_3.py took 0.138 seconds
[2023-12-23T18:21:33.978+0000] {processor.py:154} INFO - Started process (PID=103) to work on /home/airflow/.local/lib/python3.7/site-packages/airflow/example_dags/example_branch_python_dop_operator_3.py
[2023-12-23T18:21:33.979+0000] {processor.py:756} INFO - Processing file /home/airflow/.local/lib/python3.7/site-packages/airflow/example_dags/example_branch_python_dop_operator_3.py for tasks to queue
[2023-12-23T18:21:33.980+0000] {logging_mixin.py:120} INFO - [2023-12-23T18:21:33.980+0000] {dagbag.py:537} INFO - Filling up the DagBag from /home/airflow/.local/lib/python3.7/site-packages/airflow/example_dags/example_branch_python_dop_operator_3.py
[2023-12-23T18:21:34.004+0000] {processor.py:766} INFO - DAG(s) dict_keys(['example_branch_dop_operator_v3']) retrieved from /home/airflow/.local/lib/python3.7/site-packages/airflow/example_dags/example_branch_python_dop_operator_3.py
[2023-12-23T18:21:34.042+0000] {logging_mixin.py:120} INFO - [2023-12-23T18:21:34.042+0000] {dag.py:2585} INFO - Sync 1 DAGs
[2023-12-23T18:21:34.071+0000] {logging_mixin.py:120} INFO - [2023-12-23T18:21:34.071+0000] {dag.py:3340} INFO - Setting next_dagrun for example_branch_dop_operator_v3 to 2023-12-23T18:20:00+00:00, run_after=2023-12-23T18:21:00+00:00
[2023-12-23T18:21:34.093+0000] {processor.py:176} INFO - Processing /home/airflow/.local/lib/python3.7/site-packages/airflow/example_dags/example_branch_python_dop_operator_3.py took 0.117 seconds
[2023-12-23T18:22:04.835+0000] {processor.py:154} INFO - Started process (PID=169) to work on /home/airflow/.local/lib/python3.7/site-packages/airflow/example_dags/example_branch_python_dop_operator_3.py
[2023-12-23T18:22:04.836+0000] {processor.py:756} INFO - Processing file /home/airflow/.local/lib/python3.7/site-packages/airflow/example_dags/example_branch_python_dop_operator_3.py for tasks to queue
[2023-12-23T18:22:04.836+0000] {logging_mixin.py:120} INFO - [2023-12-23T18:22:04.836+0000] {dagbag.py:537} INFO - Filling up the DagBag from /home/airflow/.local/lib/python3.7/site-packages/airflow/example_dags/example_branch_python_dop_operator_3.py
[2023-12-23T18:22:04.866+0000] {processor.py:766} INFO - DAG(s) dict_keys(['example_branch_dop_operator_v3']) retrieved from /home/airflow/.local/lib/python3.7/site-packages/airflow/example_dags/example_branch_python_dop_operator_3.py
[2023-12-23T18:22:04.914+0000] {logging_mixin.py:120} INFO - [2023-12-23T18:22:04.914+0000] {dag.py:2585} INFO - Sync 1 DAGs
[2023-12-23T18:22:04.954+0000] {logging_mixin.py:120} INFO - [2023-12-23T18:22:04.954+0000] {dag.py:3340} INFO - Setting next_dagrun for example_branch_dop_operator_v3 to 2023-12-23T18:21:00+00:00, run_after=2023-12-23T18:22:00+00:00
[2023-12-23T18:22:04.980+0000] {processor.py:176} INFO - Processing /home/airflow/.local/lib/python3.7/site-packages/airflow/example_dags/example_branch_python_dop_operator_3.py took 0.149 seconds
[2023-12-23T18:22:35.236+0000] {processor.py:154} INFO - Started process (PID=232) to work on /home/airflow/.local/lib/python3.7/site-packages/airflow/example_dags/example_branch_python_dop_operator_3.py
[2023-12-23T18:22:35.237+0000] {processor.py:756} INFO - Processing file /home/airflow/.local/lib/python3.7/site-packages/airflow/example_dags/example_branch_python_dop_operator_3.py for tasks to queue
[2023-12-23T18:22:35.237+0000] {logging_mixin.py:120} INFO - [2023-12-23T18:22:35.237+0000] {dagbag.py:537} INFO - Filling up the DagBag from /home/airflow/.local/lib/python3.7/site-packages/airflow/example_dags/example_branch_python_dop_operator_3.py
[2023-12-23T18:22:35.259+0000] {processor.py:766} INFO - DAG(s) dict_keys(['example_branch_dop_operator_v3']) retrieved from /home/airflow/.local/lib/python3.7/site-packages/airflow/example_dags/example_branch_python_dop_operator_3.py
[2023-12-23T18:22:35.295+0000] {logging_mixin.py:120} INFO - [2023-12-23T18:22:35.295+0000] {dag.py:2585} INFO - Sync 1 DAGs
[2023-12-23T18:22:35.320+0000] {logging_mixin.py:120} INFO - [2023-12-23T18:22:35.320+0000] {dag.py:3340} INFO - Setting next_dagrun for example_branch_dop_operator_v3 to 2023-12-23T18:21:00+00:00, run_after=2023-12-23T18:22:00+00:00
[2023-12-23T18:22:35.341+0000] {processor.py:176} INFO - Processing /home/airflow/.local/lib/python3.7/site-packages/airflow/example_dags/example_branch_python_dop_operator_3.py took 0.108 seconds
[2023-12-23T18:23:05.626+0000] {processor.py:154} INFO - Started process (PID=296) to work on /home/airflow/.local/lib/python3.7/site-packages/airflow/example_dags/example_branch_python_dop_operator_3.py
[2023-12-23T18:23:05.627+0000] {processor.py:756} INFO - Processing file /home/airflow/.local/lib/python3.7/site-packages/airflow/example_dags/example_branch_python_dop_operator_3.py for tasks to queue
[2023-12-23T18:23:05.627+0000] {logging_mixin.py:120} INFO - [2023-12-23T18:23:05.627+0000] {dagbag.py:537} INFO - Filling up the DagBag from /home/airflow/.local/lib/python3.7/site-packages/airflow/example_dags/example_branch_python_dop_operator_3.py
[2023-12-23T18:23:05.657+0000] {processor.py:766} INFO - DAG(s) dict_keys(['example_branch_dop_operator_v3']) retrieved from /home/airflow/.local/lib/python3.7/site-packages/airflow/example_dags/example_branch_python_dop_operator_3.py
[2023-12-23T18:23:05.692+0000] {logging_mixin.py:120} INFO - [2023-12-23T18:23:05.692+0000] {dag.py:2585} INFO - Sync 1 DAGs
[2023-12-23T18:23:05.716+0000] {logging_mixin.py:120} INFO - [2023-12-23T18:23:05.716+0000] {dag.py:3340} INFO - Setting next_dagrun for example_branch_dop_operator_v3 to 2023-12-23T18:22:00+00:00, run_after=2023-12-23T18:23:00+00:00
[2023-12-23T18:23:05.739+0000] {processor.py:176} INFO - Processing /home/airflow/.local/lib/python3.7/site-packages/airflow/example_dags/example_branch_python_dop_operator_3.py took 0.115 seconds
[2023-12-23T18:23:36.598+0000] {processor.py:154} INFO - Started process (PID=351) to work on /home/airflow/.local/lib/python3.7/site-packages/airflow/example_dags/example_branch_python_dop_operator_3.py
[2023-12-23T18:23:36.599+0000] {processor.py:756} INFO - Processing file /home/airflow/.local/lib/python3.7/site-packages/airflow/example_dags/example_branch_python_dop_operator_3.py for tasks to queue
[2023-12-23T18:23:36.599+0000] {logging_mixin.py:120} INFO - [2023-12-23T18:23:36.599+0000] {dagbag.py:537} INFO - Filling up the DagBag from /home/airflow/.local/lib/python3.7/site-packages/airflow/example_dags/example_branch_python_dop_operator_3.py
[2023-12-23T18:23:36.619+0000] {processor.py:766} INFO - DAG(s) dict_keys(['example_branch_dop_operator_v3']) retrieved from /home/airflow/.local/lib/python3.7/site-packages/airflow/example_dags/example_branch_python_dop_operator_3.py
[2023-12-23T18:23:36.652+0000] {logging_mixin.py:120} INFO - [2023-12-23T18:23:36.652+0000] {dag.py:2585} INFO - Sync 1 DAGs
[2023-12-23T18:23:36.677+0000] {logging_mixin.py:120} INFO - [2023-12-23T18:23:36.677+0000] {dag.py:3340} INFO - Setting next_dagrun for example_branch_dop_operator_v3 to 2023-12-23T18:22:00+00:00, run_after=2023-12-23T18:23:00+00:00
[2023-12-23T18:23:36.699+0000] {processor.py:176} INFO - Processing /home/airflow/.local/lib/python3.7/site-packages/airflow/example_dags/example_branch_python_dop_operator_3.py took 0.103 seconds
[2023-12-23T18:24:37.733+0000] {processor.py:154} INFO - Started process (PID=49) to work on /home/airflow/.local/lib/python3.7/site-packages/airflow/example_dags/example_branch_python_dop_operator_3.py
[2023-12-23T18:24:37.734+0000] {processor.py:756} INFO - Processing file /home/airflow/.local/lib/python3.7/site-packages/airflow/example_dags/example_branch_python_dop_operator_3.py for tasks to queue
[2023-12-23T18:24:37.735+0000] {logging_mixin.py:120} INFO - [2023-12-23T18:24:37.735+0000] {dagbag.py:537} INFO - Filling up the DagBag from /home/airflow/.local/lib/python3.7/site-packages/airflow/example_dags/example_branch_python_dop_operator_3.py
[2023-12-23T18:24:37.767+0000] {processor.py:766} INFO - DAG(s) dict_keys(['example_branch_dop_operator_v3']) retrieved from /home/airflow/.local/lib/python3.7/site-packages/airflow/example_dags/example_branch_python_dop_operator_3.py
[2023-12-23T18:24:37.809+0000] {logging_mixin.py:120} INFO - [2023-12-23T18:24:37.809+0000] {dag.py:2585} INFO - Sync 1 DAGs
[2023-12-23T18:24:37.868+0000] {logging_mixin.py:120} INFO - [2023-12-23T18:24:37.868+0000] {dag.py:3340} INFO - Setting next_dagrun for example_branch_dop_operator_v3 to 2023-12-23T18:23:00+00:00, run_after=2023-12-23T18:24:00+00:00
[2023-12-23T18:24:37.915+0000] {processor.py:176} INFO - Processing /home/airflow/.local/lib/python3.7/site-packages/airflow/example_dags/example_branch_python_dop_operator_3.py took 0.186 seconds
[2023-12-23T18:25:08.448+0000] {processor.py:154} INFO - Started process (PID=102) to work on /home/airflow/.local/lib/python3.7/site-packages/airflow/example_dags/example_branch_python_dop_operator_3.py
[2023-12-23T18:25:08.449+0000] {processor.py:756} INFO - Processing file /home/airflow/.local/lib/python3.7/site-packages/airflow/example_dags/example_branch_python_dop_operator_3.py for tasks to queue
[2023-12-23T18:25:08.449+0000] {logging_mixin.py:120} INFO - [2023-12-23T18:25:08.449+0000] {dagbag.py:537} INFO - Filling up the DagBag from /home/airflow/.local/lib/python3.7/site-packages/airflow/example_dags/example_branch_python_dop_operator_3.py
[2023-12-23T18:25:08.471+0000] {processor.py:766} INFO - DAG(s) dict_keys(['example_branch_dop_operator_v3']) retrieved from /home/airflow/.local/lib/python3.7/site-packages/airflow/example_dags/example_branch_python_dop_operator_3.py
[2023-12-23T18:25:08.505+0000] {logging_mixin.py:120} INFO - [2023-12-23T18:25:08.505+0000] {dag.py:2585} INFO - Sync 1 DAGs
[2023-12-23T18:25:08.531+0000] {logging_mixin.py:120} INFO - [2023-12-23T18:25:08.531+0000] {dag.py:3340} INFO - Setting next_dagrun for example_branch_dop_operator_v3 to 2023-12-23T18:24:00+00:00, run_after=2023-12-23T18:25:00+00:00
[2023-12-23T18:25:08.552+0000] {processor.py:176} INFO - Processing /home/airflow/.local/lib/python3.7/site-packages/airflow/example_dags/example_branch_python_dop_operator_3.py took 0.107 seconds
[2023-12-23T18:25:39.219+0000] {processor.py:154} INFO - Started process (PID=167) to work on /home/airflow/.local/lib/python3.7/site-packages/airflow/example_dags/example_branch_python_dop_operator_3.py
[2023-12-23T18:25:39.219+0000] {processor.py:756} INFO - Processing file /home/airflow/.local/lib/python3.7/site-packages/airflow/example_dags/example_branch_python_dop_operator_3.py for tasks to queue
[2023-12-23T18:25:39.220+0000] {logging_mixin.py:120} INFO - [2023-12-23T18:25:39.220+0000] {dagbag.py:537} INFO - Filling up the DagBag from /home/airflow/.local/lib/python3.7/site-packages/airflow/example_dags/example_branch_python_dop_operator_3.py
[2023-12-23T18:25:39.248+0000] {processor.py:766} INFO - DAG(s) dict_keys(['example_branch_dop_operator_v3']) retrieved from /home/airflow/.local/lib/python3.7/site-packages/airflow/example_dags/example_branch_python_dop_operator_3.py
[2023-12-23T18:25:39.294+0000] {logging_mixin.py:120} INFO - [2023-12-23T18:25:39.294+0000] {dag.py:2585} INFO - Sync 1 DAGs
[2023-12-23T18:25:39.331+0000] {logging_mixin.py:120} INFO - [2023-12-23T18:25:39.331+0000] {dag.py:3340} INFO - Setting next_dagrun for example_branch_dop_operator_v3 to 2023-12-23T18:24:00+00:00, run_after=2023-12-23T18:25:00+00:00
[2023-12-23T18:25:39.356+0000] {processor.py:176} INFO - Processing /home/airflow/.local/lib/python3.7/site-packages/airflow/example_dags/example_branch_python_dop_operator_3.py took 0.140 seconds
[2023-12-23T18:26:09.623+0000] {processor.py:154} INFO - Started process (PID=230) to work on /home/airflow/.local/lib/python3.7/site-packages/airflow/example_dags/example_branch_python_dop_operator_3.py
[2023-12-23T18:26:09.623+0000] {processor.py:756} INFO - Processing file /home/airflow/.local/lib/python3.7/site-packages/airflow/example_dags/example_branch_python_dop_operator_3.py for tasks to queue
[2023-12-23T18:26:09.624+0000] {logging_mixin.py:120} INFO - [2023-12-23T18:26:09.624+0000] {dagbag.py:537} INFO - Filling up the DagBag from /home/airflow/.local/lib/python3.7/site-packages/airflow/example_dags/example_branch_python_dop_operator_3.py
[2023-12-23T18:26:09.648+0000] {processor.py:766} INFO - DAG(s) dict_keys(['example_branch_dop_operator_v3']) retrieved from /home/airflow/.local/lib/python3.7/site-packages/airflow/example_dags/example_branch_python_dop_operator_3.py
[2023-12-23T18:26:09.683+0000] {logging_mixin.py:120} INFO - [2023-12-23T18:26:09.683+0000] {dag.py:2585} INFO - Sync 1 DAGs
[2023-12-23T18:26:09.708+0000] {logging_mixin.py:120} INFO - [2023-12-23T18:26:09.708+0000] {dag.py:3340} INFO - Setting next_dagrun for example_branch_dop_operator_v3 to 2023-12-23T18:25:00+00:00, run_after=2023-12-23T18:26:00+00:00
[2023-12-23T18:26:09.729+0000] {processor.py:176} INFO - Processing /home/airflow/.local/lib/python3.7/site-packages/airflow/example_dags/example_branch_python_dop_operator_3.py took 0.109 seconds
[2023-12-23T18:26:40.815+0000] {processor.py:154} INFO - Started process (PID=293) to work on /home/airflow/.local/lib/python3.7/site-packages/airflow/example_dags/example_branch_python_dop_operator_3.py
[2023-12-23T18:26:40.816+0000] {processor.py:756} INFO - Processing file /home/airflow/.local/lib/python3.7/site-packages/airflow/example_dags/example_branch_python_dop_operator_3.py for tasks to queue
[2023-12-23T18:26:40.817+0000] {logging_mixin.py:120} INFO - [2023-12-23T18:26:40.817+0000] {dagbag.py:537} INFO - Filling up the DagBag from /home/airflow/.local/lib/python3.7/site-packages/airflow/example_dags/example_branch_python_dop_operator_3.py
[2023-12-23T18:26:40.847+0000] {processor.py:766} INFO - DAG(s) dict_keys(['example_branch_dop_operator_v3']) retrieved from /home/airflow/.local/lib/python3.7/site-packages/airflow/example_dags/example_branch_python_dop_operator_3.py
[2023-12-23T18:26:40.903+0000] {logging_mixin.py:120} INFO - [2023-12-23T18:26:40.903+0000] {dag.py:2585} INFO - Sync 1 DAGs
[2023-12-23T18:26:40.944+0000] {logging_mixin.py:120} INFO - [2023-12-23T18:26:40.943+0000] {dag.py:3340} INFO - Setting next_dagrun for example_branch_dop_operator_v3 to 2023-12-23T18:25:00+00:00, run_after=2023-12-23T18:26:00+00:00
[2023-12-23T18:26:40.967+0000] {processor.py:176} INFO - Processing /home/airflow/.local/lib/python3.7/site-packages/airflow/example_dags/example_branch_python_dop_operator_3.py took 0.155 seconds
[2023-12-23T18:35:55.889+0000] {processor.py:154} INFO - Started process (PID=49) to work on /home/airflow/.local/lib/python3.7/site-packages/airflow/example_dags/example_branch_python_dop_operator_3.py
[2023-12-23T18:35:55.890+0000] {processor.py:756} INFO - Processing file /home/airflow/.local/lib/python3.7/site-packages/airflow/example_dags/example_branch_python_dop_operator_3.py for tasks to queue
[2023-12-23T18:35:55.891+0000] {logging_mixin.py:120} INFO - [2023-12-23T18:35:55.891+0000] {dagbag.py:537} INFO - Filling up the DagBag from /home/airflow/.local/lib/python3.7/site-packages/airflow/example_dags/example_branch_python_dop_operator_3.py
[2023-12-23T18:35:55.921+0000] {processor.py:766} INFO - DAG(s) dict_keys(['example_branch_dop_operator_v3']) retrieved from /home/airflow/.local/lib/python3.7/site-packages/airflow/example_dags/example_branch_python_dop_operator_3.py
[2023-12-23T18:35:55.953+0000] {logging_mixin.py:120} INFO - [2023-12-23T18:35:55.953+0000] {dag.py:2585} INFO - Sync 1 DAGs
[2023-12-23T18:35:55.999+0000] {logging_mixin.py:120} INFO - [2023-12-23T18:35:55.999+0000] {dag.py:3340} INFO - Setting next_dagrun for example_branch_dop_operator_v3 to 2023-12-23T18:34:00+00:00, run_after=2023-12-23T18:35:00+00:00
[2023-12-23T18:35:56.033+0000] {processor.py:176} INFO - Processing /home/airflow/.local/lib/python3.7/site-packages/airflow/example_dags/example_branch_python_dop_operator_3.py took 0.147 seconds
[2023-12-23T18:36:26.401+0000] {processor.py:154} INFO - Started process (PID=102) to work on /home/airflow/.local/lib/python3.7/site-packages/airflow/example_dags/example_branch_python_dop_operator_3.py
[2023-12-23T18:36:26.402+0000] {processor.py:756} INFO - Processing file /home/airflow/.local/lib/python3.7/site-packages/airflow/example_dags/example_branch_python_dop_operator_3.py for tasks to queue
[2023-12-23T18:36:26.402+0000] {logging_mixin.py:120} INFO - [2023-12-23T18:36:26.402+0000] {dagbag.py:537} INFO - Filling up the DagBag from /home/airflow/.local/lib/python3.7/site-packages/airflow/example_dags/example_branch_python_dop_operator_3.py
[2023-12-23T18:36:26.422+0000] {processor.py:766} INFO - DAG(s) dict_keys(['example_branch_dop_operator_v3']) retrieved from /home/airflow/.local/lib/python3.7/site-packages/airflow/example_dags/example_branch_python_dop_operator_3.py
[2023-12-23T18:36:26.460+0000] {logging_mixin.py:120} INFO - [2023-12-23T18:36:26.459+0000] {dag.py:2585} INFO - Sync 1 DAGs
[2023-12-23T18:36:26.497+0000] {logging_mixin.py:120} INFO - [2023-12-23T18:36:26.497+0000] {dag.py:3340} INFO - Setting next_dagrun for example_branch_dop_operator_v3 to 2023-12-23T18:35:00+00:00, run_after=2023-12-23T18:36:00+00:00
[2023-12-23T18:36:26.522+0000] {processor.py:176} INFO - Processing /home/airflow/.local/lib/python3.7/site-packages/airflow/example_dags/example_branch_python_dop_operator_3.py took 0.123 seconds
[2023-12-23T18:36:56.845+0000] {processor.py:154} INFO - Started process (PID=166) to work on /home/airflow/.local/lib/python3.7/site-packages/airflow/example_dags/example_branch_python_dop_operator_3.py
[2023-12-23T18:36:56.845+0000] {processor.py:756} INFO - Processing file /home/airflow/.local/lib/python3.7/site-packages/airflow/example_dags/example_branch_python_dop_operator_3.py for tasks to queue
[2023-12-23T18:36:56.846+0000] {logging_mixin.py:120} INFO - [2023-12-23T18:36:56.846+0000] {dagbag.py:537} INFO - Filling up the DagBag from /home/airflow/.local/lib/python3.7/site-packages/airflow/example_dags/example_branch_python_dop_operator_3.py
[2023-12-23T18:36:56.874+0000] {processor.py:766} INFO - DAG(s) dict_keys(['example_branch_dop_operator_v3']) retrieved from /home/airflow/.local/lib/python3.7/site-packages/airflow/example_dags/example_branch_python_dop_operator_3.py
[2023-12-23T18:36:56.912+0000] {logging_mixin.py:120} INFO - [2023-12-23T18:36:56.912+0000] {dag.py:2585} INFO - Sync 1 DAGs
[2023-12-23T18:36:56.937+0000] {logging_mixin.py:120} INFO - [2023-12-23T18:36:56.937+0000] {dag.py:3340} INFO - Setting next_dagrun for example_branch_dop_operator_v3 to 2023-12-23T18:35:00+00:00, run_after=2023-12-23T18:36:00+00:00
[2023-12-23T18:36:56.960+0000] {processor.py:176} INFO - Processing /home/airflow/.local/lib/python3.7/site-packages/airflow/example_dags/example_branch_python_dop_operator_3.py took 0.118 seconds
