[2023-12-23T18:12:45.343+0000] {processor.py:154} INFO - Started process (PID=44) to work on /home/airflow/.local/lib/python3.7/site-packages/airflow/example_dags/example_xcomargs.py
[2023-12-23T18:12:45.344+0000] {processor.py:756} INFO - Processing file /home/airflow/.local/lib/python3.7/site-packages/airflow/example_dags/example_xcomargs.py for tasks to queue
[2023-12-23T18:12:45.345+0000] {logging_mixin.py:120} INFO - [2023-12-23T18:12:45.344+0000] {dagbag.py:537} INFO - Filling up the DagBag from /home/airflow/.local/lib/python3.7/site-packages/airflow/example_dags/example_xcomargs.py
[2023-12-23T18:12:45.377+0000] {processor.py:766} INFO - DAG(s) dict_keys(['example_xcom_args_with_operators', 'example_xcom_args']) retrieved from /home/airflow/.local/lib/python3.7/site-packages/airflow/example_dags/example_xcomargs.py
[2023-12-23T18:12:45.426+0000] {logging_mixin.py:120} INFO - [2023-12-23T18:12:45.426+0000] {dag.py:2585} INFO - Sync 2 DAGs
[2023-12-23T18:12:45.459+0000] {logging_mixin.py:120} INFO - [2023-12-23T18:12:45.459+0000] {dag.py:3340} INFO - Setting next_dagrun for example_xcom_args to None, run_after=None
[2023-12-23T18:12:45.463+0000] {logging_mixin.py:120} INFO - [2023-12-23T18:12:45.463+0000] {dag.py:3340} INFO - Setting next_dagrun for example_xcom_args_with_operators to None, run_after=None
[2023-12-23T18:12:45.490+0000] {processor.py:176} INFO - Processing /home/airflow/.local/lib/python3.7/site-packages/airflow/example_dags/example_xcomargs.py took 0.150 seconds
[2023-12-23T18:13:15.777+0000] {processor.py:154} INFO - Started process (PID=98) to work on /home/airflow/.local/lib/python3.7/site-packages/airflow/example_dags/example_xcomargs.py
[2023-12-23T18:13:15.778+0000] {processor.py:756} INFO - Processing file /home/airflow/.local/lib/python3.7/site-packages/airflow/example_dags/example_xcomargs.py for tasks to queue
[2023-12-23T18:13:15.779+0000] {logging_mixin.py:120} INFO - [2023-12-23T18:13:15.779+0000] {dagbag.py:537} INFO - Filling up the DagBag from /home/airflow/.local/lib/python3.7/site-packages/airflow/example_dags/example_xcomargs.py
[2023-12-23T18:13:15.809+0000] {processor.py:766} INFO - DAG(s) dict_keys(['example_xcom_args_with_operators', 'example_xcom_args']) retrieved from /home/airflow/.local/lib/python3.7/site-packages/airflow/example_dags/example_xcomargs.py
[2023-12-23T18:13:15.854+0000] {logging_mixin.py:120} INFO - [2023-12-23T18:13:15.853+0000] {dag.py:2585} INFO - Sync 2 DAGs
[2023-12-23T18:13:15.875+0000] {logging_mixin.py:120} INFO - [2023-12-23T18:13:15.875+0000] {dag.py:3340} INFO - Setting next_dagrun for example_xcom_args to None, run_after=None
[2023-12-23T18:13:15.878+0000] {logging_mixin.py:120} INFO - [2023-12-23T18:13:15.878+0000] {dag.py:3340} INFO - Setting next_dagrun for example_xcom_args_with_operators to None, run_after=None
[2023-12-23T18:13:15.897+0000] {processor.py:176} INFO - Processing /home/airflow/.local/lib/python3.7/site-packages/airflow/example_dags/example_xcomargs.py took 0.123 seconds
[2023-12-23T18:13:46.715+0000] {processor.py:154} INFO - Started process (PID=161) to work on /home/airflow/.local/lib/python3.7/site-packages/airflow/example_dags/example_xcomargs.py
[2023-12-23T18:13:46.716+0000] {processor.py:756} INFO - Processing file /home/airflow/.local/lib/python3.7/site-packages/airflow/example_dags/example_xcomargs.py for tasks to queue
[2023-12-23T18:13:46.717+0000] {logging_mixin.py:120} INFO - [2023-12-23T18:13:46.717+0000] {dagbag.py:537} INFO - Filling up the DagBag from /home/airflow/.local/lib/python3.7/site-packages/airflow/example_dags/example_xcomargs.py
[2023-12-23T18:13:46.745+0000] {processor.py:766} INFO - DAG(s) dict_keys(['example_xcom_args', 'example_xcom_args_with_operators']) retrieved from /home/airflow/.local/lib/python3.7/site-packages/airflow/example_dags/example_xcomargs.py
[2023-12-23T18:13:46.793+0000] {logging_mixin.py:120} INFO - [2023-12-23T18:13:46.793+0000] {dag.py:2585} INFO - Sync 2 DAGs
[2023-12-23T18:13:46.817+0000] {logging_mixin.py:120} INFO - [2023-12-23T18:13:46.817+0000] {dag.py:3340} INFO - Setting next_dagrun for example_xcom_args to None, run_after=None
[2023-12-23T18:13:46.820+0000] {logging_mixin.py:120} INFO - [2023-12-23T18:13:46.820+0000] {dag.py:3340} INFO - Setting next_dagrun for example_xcom_args_with_operators to None, run_after=None
[2023-12-23T18:13:46.845+0000] {processor.py:176} INFO - Processing /home/airflow/.local/lib/python3.7/site-packages/airflow/example_dags/example_xcomargs.py took 0.133 seconds
[2023-12-23T18:14:17.727+0000] {processor.py:154} INFO - Started process (PID=224) to work on /home/airflow/.local/lib/python3.7/site-packages/airflow/example_dags/example_xcomargs.py
[2023-12-23T18:14:17.727+0000] {processor.py:756} INFO - Processing file /home/airflow/.local/lib/python3.7/site-packages/airflow/example_dags/example_xcomargs.py for tasks to queue
[2023-12-23T18:14:17.728+0000] {logging_mixin.py:120} INFO - [2023-12-23T18:14:17.728+0000] {dagbag.py:537} INFO - Filling up the DagBag from /home/airflow/.local/lib/python3.7/site-packages/airflow/example_dags/example_xcomargs.py
[2023-12-23T18:14:17.749+0000] {processor.py:766} INFO - DAG(s) dict_keys(['example_xcom_args_with_operators', 'example_xcom_args']) retrieved from /home/airflow/.local/lib/python3.7/site-packages/airflow/example_dags/example_xcomargs.py
[2023-12-23T18:14:17.786+0000] {logging_mixin.py:120} INFO - [2023-12-23T18:14:17.786+0000] {dag.py:2585} INFO - Sync 2 DAGs
[2023-12-23T18:14:17.808+0000] {logging_mixin.py:120} INFO - [2023-12-23T18:14:17.808+0000] {dag.py:3340} INFO - Setting next_dagrun for example_xcom_args to None, run_after=None
[2023-12-23T18:14:17.811+0000] {logging_mixin.py:120} INFO - [2023-12-23T18:14:17.811+0000] {dag.py:3340} INFO - Setting next_dagrun for example_xcom_args_with_operators to None, run_after=None
[2023-12-23T18:14:17.829+0000] {processor.py:176} INFO - Processing /home/airflow/.local/lib/python3.7/site-packages/airflow/example_dags/example_xcomargs.py took 0.105 seconds
[2023-12-23T18:14:48.453+0000] {processor.py:154} INFO - Started process (PID=288) to work on /home/airflow/.local/lib/python3.7/site-packages/airflow/example_dags/example_xcomargs.py
[2023-12-23T18:14:48.454+0000] {processor.py:756} INFO - Processing file /home/airflow/.local/lib/python3.7/site-packages/airflow/example_dags/example_xcomargs.py for tasks to queue
[2023-12-23T18:14:48.454+0000] {logging_mixin.py:120} INFO - [2023-12-23T18:14:48.454+0000] {dagbag.py:537} INFO - Filling up the DagBag from /home/airflow/.local/lib/python3.7/site-packages/airflow/example_dags/example_xcomargs.py
[2023-12-23T18:14:48.474+0000] {processor.py:766} INFO - DAG(s) dict_keys(['example_xcom_args_with_operators', 'example_xcom_args']) retrieved from /home/airflow/.local/lib/python3.7/site-packages/airflow/example_dags/example_xcomargs.py
[2023-12-23T18:14:48.510+0000] {logging_mixin.py:120} INFO - [2023-12-23T18:14:48.510+0000] {dag.py:2585} INFO - Sync 2 DAGs
[2023-12-23T18:14:48.530+0000] {logging_mixin.py:120} INFO - [2023-12-23T18:14:48.530+0000] {dag.py:3340} INFO - Setting next_dagrun for example_xcom_args to None, run_after=None
[2023-12-23T18:14:48.533+0000] {logging_mixin.py:120} INFO - [2023-12-23T18:14:48.533+0000] {dag.py:3340} INFO - Setting next_dagrun for example_xcom_args_with_operators to None, run_after=None
[2023-12-23T18:14:48.555+0000] {processor.py:176} INFO - Processing /home/airflow/.local/lib/python3.7/site-packages/airflow/example_dags/example_xcomargs.py took 0.104 seconds
[2023-12-23T18:15:19.504+0000] {processor.py:154} INFO - Started process (PID=342) to work on /home/airflow/.local/lib/python3.7/site-packages/airflow/example_dags/example_xcomargs.py
[2023-12-23T18:15:19.505+0000] {processor.py:756} INFO - Processing file /home/airflow/.local/lib/python3.7/site-packages/airflow/example_dags/example_xcomargs.py for tasks to queue
[2023-12-23T18:15:19.505+0000] {logging_mixin.py:120} INFO - [2023-12-23T18:15:19.505+0000] {dagbag.py:537} INFO - Filling up the DagBag from /home/airflow/.local/lib/python3.7/site-packages/airflow/example_dags/example_xcomargs.py
[2023-12-23T18:15:19.541+0000] {processor.py:766} INFO - DAG(s) dict_keys(['example_xcom_args_with_operators', 'example_xcom_args']) retrieved from /home/airflow/.local/lib/python3.7/site-packages/airflow/example_dags/example_xcomargs.py
[2023-12-23T18:15:19.595+0000] {logging_mixin.py:120} INFO - [2023-12-23T18:15:19.595+0000] {dag.py:2585} INFO - Sync 2 DAGs
[2023-12-23T18:15:19.621+0000] {logging_mixin.py:120} INFO - [2023-12-23T18:15:19.620+0000] {dag.py:3340} INFO - Setting next_dagrun for example_xcom_args to None, run_after=None
[2023-12-23T18:15:19.625+0000] {logging_mixin.py:120} INFO - [2023-12-23T18:15:19.625+0000] {dag.py:3340} INFO - Setting next_dagrun for example_xcom_args_with_operators to None, run_after=None
[2023-12-23T18:15:19.646+0000] {processor.py:176} INFO - Processing /home/airflow/.local/lib/python3.7/site-packages/airflow/example_dags/example_xcomargs.py took 0.146 seconds
[2023-12-23T18:15:49.695+0000] {processor.py:154} INFO - Started process (PID=406) to work on /home/airflow/.local/lib/python3.7/site-packages/airflow/example_dags/example_xcomargs.py
[2023-12-23T18:15:49.696+0000] {processor.py:756} INFO - Processing file /home/airflow/.local/lib/python3.7/site-packages/airflow/example_dags/example_xcomargs.py for tasks to queue
[2023-12-23T18:15:49.696+0000] {logging_mixin.py:120} INFO - [2023-12-23T18:15:49.696+0000] {dagbag.py:537} INFO - Filling up the DagBag from /home/airflow/.local/lib/python3.7/site-packages/airflow/example_dags/example_xcomargs.py
[2023-12-23T18:15:49.716+0000] {processor.py:766} INFO - DAG(s) dict_keys(['example_xcom_args_with_operators', 'example_xcom_args']) retrieved from /home/airflow/.local/lib/python3.7/site-packages/airflow/example_dags/example_xcomargs.py
[2023-12-23T18:15:49.752+0000] {logging_mixin.py:120} INFO - [2023-12-23T18:15:49.752+0000] {dag.py:2585} INFO - Sync 2 DAGs
[2023-12-23T18:15:49.780+0000] {logging_mixin.py:120} INFO - [2023-12-23T18:15:49.780+0000] {dag.py:3340} INFO - Setting next_dagrun for example_xcom_args to None, run_after=None
[2023-12-23T18:15:49.782+0000] {logging_mixin.py:120} INFO - [2023-12-23T18:15:49.782+0000] {dag.py:3340} INFO - Setting next_dagrun for example_xcom_args_with_operators to None, run_after=None
[2023-12-23T18:15:49.803+0000] {processor.py:176} INFO - Processing /home/airflow/.local/lib/python3.7/site-packages/airflow/example_dags/example_xcomargs.py took 0.111 seconds
[2023-12-23T18:16:20.727+0000] {processor.py:154} INFO - Started process (PID=469) to work on /home/airflow/.local/lib/python3.7/site-packages/airflow/example_dags/example_xcomargs.py
[2023-12-23T18:16:20.728+0000] {processor.py:756} INFO - Processing file /home/airflow/.local/lib/python3.7/site-packages/airflow/example_dags/example_xcomargs.py for tasks to queue
[2023-12-23T18:16:20.728+0000] {logging_mixin.py:120} INFO - [2023-12-23T18:16:20.728+0000] {dagbag.py:537} INFO - Filling up the DagBag from /home/airflow/.local/lib/python3.7/site-packages/airflow/example_dags/example_xcomargs.py
[2023-12-23T18:16:20.756+0000] {processor.py:766} INFO - DAG(s) dict_keys(['example_xcom_args_with_operators', 'example_xcom_args']) retrieved from /home/airflow/.local/lib/python3.7/site-packages/airflow/example_dags/example_xcomargs.py
[2023-12-23T18:16:20.811+0000] {logging_mixin.py:120} INFO - [2023-12-23T18:16:20.811+0000] {dag.py:2585} INFO - Sync 2 DAGs
[2023-12-23T18:16:20.845+0000] {logging_mixin.py:120} INFO - [2023-12-23T18:16:20.845+0000] {dag.py:3340} INFO - Setting next_dagrun for example_xcom_args to None, run_after=None
[2023-12-23T18:16:20.850+0000] {logging_mixin.py:120} INFO - [2023-12-23T18:16:20.850+0000] {dag.py:3340} INFO - Setting next_dagrun for example_xcom_args_with_operators to None, run_after=None
[2023-12-23T18:16:20.875+0000] {processor.py:176} INFO - Processing /home/airflow/.local/lib/python3.7/site-packages/airflow/example_dags/example_xcomargs.py took 0.153 seconds
[2023-12-23T18:16:51.460+0000] {processor.py:154} INFO - Started process (PID=533) to work on /home/airflow/.local/lib/python3.7/site-packages/airflow/example_dags/example_xcomargs.py
[2023-12-23T18:16:51.461+0000] {processor.py:756} INFO - Processing file /home/airflow/.local/lib/python3.7/site-packages/airflow/example_dags/example_xcomargs.py for tasks to queue
[2023-12-23T18:16:51.462+0000] {logging_mixin.py:120} INFO - [2023-12-23T18:16:51.461+0000] {dagbag.py:537} INFO - Filling up the DagBag from /home/airflow/.local/lib/python3.7/site-packages/airflow/example_dags/example_xcomargs.py
[2023-12-23T18:16:51.481+0000] {processor.py:766} INFO - DAG(s) dict_keys(['example_xcom_args', 'example_xcom_args_with_operators']) retrieved from /home/airflow/.local/lib/python3.7/site-packages/airflow/example_dags/example_xcomargs.py
[2023-12-23T18:16:51.517+0000] {logging_mixin.py:120} INFO - [2023-12-23T18:16:51.517+0000] {dag.py:2585} INFO - Sync 2 DAGs
[2023-12-23T18:16:51.538+0000] {logging_mixin.py:120} INFO - [2023-12-23T18:16:51.538+0000] {dag.py:3340} INFO - Setting next_dagrun for example_xcom_args to None, run_after=None
[2023-12-23T18:16:51.541+0000] {logging_mixin.py:120} INFO - [2023-12-23T18:16:51.541+0000] {dag.py:3340} INFO - Setting next_dagrun for example_xcom_args_with_operators to None, run_after=None
[2023-12-23T18:16:51.560+0000] {processor.py:176} INFO - Processing /home/airflow/.local/lib/python3.7/site-packages/airflow/example_dags/example_xcomargs.py took 0.102 seconds
[2023-12-23T18:17:22.250+0000] {processor.py:154} INFO - Started process (PID=588) to work on /home/airflow/.local/lib/python3.7/site-packages/airflow/example_dags/example_xcomargs.py
[2023-12-23T18:17:22.251+0000] {processor.py:756} INFO - Processing file /home/airflow/.local/lib/python3.7/site-packages/airflow/example_dags/example_xcomargs.py for tasks to queue
[2023-12-23T18:17:22.251+0000] {logging_mixin.py:120} INFO - [2023-12-23T18:17:22.251+0000] {dagbag.py:537} INFO - Filling up the DagBag from /home/airflow/.local/lib/python3.7/site-packages/airflow/example_dags/example_xcomargs.py
[2023-12-23T18:17:22.273+0000] {processor.py:766} INFO - DAG(s) dict_keys(['example_xcom_args', 'example_xcom_args_with_operators']) retrieved from /home/airflow/.local/lib/python3.7/site-packages/airflow/example_dags/example_xcomargs.py
[2023-12-23T18:17:22.309+0000] {logging_mixin.py:120} INFO - [2023-12-23T18:17:22.309+0000] {dag.py:2585} INFO - Sync 2 DAGs
[2023-12-23T18:17:22.330+0000] {logging_mixin.py:120} INFO - [2023-12-23T18:17:22.330+0000] {dag.py:3340} INFO - Setting next_dagrun for example_xcom_args to None, run_after=None
[2023-12-23T18:17:22.334+0000] {logging_mixin.py:120} INFO - [2023-12-23T18:17:22.334+0000] {dag.py:3340} INFO - Setting next_dagrun for example_xcom_args_with_operators to None, run_after=None
[2023-12-23T18:17:22.356+0000] {processor.py:176} INFO - Processing /home/airflow/.local/lib/python3.7/site-packages/airflow/example_dags/example_xcomargs.py took 0.108 seconds
[2023-12-23T18:17:53.107+0000] {processor.py:154} INFO - Started process (PID=652) to work on /home/airflow/.local/lib/python3.7/site-packages/airflow/example_dags/example_xcomargs.py
[2023-12-23T18:17:53.108+0000] {processor.py:756} INFO - Processing file /home/airflow/.local/lib/python3.7/site-packages/airflow/example_dags/example_xcomargs.py for tasks to queue
[2023-12-23T18:17:53.108+0000] {logging_mixin.py:120} INFO - [2023-12-23T18:17:53.108+0000] {dagbag.py:537} INFO - Filling up the DagBag from /home/airflow/.local/lib/python3.7/site-packages/airflow/example_dags/example_xcomargs.py
[2023-12-23T18:17:53.148+0000] {processor.py:766} INFO - DAG(s) dict_keys(['example_xcom_args', 'example_xcom_args_with_operators']) retrieved from /home/airflow/.local/lib/python3.7/site-packages/airflow/example_dags/example_xcomargs.py
[2023-12-23T18:17:53.194+0000] {logging_mixin.py:120} INFO - [2023-12-23T18:17:53.194+0000] {dag.py:2585} INFO - Sync 2 DAGs
[2023-12-23T18:17:53.216+0000] {logging_mixin.py:120} INFO - [2023-12-23T18:17:53.216+0000] {dag.py:3340} INFO - Setting next_dagrun for example_xcom_args to None, run_after=None
[2023-12-23T18:17:53.219+0000] {logging_mixin.py:120} INFO - [2023-12-23T18:17:53.219+0000] {dag.py:3340} INFO - Setting next_dagrun for example_xcom_args_with_operators to None, run_after=None
[2023-12-23T18:17:53.243+0000] {processor.py:176} INFO - Processing /home/airflow/.local/lib/python3.7/site-packages/airflow/example_dags/example_xcomargs.py took 0.140 seconds
[2023-12-23T18:18:23.899+0000] {processor.py:154} INFO - Started process (PID=716) to work on /home/airflow/.local/lib/python3.7/site-packages/airflow/example_dags/example_xcomargs.py
[2023-12-23T18:18:23.899+0000] {processor.py:756} INFO - Processing file /home/airflow/.local/lib/python3.7/site-packages/airflow/example_dags/example_xcomargs.py for tasks to queue
[2023-12-23T18:18:23.900+0000] {logging_mixin.py:120} INFO - [2023-12-23T18:18:23.900+0000] {dagbag.py:537} INFO - Filling up the DagBag from /home/airflow/.local/lib/python3.7/site-packages/airflow/example_dags/example_xcomargs.py
[2023-12-23T18:18:23.930+0000] {processor.py:766} INFO - DAG(s) dict_keys(['example_xcom_args_with_operators', 'example_xcom_args']) retrieved from /home/airflow/.local/lib/python3.7/site-packages/airflow/example_dags/example_xcomargs.py
[2023-12-23T18:18:23.978+0000] {logging_mixin.py:120} INFO - [2023-12-23T18:18:23.978+0000] {dag.py:2585} INFO - Sync 2 DAGs
[2023-12-23T18:18:24.005+0000] {logging_mixin.py:120} INFO - [2023-12-23T18:18:24.005+0000] {dag.py:3340} INFO - Setting next_dagrun for example_xcom_args to None, run_after=None
[2023-12-23T18:18:24.008+0000] {logging_mixin.py:120} INFO - [2023-12-23T18:18:24.008+0000] {dag.py:3340} INFO - Setting next_dagrun for example_xcom_args_with_operators to None, run_after=None
[2023-12-23T18:18:24.030+0000] {processor.py:176} INFO - Processing /home/airflow/.local/lib/python3.7/site-packages/airflow/example_dags/example_xcomargs.py took 0.135 seconds
[2023-12-23T18:18:54.739+0000] {processor.py:154} INFO - Started process (PID=780) to work on /home/airflow/.local/lib/python3.7/site-packages/airflow/example_dags/example_xcomargs.py
[2023-12-23T18:18:54.740+0000] {processor.py:756} INFO - Processing file /home/airflow/.local/lib/python3.7/site-packages/airflow/example_dags/example_xcomargs.py for tasks to queue
[2023-12-23T18:18:54.741+0000] {logging_mixin.py:120} INFO - [2023-12-23T18:18:54.741+0000] {dagbag.py:537} INFO - Filling up the DagBag from /home/airflow/.local/lib/python3.7/site-packages/airflow/example_dags/example_xcomargs.py
[2023-12-23T18:18:54.760+0000] {processor.py:766} INFO - DAG(s) dict_keys(['example_xcom_args_with_operators', 'example_xcom_args']) retrieved from /home/airflow/.local/lib/python3.7/site-packages/airflow/example_dags/example_xcomargs.py
[2023-12-23T18:18:54.796+0000] {logging_mixin.py:120} INFO - [2023-12-23T18:18:54.796+0000] {dag.py:2585} INFO - Sync 2 DAGs
[2023-12-23T18:18:54.816+0000] {logging_mixin.py:120} INFO - [2023-12-23T18:18:54.816+0000] {dag.py:3340} INFO - Setting next_dagrun for example_xcom_args to None, run_after=None
[2023-12-23T18:18:54.819+0000] {logging_mixin.py:120} INFO - [2023-12-23T18:18:54.819+0000] {dag.py:3340} INFO - Setting next_dagrun for example_xcom_args_with_operators to None, run_after=None
[2023-12-23T18:18:54.838+0000] {processor.py:176} INFO - Processing /home/airflow/.local/lib/python3.7/site-packages/airflow/example_dags/example_xcomargs.py took 0.101 seconds
[2023-12-23T18:19:25.463+0000] {processor.py:154} INFO - Started process (PID=835) to work on /home/airflow/.local/lib/python3.7/site-packages/airflow/example_dags/example_xcomargs.py
[2023-12-23T18:19:25.464+0000] {processor.py:756} INFO - Processing file /home/airflow/.local/lib/python3.7/site-packages/airflow/example_dags/example_xcomargs.py for tasks to queue
[2023-12-23T18:19:25.464+0000] {logging_mixin.py:120} INFO - [2023-12-23T18:19:25.464+0000] {dagbag.py:537} INFO - Filling up the DagBag from /home/airflow/.local/lib/python3.7/site-packages/airflow/example_dags/example_xcomargs.py
[2023-12-23T18:19:25.492+0000] {processor.py:766} INFO - DAG(s) dict_keys(['example_xcom_args_with_operators', 'example_xcom_args']) retrieved from /home/airflow/.local/lib/python3.7/site-packages/airflow/example_dags/example_xcomargs.py
[2023-12-23T18:19:25.533+0000] {logging_mixin.py:120} INFO - [2023-12-23T18:19:25.533+0000] {dag.py:2585} INFO - Sync 2 DAGs
[2023-12-23T18:19:25.554+0000] {logging_mixin.py:120} INFO - [2023-12-23T18:19:25.554+0000] {dag.py:3340} INFO - Setting next_dagrun for example_xcom_args to None, run_after=None
[2023-12-23T18:19:25.557+0000] {logging_mixin.py:120} INFO - [2023-12-23T18:19:25.557+0000] {dag.py:3340} INFO - Setting next_dagrun for example_xcom_args_with_operators to None, run_after=None
[2023-12-23T18:19:25.580+0000] {processor.py:176} INFO - Processing /home/airflow/.local/lib/python3.7/site-packages/airflow/example_dags/example_xcomargs.py took 0.121 seconds
[2023-12-23T18:19:56.458+0000] {processor.py:154} INFO - Started process (PID=899) to work on /home/airflow/.local/lib/python3.7/site-packages/airflow/example_dags/example_xcomargs.py
[2023-12-23T18:19:56.459+0000] {processor.py:756} INFO - Processing file /home/airflow/.local/lib/python3.7/site-packages/airflow/example_dags/example_xcomargs.py for tasks to queue
[2023-12-23T18:19:56.460+0000] {logging_mixin.py:120} INFO - [2023-12-23T18:19:56.459+0000] {dagbag.py:537} INFO - Filling up the DagBag from /home/airflow/.local/lib/python3.7/site-packages/airflow/example_dags/example_xcomargs.py
[2023-12-23T18:19:56.482+0000] {processor.py:766} INFO - DAG(s) dict_keys(['example_xcom_args_with_operators', 'example_xcom_args']) retrieved from /home/airflow/.local/lib/python3.7/site-packages/airflow/example_dags/example_xcomargs.py
[2023-12-23T18:19:56.518+0000] {logging_mixin.py:120} INFO - [2023-12-23T18:19:56.518+0000] {dag.py:2585} INFO - Sync 2 DAGs
[2023-12-23T18:19:56.540+0000] {logging_mixin.py:120} INFO - [2023-12-23T18:19:56.540+0000] {dag.py:3340} INFO - Setting next_dagrun for example_xcom_args to None, run_after=None
[2023-12-23T18:19:56.543+0000] {logging_mixin.py:120} INFO - [2023-12-23T18:19:56.543+0000] {dag.py:3340} INFO - Setting next_dagrun for example_xcom_args_with_operators to None, run_after=None
[2023-12-23T18:19:56.566+0000] {processor.py:176} INFO - Processing /home/airflow/.local/lib/python3.7/site-packages/airflow/example_dags/example_xcomargs.py took 0.112 seconds
[2023-12-23T18:21:03.085+0000] {processor.py:154} INFO - Started process (PID=44) to work on /home/airflow/.local/lib/python3.7/site-packages/airflow/example_dags/example_xcomargs.py
[2023-12-23T18:21:03.085+0000] {processor.py:756} INFO - Processing file /home/airflow/.local/lib/python3.7/site-packages/airflow/example_dags/example_xcomargs.py for tasks to queue
[2023-12-23T18:21:03.086+0000] {logging_mixin.py:120} INFO - [2023-12-23T18:21:03.086+0000] {dagbag.py:537} INFO - Filling up the DagBag from /home/airflow/.local/lib/python3.7/site-packages/airflow/example_dags/example_xcomargs.py
[2023-12-23T18:21:03.109+0000] {processor.py:766} INFO - DAG(s) dict_keys(['example_xcom_args', 'example_xcom_args_with_operators']) retrieved from /home/airflow/.local/lib/python3.7/site-packages/airflow/example_dags/example_xcomargs.py
[2023-12-23T18:21:03.133+0000] {logging_mixin.py:120} INFO - [2023-12-23T18:21:03.133+0000] {dag.py:2585} INFO - Sync 2 DAGs
[2023-12-23T18:21:03.155+0000] {logging_mixin.py:120} INFO - [2023-12-23T18:21:03.155+0000] {dag.py:3340} INFO - Setting next_dagrun for example_xcom_args to None, run_after=None
[2023-12-23T18:21:03.158+0000] {logging_mixin.py:120} INFO - [2023-12-23T18:21:03.158+0000] {dag.py:3340} INFO - Setting next_dagrun for example_xcom_args_with_operators to None, run_after=None
[2023-12-23T18:21:03.178+0000] {processor.py:176} INFO - Processing /home/airflow/.local/lib/python3.7/site-packages/airflow/example_dags/example_xcomargs.py took 0.097 seconds
[2023-12-23T18:21:33.564+0000] {processor.py:154} INFO - Started process (PID=98) to work on /home/airflow/.local/lib/python3.7/site-packages/airflow/example_dags/example_xcomargs.py
[2023-12-23T18:21:33.564+0000] {processor.py:756} INFO - Processing file /home/airflow/.local/lib/python3.7/site-packages/airflow/example_dags/example_xcomargs.py for tasks to queue
[2023-12-23T18:21:33.565+0000] {logging_mixin.py:120} INFO - [2023-12-23T18:21:33.565+0000] {dagbag.py:537} INFO - Filling up the DagBag from /home/airflow/.local/lib/python3.7/site-packages/airflow/example_dags/example_xcomargs.py
[2023-12-23T18:21:33.585+0000] {processor.py:766} INFO - DAG(s) dict_keys(['example_xcom_args', 'example_xcom_args_with_operators']) retrieved from /home/airflow/.local/lib/python3.7/site-packages/airflow/example_dags/example_xcomargs.py
[2023-12-23T18:21:33.621+0000] {logging_mixin.py:120} INFO - [2023-12-23T18:21:33.620+0000] {dag.py:2585} INFO - Sync 2 DAGs
[2023-12-23T18:21:33.642+0000] {logging_mixin.py:120} INFO - [2023-12-23T18:21:33.642+0000] {dag.py:3340} INFO - Setting next_dagrun for example_xcom_args to None, run_after=None
[2023-12-23T18:21:33.645+0000] {logging_mixin.py:120} INFO - [2023-12-23T18:21:33.645+0000] {dag.py:3340} INFO - Setting next_dagrun for example_xcom_args_with_operators to None, run_after=None
[2023-12-23T18:21:33.665+0000] {processor.py:176} INFO - Processing /home/airflow/.local/lib/python3.7/site-packages/airflow/example_dags/example_xcomargs.py took 0.104 seconds
[2023-12-23T18:22:04.340+0000] {processor.py:154} INFO - Started process (PID=164) to work on /home/airflow/.local/lib/python3.7/site-packages/airflow/example_dags/example_xcomargs.py
[2023-12-23T18:22:04.341+0000] {processor.py:756} INFO - Processing file /home/airflow/.local/lib/python3.7/site-packages/airflow/example_dags/example_xcomargs.py for tasks to queue
[2023-12-23T18:22:04.342+0000] {logging_mixin.py:120} INFO - [2023-12-23T18:22:04.342+0000] {dagbag.py:537} INFO - Filling up the DagBag from /home/airflow/.local/lib/python3.7/site-packages/airflow/example_dags/example_xcomargs.py
[2023-12-23T18:22:04.371+0000] {processor.py:766} INFO - DAG(s) dict_keys(['example_xcom_args', 'example_xcom_args_with_operators']) retrieved from /home/airflow/.local/lib/python3.7/site-packages/airflow/example_dags/example_xcomargs.py
[2023-12-23T18:22:04.422+0000] {logging_mixin.py:120} INFO - [2023-12-23T18:22:04.422+0000] {dag.py:2585} INFO - Sync 2 DAGs
[2023-12-23T18:22:04.454+0000] {logging_mixin.py:120} INFO - [2023-12-23T18:22:04.453+0000] {dag.py:3340} INFO - Setting next_dagrun for example_xcom_args to None, run_after=None
[2023-12-23T18:22:04.457+0000] {logging_mixin.py:120} INFO - [2023-12-23T18:22:04.457+0000] {dag.py:3340} INFO - Setting next_dagrun for example_xcom_args_with_operators to None, run_after=None
[2023-12-23T18:22:04.480+0000] {processor.py:176} INFO - Processing /home/airflow/.local/lib/python3.7/site-packages/airflow/example_dags/example_xcomargs.py took 0.143 seconds
[2023-12-23T18:22:34.716+0000] {processor.py:154} INFO - Started process (PID=227) to work on /home/airflow/.local/lib/python3.7/site-packages/airflow/example_dags/example_xcomargs.py
[2023-12-23T18:22:34.716+0000] {processor.py:756} INFO - Processing file /home/airflow/.local/lib/python3.7/site-packages/airflow/example_dags/example_xcomargs.py for tasks to queue
[2023-12-23T18:22:34.717+0000] {logging_mixin.py:120} INFO - [2023-12-23T18:22:34.717+0000] {dagbag.py:537} INFO - Filling up the DagBag from /home/airflow/.local/lib/python3.7/site-packages/airflow/example_dags/example_xcomargs.py
[2023-12-23T18:22:34.737+0000] {processor.py:766} INFO - DAG(s) dict_keys(['example_xcom_args_with_operators', 'example_xcom_args']) retrieved from /home/airflow/.local/lib/python3.7/site-packages/airflow/example_dags/example_xcomargs.py
[2023-12-23T18:22:34.789+0000] {logging_mixin.py:120} INFO - [2023-12-23T18:22:34.789+0000] {dag.py:2585} INFO - Sync 2 DAGs
[2023-12-23T18:22:34.815+0000] {logging_mixin.py:120} INFO - [2023-12-23T18:22:34.814+0000] {dag.py:3340} INFO - Setting next_dagrun for example_xcom_args to None, run_after=None
[2023-12-23T18:22:34.817+0000] {logging_mixin.py:120} INFO - [2023-12-23T18:22:34.817+0000] {dag.py:3340} INFO - Setting next_dagrun for example_xcom_args_with_operators to None, run_after=None
[2023-12-23T18:22:34.845+0000] {processor.py:176} INFO - Processing /home/airflow/.local/lib/python3.7/site-packages/airflow/example_dags/example_xcomargs.py took 0.131 seconds
[2023-12-23T18:23:04.884+0000] {processor.py:154} INFO - Started process (PID=291) to work on /home/airflow/.local/lib/python3.7/site-packages/airflow/example_dags/example_xcomargs.py
[2023-12-23T18:23:04.885+0000] {processor.py:756} INFO - Processing file /home/airflow/.local/lib/python3.7/site-packages/airflow/example_dags/example_xcomargs.py for tasks to queue
[2023-12-23T18:23:04.885+0000] {logging_mixin.py:120} INFO - [2023-12-23T18:23:04.885+0000] {dagbag.py:537} INFO - Filling up the DagBag from /home/airflow/.local/lib/python3.7/site-packages/airflow/example_dags/example_xcomargs.py
[2023-12-23T18:23:04.914+0000] {processor.py:766} INFO - DAG(s) dict_keys(['example_xcom_args', 'example_xcom_args_with_operators']) retrieved from /home/airflow/.local/lib/python3.7/site-packages/airflow/example_dags/example_xcomargs.py
[2023-12-23T18:23:04.969+0000] {logging_mixin.py:120} INFO - [2023-12-23T18:23:04.969+0000] {dag.py:2585} INFO - Sync 2 DAGs
[2023-12-23T18:23:05.001+0000] {logging_mixin.py:120} INFO - [2023-12-23T18:23:05.001+0000] {dag.py:3340} INFO - Setting next_dagrun for example_xcom_args to None, run_after=None
[2023-12-23T18:23:05.005+0000] {logging_mixin.py:120} INFO - [2023-12-23T18:23:05.004+0000] {dag.py:3340} INFO - Setting next_dagrun for example_xcom_args_with_operators to None, run_after=None
[2023-12-23T18:23:05.028+0000] {processor.py:176} INFO - Processing /home/airflow/.local/lib/python3.7/site-packages/airflow/example_dags/example_xcomargs.py took 0.148 seconds
[2023-12-23T18:23:35.108+0000] {processor.py:154} INFO - Started process (PID=346) to work on /home/airflow/.local/lib/python3.7/site-packages/airflow/example_dags/example_xcomargs.py
[2023-12-23T18:23:35.109+0000] {processor.py:756} INFO - Processing file /home/airflow/.local/lib/python3.7/site-packages/airflow/example_dags/example_xcomargs.py for tasks to queue
[2023-12-23T18:23:35.109+0000] {logging_mixin.py:120} INFO - [2023-12-23T18:23:35.109+0000] {dagbag.py:537} INFO - Filling up the DagBag from /home/airflow/.local/lib/python3.7/site-packages/airflow/example_dags/example_xcomargs.py
[2023-12-23T18:23:35.129+0000] {processor.py:766} INFO - DAG(s) dict_keys(['example_xcom_args', 'example_xcom_args_with_operators']) retrieved from /home/airflow/.local/lib/python3.7/site-packages/airflow/example_dags/example_xcomargs.py
[2023-12-23T18:23:35.166+0000] {logging_mixin.py:120} INFO - [2023-12-23T18:23:35.165+0000] {dag.py:2585} INFO - Sync 2 DAGs
[2023-12-23T18:23:35.187+0000] {logging_mixin.py:120} INFO - [2023-12-23T18:23:35.187+0000] {dag.py:3340} INFO - Setting next_dagrun for example_xcom_args to None, run_after=None
[2023-12-23T18:23:35.190+0000] {logging_mixin.py:120} INFO - [2023-12-23T18:23:35.189+0000] {dag.py:3340} INFO - Setting next_dagrun for example_xcom_args_with_operators to None, run_after=None
[2023-12-23T18:23:35.208+0000] {processor.py:176} INFO - Processing /home/airflow/.local/lib/python3.7/site-packages/airflow/example_dags/example_xcomargs.py took 0.102 seconds
[2023-12-23T18:24:37.253+0000] {processor.py:154} INFO - Started process (PID=44) to work on /home/airflow/.local/lib/python3.7/site-packages/airflow/example_dags/example_xcomargs.py
[2023-12-23T18:24:37.254+0000] {processor.py:756} INFO - Processing file /home/airflow/.local/lib/python3.7/site-packages/airflow/example_dags/example_xcomargs.py for tasks to queue
[2023-12-23T18:24:37.255+0000] {logging_mixin.py:120} INFO - [2023-12-23T18:24:37.255+0000] {dagbag.py:537} INFO - Filling up the DagBag from /home/airflow/.local/lib/python3.7/site-packages/airflow/example_dags/example_xcomargs.py
[2023-12-23T18:24:37.288+0000] {processor.py:766} INFO - DAG(s) dict_keys(['example_xcom_args', 'example_xcom_args_with_operators']) retrieved from /home/airflow/.local/lib/python3.7/site-packages/airflow/example_dags/example_xcomargs.py
[2023-12-23T18:24:37.321+0000] {logging_mixin.py:120} INFO - [2023-12-23T18:24:37.321+0000] {dag.py:2585} INFO - Sync 2 DAGs
[2023-12-23T18:24:37.354+0000] {logging_mixin.py:120} INFO - [2023-12-23T18:24:37.354+0000] {dag.py:3340} INFO - Setting next_dagrun for example_xcom_args to None, run_after=None
[2023-12-23T18:24:37.358+0000] {logging_mixin.py:120} INFO - [2023-12-23T18:24:37.358+0000] {dag.py:3340} INFO - Setting next_dagrun for example_xcom_args_with_operators to None, run_after=None
[2023-12-23T18:24:37.378+0000] {processor.py:176} INFO - Processing /home/airflow/.local/lib/python3.7/site-packages/airflow/example_dags/example_xcomargs.py took 0.130 seconds
[2023-12-23T18:25:07.876+0000] {processor.py:154} INFO - Started process (PID=97) to work on /home/airflow/.local/lib/python3.7/site-packages/airflow/example_dags/example_xcomargs.py
[2023-12-23T18:25:07.877+0000] {processor.py:756} INFO - Processing file /home/airflow/.local/lib/python3.7/site-packages/airflow/example_dags/example_xcomargs.py for tasks to queue
[2023-12-23T18:25:07.877+0000] {logging_mixin.py:120} INFO - [2023-12-23T18:25:07.877+0000] {dagbag.py:537} INFO - Filling up the DagBag from /home/airflow/.local/lib/python3.7/site-packages/airflow/example_dags/example_xcomargs.py
[2023-12-23T18:25:07.907+0000] {processor.py:766} INFO - DAG(s) dict_keys(['example_xcom_args_with_operators', 'example_xcom_args']) retrieved from /home/airflow/.local/lib/python3.7/site-packages/airflow/example_dags/example_xcomargs.py
[2023-12-23T18:25:07.956+0000] {logging_mixin.py:120} INFO - [2023-12-23T18:25:07.956+0000] {dag.py:2585} INFO - Sync 2 DAGs
[2023-12-23T18:25:07.988+0000] {logging_mixin.py:120} INFO - [2023-12-23T18:25:07.988+0000] {dag.py:3340} INFO - Setting next_dagrun for example_xcom_args to None, run_after=None
[2023-12-23T18:25:07.992+0000] {logging_mixin.py:120} INFO - [2023-12-23T18:25:07.992+0000] {dag.py:3340} INFO - Setting next_dagrun for example_xcom_args_with_operators to None, run_after=None
[2023-12-23T18:25:08.015+0000] {processor.py:176} INFO - Processing /home/airflow/.local/lib/python3.7/site-packages/airflow/example_dags/example_xcomargs.py took 0.142 seconds
[2023-12-23T18:25:38.591+0000] {processor.py:154} INFO - Started process (PID=162) to work on /home/airflow/.local/lib/python3.7/site-packages/airflow/example_dags/example_xcomargs.py
[2023-12-23T18:25:38.592+0000] {processor.py:756} INFO - Processing file /home/airflow/.local/lib/python3.7/site-packages/airflow/example_dags/example_xcomargs.py for tasks to queue
[2023-12-23T18:25:38.593+0000] {logging_mixin.py:120} INFO - [2023-12-23T18:25:38.593+0000] {dagbag.py:537} INFO - Filling up the DagBag from /home/airflow/.local/lib/python3.7/site-packages/airflow/example_dags/example_xcomargs.py
[2023-12-23T18:25:38.622+0000] {processor.py:766} INFO - DAG(s) dict_keys(['example_xcom_args_with_operators', 'example_xcom_args']) retrieved from /home/airflow/.local/lib/python3.7/site-packages/airflow/example_dags/example_xcomargs.py
[2023-12-23T18:25:38.673+0000] {logging_mixin.py:120} INFO - [2023-12-23T18:25:38.673+0000] {dag.py:2585} INFO - Sync 2 DAGs
[2023-12-23T18:25:38.703+0000] {logging_mixin.py:120} INFO - [2023-12-23T18:25:38.703+0000] {dag.py:3340} INFO - Setting next_dagrun for example_xcom_args to None, run_after=None
[2023-12-23T18:25:38.707+0000] {logging_mixin.py:120} INFO - [2023-12-23T18:25:38.707+0000] {dag.py:3340} INFO - Setting next_dagrun for example_xcom_args_with_operators to None, run_after=None
[2023-12-23T18:25:38.731+0000] {processor.py:176} INFO - Processing /home/airflow/.local/lib/python3.7/site-packages/airflow/example_dags/example_xcomargs.py took 0.142 seconds
[2023-12-23T18:26:09.119+0000] {processor.py:154} INFO - Started process (PID=225) to work on /home/airflow/.local/lib/python3.7/site-packages/airflow/example_dags/example_xcomargs.py
[2023-12-23T18:26:09.120+0000] {processor.py:756} INFO - Processing file /home/airflow/.local/lib/python3.7/site-packages/airflow/example_dags/example_xcomargs.py for tasks to queue
[2023-12-23T18:26:09.120+0000] {logging_mixin.py:120} INFO - [2023-12-23T18:26:09.120+0000] {dagbag.py:537} INFO - Filling up the DagBag from /home/airflow/.local/lib/python3.7/site-packages/airflow/example_dags/example_xcomargs.py
[2023-12-23T18:26:09.140+0000] {processor.py:766} INFO - DAG(s) dict_keys(['example_xcom_args', 'example_xcom_args_with_operators']) retrieved from /home/airflow/.local/lib/python3.7/site-packages/airflow/example_dags/example_xcomargs.py
[2023-12-23T18:26:09.180+0000] {logging_mixin.py:120} INFO - [2023-12-23T18:26:09.180+0000] {dag.py:2585} INFO - Sync 2 DAGs
[2023-12-23T18:26:09.202+0000] {logging_mixin.py:120} INFO - [2023-12-23T18:26:09.201+0000] {dag.py:3340} INFO - Setting next_dagrun for example_xcom_args to None, run_after=None
[2023-12-23T18:26:09.205+0000] {logging_mixin.py:120} INFO - [2023-12-23T18:26:09.205+0000] {dag.py:3340} INFO - Setting next_dagrun for example_xcom_args_with_operators to None, run_after=None
[2023-12-23T18:26:09.238+0000] {processor.py:176} INFO - Processing /home/airflow/.local/lib/python3.7/site-packages/airflow/example_dags/example_xcomargs.py took 0.121 seconds
[2023-12-23T18:26:40.165+0000] {processor.py:154} INFO - Started process (PID=288) to work on /home/airflow/.local/lib/python3.7/site-packages/airflow/example_dags/example_xcomargs.py
[2023-12-23T18:26:40.165+0000] {processor.py:756} INFO - Processing file /home/airflow/.local/lib/python3.7/site-packages/airflow/example_dags/example_xcomargs.py for tasks to queue
[2023-12-23T18:26:40.166+0000] {logging_mixin.py:120} INFO - [2023-12-23T18:26:40.166+0000] {dagbag.py:537} INFO - Filling up the DagBag from /home/airflow/.local/lib/python3.7/site-packages/airflow/example_dags/example_xcomargs.py
[2023-12-23T18:26:40.186+0000] {processor.py:766} INFO - DAG(s) dict_keys(['example_xcom_args', 'example_xcom_args_with_operators']) retrieved from /home/airflow/.local/lib/python3.7/site-packages/airflow/example_dags/example_xcomargs.py
[2023-12-23T18:26:40.229+0000] {logging_mixin.py:120} INFO - [2023-12-23T18:26:40.229+0000] {dag.py:2585} INFO - Sync 2 DAGs
[2023-12-23T18:26:40.261+0000] {logging_mixin.py:120} INFO - [2023-12-23T18:26:40.261+0000] {dag.py:3340} INFO - Setting next_dagrun for example_xcom_args to None, run_after=None
[2023-12-23T18:26:40.265+0000] {logging_mixin.py:120} INFO - [2023-12-23T18:26:40.265+0000] {dag.py:3340} INFO - Setting next_dagrun for example_xcom_args_with_operators to None, run_after=None
[2023-12-23T18:26:40.291+0000] {processor.py:176} INFO - Processing /home/airflow/.local/lib/python3.7/site-packages/airflow/example_dags/example_xcomargs.py took 0.129 seconds
[2023-12-23T18:35:55.468+0000] {processor.py:154} INFO - Started process (PID=44) to work on /home/airflow/.local/lib/python3.7/site-packages/airflow/example_dags/example_xcomargs.py
[2023-12-23T18:35:55.473+0000] {processor.py:756} INFO - Processing file /home/airflow/.local/lib/python3.7/site-packages/airflow/example_dags/example_xcomargs.py for tasks to queue
[2023-12-23T18:35:55.474+0000] {logging_mixin.py:120} INFO - [2023-12-23T18:35:55.474+0000] {dagbag.py:537} INFO - Filling up the DagBag from /home/airflow/.local/lib/python3.7/site-packages/airflow/example_dags/example_xcomargs.py
[2023-12-23T18:35:55.508+0000] {processor.py:766} INFO - DAG(s) dict_keys(['example_xcom_args', 'example_xcom_args_with_operators']) retrieved from /home/airflow/.local/lib/python3.7/site-packages/airflow/example_dags/example_xcomargs.py
[2023-12-23T18:35:55.547+0000] {logging_mixin.py:120} INFO - [2023-12-23T18:35:55.547+0000] {dag.py:2585} INFO - Sync 2 DAGs
[2023-12-23T18:35:55.582+0000] {logging_mixin.py:120} INFO - [2023-12-23T18:35:55.582+0000] {dag.py:3340} INFO - Setting next_dagrun for example_xcom_args to None, run_after=None
[2023-12-23T18:35:55.586+0000] {logging_mixin.py:120} INFO - [2023-12-23T18:35:55.585+0000] {dag.py:3340} INFO - Setting next_dagrun for example_xcom_args_with_operators to None, run_after=None
[2023-12-23T18:35:55.622+0000] {processor.py:176} INFO - Processing /home/airflow/.local/lib/python3.7/site-packages/airflow/example_dags/example_xcomargs.py took 0.158 seconds
[2023-12-23T18:36:25.774+0000] {processor.py:154} INFO - Started process (PID=97) to work on /home/airflow/.local/lib/python3.7/site-packages/airflow/example_dags/example_xcomargs.py
[2023-12-23T18:36:25.774+0000] {processor.py:756} INFO - Processing file /home/airflow/.local/lib/python3.7/site-packages/airflow/example_dags/example_xcomargs.py for tasks to queue
[2023-12-23T18:36:25.775+0000] {logging_mixin.py:120} INFO - [2023-12-23T18:36:25.775+0000] {dagbag.py:537} INFO - Filling up the DagBag from /home/airflow/.local/lib/python3.7/site-packages/airflow/example_dags/example_xcomargs.py
[2023-12-23T18:36:25.796+0000] {processor.py:766} INFO - DAG(s) dict_keys(['example_xcom_args', 'example_xcom_args_with_operators']) retrieved from /home/airflow/.local/lib/python3.7/site-packages/airflow/example_dags/example_xcomargs.py
[2023-12-23T18:36:25.837+0000] {logging_mixin.py:120} INFO - [2023-12-23T18:36:25.837+0000] {dag.py:2585} INFO - Sync 2 DAGs
[2023-12-23T18:36:25.860+0000] {logging_mixin.py:120} INFO - [2023-12-23T18:36:25.860+0000] {dag.py:3340} INFO - Setting next_dagrun for example_xcom_args to None, run_after=None
[2023-12-23T18:36:25.863+0000] {logging_mixin.py:120} INFO - [2023-12-23T18:36:25.862+0000] {dag.py:3340} INFO - Setting next_dagrun for example_xcom_args_with_operators to None, run_after=None
[2023-12-23T18:36:25.889+0000] {processor.py:176} INFO - Processing /home/airflow/.local/lib/python3.7/site-packages/airflow/example_dags/example_xcomargs.py took 0.118 seconds
[2023-12-23T18:36:56.059+0000] {processor.py:154} INFO - Started process (PID=161) to work on /home/airflow/.local/lib/python3.7/site-packages/airflow/example_dags/example_xcomargs.py
[2023-12-23T18:36:56.060+0000] {processor.py:756} INFO - Processing file /home/airflow/.local/lib/python3.7/site-packages/airflow/example_dags/example_xcomargs.py for tasks to queue
[2023-12-23T18:36:56.061+0000] {logging_mixin.py:120} INFO - [2023-12-23T18:36:56.061+0000] {dagbag.py:537} INFO - Filling up the DagBag from /home/airflow/.local/lib/python3.7/site-packages/airflow/example_dags/example_xcomargs.py
[2023-12-23T18:36:56.088+0000] {processor.py:766} INFO - DAG(s) dict_keys(['example_xcom_args', 'example_xcom_args_with_operators']) retrieved from /home/airflow/.local/lib/python3.7/site-packages/airflow/example_dags/example_xcomargs.py
[2023-12-23T18:36:56.139+0000] {logging_mixin.py:120} INFO - [2023-12-23T18:36:56.139+0000] {dag.py:2585} INFO - Sync 2 DAGs
[2023-12-23T18:36:56.175+0000] {logging_mixin.py:120} INFO - [2023-12-23T18:36:56.175+0000] {dag.py:3340} INFO - Setting next_dagrun for example_xcom_args to None, run_after=None
[2023-12-23T18:36:56.180+0000] {logging_mixin.py:120} INFO - [2023-12-23T18:36:56.180+0000] {dag.py:3340} INFO - Setting next_dagrun for example_xcom_args_with_operators to None, run_after=None
[2023-12-23T18:36:56.208+0000] {processor.py:176} INFO - Processing /home/airflow/.local/lib/python3.7/site-packages/airflow/example_dags/example_xcomargs.py took 0.152 seconds
