[2023-12-23T18:12:48.570+0000] {processor.py:154} INFO - Started process (PID=68) to work on /home/airflow/.local/lib/python3.7/site-packages/airflow/example_dags/example_skip_dag.py
[2023-12-23T18:12:48.570+0000] {processor.py:756} INFO - Processing file /home/airflow/.local/lib/python3.7/site-packages/airflow/example_dags/example_skip_dag.py for tasks to queue
[2023-12-23T18:12:48.571+0000] {logging_mixin.py:120} INFO - [2023-12-23T18:12:48.571+0000] {dagbag.py:537} INFO - Filling up the DagBag from /home/airflow/.local/lib/python3.7/site-packages/airflow/example_dags/example_skip_dag.py
[2023-12-23T18:12:48.586+0000] {processor.py:766} INFO - DAG(s) dict_keys(['example_skip_dag']) retrieved from /home/airflow/.local/lib/python3.7/site-packages/airflow/example_dags/example_skip_dag.py
[2023-12-23T18:12:48.645+0000] {logging_mixin.py:120} INFO - [2023-12-23T18:12:48.645+0000] {dag.py:2585} INFO - Sync 1 DAGs
[2023-12-23T18:12:48.681+0000] {logging_mixin.py:120} INFO - [2023-12-23T18:12:48.681+0000] {dag.py:3340} INFO - Setting next_dagrun for example_skip_dag to 2023-12-22T18:12:48.681489+00:00, run_after=2023-12-23T18:12:48.681489+00:00
[2023-12-23T18:12:48.710+0000] {processor.py:176} INFO - Processing /home/airflow/.local/lib/python3.7/site-packages/airflow/example_dags/example_skip_dag.py took 0.143 seconds
[2023-12-23T18:13:18.776+0000] {processor.py:154} INFO - Started process (PID=131) to work on /home/airflow/.local/lib/python3.7/site-packages/airflow/example_dags/example_skip_dag.py
[2023-12-23T18:13:18.776+0000] {processor.py:756} INFO - Processing file /home/airflow/.local/lib/python3.7/site-packages/airflow/example_dags/example_skip_dag.py for tasks to queue
[2023-12-23T18:13:18.777+0000] {logging_mixin.py:120} INFO - [2023-12-23T18:13:18.777+0000] {dagbag.py:537} INFO - Filling up the DagBag from /home/airflow/.local/lib/python3.7/site-packages/airflow/example_dags/example_skip_dag.py
[2023-12-23T18:13:18.793+0000] {processor.py:766} INFO - DAG(s) dict_keys(['example_skip_dag']) retrieved from /home/airflow/.local/lib/python3.7/site-packages/airflow/example_dags/example_skip_dag.py
[2023-12-23T18:13:18.833+0000] {logging_mixin.py:120} INFO - [2023-12-23T18:13:18.833+0000] {dag.py:2585} INFO - Sync 1 DAGs
[2023-12-23T18:13:18.854+0000] {logging_mixin.py:120} INFO - [2023-12-23T18:13:18.854+0000] {dag.py:3340} INFO - Setting next_dagrun for example_skip_dag to 2023-12-22T18:13:18.853772+00:00, run_after=2023-12-23T18:13:18.853772+00:00
[2023-12-23T18:13:18.877+0000] {processor.py:176} INFO - Processing /home/airflow/.local/lib/python3.7/site-packages/airflow/example_dags/example_skip_dag.py took 0.103 seconds
[2023-12-23T18:13:49.594+0000] {processor.py:154} INFO - Started process (PID=185) to work on /home/airflow/.local/lib/python3.7/site-packages/airflow/example_dags/example_skip_dag.py
[2023-12-23T18:13:49.594+0000] {processor.py:756} INFO - Processing file /home/airflow/.local/lib/python3.7/site-packages/airflow/example_dags/example_skip_dag.py for tasks to queue
[2023-12-23T18:13:49.595+0000] {logging_mixin.py:120} INFO - [2023-12-23T18:13:49.595+0000] {dagbag.py:537} INFO - Filling up the DagBag from /home/airflow/.local/lib/python3.7/site-packages/airflow/example_dags/example_skip_dag.py
[2023-12-23T18:13:49.609+0000] {processor.py:766} INFO - DAG(s) dict_keys(['example_skip_dag']) retrieved from /home/airflow/.local/lib/python3.7/site-packages/airflow/example_dags/example_skip_dag.py
[2023-12-23T18:13:49.646+0000] {logging_mixin.py:120} INFO - [2023-12-23T18:13:49.646+0000] {dag.py:2585} INFO - Sync 1 DAGs
[2023-12-23T18:13:49.668+0000] {logging_mixin.py:120} INFO - [2023-12-23T18:13:49.668+0000] {dag.py:3340} INFO - Setting next_dagrun for example_skip_dag to 2023-12-22T18:13:49.667857+00:00, run_after=2023-12-23T18:13:49.667857+00:00
[2023-12-23T18:13:49.689+0000] {processor.py:176} INFO - Processing /home/airflow/.local/lib/python3.7/site-packages/airflow/example_dags/example_skip_dag.py took 0.097 seconds
[2023-12-23T18:14:20.586+0000] {processor.py:154} INFO - Started process (PID=248) to work on /home/airflow/.local/lib/python3.7/site-packages/airflow/example_dags/example_skip_dag.py
[2023-12-23T18:14:20.587+0000] {processor.py:756} INFO - Processing file /home/airflow/.local/lib/python3.7/site-packages/airflow/example_dags/example_skip_dag.py for tasks to queue
[2023-12-23T18:14:20.587+0000] {logging_mixin.py:120} INFO - [2023-12-23T18:14:20.587+0000] {dagbag.py:537} INFO - Filling up the DagBag from /home/airflow/.local/lib/python3.7/site-packages/airflow/example_dags/example_skip_dag.py
[2023-12-23T18:14:20.601+0000] {processor.py:766} INFO - DAG(s) dict_keys(['example_skip_dag']) retrieved from /home/airflow/.local/lib/python3.7/site-packages/airflow/example_dags/example_skip_dag.py
[2023-12-23T18:14:20.634+0000] {logging_mixin.py:120} INFO - [2023-12-23T18:14:20.634+0000] {dag.py:2585} INFO - Sync 1 DAGs
[2023-12-23T18:14:20.659+0000] {logging_mixin.py:120} INFO - [2023-12-23T18:14:20.659+0000] {dag.py:3340} INFO - Setting next_dagrun for example_skip_dag to 2023-12-22T18:14:20.658772+00:00, run_after=2023-12-23T18:14:20.658772+00:00
[2023-12-23T18:14:20.679+0000] {processor.py:176} INFO - Processing /home/airflow/.local/lib/python3.7/site-packages/airflow/example_dags/example_skip_dag.py took 0.095 seconds
[2023-12-23T18:14:51.510+0000] {processor.py:154} INFO - Started process (PID=312) to work on /home/airflow/.local/lib/python3.7/site-packages/airflow/example_dags/example_skip_dag.py
[2023-12-23T18:14:51.511+0000] {processor.py:756} INFO - Processing file /home/airflow/.local/lib/python3.7/site-packages/airflow/example_dags/example_skip_dag.py for tasks to queue
[2023-12-23T18:14:51.511+0000] {logging_mixin.py:120} INFO - [2023-12-23T18:14:51.511+0000] {dagbag.py:537} INFO - Filling up the DagBag from /home/airflow/.local/lib/python3.7/site-packages/airflow/example_dags/example_skip_dag.py
[2023-12-23T18:14:51.529+0000] {processor.py:766} INFO - DAG(s) dict_keys(['example_skip_dag']) retrieved from /home/airflow/.local/lib/python3.7/site-packages/airflow/example_dags/example_skip_dag.py
[2023-12-23T18:14:51.584+0000] {logging_mixin.py:120} INFO - [2023-12-23T18:14:51.584+0000] {dag.py:2585} INFO - Sync 1 DAGs
[2023-12-23T18:14:51.612+0000] {logging_mixin.py:120} INFO - [2023-12-23T18:14:51.612+0000] {dag.py:3340} INFO - Setting next_dagrun for example_skip_dag to 2023-12-22T18:14:51.611906+00:00, run_after=2023-12-23T18:14:51.611906+00:00
[2023-12-23T18:14:51.633+0000] {processor.py:176} INFO - Processing /home/airflow/.local/lib/python3.7/site-packages/airflow/example_dags/example_skip_dag.py took 0.126 seconds
[2023-12-23T18:15:21.871+0000] {processor.py:154} INFO - Started process (PID=375) to work on /home/airflow/.local/lib/python3.7/site-packages/airflow/example_dags/example_skip_dag.py
[2023-12-23T18:15:21.871+0000] {processor.py:756} INFO - Processing file /home/airflow/.local/lib/python3.7/site-packages/airflow/example_dags/example_skip_dag.py for tasks to queue
[2023-12-23T18:15:21.872+0000] {logging_mixin.py:120} INFO - [2023-12-23T18:15:21.872+0000] {dagbag.py:537} INFO - Filling up the DagBag from /home/airflow/.local/lib/python3.7/site-packages/airflow/example_dags/example_skip_dag.py
[2023-12-23T18:15:21.884+0000] {processor.py:766} INFO - DAG(s) dict_keys(['example_skip_dag']) retrieved from /home/airflow/.local/lib/python3.7/site-packages/airflow/example_dags/example_skip_dag.py
[2023-12-23T18:15:21.921+0000] {logging_mixin.py:120} INFO - [2023-12-23T18:15:21.921+0000] {dag.py:2585} INFO - Sync 1 DAGs
[2023-12-23T18:15:21.942+0000] {logging_mixin.py:120} INFO - [2023-12-23T18:15:21.942+0000] {dag.py:3340} INFO - Setting next_dagrun for example_skip_dag to 2023-12-22T18:15:21.941930+00:00, run_after=2023-12-23T18:15:21.941930+00:00
[2023-12-23T18:15:21.963+0000] {processor.py:176} INFO - Processing /home/airflow/.local/lib/python3.7/site-packages/airflow/example_dags/example_skip_dag.py took 0.095 seconds
[2023-12-23T18:15:52.725+0000] {processor.py:154} INFO - Started process (PID=430) to work on /home/airflow/.local/lib/python3.7/site-packages/airflow/example_dags/example_skip_dag.py
[2023-12-23T18:15:52.725+0000] {processor.py:756} INFO - Processing file /home/airflow/.local/lib/python3.7/site-packages/airflow/example_dags/example_skip_dag.py for tasks to queue
[2023-12-23T18:15:52.726+0000] {logging_mixin.py:120} INFO - [2023-12-23T18:15:52.726+0000] {dagbag.py:537} INFO - Filling up the DagBag from /home/airflow/.local/lib/python3.7/site-packages/airflow/example_dags/example_skip_dag.py
[2023-12-23T18:15:52.739+0000] {processor.py:766} INFO - DAG(s) dict_keys(['example_skip_dag']) retrieved from /home/airflow/.local/lib/python3.7/site-packages/airflow/example_dags/example_skip_dag.py
[2023-12-23T18:15:52.774+0000] {logging_mixin.py:120} INFO - [2023-12-23T18:15:52.774+0000] {dag.py:2585} INFO - Sync 1 DAGs
[2023-12-23T18:15:52.797+0000] {logging_mixin.py:120} INFO - [2023-12-23T18:15:52.797+0000] {dag.py:3340} INFO - Setting next_dagrun for example_skip_dag to 2023-12-22T18:15:52.796954+00:00, run_after=2023-12-23T18:15:52.796954+00:00
[2023-12-23T18:15:52.816+0000] {processor.py:176} INFO - Processing /home/airflow/.local/lib/python3.7/site-packages/airflow/example_dags/example_skip_dag.py took 0.094 seconds
[2023-12-23T18:16:23.577+0000] {processor.py:154} INFO - Started process (PID=493) to work on /home/airflow/.local/lib/python3.7/site-packages/airflow/example_dags/example_skip_dag.py
[2023-12-23T18:16:23.577+0000] {processor.py:756} INFO - Processing file /home/airflow/.local/lib/python3.7/site-packages/airflow/example_dags/example_skip_dag.py for tasks to queue
[2023-12-23T18:16:23.578+0000] {logging_mixin.py:120} INFO - [2023-12-23T18:16:23.578+0000] {dagbag.py:537} INFO - Filling up the DagBag from /home/airflow/.local/lib/python3.7/site-packages/airflow/example_dags/example_skip_dag.py
[2023-12-23T18:16:23.592+0000] {processor.py:766} INFO - DAG(s) dict_keys(['example_skip_dag']) retrieved from /home/airflow/.local/lib/python3.7/site-packages/airflow/example_dags/example_skip_dag.py
[2023-12-23T18:16:23.626+0000] {logging_mixin.py:120} INFO - [2023-12-23T18:16:23.626+0000] {dag.py:2585} INFO - Sync 1 DAGs
[2023-12-23T18:16:23.648+0000] {logging_mixin.py:120} INFO - [2023-12-23T18:16:23.648+0000] {dag.py:3340} INFO - Setting next_dagrun for example_skip_dag to 2023-12-22T18:16:23.648184+00:00, run_after=2023-12-23T18:16:23.648184+00:00
[2023-12-23T18:16:23.671+0000] {processor.py:176} INFO - Processing /home/airflow/.local/lib/python3.7/site-packages/airflow/example_dags/example_skip_dag.py took 0.097 seconds
[2023-12-23T18:16:54.306+0000] {processor.py:154} INFO - Started process (PID=557) to work on /home/airflow/.local/lib/python3.7/site-packages/airflow/example_dags/example_skip_dag.py
[2023-12-23T18:16:54.307+0000] {processor.py:756} INFO - Processing file /home/airflow/.local/lib/python3.7/site-packages/airflow/example_dags/example_skip_dag.py for tasks to queue
[2023-12-23T18:16:54.307+0000] {logging_mixin.py:120} INFO - [2023-12-23T18:16:54.307+0000] {dagbag.py:537} INFO - Filling up the DagBag from /home/airflow/.local/lib/python3.7/site-packages/airflow/example_dags/example_skip_dag.py
[2023-12-23T18:16:54.319+0000] {processor.py:766} INFO - DAG(s) dict_keys(['example_skip_dag']) retrieved from /home/airflow/.local/lib/python3.7/site-packages/airflow/example_dags/example_skip_dag.py
[2023-12-23T18:16:54.356+0000] {logging_mixin.py:120} INFO - [2023-12-23T18:16:54.355+0000] {dag.py:2585} INFO - Sync 1 DAGs
[2023-12-23T18:16:54.385+0000] {logging_mixin.py:120} INFO - [2023-12-23T18:16:54.385+0000] {dag.py:3340} INFO - Setting next_dagrun for example_skip_dag to 2023-12-22T18:16:54.384999+00:00, run_after=2023-12-23T18:16:54.384999+00:00
[2023-12-23T18:16:54.414+0000] {processor.py:176} INFO - Processing /home/airflow/.local/lib/python3.7/site-packages/airflow/example_dags/example_skip_dag.py took 0.110 seconds
[2023-12-23T18:17:25.290+0000] {processor.py:154} INFO - Started process (PID=621) to work on /home/airflow/.local/lib/python3.7/site-packages/airflow/example_dags/example_skip_dag.py
[2023-12-23T18:17:25.290+0000] {processor.py:756} INFO - Processing file /home/airflow/.local/lib/python3.7/site-packages/airflow/example_dags/example_skip_dag.py for tasks to queue
[2023-12-23T18:17:25.291+0000] {logging_mixin.py:120} INFO - [2023-12-23T18:17:25.291+0000] {dagbag.py:537} INFO - Filling up the DagBag from /home/airflow/.local/lib/python3.7/site-packages/airflow/example_dags/example_skip_dag.py
[2023-12-23T18:17:25.303+0000] {processor.py:766} INFO - DAG(s) dict_keys(['example_skip_dag']) retrieved from /home/airflow/.local/lib/python3.7/site-packages/airflow/example_dags/example_skip_dag.py
[2023-12-23T18:17:25.338+0000] {logging_mixin.py:120} INFO - [2023-12-23T18:17:25.338+0000] {dag.py:2585} INFO - Sync 1 DAGs
[2023-12-23T18:17:25.359+0000] {logging_mixin.py:120} INFO - [2023-12-23T18:17:25.359+0000] {dag.py:3340} INFO - Setting next_dagrun for example_skip_dag to 2023-12-22T18:17:25.359442+00:00, run_after=2023-12-23T18:17:25.359442+00:00
[2023-12-23T18:17:25.382+0000] {processor.py:176} INFO - Processing /home/airflow/.local/lib/python3.7/site-packages/airflow/example_dags/example_skip_dag.py took 0.094 seconds
[2023-12-23T18:17:55.979+0000] {processor.py:154} INFO - Started process (PID=676) to work on /home/airflow/.local/lib/python3.7/site-packages/airflow/example_dags/example_skip_dag.py
[2023-12-23T18:17:55.980+0000] {processor.py:756} INFO - Processing file /home/airflow/.local/lib/python3.7/site-packages/airflow/example_dags/example_skip_dag.py for tasks to queue
[2023-12-23T18:17:55.980+0000] {logging_mixin.py:120} INFO - [2023-12-23T18:17:55.980+0000] {dagbag.py:537} INFO - Filling up the DagBag from /home/airflow/.local/lib/python3.7/site-packages/airflow/example_dags/example_skip_dag.py
[2023-12-23T18:17:55.993+0000] {processor.py:766} INFO - DAG(s) dict_keys(['example_skip_dag']) retrieved from /home/airflow/.local/lib/python3.7/site-packages/airflow/example_dags/example_skip_dag.py
[2023-12-23T18:17:56.027+0000] {logging_mixin.py:120} INFO - [2023-12-23T18:17:56.027+0000] {dag.py:2585} INFO - Sync 1 DAGs
[2023-12-23T18:17:56.049+0000] {logging_mixin.py:120} INFO - [2023-12-23T18:17:56.049+0000] {dag.py:3340} INFO - Setting next_dagrun for example_skip_dag to 2023-12-22T18:17:56.048852+00:00, run_after=2023-12-23T18:17:56.048852+00:00
[2023-12-23T18:17:56.070+0000] {processor.py:176} INFO - Processing /home/airflow/.local/lib/python3.7/site-packages/airflow/example_dags/example_skip_dag.py took 0.093 seconds
[2023-12-23T18:18:26.787+0000] {processor.py:154} INFO - Started process (PID=740) to work on /home/airflow/.local/lib/python3.7/site-packages/airflow/example_dags/example_skip_dag.py
[2023-12-23T18:18:26.788+0000] {processor.py:756} INFO - Processing file /home/airflow/.local/lib/python3.7/site-packages/airflow/example_dags/example_skip_dag.py for tasks to queue
[2023-12-23T18:18:26.788+0000] {logging_mixin.py:120} INFO - [2023-12-23T18:18:26.788+0000] {dagbag.py:537} INFO - Filling up the DagBag from /home/airflow/.local/lib/python3.7/site-packages/airflow/example_dags/example_skip_dag.py
[2023-12-23T18:18:26.800+0000] {processor.py:766} INFO - DAG(s) dict_keys(['example_skip_dag']) retrieved from /home/airflow/.local/lib/python3.7/site-packages/airflow/example_dags/example_skip_dag.py
[2023-12-23T18:18:26.834+0000] {logging_mixin.py:120} INFO - [2023-12-23T18:18:26.834+0000] {dag.py:2585} INFO - Sync 1 DAGs
[2023-12-23T18:18:26.857+0000] {logging_mixin.py:120} INFO - [2023-12-23T18:18:26.857+0000] {dag.py:3340} INFO - Setting next_dagrun for example_skip_dag to 2023-12-22T18:18:26.856913+00:00, run_after=2023-12-23T18:18:26.856913+00:00
[2023-12-23T18:18:26.878+0000] {processor.py:176} INFO - Processing /home/airflow/.local/lib/python3.7/site-packages/airflow/example_dags/example_skip_dag.py took 0.094 seconds
[2023-12-23T18:18:57.515+0000] {processor.py:154} INFO - Started process (PID=804) to work on /home/airflow/.local/lib/python3.7/site-packages/airflow/example_dags/example_skip_dag.py
[2023-12-23T18:18:57.515+0000] {processor.py:756} INFO - Processing file /home/airflow/.local/lib/python3.7/site-packages/airflow/example_dags/example_skip_dag.py for tasks to queue
[2023-12-23T18:18:57.516+0000] {logging_mixin.py:120} INFO - [2023-12-23T18:18:57.516+0000] {dagbag.py:537} INFO - Filling up the DagBag from /home/airflow/.local/lib/python3.7/site-packages/airflow/example_dags/example_skip_dag.py
[2023-12-23T18:18:57.528+0000] {processor.py:766} INFO - DAG(s) dict_keys(['example_skip_dag']) retrieved from /home/airflow/.local/lib/python3.7/site-packages/airflow/example_dags/example_skip_dag.py
[2023-12-23T18:18:57.561+0000] {logging_mixin.py:120} INFO - [2023-12-23T18:18:57.560+0000] {dag.py:2585} INFO - Sync 1 DAGs
[2023-12-23T18:18:57.580+0000] {logging_mixin.py:120} INFO - [2023-12-23T18:18:57.580+0000] {dag.py:3340} INFO - Setting next_dagrun for example_skip_dag to 2023-12-22T18:18:57.580305+00:00, run_after=2023-12-23T18:18:57.580305+00:00
[2023-12-23T18:18:57.603+0000] {processor.py:176} INFO - Processing /home/airflow/.local/lib/python3.7/site-packages/airflow/example_dags/example_skip_dag.py took 0.091 seconds
[2023-12-23T18:19:28.534+0000] {processor.py:154} INFO - Started process (PID=868) to work on /home/airflow/.local/lib/python3.7/site-packages/airflow/example_dags/example_skip_dag.py
[2023-12-23T18:19:28.534+0000] {processor.py:756} INFO - Processing file /home/airflow/.local/lib/python3.7/site-packages/airflow/example_dags/example_skip_dag.py for tasks to queue
[2023-12-23T18:19:28.535+0000] {logging_mixin.py:120} INFO - [2023-12-23T18:19:28.535+0000] {dagbag.py:537} INFO - Filling up the DagBag from /home/airflow/.local/lib/python3.7/site-packages/airflow/example_dags/example_skip_dag.py
[2023-12-23T18:19:28.551+0000] {processor.py:766} INFO - DAG(s) dict_keys(['example_skip_dag']) retrieved from /home/airflow/.local/lib/python3.7/site-packages/airflow/example_dags/example_skip_dag.py
[2023-12-23T18:19:28.591+0000] {logging_mixin.py:120} INFO - [2023-12-23T18:19:28.591+0000] {dag.py:2585} INFO - Sync 1 DAGs
[2023-12-23T18:19:28.612+0000] {logging_mixin.py:120} INFO - [2023-12-23T18:19:28.611+0000] {dag.py:3340} INFO - Setting next_dagrun for example_skip_dag to 2023-12-22T18:19:28.611811+00:00, run_after=2023-12-23T18:19:28.611811+00:00
[2023-12-23T18:19:28.631+0000] {processor.py:176} INFO - Processing /home/airflow/.local/lib/python3.7/site-packages/airflow/example_dags/example_skip_dag.py took 0.101 seconds
[2023-12-23T18:19:59.179+0000] {processor.py:154} INFO - Started process (PID=923) to work on /home/airflow/.local/lib/python3.7/site-packages/airflow/example_dags/example_skip_dag.py
[2023-12-23T18:19:59.179+0000] {processor.py:756} INFO - Processing file /home/airflow/.local/lib/python3.7/site-packages/airflow/example_dags/example_skip_dag.py for tasks to queue
[2023-12-23T18:19:59.180+0000] {logging_mixin.py:120} INFO - [2023-12-23T18:19:59.180+0000] {dagbag.py:537} INFO - Filling up the DagBag from /home/airflow/.local/lib/python3.7/site-packages/airflow/example_dags/example_skip_dag.py
[2023-12-23T18:19:59.192+0000] {processor.py:766} INFO - DAG(s) dict_keys(['example_skip_dag']) retrieved from /home/airflow/.local/lib/python3.7/site-packages/airflow/example_dags/example_skip_dag.py
[2023-12-23T18:19:59.228+0000] {logging_mixin.py:120} INFO - [2023-12-23T18:19:59.228+0000] {dag.py:2585} INFO - Sync 1 DAGs
[2023-12-23T18:19:59.253+0000] {logging_mixin.py:120} INFO - [2023-12-23T18:19:59.252+0000] {dag.py:3340} INFO - Setting next_dagrun for example_skip_dag to 2023-12-22T18:19:59.252646+00:00, run_after=2023-12-23T18:19:59.252646+00:00
[2023-12-23T18:19:59.274+0000] {processor.py:176} INFO - Processing /home/airflow/.local/lib/python3.7/site-packages/airflow/example_dags/example_skip_dag.py took 0.099 seconds
[2023-12-23T18:21:05.503+0000] {processor.py:154} INFO - Started process (PID=68) to work on /home/airflow/.local/lib/python3.7/site-packages/airflow/example_dags/example_skip_dag.py
[2023-12-23T18:21:05.504+0000] {processor.py:756} INFO - Processing file /home/airflow/.local/lib/python3.7/site-packages/airflow/example_dags/example_skip_dag.py for tasks to queue
[2023-12-23T18:21:05.504+0000] {logging_mixin.py:120} INFO - [2023-12-23T18:21:05.504+0000] {dagbag.py:537} INFO - Filling up the DagBag from /home/airflow/.local/lib/python3.7/site-packages/airflow/example_dags/example_skip_dag.py
[2023-12-23T18:21:05.524+0000] {processor.py:766} INFO - DAG(s) dict_keys(['example_skip_dag']) retrieved from /home/airflow/.local/lib/python3.7/site-packages/airflow/example_dags/example_skip_dag.py
[2023-12-23T18:21:05.559+0000] {logging_mixin.py:120} INFO - [2023-12-23T18:21:05.559+0000] {dag.py:2585} INFO - Sync 1 DAGs
[2023-12-23T18:21:05.589+0000] {logging_mixin.py:120} INFO - [2023-12-23T18:21:05.589+0000] {dag.py:3340} INFO - Setting next_dagrun for example_skip_dag to 2023-12-22T18:21:05.588995+00:00, run_after=2023-12-23T18:21:05.588995+00:00
[2023-12-23T18:21:05.615+0000] {processor.py:176} INFO - Processing /home/airflow/.local/lib/python3.7/site-packages/airflow/example_dags/example_skip_dag.py took 0.115 seconds
[2023-12-23T18:21:36.128+0000] {processor.py:154} INFO - Started process (PID=131) to work on /home/airflow/.local/lib/python3.7/site-packages/airflow/example_dags/example_skip_dag.py
[2023-12-23T18:21:36.129+0000] {processor.py:756} INFO - Processing file /home/airflow/.local/lib/python3.7/site-packages/airflow/example_dags/example_skip_dag.py for tasks to queue
[2023-12-23T18:21:36.129+0000] {logging_mixin.py:120} INFO - [2023-12-23T18:21:36.129+0000] {dagbag.py:537} INFO - Filling up the DagBag from /home/airflow/.local/lib/python3.7/site-packages/airflow/example_dags/example_skip_dag.py
[2023-12-23T18:21:36.141+0000] {processor.py:766} INFO - DAG(s) dict_keys(['example_skip_dag']) retrieved from /home/airflow/.local/lib/python3.7/site-packages/airflow/example_dags/example_skip_dag.py
[2023-12-23T18:21:36.173+0000] {logging_mixin.py:120} INFO - [2023-12-23T18:21:36.173+0000] {dag.py:2585} INFO - Sync 1 DAGs
[2023-12-23T18:21:36.194+0000] {logging_mixin.py:120} INFO - [2023-12-23T18:21:36.194+0000] {dag.py:3340} INFO - Setting next_dagrun for example_skip_dag to 2023-12-22T18:21:36.194056+00:00, run_after=2023-12-23T18:21:36.194056+00:00
[2023-12-23T18:21:36.215+0000] {processor.py:176} INFO - Processing /home/airflow/.local/lib/python3.7/site-packages/airflow/example_dags/example_skip_dag.py took 0.089 seconds
[2023-12-23T18:22:06.530+0000] {processor.py:154} INFO - Started process (PID=188) to work on /home/airflow/.local/lib/python3.7/site-packages/airflow/example_dags/example_skip_dag.py
[2023-12-23T18:22:06.530+0000] {processor.py:756} INFO - Processing file /home/airflow/.local/lib/python3.7/site-packages/airflow/example_dags/example_skip_dag.py for tasks to queue
[2023-12-23T18:22:06.531+0000] {logging_mixin.py:120} INFO - [2023-12-23T18:22:06.531+0000] {dagbag.py:537} INFO - Filling up the DagBag from /home/airflow/.local/lib/python3.7/site-packages/airflow/example_dags/example_skip_dag.py
[2023-12-23T18:22:06.543+0000] {processor.py:766} INFO - DAG(s) dict_keys(['example_skip_dag']) retrieved from /home/airflow/.local/lib/python3.7/site-packages/airflow/example_dags/example_skip_dag.py
[2023-12-23T18:22:06.583+0000] {logging_mixin.py:120} INFO - [2023-12-23T18:22:06.583+0000] {dag.py:2585} INFO - Sync 1 DAGs
[2023-12-23T18:22:06.612+0000] {logging_mixin.py:120} INFO - [2023-12-23T18:22:06.612+0000] {dag.py:3340} INFO - Setting next_dagrun for example_skip_dag to 2023-12-22T18:22:06.611916+00:00, run_after=2023-12-23T18:22:06.611916+00:00
[2023-12-23T18:22:06.636+0000] {processor.py:176} INFO - Processing /home/airflow/.local/lib/python3.7/site-packages/airflow/example_dags/example_skip_dag.py took 0.109 seconds
[2023-12-23T18:22:36.910+0000] {processor.py:154} INFO - Started process (PID=251) to work on /home/airflow/.local/lib/python3.7/site-packages/airflow/example_dags/example_skip_dag.py
[2023-12-23T18:22:36.910+0000] {processor.py:756} INFO - Processing file /home/airflow/.local/lib/python3.7/site-packages/airflow/example_dags/example_skip_dag.py for tasks to queue
[2023-12-23T18:22:36.911+0000] {logging_mixin.py:120} INFO - [2023-12-23T18:22:36.911+0000] {dagbag.py:537} INFO - Filling up the DagBag from /home/airflow/.local/lib/python3.7/site-packages/airflow/example_dags/example_skip_dag.py
[2023-12-23T18:22:36.926+0000] {processor.py:766} INFO - DAG(s) dict_keys(['example_skip_dag']) retrieved from /home/airflow/.local/lib/python3.7/site-packages/airflow/example_dags/example_skip_dag.py
[2023-12-23T18:22:36.972+0000] {logging_mixin.py:120} INFO - [2023-12-23T18:22:36.971+0000] {dag.py:2585} INFO - Sync 1 DAGs
[2023-12-23T18:22:37.001+0000] {logging_mixin.py:120} INFO - [2023-12-23T18:22:37.001+0000] {dag.py:3340} INFO - Setting next_dagrun for example_skip_dag to 2023-12-22T18:22:37.001384+00:00, run_after=2023-12-23T18:22:37.001384+00:00
[2023-12-23T18:22:37.042+0000] {processor.py:176} INFO - Processing /home/airflow/.local/lib/python3.7/site-packages/airflow/example_dags/example_skip_dag.py took 0.135 seconds
[2023-12-23T18:23:07.192+0000] {processor.py:154} INFO - Started process (PID=315) to work on /home/airflow/.local/lib/python3.7/site-packages/airflow/example_dags/example_skip_dag.py
[2023-12-23T18:23:07.193+0000] {processor.py:756} INFO - Processing file /home/airflow/.local/lib/python3.7/site-packages/airflow/example_dags/example_skip_dag.py for tasks to queue
[2023-12-23T18:23:07.194+0000] {logging_mixin.py:120} INFO - [2023-12-23T18:23:07.194+0000] {dagbag.py:537} INFO - Filling up the DagBag from /home/airflow/.local/lib/python3.7/site-packages/airflow/example_dags/example_skip_dag.py
[2023-12-23T18:23:07.211+0000] {processor.py:766} INFO - DAG(s) dict_keys(['example_skip_dag']) retrieved from /home/airflow/.local/lib/python3.7/site-packages/airflow/example_dags/example_skip_dag.py
[2023-12-23T18:23:07.259+0000] {logging_mixin.py:120} INFO - [2023-12-23T18:23:07.259+0000] {dag.py:2585} INFO - Sync 1 DAGs
[2023-12-23T18:23:07.291+0000] {logging_mixin.py:120} INFO - [2023-12-23T18:23:07.291+0000] {dag.py:3340} INFO - Setting next_dagrun for example_skip_dag to 2023-12-22T18:23:07.291622+00:00, run_after=2023-12-23T18:23:07.291622+00:00
[2023-12-23T18:23:07.313+0000] {processor.py:176} INFO - Processing /home/airflow/.local/lib/python3.7/site-packages/airflow/example_dags/example_skip_dag.py took 0.124 seconds
[2023-12-23T18:23:38.060+0000] {processor.py:154} INFO - Started process (PID=370) to work on /home/airflow/.local/lib/python3.7/site-packages/airflow/example_dags/example_skip_dag.py
[2023-12-23T18:23:38.061+0000] {processor.py:756} INFO - Processing file /home/airflow/.local/lib/python3.7/site-packages/airflow/example_dags/example_skip_dag.py for tasks to queue
[2023-12-23T18:23:38.061+0000] {logging_mixin.py:120} INFO - [2023-12-23T18:23:38.061+0000] {dagbag.py:537} INFO - Filling up the DagBag from /home/airflow/.local/lib/python3.7/site-packages/airflow/example_dags/example_skip_dag.py
[2023-12-23T18:23:38.075+0000] {processor.py:766} INFO - DAG(s) dict_keys(['example_skip_dag']) retrieved from /home/airflow/.local/lib/python3.7/site-packages/airflow/example_dags/example_skip_dag.py
[2023-12-23T18:23:38.115+0000] {logging_mixin.py:120} INFO - [2023-12-23T18:23:38.115+0000] {dag.py:2585} INFO - Sync 1 DAGs
[2023-12-23T18:23:38.141+0000] {logging_mixin.py:120} INFO - [2023-12-23T18:23:38.140+0000] {dag.py:3340} INFO - Setting next_dagrun for example_skip_dag to 2023-12-22T18:23:38.140771+00:00, run_after=2023-12-23T18:23:38.140771+00:00
[2023-12-23T18:23:38.163+0000] {processor.py:176} INFO - Processing /home/airflow/.local/lib/python3.7/site-packages/airflow/example_dags/example_skip_dag.py took 0.105 seconds
[2023-12-23T18:24:39.811+0000] {processor.py:154} INFO - Started process (PID=68) to work on /home/airflow/.local/lib/python3.7/site-packages/airflow/example_dags/example_skip_dag.py
[2023-12-23T18:24:39.820+0000] {processor.py:756} INFO - Processing file /home/airflow/.local/lib/python3.7/site-packages/airflow/example_dags/example_skip_dag.py for tasks to queue
[2023-12-23T18:24:39.821+0000] {logging_mixin.py:120} INFO - [2023-12-23T18:24:39.821+0000] {dagbag.py:537} INFO - Filling up the DagBag from /home/airflow/.local/lib/python3.7/site-packages/airflow/example_dags/example_skip_dag.py
[2023-12-23T18:24:39.846+0000] {processor.py:766} INFO - DAG(s) dict_keys(['example_skip_dag']) retrieved from /home/airflow/.local/lib/python3.7/site-packages/airflow/example_dags/example_skip_dag.py
[2023-12-23T18:24:39.878+0000] {logging_mixin.py:120} INFO - [2023-12-23T18:24:39.878+0000] {dag.py:2585} INFO - Sync 1 DAGs
[2023-12-23T18:24:39.911+0000] {logging_mixin.py:120} INFO - [2023-12-23T18:24:39.911+0000] {dag.py:3340} INFO - Setting next_dagrun for example_skip_dag to 2023-12-22T18:24:39.911312+00:00, run_after=2023-12-23T18:24:39.911312+00:00
[2023-12-23T18:24:39.940+0000] {processor.py:176} INFO - Processing /home/airflow/.local/lib/python3.7/site-packages/airflow/example_dags/example_skip_dag.py took 0.132 seconds
[2023-12-23T18:25:10.395+0000] {processor.py:154} INFO - Started process (PID=130) to work on /home/airflow/.local/lib/python3.7/site-packages/airflow/example_dags/example_skip_dag.py
[2023-12-23T18:25:10.395+0000] {processor.py:756} INFO - Processing file /home/airflow/.local/lib/python3.7/site-packages/airflow/example_dags/example_skip_dag.py for tasks to queue
[2023-12-23T18:25:10.396+0000] {logging_mixin.py:120} INFO - [2023-12-23T18:25:10.396+0000] {dagbag.py:537} INFO - Filling up the DagBag from /home/airflow/.local/lib/python3.7/site-packages/airflow/example_dags/example_skip_dag.py
[2023-12-23T18:25:10.412+0000] {processor.py:766} INFO - DAG(s) dict_keys(['example_skip_dag']) retrieved from /home/airflow/.local/lib/python3.7/site-packages/airflow/example_dags/example_skip_dag.py
[2023-12-23T18:25:10.459+0000] {logging_mixin.py:120} INFO - [2023-12-23T18:25:10.459+0000] {dag.py:2585} INFO - Sync 1 DAGs
[2023-12-23T18:25:10.495+0000] {logging_mixin.py:120} INFO - [2023-12-23T18:25:10.495+0000] {dag.py:3340} INFO - Setting next_dagrun for example_skip_dag to 2023-12-22T18:25:10.495059+00:00, run_after=2023-12-23T18:25:10.495059+00:00
[2023-12-23T18:25:10.525+0000] {processor.py:176} INFO - Processing /home/airflow/.local/lib/python3.7/site-packages/airflow/example_dags/example_skip_dag.py took 0.134 seconds
[2023-12-23T18:25:41.032+0000] {processor.py:154} INFO - Started process (PID=186) to work on /home/airflow/.local/lib/python3.7/site-packages/airflow/example_dags/example_skip_dag.py
[2023-12-23T18:25:41.032+0000] {processor.py:756} INFO - Processing file /home/airflow/.local/lib/python3.7/site-packages/airflow/example_dags/example_skip_dag.py for tasks to queue
[2023-12-23T18:25:41.033+0000] {logging_mixin.py:120} INFO - [2023-12-23T18:25:41.033+0000] {dagbag.py:537} INFO - Filling up the DagBag from /home/airflow/.local/lib/python3.7/site-packages/airflow/example_dags/example_skip_dag.py
[2023-12-23T18:25:41.049+0000] {processor.py:766} INFO - DAG(s) dict_keys(['example_skip_dag']) retrieved from /home/airflow/.local/lib/python3.7/site-packages/airflow/example_dags/example_skip_dag.py
[2023-12-23T18:25:41.086+0000] {logging_mixin.py:120} INFO - [2023-12-23T18:25:41.086+0000] {dag.py:2585} INFO - Sync 1 DAGs
[2023-12-23T18:25:41.107+0000] {logging_mixin.py:120} INFO - [2023-12-23T18:25:41.107+0000] {dag.py:3340} INFO - Setting next_dagrun for example_skip_dag to 2023-12-22T18:25:41.107506+00:00, run_after=2023-12-23T18:25:41.107506+00:00
[2023-12-23T18:25:41.130+0000] {processor.py:176} INFO - Processing /home/airflow/.local/lib/python3.7/site-packages/airflow/example_dags/example_skip_dag.py took 0.101 seconds
[2023-12-23T18:26:11.388+0000] {processor.py:154} INFO - Started process (PID=249) to work on /home/airflow/.local/lib/python3.7/site-packages/airflow/example_dags/example_skip_dag.py
[2023-12-23T18:26:11.388+0000] {processor.py:756} INFO - Processing file /home/airflow/.local/lib/python3.7/site-packages/airflow/example_dags/example_skip_dag.py for tasks to queue
[2023-12-23T18:26:11.389+0000] {logging_mixin.py:120} INFO - [2023-12-23T18:26:11.389+0000] {dagbag.py:537} INFO - Filling up the DagBag from /home/airflow/.local/lib/python3.7/site-packages/airflow/example_dags/example_skip_dag.py
[2023-12-23T18:26:11.401+0000] {processor.py:766} INFO - DAG(s) dict_keys(['example_skip_dag']) retrieved from /home/airflow/.local/lib/python3.7/site-packages/airflow/example_dags/example_skip_dag.py
[2023-12-23T18:26:11.436+0000] {logging_mixin.py:120} INFO - [2023-12-23T18:26:11.436+0000] {dag.py:2585} INFO - Sync 1 DAGs
[2023-12-23T18:26:11.457+0000] {logging_mixin.py:120} INFO - [2023-12-23T18:26:11.457+0000] {dag.py:3340} INFO - Setting next_dagrun for example_skip_dag to 2023-12-22T18:26:11.456993+00:00, run_after=2023-12-23T18:26:11.456993+00:00
[2023-12-23T18:26:11.478+0000] {processor.py:176} INFO - Processing /home/airflow/.local/lib/python3.7/site-packages/airflow/example_dags/example_skip_dag.py took 0.093 seconds
[2023-12-23T18:35:58.555+0000] {processor.py:154} INFO - Started process (PID=68) to work on /home/airflow/.local/lib/python3.7/site-packages/airflow/example_dags/example_skip_dag.py
[2023-12-23T18:35:58.556+0000] {processor.py:756} INFO - Processing file /home/airflow/.local/lib/python3.7/site-packages/airflow/example_dags/example_skip_dag.py for tasks to queue
[2023-12-23T18:35:58.557+0000] {logging_mixin.py:120} INFO - [2023-12-23T18:35:58.556+0000] {dagbag.py:537} INFO - Filling up the DagBag from /home/airflow/.local/lib/python3.7/site-packages/airflow/example_dags/example_skip_dag.py
[2023-12-23T18:35:58.575+0000] {processor.py:766} INFO - DAG(s) dict_keys(['example_skip_dag']) retrieved from /home/airflow/.local/lib/python3.7/site-packages/airflow/example_dags/example_skip_dag.py
[2023-12-23T18:35:58.622+0000] {logging_mixin.py:120} INFO - [2023-12-23T18:35:58.621+0000] {dag.py:2585} INFO - Sync 1 DAGs
[2023-12-23T18:35:58.666+0000] {logging_mixin.py:120} INFO - [2023-12-23T18:35:58.665+0000] {dag.py:3340} INFO - Setting next_dagrun for example_skip_dag to 2023-12-22T18:35:58.665675+00:00, run_after=2023-12-23T18:35:58.665675+00:00
[2023-12-23T18:35:58.692+0000] {processor.py:176} INFO - Processing /home/airflow/.local/lib/python3.7/site-packages/airflow/example_dags/example_skip_dag.py took 0.141 seconds
[2023-12-23T18:36:28.992+0000] {processor.py:154} INFO - Started process (PID=130) to work on /home/airflow/.local/lib/python3.7/site-packages/airflow/example_dags/example_skip_dag.py
[2023-12-23T18:36:28.993+0000] {processor.py:756} INFO - Processing file /home/airflow/.local/lib/python3.7/site-packages/airflow/example_dags/example_skip_dag.py for tasks to queue
[2023-12-23T18:36:28.994+0000] {logging_mixin.py:120} INFO - [2023-12-23T18:36:28.994+0000] {dagbag.py:537} INFO - Filling up the DagBag from /home/airflow/.local/lib/python3.7/site-packages/airflow/example_dags/example_skip_dag.py
[2023-12-23T18:36:29.011+0000] {processor.py:766} INFO - DAG(s) dict_keys(['example_skip_dag']) retrieved from /home/airflow/.local/lib/python3.7/site-packages/airflow/example_dags/example_skip_dag.py
[2023-12-23T18:36:29.060+0000] {logging_mixin.py:120} INFO - [2023-12-23T18:36:29.060+0000] {dag.py:2585} INFO - Sync 1 DAGs
[2023-12-23T18:36:29.094+0000] {logging_mixin.py:120} INFO - [2023-12-23T18:36:29.094+0000] {dag.py:3340} INFO - Setting next_dagrun for example_skip_dag to 2023-12-22T18:36:29.093943+00:00, run_after=2023-12-23T18:36:29.093943+00:00
[2023-12-23T18:36:29.123+0000] {processor.py:176} INFO - Processing /home/airflow/.local/lib/python3.7/site-packages/airflow/example_dags/example_skip_dag.py took 0.134 seconds
