[2023-12-23T18:12:49.281+0000] {processor.py:154} INFO - Started process (PID=75) to work on /home/airflow/.local/lib/python3.7/site-packages/airflow/example_dags/example_dag_decorator.py
[2023-12-23T18:12:49.282+0000] {processor.py:756} INFO - Processing file /home/airflow/.local/lib/python3.7/site-packages/airflow/example_dags/example_dag_decorator.py for tasks to queue
[2023-12-23T18:12:49.283+0000] {logging_mixin.py:120} INFO - [2023-12-23T18:12:49.282+0000] {dagbag.py:537} INFO - Filling up the DagBag from /home/airflow/.local/lib/python3.7/site-packages/airflow/example_dags/example_dag_decorator.py
[2023-12-23T18:12:49.303+0000] {logging_mixin.py:120} INFO - [2023-12-23T18:12:49.303+0000] {taskmixin.py:205} WARNING - Dependency <Task(_PythonDecoratedOperator): prepare_email>, send_email already registered for DAG: example_dag_decorator
[2023-12-23T18:12:49.304+0000] {logging_mixin.py:120} INFO - [2023-12-23T18:12:49.303+0000] {taskmixin.py:205} WARNING - Dependency <Task(EmailOperator): send_email>, prepare_email already registered for DAG: example_dag_decorator
[2023-12-23T18:12:49.332+0000] {processor.py:766} INFO - DAG(s) dict_keys(['example_dag_decorator']) retrieved from /home/airflow/.local/lib/python3.7/site-packages/airflow/example_dags/example_dag_decorator.py
[2023-12-23T18:12:49.434+0000] {logging_mixin.py:120} INFO - [2023-12-23T18:12:49.434+0000] {dag.py:2585} INFO - Sync 1 DAGs
[2023-12-23T18:12:49.472+0000] {logging_mixin.py:120} INFO - [2023-12-23T18:12:49.472+0000] {dag.py:3340} INFO - Setting next_dagrun for example_dag_decorator to None, run_after=None
[2023-12-23T18:12:49.498+0000] {processor.py:176} INFO - Processing /home/airflow/.local/lib/python3.7/site-packages/airflow/example_dags/example_dag_decorator.py took 0.221 seconds
[2023-12-23T18:13:20.364+0000] {processor.py:154} INFO - Started process (PID=138) to work on /home/airflow/.local/lib/python3.7/site-packages/airflow/example_dags/example_dag_decorator.py
[2023-12-23T18:13:20.365+0000] {processor.py:756} INFO - Processing file /home/airflow/.local/lib/python3.7/site-packages/airflow/example_dags/example_dag_decorator.py for tasks to queue
[2023-12-23T18:13:20.366+0000] {logging_mixin.py:120} INFO - [2023-12-23T18:13:20.366+0000] {dagbag.py:537} INFO - Filling up the DagBag from /home/airflow/.local/lib/python3.7/site-packages/airflow/example_dags/example_dag_decorator.py
[2023-12-23T18:13:20.385+0000] {logging_mixin.py:120} INFO - [2023-12-23T18:13:20.384+0000] {taskmixin.py:205} WARNING - Dependency <Task(_PythonDecoratedOperator): prepare_email>, send_email already registered for DAG: example_dag_decorator
[2023-12-23T18:13:20.385+0000] {logging_mixin.py:120} INFO - [2023-12-23T18:13:20.385+0000] {taskmixin.py:205} WARNING - Dependency <Task(EmailOperator): send_email>, prepare_email already registered for DAG: example_dag_decorator
[2023-12-23T18:13:20.402+0000] {processor.py:766} INFO - DAG(s) dict_keys(['example_dag_decorator']) retrieved from /home/airflow/.local/lib/python3.7/site-packages/airflow/example_dags/example_dag_decorator.py
[2023-12-23T18:13:20.507+0000] {logging_mixin.py:120} INFO - [2023-12-23T18:13:20.507+0000] {dag.py:2585} INFO - Sync 1 DAGs
[2023-12-23T18:13:20.532+0000] {logging_mixin.py:120} INFO - [2023-12-23T18:13:20.532+0000] {dag.py:3340} INFO - Setting next_dagrun for example_dag_decorator to None, run_after=None
[2023-12-23T18:13:20.556+0000] {processor.py:176} INFO - Processing /home/airflow/.local/lib/python3.7/site-packages/airflow/example_dags/example_dag_decorator.py took 0.200 seconds
[2023-12-23T18:13:51.285+0000] {processor.py:154} INFO - Started process (PID=201) to work on /home/airflow/.local/lib/python3.7/site-packages/airflow/example_dags/example_dag_decorator.py
[2023-12-23T18:13:51.286+0000] {processor.py:756} INFO - Processing file /home/airflow/.local/lib/python3.7/site-packages/airflow/example_dags/example_dag_decorator.py for tasks to queue
[2023-12-23T18:13:51.287+0000] {logging_mixin.py:120} INFO - [2023-12-23T18:13:51.287+0000] {dagbag.py:537} INFO - Filling up the DagBag from /home/airflow/.local/lib/python3.7/site-packages/airflow/example_dags/example_dag_decorator.py
[2023-12-23T18:13:51.306+0000] {logging_mixin.py:120} INFO - [2023-12-23T18:13:51.306+0000] {taskmixin.py:205} WARNING - Dependency <Task(_PythonDecoratedOperator): prepare_email>, send_email already registered for DAG: example_dag_decorator
[2023-12-23T18:13:51.306+0000] {logging_mixin.py:120} INFO - [2023-12-23T18:13:51.306+0000] {taskmixin.py:205} WARNING - Dependency <Task(EmailOperator): send_email>, prepare_email already registered for DAG: example_dag_decorator
[2023-12-23T18:13:51.321+0000] {processor.py:766} INFO - DAG(s) dict_keys(['example_dag_decorator']) retrieved from /home/airflow/.local/lib/python3.7/site-packages/airflow/example_dags/example_dag_decorator.py
[2023-12-23T18:13:51.428+0000] {logging_mixin.py:120} INFO - [2023-12-23T18:13:51.428+0000] {dag.py:2585} INFO - Sync 1 DAGs
[2023-12-23T18:13:51.455+0000] {logging_mixin.py:120} INFO - [2023-12-23T18:13:51.455+0000] {dag.py:3340} INFO - Setting next_dagrun for example_dag_decorator to None, run_after=None
[2023-12-23T18:13:51.483+0000] {processor.py:176} INFO - Processing /home/airflow/.local/lib/python3.7/site-packages/airflow/example_dags/example_dag_decorator.py took 0.201 seconds
[2023-12-23T18:14:22.145+0000] {processor.py:154} INFO - Started process (PID=255) to work on /home/airflow/.local/lib/python3.7/site-packages/airflow/example_dags/example_dag_decorator.py
[2023-12-23T18:14:22.146+0000] {processor.py:756} INFO - Processing file /home/airflow/.local/lib/python3.7/site-packages/airflow/example_dags/example_dag_decorator.py for tasks to queue
[2023-12-23T18:14:22.146+0000] {logging_mixin.py:120} INFO - [2023-12-23T18:14:22.146+0000] {dagbag.py:537} INFO - Filling up the DagBag from /home/airflow/.local/lib/python3.7/site-packages/airflow/example_dags/example_dag_decorator.py
[2023-12-23T18:14:22.160+0000] {logging_mixin.py:120} INFO - [2023-12-23T18:14:22.160+0000] {taskmixin.py:205} WARNING - Dependency <Task(_PythonDecoratedOperator): prepare_email>, send_email already registered for DAG: example_dag_decorator
[2023-12-23T18:14:22.160+0000] {logging_mixin.py:120} INFO - [2023-12-23T18:14:22.160+0000] {taskmixin.py:205} WARNING - Dependency <Task(EmailOperator): send_email>, prepare_email already registered for DAG: example_dag_decorator
[2023-12-23T18:14:22.171+0000] {processor.py:766} INFO - DAG(s) dict_keys(['example_dag_decorator']) retrieved from /home/airflow/.local/lib/python3.7/site-packages/airflow/example_dags/example_dag_decorator.py
[2023-12-23T18:14:22.245+0000] {logging_mixin.py:120} INFO - [2023-12-23T18:14:22.245+0000] {dag.py:2585} INFO - Sync 1 DAGs
[2023-12-23T18:14:22.264+0000] {logging_mixin.py:120} INFO - [2023-12-23T18:14:22.264+0000] {dag.py:3340} INFO - Setting next_dagrun for example_dag_decorator to None, run_after=None
[2023-12-23T18:14:22.285+0000] {processor.py:176} INFO - Processing /home/airflow/.local/lib/python3.7/site-packages/airflow/example_dags/example_dag_decorator.py took 0.142 seconds
[2023-12-23T18:14:53.105+0000] {processor.py:154} INFO - Started process (PID=319) to work on /home/airflow/.local/lib/python3.7/site-packages/airflow/example_dags/example_dag_decorator.py
[2023-12-23T18:14:53.106+0000] {processor.py:756} INFO - Processing file /home/airflow/.local/lib/python3.7/site-packages/airflow/example_dags/example_dag_decorator.py for tasks to queue
[2023-12-23T18:14:53.106+0000] {logging_mixin.py:120} INFO - [2023-12-23T18:14:53.106+0000] {dagbag.py:537} INFO - Filling up the DagBag from /home/airflow/.local/lib/python3.7/site-packages/airflow/example_dags/example_dag_decorator.py
[2023-12-23T18:14:53.122+0000] {logging_mixin.py:120} INFO - [2023-12-23T18:14:53.122+0000] {taskmixin.py:205} WARNING - Dependency <Task(_PythonDecoratedOperator): prepare_email>, send_email already registered for DAG: example_dag_decorator
[2023-12-23T18:14:53.122+0000] {logging_mixin.py:120} INFO - [2023-12-23T18:14:53.122+0000] {taskmixin.py:205} WARNING - Dependency <Task(EmailOperator): send_email>, prepare_email already registered for DAG: example_dag_decorator
[2023-12-23T18:14:53.136+0000] {processor.py:766} INFO - DAG(s) dict_keys(['example_dag_decorator']) retrieved from /home/airflow/.local/lib/python3.7/site-packages/airflow/example_dags/example_dag_decorator.py
[2023-12-23T18:14:53.208+0000] {logging_mixin.py:120} INFO - [2023-12-23T18:14:53.208+0000] {dag.py:2585} INFO - Sync 1 DAGs
[2023-12-23T18:14:53.226+0000] {logging_mixin.py:120} INFO - [2023-12-23T18:14:53.226+0000] {dag.py:3340} INFO - Setting next_dagrun for example_dag_decorator to None, run_after=None
[2023-12-23T18:14:53.249+0000] {processor.py:176} INFO - Processing /home/airflow/.local/lib/python3.7/site-packages/airflow/example_dags/example_dag_decorator.py took 0.146 seconds
[2023-12-23T18:15:23.427+0000] {processor.py:154} INFO - Started process (PID=383) to work on /home/airflow/.local/lib/python3.7/site-packages/airflow/example_dags/example_dag_decorator.py
[2023-12-23T18:15:23.428+0000] {processor.py:756} INFO - Processing file /home/airflow/.local/lib/python3.7/site-packages/airflow/example_dags/example_dag_decorator.py for tasks to queue
[2023-12-23T18:15:23.428+0000] {logging_mixin.py:120} INFO - [2023-12-23T18:15:23.428+0000] {dagbag.py:537} INFO - Filling up the DagBag from /home/airflow/.local/lib/python3.7/site-packages/airflow/example_dags/example_dag_decorator.py
[2023-12-23T18:15:23.442+0000] {logging_mixin.py:120} INFO - [2023-12-23T18:15:23.442+0000] {taskmixin.py:205} WARNING - Dependency <Task(_PythonDecoratedOperator): prepare_email>, send_email already registered for DAG: example_dag_decorator
[2023-12-23T18:15:23.442+0000] {logging_mixin.py:120} INFO - [2023-12-23T18:15:23.442+0000] {taskmixin.py:205} WARNING - Dependency <Task(EmailOperator): send_email>, prepare_email already registered for DAG: example_dag_decorator
[2023-12-23T18:15:23.454+0000] {processor.py:766} INFO - DAG(s) dict_keys(['example_dag_decorator']) retrieved from /home/airflow/.local/lib/python3.7/site-packages/airflow/example_dags/example_dag_decorator.py
[2023-12-23T18:15:23.520+0000] {logging_mixin.py:120} INFO - [2023-12-23T18:15:23.519+0000] {dag.py:2585} INFO - Sync 1 DAGs
[2023-12-23T18:15:23.537+0000] {logging_mixin.py:120} INFO - [2023-12-23T18:15:23.537+0000] {dag.py:3340} INFO - Setting next_dagrun for example_dag_decorator to None, run_after=None
[2023-12-23T18:15:23.560+0000] {processor.py:176} INFO - Processing /home/airflow/.local/lib/python3.7/site-packages/airflow/example_dags/example_dag_decorator.py took 0.135 seconds
[2023-12-23T18:15:54.322+0000] {processor.py:154} INFO - Started process (PID=444) to work on /home/airflow/.local/lib/python3.7/site-packages/airflow/example_dags/example_dag_decorator.py
[2023-12-23T18:15:54.324+0000] {processor.py:756} INFO - Processing file /home/airflow/.local/lib/python3.7/site-packages/airflow/example_dags/example_dag_decorator.py for tasks to queue
[2023-12-23T18:15:54.325+0000] {logging_mixin.py:120} INFO - [2023-12-23T18:15:54.325+0000] {dagbag.py:537} INFO - Filling up the DagBag from /home/airflow/.local/lib/python3.7/site-packages/airflow/example_dags/example_dag_decorator.py
[2023-12-23T18:15:54.349+0000] {logging_mixin.py:120} INFO - [2023-12-23T18:15:54.349+0000] {taskmixin.py:205} WARNING - Dependency <Task(_PythonDecoratedOperator): prepare_email>, send_email already registered for DAG: example_dag_decorator
[2023-12-23T18:15:54.349+0000] {logging_mixin.py:120} INFO - [2023-12-23T18:15:54.349+0000] {taskmixin.py:205} WARNING - Dependency <Task(EmailOperator): send_email>, prepare_email already registered for DAG: example_dag_decorator
[2023-12-23T18:15:54.373+0000] {processor.py:766} INFO - DAG(s) dict_keys(['example_dag_decorator']) retrieved from /home/airflow/.local/lib/python3.7/site-packages/airflow/example_dags/example_dag_decorator.py
[2023-12-23T18:15:54.488+0000] {logging_mixin.py:120} INFO - [2023-12-23T18:15:54.487+0000] {dag.py:2585} INFO - Sync 1 DAGs
[2023-12-23T18:15:54.517+0000] {logging_mixin.py:120} INFO - [2023-12-23T18:15:54.517+0000] {dag.py:3340} INFO - Setting next_dagrun for example_dag_decorator to None, run_after=None
[2023-12-23T18:15:54.546+0000] {processor.py:176} INFO - Processing /home/airflow/.local/lib/python3.7/site-packages/airflow/example_dags/example_dag_decorator.py took 0.228 seconds
[2023-12-23T18:16:25.036+0000] {processor.py:154} INFO - Started process (PID=500) to work on /home/airflow/.local/lib/python3.7/site-packages/airflow/example_dags/example_dag_decorator.py
[2023-12-23T18:16:25.037+0000] {processor.py:756} INFO - Processing file /home/airflow/.local/lib/python3.7/site-packages/airflow/example_dags/example_dag_decorator.py for tasks to queue
[2023-12-23T18:16:25.038+0000] {logging_mixin.py:120} INFO - [2023-12-23T18:16:25.038+0000] {dagbag.py:537} INFO - Filling up the DagBag from /home/airflow/.local/lib/python3.7/site-packages/airflow/example_dags/example_dag_decorator.py
[2023-12-23T18:16:25.055+0000] {logging_mixin.py:120} INFO - [2023-12-23T18:16:25.055+0000] {taskmixin.py:205} WARNING - Dependency <Task(_PythonDecoratedOperator): prepare_email>, send_email already registered for DAG: example_dag_decorator
[2023-12-23T18:16:25.056+0000] {logging_mixin.py:120} INFO - [2023-12-23T18:16:25.055+0000] {taskmixin.py:205} WARNING - Dependency <Task(EmailOperator): send_email>, prepare_email already registered for DAG: example_dag_decorator
[2023-12-23T18:16:25.069+0000] {processor.py:766} INFO - DAG(s) dict_keys(['example_dag_decorator']) retrieved from /home/airflow/.local/lib/python3.7/site-packages/airflow/example_dags/example_dag_decorator.py
[2023-12-23T18:16:25.145+0000] {logging_mixin.py:120} INFO - [2023-12-23T18:16:25.145+0000] {dag.py:2585} INFO - Sync 1 DAGs
[2023-12-23T18:16:25.170+0000] {logging_mixin.py:120} INFO - [2023-12-23T18:16:25.170+0000] {dag.py:3340} INFO - Setting next_dagrun for example_dag_decorator to None, run_after=None
[2023-12-23T18:16:25.195+0000] {processor.py:176} INFO - Processing /home/airflow/.local/lib/python3.7/site-packages/airflow/example_dags/example_dag_decorator.py took 0.162 seconds
[2023-12-23T18:16:55.807+0000] {processor.py:154} INFO - Started process (PID=564) to work on /home/airflow/.local/lib/python3.7/site-packages/airflow/example_dags/example_dag_decorator.py
[2023-12-23T18:16:55.808+0000] {processor.py:756} INFO - Processing file /home/airflow/.local/lib/python3.7/site-packages/airflow/example_dags/example_dag_decorator.py for tasks to queue
[2023-12-23T18:16:55.809+0000] {logging_mixin.py:120} INFO - [2023-12-23T18:16:55.808+0000] {dagbag.py:537} INFO - Filling up the DagBag from /home/airflow/.local/lib/python3.7/site-packages/airflow/example_dags/example_dag_decorator.py
[2023-12-23T18:16:55.821+0000] {logging_mixin.py:120} INFO - [2023-12-23T18:16:55.821+0000] {taskmixin.py:205} WARNING - Dependency <Task(_PythonDecoratedOperator): prepare_email>, send_email already registered for DAG: example_dag_decorator
[2023-12-23T18:16:55.821+0000] {logging_mixin.py:120} INFO - [2023-12-23T18:16:55.821+0000] {taskmixin.py:205} WARNING - Dependency <Task(EmailOperator): send_email>, prepare_email already registered for DAG: example_dag_decorator
[2023-12-23T18:16:55.831+0000] {processor.py:766} INFO - DAG(s) dict_keys(['example_dag_decorator']) retrieved from /home/airflow/.local/lib/python3.7/site-packages/airflow/example_dags/example_dag_decorator.py
[2023-12-23T18:16:55.897+0000] {logging_mixin.py:120} INFO - [2023-12-23T18:16:55.897+0000] {dag.py:2585} INFO - Sync 1 DAGs
[2023-12-23T18:16:55.915+0000] {logging_mixin.py:120} INFO - [2023-12-23T18:16:55.915+0000] {dag.py:3340} INFO - Setting next_dagrun for example_dag_decorator to None, run_after=None
[2023-12-23T18:16:55.936+0000] {processor.py:176} INFO - Processing /home/airflow/.local/lib/python3.7/site-packages/airflow/example_dags/example_dag_decorator.py took 0.131 seconds
[2023-12-23T18:17:26.782+0000] {processor.py:154} INFO - Started process (PID=628) to work on /home/airflow/.local/lib/python3.7/site-packages/airflow/example_dags/example_dag_decorator.py
[2023-12-23T18:17:26.783+0000] {processor.py:756} INFO - Processing file /home/airflow/.local/lib/python3.7/site-packages/airflow/example_dags/example_dag_decorator.py for tasks to queue
[2023-12-23T18:17:26.783+0000] {logging_mixin.py:120} INFO - [2023-12-23T18:17:26.783+0000] {dagbag.py:537} INFO - Filling up the DagBag from /home/airflow/.local/lib/python3.7/site-packages/airflow/example_dags/example_dag_decorator.py
[2023-12-23T18:17:26.797+0000] {logging_mixin.py:120} INFO - [2023-12-23T18:17:26.797+0000] {taskmixin.py:205} WARNING - Dependency <Task(_PythonDecoratedOperator): prepare_email>, send_email already registered for DAG: example_dag_decorator
[2023-12-23T18:17:26.797+0000] {logging_mixin.py:120} INFO - [2023-12-23T18:17:26.797+0000] {taskmixin.py:205} WARNING - Dependency <Task(EmailOperator): send_email>, prepare_email already registered for DAG: example_dag_decorator
[2023-12-23T18:17:26.810+0000] {processor.py:766} INFO - DAG(s) dict_keys(['example_dag_decorator']) retrieved from /home/airflow/.local/lib/python3.7/site-packages/airflow/example_dags/example_dag_decorator.py
[2023-12-23T18:17:26.882+0000] {logging_mixin.py:120} INFO - [2023-12-23T18:17:26.881+0000] {dag.py:2585} INFO - Sync 1 DAGs
[2023-12-23T18:17:26.900+0000] {logging_mixin.py:120} INFO - [2023-12-23T18:17:26.900+0000] {dag.py:3340} INFO - Setting next_dagrun for example_dag_decorator to None, run_after=None
[2023-12-23T18:17:26.922+0000] {processor.py:176} INFO - Processing /home/airflow/.local/lib/python3.7/site-packages/airflow/example_dags/example_dag_decorator.py took 0.143 seconds
[2023-12-23T18:17:57.531+0000] {processor.py:154} INFO - Started process (PID=690) to work on /home/airflow/.local/lib/python3.7/site-packages/airflow/example_dags/example_dag_decorator.py
[2023-12-23T18:17:57.532+0000] {processor.py:756} INFO - Processing file /home/airflow/.local/lib/python3.7/site-packages/airflow/example_dags/example_dag_decorator.py for tasks to queue
[2023-12-23T18:17:57.533+0000] {logging_mixin.py:120} INFO - [2023-12-23T18:17:57.533+0000] {dagbag.py:537} INFO - Filling up the DagBag from /home/airflow/.local/lib/python3.7/site-packages/airflow/example_dags/example_dag_decorator.py
[2023-12-23T18:17:57.551+0000] {logging_mixin.py:120} INFO - [2023-12-23T18:17:57.550+0000] {taskmixin.py:205} WARNING - Dependency <Task(_PythonDecoratedOperator): prepare_email>, send_email already registered for DAG: example_dag_decorator
[2023-12-23T18:17:57.551+0000] {logging_mixin.py:120} INFO - [2023-12-23T18:17:57.551+0000] {taskmixin.py:205} WARNING - Dependency <Task(EmailOperator): send_email>, prepare_email already registered for DAG: example_dag_decorator
[2023-12-23T18:17:57.570+0000] {processor.py:766} INFO - DAG(s) dict_keys(['example_dag_decorator']) retrieved from /home/airflow/.local/lib/python3.7/site-packages/airflow/example_dags/example_dag_decorator.py
[2023-12-23T18:17:57.667+0000] {logging_mixin.py:120} INFO - [2023-12-23T18:17:57.666+0000] {dag.py:2585} INFO - Sync 1 DAGs
[2023-12-23T18:17:57.685+0000] {logging_mixin.py:120} INFO - [2023-12-23T18:17:57.685+0000] {dag.py:3340} INFO - Setting next_dagrun for example_dag_decorator to None, run_after=None
[2023-12-23T18:17:57.711+0000] {processor.py:176} INFO - Processing /home/airflow/.local/lib/python3.7/site-packages/airflow/example_dags/example_dag_decorator.py took 0.183 seconds
[2023-12-23T18:18:28.323+0000] {processor.py:154} INFO - Started process (PID=747) to work on /home/airflow/.local/lib/python3.7/site-packages/airflow/example_dags/example_dag_decorator.py
[2023-12-23T18:18:28.324+0000] {processor.py:756} INFO - Processing file /home/airflow/.local/lib/python3.7/site-packages/airflow/example_dags/example_dag_decorator.py for tasks to queue
[2023-12-23T18:18:28.325+0000] {logging_mixin.py:120} INFO - [2023-12-23T18:18:28.325+0000] {dagbag.py:537} INFO - Filling up the DagBag from /home/airflow/.local/lib/python3.7/site-packages/airflow/example_dags/example_dag_decorator.py
[2023-12-23T18:18:28.342+0000] {logging_mixin.py:120} INFO - [2023-12-23T18:18:28.342+0000] {taskmixin.py:205} WARNING - Dependency <Task(_PythonDecoratedOperator): prepare_email>, send_email already registered for DAG: example_dag_decorator
[2023-12-23T18:18:28.342+0000] {logging_mixin.py:120} INFO - [2023-12-23T18:18:28.342+0000] {taskmixin.py:205} WARNING - Dependency <Task(EmailOperator): send_email>, prepare_email already registered for DAG: example_dag_decorator
[2023-12-23T18:18:28.357+0000] {processor.py:766} INFO - DAG(s) dict_keys(['example_dag_decorator']) retrieved from /home/airflow/.local/lib/python3.7/site-packages/airflow/example_dags/example_dag_decorator.py
[2023-12-23T18:18:28.444+0000] {logging_mixin.py:120} INFO - [2023-12-23T18:18:28.443+0000] {dag.py:2585} INFO - Sync 1 DAGs
[2023-12-23T18:18:28.468+0000] {logging_mixin.py:120} INFO - [2023-12-23T18:18:28.468+0000] {dag.py:3340} INFO - Setting next_dagrun for example_dag_decorator to None, run_after=None
[2023-12-23T18:18:28.491+0000] {processor.py:176} INFO - Processing /home/airflow/.local/lib/python3.7/site-packages/airflow/example_dags/example_dag_decorator.py took 0.170 seconds
[2023-12-23T18:18:59.036+0000] {processor.py:154} INFO - Started process (PID=811) to work on /home/airflow/.local/lib/python3.7/site-packages/airflow/example_dags/example_dag_decorator.py
[2023-12-23T18:18:59.037+0000] {processor.py:756} INFO - Processing file /home/airflow/.local/lib/python3.7/site-packages/airflow/example_dags/example_dag_decorator.py for tasks to queue
[2023-12-23T18:18:59.038+0000] {logging_mixin.py:120} INFO - [2023-12-23T18:18:59.037+0000] {dagbag.py:537} INFO - Filling up the DagBag from /home/airflow/.local/lib/python3.7/site-packages/airflow/example_dags/example_dag_decorator.py
[2023-12-23T18:18:59.050+0000] {logging_mixin.py:120} INFO - [2023-12-23T18:18:59.050+0000] {taskmixin.py:205} WARNING - Dependency <Task(_PythonDecoratedOperator): prepare_email>, send_email already registered for DAG: example_dag_decorator
[2023-12-23T18:18:59.051+0000] {logging_mixin.py:120} INFO - [2023-12-23T18:18:59.051+0000] {taskmixin.py:205} WARNING - Dependency <Task(EmailOperator): send_email>, prepare_email already registered for DAG: example_dag_decorator
[2023-12-23T18:18:59.066+0000] {processor.py:766} INFO - DAG(s) dict_keys(['example_dag_decorator']) retrieved from /home/airflow/.local/lib/python3.7/site-packages/airflow/example_dags/example_dag_decorator.py
[2023-12-23T18:18:59.158+0000] {logging_mixin.py:120} INFO - [2023-12-23T18:18:59.158+0000] {dag.py:2585} INFO - Sync 1 DAGs
[2023-12-23T18:18:59.183+0000] {logging_mixin.py:120} INFO - [2023-12-23T18:18:59.183+0000] {dag.py:3340} INFO - Setting next_dagrun for example_dag_decorator to None, run_after=None
[2023-12-23T18:18:59.208+0000] {processor.py:176} INFO - Processing /home/airflow/.local/lib/python3.7/site-packages/airflow/example_dags/example_dag_decorator.py took 0.174 seconds
[2023-12-23T18:19:29.977+0000] {processor.py:154} INFO - Started process (PID=875) to work on /home/airflow/.local/lib/python3.7/site-packages/airflow/example_dags/example_dag_decorator.py
[2023-12-23T18:19:29.978+0000] {processor.py:756} INFO - Processing file /home/airflow/.local/lib/python3.7/site-packages/airflow/example_dags/example_dag_decorator.py for tasks to queue
[2023-12-23T18:19:29.978+0000] {logging_mixin.py:120} INFO - [2023-12-23T18:19:29.978+0000] {dagbag.py:537} INFO - Filling up the DagBag from /home/airflow/.local/lib/python3.7/site-packages/airflow/example_dags/example_dag_decorator.py
[2023-12-23T18:19:29.991+0000] {logging_mixin.py:120} INFO - [2023-12-23T18:19:29.991+0000] {taskmixin.py:205} WARNING - Dependency <Task(_PythonDecoratedOperator): prepare_email>, send_email already registered for DAG: example_dag_decorator
[2023-12-23T18:19:29.991+0000] {logging_mixin.py:120} INFO - [2023-12-23T18:19:29.991+0000] {taskmixin.py:205} WARNING - Dependency <Task(EmailOperator): send_email>, prepare_email already registered for DAG: example_dag_decorator
[2023-12-23T18:19:30.004+0000] {processor.py:766} INFO - DAG(s) dict_keys(['example_dag_decorator']) retrieved from /home/airflow/.local/lib/python3.7/site-packages/airflow/example_dags/example_dag_decorator.py
[2023-12-23T18:19:30.088+0000] {logging_mixin.py:120} INFO - [2023-12-23T18:19:30.088+0000] {dag.py:2585} INFO - Sync 1 DAGs
[2023-12-23T18:19:30.118+0000] {logging_mixin.py:120} INFO - [2023-12-23T18:19:30.118+0000] {dag.py:3340} INFO - Setting next_dagrun for example_dag_decorator to None, run_after=None
[2023-12-23T18:19:30.144+0000] {processor.py:176} INFO - Processing /home/airflow/.local/lib/python3.7/site-packages/airflow/example_dags/example_dag_decorator.py took 0.169 seconds
[2023-12-23T18:20:00.836+0000] {processor.py:154} INFO - Started process (PID=937) to work on /home/airflow/.local/lib/python3.7/site-packages/airflow/example_dags/example_dag_decorator.py
[2023-12-23T18:20:00.837+0000] {processor.py:756} INFO - Processing file /home/airflow/.local/lib/python3.7/site-packages/airflow/example_dags/example_dag_decorator.py for tasks to queue
[2023-12-23T18:20:00.838+0000] {logging_mixin.py:120} INFO - [2023-12-23T18:20:00.838+0000] {dagbag.py:537} INFO - Filling up the DagBag from /home/airflow/.local/lib/python3.7/site-packages/airflow/example_dags/example_dag_decorator.py
[2023-12-23T18:20:00.859+0000] {logging_mixin.py:120} INFO - [2023-12-23T18:20:00.859+0000] {taskmixin.py:205} WARNING - Dependency <Task(_PythonDecoratedOperator): prepare_email>, send_email already registered for DAG: example_dag_decorator
[2023-12-23T18:20:00.859+0000] {logging_mixin.py:120} INFO - [2023-12-23T18:20:00.859+0000] {taskmixin.py:205} WARNING - Dependency <Task(EmailOperator): send_email>, prepare_email already registered for DAG: example_dag_decorator
[2023-12-23T18:20:00.875+0000] {processor.py:766} INFO - DAG(s) dict_keys(['example_dag_decorator']) retrieved from /home/airflow/.local/lib/python3.7/site-packages/airflow/example_dags/example_dag_decorator.py
[2023-12-23T18:20:00.980+0000] {logging_mixin.py:120} INFO - [2023-12-23T18:20:00.980+0000] {dag.py:2585} INFO - Sync 1 DAGs
[2023-12-23T18:20:01.011+0000] {logging_mixin.py:120} INFO - [2023-12-23T18:20:01.010+0000] {dag.py:3340} INFO - Setting next_dagrun for example_dag_decorator to None, run_after=None
[2023-12-23T18:20:01.040+0000] {processor.py:176} INFO - Processing /home/airflow/.local/lib/python3.7/site-packages/airflow/example_dags/example_dag_decorator.py took 0.208 seconds
[2023-12-23T18:21:06.156+0000] {processor.py:154} INFO - Started process (PID=75) to work on /home/airflow/.local/lib/python3.7/site-packages/airflow/example_dags/example_dag_decorator.py
[2023-12-23T18:21:06.157+0000] {processor.py:756} INFO - Processing file /home/airflow/.local/lib/python3.7/site-packages/airflow/example_dags/example_dag_decorator.py for tasks to queue
[2023-12-23T18:21:06.157+0000] {logging_mixin.py:120} INFO - [2023-12-23T18:21:06.157+0000] {dagbag.py:537} INFO - Filling up the DagBag from /home/airflow/.local/lib/python3.7/site-packages/airflow/example_dags/example_dag_decorator.py
[2023-12-23T18:21:06.177+0000] {logging_mixin.py:120} INFO - [2023-12-23T18:21:06.177+0000] {taskmixin.py:205} WARNING - Dependency <Task(_PythonDecoratedOperator): prepare_email>, send_email already registered for DAG: example_dag_decorator
[2023-12-23T18:21:06.178+0000] {logging_mixin.py:120} INFO - [2023-12-23T18:21:06.177+0000] {taskmixin.py:205} WARNING - Dependency <Task(EmailOperator): send_email>, prepare_email already registered for DAG: example_dag_decorator
[2023-12-23T18:21:06.202+0000] {processor.py:766} INFO - DAG(s) dict_keys(['example_dag_decorator']) retrieved from /home/airflow/.local/lib/python3.7/site-packages/airflow/example_dags/example_dag_decorator.py
[2023-12-23T18:21:06.241+0000] {logging_mixin.py:120} INFO - [2023-12-23T18:21:06.240+0000] {dag.py:2585} INFO - Sync 1 DAGs
[2023-12-23T18:21:06.271+0000] {logging_mixin.py:120} INFO - [2023-12-23T18:21:06.271+0000] {dag.py:3340} INFO - Setting next_dagrun for example_dag_decorator to None, run_after=None
[2023-12-23T18:21:06.296+0000] {processor.py:176} INFO - Processing /home/airflow/.local/lib/python3.7/site-packages/airflow/example_dags/example_dag_decorator.py took 0.143 seconds
[2023-12-23T18:21:36.731+0000] {processor.py:154} INFO - Started process (PID=138) to work on /home/airflow/.local/lib/python3.7/site-packages/airflow/example_dags/example_dag_decorator.py
[2023-12-23T18:21:36.733+0000] {processor.py:756} INFO - Processing file /home/airflow/.local/lib/python3.7/site-packages/airflow/example_dags/example_dag_decorator.py for tasks to queue
[2023-12-23T18:21:36.733+0000] {logging_mixin.py:120} INFO - [2023-12-23T18:21:36.733+0000] {dagbag.py:537} INFO - Filling up the DagBag from /home/airflow/.local/lib/python3.7/site-packages/airflow/example_dags/example_dag_decorator.py
[2023-12-23T18:21:36.749+0000] {logging_mixin.py:120} INFO - [2023-12-23T18:21:36.749+0000] {taskmixin.py:205} WARNING - Dependency <Task(_PythonDecoratedOperator): prepare_email>, send_email already registered for DAG: example_dag_decorator
[2023-12-23T18:21:36.749+0000] {logging_mixin.py:120} INFO - [2023-12-23T18:21:36.749+0000] {taskmixin.py:205} WARNING - Dependency <Task(EmailOperator): send_email>, prepare_email already registered for DAG: example_dag_decorator
[2023-12-23T18:21:36.766+0000] {processor.py:766} INFO - DAG(s) dict_keys(['example_dag_decorator']) retrieved from /home/airflow/.local/lib/python3.7/site-packages/airflow/example_dags/example_dag_decorator.py
[2023-12-23T18:21:36.906+0000] {logging_mixin.py:120} INFO - [2023-12-23T18:21:36.905+0000] {dag.py:2585} INFO - Sync 1 DAGs
[2023-12-23T18:21:36.959+0000] {logging_mixin.py:120} INFO - [2023-12-23T18:21:36.959+0000] {dag.py:3340} INFO - Setting next_dagrun for example_dag_decorator to None, run_after=None
[2023-12-23T18:21:37.003+0000] {processor.py:176} INFO - Processing /home/airflow/.local/lib/python3.7/site-packages/airflow/example_dags/example_dag_decorator.py took 0.274 seconds
[2023-12-23T18:22:07.059+0000] {processor.py:154} INFO - Started process (PID=196) to work on /home/airflow/.local/lib/python3.7/site-packages/airflow/example_dags/example_dag_decorator.py
[2023-12-23T18:22:07.060+0000] {processor.py:756} INFO - Processing file /home/airflow/.local/lib/python3.7/site-packages/airflow/example_dags/example_dag_decorator.py for tasks to queue
[2023-12-23T18:22:07.061+0000] {logging_mixin.py:120} INFO - [2023-12-23T18:22:07.060+0000] {dagbag.py:537} INFO - Filling up the DagBag from /home/airflow/.local/lib/python3.7/site-packages/airflow/example_dags/example_dag_decorator.py
[2023-12-23T18:22:07.074+0000] {logging_mixin.py:120} INFO - [2023-12-23T18:22:07.074+0000] {taskmixin.py:205} WARNING - Dependency <Task(_PythonDecoratedOperator): prepare_email>, send_email already registered for DAG: example_dag_decorator
[2023-12-23T18:22:07.074+0000] {logging_mixin.py:120} INFO - [2023-12-23T18:22:07.074+0000] {taskmixin.py:205} WARNING - Dependency <Task(EmailOperator): send_email>, prepare_email already registered for DAG: example_dag_decorator
[2023-12-23T18:22:07.084+0000] {processor.py:766} INFO - DAG(s) dict_keys(['example_dag_decorator']) retrieved from /home/airflow/.local/lib/python3.7/site-packages/airflow/example_dags/example_dag_decorator.py
[2023-12-23T18:22:07.155+0000] {logging_mixin.py:120} INFO - [2023-12-23T18:22:07.155+0000] {dag.py:2585} INFO - Sync 1 DAGs
[2023-12-23T18:22:07.173+0000] {logging_mixin.py:120} INFO - [2023-12-23T18:22:07.173+0000] {dag.py:3340} INFO - Setting next_dagrun for example_dag_decorator to None, run_after=None
[2023-12-23T18:22:07.195+0000] {processor.py:176} INFO - Processing /home/airflow/.local/lib/python3.7/site-packages/airflow/example_dags/example_dag_decorator.py took 0.138 seconds
[2023-12-23T18:22:37.442+0000] {processor.py:154} INFO - Started process (PID=258) to work on /home/airflow/.local/lib/python3.7/site-packages/airflow/example_dags/example_dag_decorator.py
[2023-12-23T18:22:37.443+0000] {processor.py:756} INFO - Processing file /home/airflow/.local/lib/python3.7/site-packages/airflow/example_dags/example_dag_decorator.py for tasks to queue
[2023-12-23T18:22:37.443+0000] {logging_mixin.py:120} INFO - [2023-12-23T18:22:37.443+0000] {dagbag.py:537} INFO - Filling up the DagBag from /home/airflow/.local/lib/python3.7/site-packages/airflow/example_dags/example_dag_decorator.py
[2023-12-23T18:22:37.458+0000] {logging_mixin.py:120} INFO - [2023-12-23T18:22:37.458+0000] {taskmixin.py:205} WARNING - Dependency <Task(_PythonDecoratedOperator): prepare_email>, send_email already registered for DAG: example_dag_decorator
[2023-12-23T18:22:37.458+0000] {logging_mixin.py:120} INFO - [2023-12-23T18:22:37.458+0000] {taskmixin.py:205} WARNING - Dependency <Task(EmailOperator): send_email>, prepare_email already registered for DAG: example_dag_decorator
[2023-12-23T18:22:37.471+0000] {processor.py:766} INFO - DAG(s) dict_keys(['example_dag_decorator']) retrieved from /home/airflow/.local/lib/python3.7/site-packages/airflow/example_dags/example_dag_decorator.py
[2023-12-23T18:22:37.545+0000] {logging_mixin.py:120} INFO - [2023-12-23T18:22:37.545+0000] {dag.py:2585} INFO - Sync 1 DAGs
[2023-12-23T18:22:37.566+0000] {logging_mixin.py:120} INFO - [2023-12-23T18:22:37.566+0000] {dag.py:3340} INFO - Setting next_dagrun for example_dag_decorator to None, run_after=None
[2023-12-23T18:22:37.591+0000] {processor.py:176} INFO - Processing /home/airflow/.local/lib/python3.7/site-packages/airflow/example_dags/example_dag_decorator.py took 0.151 seconds
[2023-12-23T18:23:07.698+0000] {processor.py:154} INFO - Started process (PID=322) to work on /home/airflow/.local/lib/python3.7/site-packages/airflow/example_dags/example_dag_decorator.py
[2023-12-23T18:23:07.699+0000] {processor.py:756} INFO - Processing file /home/airflow/.local/lib/python3.7/site-packages/airflow/example_dags/example_dag_decorator.py for tasks to queue
[2023-12-23T18:23:07.699+0000] {logging_mixin.py:120} INFO - [2023-12-23T18:23:07.699+0000] {dagbag.py:537} INFO - Filling up the DagBag from /home/airflow/.local/lib/python3.7/site-packages/airflow/example_dags/example_dag_decorator.py
[2023-12-23T18:23:07.714+0000] {logging_mixin.py:120} INFO - [2023-12-23T18:23:07.714+0000] {taskmixin.py:205} WARNING - Dependency <Task(_PythonDecoratedOperator): prepare_email>, send_email already registered for DAG: example_dag_decorator
[2023-12-23T18:23:07.714+0000] {logging_mixin.py:120} INFO - [2023-12-23T18:23:07.714+0000] {taskmixin.py:205} WARNING - Dependency <Task(EmailOperator): send_email>, prepare_email already registered for DAG: example_dag_decorator
[2023-12-23T18:23:07.725+0000] {processor.py:766} INFO - DAG(s) dict_keys(['example_dag_decorator']) retrieved from /home/airflow/.local/lib/python3.7/site-packages/airflow/example_dags/example_dag_decorator.py
[2023-12-23T18:23:07.812+0000] {logging_mixin.py:120} INFO - [2023-12-23T18:23:07.811+0000] {dag.py:2585} INFO - Sync 1 DAGs
[2023-12-23T18:23:07.836+0000] {logging_mixin.py:120} INFO - [2023-12-23T18:23:07.836+0000] {dag.py:3340} INFO - Setting next_dagrun for example_dag_decorator to None, run_after=None
[2023-12-23T18:23:07.861+0000] {processor.py:176} INFO - Processing /home/airflow/.local/lib/python3.7/site-packages/airflow/example_dags/example_dag_decorator.py took 0.165 seconds
[2023-12-23T18:23:38.482+0000] {processor.py:154} INFO - Started process (PID=377) to work on /home/airflow/.local/lib/python3.7/site-packages/airflow/example_dags/example_dag_decorator.py
[2023-12-23T18:23:38.483+0000] {processor.py:756} INFO - Processing file /home/airflow/.local/lib/python3.7/site-packages/airflow/example_dags/example_dag_decorator.py for tasks to queue
[2023-12-23T18:23:38.483+0000] {logging_mixin.py:120} INFO - [2023-12-23T18:23:38.483+0000] {dagbag.py:537} INFO - Filling up the DagBag from /home/airflow/.local/lib/python3.7/site-packages/airflow/example_dags/example_dag_decorator.py
[2023-12-23T18:23:38.501+0000] {logging_mixin.py:120} INFO - [2023-12-23T18:23:38.501+0000] {taskmixin.py:205} WARNING - Dependency <Task(_PythonDecoratedOperator): prepare_email>, send_email already registered for DAG: example_dag_decorator
[2023-12-23T18:23:38.501+0000] {logging_mixin.py:120} INFO - [2023-12-23T18:23:38.501+0000] {taskmixin.py:205} WARNING - Dependency <Task(EmailOperator): send_email>, prepare_email already registered for DAG: example_dag_decorator
[2023-12-23T18:23:38.516+0000] {processor.py:766} INFO - DAG(s) dict_keys(['example_dag_decorator']) retrieved from /home/airflow/.local/lib/python3.7/site-packages/airflow/example_dags/example_dag_decorator.py
[2023-12-23T18:23:38.587+0000] {logging_mixin.py:120} INFO - [2023-12-23T18:23:38.587+0000] {dag.py:2585} INFO - Sync 1 DAGs
[2023-12-23T18:23:38.609+0000] {logging_mixin.py:120} INFO - [2023-12-23T18:23:38.609+0000] {dag.py:3340} INFO - Setting next_dagrun for example_dag_decorator to None, run_after=None
[2023-12-23T18:23:38.631+0000] {processor.py:176} INFO - Processing /home/airflow/.local/lib/python3.7/site-packages/airflow/example_dags/example_dag_decorator.py took 0.152 seconds
[2023-12-23T18:24:40.406+0000] {processor.py:154} INFO - Started process (PID=75) to work on /home/airflow/.local/lib/python3.7/site-packages/airflow/example_dags/example_dag_decorator.py
[2023-12-23T18:24:40.408+0000] {processor.py:756} INFO - Processing file /home/airflow/.local/lib/python3.7/site-packages/airflow/example_dags/example_dag_decorator.py for tasks to queue
[2023-12-23T18:24:40.408+0000] {logging_mixin.py:120} INFO - [2023-12-23T18:24:40.408+0000] {dagbag.py:537} INFO - Filling up the DagBag from /home/airflow/.local/lib/python3.7/site-packages/airflow/example_dags/example_dag_decorator.py
[2023-12-23T18:24:40.451+0000] {logging_mixin.py:120} INFO - [2023-12-23T18:24:40.451+0000] {taskmixin.py:205} WARNING - Dependency <Task(_PythonDecoratedOperator): prepare_email>, send_email already registered for DAG: example_dag_decorator
[2023-12-23T18:24:40.451+0000] {logging_mixin.py:120} INFO - [2023-12-23T18:24:40.451+0000] {taskmixin.py:205} WARNING - Dependency <Task(EmailOperator): send_email>, prepare_email already registered for DAG: example_dag_decorator
[2023-12-23T18:24:40.475+0000] {processor.py:766} INFO - DAG(s) dict_keys(['example_dag_decorator']) retrieved from /home/airflow/.local/lib/python3.7/site-packages/airflow/example_dags/example_dag_decorator.py
[2023-12-23T18:24:40.504+0000] {logging_mixin.py:120} INFO - [2023-12-23T18:24:40.504+0000] {dag.py:2585} INFO - Sync 1 DAGs
[2023-12-23T18:24:40.538+0000] {logging_mixin.py:120} INFO - [2023-12-23T18:24:40.538+0000] {dag.py:3340} INFO - Setting next_dagrun for example_dag_decorator to None, run_after=None
[2023-12-23T18:24:40.563+0000] {processor.py:176} INFO - Processing /home/airflow/.local/lib/python3.7/site-packages/airflow/example_dags/example_dag_decorator.py took 0.160 seconds
[2023-12-23T18:25:11.149+0000] {processor.py:154} INFO - Started process (PID=137) to work on /home/airflow/.local/lib/python3.7/site-packages/airflow/example_dags/example_dag_decorator.py
[2023-12-23T18:25:11.150+0000] {processor.py:756} INFO - Processing file /home/airflow/.local/lib/python3.7/site-packages/airflow/example_dags/example_dag_decorator.py for tasks to queue
[2023-12-23T18:25:11.150+0000] {logging_mixin.py:120} INFO - [2023-12-23T18:25:11.150+0000] {dagbag.py:537} INFO - Filling up the DagBag from /home/airflow/.local/lib/python3.7/site-packages/airflow/example_dags/example_dag_decorator.py
[2023-12-23T18:25:11.167+0000] {logging_mixin.py:120} INFO - [2023-12-23T18:25:11.167+0000] {taskmixin.py:205} WARNING - Dependency <Task(_PythonDecoratedOperator): prepare_email>, send_email already registered for DAG: example_dag_decorator
[2023-12-23T18:25:11.167+0000] {logging_mixin.py:120} INFO - [2023-12-23T18:25:11.167+0000] {taskmixin.py:205} WARNING - Dependency <Task(EmailOperator): send_email>, prepare_email already registered for DAG: example_dag_decorator
[2023-12-23T18:25:11.182+0000] {processor.py:766} INFO - DAG(s) dict_keys(['example_dag_decorator']) retrieved from /home/airflow/.local/lib/python3.7/site-packages/airflow/example_dags/example_dag_decorator.py
[2023-12-23T18:25:11.257+0000] {logging_mixin.py:120} INFO - [2023-12-23T18:25:11.257+0000] {dag.py:2585} INFO - Sync 1 DAGs
[2023-12-23T18:25:11.274+0000] {logging_mixin.py:120} INFO - [2023-12-23T18:25:11.274+0000] {dag.py:3340} INFO - Setting next_dagrun for example_dag_decorator to None, run_after=None
[2023-12-23T18:25:11.296+0000] {processor.py:176} INFO - Processing /home/airflow/.local/lib/python3.7/site-packages/airflow/example_dags/example_dag_decorator.py took 0.149 seconds
[2023-12-23T18:25:41.656+0000] {processor.py:154} INFO - Started process (PID=193) to work on /home/airflow/.local/lib/python3.7/site-packages/airflow/example_dags/example_dag_decorator.py
[2023-12-23T18:25:41.657+0000] {processor.py:756} INFO - Processing file /home/airflow/.local/lib/python3.7/site-packages/airflow/example_dags/example_dag_decorator.py for tasks to queue
[2023-12-23T18:25:41.657+0000] {logging_mixin.py:120} INFO - [2023-12-23T18:25:41.657+0000] {dagbag.py:537} INFO - Filling up the DagBag from /home/airflow/.local/lib/python3.7/site-packages/airflow/example_dags/example_dag_decorator.py
[2023-12-23T18:25:41.672+0000] {logging_mixin.py:120} INFO - [2023-12-23T18:25:41.672+0000] {taskmixin.py:205} WARNING - Dependency <Task(_PythonDecoratedOperator): prepare_email>, send_email already registered for DAG: example_dag_decorator
[2023-12-23T18:25:41.673+0000] {logging_mixin.py:120} INFO - [2023-12-23T18:25:41.672+0000] {taskmixin.py:205} WARNING - Dependency <Task(EmailOperator): send_email>, prepare_email already registered for DAG: example_dag_decorator
[2023-12-23T18:25:41.686+0000] {processor.py:766} INFO - DAG(s) dict_keys(['example_dag_decorator']) retrieved from /home/airflow/.local/lib/python3.7/site-packages/airflow/example_dags/example_dag_decorator.py
[2023-12-23T18:25:41.765+0000] {logging_mixin.py:120} INFO - [2023-12-23T18:25:41.764+0000] {dag.py:2585} INFO - Sync 1 DAGs
[2023-12-23T18:25:41.782+0000] {logging_mixin.py:120} INFO - [2023-12-23T18:25:41.782+0000] {dag.py:3340} INFO - Setting next_dagrun for example_dag_decorator to None, run_after=None
[2023-12-23T18:25:41.804+0000] {processor.py:176} INFO - Processing /home/airflow/.local/lib/python3.7/site-packages/airflow/example_dags/example_dag_decorator.py took 0.152 seconds
[2023-12-23T18:26:11.859+0000] {processor.py:154} INFO - Started process (PID=256) to work on /home/airflow/.local/lib/python3.7/site-packages/airflow/example_dags/example_dag_decorator.py
[2023-12-23T18:26:11.859+0000] {processor.py:756} INFO - Processing file /home/airflow/.local/lib/python3.7/site-packages/airflow/example_dags/example_dag_decorator.py for tasks to queue
[2023-12-23T18:26:11.860+0000] {logging_mixin.py:120} INFO - [2023-12-23T18:26:11.860+0000] {dagbag.py:537} INFO - Filling up the DagBag from /home/airflow/.local/lib/python3.7/site-packages/airflow/example_dags/example_dag_decorator.py
[2023-12-23T18:26:11.873+0000] {logging_mixin.py:120} INFO - [2023-12-23T18:26:11.873+0000] {taskmixin.py:205} WARNING - Dependency <Task(_PythonDecoratedOperator): prepare_email>, send_email already registered for DAG: example_dag_decorator
[2023-12-23T18:26:11.873+0000] {logging_mixin.py:120} INFO - [2023-12-23T18:26:11.873+0000] {taskmixin.py:205} WARNING - Dependency <Task(EmailOperator): send_email>, prepare_email already registered for DAG: example_dag_decorator
[2023-12-23T18:26:11.884+0000] {processor.py:766} INFO - DAG(s) dict_keys(['example_dag_decorator']) retrieved from /home/airflow/.local/lib/python3.7/site-packages/airflow/example_dags/example_dag_decorator.py
[2023-12-23T18:26:11.948+0000] {logging_mixin.py:120} INFO - [2023-12-23T18:26:11.948+0000] {dag.py:2585} INFO - Sync 1 DAGs
[2023-12-23T18:26:11.966+0000] {logging_mixin.py:120} INFO - [2023-12-23T18:26:11.966+0000] {dag.py:3340} INFO - Setting next_dagrun for example_dag_decorator to None, run_after=None
[2023-12-23T18:26:11.990+0000] {processor.py:176} INFO - Processing /home/airflow/.local/lib/python3.7/site-packages/airflow/example_dags/example_dag_decorator.py took 0.134 seconds
[2023-12-23T18:35:59.305+0000] {processor.py:154} INFO - Started process (PID=75) to work on /home/airflow/.local/lib/python3.7/site-packages/airflow/example_dags/example_dag_decorator.py
[2023-12-23T18:35:59.306+0000] {processor.py:756} INFO - Processing file /home/airflow/.local/lib/python3.7/site-packages/airflow/example_dags/example_dag_decorator.py for tasks to queue
[2023-12-23T18:35:59.306+0000] {logging_mixin.py:120} INFO - [2023-12-23T18:35:59.306+0000] {dagbag.py:537} INFO - Filling up the DagBag from /home/airflow/.local/lib/python3.7/site-packages/airflow/example_dags/example_dag_decorator.py
[2023-12-23T18:35:59.326+0000] {logging_mixin.py:120} INFO - [2023-12-23T18:35:59.326+0000] {taskmixin.py:205} WARNING - Dependency <Task(_PythonDecoratedOperator): prepare_email>, send_email already registered for DAG: example_dag_decorator
[2023-12-23T18:35:59.327+0000] {logging_mixin.py:120} INFO - [2023-12-23T18:35:59.326+0000] {taskmixin.py:205} WARNING - Dependency <Task(EmailOperator): send_email>, prepare_email already registered for DAG: example_dag_decorator
[2023-12-23T18:35:59.349+0000] {processor.py:766} INFO - DAG(s) dict_keys(['example_dag_decorator']) retrieved from /home/airflow/.local/lib/python3.7/site-packages/airflow/example_dags/example_dag_decorator.py
[2023-12-23T18:35:59.399+0000] {logging_mixin.py:120} INFO - [2023-12-23T18:35:59.399+0000] {dag.py:2585} INFO - Sync 1 DAGs
[2023-12-23T18:35:59.435+0000] {logging_mixin.py:120} INFO - [2023-12-23T18:35:59.435+0000] {dag.py:3340} INFO - Setting next_dagrun for example_dag_decorator to None, run_after=None
[2023-12-23T18:35:59.464+0000] {processor.py:176} INFO - Processing /home/airflow/.local/lib/python3.7/site-packages/airflow/example_dags/example_dag_decorator.py took 0.162 seconds
[2023-12-23T18:36:29.592+0000] {processor.py:154} INFO - Started process (PID=137) to work on /home/airflow/.local/lib/python3.7/site-packages/airflow/example_dags/example_dag_decorator.py
[2023-12-23T18:36:29.593+0000] {processor.py:756} INFO - Processing file /home/airflow/.local/lib/python3.7/site-packages/airflow/example_dags/example_dag_decorator.py for tasks to queue
[2023-12-23T18:36:29.593+0000] {logging_mixin.py:120} INFO - [2023-12-23T18:36:29.593+0000] {dagbag.py:537} INFO - Filling up the DagBag from /home/airflow/.local/lib/python3.7/site-packages/airflow/example_dags/example_dag_decorator.py
[2023-12-23T18:36:29.607+0000] {logging_mixin.py:120} INFO - [2023-12-23T18:36:29.607+0000] {taskmixin.py:205} WARNING - Dependency <Task(_PythonDecoratedOperator): prepare_email>, send_email already registered for DAG: example_dag_decorator
[2023-12-23T18:36:29.607+0000] {logging_mixin.py:120} INFO - [2023-12-23T18:36:29.607+0000] {taskmixin.py:205} WARNING - Dependency <Task(EmailOperator): send_email>, prepare_email already registered for DAG: example_dag_decorator
[2023-12-23T18:36:29.619+0000] {processor.py:766} INFO - DAG(s) dict_keys(['example_dag_decorator']) retrieved from /home/airflow/.local/lib/python3.7/site-packages/airflow/example_dags/example_dag_decorator.py
[2023-12-23T18:36:29.712+0000] {logging_mixin.py:120} INFO - [2023-12-23T18:36:29.711+0000] {dag.py:2585} INFO - Sync 1 DAGs
[2023-12-23T18:36:29.743+0000] {logging_mixin.py:120} INFO - [2023-12-23T18:36:29.743+0000] {dag.py:3340} INFO - Setting next_dagrun for example_dag_decorator to None, run_after=None
[2023-12-23T18:36:29.771+0000] {processor.py:176} INFO - Processing /home/airflow/.local/lib/python3.7/site-packages/airflow/example_dags/example_dag_decorator.py took 0.182 seconds
