[2023-12-23T18:12:48.932+0000] {processor.py:154} INFO - Started process (PID=72) to work on /home/airflow/.local/lib/python3.7/site-packages/airflow/example_dags/example_branch_operator.py
[2023-12-23T18:12:48.933+0000] {processor.py:756} INFO - Processing file /home/airflow/.local/lib/python3.7/site-packages/airflow/example_dags/example_branch_operator.py for tasks to queue
[2023-12-23T18:12:48.933+0000] {logging_mixin.py:120} INFO - [2023-12-23T18:12:48.933+0000] {dagbag.py:537} INFO - Filling up the DagBag from /home/airflow/.local/lib/python3.7/site-packages/airflow/example_dags/example_branch_operator.py
[2023-12-23T18:12:48.956+0000] {processor.py:766} INFO - DAG(s) dict_keys(['example_branch_operator']) retrieved from /home/airflow/.local/lib/python3.7/site-packages/airflow/example_dags/example_branch_operator.py
[2023-12-23T18:12:49.006+0000] {logging_mixin.py:120} INFO - [2023-12-23T18:12:49.006+0000] {dag.py:2585} INFO - Sync 1 DAGs
[2023-12-23T18:12:49.039+0000] {logging_mixin.py:120} INFO - [2023-12-23T18:12:49.039+0000] {dag.py:3340} INFO - Setting next_dagrun for example_branch_operator to 2023-12-22T00:00:00+00:00, run_after=2023-12-23T00:00:00+00:00
[2023-12-23T18:12:49.072+0000] {processor.py:176} INFO - Processing /home/airflow/.local/lib/python3.7/site-packages/airflow/example_dags/example_branch_operator.py took 0.144 seconds
[2023-12-23T18:13:20.105+0000] {processor.py:154} INFO - Started process (PID=135) to work on /home/airflow/.local/lib/python3.7/site-packages/airflow/example_dags/example_branch_operator.py
[2023-12-23T18:13:20.105+0000] {processor.py:756} INFO - Processing file /home/airflow/.local/lib/python3.7/site-packages/airflow/example_dags/example_branch_operator.py for tasks to queue
[2023-12-23T18:13:20.106+0000] {logging_mixin.py:120} INFO - [2023-12-23T18:13:20.106+0000] {dagbag.py:537} INFO - Filling up the DagBag from /home/airflow/.local/lib/python3.7/site-packages/airflow/example_dags/example_branch_operator.py
[2023-12-23T18:13:20.122+0000] {processor.py:766} INFO - DAG(s) dict_keys(['example_branch_operator']) retrieved from /home/airflow/.local/lib/python3.7/site-packages/airflow/example_dags/example_branch_operator.py
[2023-12-23T18:13:20.158+0000] {logging_mixin.py:120} INFO - [2023-12-23T18:13:20.158+0000] {dag.py:2585} INFO - Sync 1 DAGs
[2023-12-23T18:13:20.187+0000] {logging_mixin.py:120} INFO - [2023-12-23T18:13:20.187+0000] {dag.py:3340} INFO - Setting next_dagrun for example_branch_operator to 2023-12-22T00:00:00+00:00, run_after=2023-12-23T00:00:00+00:00
[2023-12-23T18:13:20.213+0000] {processor.py:176} INFO - Processing /home/airflow/.local/lib/python3.7/site-packages/airflow/example_dags/example_branch_operator.py took 0.111 seconds
[2023-12-23T18:13:51.090+0000] {processor.py:154} INFO - Started process (PID=198) to work on /home/airflow/.local/lib/python3.7/site-packages/airflow/example_dags/example_branch_operator.py
[2023-12-23T18:13:51.091+0000] {processor.py:756} INFO - Processing file /home/airflow/.local/lib/python3.7/site-packages/airflow/example_dags/example_branch_operator.py for tasks to queue
[2023-12-23T18:13:51.091+0000] {logging_mixin.py:120} INFO - [2023-12-23T18:13:51.091+0000] {dagbag.py:537} INFO - Filling up the DagBag from /home/airflow/.local/lib/python3.7/site-packages/airflow/example_dags/example_branch_operator.py
[2023-12-23T18:13:51.127+0000] {processor.py:766} INFO - DAG(s) dict_keys(['example_branch_operator']) retrieved from /home/airflow/.local/lib/python3.7/site-packages/airflow/example_dags/example_branch_operator.py
[2023-12-23T18:13:51.176+0000] {logging_mixin.py:120} INFO - [2023-12-23T18:13:51.176+0000] {dag.py:2585} INFO - Sync 1 DAGs
[2023-12-23T18:13:51.211+0000] {logging_mixin.py:120} INFO - [2023-12-23T18:13:51.211+0000] {dag.py:3340} INFO - Setting next_dagrun for example_branch_operator to 2023-12-22T00:00:00+00:00, run_after=2023-12-23T00:00:00+00:00
[2023-12-23T18:13:51.256+0000] {processor.py:176} INFO - Processing /home/airflow/.local/lib/python3.7/site-packages/airflow/example_dags/example_branch_operator.py took 0.170 seconds
[2023-12-23T18:14:21.919+0000] {processor.py:154} INFO - Started process (PID=252) to work on /home/airflow/.local/lib/python3.7/site-packages/airflow/example_dags/example_branch_operator.py
[2023-12-23T18:14:21.920+0000] {processor.py:756} INFO - Processing file /home/airflow/.local/lib/python3.7/site-packages/airflow/example_dags/example_branch_operator.py for tasks to queue
[2023-12-23T18:14:21.921+0000] {logging_mixin.py:120} INFO - [2023-12-23T18:14:21.921+0000] {dagbag.py:537} INFO - Filling up the DagBag from /home/airflow/.local/lib/python3.7/site-packages/airflow/example_dags/example_branch_operator.py
[2023-12-23T18:14:21.936+0000] {processor.py:766} INFO - DAG(s) dict_keys(['example_branch_operator']) retrieved from /home/airflow/.local/lib/python3.7/site-packages/airflow/example_dags/example_branch_operator.py
[2023-12-23T18:14:21.973+0000] {logging_mixin.py:120} INFO - [2023-12-23T18:14:21.973+0000] {dag.py:2585} INFO - Sync 1 DAGs
[2023-12-23T18:14:21.995+0000] {logging_mixin.py:120} INFO - [2023-12-23T18:14:21.995+0000] {dag.py:3340} INFO - Setting next_dagrun for example_branch_operator to 2023-12-22T00:00:00+00:00, run_after=2023-12-23T00:00:00+00:00
[2023-12-23T18:14:22.016+0000] {processor.py:176} INFO - Processing /home/airflow/.local/lib/python3.7/site-packages/airflow/example_dags/example_branch_operator.py took 0.099 seconds
[2023-12-23T18:14:52.875+0000] {processor.py:154} INFO - Started process (PID=316) to work on /home/airflow/.local/lib/python3.7/site-packages/airflow/example_dags/example_branch_operator.py
[2023-12-23T18:14:52.876+0000] {processor.py:756} INFO - Processing file /home/airflow/.local/lib/python3.7/site-packages/airflow/example_dags/example_branch_operator.py for tasks to queue
[2023-12-23T18:14:52.876+0000] {logging_mixin.py:120} INFO - [2023-12-23T18:14:52.876+0000] {dagbag.py:537} INFO - Filling up the DagBag from /home/airflow/.local/lib/python3.7/site-packages/airflow/example_dags/example_branch_operator.py
[2023-12-23T18:14:52.895+0000] {processor.py:766} INFO - DAG(s) dict_keys(['example_branch_operator']) retrieved from /home/airflow/.local/lib/python3.7/site-packages/airflow/example_dags/example_branch_operator.py
[2023-12-23T18:14:52.934+0000] {logging_mixin.py:120} INFO - [2023-12-23T18:14:52.934+0000] {dag.py:2585} INFO - Sync 1 DAGs
[2023-12-23T18:14:52.956+0000] {logging_mixin.py:120} INFO - [2023-12-23T18:14:52.956+0000] {dag.py:3340} INFO - Setting next_dagrun for example_branch_operator to 2023-12-22T00:00:00+00:00, run_after=2023-12-23T00:00:00+00:00
[2023-12-23T18:14:52.978+0000] {processor.py:176} INFO - Processing /home/airflow/.local/lib/python3.7/site-packages/airflow/example_dags/example_branch_operator.py took 0.105 seconds
[2023-12-23T18:15:23.174+0000] {processor.py:154} INFO - Started process (PID=379) to work on /home/airflow/.local/lib/python3.7/site-packages/airflow/example_dags/example_branch_operator.py
[2023-12-23T18:15:23.174+0000] {processor.py:756} INFO - Processing file /home/airflow/.local/lib/python3.7/site-packages/airflow/example_dags/example_branch_operator.py for tasks to queue
[2023-12-23T18:15:23.175+0000] {logging_mixin.py:120} INFO - [2023-12-23T18:15:23.175+0000] {dagbag.py:537} INFO - Filling up the DagBag from /home/airflow/.local/lib/python3.7/site-packages/airflow/example_dags/example_branch_operator.py
[2023-12-23T18:15:23.189+0000] {processor.py:766} INFO - DAG(s) dict_keys(['example_branch_operator']) retrieved from /home/airflow/.local/lib/python3.7/site-packages/airflow/example_dags/example_branch_operator.py
[2023-12-23T18:15:23.225+0000] {logging_mixin.py:120} INFO - [2023-12-23T18:15:23.225+0000] {dag.py:2585} INFO - Sync 1 DAGs
[2023-12-23T18:15:23.246+0000] {logging_mixin.py:120} INFO - [2023-12-23T18:15:23.246+0000] {dag.py:3340} INFO - Setting next_dagrun for example_branch_operator to 2023-12-22T00:00:00+00:00, run_after=2023-12-23T00:00:00+00:00
[2023-12-23T18:15:23.268+0000] {processor.py:176} INFO - Processing /home/airflow/.local/lib/python3.7/site-packages/airflow/example_dags/example_branch_operator.py took 0.097 seconds
[2023-12-23T18:15:53.976+0000] {processor.py:154} INFO - Started process (PID=434) to work on /home/airflow/.local/lib/python3.7/site-packages/airflow/example_dags/example_branch_operator.py
[2023-12-23T18:15:53.977+0000] {processor.py:756} INFO - Processing file /home/airflow/.local/lib/python3.7/site-packages/airflow/example_dags/example_branch_operator.py for tasks to queue
[2023-12-23T18:15:53.977+0000] {logging_mixin.py:120} INFO - [2023-12-23T18:15:53.977+0000] {dagbag.py:537} INFO - Filling up the DagBag from /home/airflow/.local/lib/python3.7/site-packages/airflow/example_dags/example_branch_operator.py
[2023-12-23T18:15:53.999+0000] {processor.py:766} INFO - DAG(s) dict_keys(['example_branch_operator']) retrieved from /home/airflow/.local/lib/python3.7/site-packages/airflow/example_dags/example_branch_operator.py
[2023-12-23T18:15:54.050+0000] {logging_mixin.py:120} INFO - [2023-12-23T18:15:54.049+0000] {dag.py:2585} INFO - Sync 1 DAGs
[2023-12-23T18:15:54.092+0000] {logging_mixin.py:120} INFO - [2023-12-23T18:15:54.091+0000] {dag.py:3340} INFO - Setting next_dagrun for example_branch_operator to 2023-12-22T00:00:00+00:00, run_after=2023-12-23T00:00:00+00:00
[2023-12-23T18:15:54.119+0000] {processor.py:176} INFO - Processing /home/airflow/.local/lib/python3.7/site-packages/airflow/example_dags/example_branch_operator.py took 0.146 seconds
[2023-12-23T18:16:24.908+0000] {processor.py:154} INFO - Started process (PID=497) to work on /home/airflow/.local/lib/python3.7/site-packages/airflow/example_dags/example_branch_operator.py
[2023-12-23T18:16:24.909+0000] {processor.py:756} INFO - Processing file /home/airflow/.local/lib/python3.7/site-packages/airflow/example_dags/example_branch_operator.py for tasks to queue
[2023-12-23T18:16:24.909+0000] {logging_mixin.py:120} INFO - [2023-12-23T18:16:24.909+0000] {dagbag.py:537} INFO - Filling up the DagBag from /home/airflow/.local/lib/python3.7/site-packages/airflow/example_dags/example_branch_operator.py
[2023-12-23T18:16:24.924+0000] {processor.py:766} INFO - DAG(s) dict_keys(['example_branch_operator']) retrieved from /home/airflow/.local/lib/python3.7/site-packages/airflow/example_dags/example_branch_operator.py
[2023-12-23T18:16:24.962+0000] {logging_mixin.py:120} INFO - [2023-12-23T18:16:24.962+0000] {dag.py:2585} INFO - Sync 1 DAGs
[2023-12-23T18:16:24.983+0000] {logging_mixin.py:120} INFO - [2023-12-23T18:16:24.983+0000] {dag.py:3340} INFO - Setting next_dagrun for example_branch_operator to 2023-12-22T00:00:00+00:00, run_after=2023-12-23T00:00:00+00:00
[2023-12-23T18:16:25.005+0000] {processor.py:176} INFO - Processing /home/airflow/.local/lib/python3.7/site-packages/airflow/example_dags/example_branch_operator.py took 0.099 seconds
[2023-12-23T18:16:55.551+0000] {processor.py:154} INFO - Started process (PID=561) to work on /home/airflow/.local/lib/python3.7/site-packages/airflow/example_dags/example_branch_operator.py
[2023-12-23T18:16:55.552+0000] {processor.py:756} INFO - Processing file /home/airflow/.local/lib/python3.7/site-packages/airflow/example_dags/example_branch_operator.py for tasks to queue
[2023-12-23T18:16:55.552+0000] {logging_mixin.py:120} INFO - [2023-12-23T18:16:55.552+0000] {dagbag.py:537} INFO - Filling up the DagBag from /home/airflow/.local/lib/python3.7/site-packages/airflow/example_dags/example_branch_operator.py
[2023-12-23T18:16:55.574+0000] {processor.py:766} INFO - DAG(s) dict_keys(['example_branch_operator']) retrieved from /home/airflow/.local/lib/python3.7/site-packages/airflow/example_dags/example_branch_operator.py
[2023-12-23T18:16:55.618+0000] {logging_mixin.py:120} INFO - [2023-12-23T18:16:55.618+0000] {dag.py:2585} INFO - Sync 1 DAGs
[2023-12-23T18:16:55.644+0000] {logging_mixin.py:120} INFO - [2023-12-23T18:16:55.644+0000] {dag.py:3340} INFO - Setting next_dagrun for example_branch_operator to 2023-12-22T00:00:00+00:00, run_after=2023-12-23T00:00:00+00:00
[2023-12-23T18:16:55.666+0000] {processor.py:176} INFO - Processing /home/airflow/.local/lib/python3.7/site-packages/airflow/example_dags/example_branch_operator.py took 0.119 seconds
[2023-12-23T18:17:26.547+0000] {processor.py:154} INFO - Started process (PID=625) to work on /home/airflow/.local/lib/python3.7/site-packages/airflow/example_dags/example_branch_operator.py
[2023-12-23T18:17:26.548+0000] {processor.py:756} INFO - Processing file /home/airflow/.local/lib/python3.7/site-packages/airflow/example_dags/example_branch_operator.py for tasks to queue
[2023-12-23T18:17:26.548+0000] {logging_mixin.py:120} INFO - [2023-12-23T18:17:26.548+0000] {dagbag.py:537} INFO - Filling up the DagBag from /home/airflow/.local/lib/python3.7/site-packages/airflow/example_dags/example_branch_operator.py
[2023-12-23T18:17:26.563+0000] {processor.py:766} INFO - DAG(s) dict_keys(['example_branch_operator']) retrieved from /home/airflow/.local/lib/python3.7/site-packages/airflow/example_dags/example_branch_operator.py
[2023-12-23T18:17:26.603+0000] {logging_mixin.py:120} INFO - [2023-12-23T18:17:26.603+0000] {dag.py:2585} INFO - Sync 1 DAGs
[2023-12-23T18:17:26.635+0000] {logging_mixin.py:120} INFO - [2023-12-23T18:17:26.635+0000] {dag.py:3340} INFO - Setting next_dagrun for example_branch_operator to 2023-12-22T00:00:00+00:00, run_after=2023-12-23T00:00:00+00:00
[2023-12-23T18:17:26.660+0000] {processor.py:176} INFO - Processing /home/airflow/.local/lib/python3.7/site-packages/airflow/example_dags/example_branch_operator.py took 0.115 seconds
[2023-12-23T18:17:57.265+0000] {processor.py:154} INFO - Started process (PID=680) to work on /home/airflow/.local/lib/python3.7/site-packages/airflow/example_dags/example_branch_operator.py
[2023-12-23T18:17:57.266+0000] {processor.py:756} INFO - Processing file /home/airflow/.local/lib/python3.7/site-packages/airflow/example_dags/example_branch_operator.py for tasks to queue
[2023-12-23T18:17:57.267+0000] {logging_mixin.py:120} INFO - [2023-12-23T18:17:57.266+0000] {dagbag.py:537} INFO - Filling up the DagBag from /home/airflow/.local/lib/python3.7/site-packages/airflow/example_dags/example_branch_operator.py
[2023-12-23T18:17:57.288+0000] {processor.py:766} INFO - DAG(s) dict_keys(['example_branch_operator']) retrieved from /home/airflow/.local/lib/python3.7/site-packages/airflow/example_dags/example_branch_operator.py
[2023-12-23T18:17:57.331+0000] {logging_mixin.py:120} INFO - [2023-12-23T18:17:57.331+0000] {dag.py:2585} INFO - Sync 1 DAGs
[2023-12-23T18:17:57.355+0000] {logging_mixin.py:120} INFO - [2023-12-23T18:17:57.355+0000] {dag.py:3340} INFO - Setting next_dagrun for example_branch_operator to 2023-12-22T00:00:00+00:00, run_after=2023-12-23T00:00:00+00:00
[2023-12-23T18:17:57.381+0000] {processor.py:176} INFO - Processing /home/airflow/.local/lib/python3.7/site-packages/airflow/example_dags/example_branch_operator.py took 0.119 seconds
[2023-12-23T18:18:28.155+0000] {processor.py:154} INFO - Started process (PID=744) to work on /home/airflow/.local/lib/python3.7/site-packages/airflow/example_dags/example_branch_operator.py
[2023-12-23T18:18:28.156+0000] {processor.py:756} INFO - Processing file /home/airflow/.local/lib/python3.7/site-packages/airflow/example_dags/example_branch_operator.py for tasks to queue
[2023-12-23T18:18:28.157+0000] {logging_mixin.py:120} INFO - [2023-12-23T18:18:28.157+0000] {dagbag.py:537} INFO - Filling up the DagBag from /home/airflow/.local/lib/python3.7/site-packages/airflow/example_dags/example_branch_operator.py
[2023-12-23T18:18:28.175+0000] {processor.py:766} INFO - DAG(s) dict_keys(['example_branch_operator']) retrieved from /home/airflow/.local/lib/python3.7/site-packages/airflow/example_dags/example_branch_operator.py
[2023-12-23T18:18:28.223+0000] {logging_mixin.py:120} INFO - [2023-12-23T18:18:28.223+0000] {dag.py:2585} INFO - Sync 1 DAGs
[2023-12-23T18:18:28.248+0000] {logging_mixin.py:120} INFO - [2023-12-23T18:18:28.248+0000] {dag.py:3340} INFO - Setting next_dagrun for example_branch_operator to 2023-12-22T00:00:00+00:00, run_after=2023-12-23T00:00:00+00:00
[2023-12-23T18:18:28.272+0000] {processor.py:176} INFO - Processing /home/airflow/.local/lib/python3.7/site-packages/airflow/example_dags/example_branch_operator.py took 0.120 seconds
[2023-12-23T18:18:58.882+0000] {processor.py:154} INFO - Started process (PID=808) to work on /home/airflow/.local/lib/python3.7/site-packages/airflow/example_dags/example_branch_operator.py
[2023-12-23T18:18:58.883+0000] {processor.py:756} INFO - Processing file /home/airflow/.local/lib/python3.7/site-packages/airflow/example_dags/example_branch_operator.py for tasks to queue
[2023-12-23T18:18:58.883+0000] {logging_mixin.py:120} INFO - [2023-12-23T18:18:58.883+0000] {dagbag.py:537} INFO - Filling up the DagBag from /home/airflow/.local/lib/python3.7/site-packages/airflow/example_dags/example_branch_operator.py
[2023-12-23T18:18:58.899+0000] {processor.py:766} INFO - DAG(s) dict_keys(['example_branch_operator']) retrieved from /home/airflow/.local/lib/python3.7/site-packages/airflow/example_dags/example_branch_operator.py
[2023-12-23T18:18:58.934+0000] {logging_mixin.py:120} INFO - [2023-12-23T18:18:58.934+0000] {dag.py:2585} INFO - Sync 1 DAGs
[2023-12-23T18:18:58.967+0000] {logging_mixin.py:120} INFO - [2023-12-23T18:18:58.967+0000] {dag.py:3340} INFO - Setting next_dagrun for example_branch_operator to 2023-12-22T00:00:00+00:00, run_after=2023-12-23T00:00:00+00:00
[2023-12-23T18:18:58.993+0000] {processor.py:176} INFO - Processing /home/airflow/.local/lib/python3.7/site-packages/airflow/example_dags/example_branch_operator.py took 0.114 seconds
[2023-12-23T18:19:29.747+0000] {processor.py:154} INFO - Started process (PID=872) to work on /home/airflow/.local/lib/python3.7/site-packages/airflow/example_dags/example_branch_operator.py
[2023-12-23T18:19:29.748+0000] {processor.py:756} INFO - Processing file /home/airflow/.local/lib/python3.7/site-packages/airflow/example_dags/example_branch_operator.py for tasks to queue
[2023-12-23T18:19:29.748+0000] {logging_mixin.py:120} INFO - [2023-12-23T18:19:29.748+0000] {dagbag.py:537} INFO - Filling up the DagBag from /home/airflow/.local/lib/python3.7/site-packages/airflow/example_dags/example_branch_operator.py
[2023-12-23T18:19:29.763+0000] {processor.py:766} INFO - DAG(s) dict_keys(['example_branch_operator']) retrieved from /home/airflow/.local/lib/python3.7/site-packages/airflow/example_dags/example_branch_operator.py
[2023-12-23T18:19:29.798+0000] {logging_mixin.py:120} INFO - [2023-12-23T18:19:29.798+0000] {dag.py:2585} INFO - Sync 1 DAGs
[2023-12-23T18:19:29.819+0000] {logging_mixin.py:120} INFO - [2023-12-23T18:19:29.819+0000] {dag.py:3340} INFO - Setting next_dagrun for example_branch_operator to 2023-12-22T00:00:00+00:00, run_after=2023-12-23T00:00:00+00:00
[2023-12-23T18:19:29.840+0000] {processor.py:176} INFO - Processing /home/airflow/.local/lib/python3.7/site-packages/airflow/example_dags/example_branch_operator.py took 0.095 seconds
[2023-12-23T18:20:00.441+0000] {processor.py:154} INFO - Started process (PID=927) to work on /home/airflow/.local/lib/python3.7/site-packages/airflow/example_dags/example_branch_operator.py
[2023-12-23T18:20:00.441+0000] {processor.py:756} INFO - Processing file /home/airflow/.local/lib/python3.7/site-packages/airflow/example_dags/example_branch_operator.py for tasks to queue
[2023-12-23T18:20:00.442+0000] {logging_mixin.py:120} INFO - [2023-12-23T18:20:00.442+0000] {dagbag.py:537} INFO - Filling up the DagBag from /home/airflow/.local/lib/python3.7/site-packages/airflow/example_dags/example_branch_operator.py
[2023-12-23T18:20:00.463+0000] {processor.py:766} INFO - DAG(s) dict_keys(['example_branch_operator']) retrieved from /home/airflow/.local/lib/python3.7/site-packages/airflow/example_dags/example_branch_operator.py
[2023-12-23T18:20:00.531+0000] {logging_mixin.py:120} INFO - [2023-12-23T18:20:00.531+0000] {dag.py:2585} INFO - Sync 1 DAGs
[2023-12-23T18:20:00.579+0000] {logging_mixin.py:120} INFO - [2023-12-23T18:20:00.578+0000] {dag.py:3340} INFO - Setting next_dagrun for example_branch_operator to 2023-12-22T00:00:00+00:00, run_after=2023-12-23T00:00:00+00:00
[2023-12-23T18:20:00.629+0000] {processor.py:176} INFO - Processing /home/airflow/.local/lib/python3.7/site-packages/airflow/example_dags/example_branch_operator.py took 0.191 seconds
[2023-12-23T18:21:05.853+0000] {processor.py:154} INFO - Started process (PID=72) to work on /home/airflow/.local/lib/python3.7/site-packages/airflow/example_dags/example_branch_operator.py
[2023-12-23T18:21:05.854+0000] {processor.py:756} INFO - Processing file /home/airflow/.local/lib/python3.7/site-packages/airflow/example_dags/example_branch_operator.py for tasks to queue
[2023-12-23T18:21:05.855+0000] {logging_mixin.py:120} INFO - [2023-12-23T18:21:05.855+0000] {dagbag.py:537} INFO - Filling up the DagBag from /home/airflow/.local/lib/python3.7/site-packages/airflow/example_dags/example_branch_operator.py
[2023-12-23T18:21:05.908+0000] {processor.py:766} INFO - DAG(s) dict_keys(['example_branch_operator']) retrieved from /home/airflow/.local/lib/python3.7/site-packages/airflow/example_dags/example_branch_operator.py
[2023-12-23T18:21:05.946+0000] {logging_mixin.py:120} INFO - [2023-12-23T18:21:05.946+0000] {dag.py:2585} INFO - Sync 1 DAGs
[2023-12-23T18:21:05.983+0000] {logging_mixin.py:120} INFO - [2023-12-23T18:21:05.982+0000] {dag.py:3340} INFO - Setting next_dagrun for example_branch_operator to 2023-12-22T00:00:00+00:00, run_after=2023-12-23T00:00:00+00:00
[2023-12-23T18:21:06.020+0000] {processor.py:176} INFO - Processing /home/airflow/.local/lib/python3.7/site-packages/airflow/example_dags/example_branch_operator.py took 0.170 seconds
[2023-12-23T18:21:36.525+0000] {processor.py:154} INFO - Started process (PID=135) to work on /home/airflow/.local/lib/python3.7/site-packages/airflow/example_dags/example_branch_operator.py
[2023-12-23T18:21:36.526+0000] {processor.py:756} INFO - Processing file /home/airflow/.local/lib/python3.7/site-packages/airflow/example_dags/example_branch_operator.py for tasks to queue
[2023-12-23T18:21:36.526+0000] {logging_mixin.py:120} INFO - [2023-12-23T18:21:36.526+0000] {dagbag.py:537} INFO - Filling up the DagBag from /home/airflow/.local/lib/python3.7/site-packages/airflow/example_dags/example_branch_operator.py
[2023-12-23T18:21:36.548+0000] {processor.py:766} INFO - DAG(s) dict_keys(['example_branch_operator']) retrieved from /home/airflow/.local/lib/python3.7/site-packages/airflow/example_dags/example_branch_operator.py
[2023-12-23T18:21:36.601+0000] {logging_mixin.py:120} INFO - [2023-12-23T18:21:36.601+0000] {dag.py:2585} INFO - Sync 1 DAGs
[2023-12-23T18:21:36.643+0000] {logging_mixin.py:120} INFO - [2023-12-23T18:21:36.643+0000] {dag.py:3340} INFO - Setting next_dagrun for example_branch_operator to 2023-12-22T00:00:00+00:00, run_after=2023-12-23T00:00:00+00:00
[2023-12-23T18:21:36.674+0000] {processor.py:176} INFO - Processing /home/airflow/.local/lib/python3.7/site-packages/airflow/example_dags/example_branch_operator.py took 0.151 seconds
[2023-12-23T18:22:06.793+0000] {processor.py:154} INFO - Started process (PID=192) to work on /home/airflow/.local/lib/python3.7/site-packages/airflow/example_dags/example_branch_operator.py
[2023-12-23T18:22:06.794+0000] {processor.py:756} INFO - Processing file /home/airflow/.local/lib/python3.7/site-packages/airflow/example_dags/example_branch_operator.py for tasks to queue
[2023-12-23T18:22:06.795+0000] {logging_mixin.py:120} INFO - [2023-12-23T18:22:06.794+0000] {dagbag.py:537} INFO - Filling up the DagBag from /home/airflow/.local/lib/python3.7/site-packages/airflow/example_dags/example_branch_operator.py
[2023-12-23T18:22:06.811+0000] {processor.py:766} INFO - DAG(s) dict_keys(['example_branch_operator']) retrieved from /home/airflow/.local/lib/python3.7/site-packages/airflow/example_dags/example_branch_operator.py
[2023-12-23T18:22:06.851+0000] {logging_mixin.py:120} INFO - [2023-12-23T18:22:06.851+0000] {dag.py:2585} INFO - Sync 1 DAGs
[2023-12-23T18:22:06.874+0000] {logging_mixin.py:120} INFO - [2023-12-23T18:22:06.874+0000] {dag.py:3340} INFO - Setting next_dagrun for example_branch_operator to 2023-12-22T00:00:00+00:00, run_after=2023-12-23T00:00:00+00:00
[2023-12-23T18:22:06.895+0000] {processor.py:176} INFO - Processing /home/airflow/.local/lib/python3.7/site-packages/airflow/example_dags/example_branch_operator.py took 0.104 seconds
[2023-12-23T18:22:37.294+0000] {processor.py:154} INFO - Started process (PID=255) to work on /home/airflow/.local/lib/python3.7/site-packages/airflow/example_dags/example_branch_operator.py
[2023-12-23T18:22:37.295+0000] {processor.py:756} INFO - Processing file /home/airflow/.local/lib/python3.7/site-packages/airflow/example_dags/example_branch_operator.py for tasks to queue
[2023-12-23T18:22:37.295+0000] {logging_mixin.py:120} INFO - [2023-12-23T18:22:37.295+0000] {dagbag.py:537} INFO - Filling up the DagBag from /home/airflow/.local/lib/python3.7/site-packages/airflow/example_dags/example_branch_operator.py
[2023-12-23T18:22:37.311+0000] {processor.py:766} INFO - DAG(s) dict_keys(['example_branch_operator']) retrieved from /home/airflow/.local/lib/python3.7/site-packages/airflow/example_dags/example_branch_operator.py
[2023-12-23T18:22:37.349+0000] {logging_mixin.py:120} INFO - [2023-12-23T18:22:37.349+0000] {dag.py:2585} INFO - Sync 1 DAGs
[2023-12-23T18:22:37.380+0000] {logging_mixin.py:120} INFO - [2023-12-23T18:22:37.380+0000] {dag.py:3340} INFO - Setting next_dagrun for example_branch_operator to 2023-12-22T00:00:00+00:00, run_after=2023-12-23T00:00:00+00:00
[2023-12-23T18:22:37.403+0000] {processor.py:176} INFO - Processing /home/airflow/.local/lib/python3.7/site-packages/airflow/example_dags/example_branch_operator.py took 0.111 seconds
[2023-12-23T18:23:07.482+0000] {processor.py:154} INFO - Started process (PID=319) to work on /home/airflow/.local/lib/python3.7/site-packages/airflow/example_dags/example_branch_operator.py
[2023-12-23T18:23:07.483+0000] {processor.py:756} INFO - Processing file /home/airflow/.local/lib/python3.7/site-packages/airflow/example_dags/example_branch_operator.py for tasks to queue
[2023-12-23T18:23:07.483+0000] {logging_mixin.py:120} INFO - [2023-12-23T18:23:07.483+0000] {dagbag.py:537} INFO - Filling up the DagBag from /home/airflow/.local/lib/python3.7/site-packages/airflow/example_dags/example_branch_operator.py
[2023-12-23T18:23:07.499+0000] {processor.py:766} INFO - DAG(s) dict_keys(['example_branch_operator']) retrieved from /home/airflow/.local/lib/python3.7/site-packages/airflow/example_dags/example_branch_operator.py
[2023-12-23T18:23:07.536+0000] {logging_mixin.py:120} INFO - [2023-12-23T18:23:07.536+0000] {dag.py:2585} INFO - Sync 1 DAGs
[2023-12-23T18:23:07.571+0000] {logging_mixin.py:120} INFO - [2023-12-23T18:23:07.571+0000] {dag.py:3340} INFO - Setting next_dagrun for example_branch_operator to 2023-12-22T00:00:00+00:00, run_after=2023-12-23T00:00:00+00:00
[2023-12-23T18:23:07.598+0000] {processor.py:176} INFO - Processing /home/airflow/.local/lib/python3.7/site-packages/airflow/example_dags/example_branch_operator.py took 0.118 seconds
[2023-12-23T18:23:38.315+0000] {processor.py:154} INFO - Started process (PID=374) to work on /home/airflow/.local/lib/python3.7/site-packages/airflow/example_dags/example_branch_operator.py
[2023-12-23T18:23:38.316+0000] {processor.py:756} INFO - Processing file /home/airflow/.local/lib/python3.7/site-packages/airflow/example_dags/example_branch_operator.py for tasks to queue
[2023-12-23T18:23:38.316+0000] {logging_mixin.py:120} INFO - [2023-12-23T18:23:38.316+0000] {dagbag.py:537} INFO - Filling up the DagBag from /home/airflow/.local/lib/python3.7/site-packages/airflow/example_dags/example_branch_operator.py
[2023-12-23T18:23:38.332+0000] {processor.py:766} INFO - DAG(s) dict_keys(['example_branch_operator']) retrieved from /home/airflow/.local/lib/python3.7/site-packages/airflow/example_dags/example_branch_operator.py
[2023-12-23T18:23:38.378+0000] {logging_mixin.py:120} INFO - [2023-12-23T18:23:38.378+0000] {dag.py:2585} INFO - Sync 1 DAGs
[2023-12-23T18:23:38.405+0000] {logging_mixin.py:120} INFO - [2023-12-23T18:23:38.405+0000] {dag.py:3340} INFO - Setting next_dagrun for example_branch_operator to 2023-12-22T00:00:00+00:00, run_after=2023-12-23T00:00:00+00:00
[2023-12-23T18:23:38.427+0000] {processor.py:176} INFO - Processing /home/airflow/.local/lib/python3.7/site-packages/airflow/example_dags/example_branch_operator.py took 0.116 seconds
[2023-12-23T18:24:40.146+0000] {processor.py:154} INFO - Started process (PID=72) to work on /home/airflow/.local/lib/python3.7/site-packages/airflow/example_dags/example_branch_operator.py
[2023-12-23T18:24:40.147+0000] {processor.py:756} INFO - Processing file /home/airflow/.local/lib/python3.7/site-packages/airflow/example_dags/example_branch_operator.py for tasks to queue
[2023-12-23T18:24:40.147+0000] {logging_mixin.py:120} INFO - [2023-12-23T18:24:40.147+0000] {dagbag.py:537} INFO - Filling up the DagBag from /home/airflow/.local/lib/python3.7/site-packages/airflow/example_dags/example_branch_operator.py
[2023-12-23T18:24:40.176+0000] {processor.py:766} INFO - DAG(s) dict_keys(['example_branch_operator']) retrieved from /home/airflow/.local/lib/python3.7/site-packages/airflow/example_dags/example_branch_operator.py
[2023-12-23T18:24:40.209+0000] {logging_mixin.py:120} INFO - [2023-12-23T18:24:40.209+0000] {dag.py:2585} INFO - Sync 1 DAGs
[2023-12-23T18:24:40.244+0000] {logging_mixin.py:120} INFO - [2023-12-23T18:24:40.243+0000] {dag.py:3340} INFO - Setting next_dagrun for example_branch_operator to 2023-12-22T00:00:00+00:00, run_after=2023-12-23T00:00:00+00:00
[2023-12-23T18:24:40.273+0000] {processor.py:176} INFO - Processing /home/airflow/.local/lib/python3.7/site-packages/airflow/example_dags/example_branch_operator.py took 0.131 seconds
[2023-12-23T18:25:10.881+0000] {processor.py:154} INFO - Started process (PID=134) to work on /home/airflow/.local/lib/python3.7/site-packages/airflow/example_dags/example_branch_operator.py
[2023-12-23T18:25:10.881+0000] {processor.py:756} INFO - Processing file /home/airflow/.local/lib/python3.7/site-packages/airflow/example_dags/example_branch_operator.py for tasks to queue
[2023-12-23T18:25:10.884+0000] {logging_mixin.py:120} INFO - [2023-12-23T18:25:10.882+0000] {dagbag.py:537} INFO - Filling up the DagBag from /home/airflow/.local/lib/python3.7/site-packages/airflow/example_dags/example_branch_operator.py
[2023-12-23T18:25:10.906+0000] {processor.py:766} INFO - DAG(s) dict_keys(['example_branch_operator']) retrieved from /home/airflow/.local/lib/python3.7/site-packages/airflow/example_dags/example_branch_operator.py
[2023-12-23T18:25:10.953+0000] {logging_mixin.py:120} INFO - [2023-12-23T18:25:10.953+0000] {dag.py:2585} INFO - Sync 1 DAGs
[2023-12-23T18:25:10.988+0000] {logging_mixin.py:120} INFO - [2023-12-23T18:25:10.988+0000] {dag.py:3340} INFO - Setting next_dagrun for example_branch_operator to 2023-12-22T00:00:00+00:00, run_after=2023-12-23T00:00:00+00:00
[2023-12-23T18:25:11.015+0000] {processor.py:176} INFO - Processing /home/airflow/.local/lib/python3.7/site-packages/airflow/example_dags/example_branch_operator.py took 0.137 seconds
[2023-12-23T18:25:41.315+0000] {processor.py:154} INFO - Started process (PID=190) to work on /home/airflow/.local/lib/python3.7/site-packages/airflow/example_dags/example_branch_operator.py
[2023-12-23T18:25:41.316+0000] {processor.py:756} INFO - Processing file /home/airflow/.local/lib/python3.7/site-packages/airflow/example_dags/example_branch_operator.py for tasks to queue
[2023-12-23T18:25:41.316+0000] {logging_mixin.py:120} INFO - [2023-12-23T18:25:41.316+0000] {dagbag.py:537} INFO - Filling up the DagBag from /home/airflow/.local/lib/python3.7/site-packages/airflow/example_dags/example_branch_operator.py
[2023-12-23T18:25:41.337+0000] {processor.py:766} INFO - DAG(s) dict_keys(['example_branch_operator']) retrieved from /home/airflow/.local/lib/python3.7/site-packages/airflow/example_dags/example_branch_operator.py
[2023-12-23T18:25:41.385+0000] {logging_mixin.py:120} INFO - [2023-12-23T18:25:41.385+0000] {dag.py:2585} INFO - Sync 1 DAGs
[2023-12-23T18:25:41.427+0000] {logging_mixin.py:120} INFO - [2023-12-23T18:25:41.427+0000] {dag.py:3340} INFO - Setting next_dagrun for example_branch_operator to 2023-12-22T00:00:00+00:00, run_after=2023-12-23T00:00:00+00:00
[2023-12-23T18:25:41.463+0000] {processor.py:176} INFO - Processing /home/airflow/.local/lib/python3.7/site-packages/airflow/example_dags/example_branch_operator.py took 0.150 seconds
[2023-12-23T18:26:11.628+0000] {processor.py:154} INFO - Started process (PID=253) to work on /home/airflow/.local/lib/python3.7/site-packages/airflow/example_dags/example_branch_operator.py
[2023-12-23T18:26:11.628+0000] {processor.py:756} INFO - Processing file /home/airflow/.local/lib/python3.7/site-packages/airflow/example_dags/example_branch_operator.py for tasks to queue
[2023-12-23T18:26:11.629+0000] {logging_mixin.py:120} INFO - [2023-12-23T18:26:11.629+0000] {dagbag.py:537} INFO - Filling up the DagBag from /home/airflow/.local/lib/python3.7/site-packages/airflow/example_dags/example_branch_operator.py
[2023-12-23T18:26:11.643+0000] {processor.py:766} INFO - DAG(s) dict_keys(['example_branch_operator']) retrieved from /home/airflow/.local/lib/python3.7/site-packages/airflow/example_dags/example_branch_operator.py
[2023-12-23T18:26:11.678+0000] {logging_mixin.py:120} INFO - [2023-12-23T18:26:11.677+0000] {dag.py:2585} INFO - Sync 1 DAGs
[2023-12-23T18:26:11.698+0000] {logging_mixin.py:120} INFO - [2023-12-23T18:26:11.698+0000] {dag.py:3340} INFO - Setting next_dagrun for example_branch_operator to 2023-12-22T00:00:00+00:00, run_after=2023-12-23T00:00:00+00:00
[2023-12-23T18:26:11.719+0000] {processor.py:176} INFO - Processing /home/airflow/.local/lib/python3.7/site-packages/airflow/example_dags/example_branch_operator.py took 0.093 seconds
[2023-12-23T18:35:59.055+0000] {processor.py:154} INFO - Started process (PID=72) to work on /home/airflow/.local/lib/python3.7/site-packages/airflow/example_dags/example_branch_operator.py
[2023-12-23T18:35:59.056+0000] {processor.py:756} INFO - Processing file /home/airflow/.local/lib/python3.7/site-packages/airflow/example_dags/example_branch_operator.py for tasks to queue
[2023-12-23T18:35:59.056+0000] {logging_mixin.py:120} INFO - [2023-12-23T18:35:59.056+0000] {dagbag.py:537} INFO - Filling up the DagBag from /home/airflow/.local/lib/python3.7/site-packages/airflow/example_dags/example_branch_operator.py
[2023-12-23T18:35:59.089+0000] {processor.py:766} INFO - DAG(s) dict_keys(['example_branch_operator']) retrieved from /home/airflow/.local/lib/python3.7/site-packages/airflow/example_dags/example_branch_operator.py
[2023-12-23T18:35:59.115+0000] {logging_mixin.py:120} INFO - [2023-12-23T18:35:59.115+0000] {dag.py:2585} INFO - Sync 1 DAGs
[2023-12-23T18:35:59.153+0000] {logging_mixin.py:120} INFO - [2023-12-23T18:35:59.152+0000] {dag.py:3340} INFO - Setting next_dagrun for example_branch_operator to 2023-12-22T00:00:00+00:00, run_after=2023-12-23T00:00:00+00:00
[2023-12-23T18:35:59.179+0000] {processor.py:176} INFO - Processing /home/airflow/.local/lib/python3.7/site-packages/airflow/example_dags/example_branch_operator.py took 0.128 seconds
[2023-12-23T18:36:29.341+0000] {processor.py:154} INFO - Started process (PID=134) to work on /home/airflow/.local/lib/python3.7/site-packages/airflow/example_dags/example_branch_operator.py
[2023-12-23T18:36:29.342+0000] {processor.py:756} INFO - Processing file /home/airflow/.local/lib/python3.7/site-packages/airflow/example_dags/example_branch_operator.py for tasks to queue
[2023-12-23T18:36:29.342+0000] {logging_mixin.py:120} INFO - [2023-12-23T18:36:29.342+0000] {dagbag.py:537} INFO - Filling up the DagBag from /home/airflow/.local/lib/python3.7/site-packages/airflow/example_dags/example_branch_operator.py
[2023-12-23T18:36:29.364+0000] {processor.py:766} INFO - DAG(s) dict_keys(['example_branch_operator']) retrieved from /home/airflow/.local/lib/python3.7/site-packages/airflow/example_dags/example_branch_operator.py
[2023-12-23T18:36:29.414+0000] {logging_mixin.py:120} INFO - [2023-12-23T18:36:29.414+0000] {dag.py:2585} INFO - Sync 1 DAGs
[2023-12-23T18:36:29.449+0000] {logging_mixin.py:120} INFO - [2023-12-23T18:36:29.449+0000] {dag.py:3340} INFO - Setting next_dagrun for example_branch_operator to 2023-12-22T00:00:00+00:00, run_after=2023-12-23T00:00:00+00:00
[2023-12-23T18:36:29.476+0000] {processor.py:176} INFO - Processing /home/airflow/.local/lib/python3.7/site-packages/airflow/example_dags/example_branch_operator.py took 0.138 seconds
