[2023-12-23T18:12:46.702+0000] {processor.py:154} INFO - Started process (PID=53) to work on /home/airflow/.local/lib/python3.7/site-packages/airflow/example_dags/tutorial_dag.py
[2023-12-23T18:12:46.703+0000] {processor.py:756} INFO - Processing file /home/airflow/.local/lib/python3.7/site-packages/airflow/example_dags/tutorial_dag.py for tasks to queue
[2023-12-23T18:12:46.704+0000] {logging_mixin.py:120} INFO - [2023-12-23T18:12:46.704+0000] {dagbag.py:537} INFO - Filling up the DagBag from /home/airflow/.local/lib/python3.7/site-packages/airflow/example_dags/tutorial_dag.py
[2023-12-23T18:12:46.720+0000] {processor.py:766} INFO - DAG(s) dict_keys(['tutorial_dag']) retrieved from /home/airflow/.local/lib/python3.7/site-packages/airflow/example_dags/tutorial_dag.py
[2023-12-23T18:12:46.774+0000] {logging_mixin.py:120} INFO - [2023-12-23T18:12:46.773+0000] {dag.py:2585} INFO - Sync 1 DAGs
[2023-12-23T18:12:46.808+0000] {logging_mixin.py:120} INFO - [2023-12-23T18:12:46.807+0000] {dag.py:3340} INFO - Setting next_dagrun for tutorial_dag to None, run_after=None
[2023-12-23T18:12:46.844+0000] {processor.py:176} INFO - Processing /home/airflow/.local/lib/python3.7/site-packages/airflow/example_dags/tutorial_dag.py took 0.145 seconds
[2023-12-23T18:13:17.632+0000] {processor.py:154} INFO - Started process (PID=116) to work on /home/airflow/.local/lib/python3.7/site-packages/airflow/example_dags/tutorial_dag.py
[2023-12-23T18:13:17.633+0000] {processor.py:756} INFO - Processing file /home/airflow/.local/lib/python3.7/site-packages/airflow/example_dags/tutorial_dag.py for tasks to queue
[2023-12-23T18:13:17.634+0000] {logging_mixin.py:120} INFO - [2023-12-23T18:13:17.634+0000] {dagbag.py:537} INFO - Filling up the DagBag from /home/airflow/.local/lib/python3.7/site-packages/airflow/example_dags/tutorial_dag.py
[2023-12-23T18:13:17.653+0000] {processor.py:766} INFO - DAG(s) dict_keys(['tutorial_dag']) retrieved from /home/airflow/.local/lib/python3.7/site-packages/airflow/example_dags/tutorial_dag.py
[2023-12-23T18:13:17.703+0000] {logging_mixin.py:120} INFO - [2023-12-23T18:13:17.703+0000] {dag.py:2585} INFO - Sync 1 DAGs
[2023-12-23T18:13:17.724+0000] {logging_mixin.py:120} INFO - [2023-12-23T18:13:17.724+0000] {dag.py:3340} INFO - Setting next_dagrun for tutorial_dag to None, run_after=None
[2023-12-23T18:13:17.748+0000] {processor.py:176} INFO - Processing /home/airflow/.local/lib/python3.7/site-packages/airflow/example_dags/tutorial_dag.py took 0.119 seconds
[2023-12-23T18:13:48.515+0000] {processor.py:154} INFO - Started process (PID=170) to work on /home/airflow/.local/lib/python3.7/site-packages/airflow/example_dags/tutorial_dag.py
[2023-12-23T18:13:48.516+0000] {processor.py:756} INFO - Processing file /home/airflow/.local/lib/python3.7/site-packages/airflow/example_dags/tutorial_dag.py for tasks to queue
[2023-12-23T18:13:48.517+0000] {logging_mixin.py:120} INFO - [2023-12-23T18:13:48.517+0000] {dagbag.py:537} INFO - Filling up the DagBag from /home/airflow/.local/lib/python3.7/site-packages/airflow/example_dags/tutorial_dag.py
[2023-12-23T18:13:48.533+0000] {processor.py:766} INFO - DAG(s) dict_keys(['tutorial_dag']) retrieved from /home/airflow/.local/lib/python3.7/site-packages/airflow/example_dags/tutorial_dag.py
[2023-12-23T18:13:48.568+0000] {logging_mixin.py:120} INFO - [2023-12-23T18:13:48.568+0000] {dag.py:2585} INFO - Sync 1 DAGs
[2023-12-23T18:13:48.590+0000] {logging_mixin.py:120} INFO - [2023-12-23T18:13:48.590+0000] {dag.py:3340} INFO - Setting next_dagrun for tutorial_dag to None, run_after=None
[2023-12-23T18:13:48.611+0000] {processor.py:176} INFO - Processing /home/airflow/.local/lib/python3.7/site-packages/airflow/example_dags/tutorial_dag.py took 0.099 seconds
[2023-12-23T18:14:19.514+0000] {processor.py:154} INFO - Started process (PID=233) to work on /home/airflow/.local/lib/python3.7/site-packages/airflow/example_dags/tutorial_dag.py
[2023-12-23T18:14:19.515+0000] {processor.py:756} INFO - Processing file /home/airflow/.local/lib/python3.7/site-packages/airflow/example_dags/tutorial_dag.py for tasks to queue
[2023-12-23T18:14:19.515+0000] {logging_mixin.py:120} INFO - [2023-12-23T18:14:19.515+0000] {dagbag.py:537} INFO - Filling up the DagBag from /home/airflow/.local/lib/python3.7/site-packages/airflow/example_dags/tutorial_dag.py
[2023-12-23T18:14:19.526+0000] {processor.py:766} INFO - DAG(s) dict_keys(['tutorial_dag']) retrieved from /home/airflow/.local/lib/python3.7/site-packages/airflow/example_dags/tutorial_dag.py
[2023-12-23T18:14:19.560+0000] {logging_mixin.py:120} INFO - [2023-12-23T18:14:19.560+0000] {dag.py:2585} INFO - Sync 1 DAGs
[2023-12-23T18:14:19.581+0000] {logging_mixin.py:120} INFO - [2023-12-23T18:14:19.580+0000] {dag.py:3340} INFO - Setting next_dagrun for tutorial_dag to None, run_after=None
[2023-12-23T18:14:19.601+0000] {processor.py:176} INFO - Processing /home/airflow/.local/lib/python3.7/site-packages/airflow/example_dags/tutorial_dag.py took 0.090 seconds
[2023-12-23T18:14:50.151+0000] {processor.py:154} INFO - Started process (PID=297) to work on /home/airflow/.local/lib/python3.7/site-packages/airflow/example_dags/tutorial_dag.py
[2023-12-23T18:14:50.152+0000] {processor.py:756} INFO - Processing file /home/airflow/.local/lib/python3.7/site-packages/airflow/example_dags/tutorial_dag.py for tasks to queue
[2023-12-23T18:14:50.152+0000] {logging_mixin.py:120} INFO - [2023-12-23T18:14:50.152+0000] {dagbag.py:537} INFO - Filling up the DagBag from /home/airflow/.local/lib/python3.7/site-packages/airflow/example_dags/tutorial_dag.py
[2023-12-23T18:14:50.168+0000] {processor.py:766} INFO - DAG(s) dict_keys(['tutorial_dag']) retrieved from /home/airflow/.local/lib/python3.7/site-packages/airflow/example_dags/tutorial_dag.py
[2023-12-23T18:14:50.219+0000] {logging_mixin.py:120} INFO - [2023-12-23T18:14:50.219+0000] {dag.py:2585} INFO - Sync 1 DAGs
[2023-12-23T18:14:50.257+0000] {logging_mixin.py:120} INFO - [2023-12-23T18:14:50.257+0000] {dag.py:3340} INFO - Setting next_dagrun for tutorial_dag to None, run_after=None
[2023-12-23T18:14:50.281+0000] {processor.py:176} INFO - Processing /home/airflow/.local/lib/python3.7/site-packages/airflow/example_dags/tutorial_dag.py took 0.134 seconds
[2023-12-23T18:15:20.448+0000] {processor.py:154} INFO - Started process (PID=360) to work on /home/airflow/.local/lib/python3.7/site-packages/airflow/example_dags/tutorial_dag.py
[2023-12-23T18:15:20.449+0000] {processor.py:756} INFO - Processing file /home/airflow/.local/lib/python3.7/site-packages/airflow/example_dags/tutorial_dag.py for tasks to queue
[2023-12-23T18:15:20.449+0000] {logging_mixin.py:120} INFO - [2023-12-23T18:15:20.449+0000] {dagbag.py:537} INFO - Filling up the DagBag from /home/airflow/.local/lib/python3.7/site-packages/airflow/example_dags/tutorial_dag.py
[2023-12-23T18:15:20.465+0000] {processor.py:766} INFO - DAG(s) dict_keys(['tutorial_dag']) retrieved from /home/airflow/.local/lib/python3.7/site-packages/airflow/example_dags/tutorial_dag.py
[2023-12-23T18:15:20.513+0000] {logging_mixin.py:120} INFO - [2023-12-23T18:15:20.512+0000] {dag.py:2585} INFO - Sync 1 DAGs
[2023-12-23T18:15:20.543+0000] {logging_mixin.py:120} INFO - [2023-12-23T18:15:20.543+0000] {dag.py:3340} INFO - Setting next_dagrun for tutorial_dag to None, run_after=None
[2023-12-23T18:15:20.570+0000] {processor.py:176} INFO - Processing /home/airflow/.local/lib/python3.7/site-packages/airflow/example_dags/tutorial_dag.py took 0.126 seconds
[2023-12-23T18:15:51.584+0000] {processor.py:154} INFO - Started process (PID=415) to work on /home/airflow/.local/lib/python3.7/site-packages/airflow/example_dags/tutorial_dag.py
[2023-12-23T18:15:51.585+0000] {processor.py:756} INFO - Processing file /home/airflow/.local/lib/python3.7/site-packages/airflow/example_dags/tutorial_dag.py for tasks to queue
[2023-12-23T18:15:51.586+0000] {logging_mixin.py:120} INFO - [2023-12-23T18:15:51.586+0000] {dagbag.py:537} INFO - Filling up the DagBag from /home/airflow/.local/lib/python3.7/site-packages/airflow/example_dags/tutorial_dag.py
[2023-12-23T18:15:51.597+0000] {processor.py:766} INFO - DAG(s) dict_keys(['tutorial_dag']) retrieved from /home/airflow/.local/lib/python3.7/site-packages/airflow/example_dags/tutorial_dag.py
[2023-12-23T18:15:51.642+0000] {logging_mixin.py:120} INFO - [2023-12-23T18:15:51.642+0000] {dag.py:2585} INFO - Sync 1 DAGs
[2023-12-23T18:15:51.675+0000] {logging_mixin.py:120} INFO - [2023-12-23T18:15:51.675+0000] {dag.py:3340} INFO - Setting next_dagrun for tutorial_dag to None, run_after=None
[2023-12-23T18:15:51.700+0000] {processor.py:176} INFO - Processing /home/airflow/.local/lib/python3.7/site-packages/airflow/example_dags/tutorial_dag.py took 0.118 seconds
[2023-12-23T18:16:22.485+0000] {processor.py:154} INFO - Started process (PID=478) to work on /home/airflow/.local/lib/python3.7/site-packages/airflow/example_dags/tutorial_dag.py
[2023-12-23T18:16:22.486+0000] {processor.py:756} INFO - Processing file /home/airflow/.local/lib/python3.7/site-packages/airflow/example_dags/tutorial_dag.py for tasks to queue
[2023-12-23T18:16:22.486+0000] {logging_mixin.py:120} INFO - [2023-12-23T18:16:22.486+0000] {dagbag.py:537} INFO - Filling up the DagBag from /home/airflow/.local/lib/python3.7/site-packages/airflow/example_dags/tutorial_dag.py
[2023-12-23T18:16:22.496+0000] {processor.py:766} INFO - DAG(s) dict_keys(['tutorial_dag']) retrieved from /home/airflow/.local/lib/python3.7/site-packages/airflow/example_dags/tutorial_dag.py
[2023-12-23T18:16:22.536+0000] {logging_mixin.py:120} INFO - [2023-12-23T18:16:22.536+0000] {dag.py:2585} INFO - Sync 1 DAGs
[2023-12-23T18:16:22.562+0000] {logging_mixin.py:120} INFO - [2023-12-23T18:16:22.562+0000] {dag.py:3340} INFO - Setting next_dagrun for tutorial_dag to None, run_after=None
[2023-12-23T18:16:22.586+0000] {processor.py:176} INFO - Processing /home/airflow/.local/lib/python3.7/site-packages/airflow/example_dags/tutorial_dag.py took 0.104 seconds
[2023-12-23T18:16:53.203+0000] {processor.py:154} INFO - Started process (PID=542) to work on /home/airflow/.local/lib/python3.7/site-packages/airflow/example_dags/tutorial_dag.py
[2023-12-23T18:16:53.204+0000] {processor.py:756} INFO - Processing file /home/airflow/.local/lib/python3.7/site-packages/airflow/example_dags/tutorial_dag.py for tasks to queue
[2023-12-23T18:16:53.204+0000] {logging_mixin.py:120} INFO - [2023-12-23T18:16:53.204+0000] {dagbag.py:537} INFO - Filling up the DagBag from /home/airflow/.local/lib/python3.7/site-packages/airflow/example_dags/tutorial_dag.py
[2023-12-23T18:16:53.215+0000] {processor.py:766} INFO - DAG(s) dict_keys(['tutorial_dag']) retrieved from /home/airflow/.local/lib/python3.7/site-packages/airflow/example_dags/tutorial_dag.py
[2023-12-23T18:16:53.254+0000] {logging_mixin.py:120} INFO - [2023-12-23T18:16:53.254+0000] {dag.py:2585} INFO - Sync 1 DAGs
[2023-12-23T18:16:53.283+0000] {logging_mixin.py:120} INFO - [2023-12-23T18:16:53.283+0000] {dag.py:3340} INFO - Setting next_dagrun for tutorial_dag to None, run_after=None
[2023-12-23T18:16:53.309+0000] {processor.py:176} INFO - Processing /home/airflow/.local/lib/python3.7/site-packages/airflow/example_dags/tutorial_dag.py took 0.109 seconds
[2023-12-23T18:17:23.945+0000] {processor.py:154} INFO - Started process (PID=606) to work on /home/airflow/.local/lib/python3.7/site-packages/airflow/example_dags/tutorial_dag.py
[2023-12-23T18:17:23.945+0000] {processor.py:756} INFO - Processing file /home/airflow/.local/lib/python3.7/site-packages/airflow/example_dags/tutorial_dag.py for tasks to queue
[2023-12-23T18:17:23.946+0000] {logging_mixin.py:120} INFO - [2023-12-23T18:17:23.946+0000] {dagbag.py:537} INFO - Filling up the DagBag from /home/airflow/.local/lib/python3.7/site-packages/airflow/example_dags/tutorial_dag.py
[2023-12-23T18:17:23.961+0000] {processor.py:766} INFO - DAG(s) dict_keys(['tutorial_dag']) retrieved from /home/airflow/.local/lib/python3.7/site-packages/airflow/example_dags/tutorial_dag.py
[2023-12-23T18:17:24.015+0000] {logging_mixin.py:120} INFO - [2023-12-23T18:17:24.015+0000] {dag.py:2585} INFO - Sync 1 DAGs
[2023-12-23T18:17:24.047+0000] {logging_mixin.py:120} INFO - [2023-12-23T18:17:24.047+0000] {dag.py:3340} INFO - Setting next_dagrun for tutorial_dag to None, run_after=None
[2023-12-23T18:17:24.074+0000] {processor.py:176} INFO - Processing /home/airflow/.local/lib/python3.7/site-packages/airflow/example_dags/tutorial_dag.py took 0.134 seconds
[2023-12-23T18:17:54.886+0000] {processor.py:154} INFO - Started process (PID=661) to work on /home/airflow/.local/lib/python3.7/site-packages/airflow/example_dags/tutorial_dag.py
[2023-12-23T18:17:54.887+0000] {processor.py:756} INFO - Processing file /home/airflow/.local/lib/python3.7/site-packages/airflow/example_dags/tutorial_dag.py for tasks to queue
[2023-12-23T18:17:54.888+0000] {logging_mixin.py:120} INFO - [2023-12-23T18:17:54.887+0000] {dagbag.py:537} INFO - Filling up the DagBag from /home/airflow/.local/lib/python3.7/site-packages/airflow/example_dags/tutorial_dag.py
[2023-12-23T18:17:54.898+0000] {processor.py:766} INFO - DAG(s) dict_keys(['tutorial_dag']) retrieved from /home/airflow/.local/lib/python3.7/site-packages/airflow/example_dags/tutorial_dag.py
[2023-12-23T18:17:54.932+0000] {logging_mixin.py:120} INFO - [2023-12-23T18:17:54.932+0000] {dag.py:2585} INFO - Sync 1 DAGs
[2023-12-23T18:17:54.952+0000] {logging_mixin.py:120} INFO - [2023-12-23T18:17:54.952+0000] {dag.py:3340} INFO - Setting next_dagrun for tutorial_dag to None, run_after=None
[2023-12-23T18:17:54.973+0000] {processor.py:176} INFO - Processing /home/airflow/.local/lib/python3.7/site-packages/airflow/example_dags/tutorial_dag.py took 0.089 seconds
[2023-12-23T18:18:25.587+0000] {processor.py:154} INFO - Started process (PID=725) to work on /home/airflow/.local/lib/python3.7/site-packages/airflow/example_dags/tutorial_dag.py
[2023-12-23T18:18:25.587+0000] {processor.py:756} INFO - Processing file /home/airflow/.local/lib/python3.7/site-packages/airflow/example_dags/tutorial_dag.py for tasks to queue
[2023-12-23T18:18:25.588+0000] {logging_mixin.py:120} INFO - [2023-12-23T18:18:25.588+0000] {dagbag.py:537} INFO - Filling up the DagBag from /home/airflow/.local/lib/python3.7/site-packages/airflow/example_dags/tutorial_dag.py
[2023-12-23T18:18:25.603+0000] {processor.py:766} INFO - DAG(s) dict_keys(['tutorial_dag']) retrieved from /home/airflow/.local/lib/python3.7/site-packages/airflow/example_dags/tutorial_dag.py
[2023-12-23T18:18:25.653+0000] {logging_mixin.py:120} INFO - [2023-12-23T18:18:25.652+0000] {dag.py:2585} INFO - Sync 1 DAGs
[2023-12-23T18:18:25.687+0000] {logging_mixin.py:120} INFO - [2023-12-23T18:18:25.687+0000] {dag.py:3340} INFO - Setting next_dagrun for tutorial_dag to None, run_after=None
[2023-12-23T18:18:25.713+0000] {processor.py:176} INFO - Processing /home/airflow/.local/lib/python3.7/site-packages/airflow/example_dags/tutorial_dag.py took 0.130 seconds
[2023-12-23T18:18:56.419+0000] {processor.py:154} INFO - Started process (PID=789) to work on /home/airflow/.local/lib/python3.7/site-packages/airflow/example_dags/tutorial_dag.py
[2023-12-23T18:18:56.419+0000] {processor.py:756} INFO - Processing file /home/airflow/.local/lib/python3.7/site-packages/airflow/example_dags/tutorial_dag.py for tasks to queue
[2023-12-23T18:18:56.420+0000] {logging_mixin.py:120} INFO - [2023-12-23T18:18:56.420+0000] {dagbag.py:537} INFO - Filling up the DagBag from /home/airflow/.local/lib/python3.7/site-packages/airflow/example_dags/tutorial_dag.py
[2023-12-23T18:18:56.430+0000] {processor.py:766} INFO - DAG(s) dict_keys(['tutorial_dag']) retrieved from /home/airflow/.local/lib/python3.7/site-packages/airflow/example_dags/tutorial_dag.py
[2023-12-23T18:18:56.465+0000] {logging_mixin.py:120} INFO - [2023-12-23T18:18:56.465+0000] {dag.py:2585} INFO - Sync 1 DAGs
[2023-12-23T18:18:56.494+0000] {logging_mixin.py:120} INFO - [2023-12-23T18:18:56.493+0000] {dag.py:3340} INFO - Setting next_dagrun for tutorial_dag to None, run_after=None
[2023-12-23T18:18:56.526+0000] {processor.py:176} INFO - Processing /home/airflow/.local/lib/python3.7/site-packages/airflow/example_dags/tutorial_dag.py took 0.109 seconds
[2023-12-23T18:19:27.128+0000] {processor.py:154} INFO - Started process (PID=853) to work on /home/airflow/.local/lib/python3.7/site-packages/airflow/example_dags/tutorial_dag.py
[2023-12-23T18:19:27.129+0000] {processor.py:756} INFO - Processing file /home/airflow/.local/lib/python3.7/site-packages/airflow/example_dags/tutorial_dag.py for tasks to queue
[2023-12-23T18:19:27.134+0000] {logging_mixin.py:120} INFO - [2023-12-23T18:19:27.134+0000] {dagbag.py:537} INFO - Filling up the DagBag from /home/airflow/.local/lib/python3.7/site-packages/airflow/example_dags/tutorial_dag.py
[2023-12-23T18:19:27.157+0000] {processor.py:766} INFO - DAG(s) dict_keys(['tutorial_dag']) retrieved from /home/airflow/.local/lib/python3.7/site-packages/airflow/example_dags/tutorial_dag.py
[2023-12-23T18:19:27.217+0000] {logging_mixin.py:120} INFO - [2023-12-23T18:19:27.217+0000] {dag.py:2585} INFO - Sync 1 DAGs
[2023-12-23T18:19:27.250+0000] {logging_mixin.py:120} INFO - [2023-12-23T18:19:27.250+0000] {dag.py:3340} INFO - Setting next_dagrun for tutorial_dag to None, run_after=None
[2023-12-23T18:19:27.308+0000] {processor.py:176} INFO - Processing /home/airflow/.local/lib/python3.7/site-packages/airflow/example_dags/tutorial_dag.py took 0.183 seconds
[2023-12-23T18:19:58.108+0000] {processor.py:154} INFO - Started process (PID=908) to work on /home/airflow/.local/lib/python3.7/site-packages/airflow/example_dags/tutorial_dag.py
[2023-12-23T18:19:58.108+0000] {processor.py:756} INFO - Processing file /home/airflow/.local/lib/python3.7/site-packages/airflow/example_dags/tutorial_dag.py for tasks to queue
[2023-12-23T18:19:58.109+0000] {logging_mixin.py:120} INFO - [2023-12-23T18:19:58.109+0000] {dagbag.py:537} INFO - Filling up the DagBag from /home/airflow/.local/lib/python3.7/site-packages/airflow/example_dags/tutorial_dag.py
[2023-12-23T18:19:58.121+0000] {processor.py:766} INFO - DAG(s) dict_keys(['tutorial_dag']) retrieved from /home/airflow/.local/lib/python3.7/site-packages/airflow/example_dags/tutorial_dag.py
[2023-12-23T18:19:58.157+0000] {logging_mixin.py:120} INFO - [2023-12-23T18:19:58.157+0000] {dag.py:2585} INFO - Sync 1 DAGs
[2023-12-23T18:19:58.177+0000] {logging_mixin.py:120} INFO - [2023-12-23T18:19:58.177+0000] {dag.py:3340} INFO - Setting next_dagrun for tutorial_dag to None, run_after=None
[2023-12-23T18:19:58.197+0000] {processor.py:176} INFO - Processing /home/airflow/.local/lib/python3.7/site-packages/airflow/example_dags/tutorial_dag.py took 0.092 seconds
[2023-12-23T18:21:03.884+0000] {processor.py:154} INFO - Started process (PID=53) to work on /home/airflow/.local/lib/python3.7/site-packages/airflow/example_dags/tutorial_dag.py
[2023-12-23T18:21:03.892+0000] {processor.py:756} INFO - Processing file /home/airflow/.local/lib/python3.7/site-packages/airflow/example_dags/tutorial_dag.py for tasks to queue
[2023-12-23T18:21:03.893+0000] {logging_mixin.py:120} INFO - [2023-12-23T18:21:03.893+0000] {dagbag.py:537} INFO - Filling up the DagBag from /home/airflow/.local/lib/python3.7/site-packages/airflow/example_dags/tutorial_dag.py
[2023-12-23T18:21:03.921+0000] {processor.py:766} INFO - DAG(s) dict_keys(['tutorial_dag']) retrieved from /home/airflow/.local/lib/python3.7/site-packages/airflow/example_dags/tutorial_dag.py
[2023-12-23T18:21:03.974+0000] {logging_mixin.py:120} INFO - [2023-12-23T18:21:03.974+0000] {dag.py:2585} INFO - Sync 1 DAGs
[2023-12-23T18:21:04.041+0000] {logging_mixin.py:120} INFO - [2023-12-23T18:21:04.041+0000] {dag.py:3340} INFO - Setting next_dagrun for tutorial_dag to None, run_after=None
[2023-12-23T18:21:04.077+0000] {processor.py:176} INFO - Processing /home/airflow/.local/lib/python3.7/site-packages/airflow/example_dags/tutorial_dag.py took 0.196 seconds
[2023-12-23T18:21:34.432+0000] {processor.py:154} INFO - Started process (PID=114) to work on /home/airflow/.local/lib/python3.7/site-packages/airflow/example_dags/tutorial_dag.py
[2023-12-23T18:21:34.433+0000] {processor.py:756} INFO - Processing file /home/airflow/.local/lib/python3.7/site-packages/airflow/example_dags/tutorial_dag.py for tasks to queue
[2023-12-23T18:21:34.434+0000] {logging_mixin.py:120} INFO - [2023-12-23T18:21:34.434+0000] {dagbag.py:537} INFO - Filling up the DagBag from /home/airflow/.local/lib/python3.7/site-packages/airflow/example_dags/tutorial_dag.py
[2023-12-23T18:21:34.450+0000] {processor.py:766} INFO - DAG(s) dict_keys(['tutorial_dag']) retrieved from /home/airflow/.local/lib/python3.7/site-packages/airflow/example_dags/tutorial_dag.py
[2023-12-23T18:21:34.503+0000] {logging_mixin.py:120} INFO - [2023-12-23T18:21:34.503+0000] {dag.py:2585} INFO - Sync 1 DAGs
[2023-12-23T18:21:34.537+0000] {logging_mixin.py:120} INFO - [2023-12-23T18:21:34.536+0000] {dag.py:3340} INFO - Setting next_dagrun for tutorial_dag to None, run_after=None
[2023-12-23T18:21:34.642+0000] {processor.py:176} INFO - Processing /home/airflow/.local/lib/python3.7/site-packages/airflow/example_dags/tutorial_dag.py took 0.213 seconds
[2023-12-23T18:22:05.197+0000] {processor.py:154} INFO - Started process (PID=173) to work on /home/airflow/.local/lib/python3.7/site-packages/airflow/example_dags/tutorial_dag.py
[2023-12-23T18:22:05.198+0000] {processor.py:756} INFO - Processing file /home/airflow/.local/lib/python3.7/site-packages/airflow/example_dags/tutorial_dag.py for tasks to queue
[2023-12-23T18:22:05.198+0000] {logging_mixin.py:120} INFO - [2023-12-23T18:22:05.198+0000] {dagbag.py:537} INFO - Filling up the DagBag from /home/airflow/.local/lib/python3.7/site-packages/airflow/example_dags/tutorial_dag.py
[2023-12-23T18:22:05.215+0000] {processor.py:766} INFO - DAG(s) dict_keys(['tutorial_dag']) retrieved from /home/airflow/.local/lib/python3.7/site-packages/airflow/example_dags/tutorial_dag.py
[2023-12-23T18:22:05.264+0000] {logging_mixin.py:120} INFO - [2023-12-23T18:22:05.263+0000] {dag.py:2585} INFO - Sync 1 DAGs
[2023-12-23T18:22:05.295+0000] {logging_mixin.py:120} INFO - [2023-12-23T18:22:05.295+0000] {dag.py:3340} INFO - Setting next_dagrun for tutorial_dag to None, run_after=None
[2023-12-23T18:22:05.322+0000] {processor.py:176} INFO - Processing /home/airflow/.local/lib/python3.7/site-packages/airflow/example_dags/tutorial_dag.py took 0.129 seconds
[2023-12-23T18:22:35.489+0000] {processor.py:154} INFO - Started process (PID=236) to work on /home/airflow/.local/lib/python3.7/site-packages/airflow/example_dags/tutorial_dag.py
[2023-12-23T18:22:35.490+0000] {processor.py:756} INFO - Processing file /home/airflow/.local/lib/python3.7/site-packages/airflow/example_dags/tutorial_dag.py for tasks to queue
[2023-12-23T18:22:35.490+0000] {logging_mixin.py:120} INFO - [2023-12-23T18:22:35.490+0000] {dagbag.py:537} INFO - Filling up the DagBag from /home/airflow/.local/lib/python3.7/site-packages/airflow/example_dags/tutorial_dag.py
[2023-12-23T18:22:35.505+0000] {processor.py:766} INFO - DAG(s) dict_keys(['tutorial_dag']) retrieved from /home/airflow/.local/lib/python3.7/site-packages/airflow/example_dags/tutorial_dag.py
[2023-12-23T18:22:35.551+0000] {logging_mixin.py:120} INFO - [2023-12-23T18:22:35.551+0000] {dag.py:2585} INFO - Sync 1 DAGs
[2023-12-23T18:22:35.582+0000] {logging_mixin.py:120} INFO - [2023-12-23T18:22:35.581+0000] {dag.py:3340} INFO - Setting next_dagrun for tutorial_dag to None, run_after=None
[2023-12-23T18:22:35.604+0000] {processor.py:176} INFO - Processing /home/airflow/.local/lib/python3.7/site-packages/airflow/example_dags/tutorial_dag.py took 0.118 seconds
[2023-12-23T18:23:06.059+0000] {processor.py:154} INFO - Started process (PID=300) to work on /home/airflow/.local/lib/python3.7/site-packages/airflow/example_dags/tutorial_dag.py
[2023-12-23T18:23:06.060+0000] {processor.py:756} INFO - Processing file /home/airflow/.local/lib/python3.7/site-packages/airflow/example_dags/tutorial_dag.py for tasks to queue
[2023-12-23T18:23:06.061+0000] {logging_mixin.py:120} INFO - [2023-12-23T18:23:06.061+0000] {dagbag.py:537} INFO - Filling up the DagBag from /home/airflow/.local/lib/python3.7/site-packages/airflow/example_dags/tutorial_dag.py
[2023-12-23T18:23:06.075+0000] {processor.py:766} INFO - DAG(s) dict_keys(['tutorial_dag']) retrieved from /home/airflow/.local/lib/python3.7/site-packages/airflow/example_dags/tutorial_dag.py
[2023-12-23T18:23:06.118+0000] {logging_mixin.py:120} INFO - [2023-12-23T18:23:06.118+0000] {dag.py:2585} INFO - Sync 1 DAGs
[2023-12-23T18:23:06.146+0000] {logging_mixin.py:120} INFO - [2023-12-23T18:23:06.146+0000] {dag.py:3340} INFO - Setting next_dagrun for tutorial_dag to None, run_after=None
[2023-12-23T18:23:06.181+0000] {processor.py:176} INFO - Processing /home/airflow/.local/lib/python3.7/site-packages/airflow/example_dags/tutorial_dag.py took 0.125 seconds
[2023-12-23T18:23:36.888+0000] {processor.py:154} INFO - Started process (PID=355) to work on /home/airflow/.local/lib/python3.7/site-packages/airflow/example_dags/tutorial_dag.py
[2023-12-23T18:23:36.889+0000] {processor.py:756} INFO - Processing file /home/airflow/.local/lib/python3.7/site-packages/airflow/example_dags/tutorial_dag.py for tasks to queue
[2023-12-23T18:23:36.889+0000] {logging_mixin.py:120} INFO - [2023-12-23T18:23:36.889+0000] {dagbag.py:537} INFO - Filling up the DagBag from /home/airflow/.local/lib/python3.7/site-packages/airflow/example_dags/tutorial_dag.py
[2023-12-23T18:23:36.900+0000] {processor.py:766} INFO - DAG(s) dict_keys(['tutorial_dag']) retrieved from /home/airflow/.local/lib/python3.7/site-packages/airflow/example_dags/tutorial_dag.py
[2023-12-23T18:23:36.939+0000] {logging_mixin.py:120} INFO - [2023-12-23T18:23:36.939+0000] {dag.py:2585} INFO - Sync 1 DAGs
[2023-12-23T18:23:36.967+0000] {logging_mixin.py:120} INFO - [2023-12-23T18:23:36.967+0000] {dag.py:3340} INFO - Setting next_dagrun for tutorial_dag to None, run_after=None
[2023-12-23T18:23:36.991+0000] {processor.py:176} INFO - Processing /home/airflow/.local/lib/python3.7/site-packages/airflow/example_dags/tutorial_dag.py took 0.105 seconds
[2023-12-23T18:24:38.203+0000] {processor.py:154} INFO - Started process (PID=53) to work on /home/airflow/.local/lib/python3.7/site-packages/airflow/example_dags/tutorial_dag.py
[2023-12-23T18:24:38.209+0000] {processor.py:756} INFO - Processing file /home/airflow/.local/lib/python3.7/site-packages/airflow/example_dags/tutorial_dag.py for tasks to queue
[2023-12-23T18:24:38.210+0000] {logging_mixin.py:120} INFO - [2023-12-23T18:24:38.210+0000] {dagbag.py:537} INFO - Filling up the DagBag from /home/airflow/.local/lib/python3.7/site-packages/airflow/example_dags/tutorial_dag.py
[2023-12-23T18:24:38.235+0000] {processor.py:766} INFO - DAG(s) dict_keys(['tutorial_dag']) retrieved from /home/airflow/.local/lib/python3.7/site-packages/airflow/example_dags/tutorial_dag.py
[2023-12-23T18:24:38.263+0000] {logging_mixin.py:120} INFO - [2023-12-23T18:24:38.263+0000] {dag.py:2585} INFO - Sync 1 DAGs
[2023-12-23T18:24:38.295+0000] {logging_mixin.py:120} INFO - [2023-12-23T18:24:38.294+0000] {dag.py:3340} INFO - Setting next_dagrun for tutorial_dag to None, run_after=None
[2023-12-23T18:24:38.325+0000] {processor.py:176} INFO - Processing /home/airflow/.local/lib/python3.7/site-packages/airflow/example_dags/tutorial_dag.py took 0.125 seconds
[2023-12-23T18:25:08.793+0000] {processor.py:154} INFO - Started process (PID=106) to work on /home/airflow/.local/lib/python3.7/site-packages/airflow/example_dags/tutorial_dag.py
[2023-12-23T18:25:08.794+0000] {processor.py:756} INFO - Processing file /home/airflow/.local/lib/python3.7/site-packages/airflow/example_dags/tutorial_dag.py for tasks to queue
[2023-12-23T18:25:08.795+0000] {logging_mixin.py:120} INFO - [2023-12-23T18:25:08.795+0000] {dagbag.py:537} INFO - Filling up the DagBag from /home/airflow/.local/lib/python3.7/site-packages/airflow/example_dags/tutorial_dag.py
[2023-12-23T18:25:08.812+0000] {processor.py:766} INFO - DAG(s) dict_keys(['tutorial_dag']) retrieved from /home/airflow/.local/lib/python3.7/site-packages/airflow/example_dags/tutorial_dag.py
[2023-12-23T18:25:08.859+0000] {logging_mixin.py:120} INFO - [2023-12-23T18:25:08.859+0000] {dag.py:2585} INFO - Sync 1 DAGs
[2023-12-23T18:25:08.885+0000] {logging_mixin.py:120} INFO - [2023-12-23T18:25:08.885+0000] {dag.py:3340} INFO - Setting next_dagrun for tutorial_dag to None, run_after=None
[2023-12-23T18:25:08.910+0000] {processor.py:176} INFO - Processing /home/airflow/.local/lib/python3.7/site-packages/airflow/example_dags/tutorial_dag.py took 0.120 seconds
[2023-12-23T18:25:39.688+0000] {processor.py:154} INFO - Started process (PID=171) to work on /home/airflow/.local/lib/python3.7/site-packages/airflow/example_dags/tutorial_dag.py
[2023-12-23T18:25:39.689+0000] {processor.py:756} INFO - Processing file /home/airflow/.local/lib/python3.7/site-packages/airflow/example_dags/tutorial_dag.py for tasks to queue
[2023-12-23T18:25:39.690+0000] {logging_mixin.py:120} INFO - [2023-12-23T18:25:39.690+0000] {dagbag.py:537} INFO - Filling up the DagBag from /home/airflow/.local/lib/python3.7/site-packages/airflow/example_dags/tutorial_dag.py
[2023-12-23T18:25:39.707+0000] {processor.py:766} INFO - DAG(s) dict_keys(['tutorial_dag']) retrieved from /home/airflow/.local/lib/python3.7/site-packages/airflow/example_dags/tutorial_dag.py
[2023-12-23T18:25:39.754+0000] {logging_mixin.py:120} INFO - [2023-12-23T18:25:39.754+0000] {dag.py:2585} INFO - Sync 1 DAGs
[2023-12-23T18:25:39.785+0000] {logging_mixin.py:120} INFO - [2023-12-23T18:25:39.785+0000] {dag.py:3340} INFO - Setting next_dagrun for tutorial_dag to None, run_after=None
[2023-12-23T18:25:39.816+0000] {processor.py:176} INFO - Processing /home/airflow/.local/lib/python3.7/site-packages/airflow/example_dags/tutorial_dag.py took 0.131 seconds
[2023-12-23T18:26:09.881+0000] {processor.py:154} INFO - Started process (PID=234) to work on /home/airflow/.local/lib/python3.7/site-packages/airflow/example_dags/tutorial_dag.py
[2023-12-23T18:26:09.882+0000] {processor.py:756} INFO - Processing file /home/airflow/.local/lib/python3.7/site-packages/airflow/example_dags/tutorial_dag.py for tasks to queue
[2023-12-23T18:26:09.882+0000] {logging_mixin.py:120} INFO - [2023-12-23T18:26:09.882+0000] {dagbag.py:537} INFO - Filling up the DagBag from /home/airflow/.local/lib/python3.7/site-packages/airflow/example_dags/tutorial_dag.py
[2023-12-23T18:26:09.894+0000] {processor.py:766} INFO - DAG(s) dict_keys(['tutorial_dag']) retrieved from /home/airflow/.local/lib/python3.7/site-packages/airflow/example_dags/tutorial_dag.py
[2023-12-23T18:26:09.936+0000] {logging_mixin.py:120} INFO - [2023-12-23T18:26:09.935+0000] {dag.py:2585} INFO - Sync 1 DAGs
[2023-12-23T18:26:09.966+0000] {logging_mixin.py:120} INFO - [2023-12-23T18:26:09.965+0000] {dag.py:3340} INFO - Setting next_dagrun for tutorial_dag to None, run_after=None
[2023-12-23T18:26:09.989+0000] {processor.py:176} INFO - Processing /home/airflow/.local/lib/python3.7/site-packages/airflow/example_dags/tutorial_dag.py took 0.111 seconds
[2023-12-23T18:26:41.242+0000] {processor.py:154} INFO - Started process (PID=297) to work on /home/airflow/.local/lib/python3.7/site-packages/airflow/example_dags/tutorial_dag.py
[2023-12-23T18:26:41.243+0000] {processor.py:756} INFO - Processing file /home/airflow/.local/lib/python3.7/site-packages/airflow/example_dags/tutorial_dag.py for tasks to queue
[2023-12-23T18:26:41.243+0000] {logging_mixin.py:120} INFO - [2023-12-23T18:26:41.243+0000] {dagbag.py:537} INFO - Filling up the DagBag from /home/airflow/.local/lib/python3.7/site-packages/airflow/example_dags/tutorial_dag.py
[2023-12-23T18:26:41.262+0000] {processor.py:766} INFO - DAG(s) dict_keys(['tutorial_dag']) retrieved from /home/airflow/.local/lib/python3.7/site-packages/airflow/example_dags/tutorial_dag.py
[2023-12-23T18:26:41.314+0000] {logging_mixin.py:120} INFO - [2023-12-23T18:26:41.314+0000] {dag.py:2585} INFO - Sync 1 DAGs
[2023-12-23T18:26:41.346+0000] {logging_mixin.py:120} INFO - [2023-12-23T18:26:41.346+0000] {dag.py:3340} INFO - Setting next_dagrun for tutorial_dag to None, run_after=None
[2023-12-23T18:26:41.374+0000] {processor.py:176} INFO - Processing /home/airflow/.local/lib/python3.7/site-packages/airflow/example_dags/tutorial_dag.py took 0.135 seconds
[2023-12-23T18:35:56.275+0000] {processor.py:154} INFO - Started process (PID=53) to work on /home/airflow/.local/lib/python3.7/site-packages/airflow/example_dags/tutorial_dag.py
[2023-12-23T18:35:56.276+0000] {processor.py:756} INFO - Processing file /home/airflow/.local/lib/python3.7/site-packages/airflow/example_dags/tutorial_dag.py for tasks to queue
[2023-12-23T18:35:56.277+0000] {logging_mixin.py:120} INFO - [2023-12-23T18:35:56.277+0000] {dagbag.py:537} INFO - Filling up the DagBag from /home/airflow/.local/lib/python3.7/site-packages/airflow/example_dags/tutorial_dag.py
[2023-12-23T18:35:56.320+0000] {processor.py:766} INFO - DAG(s) dict_keys(['tutorial_dag']) retrieved from /home/airflow/.local/lib/python3.7/site-packages/airflow/example_dags/tutorial_dag.py
[2023-12-23T18:35:56.402+0000] {logging_mixin.py:120} INFO - [2023-12-23T18:35:56.401+0000] {dag.py:2585} INFO - Sync 1 DAGs
[2023-12-23T18:35:56.477+0000] {logging_mixin.py:120} INFO - [2023-12-23T18:35:56.476+0000] {dag.py:3340} INFO - Setting next_dagrun for tutorial_dag to None, run_after=None
[2023-12-23T18:35:56.560+0000] {processor.py:176} INFO - Processing /home/airflow/.local/lib/python3.7/site-packages/airflow/example_dags/tutorial_dag.py took 0.288 seconds
[2023-12-23T18:36:26.693+0000] {processor.py:154} INFO - Started process (PID=106) to work on /home/airflow/.local/lib/python3.7/site-packages/airflow/example_dags/tutorial_dag.py
[2023-12-23T18:36:26.695+0000] {processor.py:756} INFO - Processing file /home/airflow/.local/lib/python3.7/site-packages/airflow/example_dags/tutorial_dag.py for tasks to queue
[2023-12-23T18:36:26.696+0000] {logging_mixin.py:120} INFO - [2023-12-23T18:36:26.696+0000] {dagbag.py:537} INFO - Filling up the DagBag from /home/airflow/.local/lib/python3.7/site-packages/airflow/example_dags/tutorial_dag.py
[2023-12-23T18:36:26.713+0000] {processor.py:766} INFO - DAG(s) dict_keys(['tutorial_dag']) retrieved from /home/airflow/.local/lib/python3.7/site-packages/airflow/example_dags/tutorial_dag.py
[2023-12-23T18:36:26.763+0000] {logging_mixin.py:120} INFO - [2023-12-23T18:36:26.763+0000] {dag.py:2585} INFO - Sync 1 DAGs
[2023-12-23T18:36:26.795+0000] {logging_mixin.py:120} INFO - [2023-12-23T18:36:26.795+0000] {dag.py:3340} INFO - Setting next_dagrun for tutorial_dag to None, run_after=None
[2023-12-23T18:36:26.823+0000] {processor.py:176} INFO - Processing /home/airflow/.local/lib/python3.7/site-packages/airflow/example_dags/tutorial_dag.py took 0.133 seconds
[2023-12-23T18:36:57.172+0000] {processor.py:154} INFO - Started process (PID=170) to work on /home/airflow/.local/lib/python3.7/site-packages/airflow/example_dags/tutorial_dag.py
[2023-12-23T18:36:57.173+0000] {processor.py:756} INFO - Processing file /home/airflow/.local/lib/python3.7/site-packages/airflow/example_dags/tutorial_dag.py for tasks to queue
[2023-12-23T18:36:57.173+0000] {logging_mixin.py:120} INFO - [2023-12-23T18:36:57.173+0000] {dagbag.py:537} INFO - Filling up the DagBag from /home/airflow/.local/lib/python3.7/site-packages/airflow/example_dags/tutorial_dag.py
[2023-12-23T18:36:57.186+0000] {processor.py:766} INFO - DAG(s) dict_keys(['tutorial_dag']) retrieved from /home/airflow/.local/lib/python3.7/site-packages/airflow/example_dags/tutorial_dag.py
[2023-12-23T18:36:57.231+0000] {logging_mixin.py:120} INFO - [2023-12-23T18:36:57.230+0000] {dag.py:2585} INFO - Sync 1 DAGs
[2023-12-23T18:36:57.252+0000] {logging_mixin.py:120} INFO - [2023-12-23T18:36:57.252+0000] {dag.py:3340} INFO - Setting next_dagrun for tutorial_dag to None, run_after=None
[2023-12-23T18:36:57.273+0000] {processor.py:176} INFO - Processing /home/airflow/.local/lib/python3.7/site-packages/airflow/example_dags/tutorial_dag.py took 0.104 seconds
