[2023-12-23T18:52:06.478+0000] {taskinstance.py:1165} INFO - Dependencies all met for <TaskInstance: context.get_print_context_task scheduled__2023-12-22T00:00:00+00:00 [queued]>
[2023-12-23T18:52:06.491+0000] {taskinstance.py:1165} INFO - Dependencies all met for <TaskInstance: context.get_print_context_task scheduled__2023-12-22T00:00:00+00:00 [queued]>
[2023-12-23T18:52:06.491+0000] {taskinstance.py:1362} INFO - 
--------------------------------------------------------------------------------
[2023-12-23T18:52:06.492+0000] {taskinstance.py:1363} INFO - Starting attempt 1 of 1
[2023-12-23T18:52:06.492+0000] {taskinstance.py:1364} INFO - 
--------------------------------------------------------------------------------
[2023-12-23T18:52:06.509+0000] {taskinstance.py:1383} INFO - Executing <Task(PythonOperator): get_print_context_task> on 2023-12-22 00:00:00+00:00
[2023-12-23T18:52:06.515+0000] {standard_task_runner.py:55} INFO - Started process 187 to run task
[2023-12-23T18:52:06.518+0000] {standard_task_runner.py:82} INFO - Running: ['***', 'tasks', 'run', 'context', 'get_print_context_task', 'scheduled__2023-12-22T00:00:00+00:00', '--job-id', '17', '--raw', '--subdir', 'DAGS_FOLDER/context.py', '--cfg-path', '/tmp/tmpmtn7joxv']
[2023-12-23T18:52:06.518+0000] {standard_task_runner.py:83} INFO - Job 17: Subtask get_print_context_task
[2023-12-23T18:52:06.537+0000] {warnings.py:110} WARNING - /home/***/.local/lib/python3.7/site-packages/***/configuration.py:549: DeprecationWarning: The sql_engine_encoding option in [core] has been moved to the sql_engine_encoding option in [database] - the old setting has been used, but please update your config.
  option = self._get_option_from_config_file(deprecated_key, deprecated_section, key, kwargs, section)

[2023-12-23T18:52:06.589+0000] {task_command.py:376} INFO - Running <TaskInstance: context.get_print_context_task scheduled__2023-12-22T00:00:00+00:00 [running]> on host 28f9b8b00c96
[2023-12-23T18:52:06.625+0000] {warnings.py:110} WARNING - /home/***/.local/lib/python3.7/site-packages/***/configuration.py:549: DeprecationWarning: The sensitive_variable_fields option in [admin] has been moved to the sensitive_var_conn_names option in [core] - the old setting has been used, but please update your config.
  option = self._get_option_from_config_file(deprecated_key, deprecated_section, key, kwargs, section)

[2023-12-23T18:52:06.664+0000] {taskinstance.py:1592} INFO - Exporting the following env vars:
AIRFLOW_CTX_DAG_OWNER=***
AIRFLOW_CTX_DAG_ID=context
AIRFLOW_CTX_TASK_ID=get_print_context_task
AIRFLOW_CTX_EXECUTION_DATE=2023-12-22T00:00:00+00:00
AIRFLOW_CTX_TRY_NUMBER=1
AIRFLOW_CTX_DAG_RUN_ID=scheduled__2023-12-22T00:00:00+00:00
[2023-12-23T18:52:06.665+0000] {logging_mixin.py:120} INFO - {'conf': <***.configuration.AirflowConfigParser object at 0x7febeead6ed0>, 'dag': <DAG: context>, 'dag_run': <DagRun context @ 2023-12-22 00:00:00+00:00: scheduled__2023-12-22T00:00:00+00:00, state:running, queued_at: 2023-12-23 18:52:05.960277+00:00. externally triggered: False>, 'data_interval_end': DateTime(2023, 12, 23, 0, 0, 0, tzinfo=Timezone('UTC')), 'data_interval_start': DateTime(2023, 12, 22, 0, 0, 0, tzinfo=Timezone('UTC')), 'ds': '2023-12-22', 'ds_nodash': '20231222', 'execution_date': <Proxy at 0x7febd749a820 with factory functools.partial(<function lazy_mapping_from_context.<locals>._deprecated_proxy_factory at 0x7febd7484e60>, 'execution_date', DateTime(2023, 12, 22, 0, 0, 0, tzinfo=Timezone('UTC')))>, 'inlets': [], 'logical_date': DateTime(2023, 12, 22, 0, 0, 0, tzinfo=Timezone('UTC')), 'macros': <module '***.macros' from '/home/***/.local/lib/python3.7/site-packages/***/macros/__init__.py'>, 'next_ds': <Proxy at 0x7febd749a7d0 with factory functools.partial(<function lazy_mapping_from_context.<locals>._deprecated_proxy_factory at 0x7febd7484e60>, 'next_ds', '2023-12-23')>, 'next_ds_nodash': <Proxy at 0x7febd749a4b0 with factory functools.partial(<function lazy_mapping_from_context.<locals>._deprecated_proxy_factory at 0x7febd7484e60>, 'next_ds_nodash', '20231223')>, 'next_execution_date': <Proxy at 0x7febd749aa00 with factory functools.partial(<function lazy_mapping_from_context.<locals>._deprecated_proxy_factory at 0x7febd7484e60>, 'next_execution_date', DateTime(2023, 12, 23, 0, 0, 0, tzinfo=Timezone('UTC')))>, 'outlets': [], 'params': {}, 'prev_data_interval_start_success': None, 'prev_data_interval_end_success': None, 'prev_ds': <Proxy at 0x7febd749a6e0 with factory functools.partial(<function lazy_mapping_from_context.<locals>._deprecated_proxy_factory at 0x7febd7484e60>, 'prev_ds', '2023-12-21')>, 'prev_ds_nodash': <Proxy at 0x7febd749aaa0 with factory functools.partial(<function lazy_mapping_from_context.<locals>._deprecated_proxy_factory at 0x7febd7484e60>, 'prev_ds_nodash', '20231221')>, 'prev_execution_date': <Proxy at 0x7febd749aa50 with factory functools.partial(<function lazy_mapping_from_context.<locals>._deprecated_proxy_factory at 0x7febd7484e60>, 'prev_execution_date', DateTime(2023, 12, 21, 0, 0, 0, tzinfo=Timezone('UTC')))>, 'prev_execution_date_success': <Proxy at 0x7febd749aaf0 with factory functools.partial(<function lazy_mapping_from_context.<locals>._deprecated_proxy_factory at 0x7febd7484e60>, 'prev_execution_date_success', None)>, 'prev_start_date_success': None, 'run_id': 'scheduled__2023-12-22T00:00:00+00:00', 'task': <Task(PythonOperator): get_print_context_task>, 'task_instance': <TaskInstance: context.get_print_context_task scheduled__2023-12-22T00:00:00+00:00 [running]>, 'task_instance_key_str': 'context__get_print_context_task__20231222', 'test_mode': False, 'ti': <TaskInstance: context.get_print_context_task scheduled__2023-12-22T00:00:00+00:00 [running]>, 'tomorrow_ds': <Proxy at 0x7febd749ac80 with factory functools.partial(<function lazy_mapping_from_context.<locals>._deprecated_proxy_factory at 0x7febd7484e60>, 'tomorrow_ds', '2023-12-23')>, 'tomorrow_ds_nodash': <Proxy at 0x7febd749abe0 with factory functools.partial(<function lazy_mapping_from_context.<locals>._deprecated_proxy_factory at 0x7febd7484e60>, 'tomorrow_ds_nodash', '20231223')>, 'triggering_dataset_events': <Proxy at 0x7febd74d25a0 with factory <function TaskInstance.get_template_context.<locals>.get_triggering_events at 0x7febd74d5290>>, 'ts': '2023-12-22T00:00:00+00:00', 'ts_nodash': '20231222T000000', 'ts_nodash_with_tz': '20231222T000000+0000', 'var': {'json': None, 'value': None}, 'conn': None, 'yesterday_ds': <Proxy at 0x7febd749c5f0 with factory functools.partial(<function lazy_mapping_from_context.<locals>._deprecated_proxy_factory at 0x7febd7484e60>, 'yesterday_ds', '2023-12-21')>, 'yesterday_ds_nodash': <Proxy at 0x7febd748c0f0 with factory functools.partial(<function lazy_mapping_from_context.<locals>._deprecated_proxy_factory at 0x7febd7484e60>, 'yesterday_ds_nodash', '20231221')>, 'templates_dict': None}
[2023-12-23T18:52:06.665+0000] {python.py:177} INFO - Done. Returned value was: None
[2023-12-23T18:52:06.672+0000] {taskinstance.py:1406} INFO - Marking task as SUCCESS. dag_id=context, task_id=get_print_context_task, execution_date=20231222T000000, start_date=20231223T185206, end_date=20231223T185206
[2023-12-23T18:52:06.731+0000] {local_task_job.py:164} INFO - Task exited with return code 0
[2023-12-23T18:52:06.752+0000] {local_task_job.py:273} INFO - 0 downstream tasks scheduled from follow-on schedule check
