[2023-12-25T20:01:52.168+0000] {taskinstance.py:1165} INFO - Dependencies all met for <TaskInstance: parent_of_subdag.group_training_tasks.training_c scheduled__2023-12-24T00:00:00+00:00 [queued]>
[2023-12-25T20:01:52.180+0000] {taskinstance.py:1159} INFO - Dependencies not met for <TaskInstance: parent_of_subdag.group_training_tasks.training_c scheduled__2023-12-24T00:00:00+00:00 [queued]>, dependency 'Pool Slots Available' FAILED: Not scheduling since there are 0 open slots in pool one_task_pool and require 1 pool slots
[2023-12-25T20:01:52.183+0000] {taskinstance.py:1347} WARNING - 
--------------------------------------------------------------------------------
[2023-12-25T20:01:52.183+0000] {taskinstance.py:1353} WARNING - Rescheduling due to concurrency limits reached at task runtime. Attempt 2 of 2. State set to NONE.
[2023-12-25T20:01:52.183+0000] {taskinstance.py:1355} WARNING - 
--------------------------------------------------------------------------------
[2023-12-25T20:01:52.208+0000] {local_task_job.py:103} INFO - Task is not able to be run
[2023-12-25T20:01:54.762+0000] {taskinstance.py:1165} INFO - Dependencies all met for <TaskInstance: parent_of_subdag.group_training_tasks.training_c scheduled__2023-12-24T00:00:00+00:00 [queued]>
[2023-12-25T20:01:54.770+0000] {taskinstance.py:1165} INFO - Dependencies all met for <TaskInstance: parent_of_subdag.group_training_tasks.training_c scheduled__2023-12-24T00:00:00+00:00 [queued]>
[2023-12-25T20:01:54.770+0000] {taskinstance.py:1362} INFO - 
--------------------------------------------------------------------------------
[2023-12-25T20:01:54.770+0000] {taskinstance.py:1363} INFO - Starting attempt 2 of 2
[2023-12-25T20:01:54.770+0000] {taskinstance.py:1364} INFO - 
--------------------------------------------------------------------------------
[2023-12-25T20:01:54.787+0000] {taskinstance.py:1383} INFO - Executing <Task(BashOperator): training_c> on 2023-12-24 00:00:00+00:00
[2023-12-25T20:01:54.794+0000] {standard_task_runner.py:55} INFO - Started process 5231 to run task
[2023-12-25T20:01:54.796+0000] {standard_task_runner.py:82} INFO - Running: ['***', 'tasks', 'run', 'parent_of_subdag.group_training_tasks', 'training_c', 'scheduled__2023-12-24T00:00:00+00:00', '--job-id', '117', '--raw', '--subdir', 'DAGS_FOLDER/parent_of_subdag.py', '--cfg-path', '/tmp/tmplb189l1i']
[2023-12-25T20:01:54.797+0000] {standard_task_runner.py:83} INFO - Job 117: Subtask training_c
[2023-12-25T20:01:54.855+0000] {task_command.py:376} INFO - Running <TaskInstance: parent_of_subdag.group_training_tasks.training_c scheduled__2023-12-24T00:00:00+00:00 [running]> on host 4d1993f85b22
[2023-12-25T20:01:54.894+0000] {warnings.py:110} WARNING - /home/***/.local/lib/python3.7/site-packages/***/configuration.py:549: DeprecationWarning: The sensitive_variable_fields option in [admin] has been moved to the sensitive_var_conn_names option in [core] - the old setting has been used, but please update your config.
  option = self._get_option_from_config_file(deprecated_key, deprecated_section, key, kwargs, section)

[2023-12-25T20:01:54.922+0000] {taskinstance.py:1592} INFO - Exporting the following env vars:
AIRFLOW_CTX_DAG_OWNER=***
AIRFLOW_CTX_DAG_ID=parent_of_subdag.group_training_tasks
AIRFLOW_CTX_TASK_ID=training_c
AIRFLOW_CTX_EXECUTION_DATE=2023-12-24T00:00:00+00:00
AIRFLOW_CTX_TRY_NUMBER=2
AIRFLOW_CTX_DAG_RUN_ID=scheduled__2023-12-24T00:00:00+00:00
[2023-12-25T20:01:54.922+0000] {subprocess.py:63} INFO - Tmp dir root location: 
 /tmp
[2023-12-25T20:01:54.923+0000] {subprocess.py:75} INFO - Running command: ['/bin/bash', '-c', "echo 'training_c'"]
[2023-12-25T20:01:54.935+0000] {subprocess.py:86} INFO - Output:
[2023-12-25T20:01:54.937+0000] {subprocess.py:93} INFO - training_c
[2023-12-25T20:01:54.938+0000] {subprocess.py:97} INFO - Command exited with return code 0
[2023-12-25T20:01:54.964+0000] {taskinstance.py:1406} INFO - Marking task as SUCCESS. dag_id=parent_of_subdag.group_training_tasks, task_id=training_c, execution_date=20231224T000000, start_date=20231225T200154, end_date=20231225T200154
[2023-12-25T20:01:55.008+0000] {local_task_job.py:164} INFO - Task exited with return code 0
[2023-12-25T20:01:55.031+0000] {local_task_job.py:273} INFO - 0 downstream tasks scheduled from follow-on schedule check
