[2023-12-26T08:34:27.812+0000] {processor.py:154} INFO - Started process (PID=2513) to work on /opt/airflow/dags/sensor_parent_dag.py
[2023-12-26T08:34:27.813+0000] {processor.py:756} INFO - Processing file /opt/airflow/dags/sensor_parent_dag.py for tasks to queue
[2023-12-26T08:34:27.814+0000] {logging_mixin.py:120} INFO - [2023-12-26T08:34:27.813+0000] {dagbag.py:537} INFO - Filling up the DagBag from /opt/airflow/dags/sensor_parent_dag.py
[2023-12-26T08:34:27.829+0000] {processor.py:766} INFO - DAG(s) dict_keys(['sensor_parent_dag']) retrieved from /opt/airflow/dags/sensor_parent_dag.py
[2023-12-26T08:34:27.991+0000] {logging_mixin.py:120} INFO - [2023-12-26T08:34:27.991+0000] {manager.py:507} INFO - Created Permission View: can delete on DAG:sensor_parent_dag
[2023-12-26T08:34:28.007+0000] {logging_mixin.py:120} INFO - [2023-12-26T08:34:28.006+0000] {manager.py:507} INFO - Created Permission View: can read on DAG:sensor_parent_dag
[2023-12-26T08:34:28.020+0000] {logging_mixin.py:120} INFO - [2023-12-26T08:34:28.020+0000] {manager.py:507} INFO - Created Permission View: can edit on DAG:sensor_parent_dag
[2023-12-26T08:34:28.020+0000] {logging_mixin.py:120} INFO - [2023-12-26T08:34:28.020+0000] {dag.py:2585} INFO - Sync 1 DAGs
[2023-12-26T08:34:28.039+0000] {logging_mixin.py:120} WARNING - /home/airflow/.local/lib/python3.7/site-packages/airflow/configuration.py:549 DeprecationWarning: The dag_concurrency option in [core] has been renamed to max_active_tasks_per_dag - the old setting has been used, but please update your config.
[2023-12-26T08:34:28.040+0000] {logging_mixin.py:120} INFO - [2023-12-26T08:34:28.040+0000] {dag.py:2606} INFO - Creating ORM DAG for sensor_parent_dag
[2023-12-26T08:34:28.055+0000] {logging_mixin.py:120} INFO - [2023-12-26T08:34:28.055+0000] {dag.py:3340} INFO - Setting next_dagrun for sensor_parent_dag to 2023-12-25T00:00:00+00:00, run_after=2023-12-26T00:00:00+00:00
[2023-12-26T08:34:28.076+0000] {processor.py:176} INFO - Processing /opt/airflow/dags/sensor_parent_dag.py took 0.267 seconds
[2023-12-26T08:34:37.135+0000] {processor.py:154} INFO - Started process (PID=2524) to work on /opt/airflow/dags/sensor_parent_dag.py
[2023-12-26T08:34:37.136+0000] {processor.py:756} INFO - Processing file /opt/airflow/dags/sensor_parent_dag.py for tasks to queue
[2023-12-26T08:34:37.136+0000] {logging_mixin.py:120} INFO - [2023-12-26T08:34:37.136+0000] {dagbag.py:537} INFO - Filling up the DagBag from /opt/airflow/dags/sensor_parent_dag.py
[2023-12-26T08:34:37.152+0000] {processor.py:766} INFO - DAG(s) dict_keys(['sensor_parent_dag']) retrieved from /opt/airflow/dags/sensor_parent_dag.py
[2023-12-26T08:34:37.174+0000] {logging_mixin.py:120} INFO - [2023-12-26T08:34:37.173+0000] {dag.py:2585} INFO - Sync 1 DAGs
[2023-12-26T08:34:37.197+0000] {logging_mixin.py:120} INFO - [2023-12-26T08:34:37.196+0000] {dag.py:3340} INFO - Setting next_dagrun for sensor_parent_dag to 2023-12-25T00:00:00+00:00, run_after=2023-12-26T00:00:00+00:00
[2023-12-26T08:34:37.220+0000] {processor.py:176} INFO - Processing /opt/airflow/dags/sensor_parent_dag.py took 0.087 seconds
[2023-12-26T08:35:07.450+0000] {processor.py:154} INFO - Started process (PID=2561) to work on /opt/airflow/dags/sensor_parent_dag.py
[2023-12-26T08:35:07.451+0000] {processor.py:756} INFO - Processing file /opt/airflow/dags/sensor_parent_dag.py for tasks to queue
[2023-12-26T08:35:07.452+0000] {logging_mixin.py:120} INFO - [2023-12-26T08:35:07.452+0000] {dagbag.py:537} INFO - Filling up the DagBag from /opt/airflow/dags/sensor_parent_dag.py
[2023-12-26T08:35:07.468+0000] {processor.py:766} INFO - DAG(s) dict_keys(['sensor_parent_dag']) retrieved from /opt/airflow/dags/sensor_parent_dag.py
[2023-12-26T08:35:07.505+0000] {logging_mixin.py:120} INFO - [2023-12-26T08:35:07.505+0000] {dag.py:2585} INFO - Sync 1 DAGs
[2023-12-26T08:35:07.532+0000] {logging_mixin.py:120} INFO - [2023-12-26T08:35:07.532+0000] {dag.py:3340} INFO - Setting next_dagrun for sensor_parent_dag to 2023-12-26T00:00:00+00:00, run_after=2023-12-27T00:00:00+00:00
[2023-12-26T08:35:07.555+0000] {processor.py:176} INFO - Processing /opt/airflow/dags/sensor_parent_dag.py took 0.107 seconds
[2023-12-26T08:35:38.048+0000] {processor.py:154} INFO - Started process (PID=2606) to work on /opt/airflow/dags/sensor_parent_dag.py
[2023-12-26T08:35:38.048+0000] {processor.py:756} INFO - Processing file /opt/airflow/dags/sensor_parent_dag.py for tasks to queue
[2023-12-26T08:35:38.049+0000] {logging_mixin.py:120} INFO - [2023-12-26T08:35:38.049+0000] {dagbag.py:537} INFO - Filling up the DagBag from /opt/airflow/dags/sensor_parent_dag.py
[2023-12-26T08:35:38.063+0000] {processor.py:766} INFO - DAG(s) dict_keys(['sensor_parent_dag']) retrieved from /opt/airflow/dags/sensor_parent_dag.py
[2023-12-26T08:35:38.094+0000] {logging_mixin.py:120} INFO - [2023-12-26T08:35:38.094+0000] {dag.py:2585} INFO - Sync 1 DAGs
[2023-12-26T08:35:38.116+0000] {logging_mixin.py:120} INFO - [2023-12-26T08:35:38.116+0000] {dag.py:3340} INFO - Setting next_dagrun for sensor_parent_dag to 2023-12-26T00:00:00+00:00, run_after=2023-12-27T00:00:00+00:00
[2023-12-26T08:35:38.135+0000] {processor.py:176} INFO - Processing /opt/airflow/dags/sensor_parent_dag.py took 0.090 seconds
[2023-12-26T08:36:08.488+0000] {processor.py:154} INFO - Started process (PID=2653) to work on /opt/airflow/dags/sensor_parent_dag.py
[2023-12-26T08:36:08.489+0000] {processor.py:756} INFO - Processing file /opt/airflow/dags/sensor_parent_dag.py for tasks to queue
[2023-12-26T08:36:08.489+0000] {logging_mixin.py:120} INFO - [2023-12-26T08:36:08.489+0000] {dagbag.py:537} INFO - Filling up the DagBag from /opt/airflow/dags/sensor_parent_dag.py
[2023-12-26T08:36:08.503+0000] {processor.py:766} INFO - DAG(s) dict_keys(['sensor_parent_dag']) retrieved from /opt/airflow/dags/sensor_parent_dag.py
[2023-12-26T08:36:08.535+0000] {logging_mixin.py:120} INFO - [2023-12-26T08:36:08.535+0000] {dag.py:2585} INFO - Sync 1 DAGs
[2023-12-26T08:36:08.557+0000] {logging_mixin.py:120} INFO - [2023-12-26T08:36:08.557+0000] {dag.py:3340} INFO - Setting next_dagrun for sensor_parent_dag to 2023-12-26T00:00:00+00:00, run_after=2023-12-27T00:00:00+00:00
[2023-12-26T08:36:08.576+0000] {processor.py:176} INFO - Processing /opt/airflow/dags/sensor_parent_dag.py took 0.091 seconds
[2023-12-26T08:36:38.786+0000] {processor.py:154} INFO - Started process (PID=2689) to work on /opt/airflow/dags/sensor_parent_dag.py
[2023-12-26T08:36:38.787+0000] {processor.py:756} INFO - Processing file /opt/airflow/dags/sensor_parent_dag.py for tasks to queue
[2023-12-26T08:36:38.787+0000] {logging_mixin.py:120} INFO - [2023-12-26T08:36:38.787+0000] {dagbag.py:537} INFO - Filling up the DagBag from /opt/airflow/dags/sensor_parent_dag.py
[2023-12-26T08:36:38.808+0000] {processor.py:766} INFO - DAG(s) dict_keys(['sensor_parent_dag']) retrieved from /opt/airflow/dags/sensor_parent_dag.py
[2023-12-26T08:36:38.854+0000] {logging_mixin.py:120} INFO - [2023-12-26T08:36:38.854+0000] {dag.py:2585} INFO - Sync 1 DAGs
[2023-12-26T08:36:38.882+0000] {logging_mixin.py:120} INFO - [2023-12-26T08:36:38.882+0000] {dag.py:3340} INFO - Setting next_dagrun for sensor_parent_dag to 2023-12-26T00:00:00+00:00, run_after=2023-12-27T00:00:00+00:00
[2023-12-26T08:36:38.902+0000] {processor.py:176} INFO - Processing /opt/airflow/dags/sensor_parent_dag.py took 0.119 seconds
[2023-12-26T08:37:09.175+0000] {processor.py:154} INFO - Started process (PID=2735) to work on /opt/airflow/dags/sensor_parent_dag.py
[2023-12-26T08:37:09.175+0000] {processor.py:756} INFO - Processing file /opt/airflow/dags/sensor_parent_dag.py for tasks to queue
[2023-12-26T08:37:09.176+0000] {logging_mixin.py:120} INFO - [2023-12-26T08:37:09.176+0000] {dagbag.py:537} INFO - Filling up the DagBag from /opt/airflow/dags/sensor_parent_dag.py
[2023-12-26T08:37:09.190+0000] {processor.py:766} INFO - DAG(s) dict_keys(['sensor_parent_dag']) retrieved from /opt/airflow/dags/sensor_parent_dag.py
[2023-12-26T08:37:09.240+0000] {logging_mixin.py:120} INFO - [2023-12-26T08:37:09.240+0000] {dag.py:2585} INFO - Sync 1 DAGs
[2023-12-26T08:37:09.276+0000] {logging_mixin.py:120} INFO - [2023-12-26T08:37:09.276+0000] {dag.py:3340} INFO - Setting next_dagrun for sensor_parent_dag to 2023-12-26T00:00:00+00:00, run_after=2023-12-27T00:00:00+00:00
[2023-12-26T08:37:09.304+0000] {processor.py:176} INFO - Processing /opt/airflow/dags/sensor_parent_dag.py took 0.132 seconds
[2023-12-26T08:37:39.740+0000] {processor.py:154} INFO - Started process (PID=2783) to work on /opt/airflow/dags/sensor_parent_dag.py
[2023-12-26T08:37:39.741+0000] {processor.py:756} INFO - Processing file /opt/airflow/dags/sensor_parent_dag.py for tasks to queue
[2023-12-26T08:37:39.741+0000] {logging_mixin.py:120} INFO - [2023-12-26T08:37:39.741+0000] {dagbag.py:537} INFO - Filling up the DagBag from /opt/airflow/dags/sensor_parent_dag.py
[2023-12-26T08:37:39.757+0000] {processor.py:766} INFO - DAG(s) dict_keys(['sensor_parent_dag']) retrieved from /opt/airflow/dags/sensor_parent_dag.py
[2023-12-26T08:37:39.790+0000] {logging_mixin.py:120} INFO - [2023-12-26T08:37:39.790+0000] {dag.py:2585} INFO - Sync 1 DAGs
[2023-12-26T08:37:39.813+0000] {logging_mixin.py:120} INFO - [2023-12-26T08:37:39.813+0000] {dag.py:3340} INFO - Setting next_dagrun for sensor_parent_dag to 2023-12-26T00:00:00+00:00, run_after=2023-12-27T00:00:00+00:00
[2023-12-26T08:37:39.832+0000] {processor.py:176} INFO - Processing /opt/airflow/dags/sensor_parent_dag.py took 0.094 seconds
[2023-12-26T08:38:10.198+0000] {processor.py:154} INFO - Started process (PID=2830) to work on /opt/airflow/dags/sensor_parent_dag.py
[2023-12-26T08:38:10.199+0000] {processor.py:756} INFO - Processing file /opt/airflow/dags/sensor_parent_dag.py for tasks to queue
[2023-12-26T08:38:10.199+0000] {logging_mixin.py:120} INFO - [2023-12-26T08:38:10.199+0000] {dagbag.py:537} INFO - Filling up the DagBag from /opt/airflow/dags/sensor_parent_dag.py
[2023-12-26T08:38:10.214+0000] {processor.py:766} INFO - DAG(s) dict_keys(['sensor_parent_dag']) retrieved from /opt/airflow/dags/sensor_parent_dag.py
[2023-12-26T08:38:10.248+0000] {logging_mixin.py:120} INFO - [2023-12-26T08:38:10.247+0000] {dag.py:2585} INFO - Sync 1 DAGs
[2023-12-26T08:38:10.272+0000] {logging_mixin.py:120} INFO - [2023-12-26T08:38:10.271+0000] {dag.py:3340} INFO - Setting next_dagrun for sensor_parent_dag to 2023-12-26T00:00:00+00:00, run_after=2023-12-27T00:00:00+00:00
[2023-12-26T08:38:10.294+0000] {processor.py:176} INFO - Processing /opt/airflow/dags/sensor_parent_dag.py took 0.098 seconds
[2023-12-26T08:38:40.642+0000] {processor.py:154} INFO - Started process (PID=2867) to work on /opt/airflow/dags/sensor_parent_dag.py
[2023-12-26T08:38:40.643+0000] {processor.py:756} INFO - Processing file /opt/airflow/dags/sensor_parent_dag.py for tasks to queue
[2023-12-26T08:38:40.643+0000] {logging_mixin.py:120} INFO - [2023-12-26T08:38:40.643+0000] {dagbag.py:537} INFO - Filling up the DagBag from /opt/airflow/dags/sensor_parent_dag.py
[2023-12-26T08:38:40.657+0000] {processor.py:766} INFO - DAG(s) dict_keys(['sensor_parent_dag']) retrieved from /opt/airflow/dags/sensor_parent_dag.py
[2023-12-26T08:38:40.692+0000] {logging_mixin.py:120} INFO - [2023-12-26T08:38:40.692+0000] {dag.py:2585} INFO - Sync 1 DAGs
[2023-12-26T08:38:40.718+0000] {logging_mixin.py:120} INFO - [2023-12-26T08:38:40.718+0000] {dag.py:3340} INFO - Setting next_dagrun for sensor_parent_dag to 2023-12-26T00:00:00+00:00, run_after=2023-12-27T00:00:00+00:00
[2023-12-26T08:38:40.739+0000] {processor.py:176} INFO - Processing /opt/airflow/dags/sensor_parent_dag.py took 0.099 seconds
[2023-12-26T08:39:11.025+0000] {processor.py:154} INFO - Started process (PID=2912) to work on /opt/airflow/dags/sensor_parent_dag.py
[2023-12-26T08:39:11.026+0000] {processor.py:756} INFO - Processing file /opt/airflow/dags/sensor_parent_dag.py for tasks to queue
[2023-12-26T08:39:11.026+0000] {logging_mixin.py:120} INFO - [2023-12-26T08:39:11.026+0000] {dagbag.py:537} INFO - Filling up the DagBag from /opt/airflow/dags/sensor_parent_dag.py
[2023-12-26T08:39:11.040+0000] {processor.py:766} INFO - DAG(s) dict_keys(['sensor_parent_dag']) retrieved from /opt/airflow/dags/sensor_parent_dag.py
[2023-12-26T08:39:11.071+0000] {logging_mixin.py:120} INFO - [2023-12-26T08:39:11.071+0000] {dag.py:2585} INFO - Sync 1 DAGs
[2023-12-26T08:39:11.092+0000] {logging_mixin.py:120} INFO - [2023-12-26T08:39:11.092+0000] {dag.py:3340} INFO - Setting next_dagrun for sensor_parent_dag to 2023-12-26T00:00:00+00:00, run_after=2023-12-27T00:00:00+00:00
[2023-12-26T08:39:11.112+0000] {processor.py:176} INFO - Processing /opt/airflow/dags/sensor_parent_dag.py took 0.090 seconds
[2023-12-26T08:39:41.564+0000] {processor.py:154} INFO - Started process (PID=2957) to work on /opt/airflow/dags/sensor_parent_dag.py
[2023-12-26T08:39:41.564+0000] {processor.py:756} INFO - Processing file /opt/airflow/dags/sensor_parent_dag.py for tasks to queue
[2023-12-26T08:39:41.565+0000] {logging_mixin.py:120} INFO - [2023-12-26T08:39:41.565+0000] {dagbag.py:537} INFO - Filling up the DagBag from /opt/airflow/dags/sensor_parent_dag.py
[2023-12-26T08:39:41.579+0000] {processor.py:766} INFO - DAG(s) dict_keys(['sensor_parent_dag']) retrieved from /opt/airflow/dags/sensor_parent_dag.py
[2023-12-26T08:39:41.613+0000] {logging_mixin.py:120} INFO - [2023-12-26T08:39:41.613+0000] {dag.py:2585} INFO - Sync 1 DAGs
[2023-12-26T08:39:41.635+0000] {logging_mixin.py:120} INFO - [2023-12-26T08:39:41.635+0000] {dag.py:3340} INFO - Setting next_dagrun for sensor_parent_dag to 2023-12-26T00:00:00+00:00, run_after=2023-12-27T00:00:00+00:00
[2023-12-26T08:39:41.657+0000] {processor.py:176} INFO - Processing /opt/airflow/dags/sensor_parent_dag.py took 0.096 seconds
[2023-12-26T08:40:11.998+0000] {processor.py:154} INFO - Started process (PID=2993) to work on /opt/airflow/dags/sensor_parent_dag.py
[2023-12-26T08:40:11.998+0000] {processor.py:756} INFO - Processing file /opt/airflow/dags/sensor_parent_dag.py for tasks to queue
[2023-12-26T08:40:11.999+0000] {logging_mixin.py:120} INFO - [2023-12-26T08:40:11.999+0000] {dagbag.py:537} INFO - Filling up the DagBag from /opt/airflow/dags/sensor_parent_dag.py
[2023-12-26T08:40:12.013+0000] {processor.py:766} INFO - DAG(s) dict_keys(['sensor_parent_dag']) retrieved from /opt/airflow/dags/sensor_parent_dag.py
[2023-12-26T08:40:12.048+0000] {logging_mixin.py:120} INFO - [2023-12-26T08:40:12.047+0000] {dag.py:2585} INFO - Sync 1 DAGs
[2023-12-26T08:40:12.078+0000] {logging_mixin.py:120} INFO - [2023-12-26T08:40:12.077+0000] {dag.py:3340} INFO - Setting next_dagrun for sensor_parent_dag to 2023-12-26T00:00:00+00:00, run_after=2023-12-27T00:00:00+00:00
[2023-12-26T08:40:12.103+0000] {processor.py:176} INFO - Processing /opt/airflow/dags/sensor_parent_dag.py took 0.108 seconds
[2023-12-26T08:40:42.678+0000] {processor.py:154} INFO - Started process (PID=3044) to work on /opt/airflow/dags/sensor_parent_dag.py
[2023-12-26T08:40:42.678+0000] {processor.py:756} INFO - Processing file /opt/airflow/dags/sensor_parent_dag.py for tasks to queue
[2023-12-26T08:40:42.679+0000] {logging_mixin.py:120} INFO - [2023-12-26T08:40:42.679+0000] {dagbag.py:537} INFO - Filling up the DagBag from /opt/airflow/dags/sensor_parent_dag.py
[2023-12-26T08:40:42.694+0000] {processor.py:766} INFO - DAG(s) dict_keys(['sensor_parent_dag']) retrieved from /opt/airflow/dags/sensor_parent_dag.py
[2023-12-26T08:40:42.725+0000] {logging_mixin.py:120} INFO - [2023-12-26T08:40:42.725+0000] {dag.py:2585} INFO - Sync 1 DAGs
[2023-12-26T08:40:42.748+0000] {logging_mixin.py:120} INFO - [2023-12-26T08:40:42.748+0000] {dag.py:3340} INFO - Setting next_dagrun for sensor_parent_dag to 2023-12-26T00:00:00+00:00, run_after=2023-12-27T00:00:00+00:00
[2023-12-26T08:40:42.768+0000] {processor.py:176} INFO - Processing /opt/airflow/dags/sensor_parent_dag.py took 0.093 seconds
[2023-12-26T08:41:13.132+0000] {processor.py:154} INFO - Started process (PID=3089) to work on /opt/airflow/dags/sensor_parent_dag.py
[2023-12-26T08:41:13.133+0000] {processor.py:756} INFO - Processing file /opt/airflow/dags/sensor_parent_dag.py for tasks to queue
[2023-12-26T08:41:13.134+0000] {logging_mixin.py:120} INFO - [2023-12-26T08:41:13.134+0000] {dagbag.py:537} INFO - Filling up the DagBag from /opt/airflow/dags/sensor_parent_dag.py
[2023-12-26T08:41:13.148+0000] {processor.py:766} INFO - DAG(s) dict_keys(['sensor_parent_dag']) retrieved from /opt/airflow/dags/sensor_parent_dag.py
[2023-12-26T08:41:13.187+0000] {logging_mixin.py:120} INFO - [2023-12-26T08:41:13.187+0000] {dag.py:2585} INFO - Sync 1 DAGs
[2023-12-26T08:41:13.215+0000] {logging_mixin.py:120} INFO - [2023-12-26T08:41:13.215+0000] {dag.py:3340} INFO - Setting next_dagrun for sensor_parent_dag to 2023-12-26T00:00:00+00:00, run_after=2023-12-27T00:00:00+00:00
[2023-12-26T08:41:13.236+0000] {processor.py:176} INFO - Processing /opt/airflow/dags/sensor_parent_dag.py took 0.106 seconds
[2023-12-26T08:41:43.607+0000] {processor.py:154} INFO - Started process (PID=3125) to work on /opt/airflow/dags/sensor_parent_dag.py
[2023-12-26T08:41:43.608+0000] {processor.py:756} INFO - Processing file /opt/airflow/dags/sensor_parent_dag.py for tasks to queue
[2023-12-26T08:41:43.608+0000] {logging_mixin.py:120} INFO - [2023-12-26T08:41:43.608+0000] {dagbag.py:537} INFO - Filling up the DagBag from /opt/airflow/dags/sensor_parent_dag.py
[2023-12-26T08:41:43.623+0000] {processor.py:766} INFO - DAG(s) dict_keys(['sensor_parent_dag']) retrieved from /opt/airflow/dags/sensor_parent_dag.py
[2023-12-26T08:41:43.655+0000] {logging_mixin.py:120} INFO - [2023-12-26T08:41:43.655+0000] {dag.py:2585} INFO - Sync 1 DAGs
[2023-12-26T08:41:43.677+0000] {logging_mixin.py:120} INFO - [2023-12-26T08:41:43.677+0000] {dag.py:3340} INFO - Setting next_dagrun for sensor_parent_dag to 2023-12-25T00:00:00+00:00, run_after=2023-12-26T00:00:00+00:00
[2023-12-26T08:41:43.698+0000] {processor.py:176} INFO - Processing /opt/airflow/dags/sensor_parent_dag.py took 0.093 seconds
[2023-12-26T08:42:13.751+0000] {processor.py:154} INFO - Started process (PID=3175) to work on /opt/airflow/dags/sensor_parent_dag.py
[2023-12-26T08:42:13.751+0000] {processor.py:756} INFO - Processing file /opt/airflow/dags/sensor_parent_dag.py for tasks to queue
[2023-12-26T08:42:13.752+0000] {logging_mixin.py:120} INFO - [2023-12-26T08:42:13.752+0000] {dagbag.py:537} INFO - Filling up the DagBag from /opt/airflow/dags/sensor_parent_dag.py
[2023-12-26T08:42:13.769+0000] {processor.py:766} INFO - DAG(s) dict_keys(['sensor_parent_dag']) retrieved from /opt/airflow/dags/sensor_parent_dag.py
[2023-12-26T08:42:13.800+0000] {logging_mixin.py:120} INFO - [2023-12-26T08:42:13.800+0000] {dag.py:2585} INFO - Sync 1 DAGs
[2023-12-26T08:42:13.824+0000] {logging_mixin.py:120} INFO - [2023-12-26T08:42:13.824+0000] {dag.py:3340} INFO - Setting next_dagrun for sensor_parent_dag to 2023-12-25T00:00:00+00:00, run_after=2023-12-26T00:00:00+00:00
[2023-12-26T08:42:13.847+0000] {processor.py:176} INFO - Processing /opt/airflow/dags/sensor_parent_dag.py took 0.100 seconds
[2023-12-26T08:42:29.181+0000] {processor.py:154} INFO - Started process (PID=3189) to work on /opt/airflow/dags/sensor_parent_dag.py
[2023-12-26T08:42:29.182+0000] {processor.py:756} INFO - Processing file /opt/airflow/dags/sensor_parent_dag.py for tasks to queue
[2023-12-26T08:42:29.183+0000] {logging_mixin.py:120} INFO - [2023-12-26T08:42:29.183+0000] {dagbag.py:537} INFO - Filling up the DagBag from /opt/airflow/dags/sensor_parent_dag.py
[2023-12-26T08:42:29.213+0000] {processor.py:766} INFO - DAG(s) dict_keys(['sensor_parent_dag']) retrieved from /opt/airflow/dags/sensor_parent_dag.py
[2023-12-26T08:42:29.316+0000] {logging_mixin.py:120} INFO - [2023-12-26T08:42:29.316+0000] {dag.py:2585} INFO - Sync 1 DAGs
[2023-12-26T08:42:29.349+0000] {logging_mixin.py:120} INFO - [2023-12-26T08:42:29.348+0000] {dag.py:3340} INFO - Setting next_dagrun for sensor_parent_dag to 2023-12-26T07:10:00+00:00, run_after=2023-12-26T08:10:00+00:00
[2023-12-26T08:42:29.374+0000] {processor.py:176} INFO - Processing /opt/airflow/dags/sensor_parent_dag.py took 0.198 seconds
[2023-12-26T08:42:59.884+0000] {processor.py:154} INFO - Started process (PID=3240) to work on /opt/airflow/dags/sensor_parent_dag.py
[2023-12-26T08:42:59.884+0000] {processor.py:756} INFO - Processing file /opt/airflow/dags/sensor_parent_dag.py for tasks to queue
[2023-12-26T08:42:59.885+0000] {logging_mixin.py:120} INFO - [2023-12-26T08:42:59.885+0000] {dagbag.py:537} INFO - Filling up the DagBag from /opt/airflow/dags/sensor_parent_dag.py
[2023-12-26T08:42:59.899+0000] {processor.py:766} INFO - DAG(s) dict_keys(['sensor_parent_dag']) retrieved from /opt/airflow/dags/sensor_parent_dag.py
[2023-12-26T08:42:59.933+0000] {logging_mixin.py:120} INFO - [2023-12-26T08:42:59.933+0000] {dag.py:2585} INFO - Sync 1 DAGs
[2023-12-26T08:42:59.957+0000] {logging_mixin.py:120} INFO - [2023-12-26T08:42:59.957+0000] {dag.py:3340} INFO - Setting next_dagrun for sensor_parent_dag to 2023-12-26T07:10:00+00:00, run_after=2023-12-26T08:10:00+00:00
[2023-12-26T08:42:59.978+0000] {processor.py:176} INFO - Processing /opt/airflow/dags/sensor_parent_dag.py took 0.097 seconds
[2023-12-26T08:43:30.323+0000] {processor.py:154} INFO - Started process (PID=3284) to work on /opt/airflow/dags/sensor_parent_dag.py
[2023-12-26T08:43:30.324+0000] {processor.py:756} INFO - Processing file /opt/airflow/dags/sensor_parent_dag.py for tasks to queue
[2023-12-26T08:43:30.325+0000] {logging_mixin.py:120} INFO - [2023-12-26T08:43:30.325+0000] {dagbag.py:537} INFO - Filling up the DagBag from /opt/airflow/dags/sensor_parent_dag.py
[2023-12-26T08:43:30.347+0000] {processor.py:766} INFO - DAG(s) dict_keys(['sensor_parent_dag']) retrieved from /opt/airflow/dags/sensor_parent_dag.py
[2023-12-26T08:43:30.396+0000] {logging_mixin.py:120} INFO - [2023-12-26T08:43:30.395+0000] {dag.py:2585} INFO - Sync 1 DAGs
[2023-12-26T08:43:30.432+0000] {logging_mixin.py:120} INFO - [2023-12-26T08:43:30.432+0000] {dag.py:3340} INFO - Setting next_dagrun for sensor_parent_dag to 2023-12-26T07:10:00+00:00, run_after=2023-12-26T08:10:00+00:00
[2023-12-26T08:43:30.466+0000] {processor.py:176} INFO - Processing /opt/airflow/dags/sensor_parent_dag.py took 0.147 seconds
[2023-12-26T08:44:00.662+0000] {processor.py:154} INFO - Started process (PID=3321) to work on /opt/airflow/dags/sensor_parent_dag.py
[2023-12-26T08:44:00.664+0000] {processor.py:756} INFO - Processing file /opt/airflow/dags/sensor_parent_dag.py for tasks to queue
[2023-12-26T08:44:00.667+0000] {logging_mixin.py:120} INFO - [2023-12-26T08:44:00.666+0000] {dagbag.py:537} INFO - Filling up the DagBag from /opt/airflow/dags/sensor_parent_dag.py
[2023-12-26T08:44:00.702+0000] {processor.py:766} INFO - DAG(s) dict_keys(['sensor_parent_dag']) retrieved from /opt/airflow/dags/sensor_parent_dag.py
[2023-12-26T08:44:00.810+0000] {logging_mixin.py:120} INFO - [2023-12-26T08:44:00.810+0000] {dag.py:2585} INFO - Sync 1 DAGs
[2023-12-26T08:44:00.880+0000] {logging_mixin.py:120} INFO - [2023-12-26T08:44:00.880+0000] {dag.py:3340} INFO - Setting next_dagrun for sensor_parent_dag to 2023-12-26T07:10:00+00:00, run_after=2023-12-26T08:10:00+00:00
[2023-12-26T08:44:00.923+0000] {processor.py:176} INFO - Processing /opt/airflow/dags/sensor_parent_dag.py took 0.270 seconds
[2023-12-26T08:44:31.373+0000] {processor.py:154} INFO - Started process (PID=3367) to work on /opt/airflow/dags/sensor_parent_dag.py
[2023-12-26T08:44:31.374+0000] {processor.py:756} INFO - Processing file /opt/airflow/dags/sensor_parent_dag.py for tasks to queue
[2023-12-26T08:44:31.375+0000] {logging_mixin.py:120} INFO - [2023-12-26T08:44:31.375+0000] {dagbag.py:537} INFO - Filling up the DagBag from /opt/airflow/dags/sensor_parent_dag.py
[2023-12-26T08:44:31.393+0000] {processor.py:766} INFO - DAG(s) dict_keys(['sensor_parent_dag']) retrieved from /opt/airflow/dags/sensor_parent_dag.py
[2023-12-26T08:44:31.437+0000] {logging_mixin.py:120} INFO - [2023-12-26T08:44:31.437+0000] {dag.py:2585} INFO - Sync 1 DAGs
[2023-12-26T08:44:31.471+0000] {logging_mixin.py:120} INFO - [2023-12-26T08:44:31.471+0000] {dag.py:3340} INFO - Setting next_dagrun for sensor_parent_dag to 2023-12-26T07:10:00+00:00, run_after=2023-12-26T08:10:00+00:00
[2023-12-26T08:44:31.494+0000] {processor.py:176} INFO - Processing /opt/airflow/dags/sensor_parent_dag.py took 0.124 seconds
[2023-12-26T08:45:01.951+0000] {processor.py:154} INFO - Started process (PID=3414) to work on /opt/airflow/dags/sensor_parent_dag.py
[2023-12-26T08:45:01.952+0000] {processor.py:756} INFO - Processing file /opt/airflow/dags/sensor_parent_dag.py for tasks to queue
[2023-12-26T08:45:01.953+0000] {logging_mixin.py:120} INFO - [2023-12-26T08:45:01.953+0000] {dagbag.py:537} INFO - Filling up the DagBag from /opt/airflow/dags/sensor_parent_dag.py
[2023-12-26T08:45:01.966+0000] {processor.py:766} INFO - DAG(s) dict_keys(['sensor_parent_dag']) retrieved from /opt/airflow/dags/sensor_parent_dag.py
[2023-12-26T08:45:01.999+0000] {logging_mixin.py:120} INFO - [2023-12-26T08:45:01.999+0000] {dag.py:2585} INFO - Sync 1 DAGs
[2023-12-26T08:45:02.024+0000] {logging_mixin.py:120} INFO - [2023-12-26T08:45:02.024+0000] {dag.py:3340} INFO - Setting next_dagrun for sensor_parent_dag to 2023-12-26T07:10:00+00:00, run_after=2023-12-26T08:10:00+00:00
[2023-12-26T08:45:02.049+0000] {processor.py:176} INFO - Processing /opt/airflow/dags/sensor_parent_dag.py took 0.101 seconds
[2023-12-26T08:45:32.500+0000] {processor.py:154} INFO - Started process (PID=3450) to work on /opt/airflow/dags/sensor_parent_dag.py
[2023-12-26T08:45:32.505+0000] {processor.py:756} INFO - Processing file /opt/airflow/dags/sensor_parent_dag.py for tasks to queue
[2023-12-26T08:45:32.506+0000] {logging_mixin.py:120} INFO - [2023-12-26T08:45:32.506+0000] {dagbag.py:537} INFO - Filling up the DagBag from /opt/airflow/dags/sensor_parent_dag.py
[2023-12-26T08:45:32.542+0000] {processor.py:766} INFO - DAG(s) dict_keys(['sensor_parent_dag']) retrieved from /opt/airflow/dags/sensor_parent_dag.py
[2023-12-26T08:45:32.613+0000] {logging_mixin.py:120} INFO - [2023-12-26T08:45:32.613+0000] {dag.py:2585} INFO - Sync 1 DAGs
[2023-12-26T08:45:32.651+0000] {logging_mixin.py:120} INFO - [2023-12-26T08:45:32.650+0000] {dag.py:3340} INFO - Setting next_dagrun for sensor_parent_dag to 2023-12-26T07:10:00+00:00, run_after=2023-12-26T08:10:00+00:00
[2023-12-26T08:45:32.700+0000] {processor.py:176} INFO - Processing /opt/airflow/dags/sensor_parent_dag.py took 0.203 seconds
[2023-12-26T08:46:03.007+0000] {processor.py:154} INFO - Started process (PID=3497) to work on /opt/airflow/dags/sensor_parent_dag.py
[2023-12-26T08:46:03.008+0000] {processor.py:756} INFO - Processing file /opt/airflow/dags/sensor_parent_dag.py for tasks to queue
[2023-12-26T08:46:03.009+0000] {logging_mixin.py:120} INFO - [2023-12-26T08:46:03.009+0000] {dagbag.py:537} INFO - Filling up the DagBag from /opt/airflow/dags/sensor_parent_dag.py
[2023-12-26T08:46:03.029+0000] {processor.py:766} INFO - DAG(s) dict_keys(['sensor_parent_dag']) retrieved from /opt/airflow/dags/sensor_parent_dag.py
[2023-12-26T08:46:03.082+0000] {logging_mixin.py:120} INFO - [2023-12-26T08:46:03.081+0000] {dag.py:2585} INFO - Sync 1 DAGs
[2023-12-26T08:46:03.116+0000] {logging_mixin.py:120} INFO - [2023-12-26T08:46:03.116+0000] {dag.py:3340} INFO - Setting next_dagrun for sensor_parent_dag to 2023-12-26T08:10:00+00:00, run_after=2023-12-26T09:10:00+00:00
[2023-12-26T08:46:03.140+0000] {processor.py:176} INFO - Processing /opt/airflow/dags/sensor_parent_dag.py took 0.136 seconds
[2023-12-26T08:46:33.683+0000] {processor.py:154} INFO - Started process (PID=3543) to work on /opt/airflow/dags/sensor_parent_dag.py
[2023-12-26T08:46:33.684+0000] {processor.py:756} INFO - Processing file /opt/airflow/dags/sensor_parent_dag.py for tasks to queue
[2023-12-26T08:46:33.684+0000] {logging_mixin.py:120} INFO - [2023-12-26T08:46:33.684+0000] {dagbag.py:537} INFO - Filling up the DagBag from /opt/airflow/dags/sensor_parent_dag.py
[2023-12-26T08:46:33.703+0000] {processor.py:766} INFO - DAG(s) dict_keys(['sensor_parent_dag']) retrieved from /opt/airflow/dags/sensor_parent_dag.py
[2023-12-26T08:46:33.750+0000] {logging_mixin.py:120} INFO - [2023-12-26T08:46:33.750+0000] {dag.py:2585} INFO - Sync 1 DAGs
[2023-12-26T08:46:33.788+0000] {logging_mixin.py:120} INFO - [2023-12-26T08:46:33.787+0000] {dag.py:3340} INFO - Setting next_dagrun for sensor_parent_dag to 2023-12-26T08:10:00+00:00, run_after=2023-12-26T09:10:00+00:00
[2023-12-26T08:46:33.822+0000] {processor.py:176} INFO - Processing /opt/airflow/dags/sensor_parent_dag.py took 0.143 seconds
[2023-12-26T08:47:04.234+0000] {processor.py:154} INFO - Started process (PID=3580) to work on /opt/airflow/dags/sensor_parent_dag.py
[2023-12-26T08:47:04.235+0000] {processor.py:756} INFO - Processing file /opt/airflow/dags/sensor_parent_dag.py for tasks to queue
[2023-12-26T08:47:04.236+0000] {logging_mixin.py:120} INFO - [2023-12-26T08:47:04.235+0000] {dagbag.py:537} INFO - Filling up the DagBag from /opt/airflow/dags/sensor_parent_dag.py
[2023-12-26T08:47:04.259+0000] {processor.py:766} INFO - DAG(s) dict_keys(['sensor_parent_dag']) retrieved from /opt/airflow/dags/sensor_parent_dag.py
[2023-12-26T08:47:04.309+0000] {logging_mixin.py:120} INFO - [2023-12-26T08:47:04.309+0000] {dag.py:2585} INFO - Sync 1 DAGs
[2023-12-26T08:47:04.345+0000] {logging_mixin.py:120} INFO - [2023-12-26T08:47:04.344+0000] {dag.py:3340} INFO - Setting next_dagrun for sensor_parent_dag to 2023-12-26T08:10:00+00:00, run_after=2023-12-26T09:10:00+00:00
[2023-12-26T08:47:04.369+0000] {processor.py:176} INFO - Processing /opt/airflow/dags/sensor_parent_dag.py took 0.138 seconds
[2023-12-26T08:47:34.645+0000] {processor.py:154} INFO - Started process (PID=3625) to work on /opt/airflow/dags/sensor_parent_dag.py
[2023-12-26T08:47:34.645+0000] {processor.py:756} INFO - Processing file /opt/airflow/dags/sensor_parent_dag.py for tasks to queue
[2023-12-26T08:47:34.646+0000] {logging_mixin.py:120} INFO - [2023-12-26T08:47:34.646+0000] {dagbag.py:537} INFO - Filling up the DagBag from /opt/airflow/dags/sensor_parent_dag.py
[2023-12-26T08:47:34.660+0000] {processor.py:766} INFO - DAG(s) dict_keys(['sensor_parent_dag']) retrieved from /opt/airflow/dags/sensor_parent_dag.py
[2023-12-26T08:47:34.696+0000] {logging_mixin.py:120} INFO - [2023-12-26T08:47:34.695+0000] {dag.py:2585} INFO - Sync 1 DAGs
[2023-12-26T08:47:34.729+0000] {logging_mixin.py:120} INFO - [2023-12-26T08:47:34.729+0000] {dag.py:3340} INFO - Setting next_dagrun for sensor_parent_dag to 2023-12-26T08:10:00+00:00, run_after=2023-12-26T09:10:00+00:00
[2023-12-26T08:47:34.750+0000] {processor.py:176} INFO - Processing /opt/airflow/dags/sensor_parent_dag.py took 0.108 seconds
[2023-12-26T08:48:04.978+0000] {processor.py:154} INFO - Started process (PID=3670) to work on /opt/airflow/dags/sensor_parent_dag.py
[2023-12-26T08:48:04.979+0000] {processor.py:756} INFO - Processing file /opt/airflow/dags/sensor_parent_dag.py for tasks to queue
[2023-12-26T08:48:04.980+0000] {logging_mixin.py:120} INFO - [2023-12-26T08:48:04.980+0000] {dagbag.py:537} INFO - Filling up the DagBag from /opt/airflow/dags/sensor_parent_dag.py
[2023-12-26T08:48:05.003+0000] {processor.py:766} INFO - DAG(s) dict_keys(['sensor_parent_dag']) retrieved from /opt/airflow/dags/sensor_parent_dag.py
[2023-12-26T08:48:05.048+0000] {logging_mixin.py:120} INFO - [2023-12-26T08:48:05.048+0000] {dag.py:2585} INFO - Sync 1 DAGs
[2023-12-26T08:48:05.089+0000] {logging_mixin.py:120} INFO - [2023-12-26T08:48:05.088+0000] {dag.py:3340} INFO - Setting next_dagrun for sensor_parent_dag to 2023-12-26T08:10:00+00:00, run_after=2023-12-26T09:10:00+00:00
[2023-12-26T08:48:05.139+0000] {processor.py:176} INFO - Processing /opt/airflow/dags/sensor_parent_dag.py took 0.166 seconds
[2023-12-26T08:48:35.549+0000] {processor.py:154} INFO - Started process (PID=3706) to work on /opt/airflow/dags/sensor_parent_dag.py
[2023-12-26T08:48:35.550+0000] {processor.py:756} INFO - Processing file /opt/airflow/dags/sensor_parent_dag.py for tasks to queue
[2023-12-26T08:48:35.550+0000] {logging_mixin.py:120} INFO - [2023-12-26T08:48:35.550+0000] {dagbag.py:537} INFO - Filling up the DagBag from /opt/airflow/dags/sensor_parent_dag.py
[2023-12-26T08:48:35.565+0000] {processor.py:766} INFO - DAG(s) dict_keys(['sensor_parent_dag']) retrieved from /opt/airflow/dags/sensor_parent_dag.py
[2023-12-26T08:48:35.604+0000] {logging_mixin.py:120} INFO - [2023-12-26T08:48:35.604+0000] {dag.py:2585} INFO - Sync 1 DAGs
[2023-12-26T08:48:35.637+0000] {logging_mixin.py:120} INFO - [2023-12-26T08:48:35.637+0000] {dag.py:3340} INFO - Setting next_dagrun for sensor_parent_dag to 2023-12-26T08:10:00+00:00, run_after=2023-12-26T09:10:00+00:00
[2023-12-26T08:48:35.659+0000] {processor.py:176} INFO - Processing /opt/airflow/dags/sensor_parent_dag.py took 0.113 seconds
[2023-12-26T08:49:06.510+0000] {processor.py:154} INFO - Started process (PID=3751) to work on /opt/airflow/dags/sensor_parent_dag.py
[2023-12-26T08:49:06.511+0000] {processor.py:756} INFO - Processing file /opt/airflow/dags/sensor_parent_dag.py for tasks to queue
[2023-12-26T08:49:06.511+0000] {logging_mixin.py:120} INFO - [2023-12-26T08:49:06.511+0000] {dagbag.py:537} INFO - Filling up the DagBag from /opt/airflow/dags/sensor_parent_dag.py
[2023-12-26T08:49:06.527+0000] {processor.py:766} INFO - DAG(s) dict_keys(['sensor_parent_dag']) retrieved from /opt/airflow/dags/sensor_parent_dag.py
[2023-12-26T08:49:06.567+0000] {logging_mixin.py:120} INFO - [2023-12-26T08:49:06.566+0000] {dag.py:2585} INFO - Sync 1 DAGs
[2023-12-26T08:49:06.601+0000] {logging_mixin.py:120} INFO - [2023-12-26T08:49:06.601+0000] {dag.py:3340} INFO - Setting next_dagrun for sensor_parent_dag to 2023-12-26T08:10:00+00:00, run_after=2023-12-26T09:10:00+00:00
[2023-12-26T08:49:06.626+0000] {processor.py:176} INFO - Processing /opt/airflow/dags/sensor_parent_dag.py took 0.119 seconds
[2023-12-26T08:49:36.984+0000] {processor.py:154} INFO - Started process (PID=3796) to work on /opt/airflow/dags/sensor_parent_dag.py
[2023-12-26T08:49:36.985+0000] {processor.py:756} INFO - Processing file /opt/airflow/dags/sensor_parent_dag.py for tasks to queue
[2023-12-26T08:49:36.986+0000] {logging_mixin.py:120} INFO - [2023-12-26T08:49:36.986+0000] {dagbag.py:537} INFO - Filling up the DagBag from /opt/airflow/dags/sensor_parent_dag.py
[2023-12-26T08:49:37.006+0000] {processor.py:766} INFO - DAG(s) dict_keys(['sensor_parent_dag']) retrieved from /opt/airflow/dags/sensor_parent_dag.py
[2023-12-26T08:49:37.051+0000] {logging_mixin.py:120} INFO - [2023-12-26T08:49:37.051+0000] {dag.py:2585} INFO - Sync 1 DAGs
[2023-12-26T08:49:37.086+0000] {logging_mixin.py:120} INFO - [2023-12-26T08:49:37.086+0000] {dag.py:3340} INFO - Setting next_dagrun for sensor_parent_dag to 2023-12-26T08:10:00+00:00, run_after=2023-12-26T09:10:00+00:00
[2023-12-26T08:49:37.119+0000] {processor.py:176} INFO - Processing /opt/airflow/dags/sensor_parent_dag.py took 0.138 seconds
[2023-12-26T08:50:07.461+0000] {processor.py:154} INFO - Started process (PID=3832) to work on /opt/airflow/dags/sensor_parent_dag.py
[2023-12-26T08:50:07.461+0000] {processor.py:756} INFO - Processing file /opt/airflow/dags/sensor_parent_dag.py for tasks to queue
[2023-12-26T08:50:07.462+0000] {logging_mixin.py:120} INFO - [2023-12-26T08:50:07.462+0000] {dagbag.py:537} INFO - Filling up the DagBag from /opt/airflow/dags/sensor_parent_dag.py
[2023-12-26T08:50:07.476+0000] {processor.py:766} INFO - DAG(s) dict_keys(['sensor_parent_dag']) retrieved from /opt/airflow/dags/sensor_parent_dag.py
[2023-12-26T08:50:07.511+0000] {logging_mixin.py:120} INFO - [2023-12-26T08:50:07.511+0000] {dag.py:2585} INFO - Sync 1 DAGs
[2023-12-26T08:50:07.537+0000] {logging_mixin.py:120} INFO - [2023-12-26T08:50:07.537+0000] {dag.py:3340} INFO - Setting next_dagrun for sensor_parent_dag to 2023-12-26T08:10:00+00:00, run_after=2023-12-26T09:10:00+00:00
[2023-12-26T08:50:07.559+0000] {processor.py:176} INFO - Processing /opt/airflow/dags/sensor_parent_dag.py took 0.101 seconds
[2023-12-26T08:50:38.132+0000] {processor.py:154} INFO - Started process (PID=3877) to work on /opt/airflow/dags/sensor_parent_dag.py
[2023-12-26T08:50:38.133+0000] {processor.py:756} INFO - Processing file /opt/airflow/dags/sensor_parent_dag.py for tasks to queue
[2023-12-26T08:50:38.133+0000] {logging_mixin.py:120} INFO - [2023-12-26T08:50:38.133+0000] {dagbag.py:537} INFO - Filling up the DagBag from /opt/airflow/dags/sensor_parent_dag.py
[2023-12-26T08:50:38.148+0000] {processor.py:766} INFO - DAG(s) dict_keys(['sensor_parent_dag']) retrieved from /opt/airflow/dags/sensor_parent_dag.py
[2023-12-26T08:50:38.182+0000] {logging_mixin.py:120} INFO - [2023-12-26T08:50:38.182+0000] {dag.py:2585} INFO - Sync 1 DAGs
[2023-12-26T08:50:38.205+0000] {logging_mixin.py:120} INFO - [2023-12-26T08:50:38.205+0000] {dag.py:3340} INFO - Setting next_dagrun for sensor_parent_dag to 2023-12-26T08:10:00+00:00, run_after=2023-12-26T09:10:00+00:00
[2023-12-26T08:50:38.228+0000] {processor.py:176} INFO - Processing /opt/airflow/dags/sensor_parent_dag.py took 0.098 seconds
[2023-12-26T08:51:08.598+0000] {processor.py:154} INFO - Started process (PID=3923) to work on /opt/airflow/dags/sensor_parent_dag.py
[2023-12-26T08:51:08.598+0000] {processor.py:756} INFO - Processing file /opt/airflow/dags/sensor_parent_dag.py for tasks to queue
[2023-12-26T08:51:08.599+0000] {logging_mixin.py:120} INFO - [2023-12-26T08:51:08.599+0000] {dagbag.py:537} INFO - Filling up the DagBag from /opt/airflow/dags/sensor_parent_dag.py
[2023-12-26T08:51:08.618+0000] {processor.py:766} INFO - DAG(s) dict_keys(['sensor_parent_dag']) retrieved from /opt/airflow/dags/sensor_parent_dag.py
[2023-12-26T08:51:08.666+0000] {logging_mixin.py:120} INFO - [2023-12-26T08:51:08.666+0000] {dag.py:2585} INFO - Sync 1 DAGs
[2023-12-26T08:51:08.703+0000] {logging_mixin.py:120} INFO - [2023-12-26T08:51:08.703+0000] {dag.py:3340} INFO - Setting next_dagrun for sensor_parent_dag to 2023-12-26T08:10:00+00:00, run_after=2023-12-26T09:10:00+00:00
[2023-12-26T08:51:08.734+0000] {processor.py:176} INFO - Processing /opt/airflow/dags/sensor_parent_dag.py took 0.139 seconds
[2023-12-26T08:51:39.104+0000] {processor.py:154} INFO - Started process (PID=3961) to work on /opt/airflow/dags/sensor_parent_dag.py
[2023-12-26T08:51:39.105+0000] {processor.py:756} INFO - Processing file /opt/airflow/dags/sensor_parent_dag.py for tasks to queue
[2023-12-26T08:51:39.106+0000] {logging_mixin.py:120} INFO - [2023-12-26T08:51:39.105+0000] {dagbag.py:537} INFO - Filling up the DagBag from /opt/airflow/dags/sensor_parent_dag.py
[2023-12-26T08:51:39.120+0000] {processor.py:766} INFO - DAG(s) dict_keys(['sensor_parent_dag']) retrieved from /opt/airflow/dags/sensor_parent_dag.py
[2023-12-26T08:51:39.153+0000] {logging_mixin.py:120} INFO - [2023-12-26T08:51:39.153+0000] {dag.py:2585} INFO - Sync 1 DAGs
[2023-12-26T08:51:39.180+0000] {logging_mixin.py:120} INFO - [2023-12-26T08:51:39.179+0000] {dag.py:3340} INFO - Setting next_dagrun for sensor_parent_dag to 2023-12-26T08:10:00+00:00, run_after=2023-12-26T09:10:00+00:00
[2023-12-26T08:51:39.202+0000] {processor.py:176} INFO - Processing /opt/airflow/dags/sensor_parent_dag.py took 0.100 seconds
[2023-12-26T08:52:09.603+0000] {processor.py:154} INFO - Started process (PID=4011) to work on /opt/airflow/dags/sensor_parent_dag.py
[2023-12-26T08:52:09.604+0000] {processor.py:756} INFO - Processing file /opt/airflow/dags/sensor_parent_dag.py for tasks to queue
[2023-12-26T08:52:09.604+0000] {logging_mixin.py:120} INFO - [2023-12-26T08:52:09.604+0000] {dagbag.py:537} INFO - Filling up the DagBag from /opt/airflow/dags/sensor_parent_dag.py
[2023-12-26T08:52:09.619+0000] {processor.py:766} INFO - DAG(s) dict_keys(['sensor_parent_dag']) retrieved from /opt/airflow/dags/sensor_parent_dag.py
[2023-12-26T08:52:09.656+0000] {logging_mixin.py:120} INFO - [2023-12-26T08:52:09.656+0000] {dag.py:2585} INFO - Sync 1 DAGs
[2023-12-26T08:52:09.688+0000] {logging_mixin.py:120} INFO - [2023-12-26T08:52:09.688+0000] {dag.py:3340} INFO - Setting next_dagrun for sensor_parent_dag to 2023-12-26T08:10:00+00:00, run_after=2023-12-26T09:10:00+00:00
[2023-12-26T08:52:09.712+0000] {processor.py:176} INFO - Processing /opt/airflow/dags/sensor_parent_dag.py took 0.112 seconds
[2023-12-26T08:52:40.399+0000] {processor.py:154} INFO - Started process (PID=4063) to work on /opt/airflow/dags/sensor_parent_dag.py
[2023-12-26T08:52:40.400+0000] {processor.py:756} INFO - Processing file /opt/airflow/dags/sensor_parent_dag.py for tasks to queue
[2023-12-26T08:52:40.401+0000] {logging_mixin.py:120} INFO - [2023-12-26T08:52:40.401+0000] {dagbag.py:537} INFO - Filling up the DagBag from /opt/airflow/dags/sensor_parent_dag.py
[2023-12-26T08:52:40.420+0000] {processor.py:766} INFO - DAG(s) dict_keys(['sensor_parent_dag']) retrieved from /opt/airflow/dags/sensor_parent_dag.py
[2023-12-26T08:52:40.467+0000] {logging_mixin.py:120} INFO - [2023-12-26T08:52:40.467+0000] {dag.py:2585} INFO - Sync 1 DAGs
[2023-12-26T08:52:40.504+0000] {logging_mixin.py:120} INFO - [2023-12-26T08:52:40.504+0000] {dag.py:3340} INFO - Setting next_dagrun for sensor_parent_dag to 2023-12-26T08:10:00+00:00, run_after=2023-12-26T09:10:00+00:00
[2023-12-26T08:52:40.531+0000] {processor.py:176} INFO - Processing /opt/airflow/dags/sensor_parent_dag.py took 0.134 seconds
[2023-12-26T08:53:11.186+0000] {processor.py:154} INFO - Started process (PID=4113) to work on /opt/airflow/dags/sensor_parent_dag.py
[2023-12-26T08:53:11.187+0000] {processor.py:756} INFO - Processing file /opt/airflow/dags/sensor_parent_dag.py for tasks to queue
[2023-12-26T08:53:11.187+0000] {logging_mixin.py:120} INFO - [2023-12-26T08:53:11.187+0000] {dagbag.py:537} INFO - Filling up the DagBag from /opt/airflow/dags/sensor_parent_dag.py
[2023-12-26T08:53:11.205+0000] {processor.py:766} INFO - DAG(s) dict_keys(['sensor_parent_dag']) retrieved from /opt/airflow/dags/sensor_parent_dag.py
[2023-12-26T08:53:11.240+0000] {logging_mixin.py:120} INFO - [2023-12-26T08:53:11.240+0000] {dag.py:2585} INFO - Sync 1 DAGs
[2023-12-26T08:53:11.266+0000] {logging_mixin.py:120} INFO - [2023-12-26T08:53:11.266+0000] {dag.py:3340} INFO - Setting next_dagrun for sensor_parent_dag to 2023-12-26T08:10:00+00:00, run_after=2023-12-26T09:10:00+00:00
[2023-12-26T08:53:11.289+0000] {processor.py:176} INFO - Processing /opt/airflow/dags/sensor_parent_dag.py took 0.106 seconds
[2023-12-26T08:53:41.757+0000] {processor.py:154} INFO - Started process (PID=4151) to work on /opt/airflow/dags/sensor_parent_dag.py
[2023-12-26T08:53:41.758+0000] {processor.py:756} INFO - Processing file /opt/airflow/dags/sensor_parent_dag.py for tasks to queue
[2023-12-26T08:53:41.758+0000] {logging_mixin.py:120} INFO - [2023-12-26T08:53:41.758+0000] {dagbag.py:537} INFO - Filling up the DagBag from /opt/airflow/dags/sensor_parent_dag.py
[2023-12-26T08:53:41.772+0000] {processor.py:766} INFO - DAG(s) dict_keys(['sensor_parent_dag']) retrieved from /opt/airflow/dags/sensor_parent_dag.py
[2023-12-26T08:53:41.806+0000] {logging_mixin.py:120} INFO - [2023-12-26T08:53:41.805+0000] {dag.py:2585} INFO - Sync 1 DAGs
[2023-12-26T08:53:41.840+0000] {logging_mixin.py:120} INFO - [2023-12-26T08:53:41.840+0000] {dag.py:3340} INFO - Setting next_dagrun for sensor_parent_dag to 2023-12-26T08:10:00+00:00, run_after=2023-12-26T09:10:00+00:00
[2023-12-26T08:53:41.864+0000] {processor.py:176} INFO - Processing /opt/airflow/dags/sensor_parent_dag.py took 0.110 seconds
[2023-12-26T08:54:12.021+0000] {processor.py:154} INFO - Started process (PID=4205) to work on /opt/airflow/dags/sensor_parent_dag.py
[2023-12-26T08:54:12.022+0000] {processor.py:756} INFO - Processing file /opt/airflow/dags/sensor_parent_dag.py for tasks to queue
[2023-12-26T08:54:12.023+0000] {logging_mixin.py:120} INFO - [2023-12-26T08:54:12.023+0000] {dagbag.py:537} INFO - Filling up the DagBag from /opt/airflow/dags/sensor_parent_dag.py
[2023-12-26T08:54:12.042+0000] {processor.py:766} INFO - DAG(s) dict_keys(['sensor_parent_dag']) retrieved from /opt/airflow/dags/sensor_parent_dag.py
[2023-12-26T08:54:12.087+0000] {logging_mixin.py:120} INFO - [2023-12-26T08:54:12.087+0000] {dag.py:2585} INFO - Sync 1 DAGs
[2023-12-26T08:54:12.125+0000] {logging_mixin.py:120} INFO - [2023-12-26T08:54:12.125+0000] {dag.py:3340} INFO - Setting next_dagrun for sensor_parent_dag to 2023-12-26T08:10:00+00:00, run_after=2023-12-26T09:10:00+00:00
[2023-12-26T08:54:12.162+0000] {processor.py:176} INFO - Processing /opt/airflow/dags/sensor_parent_dag.py took 0.144 seconds
[2023-12-26T08:54:42.864+0000] {processor.py:154} INFO - Started process (PID=4255) to work on /opt/airflow/dags/sensor_parent_dag.py
[2023-12-26T08:54:42.864+0000] {processor.py:756} INFO - Processing file /opt/airflow/dags/sensor_parent_dag.py for tasks to queue
[2023-12-26T08:54:42.865+0000] {logging_mixin.py:120} INFO - [2023-12-26T08:54:42.865+0000] {dagbag.py:537} INFO - Filling up the DagBag from /opt/airflow/dags/sensor_parent_dag.py
[2023-12-26T08:54:42.879+0000] {processor.py:766} INFO - DAG(s) dict_keys(['sensor_parent_dag']) retrieved from /opt/airflow/dags/sensor_parent_dag.py
[2023-12-26T08:54:42.912+0000] {logging_mixin.py:120} INFO - [2023-12-26T08:54:42.912+0000] {dag.py:2585} INFO - Sync 1 DAGs
[2023-12-26T08:54:42.935+0000] {logging_mixin.py:120} INFO - [2023-12-26T08:54:42.935+0000] {dag.py:3340} INFO - Setting next_dagrun for sensor_parent_dag to 2023-12-26T08:10:00+00:00, run_after=2023-12-26T09:10:00+00:00
[2023-12-26T08:54:42.956+0000] {processor.py:176} INFO - Processing /opt/airflow/dags/sensor_parent_dag.py took 0.095 seconds
[2023-12-26T08:55:13.173+0000] {processor.py:154} INFO - Started process (PID=4291) to work on /opt/airflow/dags/sensor_parent_dag.py
[2023-12-26T08:55:13.174+0000] {processor.py:756} INFO - Processing file /opt/airflow/dags/sensor_parent_dag.py for tasks to queue
[2023-12-26T08:55:13.174+0000] {logging_mixin.py:120} INFO - [2023-12-26T08:55:13.174+0000] {dagbag.py:537} INFO - Filling up the DagBag from /opt/airflow/dags/sensor_parent_dag.py
[2023-12-26T08:55:13.189+0000] {processor.py:766} INFO - DAG(s) dict_keys(['sensor_parent_dag']) retrieved from /opt/airflow/dags/sensor_parent_dag.py
[2023-12-26T08:55:13.226+0000] {logging_mixin.py:120} INFO - [2023-12-26T08:55:13.226+0000] {dag.py:2585} INFO - Sync 1 DAGs
[2023-12-26T08:55:13.261+0000] {logging_mixin.py:120} INFO - [2023-12-26T08:55:13.260+0000] {dag.py:3340} INFO - Setting next_dagrun for sensor_parent_dag to 2023-12-26T08:10:00+00:00, run_after=2023-12-26T09:10:00+00:00
[2023-12-26T08:55:13.283+0000] {processor.py:176} INFO - Processing /opt/airflow/dags/sensor_parent_dag.py took 0.113 seconds
[2023-12-26T08:55:43.465+0000] {processor.py:154} INFO - Started process (PID=4338) to work on /opt/airflow/dags/sensor_parent_dag.py
[2023-12-26T08:55:43.466+0000] {processor.py:756} INFO - Processing file /opt/airflow/dags/sensor_parent_dag.py for tasks to queue
[2023-12-26T08:55:43.466+0000] {logging_mixin.py:120} INFO - [2023-12-26T08:55:43.466+0000] {dagbag.py:537} INFO - Filling up the DagBag from /opt/airflow/dags/sensor_parent_dag.py
[2023-12-26T08:55:43.485+0000] {processor.py:766} INFO - DAG(s) dict_keys(['sensor_parent_dag']) retrieved from /opt/airflow/dags/sensor_parent_dag.py
[2023-12-26T08:55:43.532+0000] {logging_mixin.py:120} INFO - [2023-12-26T08:55:43.531+0000] {dag.py:2585} INFO - Sync 1 DAGs
[2023-12-26T08:55:43.566+0000] {logging_mixin.py:120} INFO - [2023-12-26T08:55:43.566+0000] {dag.py:3340} INFO - Setting next_dagrun for sensor_parent_dag to 2023-12-26T08:10:00+00:00, run_after=2023-12-26T09:10:00+00:00
[2023-12-26T08:55:43.590+0000] {processor.py:176} INFO - Processing /opt/airflow/dags/sensor_parent_dag.py took 0.128 seconds
