[2023-12-26T08:03:51.785+0000] {processor.py:154} INFO - Started process (PID=60) to work on /opt/airflow/dags/subdag.py
[2023-12-26T08:03:51.788+0000] {processor.py:756} INFO - Processing file /opt/airflow/dags/subdag.py for tasks to queue
[2023-12-26T08:03:51.789+0000] {logging_mixin.py:120} INFO - [2023-12-26T08:03:51.789+0000] {dagbag.py:537} INFO - Filling up the DagBag from /opt/airflow/dags/subdag.py
[2023-12-26T08:03:51.818+0000] {processor.py:768} WARNING - No viable dags retrieved from /opt/airflow/dags/subdag.py
[2023-12-26T08:03:51.884+0000] {processor.py:176} INFO - Processing /opt/airflow/dags/subdag.py took 0.116 seconds
[2023-12-26T08:04:25.379+0000] {processor.py:154} INFO - Started process (PID=39) to work on /opt/airflow/dags/subdag.py
[2023-12-26T08:04:25.380+0000] {processor.py:756} INFO - Processing file /opt/airflow/dags/subdag.py for tasks to queue
[2023-12-26T08:04:25.380+0000] {logging_mixin.py:120} INFO - [2023-12-26T08:04:25.380+0000] {dagbag.py:537} INFO - Filling up the DagBag from /opt/airflow/dags/subdag.py
[2023-12-26T08:04:25.386+0000] {processor.py:768} WARNING - No viable dags retrieved from /opt/airflow/dags/subdag.py
[2023-12-26T08:04:25.400+0000] {processor.py:176} INFO - Processing /opt/airflow/dags/subdag.py took 0.025 seconds
[2023-12-26T08:04:55.894+0000] {processor.py:154} INFO - Started process (PID=82) to work on /opt/airflow/dags/subdag.py
[2023-12-26T08:04:55.895+0000] {processor.py:756} INFO - Processing file /opt/airflow/dags/subdag.py for tasks to queue
[2023-12-26T08:04:55.895+0000] {logging_mixin.py:120} INFO - [2023-12-26T08:04:55.895+0000] {dagbag.py:537} INFO - Filling up the DagBag from /opt/airflow/dags/subdag.py
[2023-12-26T08:04:55.899+0000] {processor.py:768} WARNING - No viable dags retrieved from /opt/airflow/dags/subdag.py
[2023-12-26T08:04:55.911+0000] {processor.py:176} INFO - Processing /opt/airflow/dags/subdag.py took 0.020 seconds
[2023-12-26T08:05:26.056+0000] {processor.py:154} INFO - Started process (PID=125) to work on /opt/airflow/dags/subdag.py
[2023-12-26T08:05:26.060+0000] {processor.py:756} INFO - Processing file /opt/airflow/dags/subdag.py for tasks to queue
[2023-12-26T08:05:26.061+0000] {logging_mixin.py:120} INFO - [2023-12-26T08:05:26.061+0000] {dagbag.py:537} INFO - Filling up the DagBag from /opt/airflow/dags/subdag.py
[2023-12-26T08:05:26.066+0000] {processor.py:768} WARNING - No viable dags retrieved from /opt/airflow/dags/subdag.py
[2023-12-26T08:05:26.096+0000] {processor.py:176} INFO - Processing /opt/airflow/dags/subdag.py took 0.042 seconds
[2023-12-26T08:05:56.698+0000] {processor.py:154} INFO - Started process (PID=159) to work on /opt/airflow/dags/subdag.py
[2023-12-26T08:05:56.698+0000] {processor.py:756} INFO - Processing file /opt/airflow/dags/subdag.py for tasks to queue
[2023-12-26T08:05:56.699+0000] {logging_mixin.py:120} INFO - [2023-12-26T08:05:56.699+0000] {dagbag.py:537} INFO - Filling up the DagBag from /opt/airflow/dags/subdag.py
[2023-12-26T08:05:56.702+0000] {processor.py:768} WARNING - No viable dags retrieved from /opt/airflow/dags/subdag.py
[2023-12-26T08:05:56.714+0000] {processor.py:176} INFO - Processing /opt/airflow/dags/subdag.py took 0.020 seconds
[2023-12-26T08:06:26.847+0000] {processor.py:154} INFO - Started process (PID=201) to work on /opt/airflow/dags/subdag.py
[2023-12-26T08:06:26.847+0000] {processor.py:756} INFO - Processing file /opt/airflow/dags/subdag.py for tasks to queue
[2023-12-26T08:06:26.848+0000] {logging_mixin.py:120} INFO - [2023-12-26T08:06:26.848+0000] {dagbag.py:537} INFO - Filling up the DagBag from /opt/airflow/dags/subdag.py
[2023-12-26T08:06:26.852+0000] {processor.py:768} WARNING - No viable dags retrieved from /opt/airflow/dags/subdag.py
[2023-12-26T08:06:26.863+0000] {processor.py:176} INFO - Processing /opt/airflow/dags/subdag.py took 0.019 seconds
[2023-12-26T08:06:57.406+0000] {processor.py:154} INFO - Started process (PID=245) to work on /opt/airflow/dags/subdag.py
[2023-12-26T08:06:57.407+0000] {processor.py:756} INFO - Processing file /opt/airflow/dags/subdag.py for tasks to queue
[2023-12-26T08:06:57.408+0000] {logging_mixin.py:120} INFO - [2023-12-26T08:06:57.408+0000] {dagbag.py:537} INFO - Filling up the DagBag from /opt/airflow/dags/subdag.py
[2023-12-26T08:06:57.412+0000] {processor.py:768} WARNING - No viable dags retrieved from /opt/airflow/dags/subdag.py
[2023-12-26T08:06:57.422+0000] {processor.py:176} INFO - Processing /opt/airflow/dags/subdag.py took 0.018 seconds
[2023-12-26T08:07:27.957+0000] {processor.py:154} INFO - Started process (PID=280) to work on /opt/airflow/dags/subdag.py
[2023-12-26T08:07:27.958+0000] {processor.py:756} INFO - Processing file /opt/airflow/dags/subdag.py for tasks to queue
[2023-12-26T08:07:27.959+0000] {logging_mixin.py:120} INFO - [2023-12-26T08:07:27.959+0000] {dagbag.py:537} INFO - Filling up the DagBag from /opt/airflow/dags/subdag.py
[2023-12-26T08:07:27.967+0000] {processor.py:768} WARNING - No viable dags retrieved from /opt/airflow/dags/subdag.py
[2023-12-26T08:07:27.981+0000] {processor.py:176} INFO - Processing /opt/airflow/dags/subdag.py took 0.028 seconds
[2023-12-26T08:07:58.654+0000] {processor.py:154} INFO - Started process (PID=323) to work on /opt/airflow/dags/subdag.py
[2023-12-26T08:07:58.655+0000] {processor.py:756} INFO - Processing file /opt/airflow/dags/subdag.py for tasks to queue
[2023-12-26T08:07:58.655+0000] {logging_mixin.py:120} INFO - [2023-12-26T08:07:58.655+0000] {dagbag.py:537} INFO - Filling up the DagBag from /opt/airflow/dags/subdag.py
[2023-12-26T08:07:58.663+0000] {processor.py:768} WARNING - No viable dags retrieved from /opt/airflow/dags/subdag.py
[2023-12-26T08:07:58.701+0000] {processor.py:176} INFO - Processing /opt/airflow/dags/subdag.py took 0.050 seconds
[2023-12-26T08:08:29.099+0000] {processor.py:154} INFO - Started process (PID=366) to work on /opt/airflow/dags/subdag.py
[2023-12-26T08:08:29.100+0000] {processor.py:756} INFO - Processing file /opt/airflow/dags/subdag.py for tasks to queue
[2023-12-26T08:08:29.101+0000] {logging_mixin.py:120} INFO - [2023-12-26T08:08:29.100+0000] {dagbag.py:537} INFO - Filling up the DagBag from /opt/airflow/dags/subdag.py
[2023-12-26T08:08:29.106+0000] {processor.py:768} WARNING - No viable dags retrieved from /opt/airflow/dags/subdag.py
[2023-12-26T08:08:29.120+0000] {processor.py:176} INFO - Processing /opt/airflow/dags/subdag.py took 0.024 seconds
[2023-12-26T08:08:59.812+0000] {processor.py:154} INFO - Started process (PID=400) to work on /opt/airflow/dags/subdag.py
[2023-12-26T08:08:59.813+0000] {processor.py:756} INFO - Processing file /opt/airflow/dags/subdag.py for tasks to queue
[2023-12-26T08:08:59.813+0000] {logging_mixin.py:120} INFO - [2023-12-26T08:08:59.813+0000] {dagbag.py:537} INFO - Filling up the DagBag from /opt/airflow/dags/subdag.py
[2023-12-26T08:08:59.820+0000] {processor.py:768} WARNING - No viable dags retrieved from /opt/airflow/dags/subdag.py
[2023-12-26T08:08:59.851+0000] {processor.py:176} INFO - Processing /opt/airflow/dags/subdag.py took 0.044 seconds
[2023-12-26T08:09:30.807+0000] {processor.py:154} INFO - Started process (PID=447) to work on /opt/airflow/dags/subdag.py
[2023-12-26T08:09:30.808+0000] {processor.py:756} INFO - Processing file /opt/airflow/dags/subdag.py for tasks to queue
[2023-12-26T08:09:30.809+0000] {logging_mixin.py:120} INFO - [2023-12-26T08:09:30.809+0000] {dagbag.py:537} INFO - Filling up the DagBag from /opt/airflow/dags/subdag.py
[2023-12-26T08:09:30.815+0000] {processor.py:768} WARNING - No viable dags retrieved from /opt/airflow/dags/subdag.py
[2023-12-26T08:09:30.830+0000] {processor.py:176} INFO - Processing /opt/airflow/dags/subdag.py took 0.026 seconds
[2023-12-26T08:10:01.511+0000] {processor.py:154} INFO - Started process (PID=494) to work on /opt/airflow/dags/subdag.py
[2023-12-26T08:10:01.512+0000] {processor.py:756} INFO - Processing file /opt/airflow/dags/subdag.py for tasks to queue
[2023-12-26T08:10:01.512+0000] {logging_mixin.py:120} INFO - [2023-12-26T08:10:01.512+0000] {dagbag.py:537} INFO - Filling up the DagBag from /opt/airflow/dags/subdag.py
[2023-12-26T08:10:01.517+0000] {processor.py:768} WARNING - No viable dags retrieved from /opt/airflow/dags/subdag.py
[2023-12-26T08:10:01.532+0000] {processor.py:176} INFO - Processing /opt/airflow/dags/subdag.py took 0.025 seconds
[2023-12-26T08:10:31.823+0000] {processor.py:154} INFO - Started process (PID=528) to work on /opt/airflow/dags/subdag.py
[2023-12-26T08:10:31.824+0000] {processor.py:756} INFO - Processing file /opt/airflow/dags/subdag.py for tasks to queue
[2023-12-26T08:10:31.824+0000] {logging_mixin.py:120} INFO - [2023-12-26T08:10:31.824+0000] {dagbag.py:537} INFO - Filling up the DagBag from /opt/airflow/dags/subdag.py
[2023-12-26T08:10:31.828+0000] {processor.py:768} WARNING - No viable dags retrieved from /opt/airflow/dags/subdag.py
[2023-12-26T08:10:31.840+0000] {processor.py:176} INFO - Processing /opt/airflow/dags/subdag.py took 0.020 seconds
[2023-12-26T08:11:02.067+0000] {processor.py:154} INFO - Started process (PID=571) to work on /opt/airflow/dags/subdag.py
[2023-12-26T08:11:02.068+0000] {processor.py:756} INFO - Processing file /opt/airflow/dags/subdag.py for tasks to queue
[2023-12-26T08:11:02.069+0000] {logging_mixin.py:120} INFO - [2023-12-26T08:11:02.068+0000] {dagbag.py:537} INFO - Filling up the DagBag from /opt/airflow/dags/subdag.py
[2023-12-26T08:11:02.073+0000] {processor.py:768} WARNING - No viable dags retrieved from /opt/airflow/dags/subdag.py
[2023-12-26T08:11:02.084+0000] {processor.py:176} INFO - Processing /opt/airflow/dags/subdag.py took 0.019 seconds
[2023-12-26T08:11:32.579+0000] {processor.py:154} INFO - Started process (PID=616) to work on /opt/airflow/dags/subdag.py
[2023-12-26T08:11:32.580+0000] {processor.py:756} INFO - Processing file /opt/airflow/dags/subdag.py for tasks to queue
[2023-12-26T08:11:32.580+0000] {logging_mixin.py:120} INFO - [2023-12-26T08:11:32.580+0000] {dagbag.py:537} INFO - Filling up the DagBag from /opt/airflow/dags/subdag.py
[2023-12-26T08:11:32.584+0000] {processor.py:768} WARNING - No viable dags retrieved from /opt/airflow/dags/subdag.py
[2023-12-26T08:11:32.595+0000] {processor.py:176} INFO - Processing /opt/airflow/dags/subdag.py took 0.019 seconds
[2023-12-26T08:12:03.013+0000] {processor.py:154} INFO - Started process (PID=651) to work on /opt/airflow/dags/subdag.py
[2023-12-26T08:12:03.013+0000] {processor.py:756} INFO - Processing file /opt/airflow/dags/subdag.py for tasks to queue
[2023-12-26T08:12:03.014+0000] {logging_mixin.py:120} INFO - [2023-12-26T08:12:03.014+0000] {dagbag.py:537} INFO - Filling up the DagBag from /opt/airflow/dags/subdag.py
[2023-12-26T08:12:03.018+0000] {processor.py:768} WARNING - No viable dags retrieved from /opt/airflow/dags/subdag.py
[2023-12-26T08:12:03.029+0000] {processor.py:176} INFO - Processing /opt/airflow/dags/subdag.py took 0.019 seconds
[2023-12-26T08:12:33.724+0000] {processor.py:154} INFO - Started process (PID=695) to work on /opt/airflow/dags/subdag.py
[2023-12-26T08:12:33.724+0000] {processor.py:756} INFO - Processing file /opt/airflow/dags/subdag.py for tasks to queue
[2023-12-26T08:12:33.725+0000] {logging_mixin.py:120} INFO - [2023-12-26T08:12:33.725+0000] {dagbag.py:537} INFO - Filling up the DagBag from /opt/airflow/dags/subdag.py
[2023-12-26T08:12:33.729+0000] {processor.py:768} WARNING - No viable dags retrieved from /opt/airflow/dags/subdag.py
[2023-12-26T08:12:33.741+0000] {processor.py:176} INFO - Processing /opt/airflow/dags/subdag.py took 0.020 seconds
[2023-12-26T08:13:04.023+0000] {processor.py:154} INFO - Started process (PID=738) to work on /opt/airflow/dags/subdag.py
[2023-12-26T08:13:04.024+0000] {processor.py:756} INFO - Processing file /opt/airflow/dags/subdag.py for tasks to queue
[2023-12-26T08:13:04.024+0000] {logging_mixin.py:120} INFO - [2023-12-26T08:13:04.024+0000] {dagbag.py:537} INFO - Filling up the DagBag from /opt/airflow/dags/subdag.py
[2023-12-26T08:13:04.028+0000] {processor.py:768} WARNING - No viable dags retrieved from /opt/airflow/dags/subdag.py
[2023-12-26T08:13:04.041+0000] {processor.py:176} INFO - Processing /opt/airflow/dags/subdag.py took 0.020 seconds
[2023-12-26T08:13:34.568+0000] {processor.py:154} INFO - Started process (PID=783) to work on /opt/airflow/dags/subdag.py
[2023-12-26T08:13:34.569+0000] {processor.py:756} INFO - Processing file /opt/airflow/dags/subdag.py for tasks to queue
[2023-12-26T08:13:34.569+0000] {logging_mixin.py:120} INFO - [2023-12-26T08:13:34.569+0000] {dagbag.py:537} INFO - Filling up the DagBag from /opt/airflow/dags/subdag.py
[2023-12-26T08:13:34.575+0000] {processor.py:768} WARNING - No viable dags retrieved from /opt/airflow/dags/subdag.py
[2023-12-26T08:13:34.599+0000] {processor.py:176} INFO - Processing /opt/airflow/dags/subdag.py took 0.035 seconds
[2023-12-26T08:14:04.768+0000] {processor.py:154} INFO - Started process (PID=818) to work on /opt/airflow/dags/subdag.py
[2023-12-26T08:14:04.769+0000] {processor.py:756} INFO - Processing file /opt/airflow/dags/subdag.py for tasks to queue
[2023-12-26T08:14:04.769+0000] {logging_mixin.py:120} INFO - [2023-12-26T08:14:04.769+0000] {dagbag.py:537} INFO - Filling up the DagBag from /opt/airflow/dags/subdag.py
[2023-12-26T08:14:04.773+0000] {processor.py:768} WARNING - No viable dags retrieved from /opt/airflow/dags/subdag.py
[2023-12-26T08:14:04.785+0000] {processor.py:176} INFO - Processing /opt/airflow/dags/subdag.py took 0.020 seconds
[2023-12-26T08:14:35.104+0000] {processor.py:154} INFO - Started process (PID=861) to work on /opt/airflow/dags/subdag.py
[2023-12-26T08:14:35.105+0000] {processor.py:756} INFO - Processing file /opt/airflow/dags/subdag.py for tasks to queue
[2023-12-26T08:14:35.105+0000] {logging_mixin.py:120} INFO - [2023-12-26T08:14:35.105+0000] {dagbag.py:537} INFO - Filling up the DagBag from /opt/airflow/dags/subdag.py
[2023-12-26T08:14:35.109+0000] {processor.py:768} WARNING - No viable dags retrieved from /opt/airflow/dags/subdag.py
[2023-12-26T08:14:35.123+0000] {processor.py:176} INFO - Processing /opt/airflow/dags/subdag.py took 0.022 seconds
[2023-12-26T08:15:05.616+0000] {processor.py:154} INFO - Started process (PID=905) to work on /opt/airflow/dags/subdag.py
[2023-12-26T08:15:05.617+0000] {processor.py:756} INFO - Processing file /opt/airflow/dags/subdag.py for tasks to queue
[2023-12-26T08:15:05.617+0000] {logging_mixin.py:120} INFO - [2023-12-26T08:15:05.617+0000] {dagbag.py:537} INFO - Filling up the DagBag from /opt/airflow/dags/subdag.py
[2023-12-26T08:15:05.622+0000] {processor.py:768} WARNING - No viable dags retrieved from /opt/airflow/dags/subdag.py
[2023-12-26T08:15:05.638+0000] {processor.py:176} INFO - Processing /opt/airflow/dags/subdag.py took 0.025 seconds
[2023-12-26T08:15:35.912+0000] {processor.py:154} INFO - Started process (PID=940) to work on /opt/airflow/dags/subdag.py
[2023-12-26T08:15:35.913+0000] {processor.py:756} INFO - Processing file /opt/airflow/dags/subdag.py for tasks to queue
[2023-12-26T08:15:35.914+0000] {logging_mixin.py:120} INFO - [2023-12-26T08:15:35.914+0000] {dagbag.py:537} INFO - Filling up the DagBag from /opt/airflow/dags/subdag.py
[2023-12-26T08:15:35.918+0000] {processor.py:768} WARNING - No viable dags retrieved from /opt/airflow/dags/subdag.py
[2023-12-26T08:15:35.930+0000] {processor.py:176} INFO - Processing /opt/airflow/dags/subdag.py took 0.020 seconds
[2023-12-26T08:16:06.126+0000] {processor.py:154} INFO - Started process (PID=985) to work on /opt/airflow/dags/subdag.py
[2023-12-26T08:16:06.127+0000] {processor.py:756} INFO - Processing file /opt/airflow/dags/subdag.py for tasks to queue
[2023-12-26T08:16:06.127+0000] {logging_mixin.py:120} INFO - [2023-12-26T08:16:06.127+0000] {dagbag.py:537} INFO - Filling up the DagBag from /opt/airflow/dags/subdag.py
[2023-12-26T08:16:06.131+0000] {processor.py:768} WARNING - No viable dags retrieved from /opt/airflow/dags/subdag.py
[2023-12-26T08:16:06.145+0000] {processor.py:176} INFO - Processing /opt/airflow/dags/subdag.py took 0.022 seconds
[2023-12-26T08:16:36.633+0000] {processor.py:154} INFO - Started process (PID=1029) to work on /opt/airflow/dags/subdag.py
[2023-12-26T08:16:36.633+0000] {processor.py:756} INFO - Processing file /opt/airflow/dags/subdag.py for tasks to queue
[2023-12-26T08:16:36.634+0000] {logging_mixin.py:120} INFO - [2023-12-26T08:16:36.634+0000] {dagbag.py:537} INFO - Filling up the DagBag from /opt/airflow/dags/subdag.py
[2023-12-26T08:16:36.639+0000] {processor.py:768} WARNING - No viable dags retrieved from /opt/airflow/dags/subdag.py
[2023-12-26T08:16:36.653+0000] {processor.py:176} INFO - Processing /opt/airflow/dags/subdag.py took 0.024 seconds
[2023-12-26T08:17:06.861+0000] {processor.py:154} INFO - Started process (PID=1064) to work on /opt/airflow/dags/subdag.py
[2023-12-26T08:17:06.861+0000] {processor.py:756} INFO - Processing file /opt/airflow/dags/subdag.py for tasks to queue
[2023-12-26T08:17:06.862+0000] {logging_mixin.py:120} INFO - [2023-12-26T08:17:06.862+0000] {dagbag.py:537} INFO - Filling up the DagBag from /opt/airflow/dags/subdag.py
[2023-12-26T08:17:06.867+0000] {processor.py:768} WARNING - No viable dags retrieved from /opt/airflow/dags/subdag.py
[2023-12-26T08:17:06.878+0000] {processor.py:176} INFO - Processing /opt/airflow/dags/subdag.py took 0.020 seconds
[2023-12-26T08:17:37.434+0000] {processor.py:154} INFO - Started process (PID=1111) to work on /opt/airflow/dags/subdag.py
[2023-12-26T08:17:37.435+0000] {processor.py:756} INFO - Processing file /opt/airflow/dags/subdag.py for tasks to queue
[2023-12-26T08:17:37.435+0000] {logging_mixin.py:120} INFO - [2023-12-26T08:17:37.435+0000] {dagbag.py:537} INFO - Filling up the DagBag from /opt/airflow/dags/subdag.py
[2023-12-26T08:17:37.439+0000] {processor.py:768} WARNING - No viable dags retrieved from /opt/airflow/dags/subdag.py
[2023-12-26T08:17:37.451+0000] {processor.py:176} INFO - Processing /opt/airflow/dags/subdag.py took 0.020 seconds
[2023-12-26T08:18:07.649+0000] {processor.py:154} INFO - Started process (PID=1155) to work on /opt/airflow/dags/subdag.py
[2023-12-26T08:18:07.650+0000] {processor.py:756} INFO - Processing file /opt/airflow/dags/subdag.py for tasks to queue
[2023-12-26T08:18:07.650+0000] {logging_mixin.py:120} INFO - [2023-12-26T08:18:07.650+0000] {dagbag.py:537} INFO - Filling up the DagBag from /opt/airflow/dags/subdag.py
[2023-12-26T08:18:07.653+0000] {processor.py:768} WARNING - No viable dags retrieved from /opt/airflow/dags/subdag.py
[2023-12-26T08:18:07.665+0000] {processor.py:176} INFO - Processing /opt/airflow/dags/subdag.py took 0.019 seconds
[2023-12-26T08:18:37.961+0000] {processor.py:154} INFO - Started process (PID=1190) to work on /opt/airflow/dags/subdag.py
[2023-12-26T08:18:37.961+0000] {processor.py:756} INFO - Processing file /opt/airflow/dags/subdag.py for tasks to queue
[2023-12-26T08:18:37.962+0000] {logging_mixin.py:120} INFO - [2023-12-26T08:18:37.962+0000] {dagbag.py:537} INFO - Filling up the DagBag from /opt/airflow/dags/subdag.py
[2023-12-26T08:18:37.966+0000] {processor.py:768} WARNING - No viable dags retrieved from /opt/airflow/dags/subdag.py
[2023-12-26T08:18:37.977+0000] {processor.py:176} INFO - Processing /opt/airflow/dags/subdag.py took 0.019 seconds
[2023-12-26T08:19:08.437+0000] {processor.py:154} INFO - Started process (PID=1234) to work on /opt/airflow/dags/subdag.py
[2023-12-26T08:19:08.438+0000] {processor.py:756} INFO - Processing file /opt/airflow/dags/subdag.py for tasks to queue
[2023-12-26T08:19:08.439+0000] {logging_mixin.py:120} INFO - [2023-12-26T08:19:08.439+0000] {dagbag.py:537} INFO - Filling up the DagBag from /opt/airflow/dags/subdag.py
[2023-12-26T08:19:08.444+0000] {processor.py:768} WARNING - No viable dags retrieved from /opt/airflow/dags/subdag.py
[2023-12-26T08:19:08.459+0000] {processor.py:176} INFO - Processing /opt/airflow/dags/subdag.py took 0.025 seconds
[2023-12-26T08:19:38.668+0000] {processor.py:154} INFO - Started process (PID=1276) to work on /opt/airflow/dags/subdag.py
[2023-12-26T08:19:38.669+0000] {processor.py:756} INFO - Processing file /opt/airflow/dags/subdag.py for tasks to queue
[2023-12-26T08:19:38.669+0000] {logging_mixin.py:120} INFO - [2023-12-26T08:19:38.669+0000] {dagbag.py:537} INFO - Filling up the DagBag from /opt/airflow/dags/subdag.py
[2023-12-26T08:19:38.673+0000] {processor.py:768} WARNING - No viable dags retrieved from /opt/airflow/dags/subdag.py
[2023-12-26T08:19:38.683+0000] {processor.py:176} INFO - Processing /opt/airflow/dags/subdag.py took 0.017 seconds
[2023-12-26T08:20:08.973+0000] {processor.py:154} INFO - Started process (PID=1312) to work on /opt/airflow/dags/subdag.py
[2023-12-26T08:20:08.974+0000] {processor.py:756} INFO - Processing file /opt/airflow/dags/subdag.py for tasks to queue
[2023-12-26T08:20:08.974+0000] {logging_mixin.py:120} INFO - [2023-12-26T08:20:08.974+0000] {dagbag.py:537} INFO - Filling up the DagBag from /opt/airflow/dags/subdag.py
[2023-12-26T08:20:08.978+0000] {processor.py:768} WARNING - No viable dags retrieved from /opt/airflow/dags/subdag.py
[2023-12-26T08:20:08.989+0000] {processor.py:176} INFO - Processing /opt/airflow/dags/subdag.py took 0.019 seconds
[2023-12-26T08:20:39.342+0000] {processor.py:154} INFO - Started process (PID=1358) to work on /opt/airflow/dags/subdag.py
[2023-12-26T08:20:39.343+0000] {processor.py:756} INFO - Processing file /opt/airflow/dags/subdag.py for tasks to queue
[2023-12-26T08:20:39.343+0000] {logging_mixin.py:120} INFO - [2023-12-26T08:20:39.343+0000] {dagbag.py:537} INFO - Filling up the DagBag from /opt/airflow/dags/subdag.py
[2023-12-26T08:20:39.347+0000] {processor.py:768} WARNING - No viable dags retrieved from /opt/airflow/dags/subdag.py
[2023-12-26T08:20:39.358+0000] {processor.py:176} INFO - Processing /opt/airflow/dags/subdag.py took 0.018 seconds
[2023-12-26T08:21:09.735+0000] {processor.py:154} INFO - Started process (PID=1402) to work on /opt/airflow/dags/subdag.py
[2023-12-26T08:21:09.735+0000] {processor.py:756} INFO - Processing file /opt/airflow/dags/subdag.py for tasks to queue
[2023-12-26T08:21:09.736+0000] {logging_mixin.py:120} INFO - [2023-12-26T08:21:09.736+0000] {dagbag.py:537} INFO - Filling up the DagBag from /opt/airflow/dags/subdag.py
[2023-12-26T08:21:09.740+0000] {processor.py:768} WARNING - No viable dags retrieved from /opt/airflow/dags/subdag.py
[2023-12-26T08:21:09.751+0000] {processor.py:176} INFO - Processing /opt/airflow/dags/subdag.py took 0.020 seconds
[2023-12-26T08:21:40.111+0000] {processor.py:154} INFO - Started process (PID=1437) to work on /opt/airflow/dags/subdag.py
[2023-12-26T08:21:40.111+0000] {processor.py:756} INFO - Processing file /opt/airflow/dags/subdag.py for tasks to queue
[2023-12-26T08:21:40.112+0000] {logging_mixin.py:120} INFO - [2023-12-26T08:21:40.112+0000] {dagbag.py:537} INFO - Filling up the DagBag from /opt/airflow/dags/subdag.py
[2023-12-26T08:21:40.115+0000] {processor.py:768} WARNING - No viable dags retrieved from /opt/airflow/dags/subdag.py
[2023-12-26T08:21:40.129+0000] {processor.py:176} INFO - Processing /opt/airflow/dags/subdag.py took 0.021 seconds
[2023-12-26T08:22:10.436+0000] {processor.py:154} INFO - Started process (PID=1482) to work on /opt/airflow/dags/subdag.py
[2023-12-26T08:22:10.437+0000] {processor.py:756} INFO - Processing file /opt/airflow/dags/subdag.py for tasks to queue
[2023-12-26T08:22:10.437+0000] {logging_mixin.py:120} INFO - [2023-12-26T08:22:10.437+0000] {dagbag.py:537} INFO - Filling up the DagBag from /opt/airflow/dags/subdag.py
[2023-12-26T08:22:10.442+0000] {processor.py:768} WARNING - No viable dags retrieved from /opt/airflow/dags/subdag.py
[2023-12-26T08:22:10.453+0000] {processor.py:176} INFO - Processing /opt/airflow/dags/subdag.py took 0.021 seconds
[2023-12-26T08:22:40.688+0000] {processor.py:154} INFO - Started process (PID=1526) to work on /opt/airflow/dags/subdag.py
[2023-12-26T08:22:40.689+0000] {processor.py:756} INFO - Processing file /opt/airflow/dags/subdag.py for tasks to queue
[2023-12-26T08:22:40.689+0000] {logging_mixin.py:120} INFO - [2023-12-26T08:22:40.689+0000] {dagbag.py:537} INFO - Filling up the DagBag from /opt/airflow/dags/subdag.py
[2023-12-26T08:22:40.693+0000] {processor.py:768} WARNING - No viable dags retrieved from /opt/airflow/dags/subdag.py
[2023-12-26T08:22:40.704+0000] {processor.py:176} INFO - Processing /opt/airflow/dags/subdag.py took 0.019 seconds
[2023-12-26T08:23:10.814+0000] {processor.py:154} INFO - Started process (PID=1561) to work on /opt/airflow/dags/subdag.py
[2023-12-26T08:23:10.814+0000] {processor.py:756} INFO - Processing file /opt/airflow/dags/subdag.py for tasks to queue
[2023-12-26T08:23:10.815+0000] {logging_mixin.py:120} INFO - [2023-12-26T08:23:10.815+0000] {dagbag.py:537} INFO - Filling up the DagBag from /opt/airflow/dags/subdag.py
[2023-12-26T08:23:10.819+0000] {processor.py:768} WARNING - No viable dags retrieved from /opt/airflow/dags/subdag.py
[2023-12-26T08:23:10.830+0000] {processor.py:176} INFO - Processing /opt/airflow/dags/subdag.py took 0.019 seconds
[2023-12-26T08:23:41.173+0000] {processor.py:154} INFO - Started process (PID=1605) to work on /opt/airflow/dags/subdag.py
[2023-12-26T08:23:41.174+0000] {processor.py:756} INFO - Processing file /opt/airflow/dags/subdag.py for tasks to queue
[2023-12-26T08:23:41.175+0000] {logging_mixin.py:120} INFO - [2023-12-26T08:23:41.175+0000] {dagbag.py:537} INFO - Filling up the DagBag from /opt/airflow/dags/subdag.py
[2023-12-26T08:23:41.183+0000] {processor.py:768} WARNING - No viable dags retrieved from /opt/airflow/dags/subdag.py
[2023-12-26T08:23:41.198+0000] {processor.py:176} INFO - Processing /opt/airflow/dags/subdag.py took 0.028 seconds
[2023-12-26T08:24:11.539+0000] {processor.py:154} INFO - Started process (PID=1649) to work on /opt/airflow/dags/subdag.py
[2023-12-26T08:24:11.539+0000] {processor.py:756} INFO - Processing file /opt/airflow/dags/subdag.py for tasks to queue
[2023-12-26T08:24:11.540+0000] {logging_mixin.py:120} INFO - [2023-12-26T08:24:11.539+0000] {dagbag.py:537} INFO - Filling up the DagBag from /opt/airflow/dags/subdag.py
[2023-12-26T08:24:11.543+0000] {processor.py:768} WARNING - No viable dags retrieved from /opt/airflow/dags/subdag.py
[2023-12-26T08:24:11.553+0000] {processor.py:176} INFO - Processing /opt/airflow/dags/subdag.py took 0.017 seconds
[2023-12-26T08:24:41.701+0000] {processor.py:154} INFO - Started process (PID=1684) to work on /opt/airflow/dags/subdag.py
[2023-12-26T08:24:41.702+0000] {processor.py:756} INFO - Processing file /opt/airflow/dags/subdag.py for tasks to queue
[2023-12-26T08:24:41.703+0000] {logging_mixin.py:120} INFO - [2023-12-26T08:24:41.703+0000] {dagbag.py:537} INFO - Filling up the DagBag from /opt/airflow/dags/subdag.py
[2023-12-26T08:24:41.707+0000] {processor.py:768} WARNING - No viable dags retrieved from /opt/airflow/dags/subdag.py
[2023-12-26T08:24:41.722+0000] {processor.py:176} INFO - Processing /opt/airflow/dags/subdag.py took 0.025 seconds
[2023-12-26T08:25:11.821+0000] {processor.py:154} INFO - Started process (PID=1729) to work on /opt/airflow/dags/subdag.py
[2023-12-26T08:25:11.822+0000] {processor.py:756} INFO - Processing file /opt/airflow/dags/subdag.py for tasks to queue
[2023-12-26T08:25:11.823+0000] {logging_mixin.py:120} INFO - [2023-12-26T08:25:11.822+0000] {dagbag.py:537} INFO - Filling up the DagBag from /opt/airflow/dags/subdag.py
[2023-12-26T08:25:11.826+0000] {processor.py:768} WARNING - No viable dags retrieved from /opt/airflow/dags/subdag.py
[2023-12-26T08:25:11.839+0000] {processor.py:176} INFO - Processing /opt/airflow/dags/subdag.py took 0.020 seconds
[2023-12-26T08:25:42.251+0000] {processor.py:154} INFO - Started process (PID=1774) to work on /opt/airflow/dags/subdag.py
[2023-12-26T08:25:42.251+0000] {processor.py:756} INFO - Processing file /opt/airflow/dags/subdag.py for tasks to queue
[2023-12-26T08:25:42.252+0000] {logging_mixin.py:120} INFO - [2023-12-26T08:25:42.252+0000] {dagbag.py:537} INFO - Filling up the DagBag from /opt/airflow/dags/subdag.py
[2023-12-26T08:25:42.256+0000] {processor.py:768} WARNING - No viable dags retrieved from /opt/airflow/dags/subdag.py
[2023-12-26T08:25:42.270+0000] {processor.py:176} INFO - Processing /opt/airflow/dags/subdag.py took 0.022 seconds
[2023-12-26T08:26:12.581+0000] {processor.py:154} INFO - Started process (PID=1816) to work on /opt/airflow/dags/subdag.py
[2023-12-26T08:26:12.582+0000] {processor.py:756} INFO - Processing file /opt/airflow/dags/subdag.py for tasks to queue
[2023-12-26T08:26:12.583+0000] {logging_mixin.py:120} INFO - [2023-12-26T08:26:12.582+0000] {dagbag.py:537} INFO - Filling up the DagBag from /opt/airflow/dags/subdag.py
[2023-12-26T08:26:12.588+0000] {processor.py:768} WARNING - No viable dags retrieved from /opt/airflow/dags/subdag.py
[2023-12-26T08:26:12.607+0000] {processor.py:176} INFO - Processing /opt/airflow/dags/subdag.py took 0.030 seconds
[2023-12-26T08:26:43.000+0000] {processor.py:154} INFO - Started process (PID=1854) to work on /opt/airflow/dags/subdag.py
[2023-12-26T08:26:43.001+0000] {processor.py:756} INFO - Processing file /opt/airflow/dags/subdag.py for tasks to queue
[2023-12-26T08:26:43.002+0000] {logging_mixin.py:120} INFO - [2023-12-26T08:26:43.001+0000] {dagbag.py:537} INFO - Filling up the DagBag from /opt/airflow/dags/subdag.py
[2023-12-26T08:26:43.005+0000] {processor.py:768} WARNING - No viable dags retrieved from /opt/airflow/dags/subdag.py
[2023-12-26T08:26:43.016+0000] {processor.py:176} INFO - Processing /opt/airflow/dags/subdag.py took 0.018 seconds
[2023-12-26T08:27:14.032+0000] {processor.py:154} INFO - Started process (PID=1899) to work on /opt/airflow/dags/subdag.py
[2023-12-26T08:27:14.033+0000] {processor.py:756} INFO - Processing file /opt/airflow/dags/subdag.py for tasks to queue
[2023-12-26T08:27:14.033+0000] {logging_mixin.py:120} INFO - [2023-12-26T08:27:14.033+0000] {dagbag.py:537} INFO - Filling up the DagBag from /opt/airflow/dags/subdag.py
[2023-12-26T08:27:14.036+0000] {processor.py:768} WARNING - No viable dags retrieved from /opt/airflow/dags/subdag.py
[2023-12-26T08:27:14.048+0000] {processor.py:176} INFO - Processing /opt/airflow/dags/subdag.py took 0.019 seconds
[2023-12-26T08:27:44.472+0000] {processor.py:154} INFO - Started process (PID=1947) to work on /opt/airflow/dags/subdag.py
[2023-12-26T08:27:44.473+0000] {processor.py:756} INFO - Processing file /opt/airflow/dags/subdag.py for tasks to queue
[2023-12-26T08:27:44.474+0000] {logging_mixin.py:120} INFO - [2023-12-26T08:27:44.473+0000] {dagbag.py:537} INFO - Filling up the DagBag from /opt/airflow/dags/subdag.py
[2023-12-26T08:27:44.479+0000] {processor.py:768} WARNING - No viable dags retrieved from /opt/airflow/dags/subdag.py
[2023-12-26T08:27:44.495+0000] {processor.py:176} INFO - Processing /opt/airflow/dags/subdag.py took 0.027 seconds
[2023-12-26T08:28:15.480+0000] {processor.py:154} INFO - Started process (PID=1983) to work on /opt/airflow/dags/subdag.py
[2023-12-26T08:28:15.481+0000] {processor.py:756} INFO - Processing file /opt/airflow/dags/subdag.py for tasks to queue
[2023-12-26T08:28:15.482+0000] {logging_mixin.py:120} INFO - [2023-12-26T08:28:15.482+0000] {dagbag.py:537} INFO - Filling up the DagBag from /opt/airflow/dags/subdag.py
[2023-12-26T08:28:15.486+0000] {processor.py:768} WARNING - No viable dags retrieved from /opt/airflow/dags/subdag.py
[2023-12-26T08:28:15.497+0000] {processor.py:176} INFO - Processing /opt/airflow/dags/subdag.py took 0.020 seconds
[2023-12-26T08:28:46.440+0000] {processor.py:154} INFO - Started process (PID=2030) to work on /opt/airflow/dags/subdag.py
[2023-12-26T08:28:46.440+0000] {processor.py:756} INFO - Processing file /opt/airflow/dags/subdag.py for tasks to queue
[2023-12-26T08:28:46.441+0000] {logging_mixin.py:120} INFO - [2023-12-26T08:28:46.441+0000] {dagbag.py:537} INFO - Filling up the DagBag from /opt/airflow/dags/subdag.py
[2023-12-26T08:28:46.445+0000] {processor.py:768} WARNING - No viable dags retrieved from /opt/airflow/dags/subdag.py
[2023-12-26T08:28:46.456+0000] {processor.py:176} INFO - Processing /opt/airflow/dags/subdag.py took 0.019 seconds
[2023-12-26T08:29:17.144+0000] {processor.py:154} INFO - Started process (PID=2078) to work on /opt/airflow/dags/subdag.py
[2023-12-26T08:29:17.145+0000] {processor.py:756} INFO - Processing file /opt/airflow/dags/subdag.py for tasks to queue
[2023-12-26T08:29:17.146+0000] {logging_mixin.py:120} INFO - [2023-12-26T08:29:17.145+0000] {dagbag.py:537} INFO - Filling up the DagBag from /opt/airflow/dags/subdag.py
[2023-12-26T08:29:17.151+0000] {processor.py:768} WARNING - No viable dags retrieved from /opt/airflow/dags/subdag.py
[2023-12-26T08:29:17.167+0000] {processor.py:176} INFO - Processing /opt/airflow/dags/subdag.py took 0.027 seconds
[2023-12-26T08:29:47.417+0000] {processor.py:154} INFO - Started process (PID=2114) to work on /opt/airflow/dags/subdag.py
[2023-12-26T08:29:47.418+0000] {processor.py:756} INFO - Processing file /opt/airflow/dags/subdag.py for tasks to queue
[2023-12-26T08:29:47.419+0000] {logging_mixin.py:120} INFO - [2023-12-26T08:29:47.419+0000] {dagbag.py:537} INFO - Filling up the DagBag from /opt/airflow/dags/subdag.py
[2023-12-26T08:29:47.424+0000] {processor.py:768} WARNING - No viable dags retrieved from /opt/airflow/dags/subdag.py
[2023-12-26T08:29:47.437+0000] {processor.py:176} INFO - Processing /opt/airflow/dags/subdag.py took 0.023 seconds
[2023-12-26T08:30:17.699+0000] {processor.py:154} INFO - Started process (PID=2158) to work on /opt/airflow/dags/subdag.py
[2023-12-26T08:30:17.700+0000] {processor.py:756} INFO - Processing file /opt/airflow/dags/subdag.py for tasks to queue
[2023-12-26T08:30:17.700+0000] {logging_mixin.py:120} INFO - [2023-12-26T08:30:17.700+0000] {dagbag.py:537} INFO - Filling up the DagBag from /opt/airflow/dags/subdag.py
[2023-12-26T08:30:17.704+0000] {processor.py:768} WARNING - No viable dags retrieved from /opt/airflow/dags/subdag.py
[2023-12-26T08:30:17.715+0000] {processor.py:176} INFO - Processing /opt/airflow/dags/subdag.py took 0.019 seconds
[2023-12-26T08:30:48.230+0000] {processor.py:154} INFO - Started process (PID=2197) to work on /opt/airflow/dags/subdag.py
[2023-12-26T08:30:48.231+0000] {processor.py:756} INFO - Processing file /opt/airflow/dags/subdag.py for tasks to queue
[2023-12-26T08:30:48.232+0000] {logging_mixin.py:120} INFO - [2023-12-26T08:30:48.232+0000] {dagbag.py:537} INFO - Filling up the DagBag from /opt/airflow/dags/subdag.py
[2023-12-26T08:30:48.236+0000] {processor.py:768} WARNING - No viable dags retrieved from /opt/airflow/dags/subdag.py
[2023-12-26T08:30:48.249+0000] {processor.py:176} INFO - Processing /opt/airflow/dags/subdag.py took 0.021 seconds
[2023-12-26T08:31:18.658+0000] {processor.py:154} INFO - Started process (PID=2243) to work on /opt/airflow/dags/subdag.py
[2023-12-26T08:31:18.659+0000] {processor.py:756} INFO - Processing file /opt/airflow/dags/subdag.py for tasks to queue
[2023-12-26T08:31:18.660+0000] {logging_mixin.py:120} INFO - [2023-12-26T08:31:18.659+0000] {dagbag.py:537} INFO - Filling up the DagBag from /opt/airflow/dags/subdag.py
[2023-12-26T08:31:18.664+0000] {processor.py:768} WARNING - No viable dags retrieved from /opt/airflow/dags/subdag.py
[2023-12-26T08:31:18.679+0000] {processor.py:176} INFO - Processing /opt/airflow/dags/subdag.py took 0.023 seconds
[2023-12-26T08:31:48.955+0000] {processor.py:154} INFO - Started process (PID=2287) to work on /opt/airflow/dags/subdag.py
[2023-12-26T08:31:48.955+0000] {processor.py:756} INFO - Processing file /opt/airflow/dags/subdag.py for tasks to queue
[2023-12-26T08:31:48.956+0000] {logging_mixin.py:120} INFO - [2023-12-26T08:31:48.956+0000] {dagbag.py:537} INFO - Filling up the DagBag from /opt/airflow/dags/subdag.py
[2023-12-26T08:31:48.960+0000] {processor.py:768} WARNING - No viable dags retrieved from /opt/airflow/dags/subdag.py
[2023-12-26T08:31:48.971+0000] {processor.py:176} INFO - Processing /opt/airflow/dags/subdag.py took 0.019 seconds
[2023-12-26T08:32:19.372+0000] {processor.py:154} INFO - Started process (PID=2322) to work on /opt/airflow/dags/subdag.py
[2023-12-26T08:32:19.373+0000] {processor.py:756} INFO - Processing file /opt/airflow/dags/subdag.py for tasks to queue
[2023-12-26T08:32:19.374+0000] {logging_mixin.py:120} INFO - [2023-12-26T08:32:19.374+0000] {dagbag.py:537} INFO - Filling up the DagBag from /opt/airflow/dags/subdag.py
[2023-12-26T08:32:19.379+0000] {processor.py:768} WARNING - No viable dags retrieved from /opt/airflow/dags/subdag.py
[2023-12-26T08:32:19.391+0000] {processor.py:176} INFO - Processing /opt/airflow/dags/subdag.py took 0.022 seconds
[2023-12-26T08:32:49.813+0000] {processor.py:154} INFO - Started process (PID=2367) to work on /opt/airflow/dags/subdag.py
[2023-12-26T08:32:49.813+0000] {processor.py:756} INFO - Processing file /opt/airflow/dags/subdag.py for tasks to queue
[2023-12-26T08:32:49.814+0000] {logging_mixin.py:120} INFO - [2023-12-26T08:32:49.814+0000] {dagbag.py:537} INFO - Filling up the DagBag from /opt/airflow/dags/subdag.py
[2023-12-26T08:32:49.818+0000] {processor.py:768} WARNING - No viable dags retrieved from /opt/airflow/dags/subdag.py
[2023-12-26T08:32:49.829+0000] {processor.py:176} INFO - Processing /opt/airflow/dags/subdag.py took 0.019 seconds
[2023-12-26T08:33:20.282+0000] {processor.py:154} INFO - Started process (PID=2411) to work on /opt/airflow/dags/subdag.py
[2023-12-26T08:33:20.282+0000] {processor.py:756} INFO - Processing file /opt/airflow/dags/subdag.py for tasks to queue
[2023-12-26T08:33:20.283+0000] {logging_mixin.py:120} INFO - [2023-12-26T08:33:20.283+0000] {dagbag.py:537} INFO - Filling up the DagBag from /opt/airflow/dags/subdag.py
[2023-12-26T08:33:20.287+0000] {processor.py:768} WARNING - No viable dags retrieved from /opt/airflow/dags/subdag.py
[2023-12-26T08:33:20.298+0000] {processor.py:176} INFO - Processing /opt/airflow/dags/subdag.py took 0.019 seconds
[2023-12-26T08:33:50.435+0000] {processor.py:154} INFO - Started process (PID=2455) to work on /opt/airflow/dags/subdag.py
[2023-12-26T08:33:50.436+0000] {processor.py:756} INFO - Processing file /opt/airflow/dags/subdag.py for tasks to queue
[2023-12-26T08:33:50.437+0000] {logging_mixin.py:120} INFO - [2023-12-26T08:33:50.437+0000] {dagbag.py:537} INFO - Filling up the DagBag from /opt/airflow/dags/subdag.py
[2023-12-26T08:33:50.440+0000] {processor.py:768} WARNING - No viable dags retrieved from /opt/airflow/dags/subdag.py
[2023-12-26T08:33:50.452+0000] {processor.py:176} INFO - Processing /opt/airflow/dags/subdag.py took 0.020 seconds
[2023-12-26T08:34:20.765+0000] {processor.py:154} INFO - Started process (PID=2491) to work on /opt/airflow/dags/subdag.py
[2023-12-26T08:34:20.765+0000] {processor.py:756} INFO - Processing file /opt/airflow/dags/subdag.py for tasks to queue
[2023-12-26T08:34:20.766+0000] {logging_mixin.py:120} INFO - [2023-12-26T08:34:20.766+0000] {dagbag.py:537} INFO - Filling up the DagBag from /opt/airflow/dags/subdag.py
[2023-12-26T08:34:20.770+0000] {processor.py:768} WARNING - No viable dags retrieved from /opt/airflow/dags/subdag.py
[2023-12-26T08:34:20.783+0000] {processor.py:176} INFO - Processing /opt/airflow/dags/subdag.py took 0.020 seconds
[2023-12-26T08:34:51.363+0000] {processor.py:154} INFO - Started process (PID=2537) to work on /opt/airflow/dags/subdag.py
[2023-12-26T08:34:51.364+0000] {processor.py:756} INFO - Processing file /opt/airflow/dags/subdag.py for tasks to queue
[2023-12-26T08:34:51.365+0000] {logging_mixin.py:120} INFO - [2023-12-26T08:34:51.364+0000] {dagbag.py:537} INFO - Filling up the DagBag from /opt/airflow/dags/subdag.py
[2023-12-26T08:34:51.369+0000] {processor.py:768} WARNING - No viable dags retrieved from /opt/airflow/dags/subdag.py
[2023-12-26T08:34:51.380+0000] {processor.py:176} INFO - Processing /opt/airflow/dags/subdag.py took 0.019 seconds
[2023-12-26T08:35:21.761+0000] {processor.py:154} INFO - Started process (PID=2583) to work on /opt/airflow/dags/subdag.py
[2023-12-26T08:35:21.762+0000] {processor.py:756} INFO - Processing file /opt/airflow/dags/subdag.py for tasks to queue
[2023-12-26T08:35:21.763+0000] {logging_mixin.py:120} INFO - [2023-12-26T08:35:21.762+0000] {dagbag.py:537} INFO - Filling up the DagBag from /opt/airflow/dags/subdag.py
[2023-12-26T08:35:21.767+0000] {processor.py:768} WARNING - No viable dags retrieved from /opt/airflow/dags/subdag.py
[2023-12-26T08:35:21.778+0000] {processor.py:176} INFO - Processing /opt/airflow/dags/subdag.py took 0.019 seconds
[2023-12-26T08:35:52.301+0000] {processor.py:154} INFO - Started process (PID=2619) to work on /opt/airflow/dags/subdag.py
[2023-12-26T08:35:52.301+0000] {processor.py:756} INFO - Processing file /opt/airflow/dags/subdag.py for tasks to queue
[2023-12-26T08:35:52.302+0000] {logging_mixin.py:120} INFO - [2023-12-26T08:35:52.302+0000] {dagbag.py:537} INFO - Filling up the DagBag from /opt/airflow/dags/subdag.py
[2023-12-26T08:35:52.306+0000] {processor.py:768} WARNING - No viable dags retrieved from /opt/airflow/dags/subdag.py
[2023-12-26T08:35:52.317+0000] {processor.py:176} INFO - Processing /opt/airflow/dags/subdag.py took 0.020 seconds
[2023-12-26T08:36:22.719+0000] {processor.py:154} INFO - Started process (PID=2666) to work on /opt/airflow/dags/subdag.py
[2023-12-26T08:36:22.720+0000] {processor.py:756} INFO - Processing file /opt/airflow/dags/subdag.py for tasks to queue
[2023-12-26T08:36:22.720+0000] {logging_mixin.py:120} INFO - [2023-12-26T08:36:22.720+0000] {dagbag.py:537} INFO - Filling up the DagBag from /opt/airflow/dags/subdag.py
[2023-12-26T08:36:22.724+0000] {processor.py:768} WARNING - No viable dags retrieved from /opt/airflow/dags/subdag.py
[2023-12-26T08:36:22.735+0000] {processor.py:176} INFO - Processing /opt/airflow/dags/subdag.py took 0.020 seconds
[2023-12-26T08:36:53.109+0000] {processor.py:154} INFO - Started process (PID=2712) to work on /opt/airflow/dags/subdag.py
[2023-12-26T08:36:53.109+0000] {processor.py:756} INFO - Processing file /opt/airflow/dags/subdag.py for tasks to queue
[2023-12-26T08:36:53.110+0000] {logging_mixin.py:120} INFO - [2023-12-26T08:36:53.110+0000] {dagbag.py:537} INFO - Filling up the DagBag from /opt/airflow/dags/subdag.py
[2023-12-26T08:36:53.114+0000] {processor.py:768} WARNING - No viable dags retrieved from /opt/airflow/dags/subdag.py
[2023-12-26T08:36:53.125+0000] {processor.py:176} INFO - Processing /opt/airflow/dags/subdag.py took 0.019 seconds
[2023-12-26T08:37:23.478+0000] {processor.py:154} INFO - Started process (PID=2748) to work on /opt/airflow/dags/subdag.py
[2023-12-26T08:37:23.479+0000] {processor.py:756} INFO - Processing file /opt/airflow/dags/subdag.py for tasks to queue
[2023-12-26T08:37:23.480+0000] {logging_mixin.py:120} INFO - [2023-12-26T08:37:23.480+0000] {dagbag.py:537} INFO - Filling up the DagBag from /opt/airflow/dags/subdag.py
[2023-12-26T08:37:23.486+0000] {processor.py:768} WARNING - No viable dags retrieved from /opt/airflow/dags/subdag.py
[2023-12-26T08:37:23.501+0000] {processor.py:176} INFO - Processing /opt/airflow/dags/subdag.py took 0.028 seconds
[2023-12-26T08:37:53.955+0000] {processor.py:154} INFO - Started process (PID=2796) to work on /opt/airflow/dags/subdag.py
[2023-12-26T08:37:53.956+0000] {processor.py:756} INFO - Processing file /opt/airflow/dags/subdag.py for tasks to queue
[2023-12-26T08:37:53.957+0000] {logging_mixin.py:120} INFO - [2023-12-26T08:37:53.957+0000] {dagbag.py:537} INFO - Filling up the DagBag from /opt/airflow/dags/subdag.py
[2023-12-26T08:37:53.962+0000] {processor.py:768} WARNING - No viable dags retrieved from /opt/airflow/dags/subdag.py
[2023-12-26T08:37:53.976+0000] {processor.py:176} INFO - Processing /opt/airflow/dags/subdag.py took 0.024 seconds
[2023-12-26T08:38:24.414+0000] {processor.py:154} INFO - Started process (PID=2843) to work on /opt/airflow/dags/subdag.py
[2023-12-26T08:38:24.415+0000] {processor.py:756} INFO - Processing file /opt/airflow/dags/subdag.py for tasks to queue
[2023-12-26T08:38:24.415+0000] {logging_mixin.py:120} INFO - [2023-12-26T08:38:24.415+0000] {dagbag.py:537} INFO - Filling up the DagBag from /opt/airflow/dags/subdag.py
[2023-12-26T08:38:24.419+0000] {processor.py:768} WARNING - No viable dags retrieved from /opt/airflow/dags/subdag.py
[2023-12-26T08:38:24.431+0000] {processor.py:176} INFO - Processing /opt/airflow/dags/subdag.py took 0.020 seconds
[2023-12-26T08:38:54.943+0000] {processor.py:154} INFO - Started process (PID=2887) to work on /opt/airflow/dags/subdag.py
[2023-12-26T08:38:54.944+0000] {processor.py:756} INFO - Processing file /opt/airflow/dags/subdag.py for tasks to queue
[2023-12-26T08:38:54.945+0000] {logging_mixin.py:120} INFO - [2023-12-26T08:38:54.945+0000] {dagbag.py:537} INFO - Filling up the DagBag from /opt/airflow/dags/subdag.py
[2023-12-26T08:38:54.951+0000] {processor.py:768} WARNING - No viable dags retrieved from /opt/airflow/dags/subdag.py
[2023-12-26T08:38:54.967+0000] {processor.py:176} INFO - Processing /opt/airflow/dags/subdag.py took 0.028 seconds
[2023-12-26T08:39:25.285+0000] {processor.py:154} INFO - Started process (PID=2925) to work on /opt/airflow/dags/subdag.py
[2023-12-26T08:39:25.286+0000] {processor.py:756} INFO - Processing file /opt/airflow/dags/subdag.py for tasks to queue
[2023-12-26T08:39:25.287+0000] {logging_mixin.py:120} INFO - [2023-12-26T08:39:25.287+0000] {dagbag.py:537} INFO - Filling up the DagBag from /opt/airflow/dags/subdag.py
[2023-12-26T08:39:25.291+0000] {processor.py:768} WARNING - No viable dags retrieved from /opt/airflow/dags/subdag.py
[2023-12-26T08:39:25.307+0000] {processor.py:176} INFO - Processing /opt/airflow/dags/subdag.py took 0.026 seconds
[2023-12-26T08:39:55.788+0000] {processor.py:154} INFO - Started process (PID=2970) to work on /opt/airflow/dags/subdag.py
[2023-12-26T08:39:55.789+0000] {processor.py:756} INFO - Processing file /opt/airflow/dags/subdag.py for tasks to queue
[2023-12-26T08:39:55.790+0000] {logging_mixin.py:120} INFO - [2023-12-26T08:39:55.790+0000] {dagbag.py:537} INFO - Filling up the DagBag from /opt/airflow/dags/subdag.py
[2023-12-26T08:39:55.793+0000] {processor.py:768} WARNING - No viable dags retrieved from /opt/airflow/dags/subdag.py
[2023-12-26T08:39:55.807+0000] {processor.py:176} INFO - Processing /opt/airflow/dags/subdag.py took 0.023 seconds
[2023-12-26T08:40:26.408+0000] {processor.py:154} INFO - Started process (PID=3020) to work on /opt/airflow/dags/subdag.py
[2023-12-26T08:40:26.409+0000] {processor.py:756} INFO - Processing file /opt/airflow/dags/subdag.py for tasks to queue
[2023-12-26T08:40:26.410+0000] {logging_mixin.py:120} INFO - [2023-12-26T08:40:26.409+0000] {dagbag.py:537} INFO - Filling up the DagBag from /opt/airflow/dags/subdag.py
[2023-12-26T08:40:26.415+0000] {processor.py:768} WARNING - No viable dags retrieved from /opt/airflow/dags/subdag.py
[2023-12-26T08:40:26.431+0000] {processor.py:176} INFO - Processing /opt/airflow/dags/subdag.py took 0.026 seconds
[2023-12-26T08:40:57.039+0000] {processor.py:154} INFO - Started process (PID=3058) to work on /opt/airflow/dags/subdag.py
[2023-12-26T08:40:57.040+0000] {processor.py:756} INFO - Processing file /opt/airflow/dags/subdag.py for tasks to queue
[2023-12-26T08:40:57.040+0000] {logging_mixin.py:120} INFO - [2023-12-26T08:40:57.040+0000] {dagbag.py:537} INFO - Filling up the DagBag from /opt/airflow/dags/subdag.py
[2023-12-26T08:40:57.045+0000] {processor.py:768} WARNING - No viable dags retrieved from /opt/airflow/dags/subdag.py
[2023-12-26T08:40:57.059+0000] {processor.py:176} INFO - Processing /opt/airflow/dags/subdag.py took 0.024 seconds
[2023-12-26T08:41:27.374+0000] {processor.py:154} INFO - Started process (PID=3102) to work on /opt/airflow/dags/subdag.py
[2023-12-26T08:41:27.375+0000] {processor.py:756} INFO - Processing file /opt/airflow/dags/subdag.py for tasks to queue
[2023-12-26T08:41:27.375+0000] {logging_mixin.py:120} INFO - [2023-12-26T08:41:27.375+0000] {dagbag.py:537} INFO - Filling up the DagBag from /opt/airflow/dags/subdag.py
[2023-12-26T08:41:27.379+0000] {processor.py:768} WARNING - No viable dags retrieved from /opt/airflow/dags/subdag.py
[2023-12-26T08:41:27.394+0000] {processor.py:176} INFO - Processing /opt/airflow/dags/subdag.py took 0.022 seconds
[2023-12-26T08:41:57.912+0000] {processor.py:154} INFO - Started process (PID=3149) to work on /opt/airflow/dags/subdag.py
[2023-12-26T08:41:57.913+0000] {processor.py:756} INFO - Processing file /opt/airflow/dags/subdag.py for tasks to queue
[2023-12-26T08:41:57.913+0000] {logging_mixin.py:120} INFO - [2023-12-26T08:41:57.913+0000] {dagbag.py:537} INFO - Filling up the DagBag from /opt/airflow/dags/subdag.py
[2023-12-26T08:41:57.918+0000] {processor.py:768} WARNING - No viable dags retrieved from /opt/airflow/dags/subdag.py
[2023-12-26T08:41:57.930+0000] {processor.py:176} INFO - Processing /opt/airflow/dags/subdag.py took 0.021 seconds
[2023-12-26T08:42:28.125+0000] {processor.py:154} INFO - Started process (PID=3188) to work on /opt/airflow/dags/subdag.py
[2023-12-26T08:42:28.126+0000] {processor.py:756} INFO - Processing file /opt/airflow/dags/subdag.py for tasks to queue
[2023-12-26T08:42:28.127+0000] {logging_mixin.py:120} INFO - [2023-12-26T08:42:28.127+0000] {dagbag.py:537} INFO - Filling up the DagBag from /opt/airflow/dags/subdag.py
[2023-12-26T08:42:28.136+0000] {processor.py:768} WARNING - No viable dags retrieved from /opt/airflow/dags/subdag.py
[2023-12-26T08:42:28.164+0000] {processor.py:176} INFO - Processing /opt/airflow/dags/subdag.py took 0.042 seconds
[2023-12-26T08:42:58.876+0000] {processor.py:154} INFO - Started process (PID=3239) to work on /opt/airflow/dags/subdag.py
[2023-12-26T08:42:58.877+0000] {processor.py:756} INFO - Processing file /opt/airflow/dags/subdag.py for tasks to queue
[2023-12-26T08:42:58.878+0000] {logging_mixin.py:120} INFO - [2023-12-26T08:42:58.878+0000] {dagbag.py:537} INFO - Filling up the DagBag from /opt/airflow/dags/subdag.py
[2023-12-26T08:42:58.882+0000] {processor.py:768} WARNING - No viable dags retrieved from /opt/airflow/dags/subdag.py
[2023-12-26T08:42:58.893+0000] {processor.py:176} INFO - Processing /opt/airflow/dags/subdag.py took 0.020 seconds
[2023-12-26T08:43:29.277+0000] {processor.py:154} INFO - Started process (PID=3283) to work on /opt/airflow/dags/subdag.py
[2023-12-26T08:43:29.284+0000] {processor.py:756} INFO - Processing file /opt/airflow/dags/subdag.py for tasks to queue
[2023-12-26T08:43:29.285+0000] {logging_mixin.py:120} INFO - [2023-12-26T08:43:29.285+0000] {dagbag.py:537} INFO - Filling up the DagBag from /opt/airflow/dags/subdag.py
[2023-12-26T08:43:29.291+0000] {processor.py:768} WARNING - No viable dags retrieved from /opt/airflow/dags/subdag.py
[2023-12-26T08:43:29.306+0000] {processor.py:176} INFO - Processing /opt/airflow/dags/subdag.py took 0.033 seconds
[2023-12-26T08:43:59.612+0000] {processor.py:154} INFO - Started process (PID=3320) to work on /opt/airflow/dags/subdag.py
[2023-12-26T08:43:59.613+0000] {processor.py:756} INFO - Processing file /opt/airflow/dags/subdag.py for tasks to queue
[2023-12-26T08:43:59.613+0000] {logging_mixin.py:120} INFO - [2023-12-26T08:43:59.613+0000] {dagbag.py:537} INFO - Filling up the DagBag from /opt/airflow/dags/subdag.py
[2023-12-26T08:43:59.618+0000] {processor.py:768} WARNING - No viable dags retrieved from /opt/airflow/dags/subdag.py
[2023-12-26T08:43:59.631+0000] {processor.py:176} INFO - Processing /opt/airflow/dags/subdag.py took 0.022 seconds
[2023-12-26T08:44:30.365+0000] {processor.py:154} INFO - Started process (PID=3366) to work on /opt/airflow/dags/subdag.py
[2023-12-26T08:44:30.366+0000] {processor.py:756} INFO - Processing file /opt/airflow/dags/subdag.py for tasks to queue
[2023-12-26T08:44:30.367+0000] {logging_mixin.py:120} INFO - [2023-12-26T08:44:30.366+0000] {dagbag.py:537} INFO - Filling up the DagBag from /opt/airflow/dags/subdag.py
[2023-12-26T08:44:30.371+0000] {processor.py:768} WARNING - No viable dags retrieved from /opt/airflow/dags/subdag.py
[2023-12-26T08:44:30.383+0000] {processor.py:176} INFO - Processing /opt/airflow/dags/subdag.py took 0.023 seconds
[2023-12-26T08:45:00.941+0000] {processor.py:154} INFO - Started process (PID=3413) to work on /opt/airflow/dags/subdag.py
[2023-12-26T08:45:00.942+0000] {processor.py:756} INFO - Processing file /opt/airflow/dags/subdag.py for tasks to queue
[2023-12-26T08:45:00.943+0000] {logging_mixin.py:120} INFO - [2023-12-26T08:45:00.943+0000] {dagbag.py:537} INFO - Filling up the DagBag from /opt/airflow/dags/subdag.py
[2023-12-26T08:45:00.947+0000] {processor.py:768} WARNING - No viable dags retrieved from /opt/airflow/dags/subdag.py
[2023-12-26T08:45:00.959+0000] {processor.py:176} INFO - Processing /opt/airflow/dags/subdag.py took 0.020 seconds
[2023-12-26T08:45:31.477+0000] {processor.py:154} INFO - Started process (PID=3449) to work on /opt/airflow/dags/subdag.py
[2023-12-26T08:45:31.478+0000] {processor.py:756} INFO - Processing file /opt/airflow/dags/subdag.py for tasks to queue
[2023-12-26T08:45:31.478+0000] {logging_mixin.py:120} INFO - [2023-12-26T08:45:31.478+0000] {dagbag.py:537} INFO - Filling up the DagBag from /opt/airflow/dags/subdag.py
[2023-12-26T08:45:31.482+0000] {processor.py:768} WARNING - No viable dags retrieved from /opt/airflow/dags/subdag.py
[2023-12-26T08:45:31.494+0000] {processor.py:176} INFO - Processing /opt/airflow/dags/subdag.py took 0.020 seconds
[2023-12-26T08:46:01.997+0000] {processor.py:154} INFO - Started process (PID=3496) to work on /opt/airflow/dags/subdag.py
[2023-12-26T08:46:01.998+0000] {processor.py:756} INFO - Processing file /opt/airflow/dags/subdag.py for tasks to queue
[2023-12-26T08:46:01.999+0000] {logging_mixin.py:120} INFO - [2023-12-26T08:46:01.998+0000] {dagbag.py:537} INFO - Filling up the DagBag from /opt/airflow/dags/subdag.py
[2023-12-26T08:46:02.004+0000] {processor.py:768} WARNING - No viable dags retrieved from /opt/airflow/dags/subdag.py
[2023-12-26T08:46:02.017+0000] {processor.py:176} INFO - Processing /opt/airflow/dags/subdag.py took 0.023 seconds
[2023-12-26T08:46:32.670+0000] {processor.py:154} INFO - Started process (PID=3542) to work on /opt/airflow/dags/subdag.py
[2023-12-26T08:46:32.671+0000] {processor.py:756} INFO - Processing file /opt/airflow/dags/subdag.py for tasks to queue
[2023-12-26T08:46:32.672+0000] {logging_mixin.py:120} INFO - [2023-12-26T08:46:32.672+0000] {dagbag.py:537} INFO - Filling up the DagBag from /opt/airflow/dags/subdag.py
[2023-12-26T08:46:32.677+0000] {processor.py:768} WARNING - No viable dags retrieved from /opt/airflow/dags/subdag.py
[2023-12-26T08:46:32.693+0000] {processor.py:176} INFO - Processing /opt/airflow/dags/subdag.py took 0.031 seconds
[2023-12-26T08:47:03.226+0000] {processor.py:154} INFO - Started process (PID=3579) to work on /opt/airflow/dags/subdag.py
[2023-12-26T08:47:03.226+0000] {processor.py:756} INFO - Processing file /opt/airflow/dags/subdag.py for tasks to queue
[2023-12-26T08:47:03.227+0000] {logging_mixin.py:120} INFO - [2023-12-26T08:47:03.227+0000] {dagbag.py:537} INFO - Filling up the DagBag from /opt/airflow/dags/subdag.py
[2023-12-26T08:47:03.231+0000] {processor.py:768} WARNING - No viable dags retrieved from /opt/airflow/dags/subdag.py
[2023-12-26T08:47:03.243+0000] {processor.py:176} INFO - Processing /opt/airflow/dags/subdag.py took 0.019 seconds
[2023-12-26T08:47:33.636+0000] {processor.py:154} INFO - Started process (PID=3624) to work on /opt/airflow/dags/subdag.py
[2023-12-26T08:47:33.636+0000] {processor.py:756} INFO - Processing file /opt/airflow/dags/subdag.py for tasks to queue
[2023-12-26T08:47:33.637+0000] {logging_mixin.py:120} INFO - [2023-12-26T08:47:33.637+0000] {dagbag.py:537} INFO - Filling up the DagBag from /opt/airflow/dags/subdag.py
[2023-12-26T08:47:33.641+0000] {processor.py:768} WARNING - No viable dags retrieved from /opt/airflow/dags/subdag.py
[2023-12-26T08:47:33.652+0000] {processor.py:176} INFO - Processing /opt/airflow/dags/subdag.py took 0.018 seconds
[2023-12-26T08:48:03.960+0000] {processor.py:154} INFO - Started process (PID=3660) to work on /opt/airflow/dags/subdag.py
[2023-12-26T08:48:03.960+0000] {processor.py:756} INFO - Processing file /opt/airflow/dags/subdag.py for tasks to queue
[2023-12-26T08:48:03.961+0000] {logging_mixin.py:120} INFO - [2023-12-26T08:48:03.961+0000] {dagbag.py:537} INFO - Filling up the DagBag from /opt/airflow/dags/subdag.py
[2023-12-26T08:48:03.964+0000] {processor.py:768} WARNING - No viable dags retrieved from /opt/airflow/dags/subdag.py
[2023-12-26T08:48:03.977+0000] {processor.py:176} INFO - Processing /opt/airflow/dags/subdag.py took 0.020 seconds
[2023-12-26T08:48:34.542+0000] {processor.py:154} INFO - Started process (PID=3705) to work on /opt/airflow/dags/subdag.py
[2023-12-26T08:48:34.543+0000] {processor.py:756} INFO - Processing file /opt/airflow/dags/subdag.py for tasks to queue
[2023-12-26T08:48:34.543+0000] {logging_mixin.py:120} INFO - [2023-12-26T08:48:34.543+0000] {dagbag.py:537} INFO - Filling up the DagBag from /opt/airflow/dags/subdag.py
[2023-12-26T08:48:34.547+0000] {processor.py:768} WARNING - No viable dags retrieved from /opt/airflow/dags/subdag.py
[2023-12-26T08:48:34.558+0000] {processor.py:176} INFO - Processing /opt/airflow/dags/subdag.py took 0.019 seconds
[2023-12-26T08:49:05.498+0000] {processor.py:154} INFO - Started process (PID=3750) to work on /opt/airflow/dags/subdag.py
[2023-12-26T08:49:05.499+0000] {processor.py:756} INFO - Processing file /opt/airflow/dags/subdag.py for tasks to queue
[2023-12-26T08:49:05.500+0000] {logging_mixin.py:120} INFO - [2023-12-26T08:49:05.499+0000] {dagbag.py:537} INFO - Filling up the DagBag from /opt/airflow/dags/subdag.py
[2023-12-26T08:49:05.503+0000] {processor.py:768} WARNING - No viable dags retrieved from /opt/airflow/dags/subdag.py
[2023-12-26T08:49:05.515+0000] {processor.py:176} INFO - Processing /opt/airflow/dags/subdag.py took 0.019 seconds
[2023-12-26T08:49:35.985+0000] {processor.py:154} INFO - Started process (PID=3795) to work on /opt/airflow/dags/subdag.py
[2023-12-26T08:49:35.990+0000] {processor.py:756} INFO - Processing file /opt/airflow/dags/subdag.py for tasks to queue
[2023-12-26T08:49:35.994+0000] {logging_mixin.py:120} INFO - [2023-12-26T08:49:35.994+0000] {dagbag.py:537} INFO - Filling up the DagBag from /opt/airflow/dags/subdag.py
[2023-12-26T08:49:36.000+0000] {processor.py:768} WARNING - No viable dags retrieved from /opt/airflow/dags/subdag.py
[2023-12-26T08:49:36.020+0000] {processor.py:176} INFO - Processing /opt/airflow/dags/subdag.py took 0.039 seconds
[2023-12-26T08:50:06.451+0000] {processor.py:154} INFO - Started process (PID=3831) to work on /opt/airflow/dags/subdag.py
[2023-12-26T08:50:06.452+0000] {processor.py:756} INFO - Processing file /opt/airflow/dags/subdag.py for tasks to queue
[2023-12-26T08:50:06.452+0000] {logging_mixin.py:120} INFO - [2023-12-26T08:50:06.452+0000] {dagbag.py:537} INFO - Filling up the DagBag from /opt/airflow/dags/subdag.py
[2023-12-26T08:50:06.456+0000] {processor.py:768} WARNING - No viable dags retrieved from /opt/airflow/dags/subdag.py
[2023-12-26T08:50:06.467+0000] {processor.py:176} INFO - Processing /opt/airflow/dags/subdag.py took 0.019 seconds
[2023-12-26T08:50:37.124+0000] {processor.py:154} INFO - Started process (PID=3876) to work on /opt/airflow/dags/subdag.py
[2023-12-26T08:50:37.125+0000] {processor.py:756} INFO - Processing file /opt/airflow/dags/subdag.py for tasks to queue
[2023-12-26T08:50:37.126+0000] {logging_mixin.py:120} INFO - [2023-12-26T08:50:37.126+0000] {dagbag.py:537} INFO - Filling up the DagBag from /opt/airflow/dags/subdag.py
[2023-12-26T08:50:37.130+0000] {processor.py:768} WARNING - No viable dags retrieved from /opt/airflow/dags/subdag.py
[2023-12-26T08:50:37.141+0000] {processor.py:176} INFO - Processing /opt/airflow/dags/subdag.py took 0.019 seconds
[2023-12-26T08:51:07.587+0000] {processor.py:154} INFO - Started process (PID=3922) to work on /opt/airflow/dags/subdag.py
[2023-12-26T08:51:07.588+0000] {processor.py:756} INFO - Processing file /opt/airflow/dags/subdag.py for tasks to queue
[2023-12-26T08:51:07.588+0000] {logging_mixin.py:120} INFO - [2023-12-26T08:51:07.588+0000] {dagbag.py:537} INFO - Filling up the DagBag from /opt/airflow/dags/subdag.py
[2023-12-26T08:51:07.593+0000] {processor.py:768} WARNING - No viable dags retrieved from /opt/airflow/dags/subdag.py
[2023-12-26T08:51:07.606+0000] {processor.py:176} INFO - Processing /opt/airflow/dags/subdag.py took 0.022 seconds
[2023-12-26T08:51:38.073+0000] {processor.py:154} INFO - Started process (PID=3960) to work on /opt/airflow/dags/subdag.py
[2023-12-26T08:51:38.073+0000] {processor.py:756} INFO - Processing file /opt/airflow/dags/subdag.py for tasks to queue
[2023-12-26T08:51:38.074+0000] {logging_mixin.py:120} INFO - [2023-12-26T08:51:38.074+0000] {dagbag.py:537} INFO - Filling up the DagBag from /opt/airflow/dags/subdag.py
[2023-12-26T08:51:38.078+0000] {processor.py:768} WARNING - No viable dags retrieved from /opt/airflow/dags/subdag.py
[2023-12-26T08:51:38.093+0000] {processor.py:176} INFO - Processing /opt/airflow/dags/subdag.py took 0.025 seconds
[2023-12-26T08:52:08.572+0000] {processor.py:154} INFO - Started process (PID=4010) to work on /opt/airflow/dags/subdag.py
[2023-12-26T08:52:08.573+0000] {processor.py:756} INFO - Processing file /opt/airflow/dags/subdag.py for tasks to queue
[2023-12-26T08:52:08.573+0000] {logging_mixin.py:120} INFO - [2023-12-26T08:52:08.573+0000] {dagbag.py:537} INFO - Filling up the DagBag from /opt/airflow/dags/subdag.py
[2023-12-26T08:52:08.578+0000] {processor.py:768} WARNING - No viable dags retrieved from /opt/airflow/dags/subdag.py
[2023-12-26T08:52:08.589+0000] {processor.py:176} INFO - Processing /opt/airflow/dags/subdag.py took 0.020 seconds
[2023-12-26T08:52:39.389+0000] {processor.py:154} INFO - Started process (PID=4062) to work on /opt/airflow/dags/subdag.py
[2023-12-26T08:52:39.390+0000] {processor.py:756} INFO - Processing file /opt/airflow/dags/subdag.py for tasks to queue
[2023-12-26T08:52:39.390+0000] {logging_mixin.py:120} INFO - [2023-12-26T08:52:39.390+0000] {dagbag.py:537} INFO - Filling up the DagBag from /opt/airflow/dags/subdag.py
[2023-12-26T08:52:39.394+0000] {processor.py:768} WARNING - No viable dags retrieved from /opt/airflow/dags/subdag.py
[2023-12-26T08:52:39.404+0000] {processor.py:176} INFO - Processing /opt/airflow/dags/subdag.py took 0.018 seconds
[2023-12-26T08:53:10.149+0000] {processor.py:154} INFO - Started process (PID=4110) to work on /opt/airflow/dags/subdag.py
[2023-12-26T08:53:10.149+0000] {processor.py:756} INFO - Processing file /opt/airflow/dags/subdag.py for tasks to queue
[2023-12-26T08:53:10.150+0000] {logging_mixin.py:120} INFO - [2023-12-26T08:53:10.150+0000] {dagbag.py:537} INFO - Filling up the DagBag from /opt/airflow/dags/subdag.py
[2023-12-26T08:53:10.155+0000] {processor.py:768} WARNING - No viable dags retrieved from /opt/airflow/dags/subdag.py
[2023-12-26T08:53:10.170+0000] {processor.py:176} INFO - Processing /opt/airflow/dags/subdag.py took 0.024 seconds
[2023-12-26T08:53:40.747+0000] {processor.py:154} INFO - Started process (PID=4150) to work on /opt/airflow/dags/subdag.py
[2023-12-26T08:53:40.748+0000] {processor.py:756} INFO - Processing file /opt/airflow/dags/subdag.py for tasks to queue
[2023-12-26T08:53:40.748+0000] {logging_mixin.py:120} INFO - [2023-12-26T08:53:40.748+0000] {dagbag.py:537} INFO - Filling up the DagBag from /opt/airflow/dags/subdag.py
[2023-12-26T08:53:40.752+0000] {processor.py:768} WARNING - No viable dags retrieved from /opt/airflow/dags/subdag.py
[2023-12-26T08:53:40.763+0000] {processor.py:176} INFO - Processing /opt/airflow/dags/subdag.py took 0.019 seconds
[2023-12-26T08:54:11.002+0000] {processor.py:154} INFO - Started process (PID=4203) to work on /opt/airflow/dags/subdag.py
[2023-12-26T08:54:11.003+0000] {processor.py:756} INFO - Processing file /opt/airflow/dags/subdag.py for tasks to queue
[2023-12-26T08:54:11.004+0000] {logging_mixin.py:120} INFO - [2023-12-26T08:54:11.004+0000] {dagbag.py:537} INFO - Filling up the DagBag from /opt/airflow/dags/subdag.py
[2023-12-26T08:54:11.008+0000] {processor.py:768} WARNING - No viable dags retrieved from /opt/airflow/dags/subdag.py
[2023-12-26T08:54:11.018+0000] {processor.py:176} INFO - Processing /opt/airflow/dags/subdag.py took 0.018 seconds
[2023-12-26T08:54:41.856+0000] {processor.py:154} INFO - Started process (PID=4254) to work on /opt/airflow/dags/subdag.py
[2023-12-26T08:54:41.856+0000] {processor.py:756} INFO - Processing file /opt/airflow/dags/subdag.py for tasks to queue
[2023-12-26T08:54:41.857+0000] {logging_mixin.py:120} INFO - [2023-12-26T08:54:41.857+0000] {dagbag.py:537} INFO - Filling up the DagBag from /opt/airflow/dags/subdag.py
[2023-12-26T08:54:41.860+0000] {processor.py:768} WARNING - No viable dags retrieved from /opt/airflow/dags/subdag.py
[2023-12-26T08:54:41.872+0000] {processor.py:176} INFO - Processing /opt/airflow/dags/subdag.py took 0.019 seconds
[2023-12-26T08:55:12.145+0000] {processor.py:154} INFO - Started process (PID=4290) to work on /opt/airflow/dags/subdag.py
[2023-12-26T08:55:12.146+0000] {processor.py:756} INFO - Processing file /opt/airflow/dags/subdag.py for tasks to queue
[2023-12-26T08:55:12.147+0000] {logging_mixin.py:120} INFO - [2023-12-26T08:55:12.147+0000] {dagbag.py:537} INFO - Filling up the DagBag from /opt/airflow/dags/subdag.py
[2023-12-26T08:55:12.152+0000] {processor.py:768} WARNING - No viable dags retrieved from /opt/airflow/dags/subdag.py
[2023-12-26T08:55:12.165+0000] {processor.py:176} INFO - Processing /opt/airflow/dags/subdag.py took 0.023 seconds
[2023-12-26T08:55:42.453+0000] {processor.py:154} INFO - Started process (PID=4337) to work on /opt/airflow/dags/subdag.py
[2023-12-26T08:55:42.454+0000] {processor.py:756} INFO - Processing file /opt/airflow/dags/subdag.py for tasks to queue
[2023-12-26T08:55:42.454+0000] {logging_mixin.py:120} INFO - [2023-12-26T08:55:42.454+0000] {dagbag.py:537} INFO - Filling up the DagBag from /opt/airflow/dags/subdag.py
[2023-12-26T08:55:42.458+0000] {processor.py:768} WARNING - No viable dags retrieved from /opt/airflow/dags/subdag.py
[2023-12-26T08:55:42.469+0000] {processor.py:176} INFO - Processing /opt/airflow/dags/subdag.py took 0.019 seconds
