[2023-12-26T08:03:51.188+0000] {processor.py:154} INFO - Started process (PID=57) to work on /opt/airflow/dags/task_group.py
[2023-12-26T08:03:51.193+0000] {processor.py:756} INFO - Processing file /opt/airflow/dags/task_group.py for tasks to queue
[2023-12-26T08:03:51.194+0000] {logging_mixin.py:120} INFO - [2023-12-26T08:03:51.194+0000] {dagbag.py:537} INFO - Filling up the DagBag from /opt/airflow/dags/task_group.py
[2023-12-26T08:03:51.210+0000] {processor.py:768} WARNING - No viable dags retrieved from /opt/airflow/dags/task_group.py
[2023-12-26T08:03:51.263+0000] {processor.py:176} INFO - Processing /opt/airflow/dags/task_group.py took 0.089 seconds
[2023-12-26T08:04:25.113+0000] {processor.py:154} INFO - Started process (PID=36) to work on /opt/airflow/dags/task_group.py
[2023-12-26T08:04:25.114+0000] {processor.py:756} INFO - Processing file /opt/airflow/dags/task_group.py for tasks to queue
[2023-12-26T08:04:25.115+0000] {logging_mixin.py:120} INFO - [2023-12-26T08:04:25.115+0000] {dagbag.py:537} INFO - Filling up the DagBag from /opt/airflow/dags/task_group.py
[2023-12-26T08:04:25.120+0000] {processor.py:768} WARNING - No viable dags retrieved from /opt/airflow/dags/task_group.py
[2023-12-26T08:04:25.150+0000] {processor.py:176} INFO - Processing /opt/airflow/dags/task_group.py took 0.040 seconds
[2023-12-26T08:04:55.737+0000] {processor.py:154} INFO - Started process (PID=79) to work on /opt/airflow/dags/task_group.py
[2023-12-26T08:04:55.738+0000] {processor.py:756} INFO - Processing file /opt/airflow/dags/task_group.py for tasks to queue
[2023-12-26T08:04:55.739+0000] {logging_mixin.py:120} INFO - [2023-12-26T08:04:55.739+0000] {dagbag.py:537} INFO - Filling up the DagBag from /opt/airflow/dags/task_group.py
[2023-12-26T08:04:55.743+0000] {processor.py:768} WARNING - No viable dags retrieved from /opt/airflow/dags/task_group.py
[2023-12-26T08:04:55.754+0000] {processor.py:176} INFO - Processing /opt/airflow/dags/task_group.py took 0.019 seconds
[2023-12-26T08:05:26.006+0000] {processor.py:154} INFO - Started process (PID=123) to work on /opt/airflow/dags/task_group.py
[2023-12-26T08:05:26.007+0000] {processor.py:756} INFO - Processing file /opt/airflow/dags/task_group.py for tasks to queue
[2023-12-26T08:05:26.008+0000] {logging_mixin.py:120} INFO - [2023-12-26T08:05:26.008+0000] {dagbag.py:537} INFO - Filling up the DagBag from /opt/airflow/dags/task_group.py
[2023-12-26T08:05:26.014+0000] {processor.py:768} WARNING - No viable dags retrieved from /opt/airflow/dags/task_group.py
[2023-12-26T08:05:26.028+0000] {processor.py:176} INFO - Processing /opt/airflow/dags/task_group.py took 0.026 seconds
[2023-12-26T08:05:56.659+0000] {processor.py:154} INFO - Started process (PID=157) to work on /opt/airflow/dags/task_group.py
[2023-12-26T08:05:56.660+0000] {processor.py:756} INFO - Processing file /opt/airflow/dags/task_group.py for tasks to queue
[2023-12-26T08:05:56.661+0000] {logging_mixin.py:120} INFO - [2023-12-26T08:05:56.660+0000] {dagbag.py:537} INFO - Filling up the DagBag from /opt/airflow/dags/task_group.py
[2023-12-26T08:05:56.665+0000] {processor.py:768} WARNING - No viable dags retrieved from /opt/airflow/dags/task_group.py
[2023-12-26T08:05:56.677+0000] {processor.py:176} INFO - Processing /opt/airflow/dags/task_group.py took 0.026 seconds
[2023-12-26T08:06:26.806+0000] {processor.py:154} INFO - Started process (PID=200) to work on /opt/airflow/dags/task_group.py
[2023-12-26T08:06:26.807+0000] {processor.py:756} INFO - Processing file /opt/airflow/dags/task_group.py for tasks to queue
[2023-12-26T08:06:26.807+0000] {logging_mixin.py:120} INFO - [2023-12-26T08:06:26.807+0000] {dagbag.py:537} INFO - Filling up the DagBag from /opt/airflow/dags/task_group.py
[2023-12-26T08:06:26.812+0000] {processor.py:768} WARNING - No viable dags retrieved from /opt/airflow/dags/task_group.py
[2023-12-26T08:06:26.823+0000] {processor.py:176} INFO - Processing /opt/airflow/dags/task_group.py took 0.019 seconds
[2023-12-26T08:06:57.369+0000] {processor.py:154} INFO - Started process (PID=243) to work on /opt/airflow/dags/task_group.py
[2023-12-26T08:06:57.370+0000] {processor.py:756} INFO - Processing file /opt/airflow/dags/task_group.py for tasks to queue
[2023-12-26T08:06:57.370+0000] {logging_mixin.py:120} INFO - [2023-12-26T08:06:57.370+0000] {dagbag.py:537} INFO - Filling up the DagBag from /opt/airflow/dags/task_group.py
[2023-12-26T08:06:57.375+0000] {processor.py:768} WARNING - No viable dags retrieved from /opt/airflow/dags/task_group.py
[2023-12-26T08:06:57.387+0000] {processor.py:176} INFO - Processing /opt/airflow/dags/task_group.py took 0.020 seconds
[2023-12-26T08:07:27.882+0000] {processor.py:154} INFO - Started process (PID=278) to work on /opt/airflow/dags/task_group.py
[2023-12-26T08:07:27.883+0000] {processor.py:756} INFO - Processing file /opt/airflow/dags/task_group.py for tasks to queue
[2023-12-26T08:07:27.884+0000] {logging_mixin.py:120} INFO - [2023-12-26T08:07:27.884+0000] {dagbag.py:537} INFO - Filling up the DagBag from /opt/airflow/dags/task_group.py
[2023-12-26T08:07:27.889+0000] {processor.py:768} WARNING - No viable dags retrieved from /opt/airflow/dags/task_group.py
[2023-12-26T08:07:27.924+0000] {processor.py:176} INFO - Processing /opt/airflow/dags/task_group.py took 0.060 seconds
[2023-12-26T08:07:58.607+0000] {processor.py:154} INFO - Started process (PID=321) to work on /opt/airflow/dags/task_group.py
[2023-12-26T08:07:58.608+0000] {processor.py:756} INFO - Processing file /opt/airflow/dags/task_group.py for tasks to queue
[2023-12-26T08:07:58.608+0000] {logging_mixin.py:120} INFO - [2023-12-26T08:07:58.608+0000] {dagbag.py:537} INFO - Filling up the DagBag from /opt/airflow/dags/task_group.py
[2023-12-26T08:07:58.612+0000] {processor.py:768} WARNING - No viable dags retrieved from /opt/airflow/dags/task_group.py
[2023-12-26T08:07:58.624+0000] {processor.py:176} INFO - Processing /opt/airflow/dags/task_group.py took 0.020 seconds
[2023-12-26T08:08:29.053+0000] {processor.py:154} INFO - Started process (PID=364) to work on /opt/airflow/dags/task_group.py
[2023-12-26T08:08:29.055+0000] {processor.py:756} INFO - Processing file /opt/airflow/dags/task_group.py for tasks to queue
[2023-12-26T08:08:29.056+0000] {logging_mixin.py:120} INFO - [2023-12-26T08:08:29.056+0000] {dagbag.py:537} INFO - Filling up the DagBag from /opt/airflow/dags/task_group.py
[2023-12-26T08:08:29.061+0000] {processor.py:768} WARNING - No viable dags retrieved from /opt/airflow/dags/task_group.py
[2023-12-26T08:08:29.073+0000] {processor.py:176} INFO - Processing /opt/airflow/dags/task_group.py took 0.024 seconds
[2023-12-26T08:08:59.755+0000] {processor.py:154} INFO - Started process (PID=398) to work on /opt/airflow/dags/task_group.py
[2023-12-26T08:08:59.756+0000] {processor.py:756} INFO - Processing file /opt/airflow/dags/task_group.py for tasks to queue
[2023-12-26T08:08:59.756+0000] {logging_mixin.py:120} INFO - [2023-12-26T08:08:59.756+0000] {dagbag.py:537} INFO - Filling up the DagBag from /opt/airflow/dags/task_group.py
[2023-12-26T08:08:59.760+0000] {processor.py:768} WARNING - No viable dags retrieved from /opt/airflow/dags/task_group.py
[2023-12-26T08:08:59.774+0000] {processor.py:176} INFO - Processing /opt/airflow/dags/task_group.py took 0.022 seconds
[2023-12-26T08:09:30.585+0000] {processor.py:154} INFO - Started process (PID=444) to work on /opt/airflow/dags/task_group.py
[2023-12-26T08:09:30.585+0000] {processor.py:756} INFO - Processing file /opt/airflow/dags/task_group.py for tasks to queue
[2023-12-26T08:09:30.586+0000] {logging_mixin.py:120} INFO - [2023-12-26T08:09:30.586+0000] {dagbag.py:537} INFO - Filling up the DagBag from /opt/airflow/dags/task_group.py
[2023-12-26T08:09:30.590+0000] {processor.py:768} WARNING - No viable dags retrieved from /opt/airflow/dags/task_group.py
[2023-12-26T08:09:30.601+0000] {processor.py:176} INFO - Processing /opt/airflow/dags/task_group.py took 0.019 seconds
[2023-12-26T08:10:01.265+0000] {processor.py:154} INFO - Started process (PID=491) to work on /opt/airflow/dags/task_group.py
[2023-12-26T08:10:01.266+0000] {processor.py:756} INFO - Processing file /opt/airflow/dags/task_group.py for tasks to queue
[2023-12-26T08:10:01.266+0000] {logging_mixin.py:120} INFO - [2023-12-26T08:10:01.266+0000] {dagbag.py:537} INFO - Filling up the DagBag from /opt/airflow/dags/task_group.py
[2023-12-26T08:10:01.270+0000] {processor.py:768} WARNING - No viable dags retrieved from /opt/airflow/dags/task_group.py
[2023-12-26T08:10:01.285+0000] {processor.py:176} INFO - Processing /opt/airflow/dags/task_group.py took 0.025 seconds
[2023-12-26T08:10:31.785+0000] {processor.py:154} INFO - Started process (PID=526) to work on /opt/airflow/dags/task_group.py
[2023-12-26T08:10:31.786+0000] {processor.py:756} INFO - Processing file /opt/airflow/dags/task_group.py for tasks to queue
[2023-12-26T08:10:31.786+0000] {logging_mixin.py:120} INFO - [2023-12-26T08:10:31.786+0000] {dagbag.py:537} INFO - Filling up the DagBag from /opt/airflow/dags/task_group.py
[2023-12-26T08:10:31.790+0000] {processor.py:768} WARNING - No viable dags retrieved from /opt/airflow/dags/task_group.py
[2023-12-26T08:10:31.803+0000] {processor.py:176} INFO - Processing /opt/airflow/dags/task_group.py took 0.020 seconds
[2023-12-26T08:11:02.046+0000] {processor.py:154} INFO - Started process (PID=570) to work on /opt/airflow/dags/task_group.py
[2023-12-26T08:11:02.046+0000] {processor.py:756} INFO - Processing file /opt/airflow/dags/task_group.py for tasks to queue
[2023-12-26T08:11:02.047+0000] {logging_mixin.py:120} INFO - [2023-12-26T08:11:02.047+0000] {dagbag.py:537} INFO - Filling up the DagBag from /opt/airflow/dags/task_group.py
[2023-12-26T08:11:02.052+0000] {processor.py:768} WARNING - No viable dags retrieved from /opt/airflow/dags/task_group.py
[2023-12-26T08:11:02.063+0000] {processor.py:176} INFO - Processing /opt/airflow/dags/task_group.py took 0.021 seconds
[2023-12-26T08:11:32.540+0000] {processor.py:154} INFO - Started process (PID=614) to work on /opt/airflow/dags/task_group.py
[2023-12-26T08:11:32.541+0000] {processor.py:756} INFO - Processing file /opt/airflow/dags/task_group.py for tasks to queue
[2023-12-26T08:11:32.541+0000] {logging_mixin.py:120} INFO - [2023-12-26T08:11:32.541+0000] {dagbag.py:537} INFO - Filling up the DagBag from /opt/airflow/dags/task_group.py
[2023-12-26T08:11:32.545+0000] {processor.py:768} WARNING - No viable dags retrieved from /opt/airflow/dags/task_group.py
[2023-12-26T08:11:32.556+0000] {processor.py:176} INFO - Processing /opt/airflow/dags/task_group.py took 0.019 seconds
[2023-12-26T08:12:02.974+0000] {processor.py:154} INFO - Started process (PID=649) to work on /opt/airflow/dags/task_group.py
[2023-12-26T08:12:02.975+0000] {processor.py:756} INFO - Processing file /opt/airflow/dags/task_group.py for tasks to queue
[2023-12-26T08:12:02.975+0000] {logging_mixin.py:120} INFO - [2023-12-26T08:12:02.975+0000] {dagbag.py:537} INFO - Filling up the DagBag from /opt/airflow/dags/task_group.py
[2023-12-26T08:12:02.979+0000] {processor.py:768} WARNING - No viable dags retrieved from /opt/airflow/dags/task_group.py
[2023-12-26T08:12:02.990+0000] {processor.py:176} INFO - Processing /opt/airflow/dags/task_group.py took 0.018 seconds
[2023-12-26T08:12:33.685+0000] {processor.py:154} INFO - Started process (PID=693) to work on /opt/airflow/dags/task_group.py
[2023-12-26T08:12:33.686+0000] {processor.py:756} INFO - Processing file /opt/airflow/dags/task_group.py for tasks to queue
[2023-12-26T08:12:33.686+0000] {logging_mixin.py:120} INFO - [2023-12-26T08:12:33.686+0000] {dagbag.py:537} INFO - Filling up the DagBag from /opt/airflow/dags/task_group.py
[2023-12-26T08:12:33.690+0000] {processor.py:768} WARNING - No viable dags retrieved from /opt/airflow/dags/task_group.py
[2023-12-26T08:12:33.701+0000] {processor.py:176} INFO - Processing /opt/airflow/dags/task_group.py took 0.018 seconds
[2023-12-26T08:13:03.984+0000] {processor.py:154} INFO - Started process (PID=736) to work on /opt/airflow/dags/task_group.py
[2023-12-26T08:13:03.984+0000] {processor.py:756} INFO - Processing file /opt/airflow/dags/task_group.py for tasks to queue
[2023-12-26T08:13:03.985+0000] {logging_mixin.py:120} INFO - [2023-12-26T08:13:03.985+0000] {dagbag.py:537} INFO - Filling up the DagBag from /opt/airflow/dags/task_group.py
[2023-12-26T08:13:03.988+0000] {processor.py:768} WARNING - No viable dags retrieved from /opt/airflow/dags/task_group.py
[2023-12-26T08:13:03.999+0000] {processor.py:176} INFO - Processing /opt/airflow/dags/task_group.py took 0.019 seconds
[2023-12-26T08:13:34.509+0000] {processor.py:154} INFO - Started process (PID=781) to work on /opt/airflow/dags/task_group.py
[2023-12-26T08:13:34.510+0000] {processor.py:756} INFO - Processing file /opt/airflow/dags/task_group.py for tasks to queue
[2023-12-26T08:13:34.511+0000] {logging_mixin.py:120} INFO - [2023-12-26T08:13:34.511+0000] {dagbag.py:537} INFO - Filling up the DagBag from /opt/airflow/dags/task_group.py
[2023-12-26T08:13:34.520+0000] {processor.py:768} WARNING - No viable dags retrieved from /opt/airflow/dags/task_group.py
[2023-12-26T08:13:34.537+0000] {processor.py:176} INFO - Processing /opt/airflow/dags/task_group.py took 0.035 seconds
[2023-12-26T08:14:04.727+0000] {processor.py:154} INFO - Started process (PID=816) to work on /opt/airflow/dags/task_group.py
[2023-12-26T08:14:04.728+0000] {processor.py:756} INFO - Processing file /opt/airflow/dags/task_group.py for tasks to queue
[2023-12-26T08:14:04.728+0000] {logging_mixin.py:120} INFO - [2023-12-26T08:14:04.728+0000] {dagbag.py:537} INFO - Filling up the DagBag from /opt/airflow/dags/task_group.py
[2023-12-26T08:14:04.732+0000] {processor.py:768} WARNING - No viable dags retrieved from /opt/airflow/dags/task_group.py
[2023-12-26T08:14:04.744+0000] {processor.py:176} INFO - Processing /opt/airflow/dags/task_group.py took 0.019 seconds
[2023-12-26T08:14:35.065+0000] {processor.py:154} INFO - Started process (PID=859) to work on /opt/airflow/dags/task_group.py
[2023-12-26T08:14:35.065+0000] {processor.py:756} INFO - Processing file /opt/airflow/dags/task_group.py for tasks to queue
[2023-12-26T08:14:35.066+0000] {logging_mixin.py:120} INFO - [2023-12-26T08:14:35.066+0000] {dagbag.py:537} INFO - Filling up the DagBag from /opt/airflow/dags/task_group.py
[2023-12-26T08:14:35.070+0000] {processor.py:768} WARNING - No viable dags retrieved from /opt/airflow/dags/task_group.py
[2023-12-26T08:14:35.081+0000] {processor.py:176} INFO - Processing /opt/airflow/dags/task_group.py took 0.019 seconds
[2023-12-26T08:15:05.569+0000] {processor.py:154} INFO - Started process (PID=903) to work on /opt/airflow/dags/task_group.py
[2023-12-26T08:15:05.570+0000] {processor.py:756} INFO - Processing file /opt/airflow/dags/task_group.py for tasks to queue
[2023-12-26T08:15:05.570+0000] {logging_mixin.py:120} INFO - [2023-12-26T08:15:05.570+0000] {dagbag.py:537} INFO - Filling up the DagBag from /opt/airflow/dags/task_group.py
[2023-12-26T08:15:05.574+0000] {processor.py:768} WARNING - No viable dags retrieved from /opt/airflow/dags/task_group.py
[2023-12-26T08:15:05.587+0000] {processor.py:176} INFO - Processing /opt/airflow/dags/task_group.py took 0.020 seconds
[2023-12-26T08:15:35.879+0000] {processor.py:154} INFO - Started process (PID=939) to work on /opt/airflow/dags/task_group.py
[2023-12-26T08:15:35.880+0000] {processor.py:756} INFO - Processing file /opt/airflow/dags/task_group.py for tasks to queue
[2023-12-26T08:15:35.881+0000] {logging_mixin.py:120} INFO - [2023-12-26T08:15:35.880+0000] {dagbag.py:537} INFO - Filling up the DagBag from /opt/airflow/dags/task_group.py
[2023-12-26T08:15:35.884+0000] {processor.py:768} WARNING - No viable dags retrieved from /opt/airflow/dags/task_group.py
[2023-12-26T08:15:35.895+0000] {processor.py:176} INFO - Processing /opt/airflow/dags/task_group.py took 0.018 seconds
[2023-12-26T08:16:06.081+0000] {processor.py:154} INFO - Started process (PID=983) to work on /opt/airflow/dags/task_group.py
[2023-12-26T08:16:06.082+0000] {processor.py:756} INFO - Processing file /opt/airflow/dags/task_group.py for tasks to queue
[2023-12-26T08:16:06.083+0000] {logging_mixin.py:120} INFO - [2023-12-26T08:16:06.083+0000] {dagbag.py:537} INFO - Filling up the DagBag from /opt/airflow/dags/task_group.py
[2023-12-26T08:16:06.087+0000] {processor.py:768} WARNING - No viable dags retrieved from /opt/airflow/dags/task_group.py
[2023-12-26T08:16:06.100+0000] {processor.py:176} INFO - Processing /opt/airflow/dags/task_group.py took 0.022 seconds
[2023-12-26T08:16:36.589+0000] {processor.py:154} INFO - Started process (PID=1027) to work on /opt/airflow/dags/task_group.py
[2023-12-26T08:16:36.589+0000] {processor.py:756} INFO - Processing file /opt/airflow/dags/task_group.py for tasks to queue
[2023-12-26T08:16:36.590+0000] {logging_mixin.py:120} INFO - [2023-12-26T08:16:36.590+0000] {dagbag.py:537} INFO - Filling up the DagBag from /opt/airflow/dags/task_group.py
[2023-12-26T08:16:36.593+0000] {processor.py:768} WARNING - No viable dags retrieved from /opt/airflow/dags/task_group.py
[2023-12-26T08:16:36.604+0000] {processor.py:176} INFO - Processing /opt/airflow/dags/task_group.py took 0.018 seconds
[2023-12-26T08:17:06.851+0000] {processor.py:154} INFO - Started process (PID=1063) to work on /opt/airflow/dags/task_group.py
[2023-12-26T08:17:06.852+0000] {processor.py:756} INFO - Processing file /opt/airflow/dags/task_group.py for tasks to queue
[2023-12-26T08:17:06.852+0000] {logging_mixin.py:120} INFO - [2023-12-26T08:17:06.852+0000] {dagbag.py:537} INFO - Filling up the DagBag from /opt/airflow/dags/task_group.py
[2023-12-26T08:17:06.856+0000] {processor.py:768} WARNING - No viable dags retrieved from /opt/airflow/dags/task_group.py
[2023-12-26T08:17:06.867+0000] {processor.py:176} INFO - Processing /opt/airflow/dags/task_group.py took 0.018 seconds
[2023-12-26T08:17:37.394+0000] {processor.py:154} INFO - Started process (PID=1109) to work on /opt/airflow/dags/task_group.py
[2023-12-26T08:17:37.395+0000] {processor.py:756} INFO - Processing file /opt/airflow/dags/task_group.py for tasks to queue
[2023-12-26T08:17:37.395+0000] {logging_mixin.py:120} INFO - [2023-12-26T08:17:37.395+0000] {dagbag.py:537} INFO - Filling up the DagBag from /opt/airflow/dags/task_group.py
[2023-12-26T08:17:37.399+0000] {processor.py:768} WARNING - No viable dags retrieved from /opt/airflow/dags/task_group.py
[2023-12-26T08:17:37.410+0000] {processor.py:176} INFO - Processing /opt/airflow/dags/task_group.py took 0.018 seconds
[2023-12-26T08:18:07.615+0000] {processor.py:154} INFO - Started process (PID=1154) to work on /opt/airflow/dags/task_group.py
[2023-12-26T08:18:07.616+0000] {processor.py:756} INFO - Processing file /opt/airflow/dags/task_group.py for tasks to queue
[2023-12-26T08:18:07.617+0000] {logging_mixin.py:120} INFO - [2023-12-26T08:18:07.616+0000] {dagbag.py:537} INFO - Filling up the DagBag from /opt/airflow/dags/task_group.py
[2023-12-26T08:18:07.620+0000] {processor.py:768} WARNING - No viable dags retrieved from /opt/airflow/dags/task_group.py
[2023-12-26T08:18:07.631+0000] {processor.py:176} INFO - Processing /opt/airflow/dags/task_group.py took 0.018 seconds
[2023-12-26T08:18:37.924+0000] {processor.py:154} INFO - Started process (PID=1189) to work on /opt/airflow/dags/task_group.py
[2023-12-26T08:18:37.925+0000] {processor.py:756} INFO - Processing file /opt/airflow/dags/task_group.py for tasks to queue
[2023-12-26T08:18:37.926+0000] {logging_mixin.py:120} INFO - [2023-12-26T08:18:37.925+0000] {dagbag.py:537} INFO - Filling up the DagBag from /opt/airflow/dags/task_group.py
[2023-12-26T08:18:37.930+0000] {processor.py:768} WARNING - No viable dags retrieved from /opt/airflow/dags/task_group.py
[2023-12-26T08:18:37.941+0000] {processor.py:176} INFO - Processing /opt/airflow/dags/task_group.py took 0.020 seconds
[2023-12-26T08:19:08.388+0000] {processor.py:154} INFO - Started process (PID=1232) to work on /opt/airflow/dags/task_group.py
[2023-12-26T08:19:08.389+0000] {processor.py:756} INFO - Processing file /opt/airflow/dags/task_group.py for tasks to queue
[2023-12-26T08:19:08.390+0000] {logging_mixin.py:120} INFO - [2023-12-26T08:19:08.390+0000] {dagbag.py:537} INFO - Filling up the DagBag from /opt/airflow/dags/task_group.py
[2023-12-26T08:19:08.394+0000] {processor.py:768} WARNING - No viable dags retrieved from /opt/airflow/dags/task_group.py
[2023-12-26T08:19:08.405+0000] {processor.py:176} INFO - Processing /opt/airflow/dags/task_group.py took 0.020 seconds
[2023-12-26T08:19:38.636+0000] {processor.py:154} INFO - Started process (PID=1275) to work on /opt/airflow/dags/task_group.py
[2023-12-26T08:19:38.636+0000] {processor.py:756} INFO - Processing file /opt/airflow/dags/task_group.py for tasks to queue
[2023-12-26T08:19:38.637+0000] {logging_mixin.py:120} INFO - [2023-12-26T08:19:38.637+0000] {dagbag.py:537} INFO - Filling up the DagBag from /opt/airflow/dags/task_group.py
[2023-12-26T08:19:38.640+0000] {processor.py:768} WARNING - No viable dags retrieved from /opt/airflow/dags/task_group.py
[2023-12-26T08:19:38.651+0000] {processor.py:176} INFO - Processing /opt/airflow/dags/task_group.py took 0.018 seconds
[2023-12-26T08:20:08.938+0000] {processor.py:154} INFO - Started process (PID=1311) to work on /opt/airflow/dags/task_group.py
[2023-12-26T08:20:08.939+0000] {processor.py:756} INFO - Processing file /opt/airflow/dags/task_group.py for tasks to queue
[2023-12-26T08:20:08.939+0000] {logging_mixin.py:120} INFO - [2023-12-26T08:20:08.939+0000] {dagbag.py:537} INFO - Filling up the DagBag from /opt/airflow/dags/task_group.py
[2023-12-26T08:20:08.943+0000] {processor.py:768} WARNING - No viable dags retrieved from /opt/airflow/dags/task_group.py
[2023-12-26T08:20:08.954+0000] {processor.py:176} INFO - Processing /opt/airflow/dags/task_group.py took 0.019 seconds
[2023-12-26T08:20:39.305+0000] {processor.py:154} INFO - Started process (PID=1356) to work on /opt/airflow/dags/task_group.py
[2023-12-26T08:20:39.305+0000] {processor.py:756} INFO - Processing file /opt/airflow/dags/task_group.py for tasks to queue
[2023-12-26T08:20:39.306+0000] {logging_mixin.py:120} INFO - [2023-12-26T08:20:39.306+0000] {dagbag.py:537} INFO - Filling up the DagBag from /opt/airflow/dags/task_group.py
[2023-12-26T08:20:39.310+0000] {processor.py:768} WARNING - No viable dags retrieved from /opt/airflow/dags/task_group.py
[2023-12-26T08:20:39.321+0000] {processor.py:176} INFO - Processing /opt/airflow/dags/task_group.py took 0.018 seconds
[2023-12-26T08:21:09.695+0000] {processor.py:154} INFO - Started process (PID=1400) to work on /opt/airflow/dags/task_group.py
[2023-12-26T08:21:09.696+0000] {processor.py:756} INFO - Processing file /opt/airflow/dags/task_group.py for tasks to queue
[2023-12-26T08:21:09.696+0000] {logging_mixin.py:120} INFO - [2023-12-26T08:21:09.696+0000] {dagbag.py:537} INFO - Filling up the DagBag from /opt/airflow/dags/task_group.py
[2023-12-26T08:21:09.700+0000] {processor.py:768} WARNING - No viable dags retrieved from /opt/airflow/dags/task_group.py
[2023-12-26T08:21:09.711+0000] {processor.py:176} INFO - Processing /opt/airflow/dags/task_group.py took 0.020 seconds
[2023-12-26T08:21:40.064+0000] {processor.py:154} INFO - Started process (PID=1435) to work on /opt/airflow/dags/task_group.py
[2023-12-26T08:21:40.064+0000] {processor.py:756} INFO - Processing file /opt/airflow/dags/task_group.py for tasks to queue
[2023-12-26T08:21:40.065+0000] {logging_mixin.py:120} INFO - [2023-12-26T08:21:40.065+0000] {dagbag.py:537} INFO - Filling up the DagBag from /opt/airflow/dags/task_group.py
[2023-12-26T08:21:40.069+0000] {processor.py:768} WARNING - No viable dags retrieved from /opt/airflow/dags/task_group.py
[2023-12-26T08:21:40.081+0000] {processor.py:176} INFO - Processing /opt/airflow/dags/task_group.py took 0.020 seconds
[2023-12-26T08:22:10.388+0000] {processor.py:154} INFO - Started process (PID=1480) to work on /opt/airflow/dags/task_group.py
[2023-12-26T08:22:10.389+0000] {processor.py:756} INFO - Processing file /opt/airflow/dags/task_group.py for tasks to queue
[2023-12-26T08:22:10.389+0000] {logging_mixin.py:120} INFO - [2023-12-26T08:22:10.389+0000] {dagbag.py:537} INFO - Filling up the DagBag from /opt/airflow/dags/task_group.py
[2023-12-26T08:22:10.394+0000] {processor.py:768} WARNING - No viable dags retrieved from /opt/airflow/dags/task_group.py
[2023-12-26T08:22:10.405+0000] {processor.py:176} INFO - Processing /opt/airflow/dags/task_group.py took 0.020 seconds
[2023-12-26T08:22:40.650+0000] {processor.py:154} INFO - Started process (PID=1525) to work on /opt/airflow/dags/task_group.py
[2023-12-26T08:22:40.651+0000] {processor.py:756} INFO - Processing file /opt/airflow/dags/task_group.py for tasks to queue
[2023-12-26T08:22:40.651+0000] {logging_mixin.py:120} INFO - [2023-12-26T08:22:40.651+0000] {dagbag.py:537} INFO - Filling up the DagBag from /opt/airflow/dags/task_group.py
[2023-12-26T08:22:40.656+0000] {processor.py:768} WARNING - No viable dags retrieved from /opt/airflow/dags/task_group.py
[2023-12-26T08:22:40.670+0000] {processor.py:176} INFO - Processing /opt/airflow/dags/task_group.py took 0.023 seconds
[2023-12-26T08:23:10.778+0000] {processor.py:154} INFO - Started process (PID=1560) to work on /opt/airflow/dags/task_group.py
[2023-12-26T08:23:10.778+0000] {processor.py:756} INFO - Processing file /opt/airflow/dags/task_group.py for tasks to queue
[2023-12-26T08:23:10.779+0000] {logging_mixin.py:120} INFO - [2023-12-26T08:23:10.779+0000] {dagbag.py:537} INFO - Filling up the DagBag from /opt/airflow/dags/task_group.py
[2023-12-26T08:23:10.783+0000] {processor.py:768} WARNING - No viable dags retrieved from /opt/airflow/dags/task_group.py
[2023-12-26T08:23:10.794+0000] {processor.py:176} INFO - Processing /opt/airflow/dags/task_group.py took 0.019 seconds
[2023-12-26T08:23:41.136+0000] {processor.py:154} INFO - Started process (PID=1604) to work on /opt/airflow/dags/task_group.py
[2023-12-26T08:23:41.137+0000] {processor.py:756} INFO - Processing file /opt/airflow/dags/task_group.py for tasks to queue
[2023-12-26T08:23:41.138+0000] {logging_mixin.py:120} INFO - [2023-12-26T08:23:41.137+0000] {dagbag.py:537} INFO - Filling up the DagBag from /opt/airflow/dags/task_group.py
[2023-12-26T08:23:41.142+0000] {processor.py:768} WARNING - No viable dags retrieved from /opt/airflow/dags/task_group.py
[2023-12-26T08:23:41.153+0000] {processor.py:176} INFO - Processing /opt/airflow/dags/task_group.py took 0.019 seconds
[2023-12-26T08:24:11.505+0000] {processor.py:154} INFO - Started process (PID=1648) to work on /opt/airflow/dags/task_group.py
[2023-12-26T08:24:11.506+0000] {processor.py:756} INFO - Processing file /opt/airflow/dags/task_group.py for tasks to queue
[2023-12-26T08:24:11.506+0000] {logging_mixin.py:120} INFO - [2023-12-26T08:24:11.506+0000] {dagbag.py:537} INFO - Filling up the DagBag from /opt/airflow/dags/task_group.py
[2023-12-26T08:24:11.511+0000] {processor.py:768} WARNING - No viable dags retrieved from /opt/airflow/dags/task_group.py
[2023-12-26T08:24:11.521+0000] {processor.py:176} INFO - Processing /opt/airflow/dags/task_group.py took 0.020 seconds
[2023-12-26T08:24:41.655+0000] {processor.py:154} INFO - Started process (PID=1683) to work on /opt/airflow/dags/task_group.py
[2023-12-26T08:24:41.656+0000] {processor.py:756} INFO - Processing file /opt/airflow/dags/task_group.py for tasks to queue
[2023-12-26T08:24:41.656+0000] {logging_mixin.py:120} INFO - [2023-12-26T08:24:41.656+0000] {dagbag.py:537} INFO - Filling up the DagBag from /opt/airflow/dags/task_group.py
[2023-12-26T08:24:41.661+0000] {processor.py:768} WARNING - No viable dags retrieved from /opt/airflow/dags/task_group.py
[2023-12-26T08:24:41.676+0000] {processor.py:176} INFO - Processing /opt/airflow/dags/task_group.py took 0.025 seconds
[2023-12-26T08:25:11.718+0000] {processor.py:154} INFO - Started process (PID=1727) to work on /opt/airflow/dags/task_group.py
[2023-12-26T08:25:11.718+0000] {processor.py:756} INFO - Processing file /opt/airflow/dags/task_group.py for tasks to queue
[2023-12-26T08:25:11.719+0000] {logging_mixin.py:120} INFO - [2023-12-26T08:25:11.719+0000] {dagbag.py:537} INFO - Filling up the DagBag from /opt/airflow/dags/task_group.py
[2023-12-26T08:25:11.723+0000] {processor.py:768} WARNING - No viable dags retrieved from /opt/airflow/dags/task_group.py
[2023-12-26T08:25:11.734+0000] {processor.py:176} INFO - Processing /opt/airflow/dags/task_group.py took 0.019 seconds
[2023-12-26T08:25:42.213+0000] {processor.py:154} INFO - Started process (PID=1773) to work on /opt/airflow/dags/task_group.py
[2023-12-26T08:25:42.213+0000] {processor.py:756} INFO - Processing file /opt/airflow/dags/task_group.py for tasks to queue
[2023-12-26T08:25:42.214+0000] {logging_mixin.py:120} INFO - [2023-12-26T08:25:42.214+0000] {dagbag.py:537} INFO - Filling up the DagBag from /opt/airflow/dags/task_group.py
[2023-12-26T08:25:42.218+0000] {processor.py:768} WARNING - No viable dags retrieved from /opt/airflow/dags/task_group.py
[2023-12-26T08:25:42.230+0000] {processor.py:176} INFO - Processing /opt/airflow/dags/task_group.py took 0.020 seconds
[2023-12-26T08:26:12.530+0000] {processor.py:154} INFO - Started process (PID=1809) to work on /opt/airflow/dags/task_group.py
[2023-12-26T08:26:12.531+0000] {processor.py:756} INFO - Processing file /opt/airflow/dags/task_group.py for tasks to queue
[2023-12-26T08:26:12.531+0000] {logging_mixin.py:120} INFO - [2023-12-26T08:26:12.531+0000] {dagbag.py:537} INFO - Filling up the DagBag from /opt/airflow/dags/task_group.py
[2023-12-26T08:26:12.536+0000] {processor.py:768} WARNING - No viable dags retrieved from /opt/airflow/dags/task_group.py
[2023-12-26T08:26:12.550+0000] {processor.py:176} INFO - Processing /opt/airflow/dags/task_group.py took 0.023 seconds
[2023-12-26T08:26:42.967+0000] {processor.py:154} INFO - Started process (PID=1853) to work on /opt/airflow/dags/task_group.py
[2023-12-26T08:26:42.968+0000] {processor.py:756} INFO - Processing file /opt/airflow/dags/task_group.py for tasks to queue
[2023-12-26T08:26:42.968+0000] {logging_mixin.py:120} INFO - [2023-12-26T08:26:42.968+0000] {dagbag.py:537} INFO - Filling up the DagBag from /opt/airflow/dags/task_group.py
[2023-12-26T08:26:42.972+0000] {processor.py:768} WARNING - No viable dags retrieved from /opt/airflow/dags/task_group.py
[2023-12-26T08:26:42.983+0000] {processor.py:176} INFO - Processing /opt/airflow/dags/task_group.py took 0.018 seconds
[2023-12-26T08:27:13.995+0000] {processor.py:154} INFO - Started process (PID=1898) to work on /opt/airflow/dags/task_group.py
[2023-12-26T08:27:13.995+0000] {processor.py:756} INFO - Processing file /opt/airflow/dags/task_group.py for tasks to queue
[2023-12-26T08:27:13.996+0000] {logging_mixin.py:120} INFO - [2023-12-26T08:27:13.996+0000] {dagbag.py:537} INFO - Filling up the DagBag from /opt/airflow/dags/task_group.py
[2023-12-26T08:27:13.999+0000] {processor.py:768} WARNING - No viable dags retrieved from /opt/airflow/dags/task_group.py
[2023-12-26T08:27:14.012+0000] {processor.py:176} INFO - Processing /opt/airflow/dags/task_group.py took 0.020 seconds
[2023-12-26T08:27:44.421+0000] {processor.py:154} INFO - Started process (PID=1944) to work on /opt/airflow/dags/task_group.py
[2023-12-26T08:27:44.421+0000] {processor.py:756} INFO - Processing file /opt/airflow/dags/task_group.py for tasks to queue
[2023-12-26T08:27:44.422+0000] {logging_mixin.py:120} INFO - [2023-12-26T08:27:44.422+0000] {dagbag.py:537} INFO - Filling up the DagBag from /opt/airflow/dags/task_group.py
[2023-12-26T08:27:44.427+0000] {processor.py:768} WARNING - No viable dags retrieved from /opt/airflow/dags/task_group.py
[2023-12-26T08:27:44.442+0000] {processor.py:176} INFO - Processing /opt/airflow/dags/task_group.py took 0.025 seconds
[2023-12-26T08:28:15.435+0000] {processor.py:154} INFO - Started process (PID=1982) to work on /opt/airflow/dags/task_group.py
[2023-12-26T08:28:15.435+0000] {processor.py:756} INFO - Processing file /opt/airflow/dags/task_group.py for tasks to queue
[2023-12-26T08:28:15.436+0000] {logging_mixin.py:120} INFO - [2023-12-26T08:28:15.436+0000] {dagbag.py:537} INFO - Filling up the DagBag from /opt/airflow/dags/task_group.py
[2023-12-26T08:28:15.441+0000] {processor.py:768} WARNING - No viable dags retrieved from /opt/airflow/dags/task_group.py
[2023-12-26T08:28:15.455+0000] {processor.py:176} INFO - Processing /opt/airflow/dags/task_group.py took 0.023 seconds
[2023-12-26T08:28:46.406+0000] {processor.py:154} INFO - Started process (PID=2029) to work on /opt/airflow/dags/task_group.py
[2023-12-26T08:28:46.406+0000] {processor.py:756} INFO - Processing file /opt/airflow/dags/task_group.py for tasks to queue
[2023-12-26T08:28:46.407+0000] {logging_mixin.py:120} INFO - [2023-12-26T08:28:46.407+0000] {dagbag.py:537} INFO - Filling up the DagBag from /opt/airflow/dags/task_group.py
[2023-12-26T08:28:46.411+0000] {processor.py:768} WARNING - No viable dags retrieved from /opt/airflow/dags/task_group.py
[2023-12-26T08:28:46.422+0000] {processor.py:176} INFO - Processing /opt/airflow/dags/task_group.py took 0.019 seconds
[2023-12-26T08:29:17.084+0000] {processor.py:154} INFO - Started process (PID=2077) to work on /opt/airflow/dags/task_group.py
[2023-12-26T08:29:17.085+0000] {processor.py:756} INFO - Processing file /opt/airflow/dags/task_group.py for tasks to queue
[2023-12-26T08:29:17.086+0000] {logging_mixin.py:120} INFO - [2023-12-26T08:29:17.085+0000] {dagbag.py:537} INFO - Filling up the DagBag from /opt/airflow/dags/task_group.py
[2023-12-26T08:29:17.091+0000] {processor.py:768} WARNING - No viable dags retrieved from /opt/airflow/dags/task_group.py
[2023-12-26T08:29:17.108+0000] {processor.py:176} INFO - Processing /opt/airflow/dags/task_group.py took 0.029 seconds
[2023-12-26T08:29:47.408+0000] {processor.py:154} INFO - Started process (PID=2113) to work on /opt/airflow/dags/task_group.py
[2023-12-26T08:29:47.409+0000] {processor.py:756} INFO - Processing file /opt/airflow/dags/task_group.py for tasks to queue
[2023-12-26T08:29:47.409+0000] {logging_mixin.py:120} INFO - [2023-12-26T08:29:47.409+0000] {dagbag.py:537} INFO - Filling up the DagBag from /opt/airflow/dags/task_group.py
[2023-12-26T08:29:47.415+0000] {processor.py:768} WARNING - No viable dags retrieved from /opt/airflow/dags/task_group.py
[2023-12-26T08:29:47.429+0000] {processor.py:176} INFO - Processing /opt/airflow/dags/task_group.py took 0.024 seconds
[2023-12-26T08:30:17.664+0000] {processor.py:154} INFO - Started process (PID=2157) to work on /opt/airflow/dags/task_group.py
[2023-12-26T08:30:17.665+0000] {processor.py:756} INFO - Processing file /opt/airflow/dags/task_group.py for tasks to queue
[2023-12-26T08:30:17.665+0000] {logging_mixin.py:120} INFO - [2023-12-26T08:30:17.665+0000] {dagbag.py:537} INFO - Filling up the DagBag from /opt/airflow/dags/task_group.py
[2023-12-26T08:30:17.669+0000] {processor.py:768} WARNING - No viable dags retrieved from /opt/airflow/dags/task_group.py
[2023-12-26T08:30:17.681+0000] {processor.py:176} INFO - Processing /opt/airflow/dags/task_group.py took 0.019 seconds
[2023-12-26T08:30:48.217+0000] {processor.py:154} INFO - Started process (PID=2196) to work on /opt/airflow/dags/task_group.py
[2023-12-26T08:30:48.218+0000] {processor.py:756} INFO - Processing file /opt/airflow/dags/task_group.py for tasks to queue
[2023-12-26T08:30:48.218+0000] {logging_mixin.py:120} INFO - [2023-12-26T08:30:48.218+0000] {dagbag.py:537} INFO - Filling up the DagBag from /opt/airflow/dags/task_group.py
[2023-12-26T08:30:48.224+0000] {processor.py:768} WARNING - No viable dags retrieved from /opt/airflow/dags/task_group.py
[2023-12-26T08:30:48.237+0000] {processor.py:176} INFO - Processing /opt/airflow/dags/task_group.py took 0.024 seconds
[2023-12-26T08:31:18.649+0000] {processor.py:154} INFO - Started process (PID=2242) to work on /opt/airflow/dags/task_group.py
[2023-12-26T08:31:18.649+0000] {processor.py:756} INFO - Processing file /opt/airflow/dags/task_group.py for tasks to queue
[2023-12-26T08:31:18.650+0000] {logging_mixin.py:120} INFO - [2023-12-26T08:31:18.650+0000] {dagbag.py:537} INFO - Filling up the DagBag from /opt/airflow/dags/task_group.py
[2023-12-26T08:31:18.655+0000] {processor.py:768} WARNING - No viable dags retrieved from /opt/airflow/dags/task_group.py
[2023-12-26T08:31:18.666+0000] {processor.py:176} INFO - Processing /opt/airflow/dags/task_group.py took 0.020 seconds
[2023-12-26T08:31:48.939+0000] {processor.py:154} INFO - Started process (PID=2286) to work on /opt/airflow/dags/task_group.py
[2023-12-26T08:31:48.940+0000] {processor.py:756} INFO - Processing file /opt/airflow/dags/task_group.py for tasks to queue
[2023-12-26T08:31:48.941+0000] {logging_mixin.py:120} INFO - [2023-12-26T08:31:48.941+0000] {dagbag.py:537} INFO - Filling up the DagBag from /opt/airflow/dags/task_group.py
[2023-12-26T08:31:48.945+0000] {processor.py:768} WARNING - No viable dags retrieved from /opt/airflow/dags/task_group.py
[2023-12-26T08:31:48.957+0000] {processor.py:176} INFO - Processing /opt/airflow/dags/task_group.py took 0.020 seconds
[2023-12-26T08:32:19.336+0000] {processor.py:154} INFO - Started process (PID=2321) to work on /opt/airflow/dags/task_group.py
[2023-12-26T08:32:19.337+0000] {processor.py:756} INFO - Processing file /opt/airflow/dags/task_group.py for tasks to queue
[2023-12-26T08:32:19.337+0000] {logging_mixin.py:120} INFO - [2023-12-26T08:32:19.337+0000] {dagbag.py:537} INFO - Filling up the DagBag from /opt/airflow/dags/task_group.py
[2023-12-26T08:32:19.341+0000] {processor.py:768} WARNING - No viable dags retrieved from /opt/airflow/dags/task_group.py
[2023-12-26T08:32:19.353+0000] {processor.py:176} INFO - Processing /opt/airflow/dags/task_group.py took 0.019 seconds
[2023-12-26T08:32:49.775+0000] {processor.py:154} INFO - Started process (PID=2366) to work on /opt/airflow/dags/task_group.py
[2023-12-26T08:32:49.776+0000] {processor.py:756} INFO - Processing file /opt/airflow/dags/task_group.py for tasks to queue
[2023-12-26T08:32:49.777+0000] {logging_mixin.py:120} INFO - [2023-12-26T08:32:49.777+0000] {dagbag.py:537} INFO - Filling up the DagBag from /opt/airflow/dags/task_group.py
[2023-12-26T08:32:49.782+0000] {processor.py:768} WARNING - No viable dags retrieved from /opt/airflow/dags/task_group.py
[2023-12-26T08:32:49.795+0000] {processor.py:176} INFO - Processing /opt/airflow/dags/task_group.py took 0.022 seconds
[2023-12-26T08:33:20.245+0000] {processor.py:154} INFO - Started process (PID=2410) to work on /opt/airflow/dags/task_group.py
[2023-12-26T08:33:20.245+0000] {processor.py:756} INFO - Processing file /opt/airflow/dags/task_group.py for tasks to queue
[2023-12-26T08:33:20.246+0000] {logging_mixin.py:120} INFO - [2023-12-26T08:33:20.246+0000] {dagbag.py:537} INFO - Filling up the DagBag from /opt/airflow/dags/task_group.py
[2023-12-26T08:33:20.250+0000] {processor.py:768} WARNING - No viable dags retrieved from /opt/airflow/dags/task_group.py
[2023-12-26T08:33:20.263+0000] {processor.py:176} INFO - Processing /opt/airflow/dags/task_group.py took 0.021 seconds
[2023-12-26T08:33:50.389+0000] {processor.py:154} INFO - Started process (PID=2454) to work on /opt/airflow/dags/task_group.py
[2023-12-26T08:33:50.390+0000] {processor.py:756} INFO - Processing file /opt/airflow/dags/task_group.py for tasks to queue
[2023-12-26T08:33:50.391+0000] {logging_mixin.py:120} INFO - [2023-12-26T08:33:50.390+0000] {dagbag.py:537} INFO - Filling up the DagBag from /opt/airflow/dags/task_group.py
[2023-12-26T08:33:50.396+0000] {processor.py:768} WARNING - No viable dags retrieved from /opt/airflow/dags/task_group.py
[2023-12-26T08:33:50.412+0000] {processor.py:176} INFO - Processing /opt/airflow/dags/task_group.py took 0.026 seconds
[2023-12-26T08:34:20.730+0000] {processor.py:154} INFO - Started process (PID=2490) to work on /opt/airflow/dags/task_group.py
[2023-12-26T08:34:20.731+0000] {processor.py:756} INFO - Processing file /opt/airflow/dags/task_group.py for tasks to queue
[2023-12-26T08:34:20.731+0000] {logging_mixin.py:120} INFO - [2023-12-26T08:34:20.731+0000] {dagbag.py:537} INFO - Filling up the DagBag from /opt/airflow/dags/task_group.py
[2023-12-26T08:34:20.735+0000] {processor.py:768} WARNING - No viable dags retrieved from /opt/airflow/dags/task_group.py
[2023-12-26T08:34:20.746+0000] {processor.py:176} INFO - Processing /opt/airflow/dags/task_group.py took 0.019 seconds
[2023-12-26T08:34:51.328+0000] {processor.py:154} INFO - Started process (PID=2536) to work on /opt/airflow/dags/task_group.py
[2023-12-26T08:34:51.329+0000] {processor.py:756} INFO - Processing file /opt/airflow/dags/task_group.py for tasks to queue
[2023-12-26T08:34:51.329+0000] {logging_mixin.py:120} INFO - [2023-12-26T08:34:51.329+0000] {dagbag.py:537} INFO - Filling up the DagBag from /opt/airflow/dags/task_group.py
[2023-12-26T08:34:51.333+0000] {processor.py:768} WARNING - No viable dags retrieved from /opt/airflow/dags/task_group.py
[2023-12-26T08:34:51.344+0000] {processor.py:176} INFO - Processing /opt/airflow/dags/task_group.py took 0.018 seconds
[2023-12-26T08:35:21.739+0000] {processor.py:154} INFO - Started process (PID=2582) to work on /opt/airflow/dags/task_group.py
[2023-12-26T08:35:21.740+0000] {processor.py:756} INFO - Processing file /opt/airflow/dags/task_group.py for tasks to queue
[2023-12-26T08:35:21.741+0000] {logging_mixin.py:120} INFO - [2023-12-26T08:35:21.741+0000] {dagbag.py:537} INFO - Filling up the DagBag from /opt/airflow/dags/task_group.py
[2023-12-26T08:35:21.746+0000] {processor.py:768} WARNING - No viable dags retrieved from /opt/airflow/dags/task_group.py
[2023-12-26T08:35:21.759+0000] {processor.py:176} INFO - Processing /opt/airflow/dags/task_group.py took 0.023 seconds
[2023-12-26T08:35:52.265+0000] {processor.py:154} INFO - Started process (PID=2618) to work on /opt/airflow/dags/task_group.py
[2023-12-26T08:35:52.266+0000] {processor.py:756} INFO - Processing file /opt/airflow/dags/task_group.py for tasks to queue
[2023-12-26T08:35:52.266+0000] {logging_mixin.py:120} INFO - [2023-12-26T08:35:52.266+0000] {dagbag.py:537} INFO - Filling up the DagBag from /opt/airflow/dags/task_group.py
[2023-12-26T08:35:52.270+0000] {processor.py:768} WARNING - No viable dags retrieved from /opt/airflow/dags/task_group.py
[2023-12-26T08:35:52.281+0000] {processor.py:176} INFO - Processing /opt/airflow/dags/task_group.py took 0.018 seconds
[2023-12-26T08:36:22.686+0000] {processor.py:154} INFO - Started process (PID=2665) to work on /opt/airflow/dags/task_group.py
[2023-12-26T08:36:22.686+0000] {processor.py:756} INFO - Processing file /opt/airflow/dags/task_group.py for tasks to queue
[2023-12-26T08:36:22.687+0000] {logging_mixin.py:120} INFO - [2023-12-26T08:36:22.687+0000] {dagbag.py:537} INFO - Filling up the DagBag from /opt/airflow/dags/task_group.py
[2023-12-26T08:36:22.692+0000] {processor.py:768} WARNING - No viable dags retrieved from /opt/airflow/dags/task_group.py
[2023-12-26T08:36:22.704+0000] {processor.py:176} INFO - Processing /opt/airflow/dags/task_group.py took 0.022 seconds
[2023-12-26T08:36:53.075+0000] {processor.py:154} INFO - Started process (PID=2711) to work on /opt/airflow/dags/task_group.py
[2023-12-26T08:36:53.075+0000] {processor.py:756} INFO - Processing file /opt/airflow/dags/task_group.py for tasks to queue
[2023-12-26T08:36:53.076+0000] {logging_mixin.py:120} INFO - [2023-12-26T08:36:53.076+0000] {dagbag.py:537} INFO - Filling up the DagBag from /opt/airflow/dags/task_group.py
[2023-12-26T08:36:53.080+0000] {processor.py:768} WARNING - No viable dags retrieved from /opt/airflow/dags/task_group.py
[2023-12-26T08:36:53.091+0000] {processor.py:176} INFO - Processing /opt/airflow/dags/task_group.py took 0.019 seconds
[2023-12-26T08:37:23.453+0000] {processor.py:154} INFO - Started process (PID=2747) to work on /opt/airflow/dags/task_group.py
[2023-12-26T08:37:23.454+0000] {processor.py:756} INFO - Processing file /opt/airflow/dags/task_group.py for tasks to queue
[2023-12-26T08:37:23.455+0000] {logging_mixin.py:120} INFO - [2023-12-26T08:37:23.455+0000] {dagbag.py:537} INFO - Filling up the DagBag from /opt/airflow/dags/task_group.py
[2023-12-26T08:37:23.461+0000] {processor.py:768} WARNING - No viable dags retrieved from /opt/airflow/dags/task_group.py
[2023-12-26T08:37:23.480+0000] {processor.py:176} INFO - Processing /opt/airflow/dags/task_group.py took 0.030 seconds
[2023-12-26T08:37:53.944+0000] {processor.py:154} INFO - Started process (PID=2795) to work on /opt/airflow/dags/task_group.py
[2023-12-26T08:37:53.944+0000] {processor.py:756} INFO - Processing file /opt/airflow/dags/task_group.py for tasks to queue
[2023-12-26T08:37:53.945+0000] {logging_mixin.py:120} INFO - [2023-12-26T08:37:53.945+0000] {dagbag.py:537} INFO - Filling up the DagBag from /opt/airflow/dags/task_group.py
[2023-12-26T08:37:53.950+0000] {processor.py:768} WARNING - No viable dags retrieved from /opt/airflow/dags/task_group.py
[2023-12-26T08:37:53.965+0000] {processor.py:176} INFO - Processing /opt/airflow/dags/task_group.py took 0.025 seconds
[2023-12-26T08:38:24.378+0000] {processor.py:154} INFO - Started process (PID=2842) to work on /opt/airflow/dags/task_group.py
[2023-12-26T08:38:24.379+0000] {processor.py:756} INFO - Processing file /opt/airflow/dags/task_group.py for tasks to queue
[2023-12-26T08:38:24.379+0000] {logging_mixin.py:120} INFO - [2023-12-26T08:38:24.379+0000] {dagbag.py:537} INFO - Filling up the DagBag from /opt/airflow/dags/task_group.py
[2023-12-26T08:38:24.384+0000] {processor.py:768} WARNING - No viable dags retrieved from /opt/airflow/dags/task_group.py
[2023-12-26T08:38:24.395+0000] {processor.py:176} INFO - Processing /opt/airflow/dags/task_group.py took 0.019 seconds
[2023-12-26T08:38:54.921+0000] {processor.py:154} INFO - Started process (PID=2885) to work on /opt/airflow/dags/task_group.py
[2023-12-26T08:38:54.930+0000] {processor.py:756} INFO - Processing file /opt/airflow/dags/task_group.py for tasks to queue
[2023-12-26T08:38:54.931+0000] {logging_mixin.py:120} INFO - [2023-12-26T08:38:54.931+0000] {dagbag.py:537} INFO - Filling up the DagBag from /opt/airflow/dags/task_group.py
[2023-12-26T08:38:54.937+0000] {processor.py:768} WARNING - No viable dags retrieved from /opt/airflow/dags/task_group.py
[2023-12-26T08:38:54.952+0000] {processor.py:176} INFO - Processing /opt/airflow/dags/task_group.py took 0.045 seconds
[2023-12-26T08:39:25.260+0000] {processor.py:154} INFO - Started process (PID=2924) to work on /opt/airflow/dags/task_group.py
[2023-12-26T08:39:25.262+0000] {processor.py:756} INFO - Processing file /opt/airflow/dags/task_group.py for tasks to queue
[2023-12-26T08:39:25.263+0000] {logging_mixin.py:120} INFO - [2023-12-26T08:39:25.263+0000] {dagbag.py:537} INFO - Filling up the DagBag from /opt/airflow/dags/task_group.py
[2023-12-26T08:39:25.268+0000] {processor.py:768} WARNING - No viable dags retrieved from /opt/airflow/dags/task_group.py
[2023-12-26T08:39:25.283+0000] {processor.py:176} INFO - Processing /opt/airflow/dags/task_group.py took 0.026 seconds
[2023-12-26T08:39:55.764+0000] {processor.py:154} INFO - Started process (PID=2969) to work on /opt/airflow/dags/task_group.py
[2023-12-26T08:39:55.764+0000] {processor.py:756} INFO - Processing file /opt/airflow/dags/task_group.py for tasks to queue
[2023-12-26T08:39:55.765+0000] {logging_mixin.py:120} INFO - [2023-12-26T08:39:55.765+0000] {dagbag.py:537} INFO - Filling up the DagBag from /opt/airflow/dags/task_group.py
[2023-12-26T08:39:55.769+0000] {processor.py:768} WARNING - No viable dags retrieved from /opt/airflow/dags/task_group.py
[2023-12-26T08:39:55.784+0000] {processor.py:176} INFO - Processing /opt/airflow/dags/task_group.py took 0.025 seconds
[2023-12-26T08:40:26.359+0000] {processor.py:154} INFO - Started process (PID=3019) to work on /opt/airflow/dags/task_group.py
[2023-12-26T08:40:26.360+0000] {processor.py:756} INFO - Processing file /opt/airflow/dags/task_group.py for tasks to queue
[2023-12-26T08:40:26.361+0000] {logging_mixin.py:120} INFO - [2023-12-26T08:40:26.361+0000] {dagbag.py:537} INFO - Filling up the DagBag from /opt/airflow/dags/task_group.py
[2023-12-26T08:40:26.366+0000] {processor.py:768} WARNING - No viable dags retrieved from /opt/airflow/dags/task_group.py
[2023-12-26T08:40:26.381+0000] {processor.py:176} INFO - Processing /opt/airflow/dags/task_group.py took 0.025 seconds
[2023-12-26T08:40:57.018+0000] {processor.py:154} INFO - Started process (PID=3057) to work on /opt/airflow/dags/task_group.py
[2023-12-26T08:40:57.019+0000] {processor.py:756} INFO - Processing file /opt/airflow/dags/task_group.py for tasks to queue
[2023-12-26T08:40:57.020+0000] {logging_mixin.py:120} INFO - [2023-12-26T08:40:57.020+0000] {dagbag.py:537} INFO - Filling up the DagBag from /opt/airflow/dags/task_group.py
[2023-12-26T08:40:57.025+0000] {processor.py:768} WARNING - No viable dags retrieved from /opt/airflow/dags/task_group.py
[2023-12-26T08:40:57.039+0000] {processor.py:176} INFO - Processing /opt/airflow/dags/task_group.py took 0.024 seconds
[2023-12-26T08:41:27.340+0000] {processor.py:154} INFO - Started process (PID=3101) to work on /opt/airflow/dags/task_group.py
[2023-12-26T08:41:27.341+0000] {processor.py:756} INFO - Processing file /opt/airflow/dags/task_group.py for tasks to queue
[2023-12-26T08:41:27.342+0000] {logging_mixin.py:120} INFO - [2023-12-26T08:41:27.342+0000] {dagbag.py:537} INFO - Filling up the DagBag from /opt/airflow/dags/task_group.py
[2023-12-26T08:41:27.345+0000] {processor.py:768} WARNING - No viable dags retrieved from /opt/airflow/dags/task_group.py
[2023-12-26T08:41:27.357+0000] {processor.py:176} INFO - Processing /opt/airflow/dags/task_group.py took 0.019 seconds
[2023-12-26T08:41:57.874+0000] {processor.py:154} INFO - Started process (PID=3148) to work on /opt/airflow/dags/task_group.py
[2023-12-26T08:41:57.875+0000] {processor.py:756} INFO - Processing file /opt/airflow/dags/task_group.py for tasks to queue
[2023-12-26T08:41:57.876+0000] {logging_mixin.py:120} INFO - [2023-12-26T08:41:57.876+0000] {dagbag.py:537} INFO - Filling up the DagBag from /opt/airflow/dags/task_group.py
[2023-12-26T08:41:57.881+0000] {processor.py:768} WARNING - No viable dags retrieved from /opt/airflow/dags/task_group.py
[2023-12-26T08:41:57.892+0000] {processor.py:176} INFO - Processing /opt/airflow/dags/task_group.py took 0.021 seconds
[2023-12-26T08:42:28.118+0000] {processor.py:154} INFO - Started process (PID=3187) to work on /opt/airflow/dags/task_group.py
[2023-12-26T08:42:28.119+0000] {processor.py:756} INFO - Processing file /opt/airflow/dags/task_group.py for tasks to queue
[2023-12-26T08:42:28.120+0000] {logging_mixin.py:120} INFO - [2023-12-26T08:42:28.120+0000] {dagbag.py:537} INFO - Filling up the DagBag from /opt/airflow/dags/task_group.py
[2023-12-26T08:42:28.126+0000] {processor.py:768} WARNING - No viable dags retrieved from /opt/airflow/dags/task_group.py
[2023-12-26T08:42:28.146+0000] {processor.py:176} INFO - Processing /opt/airflow/dags/task_group.py took 0.032 seconds
[2023-12-26T08:42:58.836+0000] {processor.py:154} INFO - Started process (PID=3238) to work on /opt/airflow/dags/task_group.py
[2023-12-26T08:42:58.837+0000] {processor.py:756} INFO - Processing file /opt/airflow/dags/task_group.py for tasks to queue
[2023-12-26T08:42:58.837+0000] {logging_mixin.py:120} INFO - [2023-12-26T08:42:58.837+0000] {dagbag.py:537} INFO - Filling up the DagBag from /opt/airflow/dags/task_group.py
[2023-12-26T08:42:58.841+0000] {processor.py:768} WARNING - No viable dags retrieved from /opt/airflow/dags/task_group.py
[2023-12-26T08:42:58.854+0000] {processor.py:176} INFO - Processing /opt/airflow/dags/task_group.py took 0.020 seconds
[2023-12-26T08:43:29.257+0000] {processor.py:154} INFO - Started process (PID=3282) to work on /opt/airflow/dags/task_group.py
[2023-12-26T08:43:29.258+0000] {processor.py:756} INFO - Processing file /opt/airflow/dags/task_group.py for tasks to queue
[2023-12-26T08:43:29.259+0000] {logging_mixin.py:120} INFO - [2023-12-26T08:43:29.259+0000] {dagbag.py:537} INFO - Filling up the DagBag from /opt/airflow/dags/task_group.py
[2023-12-26T08:43:29.265+0000] {processor.py:768} WARNING - No viable dags retrieved from /opt/airflow/dags/task_group.py
[2023-12-26T08:43:29.288+0000] {processor.py:176} INFO - Processing /opt/airflow/dags/task_group.py took 0.034 seconds
[2023-12-26T08:43:59.595+0000] {processor.py:154} INFO - Started process (PID=3319) to work on /opt/airflow/dags/task_group.py
[2023-12-26T08:43:59.596+0000] {processor.py:756} INFO - Processing file /opt/airflow/dags/task_group.py for tasks to queue
[2023-12-26T08:43:59.597+0000] {logging_mixin.py:120} INFO - [2023-12-26T08:43:59.596+0000] {dagbag.py:537} INFO - Filling up the DagBag from /opt/airflow/dags/task_group.py
[2023-12-26T08:43:59.601+0000] {processor.py:768} WARNING - No viable dags retrieved from /opt/airflow/dags/task_group.py
[2023-12-26T08:43:59.615+0000] {processor.py:176} INFO - Processing /opt/airflow/dags/task_group.py took 0.023 seconds
[2023-12-26T08:44:30.317+0000] {processor.py:154} INFO - Started process (PID=3365) to work on /opt/airflow/dags/task_group.py
[2023-12-26T08:44:30.318+0000] {processor.py:756} INFO - Processing file /opt/airflow/dags/task_group.py for tasks to queue
[2023-12-26T08:44:30.318+0000] {logging_mixin.py:120} INFO - [2023-12-26T08:44:30.318+0000] {dagbag.py:537} INFO - Filling up the DagBag from /opt/airflow/dags/task_group.py
[2023-12-26T08:44:30.322+0000] {processor.py:768} WARNING - No viable dags retrieved from /opt/airflow/dags/task_group.py
[2023-12-26T08:44:30.336+0000] {processor.py:176} INFO - Processing /opt/airflow/dags/task_group.py took 0.022 seconds
[2023-12-26T08:45:00.903+0000] {processor.py:154} INFO - Started process (PID=3412) to work on /opt/airflow/dags/task_group.py
[2023-12-26T08:45:00.904+0000] {processor.py:756} INFO - Processing file /opt/airflow/dags/task_group.py for tasks to queue
[2023-12-26T08:45:00.904+0000] {logging_mixin.py:120} INFO - [2023-12-26T08:45:00.904+0000] {dagbag.py:537} INFO - Filling up the DagBag from /opt/airflow/dags/task_group.py
[2023-12-26T08:45:00.908+0000] {processor.py:768} WARNING - No viable dags retrieved from /opt/airflow/dags/task_group.py
[2023-12-26T08:45:00.921+0000] {processor.py:176} INFO - Processing /opt/airflow/dags/task_group.py took 0.021 seconds
[2023-12-26T08:45:31.438+0000] {processor.py:154} INFO - Started process (PID=3448) to work on /opt/airflow/dags/task_group.py
[2023-12-26T08:45:31.439+0000] {processor.py:756} INFO - Processing file /opt/airflow/dags/task_group.py for tasks to queue
[2023-12-26T08:45:31.439+0000] {logging_mixin.py:120} INFO - [2023-12-26T08:45:31.439+0000] {dagbag.py:537} INFO - Filling up the DagBag from /opt/airflow/dags/task_group.py
[2023-12-26T08:45:31.443+0000] {processor.py:768} WARNING - No viable dags retrieved from /opt/airflow/dags/task_group.py
[2023-12-26T08:45:31.457+0000] {processor.py:176} INFO - Processing /opt/airflow/dags/task_group.py took 0.022 seconds
[2023-12-26T08:46:01.962+0000] {processor.py:154} INFO - Started process (PID=3495) to work on /opt/airflow/dags/task_group.py
[2023-12-26T08:46:01.963+0000] {processor.py:756} INFO - Processing file /opt/airflow/dags/task_group.py for tasks to queue
[2023-12-26T08:46:01.963+0000] {logging_mixin.py:120} INFO - [2023-12-26T08:46:01.963+0000] {dagbag.py:537} INFO - Filling up the DagBag from /opt/airflow/dags/task_group.py
[2023-12-26T08:46:01.967+0000] {processor.py:768} WARNING - No viable dags retrieved from /opt/airflow/dags/task_group.py
[2023-12-26T08:46:01.978+0000] {processor.py:176} INFO - Processing /opt/airflow/dags/task_group.py took 0.019 seconds
[2023-12-26T08:46:32.610+0000] {processor.py:154} INFO - Started process (PID=3541) to work on /opt/airflow/dags/task_group.py
[2023-12-26T08:46:32.612+0000] {processor.py:756} INFO - Processing file /opt/airflow/dags/task_group.py for tasks to queue
[2023-12-26T08:46:32.612+0000] {logging_mixin.py:120} INFO - [2023-12-26T08:46:32.612+0000] {dagbag.py:537} INFO - Filling up the DagBag from /opt/airflow/dags/task_group.py
[2023-12-26T08:46:32.620+0000] {processor.py:768} WARNING - No viable dags retrieved from /opt/airflow/dags/task_group.py
[2023-12-26T08:46:32.645+0000] {processor.py:176} INFO - Processing /opt/airflow/dags/task_group.py took 0.038 seconds
[2023-12-26T08:47:03.191+0000] {processor.py:154} INFO - Started process (PID=3578) to work on /opt/airflow/dags/task_group.py
[2023-12-26T08:47:03.192+0000] {processor.py:756} INFO - Processing file /opt/airflow/dags/task_group.py for tasks to queue
[2023-12-26T08:47:03.193+0000] {logging_mixin.py:120} INFO - [2023-12-26T08:47:03.192+0000] {dagbag.py:537} INFO - Filling up the DagBag from /opt/airflow/dags/task_group.py
[2023-12-26T08:47:03.196+0000] {processor.py:768} WARNING - No viable dags retrieved from /opt/airflow/dags/task_group.py
[2023-12-26T08:47:03.208+0000] {processor.py:176} INFO - Processing /opt/airflow/dags/task_group.py took 0.019 seconds
[2023-12-26T08:47:33.603+0000] {processor.py:154} INFO - Started process (PID=3623) to work on /opt/airflow/dags/task_group.py
[2023-12-26T08:47:33.604+0000] {processor.py:756} INFO - Processing file /opt/airflow/dags/task_group.py for tasks to queue
[2023-12-26T08:47:33.604+0000] {logging_mixin.py:120} INFO - [2023-12-26T08:47:33.604+0000] {dagbag.py:537} INFO - Filling up the DagBag from /opt/airflow/dags/task_group.py
[2023-12-26T08:47:33.608+0000] {processor.py:768} WARNING - No viable dags retrieved from /opt/airflow/dags/task_group.py
[2023-12-26T08:47:33.619+0000] {processor.py:176} INFO - Processing /opt/airflow/dags/task_group.py took 0.018 seconds
[2023-12-26T08:48:03.922+0000] {processor.py:154} INFO - Started process (PID=3659) to work on /opt/airflow/dags/task_group.py
[2023-12-26T08:48:03.922+0000] {processor.py:756} INFO - Processing file /opt/airflow/dags/task_group.py for tasks to queue
[2023-12-26T08:48:03.923+0000] {logging_mixin.py:120} INFO - [2023-12-26T08:48:03.923+0000] {dagbag.py:537} INFO - Filling up the DagBag from /opt/airflow/dags/task_group.py
[2023-12-26T08:48:03.927+0000] {processor.py:768} WARNING - No viable dags retrieved from /opt/airflow/dags/task_group.py
[2023-12-26T08:48:03.939+0000] {processor.py:176} INFO - Processing /opt/airflow/dags/task_group.py took 0.020 seconds
[2023-12-26T08:48:34.507+0000] {processor.py:154} INFO - Started process (PID=3704) to work on /opt/airflow/dags/task_group.py
[2023-12-26T08:48:34.508+0000] {processor.py:756} INFO - Processing file /opt/airflow/dags/task_group.py for tasks to queue
[2023-12-26T08:48:34.508+0000] {logging_mixin.py:120} INFO - [2023-12-26T08:48:34.508+0000] {dagbag.py:537} INFO - Filling up the DagBag from /opt/airflow/dags/task_group.py
[2023-12-26T08:48:34.512+0000] {processor.py:768} WARNING - No viable dags retrieved from /opt/airflow/dags/task_group.py
[2023-12-26T08:48:34.524+0000] {processor.py:176} INFO - Processing /opt/airflow/dags/task_group.py took 0.019 seconds
[2023-12-26T08:49:05.464+0000] {processor.py:154} INFO - Started process (PID=3749) to work on /opt/airflow/dags/task_group.py
[2023-12-26T08:49:05.465+0000] {processor.py:756} INFO - Processing file /opt/airflow/dags/task_group.py for tasks to queue
[2023-12-26T08:49:05.465+0000] {logging_mixin.py:120} INFO - [2023-12-26T08:49:05.465+0000] {dagbag.py:537} INFO - Filling up the DagBag from /opt/airflow/dags/task_group.py
[2023-12-26T08:49:05.469+0000] {processor.py:768} WARNING - No viable dags retrieved from /opt/airflow/dags/task_group.py
[2023-12-26T08:49:05.480+0000] {processor.py:176} INFO - Processing /opt/airflow/dags/task_group.py took 0.019 seconds
[2023-12-26T08:49:35.977+0000] {processor.py:154} INFO - Started process (PID=3794) to work on /opt/airflow/dags/task_group.py
[2023-12-26T08:49:35.986+0000] {processor.py:756} INFO - Processing file /opt/airflow/dags/task_group.py for tasks to queue
[2023-12-26T08:49:35.986+0000] {logging_mixin.py:120} INFO - [2023-12-26T08:49:35.986+0000] {dagbag.py:537} INFO - Filling up the DagBag from /opt/airflow/dags/task_group.py
[2023-12-26T08:49:35.993+0000] {processor.py:768} WARNING - No viable dags retrieved from /opt/airflow/dags/task_group.py
[2023-12-26T08:49:36.030+0000] {processor.py:176} INFO - Processing /opt/airflow/dags/task_group.py took 0.057 seconds
[2023-12-26T08:50:06.415+0000] {processor.py:154} INFO - Started process (PID=3830) to work on /opt/airflow/dags/task_group.py
[2023-12-26T08:50:06.416+0000] {processor.py:756} INFO - Processing file /opt/airflow/dags/task_group.py for tasks to queue
[2023-12-26T08:50:06.416+0000] {logging_mixin.py:120} INFO - [2023-12-26T08:50:06.416+0000] {dagbag.py:537} INFO - Filling up the DagBag from /opt/airflow/dags/task_group.py
[2023-12-26T08:50:06.421+0000] {processor.py:768} WARNING - No viable dags retrieved from /opt/airflow/dags/task_group.py
[2023-12-26T08:50:06.432+0000] {processor.py:176} INFO - Processing /opt/airflow/dags/task_group.py took 0.020 seconds
[2023-12-26T08:50:37.088+0000] {processor.py:154} INFO - Started process (PID=3875) to work on /opt/airflow/dags/task_group.py
[2023-12-26T08:50:37.089+0000] {processor.py:756} INFO - Processing file /opt/airflow/dags/task_group.py for tasks to queue
[2023-12-26T08:50:37.090+0000] {logging_mixin.py:120} INFO - [2023-12-26T08:50:37.090+0000] {dagbag.py:537} INFO - Filling up the DagBag from /opt/airflow/dags/task_group.py
[2023-12-26T08:50:37.094+0000] {processor.py:768} WARNING - No viable dags retrieved from /opt/airflow/dags/task_group.py
[2023-12-26T08:50:37.106+0000] {processor.py:176} INFO - Processing /opt/airflow/dags/task_group.py took 0.021 seconds
[2023-12-26T08:51:07.547+0000] {processor.py:154} INFO - Started process (PID=3921) to work on /opt/airflow/dags/task_group.py
[2023-12-26T08:51:07.547+0000] {processor.py:756} INFO - Processing file /opt/airflow/dags/task_group.py for tasks to queue
[2023-12-26T08:51:07.548+0000] {logging_mixin.py:120} INFO - [2023-12-26T08:51:07.548+0000] {dagbag.py:537} INFO - Filling up the DagBag from /opt/airflow/dags/task_group.py
[2023-12-26T08:51:07.552+0000] {processor.py:768} WARNING - No viable dags retrieved from /opt/airflow/dags/task_group.py
[2023-12-26T08:51:07.566+0000] {processor.py:176} INFO - Processing /opt/airflow/dags/task_group.py took 0.022 seconds
[2023-12-26T08:51:38.054+0000] {processor.py:154} INFO - Started process (PID=3959) to work on /opt/airflow/dags/task_group.py
[2023-12-26T08:51:38.055+0000] {processor.py:756} INFO - Processing file /opt/airflow/dags/task_group.py for tasks to queue
[2023-12-26T08:51:38.056+0000] {logging_mixin.py:120} INFO - [2023-12-26T08:51:38.055+0000] {dagbag.py:537} INFO - Filling up the DagBag from /opt/airflow/dags/task_group.py
[2023-12-26T08:51:38.060+0000] {processor.py:768} WARNING - No viable dags retrieved from /opt/airflow/dags/task_group.py
[2023-12-26T08:51:38.075+0000] {processor.py:176} INFO - Processing /opt/airflow/dags/task_group.py took 0.025 seconds
[2023-12-26T08:52:08.562+0000] {processor.py:154} INFO - Started process (PID=4009) to work on /opt/airflow/dags/task_group.py
[2023-12-26T08:52:08.563+0000] {processor.py:756} INFO - Processing file /opt/airflow/dags/task_group.py for tasks to queue
[2023-12-26T08:52:08.563+0000] {logging_mixin.py:120} INFO - [2023-12-26T08:52:08.563+0000] {dagbag.py:537} INFO - Filling up the DagBag from /opt/airflow/dags/task_group.py
[2023-12-26T08:52:08.567+0000] {processor.py:768} WARNING - No viable dags retrieved from /opt/airflow/dags/task_group.py
[2023-12-26T08:52:08.578+0000] {processor.py:176} INFO - Processing /opt/airflow/dags/task_group.py took 0.019 seconds
[2023-12-26T08:52:39.355+0000] {processor.py:154} INFO - Started process (PID=4061) to work on /opt/airflow/dags/task_group.py
[2023-12-26T08:52:39.356+0000] {processor.py:756} INFO - Processing file /opt/airflow/dags/task_group.py for tasks to queue
[2023-12-26T08:52:39.356+0000] {logging_mixin.py:120} INFO - [2023-12-26T08:52:39.356+0000] {dagbag.py:537} INFO - Filling up the DagBag from /opt/airflow/dags/task_group.py
[2023-12-26T08:52:39.360+0000] {processor.py:768} WARNING - No viable dags retrieved from /opt/airflow/dags/task_group.py
[2023-12-26T08:52:39.371+0000] {processor.py:176} INFO - Processing /opt/airflow/dags/task_group.py took 0.018 seconds
[2023-12-26T08:53:10.139+0000] {processor.py:154} INFO - Started process (PID=4109) to work on /opt/airflow/dags/task_group.py
[2023-12-26T08:53:10.140+0000] {processor.py:756} INFO - Processing file /opt/airflow/dags/task_group.py for tasks to queue
[2023-12-26T08:53:10.140+0000] {logging_mixin.py:120} INFO - [2023-12-26T08:53:10.140+0000] {dagbag.py:537} INFO - Filling up the DagBag from /opt/airflow/dags/task_group.py
[2023-12-26T08:53:10.146+0000] {processor.py:768} WARNING - No viable dags retrieved from /opt/airflow/dags/task_group.py
[2023-12-26T08:53:10.160+0000] {processor.py:176} INFO - Processing /opt/airflow/dags/task_group.py took 0.025 seconds
[2023-12-26T08:53:40.712+0000] {processor.py:154} INFO - Started process (PID=4149) to work on /opt/airflow/dags/task_group.py
[2023-12-26T08:53:40.712+0000] {processor.py:756} INFO - Processing file /opt/airflow/dags/task_group.py for tasks to queue
[2023-12-26T08:53:40.713+0000] {logging_mixin.py:120} INFO - [2023-12-26T08:53:40.712+0000] {dagbag.py:537} INFO - Filling up the DagBag from /opt/airflow/dags/task_group.py
[2023-12-26T08:53:40.717+0000] {processor.py:768} WARNING - No viable dags retrieved from /opt/airflow/dags/task_group.py
[2023-12-26T08:53:40.728+0000] {processor.py:176} INFO - Processing /opt/airflow/dags/task_group.py took 0.019 seconds
[2023-12-26T08:54:10.968+0000] {processor.py:154} INFO - Started process (PID=4202) to work on /opt/airflow/dags/task_group.py
[2023-12-26T08:54:10.969+0000] {processor.py:756} INFO - Processing file /opt/airflow/dags/task_group.py for tasks to queue
[2023-12-26T08:54:10.969+0000] {logging_mixin.py:120} INFO - [2023-12-26T08:54:10.969+0000] {dagbag.py:537} INFO - Filling up the DagBag from /opt/airflow/dags/task_group.py
[2023-12-26T08:54:10.973+0000] {processor.py:768} WARNING - No viable dags retrieved from /opt/airflow/dags/task_group.py
[2023-12-26T08:54:10.984+0000] {processor.py:176} INFO - Processing /opt/airflow/dags/task_group.py took 0.019 seconds
[2023-12-26T08:54:41.821+0000] {processor.py:154} INFO - Started process (PID=4253) to work on /opt/airflow/dags/task_group.py
[2023-12-26T08:54:41.821+0000] {processor.py:756} INFO - Processing file /opt/airflow/dags/task_group.py for tasks to queue
[2023-12-26T08:54:41.822+0000] {logging_mixin.py:120} INFO - [2023-12-26T08:54:41.822+0000] {dagbag.py:537} INFO - Filling up the DagBag from /opt/airflow/dags/task_group.py
[2023-12-26T08:54:41.825+0000] {processor.py:768} WARNING - No viable dags retrieved from /opt/airflow/dags/task_group.py
[2023-12-26T08:54:41.836+0000] {processor.py:176} INFO - Processing /opt/airflow/dags/task_group.py took 0.019 seconds
[2023-12-26T08:55:12.130+0000] {processor.py:154} INFO - Started process (PID=4289) to work on /opt/airflow/dags/task_group.py
[2023-12-26T08:55:12.131+0000] {processor.py:756} INFO - Processing file /opt/airflow/dags/task_group.py for tasks to queue
[2023-12-26T08:55:12.132+0000] {logging_mixin.py:120} INFO - [2023-12-26T08:55:12.131+0000] {dagbag.py:537} INFO - Filling up the DagBag from /opt/airflow/dags/task_group.py
[2023-12-26T08:55:12.136+0000] {processor.py:768} WARNING - No viable dags retrieved from /opt/airflow/dags/task_group.py
[2023-12-26T08:55:12.148+0000] {processor.py:176} INFO - Processing /opt/airflow/dags/task_group.py took 0.021 seconds
[2023-12-26T08:55:42.416+0000] {processor.py:154} INFO - Started process (PID=4336) to work on /opt/airflow/dags/task_group.py
[2023-12-26T08:55:42.417+0000] {processor.py:756} INFO - Processing file /opt/airflow/dags/task_group.py for tasks to queue
[2023-12-26T08:55:42.417+0000] {logging_mixin.py:120} INFO - [2023-12-26T08:55:42.417+0000] {dagbag.py:537} INFO - Filling up the DagBag from /opt/airflow/dags/task_group.py
[2023-12-26T08:55:42.422+0000] {processor.py:768} WARNING - No viable dags retrieved from /opt/airflow/dags/task_group.py
[2023-12-26T08:55:42.434+0000] {processor.py:176} INFO - Processing /opt/airflow/dags/task_group.py took 0.020 seconds
