[2023-12-26T08:35:02.836+0000] {taskinstance.py:1165} INFO - Dependencies all met for <TaskInstance: sensor_parent_dag.end scheduled__2023-12-25T00:00:00+00:00 [queued]>
[2023-12-26T08:35:02.848+0000] {taskinstance.py:1165} INFO - Dependencies all met for <TaskInstance: sensor_parent_dag.end scheduled__2023-12-25T00:00:00+00:00 [queued]>
[2023-12-26T08:35:02.848+0000] {taskinstance.py:1362} INFO - 
--------------------------------------------------------------------------------
[2023-12-26T08:35:02.848+0000] {taskinstance.py:1363} INFO - Starting attempt 1 of 1
[2023-12-26T08:35:02.848+0000] {taskinstance.py:1364} INFO - 
--------------------------------------------------------------------------------
[2023-12-26T08:35:02.872+0000] {taskinstance.py:1383} INFO - Executing <Task(BashOperator): end> on 2023-12-25 00:00:00+00:00
[2023-12-26T08:35:02.881+0000] {standard_task_runner.py:55} INFO - Started process 1516 to run task
[2023-12-26T08:35:02.883+0000] {standard_task_runner.py:82} INFO - Running: ['***', 'tasks', 'run', 'sensor_parent_dag', 'end', 'scheduled__2023-12-25T00:00:00+00:00', '--job-id', '162', '--raw', '--subdir', 'DAGS_FOLDER/sensor_parent_dag.py', '--cfg-path', '/tmp/tmpeozci1gm']
[2023-12-26T08:35:02.884+0000] {standard_task_runner.py:83} INFO - Job 162: Subtask end
[2023-12-26T08:35:02.902+0000] {warnings.py:110} WARNING - /home/***/.local/lib/python3.7/site-packages/***/configuration.py:549: DeprecationWarning: The sql_engine_encoding option in [core] has been moved to the sql_engine_encoding option in [database] - the old setting has been used, but please update your config.
  option = self._get_option_from_config_file(deprecated_key, deprecated_section, key, kwargs, section)

[2023-12-26T08:35:02.953+0000] {task_command.py:376} INFO - Running <TaskInstance: sensor_parent_dag.end scheduled__2023-12-25T00:00:00+00:00 [running]> on host d2fc15a9183d
[2023-12-26T08:35:02.994+0000] {warnings.py:110} WARNING - /home/***/.local/lib/python3.7/site-packages/***/configuration.py:549: DeprecationWarning: The sensitive_variable_fields option in [admin] has been moved to the sensitive_var_conn_names option in [core] - the old setting has been used, but please update your config.
  option = self._get_option_from_config_file(deprecated_key, deprecated_section, key, kwargs, section)

[2023-12-26T08:35:03.034+0000] {taskinstance.py:1592} INFO - Exporting the following env vars:
AIRFLOW_CTX_DAG_OWNER=***
AIRFLOW_CTX_DAG_ID=sensor_parent_dag
AIRFLOW_CTX_TASK_ID=end
AIRFLOW_CTX_EXECUTION_DATE=2023-12-25T00:00:00+00:00
AIRFLOW_CTX_TRY_NUMBER=1
AIRFLOW_CTX_DAG_RUN_ID=scheduled__2023-12-25T00:00:00+00:00
[2023-12-26T08:35:03.035+0000] {subprocess.py:63} INFO - Tmp dir root location: 
 /tmp
[2023-12-26T08:35:03.036+0000] {subprocess.py:75} INFO - Running command: ['/bin/bash', '-c', "echo 'end'"]
[2023-12-26T08:35:03.054+0000] {subprocess.py:86} INFO - Output:
[2023-12-26T08:35:03.057+0000] {subprocess.py:93} INFO - end
[2023-12-26T08:35:03.058+0000] {subprocess.py:97} INFO - Command exited with return code 0
[2023-12-26T08:35:03.103+0000] {taskinstance.py:1406} INFO - Marking task as SUCCESS. dag_id=sensor_parent_dag, task_id=end, execution_date=20231225T000000, start_date=20231226T083502, end_date=20231226T083503
[2023-12-26T08:35:03.177+0000] {local_task_job.py:164} INFO - Task exited with return code 0
[2023-12-26T08:35:03.215+0000] {local_task_job.py:273} INFO - 0 downstream tasks scheduled from follow-on schedule check
