[2023-12-25T20:01:52.288+0000] {taskinstance.py:1165} INFO - Dependencies all met for <TaskInstance: parent_of_subdag.group_training_tasks_3 scheduled__2023-12-24T00:00:00+00:00 [queued]>
[2023-12-25T20:01:52.303+0000] {taskinstance.py:1165} INFO - Dependencies all met for <TaskInstance: parent_of_subdag.group_training_tasks_3 scheduled__2023-12-24T00:00:00+00:00 [queued]>
[2023-12-25T20:01:52.304+0000] {taskinstance.py:1362} INFO - 
--------------------------------------------------------------------------------
[2023-12-25T20:01:52.304+0000] {taskinstance.py:1363} INFO - Starting attempt 1 of 1
[2023-12-25T20:01:52.304+0000] {taskinstance.py:1364} INFO - 
--------------------------------------------------------------------------------
[2023-12-25T20:01:52.327+0000] {taskinstance.py:1383} INFO - Executing <Task(SubDagOperator): group_training_tasks_3> on 2023-12-24 00:00:00+00:00
[2023-12-25T20:01:52.334+0000] {standard_task_runner.py:55} INFO - Started process 5225 to run task
[2023-12-25T20:01:52.336+0000] {standard_task_runner.py:82} INFO - Running: ['***', 'tasks', 'run', 'parent_of_subdag', 'group_training_tasks_3', 'scheduled__2023-12-24T00:00:00+00:00', '--job-id', '115', '--raw', '--subdir', 'DAGS_FOLDER/parent_of_subdag.py', '--cfg-path', '/tmp/tmppjsj_1cv']
[2023-12-25T20:01:52.337+0000] {standard_task_runner.py:83} INFO - Job 115: Subtask group_training_tasks_3
[2023-12-25T20:01:52.360+0000] {warnings.py:110} WARNING - /home/***/.local/lib/python3.7/site-packages/***/configuration.py:549: DeprecationWarning: The sql_engine_encoding option in [core] has been moved to the sql_engine_encoding option in [database] - the old setting has been used, but please update your config.
  option = self._get_option_from_config_file(deprecated_key, deprecated_section, key, kwargs, section)

[2023-12-25T20:01:52.415+0000] {task_command.py:376} INFO - Running <TaskInstance: parent_of_subdag.group_training_tasks_3 scheduled__2023-12-24T00:00:00+00:00 [running]> on host 4d1993f85b22
[2023-12-25T20:01:52.498+0000] {taskinstance.py:1592} INFO - Exporting the following env vars:
AIRFLOW_CTX_DAG_OWNER=***
AIRFLOW_CTX_DAG_ID=parent_of_subdag
AIRFLOW_CTX_TASK_ID=group_training_tasks_3
AIRFLOW_CTX_EXECUTION_DATE=2023-12-24T00:00:00+00:00
AIRFLOW_CTX_TRY_NUMBER=1
AIRFLOW_CTX_DAG_RUN_ID=scheduled__2023-12-24T00:00:00+00:00
[2023-12-25T20:01:52.498+0000] {warnings.py:110} WARNING - /home/***/.local/lib/python3.7/site-packages/***/utils/context.py:204: AirflowContextDeprecationWarning: Accessing 'execution_date' from the template is deprecated and will be removed in a future version. Please use 'data_interval_start' or 'logical_date' instead.
  warnings.warn(_create_deprecation_warning(key, self._deprecation_replacements[key]))

[2023-12-25T20:01:52.531+0000] {subdag.py:171} INFO - Created DagRun: scheduled__2023-12-24T00:00:00+00:00
[2023-12-25T20:01:52.578+0000] {taskinstance.py:1815} INFO - Rescheduling task, marking task as UP_FOR_RESCHEDULE
[2023-12-25T20:01:52.591+0000] {local_task_job.py:164} INFO - Task exited with return code 0
[2023-12-25T20:01:52.630+0000] {local_task_job.py:273} INFO - 0 downstream tasks scheduled from follow-on schedule check
