[2023-12-25T21:11:58.857+0000] {taskinstance.py:1165} INFO - Dependencies all met for <TaskInstance: parent_dag.training_tasks.publish_tasks.publish_b scheduled__2023-12-24T00:00:00+00:00 [queued]>
[2023-12-25T21:11:58.874+0000] {taskinstance.py:1165} INFO - Dependencies all met for <TaskInstance: parent_dag.training_tasks.publish_tasks.publish_b scheduled__2023-12-24T00:00:00+00:00 [queued]>
[2023-12-25T21:11:58.874+0000] {taskinstance.py:1362} INFO - 
--------------------------------------------------------------------------------
[2023-12-25T21:11:58.874+0000] {taskinstance.py:1363} INFO - Starting attempt 1 of 1
[2023-12-25T21:11:58.876+0000] {taskinstance.py:1364} INFO - 
--------------------------------------------------------------------------------
[2023-12-25T21:11:58.908+0000] {taskinstance.py:1383} INFO - Executing <Task(BashOperator): training_tasks.publish_tasks.publish_b> on 2023-12-24 00:00:00+00:00
[2023-12-25T21:11:58.940+0000] {standard_task_runner.py:55} INFO - Started process 361 to run task
[2023-12-25T21:11:58.953+0000] {standard_task_runner.py:82} INFO - Running: ['***', 'tasks', 'run', 'parent_dag', 'training_tasks.publish_tasks.publish_b', 'scheduled__2023-12-24T00:00:00+00:00', '--job-id', '152', '--raw', '--subdir', 'DAGS_FOLDER/parent_dag.py', '--cfg-path', '/tmp/tmpg0e5nlio']
[2023-12-25T21:11:58.955+0000] {standard_task_runner.py:83} INFO - Job 152: Subtask training_tasks.publish_tasks.publish_b
[2023-12-25T21:11:59.004+0000] {warnings.py:110} WARNING - /home/***/.local/lib/python3.7/site-packages/***/configuration.py:549: DeprecationWarning: The sql_engine_encoding option in [core] has been moved to the sql_engine_encoding option in [database] - the old setting has been used, but please update your config.
  option = self._get_option_from_config_file(deprecated_key, deprecated_section, key, kwargs, section)

[2023-12-25T21:11:59.114+0000] {task_command.py:376} INFO - Running <TaskInstance: parent_dag.training_tasks.publish_tasks.publish_b scheduled__2023-12-24T00:00:00+00:00 [running]> on host d2fc15a9183d
[2023-12-25T21:11:59.217+0000] {warnings.py:110} WARNING - /home/***/.local/lib/python3.7/site-packages/***/configuration.py:549: DeprecationWarning: The sensitive_variable_fields option in [admin] has been moved to the sensitive_var_conn_names option in [core] - the old setting has been used, but please update your config.
  option = self._get_option_from_config_file(deprecated_key, deprecated_section, key, kwargs, section)

[2023-12-25T21:11:59.357+0000] {taskinstance.py:1592} INFO - Exporting the following env vars:
AIRFLOW_CTX_DAG_OWNER=***
AIRFLOW_CTX_DAG_ID=parent_dag
AIRFLOW_CTX_TASK_ID=training_tasks.publish_tasks.publish_b
AIRFLOW_CTX_EXECUTION_DATE=2023-12-24T00:00:00+00:00
AIRFLOW_CTX_TRY_NUMBER=1
AIRFLOW_CTX_DAG_RUN_ID=scheduled__2023-12-24T00:00:00+00:00
[2023-12-25T21:11:59.361+0000] {subprocess.py:63} INFO - Tmp dir root location: 
 /tmp
[2023-12-25T21:11:59.361+0000] {subprocess.py:75} INFO - Running command: ['/bin/bash', '-c', "echo 'publish_b'"]
[2023-12-25T21:11:59.398+0000] {subprocess.py:86} INFO - Output:
[2023-12-25T21:11:59.404+0000] {subprocess.py:93} INFO - publish_b
[2023-12-25T21:11:59.405+0000] {subprocess.py:97} INFO - Command exited with return code 0
[2023-12-25T21:11:59.450+0000] {taskinstance.py:1406} INFO - Marking task as SUCCESS. dag_id=parent_dag, task_id=training_tasks.publish_tasks.publish_b, execution_date=20231224T000000, start_date=20231225T211158, end_date=20231225T211159
[2023-12-25T21:11:59.498+0000] {local_task_job.py:164} INFO - Task exited with return code 0
[2023-12-25T21:11:59.582+0000] {local_task_job.py:273} INFO - 1 downstream tasks scheduled from follow-on schedule check
