[2023-12-26T09:14:28.429+0000] {taskinstance.py:1165} INFO - Dependencies all met for <TaskInstance: shortcircuit_dag.task_d manual__2023-12-26T09:14:21.843215+00:00 [queued]>
[2023-12-26T09:14:28.439+0000] {taskinstance.py:1165} INFO - Dependencies all met for <TaskInstance: shortcircuit_dag.task_d manual__2023-12-26T09:14:21.843215+00:00 [queued]>
[2023-12-26T09:14:28.439+0000] {taskinstance.py:1362} INFO - 
--------------------------------------------------------------------------------
[2023-12-26T09:14:28.440+0000] {taskinstance.py:1363} INFO - Starting attempt 1 of 1
[2023-12-26T09:14:28.440+0000] {taskinstance.py:1364} INFO - 
--------------------------------------------------------------------------------
[2023-12-26T09:14:28.458+0000] {taskinstance.py:1383} INFO - Executing <Task(BashOperator): task_d> on 2023-12-26 09:14:21.843215+00:00
[2023-12-26T09:14:28.466+0000] {standard_task_runner.py:55} INFO - Started process 3471 to run task
[2023-12-26T09:14:28.468+0000] {standard_task_runner.py:82} INFO - Running: ['***', 'tasks', 'run', 'shortcircuit_dag', 'task_d', 'manual__2023-12-26T09:14:21.843215+00:00', '--job-id', '194', '--raw', '--subdir', 'DAGS_FOLDER/shortcircuit_dag.py', '--cfg-path', '/tmp/tmp_3phrru9']
[2023-12-26T09:14:28.469+0000] {standard_task_runner.py:83} INFO - Job 194: Subtask task_d
[2023-12-26T09:14:28.556+0000] {task_command.py:376} INFO - Running <TaskInstance: shortcircuit_dag.task_d manual__2023-12-26T09:14:21.843215+00:00 [running]> on host d2fc15a9183d
[2023-12-26T09:14:28.600+0000] {warnings.py:110} WARNING - /home/***/.local/lib/python3.7/site-packages/***/configuration.py:549: DeprecationWarning: The sensitive_variable_fields option in [admin] has been moved to the sensitive_var_conn_names option in [core] - the old setting has been used, but please update your config.
  option = self._get_option_from_config_file(deprecated_key, deprecated_section, key, kwargs, section)

[2023-12-26T09:14:28.665+0000] {taskinstance.py:1592} INFO - Exporting the following env vars:
AIRFLOW_CTX_DAG_OWNER=***
AIRFLOW_CTX_DAG_ID=shortcircuit_dag
AIRFLOW_CTX_TASK_ID=task_d
AIRFLOW_CTX_EXECUTION_DATE=2023-12-26T09:14:21.843215+00:00
AIRFLOW_CTX_TRY_NUMBER=1
AIRFLOW_CTX_DAG_RUN_ID=manual__2023-12-26T09:14:21.843215+00:00
[2023-12-26T09:14:28.666+0000] {subprocess.py:63} INFO - Tmp dir root location: 
 /tmp
[2023-12-26T09:14:28.667+0000] {subprocess.py:75} INFO - Running command: ['/bin/bash', '-c', "echo 'task_d'"]
[2023-12-26T09:14:28.686+0000] {subprocess.py:86} INFO - Output:
[2023-12-26T09:14:28.687+0000] {subprocess.py:93} INFO - task_d
[2023-12-26T09:14:28.687+0000] {subprocess.py:97} INFO - Command exited with return code 0
[2023-12-26T09:14:28.721+0000] {taskinstance.py:1406} INFO - Marking task as SUCCESS. dag_id=shortcircuit_dag, task_id=task_d, execution_date=20231226T091421, start_date=20231226T091428, end_date=20231226T091428
[2023-12-26T09:14:28.762+0000] {local_task_job.py:164} INFO - Task exited with return code 0
[2023-12-26T09:14:28.786+0000] {local_task_job.py:273} INFO - 0 downstream tasks scheduled from follow-on schedule check
