[2023-12-25T21:11:58.974+0000] {taskinstance.py:1165} INFO - Dependencies all met for <TaskInstance: parent_dag.training_tasks.training_c scheduled__2023-12-24T00:00:00+00:00 [queued]>
[2023-12-25T21:11:59.014+0000] {taskinstance.py:1165} INFO - Dependencies all met for <TaskInstance: parent_dag.training_tasks.training_c scheduled__2023-12-24T00:00:00+00:00 [queued]>
[2023-12-25T21:11:59.016+0000] {taskinstance.py:1362} INFO - 
--------------------------------------------------------------------------------
[2023-12-25T21:11:59.016+0000] {taskinstance.py:1363} INFO - Starting attempt 1 of 1
[2023-12-25T21:11:59.016+0000] {taskinstance.py:1364} INFO - 
--------------------------------------------------------------------------------
[2023-12-25T21:11:59.065+0000] {taskinstance.py:1383} INFO - Executing <Task(BashOperator): training_tasks.training_c> on 2023-12-24 00:00:00+00:00
[2023-12-25T21:11:59.083+0000] {standard_task_runner.py:82} INFO - Running: ['***', 'tasks', 'run', 'parent_dag', 'training_tasks.training_c', 'scheduled__2023-12-24T00:00:00+00:00', '--job-id', '154', '--raw', '--subdir', 'DAGS_FOLDER/parent_dag.py', '--cfg-path', '/tmp/tmps6b9j8sj']
[2023-12-25T21:11:59.084+0000] {standard_task_runner.py:83} INFO - Job 154: Subtask training_tasks.training_c
[2023-12-25T21:11:59.087+0000] {standard_task_runner.py:55} INFO - Started process 370 to run task
[2023-12-25T21:11:59.132+0000] {warnings.py:110} WARNING - /home/***/.local/lib/python3.7/site-packages/***/configuration.py:549: DeprecationWarning: The sql_engine_encoding option in [core] has been moved to the sql_engine_encoding option in [database] - the old setting has been used, but please update your config.
  option = self._get_option_from_config_file(deprecated_key, deprecated_section, key, kwargs, section)

[2023-12-25T21:11:59.247+0000] {task_command.py:376} INFO - Running <TaskInstance: parent_dag.training_tasks.training_c scheduled__2023-12-24T00:00:00+00:00 [running]> on host d2fc15a9183d
[2023-12-25T21:11:59.367+0000] {warnings.py:110} WARNING - /home/***/.local/lib/python3.7/site-packages/***/configuration.py:549: DeprecationWarning: The sensitive_variable_fields option in [admin] has been moved to the sensitive_var_conn_names option in [core] - the old setting has been used, but please update your config.
  option = self._get_option_from_config_file(deprecated_key, deprecated_section, key, kwargs, section)

[2023-12-25T21:11:59.462+0000] {taskinstance.py:1592} INFO - Exporting the following env vars:
AIRFLOW_CTX_DAG_OWNER=***
AIRFLOW_CTX_DAG_ID=parent_dag
AIRFLOW_CTX_TASK_ID=training_tasks.training_c
AIRFLOW_CTX_EXECUTION_DATE=2023-12-24T00:00:00+00:00
AIRFLOW_CTX_TRY_NUMBER=1
AIRFLOW_CTX_DAG_RUN_ID=scheduled__2023-12-24T00:00:00+00:00
[2023-12-25T21:11:59.463+0000] {subprocess.py:63} INFO - Tmp dir root location: 
 /tmp
[2023-12-25T21:11:59.464+0000] {subprocess.py:75} INFO - Running command: ['/bin/bash', '-c', "echo 'training_c'"]
[2023-12-25T21:11:59.484+0000] {subprocess.py:86} INFO - Output:
[2023-12-25T21:11:59.489+0000] {subprocess.py:93} INFO - training_c
[2023-12-25T21:11:59.490+0000] {subprocess.py:97} INFO - Command exited with return code 0
[2023-12-25T21:11:59.538+0000] {taskinstance.py:1406} INFO - Marking task as SUCCESS. dag_id=parent_dag, task_id=training_tasks.training_c, execution_date=20231224T000000, start_date=20231225T211158, end_date=20231225T211159
[2023-12-25T21:11:59.593+0000] {local_task_job.py:164} INFO - Task exited with return code 0
[2023-12-25T21:11:59.640+0000] {local_task_job.py:273} INFO - 0 downstream tasks scheduled from follow-on schedule check
