[2023-12-26T09:26:16.988+0000] {taskinstance.py:1165} INFO - Dependencies all met for <TaskInstance: shortcircuit_dag.is_tuesday manual__2023-12-26T09:26:11.577461+00:00 [queued]>
[2023-12-26T09:26:17.001+0000] {taskinstance.py:1165} INFO - Dependencies all met for <TaskInstance: shortcircuit_dag.is_tuesday manual__2023-12-26T09:26:11.577461+00:00 [queued]>
[2023-12-26T09:26:17.001+0000] {taskinstance.py:1362} INFO - 
--------------------------------------------------------------------------------
[2023-12-26T09:26:17.001+0000] {taskinstance.py:1363} INFO - Starting attempt 1 of 1
[2023-12-26T09:26:17.001+0000] {taskinstance.py:1364} INFO - 
--------------------------------------------------------------------------------
[2023-12-26T09:26:17.026+0000] {taskinstance.py:1383} INFO - Executing <Task(ShortCircuitOperator): is_tuesday> on 2023-12-26 09:26:11.577461+00:00
[2023-12-26T09:26:17.033+0000] {standard_task_runner.py:55} INFO - Started process 4049 to run task
[2023-12-26T09:26:17.036+0000] {standard_task_runner.py:82} INFO - Running: ['***', 'tasks', 'run', 'shortcircuit_dag', 'is_tuesday', 'manual__2023-12-26T09:26:11.577461+00:00', '--job-id', '198', '--raw', '--subdir', 'DAGS_FOLDER/shortcircuit_dag.py', '--cfg-path', '/tmp/tmp9tdtqiq5']
[2023-12-26T09:26:17.037+0000] {standard_task_runner.py:83} INFO - Job 198: Subtask is_tuesday
[2023-12-26T09:26:17.123+0000] {task_command.py:376} INFO - Running <TaskInstance: shortcircuit_dag.is_tuesday manual__2023-12-26T09:26:11.577461+00:00 [running]> on host d2fc15a9183d
[2023-12-26T09:26:17.163+0000] {warnings.py:110} WARNING - /home/***/.local/lib/python3.7/site-packages/***/configuration.py:549: DeprecationWarning: The sensitive_variable_fields option in [admin] has been moved to the sensitive_var_conn_names option in [core] - the old setting has been used, but please update your config.
  option = self._get_option_from_config_file(deprecated_key, deprecated_section, key, kwargs, section)

[2023-12-26T09:26:17.205+0000] {taskinstance.py:1592} INFO - Exporting the following env vars:
AIRFLOW_CTX_DAG_OWNER=***
AIRFLOW_CTX_DAG_ID=shortcircuit_dag
AIRFLOW_CTX_TASK_ID=is_tuesday
AIRFLOW_CTX_EXECUTION_DATE=2023-12-26T09:26:11.577461+00:00
AIRFLOW_CTX_TRY_NUMBER=1
AIRFLOW_CTX_DAG_RUN_ID=manual__2023-12-26T09:26:11.577461+00:00
[2023-12-26T09:26:17.206+0000] {warnings.py:110} WARNING - /home/***/.local/lib/python3.7/site-packages/***/utils/context.py:204: AirflowContextDeprecationWarning: Accessing 'execution_date' from the template is deprecated and will be removed in a future version. Please use 'data_interval_start' or 'logical_date' instead.
  warnings.warn(_create_deprecation_warning(key, self._deprecation_replacements[key]))

[2023-12-26T09:26:17.207+0000] {logging_mixin.py:120} INFO - today's day is => 1
[2023-12-26T09:26:17.207+0000] {python.py:177} INFO - Done. Returned value was: True
[2023-12-26T09:26:17.208+0000] {python.py:263} INFO - Condition result is True
[2023-12-26T09:26:17.209+0000] {python.py:266} INFO - Proceeding with downstream tasks...
[2023-12-26T09:26:17.245+0000] {taskinstance.py:1406} INFO - Marking task as SUCCESS. dag_id=shortcircuit_dag, task_id=is_tuesday, execution_date=20231226T092611, start_date=20231226T092616, end_date=20231226T092617
[2023-12-26T09:26:17.295+0000] {local_task_job.py:164} INFO - Task exited with return code 0
[2023-12-26T09:26:17.381+0000] {local_task_job.py:273} INFO - 1 downstream tasks scheduled from follow-on schedule check
