[2023-12-21T16:35:59.840+0000] {processor.py:154} INFO - Started process (PID=55) to work on /home/airflow/.local/lib/python3.7/site-packages/airflow/example_dags/example_branch_day_of_week_operator.py
[2023-12-21T16:35:59.843+0000] {processor.py:756} INFO - Processing file /home/airflow/.local/lib/python3.7/site-packages/airflow/example_dags/example_branch_day_of_week_operator.py for tasks to queue
[2023-12-21T16:35:59.844+0000] {logging_mixin.py:120} INFO - [2023-12-21T16:35:59.844+0000] {dagbag.py:537} INFO - Filling up the DagBag from /home/airflow/.local/lib/python3.7/site-packages/airflow/example_dags/example_branch_day_of_week_operator.py
[2023-12-21T16:35:59.861+0000] {processor.py:766} INFO - DAG(s) dict_keys(['example_weekday_branch_operator']) retrieved from /home/airflow/.local/lib/python3.7/site-packages/airflow/example_dags/example_branch_day_of_week_operator.py
[2023-12-21T16:36:00.063+0000] {logging_mixin.py:120} INFO - [2023-12-21T16:36:00.062+0000] {manager.py:507} INFO - Created Permission View: can read on DAG:example_weekday_branch_operator
[2023-12-21T16:36:00.087+0000] {logging_mixin.py:120} INFO - [2023-12-21T16:36:00.087+0000] {manager.py:507} INFO - Created Permission View: can delete on DAG:example_weekday_branch_operator
[2023-12-21T16:36:00.134+0000] {logging_mixin.py:120} INFO - [2023-12-21T16:36:00.134+0000] {manager.py:507} INFO - Created Permission View: can edit on DAG:example_weekday_branch_operator
[2023-12-21T16:36:00.135+0000] {logging_mixin.py:120} INFO - [2023-12-21T16:36:00.135+0000] {dag.py:2585} INFO - Sync 1 DAGs
[2023-12-21T16:36:00.156+0000] {logging_mixin.py:120} INFO - [2023-12-21T16:36:00.156+0000] {dag.py:2606} INFO - Creating ORM DAG for example_weekday_branch_operator
[2023-12-21T16:36:00.179+0000] {logging_mixin.py:120} INFO - [2023-12-21T16:36:00.178+0000] {dag.py:3340} INFO - Setting next_dagrun for example_weekday_branch_operator to 2023-12-20T00:00:00+00:00, run_after=2023-12-21T00:00:00+00:00
[2023-12-21T16:36:00.232+0000] {processor.py:176} INFO - Processing /home/airflow/.local/lib/python3.7/site-packages/airflow/example_dags/example_branch_day_of_week_operator.py took 0.396 seconds
[2023-12-21T16:36:30.675+0000] {processor.py:154} INFO - Started process (PID=118) to work on /home/airflow/.local/lib/python3.7/site-packages/airflow/example_dags/example_branch_day_of_week_operator.py
[2023-12-21T16:36:30.675+0000] {processor.py:756} INFO - Processing file /home/airflow/.local/lib/python3.7/site-packages/airflow/example_dags/example_branch_day_of_week_operator.py for tasks to queue
[2023-12-21T16:36:30.676+0000] {logging_mixin.py:120} INFO - [2023-12-21T16:36:30.676+0000] {dagbag.py:537} INFO - Filling up the DagBag from /home/airflow/.local/lib/python3.7/site-packages/airflow/example_dags/example_branch_day_of_week_operator.py
[2023-12-21T16:36:30.689+0000] {processor.py:766} INFO - DAG(s) dict_keys(['example_weekday_branch_operator']) retrieved from /home/airflow/.local/lib/python3.7/site-packages/airflow/example_dags/example_branch_day_of_week_operator.py
[2023-12-21T16:36:30.731+0000] {logging_mixin.py:120} INFO - [2023-12-21T16:36:30.731+0000] {dag.py:2585} INFO - Sync 1 DAGs
[2023-12-21T16:36:30.765+0000] {logging_mixin.py:120} INFO - [2023-12-21T16:36:30.764+0000] {dag.py:3340} INFO - Setting next_dagrun for example_weekday_branch_operator to 2023-12-20T00:00:00+00:00, run_after=2023-12-21T00:00:00+00:00
[2023-12-21T16:36:30.813+0000] {processor.py:176} INFO - Processing /home/airflow/.local/lib/python3.7/site-packages/airflow/example_dags/example_branch_day_of_week_operator.py took 0.141 seconds
[2023-12-21T16:37:01.326+0000] {processor.py:154} INFO - Started process (PID=173) to work on /home/airflow/.local/lib/python3.7/site-packages/airflow/example_dags/example_branch_day_of_week_operator.py
[2023-12-21T16:37:01.327+0000] {processor.py:756} INFO - Processing file /home/airflow/.local/lib/python3.7/site-packages/airflow/example_dags/example_branch_day_of_week_operator.py for tasks to queue
[2023-12-21T16:37:01.327+0000] {logging_mixin.py:120} INFO - [2023-12-21T16:37:01.327+0000] {dagbag.py:537} INFO - Filling up the DagBag from /home/airflow/.local/lib/python3.7/site-packages/airflow/example_dags/example_branch_day_of_week_operator.py
[2023-12-21T16:37:01.347+0000] {processor.py:766} INFO - DAG(s) dict_keys(['example_weekday_branch_operator']) retrieved from /home/airflow/.local/lib/python3.7/site-packages/airflow/example_dags/example_branch_day_of_week_operator.py
[2023-12-21T16:37:01.395+0000] {logging_mixin.py:120} INFO - [2023-12-21T16:37:01.395+0000] {dag.py:2585} INFO - Sync 1 DAGs
[2023-12-21T16:37:01.430+0000] {logging_mixin.py:120} INFO - [2023-12-21T16:37:01.429+0000] {dag.py:3340} INFO - Setting next_dagrun for example_weekday_branch_operator to 2023-12-20T00:00:00+00:00, run_after=2023-12-21T00:00:00+00:00
[2023-12-21T16:37:01.457+0000] {processor.py:176} INFO - Processing /home/airflow/.local/lib/python3.7/site-packages/airflow/example_dags/example_branch_day_of_week_operator.py took 0.134 seconds
[2023-12-21T16:37:32.063+0000] {processor.py:154} INFO - Started process (PID=236) to work on /home/airflow/.local/lib/python3.7/site-packages/airflow/example_dags/example_branch_day_of_week_operator.py
[2023-12-21T16:37:32.063+0000] {processor.py:756} INFO - Processing file /home/airflow/.local/lib/python3.7/site-packages/airflow/example_dags/example_branch_day_of_week_operator.py for tasks to queue
[2023-12-21T16:37:32.064+0000] {logging_mixin.py:120} INFO - [2023-12-21T16:37:32.064+0000] {dagbag.py:537} INFO - Filling up the DagBag from /home/airflow/.local/lib/python3.7/site-packages/airflow/example_dags/example_branch_day_of_week_operator.py
[2023-12-21T16:37:32.081+0000] {processor.py:766} INFO - DAG(s) dict_keys(['example_weekday_branch_operator']) retrieved from /home/airflow/.local/lib/python3.7/site-packages/airflow/example_dags/example_branch_day_of_week_operator.py
[2023-12-21T16:37:32.131+0000] {logging_mixin.py:120} INFO - [2023-12-21T16:37:32.130+0000] {dag.py:2585} INFO - Sync 1 DAGs
[2023-12-21T16:37:32.158+0000] {logging_mixin.py:120} INFO - [2023-12-21T16:37:32.158+0000] {dag.py:3340} INFO - Setting next_dagrun for example_weekday_branch_operator to 2023-12-20T00:00:00+00:00, run_after=2023-12-21T00:00:00+00:00
[2023-12-21T16:37:32.188+0000] {processor.py:176} INFO - Processing /home/airflow/.local/lib/python3.7/site-packages/airflow/example_dags/example_branch_day_of_week_operator.py took 0.128 seconds
[2023-12-21T16:38:02.836+0000] {processor.py:154} INFO - Started process (PID=300) to work on /home/airflow/.local/lib/python3.7/site-packages/airflow/example_dags/example_branch_day_of_week_operator.py
[2023-12-21T16:38:02.837+0000] {processor.py:756} INFO - Processing file /home/airflow/.local/lib/python3.7/site-packages/airflow/example_dags/example_branch_day_of_week_operator.py for tasks to queue
[2023-12-21T16:38:02.837+0000] {logging_mixin.py:120} INFO - [2023-12-21T16:38:02.837+0000] {dagbag.py:537} INFO - Filling up the DagBag from /home/airflow/.local/lib/python3.7/site-packages/airflow/example_dags/example_branch_day_of_week_operator.py
[2023-12-21T16:38:02.855+0000] {processor.py:766} INFO - DAG(s) dict_keys(['example_weekday_branch_operator']) retrieved from /home/airflow/.local/lib/python3.7/site-packages/airflow/example_dags/example_branch_day_of_week_operator.py
[2023-12-21T16:38:02.898+0000] {logging_mixin.py:120} INFO - [2023-12-21T16:38:02.897+0000] {dag.py:2585} INFO - Sync 1 DAGs
[2023-12-21T16:38:02.925+0000] {logging_mixin.py:120} INFO - [2023-12-21T16:38:02.925+0000] {dag.py:3340} INFO - Setting next_dagrun for example_weekday_branch_operator to 2023-12-20T00:00:00+00:00, run_after=2023-12-21T00:00:00+00:00
[2023-12-21T16:38:02.949+0000] {processor.py:176} INFO - Processing /home/airflow/.local/lib/python3.7/site-packages/airflow/example_dags/example_branch_day_of_week_operator.py took 0.116 seconds
[2023-12-21T16:38:33.878+0000] {processor.py:154} INFO - Started process (PID=363) to work on /home/airflow/.local/lib/python3.7/site-packages/airflow/example_dags/example_branch_day_of_week_operator.py
[2023-12-21T16:38:33.878+0000] {processor.py:756} INFO - Processing file /home/airflow/.local/lib/python3.7/site-packages/airflow/example_dags/example_branch_day_of_week_operator.py for tasks to queue
[2023-12-21T16:38:33.879+0000] {logging_mixin.py:120} INFO - [2023-12-21T16:38:33.879+0000] {dagbag.py:537} INFO - Filling up the DagBag from /home/airflow/.local/lib/python3.7/site-packages/airflow/example_dags/example_branch_day_of_week_operator.py
[2023-12-21T16:38:33.901+0000] {processor.py:766} INFO - DAG(s) dict_keys(['example_weekday_branch_operator']) retrieved from /home/airflow/.local/lib/python3.7/site-packages/airflow/example_dags/example_branch_day_of_week_operator.py
[2023-12-21T16:38:33.962+0000] {logging_mixin.py:120} INFO - [2023-12-21T16:38:33.962+0000] {dag.py:2585} INFO - Sync 1 DAGs
[2023-12-21T16:38:34.003+0000] {logging_mixin.py:120} INFO - [2023-12-21T16:38:34.002+0000] {dag.py:3340} INFO - Setting next_dagrun for example_weekday_branch_operator to 2023-12-20T00:00:00+00:00, run_after=2023-12-21T00:00:00+00:00
[2023-12-21T16:38:34.029+0000] {processor.py:176} INFO - Processing /home/airflow/.local/lib/python3.7/site-packages/airflow/example_dags/example_branch_day_of_week_operator.py took 0.155 seconds
[2023-12-21T16:39:04.102+0000] {processor.py:154} INFO - Started process (PID=417) to work on /home/airflow/.local/lib/python3.7/site-packages/airflow/example_dags/example_branch_day_of_week_operator.py
[2023-12-21T16:39:04.102+0000] {processor.py:756} INFO - Processing file /home/airflow/.local/lib/python3.7/site-packages/airflow/example_dags/example_branch_day_of_week_operator.py for tasks to queue
[2023-12-21T16:39:04.103+0000] {logging_mixin.py:120} INFO - [2023-12-21T16:39:04.103+0000] {dagbag.py:537} INFO - Filling up the DagBag from /home/airflow/.local/lib/python3.7/site-packages/airflow/example_dags/example_branch_day_of_week_operator.py
[2023-12-21T16:39:04.122+0000] {processor.py:766} INFO - DAG(s) dict_keys(['example_weekday_branch_operator']) retrieved from /home/airflow/.local/lib/python3.7/site-packages/airflow/example_dags/example_branch_day_of_week_operator.py
[2023-12-21T16:39:04.173+0000] {logging_mixin.py:120} INFO - [2023-12-21T16:39:04.173+0000] {dag.py:2585} INFO - Sync 1 DAGs
[2023-12-21T16:39:04.207+0000] {logging_mixin.py:120} INFO - [2023-12-21T16:39:04.207+0000] {dag.py:3340} INFO - Setting next_dagrun for example_weekday_branch_operator to 2023-12-20T00:00:00+00:00, run_after=2023-12-21T00:00:00+00:00
[2023-12-21T16:39:04.233+0000] {processor.py:176} INFO - Processing /home/airflow/.local/lib/python3.7/site-packages/airflow/example_dags/example_branch_day_of_week_operator.py took 0.135 seconds
[2023-12-21T16:39:34.872+0000] {processor.py:154} INFO - Started process (PID=480) to work on /home/airflow/.local/lib/python3.7/site-packages/airflow/example_dags/example_branch_day_of_week_operator.py
[2023-12-21T16:39:34.873+0000] {processor.py:756} INFO - Processing file /home/airflow/.local/lib/python3.7/site-packages/airflow/example_dags/example_branch_day_of_week_operator.py for tasks to queue
[2023-12-21T16:39:34.874+0000] {logging_mixin.py:120} INFO - [2023-12-21T16:39:34.873+0000] {dagbag.py:537} INFO - Filling up the DagBag from /home/airflow/.local/lib/python3.7/site-packages/airflow/example_dags/example_branch_day_of_week_operator.py
[2023-12-21T16:39:34.891+0000] {processor.py:766} INFO - DAG(s) dict_keys(['example_weekday_branch_operator']) retrieved from /home/airflow/.local/lib/python3.7/site-packages/airflow/example_dags/example_branch_day_of_week_operator.py
[2023-12-21T16:39:34.930+0000] {logging_mixin.py:120} INFO - [2023-12-21T16:39:34.930+0000] {dag.py:2585} INFO - Sync 1 DAGs
[2023-12-21T16:39:34.960+0000] {logging_mixin.py:120} INFO - [2023-12-21T16:39:34.960+0000] {dag.py:3340} INFO - Setting next_dagrun for example_weekday_branch_operator to 2023-12-20T00:00:00+00:00, run_after=2023-12-21T00:00:00+00:00
[2023-12-21T16:39:34.984+0000] {processor.py:176} INFO - Processing /home/airflow/.local/lib/python3.7/site-packages/airflow/example_dags/example_branch_day_of_week_operator.py took 0.116 seconds
[2023-12-21T16:40:05.410+0000] {processor.py:154} INFO - Started process (PID=543) to work on /home/airflow/.local/lib/python3.7/site-packages/airflow/example_dags/example_branch_day_of_week_operator.py
[2023-12-21T16:40:05.411+0000] {processor.py:756} INFO - Processing file /home/airflow/.local/lib/python3.7/site-packages/airflow/example_dags/example_branch_day_of_week_operator.py for tasks to queue
[2023-12-21T16:40:05.411+0000] {logging_mixin.py:120} INFO - [2023-12-21T16:40:05.411+0000] {dagbag.py:537} INFO - Filling up the DagBag from /home/airflow/.local/lib/python3.7/site-packages/airflow/example_dags/example_branch_day_of_week_operator.py
[2023-12-21T16:40:05.425+0000] {processor.py:766} INFO - DAG(s) dict_keys(['example_weekday_branch_operator']) retrieved from /home/airflow/.local/lib/python3.7/site-packages/airflow/example_dags/example_branch_day_of_week_operator.py
[2023-12-21T16:40:05.466+0000] {logging_mixin.py:120} INFO - [2023-12-21T16:40:05.466+0000] {dag.py:2585} INFO - Sync 1 DAGs
[2023-12-21T16:40:05.495+0000] {logging_mixin.py:120} INFO - [2023-12-21T16:40:05.494+0000] {dag.py:3340} INFO - Setting next_dagrun for example_weekday_branch_operator to 2023-12-20T00:00:00+00:00, run_after=2023-12-21T00:00:00+00:00
[2023-12-21T16:40:05.527+0000] {processor.py:176} INFO - Processing /home/airflow/.local/lib/python3.7/site-packages/airflow/example_dags/example_branch_day_of_week_operator.py took 0.119 seconds
[2023-12-21T16:40:36.118+0000] {processor.py:154} INFO - Started process (PID=606) to work on /home/airflow/.local/lib/python3.7/site-packages/airflow/example_dags/example_branch_day_of_week_operator.py
[2023-12-21T16:40:36.119+0000] {processor.py:756} INFO - Processing file /home/airflow/.local/lib/python3.7/site-packages/airflow/example_dags/example_branch_day_of_week_operator.py for tasks to queue
[2023-12-21T16:40:36.120+0000] {logging_mixin.py:120} INFO - [2023-12-21T16:40:36.120+0000] {dagbag.py:537} INFO - Filling up the DagBag from /home/airflow/.local/lib/python3.7/site-packages/airflow/example_dags/example_branch_day_of_week_operator.py
[2023-12-21T16:40:36.140+0000] {processor.py:766} INFO - DAG(s) dict_keys(['example_weekday_branch_operator']) retrieved from /home/airflow/.local/lib/python3.7/site-packages/airflow/example_dags/example_branch_day_of_week_operator.py
[2023-12-21T16:40:36.187+0000] {logging_mixin.py:120} INFO - [2023-12-21T16:40:36.187+0000] {dag.py:2585} INFO - Sync 1 DAGs
[2023-12-21T16:40:36.223+0000] {logging_mixin.py:120} INFO - [2023-12-21T16:40:36.222+0000] {dag.py:3340} INFO - Setting next_dagrun for example_weekday_branch_operator to 2023-12-20T00:00:00+00:00, run_after=2023-12-21T00:00:00+00:00
[2023-12-21T16:40:36.257+0000] {processor.py:176} INFO - Processing /home/airflow/.local/lib/python3.7/site-packages/airflow/example_dags/example_branch_day_of_week_operator.py took 0.142 seconds
[2023-12-21T16:41:06.905+0000] {processor.py:154} INFO - Started process (PID=660) to work on /home/airflow/.local/lib/python3.7/site-packages/airflow/example_dags/example_branch_day_of_week_operator.py
[2023-12-21T16:41:06.906+0000] {processor.py:756} INFO - Processing file /home/airflow/.local/lib/python3.7/site-packages/airflow/example_dags/example_branch_day_of_week_operator.py for tasks to queue
[2023-12-21T16:41:06.906+0000] {logging_mixin.py:120} INFO - [2023-12-21T16:41:06.906+0000] {dagbag.py:537} INFO - Filling up the DagBag from /home/airflow/.local/lib/python3.7/site-packages/airflow/example_dags/example_branch_day_of_week_operator.py
[2023-12-21T16:41:06.926+0000] {processor.py:766} INFO - DAG(s) dict_keys(['example_weekday_branch_operator']) retrieved from /home/airflow/.local/lib/python3.7/site-packages/airflow/example_dags/example_branch_day_of_week_operator.py
[2023-12-21T16:41:06.975+0000] {logging_mixin.py:120} INFO - [2023-12-21T16:41:06.975+0000] {dag.py:2585} INFO - Sync 1 DAGs
[2023-12-21T16:41:07.000+0000] {logging_mixin.py:120} INFO - [2023-12-21T16:41:07.000+0000] {dag.py:3340} INFO - Setting next_dagrun for example_weekday_branch_operator to 2023-12-20T00:00:00+00:00, run_after=2023-12-21T00:00:00+00:00
[2023-12-21T16:41:07.022+0000] {processor.py:176} INFO - Processing /home/airflow/.local/lib/python3.7/site-packages/airflow/example_dags/example_branch_day_of_week_operator.py took 0.120 seconds
[2023-12-21T16:41:37.655+0000] {processor.py:154} INFO - Started process (PID=723) to work on /home/airflow/.local/lib/python3.7/site-packages/airflow/example_dags/example_branch_day_of_week_operator.py
[2023-12-21T16:41:37.656+0000] {processor.py:756} INFO - Processing file /home/airflow/.local/lib/python3.7/site-packages/airflow/example_dags/example_branch_day_of_week_operator.py for tasks to queue
[2023-12-21T16:41:37.656+0000] {logging_mixin.py:120} INFO - [2023-12-21T16:41:37.656+0000] {dagbag.py:537} INFO - Filling up the DagBag from /home/airflow/.local/lib/python3.7/site-packages/airflow/example_dags/example_branch_day_of_week_operator.py
[2023-12-21T16:41:37.670+0000] {processor.py:766} INFO - DAG(s) dict_keys(['example_weekday_branch_operator']) retrieved from /home/airflow/.local/lib/python3.7/site-packages/airflow/example_dags/example_branch_day_of_week_operator.py
[2023-12-21T16:41:37.703+0000] {logging_mixin.py:120} INFO - [2023-12-21T16:41:37.702+0000] {dag.py:2585} INFO - Sync 1 DAGs
[2023-12-21T16:41:37.724+0000] {logging_mixin.py:120} INFO - [2023-12-21T16:41:37.724+0000] {dag.py:3340} INFO - Setting next_dagrun for example_weekday_branch_operator to 2023-12-20T00:00:00+00:00, run_after=2023-12-21T00:00:00+00:00
[2023-12-21T16:41:37.746+0000] {processor.py:176} INFO - Processing /home/airflow/.local/lib/python3.7/site-packages/airflow/example_dags/example_branch_day_of_week_operator.py took 0.094 seconds
[2023-12-21T16:42:08.373+0000] {processor.py:154} INFO - Started process (PID=787) to work on /home/airflow/.local/lib/python3.7/site-packages/airflow/example_dags/example_branch_day_of_week_operator.py
[2023-12-21T16:42:08.374+0000] {processor.py:756} INFO - Processing file /home/airflow/.local/lib/python3.7/site-packages/airflow/example_dags/example_branch_day_of_week_operator.py for tasks to queue
[2023-12-21T16:42:08.375+0000] {logging_mixin.py:120} INFO - [2023-12-21T16:42:08.374+0000] {dagbag.py:537} INFO - Filling up the DagBag from /home/airflow/.local/lib/python3.7/site-packages/airflow/example_dags/example_branch_day_of_week_operator.py
[2023-12-21T16:42:08.388+0000] {processor.py:766} INFO - DAG(s) dict_keys(['example_weekday_branch_operator']) retrieved from /home/airflow/.local/lib/python3.7/site-packages/airflow/example_dags/example_branch_day_of_week_operator.py
[2023-12-21T16:42:08.426+0000] {logging_mixin.py:120} INFO - [2023-12-21T16:42:08.426+0000] {dag.py:2585} INFO - Sync 1 DAGs
[2023-12-21T16:42:08.449+0000] {logging_mixin.py:120} INFO - [2023-12-21T16:42:08.449+0000] {dag.py:3340} INFO - Setting next_dagrun for example_weekday_branch_operator to 2023-12-20T00:00:00+00:00, run_after=2023-12-21T00:00:00+00:00
[2023-12-21T16:42:08.471+0000] {processor.py:176} INFO - Processing /home/airflow/.local/lib/python3.7/site-packages/airflow/example_dags/example_branch_day_of_week_operator.py took 0.100 seconds
[2023-12-21T16:42:39.201+0000] {processor.py:154} INFO - Started process (PID=850) to work on /home/airflow/.local/lib/python3.7/site-packages/airflow/example_dags/example_branch_day_of_week_operator.py
[2023-12-21T16:42:39.202+0000] {processor.py:756} INFO - Processing file /home/airflow/.local/lib/python3.7/site-packages/airflow/example_dags/example_branch_day_of_week_operator.py for tasks to queue
[2023-12-21T16:42:39.203+0000] {logging_mixin.py:120} INFO - [2023-12-21T16:42:39.203+0000] {dagbag.py:537} INFO - Filling up the DagBag from /home/airflow/.local/lib/python3.7/site-packages/airflow/example_dags/example_branch_day_of_week_operator.py
[2023-12-21T16:42:39.221+0000] {processor.py:766} INFO - DAG(s) dict_keys(['example_weekday_branch_operator']) retrieved from /home/airflow/.local/lib/python3.7/site-packages/airflow/example_dags/example_branch_day_of_week_operator.py
[2023-12-21T16:42:39.270+0000] {logging_mixin.py:120} INFO - [2023-12-21T16:42:39.270+0000] {dag.py:2585} INFO - Sync 1 DAGs
[2023-12-21T16:42:39.296+0000] {logging_mixin.py:120} INFO - [2023-12-21T16:42:39.296+0000] {dag.py:3340} INFO - Setting next_dagrun for example_weekday_branch_operator to 2023-12-20T00:00:00+00:00, run_after=2023-12-21T00:00:00+00:00
[2023-12-21T16:42:39.334+0000] {processor.py:176} INFO - Processing /home/airflow/.local/lib/python3.7/site-packages/airflow/example_dags/example_branch_day_of_week_operator.py took 0.135 seconds
[2023-12-21T16:43:09.914+0000] {processor.py:154} INFO - Started process (PID=904) to work on /home/airflow/.local/lib/python3.7/site-packages/airflow/example_dags/example_branch_day_of_week_operator.py
[2023-12-21T16:43:09.915+0000] {processor.py:756} INFO - Processing file /home/airflow/.local/lib/python3.7/site-packages/airflow/example_dags/example_branch_day_of_week_operator.py for tasks to queue
[2023-12-21T16:43:09.915+0000] {logging_mixin.py:120} INFO - [2023-12-21T16:43:09.915+0000] {dagbag.py:537} INFO - Filling up the DagBag from /home/airflow/.local/lib/python3.7/site-packages/airflow/example_dags/example_branch_day_of_week_operator.py
[2023-12-21T16:43:09.934+0000] {processor.py:766} INFO - DAG(s) dict_keys(['example_weekday_branch_operator']) retrieved from /home/airflow/.local/lib/python3.7/site-packages/airflow/example_dags/example_branch_day_of_week_operator.py
[2023-12-21T16:43:09.982+0000] {logging_mixin.py:120} INFO - [2023-12-21T16:43:09.981+0000] {dag.py:2585} INFO - Sync 1 DAGs
[2023-12-21T16:43:10.015+0000] {logging_mixin.py:120} INFO - [2023-12-21T16:43:10.014+0000] {dag.py:3340} INFO - Setting next_dagrun for example_weekday_branch_operator to 2023-12-20T00:00:00+00:00, run_after=2023-12-21T00:00:00+00:00
[2023-12-21T16:43:10.037+0000] {processor.py:176} INFO - Processing /home/airflow/.local/lib/python3.7/site-packages/airflow/example_dags/example_branch_day_of_week_operator.py took 0.125 seconds
[2023-12-21T16:43:40.409+0000] {processor.py:154} INFO - Started process (PID=967) to work on /home/airflow/.local/lib/python3.7/site-packages/airflow/example_dags/example_branch_day_of_week_operator.py
[2023-12-21T16:43:40.410+0000] {processor.py:756} INFO - Processing file /home/airflow/.local/lib/python3.7/site-packages/airflow/example_dags/example_branch_day_of_week_operator.py for tasks to queue
[2023-12-21T16:43:40.410+0000] {logging_mixin.py:120} INFO - [2023-12-21T16:43:40.410+0000] {dagbag.py:537} INFO - Filling up the DagBag from /home/airflow/.local/lib/python3.7/site-packages/airflow/example_dags/example_branch_day_of_week_operator.py
[2023-12-21T16:43:40.424+0000] {processor.py:766} INFO - DAG(s) dict_keys(['example_weekday_branch_operator']) retrieved from /home/airflow/.local/lib/python3.7/site-packages/airflow/example_dags/example_branch_day_of_week_operator.py
[2023-12-21T16:43:40.463+0000] {logging_mixin.py:120} INFO - [2023-12-21T16:43:40.463+0000] {dag.py:2585} INFO - Sync 1 DAGs
[2023-12-21T16:43:40.488+0000] {logging_mixin.py:120} INFO - [2023-12-21T16:43:40.488+0000] {dag.py:3340} INFO - Setting next_dagrun for example_weekday_branch_operator to 2023-12-20T00:00:00+00:00, run_after=2023-12-21T00:00:00+00:00
[2023-12-21T16:43:40.524+0000] {processor.py:176} INFO - Processing /home/airflow/.local/lib/python3.7/site-packages/airflow/example_dags/example_branch_day_of_week_operator.py took 0.117 seconds
[2023-12-21T16:44:11.146+0000] {processor.py:154} INFO - Started process (PID=1030) to work on /home/airflow/.local/lib/python3.7/site-packages/airflow/example_dags/example_branch_day_of_week_operator.py
[2023-12-21T16:44:11.146+0000] {processor.py:756} INFO - Processing file /home/airflow/.local/lib/python3.7/site-packages/airflow/example_dags/example_branch_day_of_week_operator.py for tasks to queue
[2023-12-21T16:44:11.147+0000] {logging_mixin.py:120} INFO - [2023-12-21T16:44:11.147+0000] {dagbag.py:537} INFO - Filling up the DagBag from /home/airflow/.local/lib/python3.7/site-packages/airflow/example_dags/example_branch_day_of_week_operator.py
[2023-12-21T16:44:11.160+0000] {processor.py:766} INFO - DAG(s) dict_keys(['example_weekday_branch_operator']) retrieved from /home/airflow/.local/lib/python3.7/site-packages/airflow/example_dags/example_branch_day_of_week_operator.py
[2023-12-21T16:44:11.196+0000] {logging_mixin.py:120} INFO - [2023-12-21T16:44:11.196+0000] {dag.py:2585} INFO - Sync 1 DAGs
[2023-12-21T16:44:11.217+0000] {logging_mixin.py:120} INFO - [2023-12-21T16:44:11.217+0000] {dag.py:3340} INFO - Setting next_dagrun for example_weekday_branch_operator to 2023-12-20T00:00:00+00:00, run_after=2023-12-21T00:00:00+00:00
[2023-12-21T16:44:11.240+0000] {processor.py:176} INFO - Processing /home/airflow/.local/lib/python3.7/site-packages/airflow/example_dags/example_branch_day_of_week_operator.py took 0.097 seconds
[2023-12-21T16:44:42.027+0000] {processor.py:154} INFO - Started process (PID=1094) to work on /home/airflow/.local/lib/python3.7/site-packages/airflow/example_dags/example_branch_day_of_week_operator.py
[2023-12-21T16:44:42.028+0000] {processor.py:756} INFO - Processing file /home/airflow/.local/lib/python3.7/site-packages/airflow/example_dags/example_branch_day_of_week_operator.py for tasks to queue
[2023-12-21T16:44:42.029+0000] {logging_mixin.py:120} INFO - [2023-12-21T16:44:42.029+0000] {dagbag.py:537} INFO - Filling up the DagBag from /home/airflow/.local/lib/python3.7/site-packages/airflow/example_dags/example_branch_day_of_week_operator.py
[2023-12-21T16:44:42.047+0000] {processor.py:766} INFO - DAG(s) dict_keys(['example_weekday_branch_operator']) retrieved from /home/airflow/.local/lib/python3.7/site-packages/airflow/example_dags/example_branch_day_of_week_operator.py
[2023-12-21T16:44:42.094+0000] {logging_mixin.py:120} INFO - [2023-12-21T16:44:42.094+0000] {dag.py:2585} INFO - Sync 1 DAGs
[2023-12-21T16:44:42.129+0000] {logging_mixin.py:120} INFO - [2023-12-21T16:44:42.129+0000] {dag.py:3340} INFO - Setting next_dagrun for example_weekday_branch_operator to 2023-12-20T00:00:00+00:00, run_after=2023-12-21T00:00:00+00:00
[2023-12-21T16:44:42.157+0000] {processor.py:176} INFO - Processing /home/airflow/.local/lib/python3.7/site-packages/airflow/example_dags/example_branch_day_of_week_operator.py took 0.133 seconds
[2023-12-21T16:45:12.985+0000] {processor.py:154} INFO - Started process (PID=1148) to work on /home/airflow/.local/lib/python3.7/site-packages/airflow/example_dags/example_branch_day_of_week_operator.py
[2023-12-21T16:45:12.985+0000] {processor.py:756} INFO - Processing file /home/airflow/.local/lib/python3.7/site-packages/airflow/example_dags/example_branch_day_of_week_operator.py for tasks to queue
[2023-12-21T16:45:12.986+0000] {logging_mixin.py:120} INFO - [2023-12-21T16:45:12.986+0000] {dagbag.py:537} INFO - Filling up the DagBag from /home/airflow/.local/lib/python3.7/site-packages/airflow/example_dags/example_branch_day_of_week_operator.py
[2023-12-21T16:45:13.001+0000] {processor.py:766} INFO - DAG(s) dict_keys(['example_weekday_branch_operator']) retrieved from /home/airflow/.local/lib/python3.7/site-packages/airflow/example_dags/example_branch_day_of_week_operator.py
[2023-12-21T16:45:13.046+0000] {logging_mixin.py:120} INFO - [2023-12-21T16:45:13.046+0000] {dag.py:2585} INFO - Sync 1 DAGs
[2023-12-21T16:45:13.082+0000] {logging_mixin.py:120} INFO - [2023-12-21T16:45:13.082+0000] {dag.py:3340} INFO - Setting next_dagrun for example_weekday_branch_operator to 2023-12-20T00:00:00+00:00, run_after=2023-12-21T00:00:00+00:00
[2023-12-21T16:45:13.109+0000] {processor.py:176} INFO - Processing /home/airflow/.local/lib/python3.7/site-packages/airflow/example_dags/example_branch_day_of_week_operator.py took 0.128 seconds
[2023-12-21T16:45:43.517+0000] {processor.py:154} INFO - Started process (PID=1210) to work on /home/airflow/.local/lib/python3.7/site-packages/airflow/example_dags/example_branch_day_of_week_operator.py
[2023-12-21T16:45:43.517+0000] {processor.py:756} INFO - Processing file /home/airflow/.local/lib/python3.7/site-packages/airflow/example_dags/example_branch_day_of_week_operator.py for tasks to queue
[2023-12-21T16:45:43.518+0000] {logging_mixin.py:120} INFO - [2023-12-21T16:45:43.518+0000] {dagbag.py:537} INFO - Filling up the DagBag from /home/airflow/.local/lib/python3.7/site-packages/airflow/example_dags/example_branch_day_of_week_operator.py
[2023-12-21T16:45:43.532+0000] {processor.py:766} INFO - DAG(s) dict_keys(['example_weekday_branch_operator']) retrieved from /home/airflow/.local/lib/python3.7/site-packages/airflow/example_dags/example_branch_day_of_week_operator.py
[2023-12-21T16:45:43.569+0000] {logging_mixin.py:120} INFO - [2023-12-21T16:45:43.569+0000] {dag.py:2585} INFO - Sync 1 DAGs
[2023-12-21T16:45:43.592+0000] {logging_mixin.py:120} INFO - [2023-12-21T16:45:43.592+0000] {dag.py:3340} INFO - Setting next_dagrun for example_weekday_branch_operator to 2023-12-20T00:00:00+00:00, run_after=2023-12-21T00:00:00+00:00
[2023-12-21T16:45:43.615+0000] {processor.py:176} INFO - Processing /home/airflow/.local/lib/python3.7/site-packages/airflow/example_dags/example_branch_day_of_week_operator.py took 0.100 seconds
[2023-12-21T16:46:14.355+0000] {processor.py:154} INFO - Started process (PID=1273) to work on /home/airflow/.local/lib/python3.7/site-packages/airflow/example_dags/example_branch_day_of_week_operator.py
[2023-12-21T16:46:14.356+0000] {processor.py:756} INFO - Processing file /home/airflow/.local/lib/python3.7/site-packages/airflow/example_dags/example_branch_day_of_week_operator.py for tasks to queue
[2023-12-21T16:46:14.357+0000] {logging_mixin.py:120} INFO - [2023-12-21T16:46:14.356+0000] {dagbag.py:537} INFO - Filling up the DagBag from /home/airflow/.local/lib/python3.7/site-packages/airflow/example_dags/example_branch_day_of_week_operator.py
[2023-12-21T16:46:14.373+0000] {processor.py:766} INFO - DAG(s) dict_keys(['example_weekday_branch_operator']) retrieved from /home/airflow/.local/lib/python3.7/site-packages/airflow/example_dags/example_branch_day_of_week_operator.py
[2023-12-21T16:46:14.422+0000] {logging_mixin.py:120} INFO - [2023-12-21T16:46:14.421+0000] {dag.py:2585} INFO - Sync 1 DAGs
[2023-12-21T16:46:14.455+0000] {logging_mixin.py:120} INFO - [2023-12-21T16:46:14.455+0000] {dag.py:3340} INFO - Setting next_dagrun for example_weekday_branch_operator to 2023-12-20T00:00:00+00:00, run_after=2023-12-21T00:00:00+00:00
[2023-12-21T16:46:14.476+0000] {processor.py:176} INFO - Processing /home/airflow/.local/lib/python3.7/site-packages/airflow/example_dags/example_branch_day_of_week_operator.py took 0.124 seconds
[2023-12-21T16:46:45.274+0000] {processor.py:154} INFO - Started process (PID=1335) to work on /home/airflow/.local/lib/python3.7/site-packages/airflow/example_dags/example_branch_day_of_week_operator.py
[2023-12-21T16:46:45.274+0000] {processor.py:756} INFO - Processing file /home/airflow/.local/lib/python3.7/site-packages/airflow/example_dags/example_branch_day_of_week_operator.py for tasks to queue
[2023-12-21T16:46:45.275+0000] {logging_mixin.py:120} INFO - [2023-12-21T16:46:45.275+0000] {dagbag.py:537} INFO - Filling up the DagBag from /home/airflow/.local/lib/python3.7/site-packages/airflow/example_dags/example_branch_day_of_week_operator.py
[2023-12-21T16:46:45.295+0000] {processor.py:766} INFO - DAG(s) dict_keys(['example_weekday_branch_operator']) retrieved from /home/airflow/.local/lib/python3.7/site-packages/airflow/example_dags/example_branch_day_of_week_operator.py
[2023-12-21T16:46:45.356+0000] {logging_mixin.py:120} INFO - [2023-12-21T16:46:45.355+0000] {dag.py:2585} INFO - Sync 1 DAGs
[2023-12-21T16:46:45.380+0000] {logging_mixin.py:120} INFO - [2023-12-21T16:46:45.379+0000] {dag.py:3340} INFO - Setting next_dagrun for example_weekday_branch_operator to 2023-12-20T00:00:00+00:00, run_after=2023-12-21T00:00:00+00:00
[2023-12-21T16:46:45.405+0000] {processor.py:176} INFO - Processing /home/airflow/.local/lib/python3.7/site-packages/airflow/example_dags/example_branch_day_of_week_operator.py took 0.134 seconds
[2023-12-21T16:47:15.425+0000] {processor.py:154} INFO - Started process (PID=1389) to work on /home/airflow/.local/lib/python3.7/site-packages/airflow/example_dags/example_branch_day_of_week_operator.py
[2023-12-21T16:47:15.426+0000] {processor.py:756} INFO - Processing file /home/airflow/.local/lib/python3.7/site-packages/airflow/example_dags/example_branch_day_of_week_operator.py for tasks to queue
[2023-12-21T16:47:15.426+0000] {logging_mixin.py:120} INFO - [2023-12-21T16:47:15.426+0000] {dagbag.py:537} INFO - Filling up the DagBag from /home/airflow/.local/lib/python3.7/site-packages/airflow/example_dags/example_branch_day_of_week_operator.py
[2023-12-21T16:47:15.440+0000] {processor.py:766} INFO - DAG(s) dict_keys(['example_weekday_branch_operator']) retrieved from /home/airflow/.local/lib/python3.7/site-packages/airflow/example_dags/example_branch_day_of_week_operator.py
[2023-12-21T16:47:15.474+0000] {logging_mixin.py:120} INFO - [2023-12-21T16:47:15.474+0000] {dag.py:2585} INFO - Sync 1 DAGs
[2023-12-21T16:47:15.497+0000] {logging_mixin.py:120} INFO - [2023-12-21T16:47:15.497+0000] {dag.py:3340} INFO - Setting next_dagrun for example_weekday_branch_operator to 2023-12-20T00:00:00+00:00, run_after=2023-12-21T00:00:00+00:00
[2023-12-21T16:47:15.519+0000] {processor.py:176} INFO - Processing /home/airflow/.local/lib/python3.7/site-packages/airflow/example_dags/example_branch_day_of_week_operator.py took 0.096 seconds
