[2023-12-21T16:36:04.715+0000] {processor.py:154} INFO - Started process (PID=75) to work on /home/airflow/.local/lib/python3.7/site-packages/airflow/example_dags/example_dag_decorator.py
[2023-12-21T16:36:04.716+0000] {processor.py:756} INFO - Processing file /home/airflow/.local/lib/python3.7/site-packages/airflow/example_dags/example_dag_decorator.py for tasks to queue
[2023-12-21T16:36:04.722+0000] {logging_mixin.py:120} INFO - [2023-12-21T16:36:04.722+0000] {dagbag.py:537} INFO - Filling up the DagBag from /home/airflow/.local/lib/python3.7/site-packages/airflow/example_dags/example_dag_decorator.py
[2023-12-21T16:36:04.769+0000] {logging_mixin.py:120} INFO - [2023-12-21T16:36:04.769+0000] {taskmixin.py:205} WARNING - Dependency <Task(_PythonDecoratedOperator): prepare_email>, send_email already registered for DAG: example_dag_decorator
[2023-12-21T16:36:04.769+0000] {logging_mixin.py:120} INFO - [2023-12-21T16:36:04.769+0000] {taskmixin.py:205} WARNING - Dependency <Task(EmailOperator): send_email>, prepare_email already registered for DAG: example_dag_decorator
[2023-12-21T16:36:04.815+0000] {processor.py:766} INFO - DAG(s) dict_keys(['example_dag_decorator']) retrieved from /home/airflow/.local/lib/python3.7/site-packages/airflow/example_dags/example_dag_decorator.py
[2023-12-21T16:36:05.093+0000] {logging_mixin.py:120} INFO - [2023-12-21T16:36:05.093+0000] {manager.py:507} INFO - Created Permission View: can read on DAG:example_dag_decorator
[2023-12-21T16:36:05.114+0000] {logging_mixin.py:120} INFO - [2023-12-21T16:36:05.114+0000] {manager.py:507} INFO - Created Permission View: can delete on DAG:example_dag_decorator
[2023-12-21T16:36:05.126+0000] {logging_mixin.py:120} INFO - [2023-12-21T16:36:05.126+0000] {manager.py:507} INFO - Created Permission View: can edit on DAG:example_dag_decorator
[2023-12-21T16:36:05.126+0000] {logging_mixin.py:120} INFO - [2023-12-21T16:36:05.126+0000] {dag.py:2585} INFO - Sync 1 DAGs
[2023-12-21T16:36:05.150+0000] {logging_mixin.py:120} INFO - [2023-12-21T16:36:05.150+0000] {dag.py:2606} INFO - Creating ORM DAG for example_dag_decorator
[2023-12-21T16:36:05.185+0000] {logging_mixin.py:120} INFO - [2023-12-21T16:36:05.185+0000] {dag.py:3340} INFO - Setting next_dagrun for example_dag_decorator to None, run_after=None
[2023-12-21T16:36:05.244+0000] {processor.py:176} INFO - Processing /home/airflow/.local/lib/python3.7/site-packages/airflow/example_dags/example_dag_decorator.py took 0.549 seconds
[2023-12-21T16:36:35.965+0000] {processor.py:154} INFO - Started process (PID=138) to work on /home/airflow/.local/lib/python3.7/site-packages/airflow/example_dags/example_dag_decorator.py
[2023-12-21T16:36:35.965+0000] {processor.py:756} INFO - Processing file /home/airflow/.local/lib/python3.7/site-packages/airflow/example_dags/example_dag_decorator.py for tasks to queue
[2023-12-21T16:36:35.966+0000] {logging_mixin.py:120} INFO - [2023-12-21T16:36:35.965+0000] {dagbag.py:537} INFO - Filling up the DagBag from /home/airflow/.local/lib/python3.7/site-packages/airflow/example_dags/example_dag_decorator.py
[2023-12-21T16:36:35.979+0000] {logging_mixin.py:120} INFO - [2023-12-21T16:36:35.978+0000] {taskmixin.py:205} WARNING - Dependency <Task(_PythonDecoratedOperator): prepare_email>, send_email already registered for DAG: example_dag_decorator
[2023-12-21T16:36:35.979+0000] {logging_mixin.py:120} INFO - [2023-12-21T16:36:35.979+0000] {taskmixin.py:205} WARNING - Dependency <Task(EmailOperator): send_email>, prepare_email already registered for DAG: example_dag_decorator
[2023-12-21T16:36:35.992+0000] {processor.py:766} INFO - DAG(s) dict_keys(['example_dag_decorator']) retrieved from /home/airflow/.local/lib/python3.7/site-packages/airflow/example_dags/example_dag_decorator.py
[2023-12-21T16:36:36.063+0000] {logging_mixin.py:120} INFO - [2023-12-21T16:36:36.063+0000] {dag.py:2585} INFO - Sync 1 DAGs
[2023-12-21T16:36:36.085+0000] {logging_mixin.py:120} INFO - [2023-12-21T16:36:36.085+0000] {dag.py:3340} INFO - Setting next_dagrun for example_dag_decorator to None, run_after=None
[2023-12-21T16:36:36.114+0000] {processor.py:176} INFO - Processing /home/airflow/.local/lib/python3.7/site-packages/airflow/example_dags/example_dag_decorator.py took 0.152 seconds
[2023-12-21T16:37:06.843+0000] {processor.py:154} INFO - Started process (PID=202) to work on /home/airflow/.local/lib/python3.7/site-packages/airflow/example_dags/example_dag_decorator.py
[2023-12-21T16:37:06.844+0000] {processor.py:756} INFO - Processing file /home/airflow/.local/lib/python3.7/site-packages/airflow/example_dags/example_dag_decorator.py for tasks to queue
[2023-12-21T16:37:06.845+0000] {logging_mixin.py:120} INFO - [2023-12-21T16:37:06.844+0000] {dagbag.py:537} INFO - Filling up the DagBag from /home/airflow/.local/lib/python3.7/site-packages/airflow/example_dags/example_dag_decorator.py
[2023-12-21T16:37:06.865+0000] {logging_mixin.py:120} INFO - [2023-12-21T16:37:06.865+0000] {taskmixin.py:205} WARNING - Dependency <Task(_PythonDecoratedOperator): prepare_email>, send_email already registered for DAG: example_dag_decorator
[2023-12-21T16:37:06.866+0000] {logging_mixin.py:120} INFO - [2023-12-21T16:37:06.866+0000] {taskmixin.py:205} WARNING - Dependency <Task(EmailOperator): send_email>, prepare_email already registered for DAG: example_dag_decorator
[2023-12-21T16:37:06.882+0000] {processor.py:766} INFO - DAG(s) dict_keys(['example_dag_decorator']) retrieved from /home/airflow/.local/lib/python3.7/site-packages/airflow/example_dags/example_dag_decorator.py
[2023-12-21T16:37:06.970+0000] {logging_mixin.py:120} INFO - [2023-12-21T16:37:06.970+0000] {dag.py:2585} INFO - Sync 1 DAGs
[2023-12-21T16:37:06.996+0000] {logging_mixin.py:120} INFO - [2023-12-21T16:37:06.996+0000] {dag.py:3340} INFO - Setting next_dagrun for example_dag_decorator to None, run_after=None
[2023-12-21T16:37:07.022+0000] {processor.py:176} INFO - Processing /home/airflow/.local/lib/python3.7/site-packages/airflow/example_dags/example_dag_decorator.py took 0.182 seconds
[2023-12-21T16:37:37.454+0000] {processor.py:154} INFO - Started process (PID=266) to work on /home/airflow/.local/lib/python3.7/site-packages/airflow/example_dags/example_dag_decorator.py
[2023-12-21T16:37:37.455+0000] {processor.py:756} INFO - Processing file /home/airflow/.local/lib/python3.7/site-packages/airflow/example_dags/example_dag_decorator.py for tasks to queue
[2023-12-21T16:37:37.455+0000] {logging_mixin.py:120} INFO - [2023-12-21T16:37:37.455+0000] {dagbag.py:537} INFO - Filling up the DagBag from /home/airflow/.local/lib/python3.7/site-packages/airflow/example_dags/example_dag_decorator.py
[2023-12-21T16:37:37.473+0000] {logging_mixin.py:120} INFO - [2023-12-21T16:37:37.473+0000] {taskmixin.py:205} WARNING - Dependency <Task(_PythonDecoratedOperator): prepare_email>, send_email already registered for DAG: example_dag_decorator
[2023-12-21T16:37:37.474+0000] {logging_mixin.py:120} INFO - [2023-12-21T16:37:37.474+0000] {taskmixin.py:205} WARNING - Dependency <Task(EmailOperator): send_email>, prepare_email already registered for DAG: example_dag_decorator
[2023-12-21T16:37:37.488+0000] {processor.py:766} INFO - DAG(s) dict_keys(['example_dag_decorator']) retrieved from /home/airflow/.local/lib/python3.7/site-packages/airflow/example_dags/example_dag_decorator.py
[2023-12-21T16:37:37.554+0000] {logging_mixin.py:120} INFO - [2023-12-21T16:37:37.554+0000] {dag.py:2585} INFO - Sync 1 DAGs
[2023-12-21T16:37:37.576+0000] {logging_mixin.py:120} INFO - [2023-12-21T16:37:37.575+0000] {dag.py:3340} INFO - Setting next_dagrun for example_dag_decorator to None, run_after=None
[2023-12-21T16:37:37.599+0000] {processor.py:176} INFO - Processing /home/airflow/.local/lib/python3.7/site-packages/airflow/example_dags/example_dag_decorator.py took 0.148 seconds
[2023-12-21T16:38:08.138+0000] {processor.py:154} INFO - Started process (PID=320) to work on /home/airflow/.local/lib/python3.7/site-packages/airflow/example_dags/example_dag_decorator.py
[2023-12-21T16:38:08.139+0000] {processor.py:756} INFO - Processing file /home/airflow/.local/lib/python3.7/site-packages/airflow/example_dags/example_dag_decorator.py for tasks to queue
[2023-12-21T16:38:08.139+0000] {logging_mixin.py:120} INFO - [2023-12-21T16:38:08.139+0000] {dagbag.py:537} INFO - Filling up the DagBag from /home/airflow/.local/lib/python3.7/site-packages/airflow/example_dags/example_dag_decorator.py
[2023-12-21T16:38:08.158+0000] {logging_mixin.py:120} INFO - [2023-12-21T16:38:08.158+0000] {taskmixin.py:205} WARNING - Dependency <Task(_PythonDecoratedOperator): prepare_email>, send_email already registered for DAG: example_dag_decorator
[2023-12-21T16:38:08.159+0000] {logging_mixin.py:120} INFO - [2023-12-21T16:38:08.158+0000] {taskmixin.py:205} WARNING - Dependency <Task(EmailOperator): send_email>, prepare_email already registered for DAG: example_dag_decorator
[2023-12-21T16:38:08.175+0000] {processor.py:766} INFO - DAG(s) dict_keys(['example_dag_decorator']) retrieved from /home/airflow/.local/lib/python3.7/site-packages/airflow/example_dags/example_dag_decorator.py
[2023-12-21T16:38:08.283+0000] {logging_mixin.py:120} INFO - [2023-12-21T16:38:08.283+0000] {dag.py:2585} INFO - Sync 1 DAGs
[2023-12-21T16:38:08.312+0000] {logging_mixin.py:120} INFO - [2023-12-21T16:38:08.312+0000] {dag.py:3340} INFO - Setting next_dagrun for example_dag_decorator to None, run_after=None
[2023-12-21T16:38:08.336+0000] {processor.py:176} INFO - Processing /home/airflow/.local/lib/python3.7/site-packages/airflow/example_dags/example_dag_decorator.py took 0.202 seconds
[2023-12-21T16:38:38.764+0000] {processor.py:154} INFO - Started process (PID=383) to work on /home/airflow/.local/lib/python3.7/site-packages/airflow/example_dags/example_dag_decorator.py
[2023-12-21T16:38:38.765+0000] {processor.py:756} INFO - Processing file /home/airflow/.local/lib/python3.7/site-packages/airflow/example_dags/example_dag_decorator.py for tasks to queue
[2023-12-21T16:38:38.766+0000] {logging_mixin.py:120} INFO - [2023-12-21T16:38:38.766+0000] {dagbag.py:537} INFO - Filling up the DagBag from /home/airflow/.local/lib/python3.7/site-packages/airflow/example_dags/example_dag_decorator.py
[2023-12-21T16:38:38.784+0000] {logging_mixin.py:120} INFO - [2023-12-21T16:38:38.784+0000] {taskmixin.py:205} WARNING - Dependency <Task(_PythonDecoratedOperator): prepare_email>, send_email already registered for DAG: example_dag_decorator
[2023-12-21T16:38:38.784+0000] {logging_mixin.py:120} INFO - [2023-12-21T16:38:38.784+0000] {taskmixin.py:205} WARNING - Dependency <Task(EmailOperator): send_email>, prepare_email already registered for DAG: example_dag_decorator
[2023-12-21T16:38:38.800+0000] {processor.py:766} INFO - DAG(s) dict_keys(['example_dag_decorator']) retrieved from /home/airflow/.local/lib/python3.7/site-packages/airflow/example_dags/example_dag_decorator.py
[2023-12-21T16:38:38.910+0000] {logging_mixin.py:120} INFO - [2023-12-21T16:38:38.910+0000] {dag.py:2585} INFO - Sync 1 DAGs
[2023-12-21T16:38:38.945+0000] {logging_mixin.py:120} INFO - [2023-12-21T16:38:38.944+0000] {dag.py:3340} INFO - Setting next_dagrun for example_dag_decorator to None, run_after=None
[2023-12-21T16:38:38.982+0000] {processor.py:176} INFO - Processing /home/airflow/.local/lib/python3.7/site-packages/airflow/example_dags/example_dag_decorator.py took 0.221 seconds
[2023-12-21T16:39:09.517+0000] {processor.py:154} INFO - Started process (PID=446) to work on /home/airflow/.local/lib/python3.7/site-packages/airflow/example_dags/example_dag_decorator.py
[2023-12-21T16:39:09.518+0000] {processor.py:756} INFO - Processing file /home/airflow/.local/lib/python3.7/site-packages/airflow/example_dags/example_dag_decorator.py for tasks to queue
[2023-12-21T16:39:09.519+0000] {logging_mixin.py:120} INFO - [2023-12-21T16:39:09.519+0000] {dagbag.py:537} INFO - Filling up the DagBag from /home/airflow/.local/lib/python3.7/site-packages/airflow/example_dags/example_dag_decorator.py
[2023-12-21T16:39:09.539+0000] {logging_mixin.py:120} INFO - [2023-12-21T16:39:09.538+0000] {taskmixin.py:205} WARNING - Dependency <Task(_PythonDecoratedOperator): prepare_email>, send_email already registered for DAG: example_dag_decorator
[2023-12-21T16:39:09.539+0000] {logging_mixin.py:120} INFO - [2023-12-21T16:39:09.539+0000] {taskmixin.py:205} WARNING - Dependency <Task(EmailOperator): send_email>, prepare_email already registered for DAG: example_dag_decorator
[2023-12-21T16:39:09.556+0000] {processor.py:766} INFO - DAG(s) dict_keys(['example_dag_decorator']) retrieved from /home/airflow/.local/lib/python3.7/site-packages/airflow/example_dags/example_dag_decorator.py
[2023-12-21T16:39:09.665+0000] {logging_mixin.py:120} INFO - [2023-12-21T16:39:09.665+0000] {dag.py:2585} INFO - Sync 1 DAGs
[2023-12-21T16:39:09.700+0000] {logging_mixin.py:120} INFO - [2023-12-21T16:39:09.700+0000] {dag.py:3340} INFO - Setting next_dagrun for example_dag_decorator to None, run_after=None
[2023-12-21T16:39:09.745+0000] {processor.py:176} INFO - Processing /home/airflow/.local/lib/python3.7/site-packages/airflow/example_dags/example_dag_decorator.py took 0.230 seconds
[2023-12-21T16:39:40.170+0000] {processor.py:154} INFO - Started process (PID=509) to work on /home/airflow/.local/lib/python3.7/site-packages/airflow/example_dags/example_dag_decorator.py
[2023-12-21T16:39:40.170+0000] {processor.py:756} INFO - Processing file /home/airflow/.local/lib/python3.7/site-packages/airflow/example_dags/example_dag_decorator.py for tasks to queue
[2023-12-21T16:39:40.171+0000] {logging_mixin.py:120} INFO - [2023-12-21T16:39:40.171+0000] {dagbag.py:537} INFO - Filling up the DagBag from /home/airflow/.local/lib/python3.7/site-packages/airflow/example_dags/example_dag_decorator.py
[2023-12-21T16:39:40.183+0000] {logging_mixin.py:120} INFO - [2023-12-21T16:39:40.183+0000] {taskmixin.py:205} WARNING - Dependency <Task(_PythonDecoratedOperator): prepare_email>, send_email already registered for DAG: example_dag_decorator
[2023-12-21T16:39:40.183+0000] {logging_mixin.py:120} INFO - [2023-12-21T16:39:40.183+0000] {taskmixin.py:205} WARNING - Dependency <Task(EmailOperator): send_email>, prepare_email already registered for DAG: example_dag_decorator
[2023-12-21T16:39:40.194+0000] {processor.py:766} INFO - DAG(s) dict_keys(['example_dag_decorator']) retrieved from /home/airflow/.local/lib/python3.7/site-packages/airflow/example_dags/example_dag_decorator.py
[2023-12-21T16:39:40.265+0000] {logging_mixin.py:120} INFO - [2023-12-21T16:39:40.265+0000] {dag.py:2585} INFO - Sync 1 DAGs
[2023-12-21T16:39:40.296+0000] {logging_mixin.py:120} INFO - [2023-12-21T16:39:40.296+0000] {dag.py:3340} INFO - Setting next_dagrun for example_dag_decorator to None, run_after=None
[2023-12-21T16:39:40.350+0000] {processor.py:176} INFO - Processing /home/airflow/.local/lib/python3.7/site-packages/airflow/example_dags/example_dag_decorator.py took 0.183 seconds
[2023-12-21T16:40:10.815+0000] {processor.py:154} INFO - Started process (PID=563) to work on /home/airflow/.local/lib/python3.7/site-packages/airflow/example_dags/example_dag_decorator.py
[2023-12-21T16:40:10.816+0000] {processor.py:756} INFO - Processing file /home/airflow/.local/lib/python3.7/site-packages/airflow/example_dags/example_dag_decorator.py for tasks to queue
[2023-12-21T16:40:10.817+0000] {logging_mixin.py:120} INFO - [2023-12-21T16:40:10.816+0000] {dagbag.py:537} INFO - Filling up the DagBag from /home/airflow/.local/lib/python3.7/site-packages/airflow/example_dags/example_dag_decorator.py
[2023-12-21T16:40:10.834+0000] {logging_mixin.py:120} INFO - [2023-12-21T16:40:10.834+0000] {taskmixin.py:205} WARNING - Dependency <Task(_PythonDecoratedOperator): prepare_email>, send_email already registered for DAG: example_dag_decorator
[2023-12-21T16:40:10.835+0000] {logging_mixin.py:120} INFO - [2023-12-21T16:40:10.834+0000] {taskmixin.py:205} WARNING - Dependency <Task(EmailOperator): send_email>, prepare_email already registered for DAG: example_dag_decorator
[2023-12-21T16:40:10.850+0000] {processor.py:766} INFO - DAG(s) dict_keys(['example_dag_decorator']) retrieved from /home/airflow/.local/lib/python3.7/site-packages/airflow/example_dags/example_dag_decorator.py
[2023-12-21T16:40:10.950+0000] {logging_mixin.py:120} INFO - [2023-12-21T16:40:10.949+0000] {dag.py:2585} INFO - Sync 1 DAGs
[2023-12-21T16:40:10.982+0000] {logging_mixin.py:120} INFO - [2023-12-21T16:40:10.981+0000] {dag.py:3340} INFO - Setting next_dagrun for example_dag_decorator to None, run_after=None
[2023-12-21T16:40:11.008+0000] {processor.py:176} INFO - Processing /home/airflow/.local/lib/python3.7/site-packages/airflow/example_dags/example_dag_decorator.py took 0.196 seconds
[2023-12-21T16:40:41.555+0000] {processor.py:154} INFO - Started process (PID=626) to work on /home/airflow/.local/lib/python3.7/site-packages/airflow/example_dags/example_dag_decorator.py
[2023-12-21T16:40:41.555+0000] {processor.py:756} INFO - Processing file /home/airflow/.local/lib/python3.7/site-packages/airflow/example_dags/example_dag_decorator.py for tasks to queue
[2023-12-21T16:40:41.556+0000] {logging_mixin.py:120} INFO - [2023-12-21T16:40:41.556+0000] {dagbag.py:537} INFO - Filling up the DagBag from /home/airflow/.local/lib/python3.7/site-packages/airflow/example_dags/example_dag_decorator.py
[2023-12-21T16:40:41.568+0000] {logging_mixin.py:120} INFO - [2023-12-21T16:40:41.568+0000] {taskmixin.py:205} WARNING - Dependency <Task(_PythonDecoratedOperator): prepare_email>, send_email already registered for DAG: example_dag_decorator
[2023-12-21T16:40:41.568+0000] {logging_mixin.py:120} INFO - [2023-12-21T16:40:41.568+0000] {taskmixin.py:205} WARNING - Dependency <Task(EmailOperator): send_email>, prepare_email already registered for DAG: example_dag_decorator
[2023-12-21T16:40:41.581+0000] {processor.py:766} INFO - DAG(s) dict_keys(['example_dag_decorator']) retrieved from /home/airflow/.local/lib/python3.7/site-packages/airflow/example_dags/example_dag_decorator.py
[2023-12-21T16:40:41.660+0000] {logging_mixin.py:120} INFO - [2023-12-21T16:40:41.660+0000] {dag.py:2585} INFO - Sync 1 DAGs
[2023-12-21T16:40:41.685+0000] {logging_mixin.py:120} INFO - [2023-12-21T16:40:41.685+0000] {dag.py:3340} INFO - Setting next_dagrun for example_dag_decorator to None, run_after=None
[2023-12-21T16:40:41.710+0000] {processor.py:176} INFO - Processing /home/airflow/.local/lib/python3.7/site-packages/airflow/example_dags/example_dag_decorator.py took 0.157 seconds
[2023-12-21T16:41:12.312+0000] {processor.py:154} INFO - Started process (PID=689) to work on /home/airflow/.local/lib/python3.7/site-packages/airflow/example_dags/example_dag_decorator.py
[2023-12-21T16:41:12.312+0000] {processor.py:756} INFO - Processing file /home/airflow/.local/lib/python3.7/site-packages/airflow/example_dags/example_dag_decorator.py for tasks to queue
[2023-12-21T16:41:12.313+0000] {logging_mixin.py:120} INFO - [2023-12-21T16:41:12.313+0000] {dagbag.py:537} INFO - Filling up the DagBag from /home/airflow/.local/lib/python3.7/site-packages/airflow/example_dags/example_dag_decorator.py
[2023-12-21T16:41:12.324+0000] {logging_mixin.py:120} INFO - [2023-12-21T16:41:12.324+0000] {taskmixin.py:205} WARNING - Dependency <Task(_PythonDecoratedOperator): prepare_email>, send_email already registered for DAG: example_dag_decorator
[2023-12-21T16:41:12.325+0000] {logging_mixin.py:120} INFO - [2023-12-21T16:41:12.325+0000] {taskmixin.py:205} WARNING - Dependency <Task(EmailOperator): send_email>, prepare_email already registered for DAG: example_dag_decorator
[2023-12-21T16:41:12.337+0000] {processor.py:766} INFO - DAG(s) dict_keys(['example_dag_decorator']) retrieved from /home/airflow/.local/lib/python3.7/site-packages/airflow/example_dags/example_dag_decorator.py
[2023-12-21T16:41:12.428+0000] {logging_mixin.py:120} INFO - [2023-12-21T16:41:12.427+0000] {dag.py:2585} INFO - Sync 1 DAGs
[2023-12-21T16:41:12.454+0000] {logging_mixin.py:120} INFO - [2023-12-21T16:41:12.454+0000] {dag.py:3340} INFO - Setting next_dagrun for example_dag_decorator to None, run_after=None
[2023-12-21T16:41:12.482+0000] {processor.py:176} INFO - Processing /home/airflow/.local/lib/python3.7/site-packages/airflow/example_dags/example_dag_decorator.py took 0.173 seconds
[2023-12-21T16:41:42.948+0000] {processor.py:154} INFO - Started process (PID=752) to work on /home/airflow/.local/lib/python3.7/site-packages/airflow/example_dags/example_dag_decorator.py
[2023-12-21T16:41:42.948+0000] {processor.py:756} INFO - Processing file /home/airflow/.local/lib/python3.7/site-packages/airflow/example_dags/example_dag_decorator.py for tasks to queue
[2023-12-21T16:41:42.949+0000] {logging_mixin.py:120} INFO - [2023-12-21T16:41:42.949+0000] {dagbag.py:537} INFO - Filling up the DagBag from /home/airflow/.local/lib/python3.7/site-packages/airflow/example_dags/example_dag_decorator.py
[2023-12-21T16:41:42.966+0000] {logging_mixin.py:120} INFO - [2023-12-21T16:41:42.966+0000] {taskmixin.py:205} WARNING - Dependency <Task(_PythonDecoratedOperator): prepare_email>, send_email already registered for DAG: example_dag_decorator
[2023-12-21T16:41:42.966+0000] {logging_mixin.py:120} INFO - [2023-12-21T16:41:42.966+0000] {taskmixin.py:205} WARNING - Dependency <Task(EmailOperator): send_email>, prepare_email already registered for DAG: example_dag_decorator
[2023-12-21T16:41:42.979+0000] {processor.py:766} INFO - DAG(s) dict_keys(['example_dag_decorator']) retrieved from /home/airflow/.local/lib/python3.7/site-packages/airflow/example_dags/example_dag_decorator.py
[2023-12-21T16:41:43.056+0000] {logging_mixin.py:120} INFO - [2023-12-21T16:41:43.056+0000] {dag.py:2585} INFO - Sync 1 DAGs
[2023-12-21T16:41:43.079+0000] {logging_mixin.py:120} INFO - [2023-12-21T16:41:43.079+0000] {dag.py:3340} INFO - Setting next_dagrun for example_dag_decorator to None, run_after=None
[2023-12-21T16:41:43.106+0000] {processor.py:176} INFO - Processing /home/airflow/.local/lib/python3.7/site-packages/airflow/example_dags/example_dag_decorator.py took 0.162 seconds
[2023-12-21T16:42:13.784+0000] {processor.py:154} INFO - Started process (PID=807) to work on /home/airflow/.local/lib/python3.7/site-packages/airflow/example_dags/example_dag_decorator.py
[2023-12-21T16:42:13.785+0000] {processor.py:756} INFO - Processing file /home/airflow/.local/lib/python3.7/site-packages/airflow/example_dags/example_dag_decorator.py for tasks to queue
[2023-12-21T16:42:13.785+0000] {logging_mixin.py:120} INFO - [2023-12-21T16:42:13.785+0000] {dagbag.py:537} INFO - Filling up the DagBag from /home/airflow/.local/lib/python3.7/site-packages/airflow/example_dags/example_dag_decorator.py
[2023-12-21T16:42:13.805+0000] {logging_mixin.py:120} INFO - [2023-12-21T16:42:13.804+0000] {taskmixin.py:205} WARNING - Dependency <Task(_PythonDecoratedOperator): prepare_email>, send_email already registered for DAG: example_dag_decorator
[2023-12-21T16:42:13.805+0000] {logging_mixin.py:120} INFO - [2023-12-21T16:42:13.805+0000] {taskmixin.py:205} WARNING - Dependency <Task(EmailOperator): send_email>, prepare_email already registered for DAG: example_dag_decorator
[2023-12-21T16:42:13.821+0000] {processor.py:766} INFO - DAG(s) dict_keys(['example_dag_decorator']) retrieved from /home/airflow/.local/lib/python3.7/site-packages/airflow/example_dags/example_dag_decorator.py
[2023-12-21T16:42:13.924+0000] {logging_mixin.py:120} INFO - [2023-12-21T16:42:13.924+0000] {dag.py:2585} INFO - Sync 1 DAGs
[2023-12-21T16:42:13.952+0000] {logging_mixin.py:120} INFO - [2023-12-21T16:42:13.952+0000] {dag.py:3340} INFO - Setting next_dagrun for example_dag_decorator to None, run_after=None
[2023-12-21T16:42:13.978+0000] {processor.py:176} INFO - Processing /home/airflow/.local/lib/python3.7/site-packages/airflow/example_dags/example_dag_decorator.py took 0.197 seconds
[2023-12-21T16:42:44.583+0000] {processor.py:154} INFO - Started process (PID=870) to work on /home/airflow/.local/lib/python3.7/site-packages/airflow/example_dags/example_dag_decorator.py
[2023-12-21T16:42:44.584+0000] {processor.py:756} INFO - Processing file /home/airflow/.local/lib/python3.7/site-packages/airflow/example_dags/example_dag_decorator.py for tasks to queue
[2023-12-21T16:42:44.584+0000] {logging_mixin.py:120} INFO - [2023-12-21T16:42:44.584+0000] {dagbag.py:537} INFO - Filling up the DagBag from /home/airflow/.local/lib/python3.7/site-packages/airflow/example_dags/example_dag_decorator.py
[2023-12-21T16:42:44.601+0000] {logging_mixin.py:120} INFO - [2023-12-21T16:42:44.601+0000] {taskmixin.py:205} WARNING - Dependency <Task(_PythonDecoratedOperator): prepare_email>, send_email already registered for DAG: example_dag_decorator
[2023-12-21T16:42:44.602+0000] {logging_mixin.py:120} INFO - [2023-12-21T16:42:44.602+0000] {taskmixin.py:205} WARNING - Dependency <Task(EmailOperator): send_email>, prepare_email already registered for DAG: example_dag_decorator
[2023-12-21T16:42:44.617+0000] {processor.py:766} INFO - DAG(s) dict_keys(['example_dag_decorator']) retrieved from /home/airflow/.local/lib/python3.7/site-packages/airflow/example_dags/example_dag_decorator.py
[2023-12-21T16:42:44.695+0000] {logging_mixin.py:120} INFO - [2023-12-21T16:42:44.695+0000] {dag.py:2585} INFO - Sync 1 DAGs
[2023-12-21T16:42:44.718+0000] {logging_mixin.py:120} INFO - [2023-12-21T16:42:44.718+0000] {dag.py:3340} INFO - Setting next_dagrun for example_dag_decorator to None, run_after=None
[2023-12-21T16:42:44.745+0000] {processor.py:176} INFO - Processing /home/airflow/.local/lib/python3.7/site-packages/airflow/example_dags/example_dag_decorator.py took 0.166 seconds
[2023-12-21T16:43:15.162+0000] {processor.py:154} INFO - Started process (PID=933) to work on /home/airflow/.local/lib/python3.7/site-packages/airflow/example_dags/example_dag_decorator.py
[2023-12-21T16:43:15.163+0000] {processor.py:756} INFO - Processing file /home/airflow/.local/lib/python3.7/site-packages/airflow/example_dags/example_dag_decorator.py for tasks to queue
[2023-12-21T16:43:15.163+0000] {logging_mixin.py:120} INFO - [2023-12-21T16:43:15.163+0000] {dagbag.py:537} INFO - Filling up the DagBag from /home/airflow/.local/lib/python3.7/site-packages/airflow/example_dags/example_dag_decorator.py
[2023-12-21T16:43:15.180+0000] {logging_mixin.py:120} INFO - [2023-12-21T16:43:15.180+0000] {taskmixin.py:205} WARNING - Dependency <Task(_PythonDecoratedOperator): prepare_email>, send_email already registered for DAG: example_dag_decorator
[2023-12-21T16:43:15.181+0000] {logging_mixin.py:120} INFO - [2023-12-21T16:43:15.181+0000] {taskmixin.py:205} WARNING - Dependency <Task(EmailOperator): send_email>, prepare_email already registered for DAG: example_dag_decorator
[2023-12-21T16:43:15.194+0000] {processor.py:766} INFO - DAG(s) dict_keys(['example_dag_decorator']) retrieved from /home/airflow/.local/lib/python3.7/site-packages/airflow/example_dags/example_dag_decorator.py
[2023-12-21T16:43:15.261+0000] {logging_mixin.py:120} INFO - [2023-12-21T16:43:15.261+0000] {dag.py:2585} INFO - Sync 1 DAGs
[2023-12-21T16:43:15.283+0000] {logging_mixin.py:120} INFO - [2023-12-21T16:43:15.283+0000] {dag.py:3340} INFO - Setting next_dagrun for example_dag_decorator to None, run_after=None
[2023-12-21T16:43:15.308+0000] {processor.py:176} INFO - Processing /home/airflow/.local/lib/python3.7/site-packages/airflow/example_dags/example_dag_decorator.py took 0.149 seconds
[2023-12-21T16:43:45.780+0000] {processor.py:154} INFO - Started process (PID=996) to work on /home/airflow/.local/lib/python3.7/site-packages/airflow/example_dags/example_dag_decorator.py
[2023-12-21T16:43:45.781+0000] {processor.py:756} INFO - Processing file /home/airflow/.local/lib/python3.7/site-packages/airflow/example_dags/example_dag_decorator.py for tasks to queue
[2023-12-21T16:43:45.781+0000] {logging_mixin.py:120} INFO - [2023-12-21T16:43:45.781+0000] {dagbag.py:537} INFO - Filling up the DagBag from /home/airflow/.local/lib/python3.7/site-packages/airflow/example_dags/example_dag_decorator.py
[2023-12-21T16:43:45.799+0000] {logging_mixin.py:120} INFO - [2023-12-21T16:43:45.799+0000] {taskmixin.py:205} WARNING - Dependency <Task(_PythonDecoratedOperator): prepare_email>, send_email already registered for DAG: example_dag_decorator
[2023-12-21T16:43:45.800+0000] {logging_mixin.py:120} INFO - [2023-12-21T16:43:45.799+0000] {taskmixin.py:205} WARNING - Dependency <Task(EmailOperator): send_email>, prepare_email already registered for DAG: example_dag_decorator
[2023-12-21T16:43:45.815+0000] {processor.py:766} INFO - DAG(s) dict_keys(['example_dag_decorator']) retrieved from /home/airflow/.local/lib/python3.7/site-packages/airflow/example_dags/example_dag_decorator.py
[2023-12-21T16:43:45.887+0000] {logging_mixin.py:120} INFO - [2023-12-21T16:43:45.887+0000] {dag.py:2585} INFO - Sync 1 DAGs
[2023-12-21T16:43:45.911+0000] {logging_mixin.py:120} INFO - [2023-12-21T16:43:45.910+0000] {dag.py:3340} INFO - Setting next_dagrun for example_dag_decorator to None, run_after=None
[2023-12-21T16:43:45.947+0000] {processor.py:176} INFO - Processing /home/airflow/.local/lib/python3.7/site-packages/airflow/example_dags/example_dag_decorator.py took 0.171 seconds
[2023-12-21T16:44:16.546+0000] {processor.py:154} INFO - Started process (PID=1050) to work on /home/airflow/.local/lib/python3.7/site-packages/airflow/example_dags/example_dag_decorator.py
[2023-12-21T16:44:16.547+0000] {processor.py:756} INFO - Processing file /home/airflow/.local/lib/python3.7/site-packages/airflow/example_dags/example_dag_decorator.py for tasks to queue
[2023-12-21T16:44:16.548+0000] {logging_mixin.py:120} INFO - [2023-12-21T16:44:16.547+0000] {dagbag.py:537} INFO - Filling up the DagBag from /home/airflow/.local/lib/python3.7/site-packages/airflow/example_dags/example_dag_decorator.py
[2023-12-21T16:44:16.565+0000] {logging_mixin.py:120} INFO - [2023-12-21T16:44:16.565+0000] {taskmixin.py:205} WARNING - Dependency <Task(_PythonDecoratedOperator): prepare_email>, send_email already registered for DAG: example_dag_decorator
[2023-12-21T16:44:16.565+0000] {logging_mixin.py:120} INFO - [2023-12-21T16:44:16.565+0000] {taskmixin.py:205} WARNING - Dependency <Task(EmailOperator): send_email>, prepare_email already registered for DAG: example_dag_decorator
[2023-12-21T16:44:16.581+0000] {processor.py:766} INFO - DAG(s) dict_keys(['example_dag_decorator']) retrieved from /home/airflow/.local/lib/python3.7/site-packages/airflow/example_dags/example_dag_decorator.py
[2023-12-21T16:44:16.665+0000] {logging_mixin.py:120} INFO - [2023-12-21T16:44:16.665+0000] {dag.py:2585} INFO - Sync 1 DAGs
[2023-12-21T16:44:16.694+0000] {logging_mixin.py:120} INFO - [2023-12-21T16:44:16.693+0000] {dag.py:3340} INFO - Setting next_dagrun for example_dag_decorator to None, run_after=None
[2023-12-21T16:44:16.723+0000] {processor.py:176} INFO - Processing /home/airflow/.local/lib/python3.7/site-packages/airflow/example_dags/example_dag_decorator.py took 0.180 seconds
[2023-12-21T16:44:47.405+0000] {processor.py:154} INFO - Started process (PID=1114) to work on /home/airflow/.local/lib/python3.7/site-packages/airflow/example_dags/example_dag_decorator.py
[2023-12-21T16:44:47.405+0000] {processor.py:756} INFO - Processing file /home/airflow/.local/lib/python3.7/site-packages/airflow/example_dags/example_dag_decorator.py for tasks to queue
[2023-12-21T16:44:47.406+0000] {logging_mixin.py:120} INFO - [2023-12-21T16:44:47.406+0000] {dagbag.py:537} INFO - Filling up the DagBag from /home/airflow/.local/lib/python3.7/site-packages/airflow/example_dags/example_dag_decorator.py
[2023-12-21T16:44:47.422+0000] {logging_mixin.py:120} INFO - [2023-12-21T16:44:47.421+0000] {taskmixin.py:205} WARNING - Dependency <Task(_PythonDecoratedOperator): prepare_email>, send_email already registered for DAG: example_dag_decorator
[2023-12-21T16:44:47.422+0000] {logging_mixin.py:120} INFO - [2023-12-21T16:44:47.422+0000] {taskmixin.py:205} WARNING - Dependency <Task(EmailOperator): send_email>, prepare_email already registered for DAG: example_dag_decorator
[2023-12-21T16:44:47.436+0000] {processor.py:766} INFO - DAG(s) dict_keys(['example_dag_decorator']) retrieved from /home/airflow/.local/lib/python3.7/site-packages/airflow/example_dags/example_dag_decorator.py
[2023-12-21T16:44:47.542+0000] {logging_mixin.py:120} INFO - [2023-12-21T16:44:47.542+0000] {dag.py:2585} INFO - Sync 1 DAGs
[2023-12-21T16:44:47.568+0000] {logging_mixin.py:120} INFO - [2023-12-21T16:44:47.568+0000] {dag.py:3340} INFO - Setting next_dagrun for example_dag_decorator to None, run_after=None
[2023-12-21T16:44:47.594+0000] {processor.py:176} INFO - Processing /home/airflow/.local/lib/python3.7/site-packages/airflow/example_dags/example_dag_decorator.py took 0.192 seconds
[2023-12-21T16:45:18.261+0000] {processor.py:154} INFO - Started process (PID=1177) to work on /home/airflow/.local/lib/python3.7/site-packages/airflow/example_dags/example_dag_decorator.py
[2023-12-21T16:45:18.261+0000] {processor.py:756} INFO - Processing file /home/airflow/.local/lib/python3.7/site-packages/airflow/example_dags/example_dag_decorator.py for tasks to queue
[2023-12-21T16:45:18.262+0000] {logging_mixin.py:120} INFO - [2023-12-21T16:45:18.262+0000] {dagbag.py:537} INFO - Filling up the DagBag from /home/airflow/.local/lib/python3.7/site-packages/airflow/example_dags/example_dag_decorator.py
[2023-12-21T16:45:18.279+0000] {logging_mixin.py:120} INFO - [2023-12-21T16:45:18.279+0000] {taskmixin.py:205} WARNING - Dependency <Task(_PythonDecoratedOperator): prepare_email>, send_email already registered for DAG: example_dag_decorator
[2023-12-21T16:45:18.279+0000] {logging_mixin.py:120} INFO - [2023-12-21T16:45:18.279+0000] {taskmixin.py:205} WARNING - Dependency <Task(EmailOperator): send_email>, prepare_email already registered for DAG: example_dag_decorator
[2023-12-21T16:45:18.293+0000] {processor.py:766} INFO - DAG(s) dict_keys(['example_dag_decorator']) retrieved from /home/airflow/.local/lib/python3.7/site-packages/airflow/example_dags/example_dag_decorator.py
[2023-12-21T16:45:18.367+0000] {logging_mixin.py:120} INFO - [2023-12-21T16:45:18.367+0000] {dag.py:2585} INFO - Sync 1 DAGs
[2023-12-21T16:45:18.392+0000] {logging_mixin.py:120} INFO - [2023-12-21T16:45:18.392+0000] {dag.py:3340} INFO - Setting next_dagrun for example_dag_decorator to None, run_after=None
[2023-12-21T16:45:18.419+0000] {processor.py:176} INFO - Processing /home/airflow/.local/lib/python3.7/site-packages/airflow/example_dags/example_dag_decorator.py took 0.162 seconds
[2023-12-21T16:45:48.935+0000] {processor.py:154} INFO - Started process (PID=1237) to work on /home/airflow/.local/lib/python3.7/site-packages/airflow/example_dags/example_dag_decorator.py
[2023-12-21T16:45:48.936+0000] {processor.py:756} INFO - Processing file /home/airflow/.local/lib/python3.7/site-packages/airflow/example_dags/example_dag_decorator.py for tasks to queue
[2023-12-21T16:45:48.936+0000] {logging_mixin.py:120} INFO - [2023-12-21T16:45:48.936+0000] {dagbag.py:537} INFO - Filling up the DagBag from /home/airflow/.local/lib/python3.7/site-packages/airflow/example_dags/example_dag_decorator.py
[2023-12-21T16:45:48.955+0000] {logging_mixin.py:120} INFO - [2023-12-21T16:45:48.954+0000] {taskmixin.py:205} WARNING - Dependency <Task(_PythonDecoratedOperator): prepare_email>, send_email already registered for DAG: example_dag_decorator
[2023-12-21T16:45:48.955+0000] {logging_mixin.py:120} INFO - [2023-12-21T16:45:48.955+0000] {taskmixin.py:205} WARNING - Dependency <Task(EmailOperator): send_email>, prepare_email already registered for DAG: example_dag_decorator
[2023-12-21T16:45:48.969+0000] {processor.py:766} INFO - DAG(s) dict_keys(['example_dag_decorator']) retrieved from /home/airflow/.local/lib/python3.7/site-packages/airflow/example_dags/example_dag_decorator.py
[2023-12-21T16:45:49.053+0000] {logging_mixin.py:120} INFO - [2023-12-21T16:45:49.052+0000] {dag.py:2585} INFO - Sync 1 DAGs
[2023-12-21T16:45:49.075+0000] {logging_mixin.py:120} INFO - [2023-12-21T16:45:49.075+0000] {dag.py:3340} INFO - Setting next_dagrun for example_dag_decorator to None, run_after=None
[2023-12-21T16:45:49.105+0000] {processor.py:176} INFO - Processing /home/airflow/.local/lib/python3.7/site-packages/airflow/example_dags/example_dag_decorator.py took 0.173 seconds
[2023-12-21T16:46:19.610+0000] {processor.py:154} INFO - Started process (PID=1293) to work on /home/airflow/.local/lib/python3.7/site-packages/airflow/example_dags/example_dag_decorator.py
[2023-12-21T16:46:19.611+0000] {processor.py:756} INFO - Processing file /home/airflow/.local/lib/python3.7/site-packages/airflow/example_dags/example_dag_decorator.py for tasks to queue
[2023-12-21T16:46:19.611+0000] {logging_mixin.py:120} INFO - [2023-12-21T16:46:19.611+0000] {dagbag.py:537} INFO - Filling up the DagBag from /home/airflow/.local/lib/python3.7/site-packages/airflow/example_dags/example_dag_decorator.py
[2023-12-21T16:46:19.624+0000] {logging_mixin.py:120} INFO - [2023-12-21T16:46:19.624+0000] {taskmixin.py:205} WARNING - Dependency <Task(_PythonDecoratedOperator): prepare_email>, send_email already registered for DAG: example_dag_decorator
[2023-12-21T16:46:19.624+0000] {logging_mixin.py:120} INFO - [2023-12-21T16:46:19.624+0000] {taskmixin.py:205} WARNING - Dependency <Task(EmailOperator): send_email>, prepare_email already registered for DAG: example_dag_decorator
[2023-12-21T16:46:19.637+0000] {processor.py:766} INFO - DAG(s) dict_keys(['example_dag_decorator']) retrieved from /home/airflow/.local/lib/python3.7/site-packages/airflow/example_dags/example_dag_decorator.py
[2023-12-21T16:46:19.718+0000] {logging_mixin.py:120} INFO - [2023-12-21T16:46:19.718+0000] {dag.py:2585} INFO - Sync 1 DAGs
[2023-12-21T16:46:19.740+0000] {logging_mixin.py:120} INFO - [2023-12-21T16:46:19.740+0000] {dag.py:3340} INFO - Setting next_dagrun for example_dag_decorator to None, run_after=None
[2023-12-21T16:46:19.766+0000] {processor.py:176} INFO - Processing /home/airflow/.local/lib/python3.7/site-packages/airflow/example_dags/example_dag_decorator.py took 0.158 seconds
[2023-12-21T16:46:49.858+0000] {processor.py:154} INFO - Started process (PID=1355) to work on /home/airflow/.local/lib/python3.7/site-packages/airflow/example_dags/example_dag_decorator.py
[2023-12-21T16:46:49.858+0000] {processor.py:756} INFO - Processing file /home/airflow/.local/lib/python3.7/site-packages/airflow/example_dags/example_dag_decorator.py for tasks to queue
[2023-12-21T16:46:49.859+0000] {logging_mixin.py:120} INFO - [2023-12-21T16:46:49.859+0000] {dagbag.py:537} INFO - Filling up the DagBag from /home/airflow/.local/lib/python3.7/site-packages/airflow/example_dags/example_dag_decorator.py
[2023-12-21T16:46:49.874+0000] {logging_mixin.py:120} INFO - [2023-12-21T16:46:49.874+0000] {taskmixin.py:205} WARNING - Dependency <Task(_PythonDecoratedOperator): prepare_email>, send_email already registered for DAG: example_dag_decorator
[2023-12-21T16:46:49.875+0000] {logging_mixin.py:120} INFO - [2023-12-21T16:46:49.875+0000] {taskmixin.py:205} WARNING - Dependency <Task(EmailOperator): send_email>, prepare_email already registered for DAG: example_dag_decorator
[2023-12-21T16:46:49.892+0000] {processor.py:766} INFO - DAG(s) dict_keys(['example_dag_decorator']) retrieved from /home/airflow/.local/lib/python3.7/site-packages/airflow/example_dags/example_dag_decorator.py
[2023-12-21T16:46:49.974+0000] {logging_mixin.py:120} INFO - [2023-12-21T16:46:49.974+0000] {dag.py:2585} INFO - Sync 1 DAGs
[2023-12-21T16:46:49.994+0000] {logging_mixin.py:120} INFO - [2023-12-21T16:46:49.994+0000] {dag.py:3340} INFO - Setting next_dagrun for example_dag_decorator to None, run_after=None
[2023-12-21T16:46:50.017+0000] {processor.py:176} INFO - Processing /home/airflow/.local/lib/python3.7/site-packages/airflow/example_dags/example_dag_decorator.py took 0.162 seconds
[2023-12-21T16:47:20.068+0000] {processor.py:154} INFO - Started process (PID=1418) to work on /home/airflow/.local/lib/python3.7/site-packages/airflow/example_dags/example_dag_decorator.py
[2023-12-21T16:47:20.068+0000] {processor.py:756} INFO - Processing file /home/airflow/.local/lib/python3.7/site-packages/airflow/example_dags/example_dag_decorator.py for tasks to queue
[2023-12-21T16:47:20.069+0000] {logging_mixin.py:120} INFO - [2023-12-21T16:47:20.069+0000] {dagbag.py:537} INFO - Filling up the DagBag from /home/airflow/.local/lib/python3.7/site-packages/airflow/example_dags/example_dag_decorator.py
[2023-12-21T16:47:20.082+0000] {logging_mixin.py:120} INFO - [2023-12-21T16:47:20.082+0000] {taskmixin.py:205} WARNING - Dependency <Task(_PythonDecoratedOperator): prepare_email>, send_email already registered for DAG: example_dag_decorator
[2023-12-21T16:47:20.082+0000] {logging_mixin.py:120} INFO - [2023-12-21T16:47:20.082+0000] {taskmixin.py:205} WARNING - Dependency <Task(EmailOperator): send_email>, prepare_email already registered for DAG: example_dag_decorator
[2023-12-21T16:47:20.093+0000] {processor.py:766} INFO - DAG(s) dict_keys(['example_dag_decorator']) retrieved from /home/airflow/.local/lib/python3.7/site-packages/airflow/example_dags/example_dag_decorator.py
[2023-12-21T16:47:20.165+0000] {logging_mixin.py:120} INFO - [2023-12-21T16:47:20.164+0000] {dag.py:2585} INFO - Sync 1 DAGs
[2023-12-21T16:47:20.197+0000] {logging_mixin.py:120} INFO - [2023-12-21T16:47:20.197+0000] {dag.py:3340} INFO - Setting next_dagrun for example_dag_decorator to None, run_after=None
[2023-12-21T16:47:20.231+0000] {processor.py:176} INFO - Processing /home/airflow/.local/lib/python3.7/site-packages/airflow/example_dags/example_dag_decorator.py took 0.166 seconds
[2023-12-21T16:47:50.758+0000] {processor.py:154} INFO - Started process (PID=1471) to work on /home/airflow/.local/lib/python3.7/site-packages/airflow/example_dags/example_dag_decorator.py
[2023-12-21T16:47:50.758+0000] {processor.py:756} INFO - Processing file /home/airflow/.local/lib/python3.7/site-packages/airflow/example_dags/example_dag_decorator.py for tasks to queue
[2023-12-21T16:47:50.759+0000] {logging_mixin.py:120} INFO - [2023-12-21T16:47:50.759+0000] {dagbag.py:537} INFO - Filling up the DagBag from /home/airflow/.local/lib/python3.7/site-packages/airflow/example_dags/example_dag_decorator.py
[2023-12-21T16:47:50.773+0000] {logging_mixin.py:120} INFO - [2023-12-21T16:47:50.773+0000] {taskmixin.py:205} WARNING - Dependency <Task(_PythonDecoratedOperator): prepare_email>, send_email already registered for DAG: example_dag_decorator
[2023-12-21T16:47:50.773+0000] {logging_mixin.py:120} INFO - [2023-12-21T16:47:50.773+0000] {taskmixin.py:205} WARNING - Dependency <Task(EmailOperator): send_email>, prepare_email already registered for DAG: example_dag_decorator
[2023-12-21T16:47:50.787+0000] {processor.py:766} INFO - DAG(s) dict_keys(['example_dag_decorator']) retrieved from /home/airflow/.local/lib/python3.7/site-packages/airflow/example_dags/example_dag_decorator.py
[2023-12-21T16:47:50.887+0000] {logging_mixin.py:120} INFO - [2023-12-21T16:47:50.887+0000] {dag.py:2585} INFO - Sync 1 DAGs
[2023-12-21T16:47:50.914+0000] {logging_mixin.py:120} INFO - [2023-12-21T16:47:50.914+0000] {dag.py:3340} INFO - Setting next_dagrun for example_dag_decorator to None, run_after=None
[2023-12-21T16:47:50.939+0000] {processor.py:176} INFO - Processing /home/airflow/.local/lib/python3.7/site-packages/airflow/example_dags/example_dag_decorator.py took 0.184 seconds
[2023-12-21T16:48:21.709+0000] {processor.py:154} INFO - Started process (PID=1535) to work on /home/airflow/.local/lib/python3.7/site-packages/airflow/example_dags/example_dag_decorator.py
[2023-12-21T16:48:21.710+0000] {processor.py:756} INFO - Processing file /home/airflow/.local/lib/python3.7/site-packages/airflow/example_dags/example_dag_decorator.py for tasks to queue
[2023-12-21T16:48:21.710+0000] {logging_mixin.py:120} INFO - [2023-12-21T16:48:21.710+0000] {dagbag.py:537} INFO - Filling up the DagBag from /home/airflow/.local/lib/python3.7/site-packages/airflow/example_dags/example_dag_decorator.py
[2023-12-21T16:48:21.726+0000] {logging_mixin.py:120} INFO - [2023-12-21T16:48:21.726+0000] {taskmixin.py:205} WARNING - Dependency <Task(_PythonDecoratedOperator): prepare_email>, send_email already registered for DAG: example_dag_decorator
[2023-12-21T16:48:21.726+0000] {logging_mixin.py:120} INFO - [2023-12-21T16:48:21.726+0000] {taskmixin.py:205} WARNING - Dependency <Task(EmailOperator): send_email>, prepare_email already registered for DAG: example_dag_decorator
[2023-12-21T16:48:21.745+0000] {processor.py:766} INFO - DAG(s) dict_keys(['example_dag_decorator']) retrieved from /home/airflow/.local/lib/python3.7/site-packages/airflow/example_dags/example_dag_decorator.py
[2023-12-21T16:48:21.831+0000] {logging_mixin.py:120} INFO - [2023-12-21T16:48:21.831+0000] {dag.py:2585} INFO - Sync 1 DAGs
[2023-12-21T16:48:21.853+0000] {logging_mixin.py:120} INFO - [2023-12-21T16:48:21.853+0000] {dag.py:3340} INFO - Setting next_dagrun for example_dag_decorator to None, run_after=None
[2023-12-21T16:48:21.876+0000] {processor.py:176} INFO - Processing /home/airflow/.local/lib/python3.7/site-packages/airflow/example_dags/example_dag_decorator.py took 0.170 seconds
[2023-12-21T16:48:52.387+0000] {processor.py:154} INFO - Started process (PID=1598) to work on /home/airflow/.local/lib/python3.7/site-packages/airflow/example_dags/example_dag_decorator.py
[2023-12-21T16:48:52.387+0000] {processor.py:756} INFO - Processing file /home/airflow/.local/lib/python3.7/site-packages/airflow/example_dags/example_dag_decorator.py for tasks to queue
[2023-12-21T16:48:52.388+0000] {logging_mixin.py:120} INFO - [2023-12-21T16:48:52.388+0000] {dagbag.py:537} INFO - Filling up the DagBag from /home/airflow/.local/lib/python3.7/site-packages/airflow/example_dags/example_dag_decorator.py
[2023-12-21T16:48:52.400+0000] {logging_mixin.py:120} INFO - [2023-12-21T16:48:52.400+0000] {taskmixin.py:205} WARNING - Dependency <Task(_PythonDecoratedOperator): prepare_email>, send_email already registered for DAG: example_dag_decorator
[2023-12-21T16:48:52.401+0000] {logging_mixin.py:120} INFO - [2023-12-21T16:48:52.401+0000] {taskmixin.py:205} WARNING - Dependency <Task(EmailOperator): send_email>, prepare_email already registered for DAG: example_dag_decorator
[2023-12-21T16:48:52.411+0000] {processor.py:766} INFO - DAG(s) dict_keys(['example_dag_decorator']) retrieved from /home/airflow/.local/lib/python3.7/site-packages/airflow/example_dags/example_dag_decorator.py
[2023-12-21T16:48:52.482+0000] {logging_mixin.py:120} INFO - [2023-12-21T16:48:52.481+0000] {dag.py:2585} INFO - Sync 1 DAGs
[2023-12-21T16:48:52.502+0000] {logging_mixin.py:120} INFO - [2023-12-21T16:48:52.502+0000] {dag.py:3340} INFO - Setting next_dagrun for example_dag_decorator to None, run_after=None
[2023-12-21T16:48:52.532+0000] {processor.py:176} INFO - Processing /home/airflow/.local/lib/python3.7/site-packages/airflow/example_dags/example_dag_decorator.py took 0.148 seconds
[2023-12-21T16:49:23.146+0000] {processor.py:154} INFO - Started process (PID=1652) to work on /home/airflow/.local/lib/python3.7/site-packages/airflow/example_dags/example_dag_decorator.py
[2023-12-21T16:49:23.147+0000] {processor.py:756} INFO - Processing file /home/airflow/.local/lib/python3.7/site-packages/airflow/example_dags/example_dag_decorator.py for tasks to queue
[2023-12-21T16:49:23.147+0000] {logging_mixin.py:120} INFO - [2023-12-21T16:49:23.147+0000] {dagbag.py:537} INFO - Filling up the DagBag from /home/airflow/.local/lib/python3.7/site-packages/airflow/example_dags/example_dag_decorator.py
[2023-12-21T16:49:23.165+0000] {logging_mixin.py:120} INFO - [2023-12-21T16:49:23.165+0000] {taskmixin.py:205} WARNING - Dependency <Task(_PythonDecoratedOperator): prepare_email>, send_email already registered for DAG: example_dag_decorator
[2023-12-21T16:49:23.166+0000] {logging_mixin.py:120} INFO - [2023-12-21T16:49:23.165+0000] {taskmixin.py:205} WARNING - Dependency <Task(EmailOperator): send_email>, prepare_email already registered for DAG: example_dag_decorator
[2023-12-21T16:49:23.178+0000] {processor.py:766} INFO - DAG(s) dict_keys(['example_dag_decorator']) retrieved from /home/airflow/.local/lib/python3.7/site-packages/airflow/example_dags/example_dag_decorator.py
[2023-12-21T16:49:23.265+0000] {logging_mixin.py:120} INFO - [2023-12-21T16:49:23.265+0000] {dag.py:2585} INFO - Sync 1 DAGs
[2023-12-21T16:49:23.285+0000] {logging_mixin.py:120} INFO - [2023-12-21T16:49:23.285+0000] {dag.py:3340} INFO - Setting next_dagrun for example_dag_decorator to None, run_after=None
[2023-12-21T16:49:23.310+0000] {processor.py:176} INFO - Processing /home/airflow/.local/lib/python3.7/site-packages/airflow/example_dags/example_dag_decorator.py took 0.167 seconds
[2023-12-21T16:49:53.877+0000] {processor.py:154} INFO - Started process (PID=1715) to work on /home/airflow/.local/lib/python3.7/site-packages/airflow/example_dags/example_dag_decorator.py
[2023-12-21T16:49:53.878+0000] {processor.py:756} INFO - Processing file /home/airflow/.local/lib/python3.7/site-packages/airflow/example_dags/example_dag_decorator.py for tasks to queue
[2023-12-21T16:49:53.878+0000] {logging_mixin.py:120} INFO - [2023-12-21T16:49:53.878+0000] {dagbag.py:537} INFO - Filling up the DagBag from /home/airflow/.local/lib/python3.7/site-packages/airflow/example_dags/example_dag_decorator.py
[2023-12-21T16:49:53.895+0000] {logging_mixin.py:120} INFO - [2023-12-21T16:49:53.894+0000] {taskmixin.py:205} WARNING - Dependency <Task(_PythonDecoratedOperator): prepare_email>, send_email already registered for DAG: example_dag_decorator
[2023-12-21T16:49:53.895+0000] {logging_mixin.py:120} INFO - [2023-12-21T16:49:53.895+0000] {taskmixin.py:205} WARNING - Dependency <Task(EmailOperator): send_email>, prepare_email already registered for DAG: example_dag_decorator
[2023-12-21T16:49:53.910+0000] {processor.py:766} INFO - DAG(s) dict_keys(['example_dag_decorator']) retrieved from /home/airflow/.local/lib/python3.7/site-packages/airflow/example_dags/example_dag_decorator.py
[2023-12-21T16:49:53.983+0000] {logging_mixin.py:120} INFO - [2023-12-21T16:49:53.983+0000] {dag.py:2585} INFO - Sync 1 DAGs
[2023-12-21T16:49:54.019+0000] {logging_mixin.py:120} INFO - [2023-12-21T16:49:54.019+0000] {dag.py:3340} INFO - Setting next_dagrun for example_dag_decorator to None, run_after=None
[2023-12-21T16:49:54.059+0000] {processor.py:176} INFO - Processing /home/airflow/.local/lib/python3.7/site-packages/airflow/example_dags/example_dag_decorator.py took 0.184 seconds
[2023-12-21T16:50:24.653+0000] {processor.py:154} INFO - Started process (PID=1778) to work on /home/airflow/.local/lib/python3.7/site-packages/airflow/example_dags/example_dag_decorator.py
[2023-12-21T16:50:24.653+0000] {processor.py:756} INFO - Processing file /home/airflow/.local/lib/python3.7/site-packages/airflow/example_dags/example_dag_decorator.py for tasks to queue
[2023-12-21T16:50:24.654+0000] {logging_mixin.py:120} INFO - [2023-12-21T16:50:24.654+0000] {dagbag.py:537} INFO - Filling up the DagBag from /home/airflow/.local/lib/python3.7/site-packages/airflow/example_dags/example_dag_decorator.py
[2023-12-21T16:50:24.667+0000] {logging_mixin.py:120} INFO - [2023-12-21T16:50:24.667+0000] {taskmixin.py:205} WARNING - Dependency <Task(_PythonDecoratedOperator): prepare_email>, send_email already registered for DAG: example_dag_decorator
[2023-12-21T16:50:24.667+0000] {logging_mixin.py:120} INFO - [2023-12-21T16:50:24.667+0000] {taskmixin.py:205} WARNING - Dependency <Task(EmailOperator): send_email>, prepare_email already registered for DAG: example_dag_decorator
[2023-12-21T16:50:24.682+0000] {processor.py:766} INFO - DAG(s) dict_keys(['example_dag_decorator']) retrieved from /home/airflow/.local/lib/python3.7/site-packages/airflow/example_dags/example_dag_decorator.py
[2023-12-21T16:50:24.776+0000] {logging_mixin.py:120} INFO - [2023-12-21T16:50:24.776+0000] {dag.py:2585} INFO - Sync 1 DAGs
[2023-12-21T16:50:24.795+0000] {logging_mixin.py:120} INFO - [2023-12-21T16:50:24.795+0000] {dag.py:3340} INFO - Setting next_dagrun for example_dag_decorator to None, run_after=None
[2023-12-21T16:50:24.817+0000] {processor.py:176} INFO - Processing /home/airflow/.local/lib/python3.7/site-packages/airflow/example_dags/example_dag_decorator.py took 0.167 seconds
[2023-12-21T16:50:55.251+0000] {processor.py:154} INFO - Started process (PID=1842) to work on /home/airflow/.local/lib/python3.7/site-packages/airflow/example_dags/example_dag_decorator.py
[2023-12-21T16:50:55.251+0000] {processor.py:756} INFO - Processing file /home/airflow/.local/lib/python3.7/site-packages/airflow/example_dags/example_dag_decorator.py for tasks to queue
[2023-12-21T16:50:55.252+0000] {logging_mixin.py:120} INFO - [2023-12-21T16:50:55.252+0000] {dagbag.py:537} INFO - Filling up the DagBag from /home/airflow/.local/lib/python3.7/site-packages/airflow/example_dags/example_dag_decorator.py
[2023-12-21T16:50:55.264+0000] {logging_mixin.py:120} INFO - [2023-12-21T16:50:55.264+0000] {taskmixin.py:205} WARNING - Dependency <Task(_PythonDecoratedOperator): prepare_email>, send_email already registered for DAG: example_dag_decorator
[2023-12-21T16:50:55.265+0000] {logging_mixin.py:120} INFO - [2023-12-21T16:50:55.265+0000] {taskmixin.py:205} WARNING - Dependency <Task(EmailOperator): send_email>, prepare_email already registered for DAG: example_dag_decorator
[2023-12-21T16:50:55.275+0000] {processor.py:766} INFO - DAG(s) dict_keys(['example_dag_decorator']) retrieved from /home/airflow/.local/lib/python3.7/site-packages/airflow/example_dags/example_dag_decorator.py
[2023-12-21T16:50:55.349+0000] {logging_mixin.py:120} INFO - [2023-12-21T16:50:55.348+0000] {dag.py:2585} INFO - Sync 1 DAGs
[2023-12-21T16:50:55.368+0000] {logging_mixin.py:120} INFO - [2023-12-21T16:50:55.368+0000] {dag.py:3340} INFO - Setting next_dagrun for example_dag_decorator to None, run_after=None
[2023-12-21T16:50:55.396+0000] {processor.py:176} INFO - Processing /home/airflow/.local/lib/python3.7/site-packages/airflow/example_dags/example_dag_decorator.py took 0.148 seconds
[2023-12-21T16:51:26.004+0000] {processor.py:154} INFO - Started process (PID=1896) to work on /home/airflow/.local/lib/python3.7/site-packages/airflow/example_dags/example_dag_decorator.py
[2023-12-21T16:51:26.005+0000] {processor.py:756} INFO - Processing file /home/airflow/.local/lib/python3.7/site-packages/airflow/example_dags/example_dag_decorator.py for tasks to queue
[2023-12-21T16:51:26.005+0000] {logging_mixin.py:120} INFO - [2023-12-21T16:51:26.005+0000] {dagbag.py:537} INFO - Filling up the DagBag from /home/airflow/.local/lib/python3.7/site-packages/airflow/example_dags/example_dag_decorator.py
[2023-12-21T16:51:26.019+0000] {logging_mixin.py:120} INFO - [2023-12-21T16:51:26.019+0000] {taskmixin.py:205} WARNING - Dependency <Task(_PythonDecoratedOperator): prepare_email>, send_email already registered for DAG: example_dag_decorator
[2023-12-21T16:51:26.020+0000] {logging_mixin.py:120} INFO - [2023-12-21T16:51:26.020+0000] {taskmixin.py:205} WARNING - Dependency <Task(EmailOperator): send_email>, prepare_email already registered for DAG: example_dag_decorator
[2023-12-21T16:51:26.031+0000] {processor.py:766} INFO - DAG(s) dict_keys(['example_dag_decorator']) retrieved from /home/airflow/.local/lib/python3.7/site-packages/airflow/example_dags/example_dag_decorator.py
[2023-12-21T16:51:26.103+0000] {logging_mixin.py:120} INFO - [2023-12-21T16:51:26.103+0000] {dag.py:2585} INFO - Sync 1 DAGs
[2023-12-21T16:51:26.121+0000] {logging_mixin.py:120} INFO - [2023-12-21T16:51:26.121+0000] {dag.py:3340} INFO - Setting next_dagrun for example_dag_decorator to None, run_after=None
[2023-12-21T16:51:26.142+0000] {processor.py:176} INFO - Processing /home/airflow/.local/lib/python3.7/site-packages/airflow/example_dags/example_dag_decorator.py took 0.141 seconds
[2023-12-21T16:51:56.880+0000] {processor.py:154} INFO - Started process (PID=1959) to work on /home/airflow/.local/lib/python3.7/site-packages/airflow/example_dags/example_dag_decorator.py
[2023-12-21T16:51:56.880+0000] {processor.py:756} INFO - Processing file /home/airflow/.local/lib/python3.7/site-packages/airflow/example_dags/example_dag_decorator.py for tasks to queue
[2023-12-21T16:51:56.881+0000] {logging_mixin.py:120} INFO - [2023-12-21T16:51:56.881+0000] {dagbag.py:537} INFO - Filling up the DagBag from /home/airflow/.local/lib/python3.7/site-packages/airflow/example_dags/example_dag_decorator.py
[2023-12-21T16:51:56.893+0000] {logging_mixin.py:120} INFO - [2023-12-21T16:51:56.893+0000] {taskmixin.py:205} WARNING - Dependency <Task(_PythonDecoratedOperator): prepare_email>, send_email already registered for DAG: example_dag_decorator
[2023-12-21T16:51:56.893+0000] {logging_mixin.py:120} INFO - [2023-12-21T16:51:56.893+0000] {taskmixin.py:205} WARNING - Dependency <Task(EmailOperator): send_email>, prepare_email already registered for DAG: example_dag_decorator
[2023-12-21T16:51:56.904+0000] {processor.py:766} INFO - DAG(s) dict_keys(['example_dag_decorator']) retrieved from /home/airflow/.local/lib/python3.7/site-packages/airflow/example_dags/example_dag_decorator.py
[2023-12-21T16:51:56.968+0000] {logging_mixin.py:120} INFO - [2023-12-21T16:51:56.968+0000] {dag.py:2585} INFO - Sync 1 DAGs
[2023-12-21T16:51:56.987+0000] {logging_mixin.py:120} INFO - [2023-12-21T16:51:56.987+0000] {dag.py:3340} INFO - Setting next_dagrun for example_dag_decorator to None, run_after=None
[2023-12-21T16:51:57.008+0000] {processor.py:176} INFO - Processing /home/airflow/.local/lib/python3.7/site-packages/airflow/example_dags/example_dag_decorator.py took 0.131 seconds
[2023-12-21T16:52:27.714+0000] {processor.py:154} INFO - Started process (PID=2023) to work on /home/airflow/.local/lib/python3.7/site-packages/airflow/example_dags/example_dag_decorator.py
[2023-12-21T16:52:27.715+0000] {processor.py:756} INFO - Processing file /home/airflow/.local/lib/python3.7/site-packages/airflow/example_dags/example_dag_decorator.py for tasks to queue
[2023-12-21T16:52:27.715+0000] {logging_mixin.py:120} INFO - [2023-12-21T16:52:27.715+0000] {dagbag.py:537} INFO - Filling up the DagBag from /home/airflow/.local/lib/python3.7/site-packages/airflow/example_dags/example_dag_decorator.py
[2023-12-21T16:52:27.733+0000] {logging_mixin.py:120} INFO - [2023-12-21T16:52:27.732+0000] {taskmixin.py:205} WARNING - Dependency <Task(_PythonDecoratedOperator): prepare_email>, send_email already registered for DAG: example_dag_decorator
[2023-12-21T16:52:27.733+0000] {logging_mixin.py:120} INFO - [2023-12-21T16:52:27.733+0000] {taskmixin.py:205} WARNING - Dependency <Task(EmailOperator): send_email>, prepare_email already registered for DAG: example_dag_decorator
[2023-12-21T16:52:27.750+0000] {processor.py:766} INFO - DAG(s) dict_keys(['example_dag_decorator']) retrieved from /home/airflow/.local/lib/python3.7/site-packages/airflow/example_dags/example_dag_decorator.py
[2023-12-21T16:52:27.850+0000] {logging_mixin.py:120} INFO - [2023-12-21T16:52:27.850+0000] {dag.py:2585} INFO - Sync 1 DAGs
[2023-12-21T16:52:27.878+0000] {logging_mixin.py:120} INFO - [2023-12-21T16:52:27.878+0000] {dag.py:3340} INFO - Setting next_dagrun for example_dag_decorator to None, run_after=None
[2023-12-21T16:52:27.901+0000] {processor.py:176} INFO - Processing /home/airflow/.local/lib/python3.7/site-packages/airflow/example_dags/example_dag_decorator.py took 0.193 seconds
[2023-12-21T16:52:58.476+0000] {processor.py:154} INFO - Started process (PID=2086) to work on /home/airflow/.local/lib/python3.7/site-packages/airflow/example_dags/example_dag_decorator.py
[2023-12-21T16:52:58.477+0000] {processor.py:756} INFO - Processing file /home/airflow/.local/lib/python3.7/site-packages/airflow/example_dags/example_dag_decorator.py for tasks to queue
[2023-12-21T16:52:58.477+0000] {logging_mixin.py:120} INFO - [2023-12-21T16:52:58.477+0000] {dagbag.py:537} INFO - Filling up the DagBag from /home/airflow/.local/lib/python3.7/site-packages/airflow/example_dags/example_dag_decorator.py
[2023-12-21T16:52:58.492+0000] {logging_mixin.py:120} INFO - [2023-12-21T16:52:58.492+0000] {taskmixin.py:205} WARNING - Dependency <Task(_PythonDecoratedOperator): prepare_email>, send_email already registered for DAG: example_dag_decorator
[2023-12-21T16:52:58.492+0000] {logging_mixin.py:120} INFO - [2023-12-21T16:52:58.492+0000] {taskmixin.py:205} WARNING - Dependency <Task(EmailOperator): send_email>, prepare_email already registered for DAG: example_dag_decorator
[2023-12-21T16:52:58.506+0000] {processor.py:766} INFO - DAG(s) dict_keys(['example_dag_decorator']) retrieved from /home/airflow/.local/lib/python3.7/site-packages/airflow/example_dags/example_dag_decorator.py
[2023-12-21T16:52:58.580+0000] {logging_mixin.py:120} INFO - [2023-12-21T16:52:58.579+0000] {dag.py:2585} INFO - Sync 1 DAGs
[2023-12-21T16:52:58.599+0000] {logging_mixin.py:120} INFO - [2023-12-21T16:52:58.598+0000] {dag.py:3340} INFO - Setting next_dagrun for example_dag_decorator to None, run_after=None
[2023-12-21T16:52:58.620+0000] {processor.py:176} INFO - Processing /home/airflow/.local/lib/python3.7/site-packages/airflow/example_dags/example_dag_decorator.py took 0.146 seconds
[2023-12-21T16:53:29.361+0000] {processor.py:154} INFO - Started process (PID=2140) to work on /home/airflow/.local/lib/python3.7/site-packages/airflow/example_dags/example_dag_decorator.py
[2023-12-21T16:53:29.361+0000] {processor.py:756} INFO - Processing file /home/airflow/.local/lib/python3.7/site-packages/airflow/example_dags/example_dag_decorator.py for tasks to queue
[2023-12-21T16:53:29.362+0000] {logging_mixin.py:120} INFO - [2023-12-21T16:53:29.362+0000] {dagbag.py:537} INFO - Filling up the DagBag from /home/airflow/.local/lib/python3.7/site-packages/airflow/example_dags/example_dag_decorator.py
[2023-12-21T16:53:29.378+0000] {logging_mixin.py:120} INFO - [2023-12-21T16:53:29.378+0000] {taskmixin.py:205} WARNING - Dependency <Task(_PythonDecoratedOperator): prepare_email>, send_email already registered for DAG: example_dag_decorator
[2023-12-21T16:53:29.378+0000] {logging_mixin.py:120} INFO - [2023-12-21T16:53:29.378+0000] {taskmixin.py:205} WARNING - Dependency <Task(EmailOperator): send_email>, prepare_email already registered for DAG: example_dag_decorator
[2023-12-21T16:53:29.392+0000] {processor.py:766} INFO - DAG(s) dict_keys(['example_dag_decorator']) retrieved from /home/airflow/.local/lib/python3.7/site-packages/airflow/example_dags/example_dag_decorator.py
[2023-12-21T16:53:29.474+0000] {logging_mixin.py:120} INFO - [2023-12-21T16:53:29.474+0000] {dag.py:2585} INFO - Sync 1 DAGs
[2023-12-21T16:53:29.497+0000] {logging_mixin.py:120} INFO - [2023-12-21T16:53:29.496+0000] {dag.py:3340} INFO - Setting next_dagrun for example_dag_decorator to None, run_after=None
[2023-12-21T16:53:29.524+0000] {processor.py:176} INFO - Processing /home/airflow/.local/lib/python3.7/site-packages/airflow/example_dags/example_dag_decorator.py took 0.166 seconds
[2023-12-21T16:54:00.206+0000] {processor.py:154} INFO - Started process (PID=2204) to work on /home/airflow/.local/lib/python3.7/site-packages/airflow/example_dags/example_dag_decorator.py
[2023-12-21T16:54:00.207+0000] {processor.py:756} INFO - Processing file /home/airflow/.local/lib/python3.7/site-packages/airflow/example_dags/example_dag_decorator.py for tasks to queue
[2023-12-21T16:54:00.207+0000] {logging_mixin.py:120} INFO - [2023-12-21T16:54:00.207+0000] {dagbag.py:537} INFO - Filling up the DagBag from /home/airflow/.local/lib/python3.7/site-packages/airflow/example_dags/example_dag_decorator.py
[2023-12-21T16:54:00.223+0000] {logging_mixin.py:120} INFO - [2023-12-21T16:54:00.222+0000] {taskmixin.py:205} WARNING - Dependency <Task(_PythonDecoratedOperator): prepare_email>, send_email already registered for DAG: example_dag_decorator
[2023-12-21T16:54:00.223+0000] {logging_mixin.py:120} INFO - [2023-12-21T16:54:00.223+0000] {taskmixin.py:205} WARNING - Dependency <Task(EmailOperator): send_email>, prepare_email already registered for DAG: example_dag_decorator
[2023-12-21T16:54:00.234+0000] {processor.py:766} INFO - DAG(s) dict_keys(['example_dag_decorator']) retrieved from /home/airflow/.local/lib/python3.7/site-packages/airflow/example_dags/example_dag_decorator.py
[2023-12-21T16:54:00.308+0000] {logging_mixin.py:120} INFO - [2023-12-21T16:54:00.308+0000] {dag.py:2585} INFO - Sync 1 DAGs
[2023-12-21T16:54:00.332+0000] {logging_mixin.py:120} INFO - [2023-12-21T16:54:00.332+0000] {dag.py:3340} INFO - Setting next_dagrun for example_dag_decorator to None, run_after=None
[2023-12-21T16:54:00.360+0000] {processor.py:176} INFO - Processing /home/airflow/.local/lib/python3.7/site-packages/airflow/example_dags/example_dag_decorator.py took 0.157 seconds
[2023-12-21T16:54:30.899+0000] {processor.py:154} INFO - Started process (PID=2267) to work on /home/airflow/.local/lib/python3.7/site-packages/airflow/example_dags/example_dag_decorator.py
[2023-12-21T16:54:30.900+0000] {processor.py:756} INFO - Processing file /home/airflow/.local/lib/python3.7/site-packages/airflow/example_dags/example_dag_decorator.py for tasks to queue
[2023-12-21T16:54:30.901+0000] {logging_mixin.py:120} INFO - [2023-12-21T16:54:30.900+0000] {dagbag.py:537} INFO - Filling up the DagBag from /home/airflow/.local/lib/python3.7/site-packages/airflow/example_dags/example_dag_decorator.py
[2023-12-21T16:54:30.913+0000] {logging_mixin.py:120} INFO - [2023-12-21T16:54:30.913+0000] {taskmixin.py:205} WARNING - Dependency <Task(_PythonDecoratedOperator): prepare_email>, send_email already registered for DAG: example_dag_decorator
[2023-12-21T16:54:30.913+0000] {logging_mixin.py:120} INFO - [2023-12-21T16:54:30.913+0000] {taskmixin.py:205} WARNING - Dependency <Task(EmailOperator): send_email>, prepare_email already registered for DAG: example_dag_decorator
[2023-12-21T16:54:30.925+0000] {processor.py:766} INFO - DAG(s) dict_keys(['example_dag_decorator']) retrieved from /home/airflow/.local/lib/python3.7/site-packages/airflow/example_dags/example_dag_decorator.py
[2023-12-21T16:54:30.995+0000] {logging_mixin.py:120} INFO - [2023-12-21T16:54:30.995+0000] {dag.py:2585} INFO - Sync 1 DAGs
[2023-12-21T16:54:31.020+0000] {logging_mixin.py:120} INFO - [2023-12-21T16:54:31.020+0000] {dag.py:3340} INFO - Setting next_dagrun for example_dag_decorator to None, run_after=None
[2023-12-21T16:54:31.046+0000] {processor.py:176} INFO - Processing /home/airflow/.local/lib/python3.7/site-packages/airflow/example_dags/example_dag_decorator.py took 0.149 seconds
[2023-12-21T16:55:01.777+0000] {processor.py:154} INFO - Started process (PID=2330) to work on /home/airflow/.local/lib/python3.7/site-packages/airflow/example_dags/example_dag_decorator.py
[2023-12-21T16:55:01.778+0000] {processor.py:756} INFO - Processing file /home/airflow/.local/lib/python3.7/site-packages/airflow/example_dags/example_dag_decorator.py for tasks to queue
[2023-12-21T16:55:01.778+0000] {logging_mixin.py:120} INFO - [2023-12-21T16:55:01.778+0000] {dagbag.py:537} INFO - Filling up the DagBag from /home/airflow/.local/lib/python3.7/site-packages/airflow/example_dags/example_dag_decorator.py
[2023-12-21T16:55:01.792+0000] {logging_mixin.py:120} INFO - [2023-12-21T16:55:01.792+0000] {taskmixin.py:205} WARNING - Dependency <Task(_PythonDecoratedOperator): prepare_email>, send_email already registered for DAG: example_dag_decorator
[2023-12-21T16:55:01.792+0000] {logging_mixin.py:120} INFO - [2023-12-21T16:55:01.792+0000] {taskmixin.py:205} WARNING - Dependency <Task(EmailOperator): send_email>, prepare_email already registered for DAG: example_dag_decorator
[2023-12-21T16:55:01.805+0000] {processor.py:766} INFO - DAG(s) dict_keys(['example_dag_decorator']) retrieved from /home/airflow/.local/lib/python3.7/site-packages/airflow/example_dags/example_dag_decorator.py
[2023-12-21T16:55:01.882+0000] {logging_mixin.py:120} INFO - [2023-12-21T16:55:01.882+0000] {dag.py:2585} INFO - Sync 1 DAGs
[2023-12-21T16:55:01.903+0000] {logging_mixin.py:120} INFO - [2023-12-21T16:55:01.903+0000] {dag.py:3340} INFO - Setting next_dagrun for example_dag_decorator to None, run_after=None
[2023-12-21T16:55:01.928+0000] {processor.py:176} INFO - Processing /home/airflow/.local/lib/python3.7/site-packages/airflow/example_dags/example_dag_decorator.py took 0.154 seconds
[2023-12-21T16:55:32.551+0000] {processor.py:154} INFO - Started process (PID=2384) to work on /home/airflow/.local/lib/python3.7/site-packages/airflow/example_dags/example_dag_decorator.py
[2023-12-21T16:55:32.552+0000] {processor.py:756} INFO - Processing file /home/airflow/.local/lib/python3.7/site-packages/airflow/example_dags/example_dag_decorator.py for tasks to queue
[2023-12-21T16:55:32.552+0000] {logging_mixin.py:120} INFO - [2023-12-21T16:55:32.552+0000] {dagbag.py:537} INFO - Filling up the DagBag from /home/airflow/.local/lib/python3.7/site-packages/airflow/example_dags/example_dag_decorator.py
[2023-12-21T16:55:32.566+0000] {logging_mixin.py:120} INFO - [2023-12-21T16:55:32.565+0000] {taskmixin.py:205} WARNING - Dependency <Task(_PythonDecoratedOperator): prepare_email>, send_email already registered for DAG: example_dag_decorator
[2023-12-21T16:55:32.566+0000] {logging_mixin.py:120} INFO - [2023-12-21T16:55:32.566+0000] {taskmixin.py:205} WARNING - Dependency <Task(EmailOperator): send_email>, prepare_email already registered for DAG: example_dag_decorator
[2023-12-21T16:55:32.578+0000] {processor.py:766} INFO - DAG(s) dict_keys(['example_dag_decorator']) retrieved from /home/airflow/.local/lib/python3.7/site-packages/airflow/example_dags/example_dag_decorator.py
[2023-12-21T16:55:32.656+0000] {logging_mixin.py:120} INFO - [2023-12-21T16:55:32.656+0000] {dag.py:2585} INFO - Sync 1 DAGs
[2023-12-21T16:55:32.676+0000] {logging_mixin.py:120} INFO - [2023-12-21T16:55:32.676+0000] {dag.py:3340} INFO - Setting next_dagrun for example_dag_decorator to None, run_after=None
[2023-12-21T16:55:32.701+0000] {processor.py:176} INFO - Processing /home/airflow/.local/lib/python3.7/site-packages/airflow/example_dags/example_dag_decorator.py took 0.153 seconds
[2023-12-21T16:56:03.287+0000] {processor.py:154} INFO - Started process (PID=2447) to work on /home/airflow/.local/lib/python3.7/site-packages/airflow/example_dags/example_dag_decorator.py
[2023-12-21T16:56:03.288+0000] {processor.py:756} INFO - Processing file /home/airflow/.local/lib/python3.7/site-packages/airflow/example_dags/example_dag_decorator.py for tasks to queue
[2023-12-21T16:56:03.288+0000] {logging_mixin.py:120} INFO - [2023-12-21T16:56:03.288+0000] {dagbag.py:537} INFO - Filling up the DagBag from /home/airflow/.local/lib/python3.7/site-packages/airflow/example_dags/example_dag_decorator.py
[2023-12-21T16:56:03.303+0000] {logging_mixin.py:120} INFO - [2023-12-21T16:56:03.303+0000] {taskmixin.py:205} WARNING - Dependency <Task(_PythonDecoratedOperator): prepare_email>, send_email already registered for DAG: example_dag_decorator
[2023-12-21T16:56:03.304+0000] {logging_mixin.py:120} INFO - [2023-12-21T16:56:03.303+0000] {taskmixin.py:205} WARNING - Dependency <Task(EmailOperator): send_email>, prepare_email already registered for DAG: example_dag_decorator
[2023-12-21T16:56:03.315+0000] {processor.py:766} INFO - DAG(s) dict_keys(['example_dag_decorator']) retrieved from /home/airflow/.local/lib/python3.7/site-packages/airflow/example_dags/example_dag_decorator.py
[2023-12-21T16:56:03.416+0000] {logging_mixin.py:120} INFO - [2023-12-21T16:56:03.415+0000] {dag.py:2585} INFO - Sync 1 DAGs
[2023-12-21T16:56:03.442+0000] {logging_mixin.py:120} INFO - [2023-12-21T16:56:03.441+0000] {dag.py:3340} INFO - Setting next_dagrun for example_dag_decorator to None, run_after=None
[2023-12-21T16:56:03.470+0000] {processor.py:176} INFO - Processing /home/airflow/.local/lib/python3.7/site-packages/airflow/example_dags/example_dag_decorator.py took 0.187 seconds
[2023-12-21T16:56:33.946+0000] {processor.py:154} INFO - Started process (PID=2510) to work on /home/airflow/.local/lib/python3.7/site-packages/airflow/example_dags/example_dag_decorator.py
[2023-12-21T16:56:33.946+0000] {processor.py:756} INFO - Processing file /home/airflow/.local/lib/python3.7/site-packages/airflow/example_dags/example_dag_decorator.py for tasks to queue
[2023-12-21T16:56:33.947+0000] {logging_mixin.py:120} INFO - [2023-12-21T16:56:33.947+0000] {dagbag.py:537} INFO - Filling up the DagBag from /home/airflow/.local/lib/python3.7/site-packages/airflow/example_dags/example_dag_decorator.py
[2023-12-21T16:56:33.960+0000] {logging_mixin.py:120} INFO - [2023-12-21T16:56:33.959+0000] {taskmixin.py:205} WARNING - Dependency <Task(_PythonDecoratedOperator): prepare_email>, send_email already registered for DAG: example_dag_decorator
[2023-12-21T16:56:33.960+0000] {logging_mixin.py:120} INFO - [2023-12-21T16:56:33.960+0000] {taskmixin.py:205} WARNING - Dependency <Task(EmailOperator): send_email>, prepare_email already registered for DAG: example_dag_decorator
[2023-12-21T16:56:33.971+0000] {processor.py:766} INFO - DAG(s) dict_keys(['example_dag_decorator']) retrieved from /home/airflow/.local/lib/python3.7/site-packages/airflow/example_dags/example_dag_decorator.py
[2023-12-21T16:56:34.043+0000] {logging_mixin.py:120} INFO - [2023-12-21T16:56:34.043+0000] {dag.py:2585} INFO - Sync 1 DAGs
[2023-12-21T16:56:34.062+0000] {logging_mixin.py:120} INFO - [2023-12-21T16:56:34.062+0000] {dag.py:3340} INFO - Setting next_dagrun for example_dag_decorator to None, run_after=None
[2023-12-21T16:56:34.085+0000] {processor.py:176} INFO - Processing /home/airflow/.local/lib/python3.7/site-packages/airflow/example_dags/example_dag_decorator.py took 0.142 seconds
[2023-12-21T16:57:04.724+0000] {processor.py:154} INFO - Started process (PID=2574) to work on /home/airflow/.local/lib/python3.7/site-packages/airflow/example_dags/example_dag_decorator.py
[2023-12-21T16:57:04.725+0000] {processor.py:756} INFO - Processing file /home/airflow/.local/lib/python3.7/site-packages/airflow/example_dags/example_dag_decorator.py for tasks to queue
[2023-12-21T16:57:04.725+0000] {logging_mixin.py:120} INFO - [2023-12-21T16:57:04.725+0000] {dagbag.py:537} INFO - Filling up the DagBag from /home/airflow/.local/lib/python3.7/site-packages/airflow/example_dags/example_dag_decorator.py
[2023-12-21T16:57:04.742+0000] {logging_mixin.py:120} INFO - [2023-12-21T16:57:04.741+0000] {taskmixin.py:205} WARNING - Dependency <Task(_PythonDecoratedOperator): prepare_email>, send_email already registered for DAG: example_dag_decorator
[2023-12-21T16:57:04.742+0000] {logging_mixin.py:120} INFO - [2023-12-21T16:57:04.742+0000] {taskmixin.py:205} WARNING - Dependency <Task(EmailOperator): send_email>, prepare_email already registered for DAG: example_dag_decorator
[2023-12-21T16:57:04.757+0000] {processor.py:766} INFO - DAG(s) dict_keys(['example_dag_decorator']) retrieved from /home/airflow/.local/lib/python3.7/site-packages/airflow/example_dags/example_dag_decorator.py
[2023-12-21T16:57:04.857+0000] {logging_mixin.py:120} INFO - [2023-12-21T16:57:04.857+0000] {dag.py:2585} INFO - Sync 1 DAGs
[2023-12-21T16:57:04.883+0000] {logging_mixin.py:120} INFO - [2023-12-21T16:57:04.883+0000] {dag.py:3340} INFO - Setting next_dagrun for example_dag_decorator to None, run_after=None
[2023-12-21T16:57:04.909+0000] {processor.py:176} INFO - Processing /home/airflow/.local/lib/python3.7/site-packages/airflow/example_dags/example_dag_decorator.py took 0.188 seconds
[2023-12-21T16:59:49.566+0000] {processor.py:154} INFO - Started process (PID=79) to work on /home/airflow/.local/lib/python3.7/site-packages/airflow/example_dags/example_dag_decorator.py
[2023-12-21T16:59:49.569+0000] {processor.py:756} INFO - Processing file /home/airflow/.local/lib/python3.7/site-packages/airflow/example_dags/example_dag_decorator.py for tasks to queue
[2023-12-21T16:59:49.570+0000] {logging_mixin.py:120} INFO - [2023-12-21T16:59:49.570+0000] {dagbag.py:537} INFO - Filling up the DagBag from /home/airflow/.local/lib/python3.7/site-packages/airflow/example_dags/example_dag_decorator.py
[2023-12-21T16:59:49.592+0000] {logging_mixin.py:120} INFO - [2023-12-21T16:59:49.591+0000] {taskmixin.py:205} WARNING - Dependency <Task(_PythonDecoratedOperator): prepare_email>, send_email already registered for DAG: example_dag_decorator
[2023-12-21T16:59:49.592+0000] {logging_mixin.py:120} INFO - [2023-12-21T16:59:49.592+0000] {taskmixin.py:205} WARNING - Dependency <Task(EmailOperator): send_email>, prepare_email already registered for DAG: example_dag_decorator
[2023-12-21T16:59:49.610+0000] {processor.py:766} INFO - DAG(s) dict_keys(['example_dag_decorator']) retrieved from /home/airflow/.local/lib/python3.7/site-packages/airflow/example_dags/example_dag_decorator.py
[2023-12-21T16:59:49.701+0000] {logging_mixin.py:120} INFO - [2023-12-21T16:59:49.701+0000] {dag.py:2585} INFO - Sync 1 DAGs
[2023-12-21T16:59:49.721+0000] {logging_mixin.py:120} INFO - [2023-12-21T16:59:49.721+0000] {dag.py:3340} INFO - Setting next_dagrun for example_dag_decorator to None, run_after=None
[2023-12-21T16:59:49.746+0000] {processor.py:176} INFO - Processing /home/airflow/.local/lib/python3.7/site-packages/airflow/example_dags/example_dag_decorator.py took 0.183 seconds
