[2023-12-21T16:35:59.574+0000] {processor.py:154} INFO - Started process (PID=54) to work on /home/airflow/.local/lib/python3.7/site-packages/airflow/example_dags/example_python_operator.py
[2023-12-21T16:35:59.575+0000] {processor.py:756} INFO - Processing file /home/airflow/.local/lib/python3.7/site-packages/airflow/example_dags/example_python_operator.py for tasks to queue
[2023-12-21T16:35:59.575+0000] {logging_mixin.py:120} INFO - [2023-12-21T16:35:59.575+0000] {dagbag.py:537} INFO - Filling up the DagBag from /home/airflow/.local/lib/python3.7/site-packages/airflow/example_dags/example_python_operator.py
[2023-12-21T16:35:59.589+0000] {logging_mixin.py:120} INFO - [2023-12-21T16:35:59.589+0000] {taskmixin.py:205} WARNING - Dependency <Task(_PythonDecoratedOperator): print_the_context>, log_sql_query already registered for DAG: example_python_operator
[2023-12-21T16:35:59.590+0000] {logging_mixin.py:120} INFO - [2023-12-21T16:35:59.590+0000] {taskmixin.py:205} WARNING - Dependency <Task(_PythonDecoratedOperator): log_sql_query>, print_the_context already registered for DAG: example_python_operator
[2023-12-21T16:35:59.590+0000] {logging_mixin.py:120} INFO - [2023-12-21T16:35:59.590+0000] {taskmixin.py:205} WARNING - Dependency <Task(_PythonDecoratedOperator): print_the_context>, log_sql_query already registered for DAG: example_python_operator
[2023-12-21T16:35:59.591+0000] {logging_mixin.py:120} INFO - [2023-12-21T16:35:59.591+0000] {taskmixin.py:205} WARNING - Dependency <Task(_PythonDecoratedOperator): log_sql_query>, print_the_context already registered for DAG: example_python_operator
[2023-12-21T16:35:59.591+0000] {logging_mixin.py:120} INFO - [2023-12-21T16:35:59.591+0000] {taskmixin.py:205} WARNING - Dependency <Task(_PythonDecoratedOperator): print_the_context>, log_sql_query already registered for DAG: example_python_operator
[2023-12-21T16:35:59.592+0000] {logging_mixin.py:120} INFO - [2023-12-21T16:35:59.592+0000] {taskmixin.py:205} WARNING - Dependency <Task(_PythonDecoratedOperator): log_sql_query>, print_the_context already registered for DAG: example_python_operator
[2023-12-21T16:35:59.593+0000] {logging_mixin.py:120} INFO - [2023-12-21T16:35:59.593+0000] {taskmixin.py:205} WARNING - Dependency <Task(_PythonDecoratedOperator): print_the_context>, log_sql_query already registered for DAG: example_python_operator
[2023-12-21T16:35:59.593+0000] {logging_mixin.py:120} INFO - [2023-12-21T16:35:59.593+0000] {taskmixin.py:205} WARNING - Dependency <Task(_PythonDecoratedOperator): log_sql_query>, print_the_context already registered for DAG: example_python_operator
[2023-12-21T16:35:59.603+0000] {processor.py:766} INFO - DAG(s) dict_keys(['example_python_operator']) retrieved from /home/airflow/.local/lib/python3.7/site-packages/airflow/example_dags/example_python_operator.py
[2023-12-21T16:35:59.727+0000] {logging_mixin.py:120} INFO - [2023-12-21T16:35:59.727+0000] {manager.py:507} INFO - Created Permission View: can read on DAG:example_python_operator
[2023-12-21T16:35:59.739+0000] {logging_mixin.py:120} INFO - [2023-12-21T16:35:59.739+0000] {manager.py:507} INFO - Created Permission View: can delete on DAG:example_python_operator
[2023-12-21T16:35:59.749+0000] {logging_mixin.py:120} INFO - [2023-12-21T16:35:59.749+0000] {manager.py:507} INFO - Created Permission View: can edit on DAG:example_python_operator
[2023-12-21T16:35:59.750+0000] {logging_mixin.py:120} INFO - [2023-12-21T16:35:59.750+0000] {dag.py:2585} INFO - Sync 1 DAGs
[2023-12-21T16:35:59.760+0000] {logging_mixin.py:120} INFO - [2023-12-21T16:35:59.760+0000] {dag.py:2606} INFO - Creating ORM DAG for example_python_operator
[2023-12-21T16:35:59.773+0000] {logging_mixin.py:120} INFO - [2023-12-21T16:35:59.773+0000] {dag.py:3340} INFO - Setting next_dagrun for example_python_operator to None, run_after=None
[2023-12-21T16:35:59.812+0000] {processor.py:176} INFO - Processing /home/airflow/.local/lib/python3.7/site-packages/airflow/example_dags/example_python_operator.py took 0.241 seconds
[2023-12-21T16:36:30.538+0000] {processor.py:154} INFO - Started process (PID=117) to work on /home/airflow/.local/lib/python3.7/site-packages/airflow/example_dags/example_python_operator.py
[2023-12-21T16:36:30.539+0000] {processor.py:756} INFO - Processing file /home/airflow/.local/lib/python3.7/site-packages/airflow/example_dags/example_python_operator.py for tasks to queue
[2023-12-21T16:36:30.539+0000] {logging_mixin.py:120} INFO - [2023-12-21T16:36:30.539+0000] {dagbag.py:537} INFO - Filling up the DagBag from /home/airflow/.local/lib/python3.7/site-packages/airflow/example_dags/example_python_operator.py
[2023-12-21T16:36:30.552+0000] {logging_mixin.py:120} INFO - [2023-12-21T16:36:30.552+0000] {taskmixin.py:205} WARNING - Dependency <Task(_PythonDecoratedOperator): print_the_context>, log_sql_query already registered for DAG: example_python_operator
[2023-12-21T16:36:30.552+0000] {logging_mixin.py:120} INFO - [2023-12-21T16:36:30.552+0000] {taskmixin.py:205} WARNING - Dependency <Task(_PythonDecoratedOperator): log_sql_query>, print_the_context already registered for DAG: example_python_operator
[2023-12-21T16:36:30.553+0000] {logging_mixin.py:120} INFO - [2023-12-21T16:36:30.553+0000] {taskmixin.py:205} WARNING - Dependency <Task(_PythonDecoratedOperator): print_the_context>, log_sql_query already registered for DAG: example_python_operator
[2023-12-21T16:36:30.553+0000] {logging_mixin.py:120} INFO - [2023-12-21T16:36:30.553+0000] {taskmixin.py:205} WARNING - Dependency <Task(_PythonDecoratedOperator): log_sql_query>, print_the_context already registered for DAG: example_python_operator
[2023-12-21T16:36:30.554+0000] {logging_mixin.py:120} INFO - [2023-12-21T16:36:30.553+0000] {taskmixin.py:205} WARNING - Dependency <Task(_PythonDecoratedOperator): print_the_context>, log_sql_query already registered for DAG: example_python_operator
[2023-12-21T16:36:30.554+0000] {logging_mixin.py:120} INFO - [2023-12-21T16:36:30.554+0000] {taskmixin.py:205} WARNING - Dependency <Task(_PythonDecoratedOperator): log_sql_query>, print_the_context already registered for DAG: example_python_operator
[2023-12-21T16:36:30.554+0000] {logging_mixin.py:120} INFO - [2023-12-21T16:36:30.554+0000] {taskmixin.py:205} WARNING - Dependency <Task(_PythonDecoratedOperator): print_the_context>, log_sql_query already registered for DAG: example_python_operator
[2023-12-21T16:36:30.554+0000] {logging_mixin.py:120} INFO - [2023-12-21T16:36:30.554+0000] {taskmixin.py:205} WARNING - Dependency <Task(_PythonDecoratedOperator): log_sql_query>, print_the_context already registered for DAG: example_python_operator
[2023-12-21T16:36:30.562+0000] {processor.py:766} INFO - DAG(s) dict_keys(['example_python_operator']) retrieved from /home/airflow/.local/lib/python3.7/site-packages/airflow/example_dags/example_python_operator.py
[2023-12-21T16:36:30.603+0000] {logging_mixin.py:120} INFO - [2023-12-21T16:36:30.602+0000] {dag.py:2585} INFO - Sync 1 DAGs
[2023-12-21T16:36:30.633+0000] {logging_mixin.py:120} INFO - [2023-12-21T16:36:30.633+0000] {dag.py:3340} INFO - Setting next_dagrun for example_python_operator to None, run_after=None
[2023-12-21T16:36:30.654+0000] {processor.py:176} INFO - Processing /home/airflow/.local/lib/python3.7/site-packages/airflow/example_dags/example_python_operator.py took 0.118 seconds
[2023-12-21T16:37:01.293+0000] {processor.py:154} INFO - Started process (PID=172) to work on /home/airflow/.local/lib/python3.7/site-packages/airflow/example_dags/example_python_operator.py
[2023-12-21T16:37:01.294+0000] {processor.py:756} INFO - Processing file /home/airflow/.local/lib/python3.7/site-packages/airflow/example_dags/example_python_operator.py for tasks to queue
[2023-12-21T16:37:01.294+0000] {logging_mixin.py:120} INFO - [2023-12-21T16:37:01.294+0000] {dagbag.py:537} INFO - Filling up the DagBag from /home/airflow/.local/lib/python3.7/site-packages/airflow/example_dags/example_python_operator.py
[2023-12-21T16:37:01.310+0000] {logging_mixin.py:120} INFO - [2023-12-21T16:37:01.310+0000] {taskmixin.py:205} WARNING - Dependency <Task(_PythonDecoratedOperator): print_the_context>, log_sql_query already registered for DAG: example_python_operator
[2023-12-21T16:37:01.310+0000] {logging_mixin.py:120} INFO - [2023-12-21T16:37:01.310+0000] {taskmixin.py:205} WARNING - Dependency <Task(_PythonDecoratedOperator): log_sql_query>, print_the_context already registered for DAG: example_python_operator
[2023-12-21T16:37:01.311+0000] {logging_mixin.py:120} INFO - [2023-12-21T16:37:01.311+0000] {taskmixin.py:205} WARNING - Dependency <Task(_PythonDecoratedOperator): print_the_context>, log_sql_query already registered for DAG: example_python_operator
[2023-12-21T16:37:01.311+0000] {logging_mixin.py:120} INFO - [2023-12-21T16:37:01.311+0000] {taskmixin.py:205} WARNING - Dependency <Task(_PythonDecoratedOperator): log_sql_query>, print_the_context already registered for DAG: example_python_operator
[2023-12-21T16:37:01.312+0000] {logging_mixin.py:120} INFO - [2023-12-21T16:37:01.311+0000] {taskmixin.py:205} WARNING - Dependency <Task(_PythonDecoratedOperator): print_the_context>, log_sql_query already registered for DAG: example_python_operator
[2023-12-21T16:37:01.312+0000] {logging_mixin.py:120} INFO - [2023-12-21T16:37:01.312+0000] {taskmixin.py:205} WARNING - Dependency <Task(_PythonDecoratedOperator): log_sql_query>, print_the_context already registered for DAG: example_python_operator
[2023-12-21T16:37:01.312+0000] {logging_mixin.py:120} INFO - [2023-12-21T16:37:01.312+0000] {taskmixin.py:205} WARNING - Dependency <Task(_PythonDecoratedOperator): print_the_context>, log_sql_query already registered for DAG: example_python_operator
[2023-12-21T16:37:01.312+0000] {logging_mixin.py:120} INFO - [2023-12-21T16:37:01.312+0000] {taskmixin.py:205} WARNING - Dependency <Task(_PythonDecoratedOperator): log_sql_query>, print_the_context already registered for DAG: example_python_operator
[2023-12-21T16:37:01.319+0000] {processor.py:766} INFO - DAG(s) dict_keys(['example_python_operator']) retrieved from /home/airflow/.local/lib/python3.7/site-packages/airflow/example_dags/example_python_operator.py
[2023-12-21T16:37:01.369+0000] {logging_mixin.py:120} INFO - [2023-12-21T16:37:01.369+0000] {dag.py:2585} INFO - Sync 1 DAGs
[2023-12-21T16:37:01.400+0000] {logging_mixin.py:120} INFO - [2023-12-21T16:37:01.400+0000] {dag.py:3340} INFO - Setting next_dagrun for example_python_operator to None, run_after=None
[2023-12-21T16:37:01.429+0000] {processor.py:176} INFO - Processing /home/airflow/.local/lib/python3.7/site-packages/airflow/example_dags/example_python_operator.py took 0.138 seconds
[2023-12-21T16:37:32.050+0000] {processor.py:154} INFO - Started process (PID=235) to work on /home/airflow/.local/lib/python3.7/site-packages/airflow/example_dags/example_python_operator.py
[2023-12-21T16:37:32.050+0000] {processor.py:756} INFO - Processing file /home/airflow/.local/lib/python3.7/site-packages/airflow/example_dags/example_python_operator.py for tasks to queue
[2023-12-21T16:37:32.051+0000] {logging_mixin.py:120} INFO - [2023-12-21T16:37:32.051+0000] {dagbag.py:537} INFO - Filling up the DagBag from /home/airflow/.local/lib/python3.7/site-packages/airflow/example_dags/example_python_operator.py
[2023-12-21T16:37:32.066+0000] {logging_mixin.py:120} INFO - [2023-12-21T16:37:32.066+0000] {taskmixin.py:205} WARNING - Dependency <Task(_PythonDecoratedOperator): print_the_context>, log_sql_query already registered for DAG: example_python_operator
[2023-12-21T16:37:32.066+0000] {logging_mixin.py:120} INFO - [2023-12-21T16:37:32.066+0000] {taskmixin.py:205} WARNING - Dependency <Task(_PythonDecoratedOperator): log_sql_query>, print_the_context already registered for DAG: example_python_operator
[2023-12-21T16:37:32.067+0000] {logging_mixin.py:120} INFO - [2023-12-21T16:37:32.066+0000] {taskmixin.py:205} WARNING - Dependency <Task(_PythonDecoratedOperator): print_the_context>, log_sql_query already registered for DAG: example_python_operator
[2023-12-21T16:37:32.067+0000] {logging_mixin.py:120} INFO - [2023-12-21T16:37:32.067+0000] {taskmixin.py:205} WARNING - Dependency <Task(_PythonDecoratedOperator): log_sql_query>, print_the_context already registered for DAG: example_python_operator
[2023-12-21T16:37:32.067+0000] {logging_mixin.py:120} INFO - [2023-12-21T16:37:32.067+0000] {taskmixin.py:205} WARNING - Dependency <Task(_PythonDecoratedOperator): print_the_context>, log_sql_query already registered for DAG: example_python_operator
[2023-12-21T16:37:32.067+0000] {logging_mixin.py:120} INFO - [2023-12-21T16:37:32.067+0000] {taskmixin.py:205} WARNING - Dependency <Task(_PythonDecoratedOperator): log_sql_query>, print_the_context already registered for DAG: example_python_operator
[2023-12-21T16:37:32.068+0000] {logging_mixin.py:120} INFO - [2023-12-21T16:37:32.068+0000] {taskmixin.py:205} WARNING - Dependency <Task(_PythonDecoratedOperator): print_the_context>, log_sql_query already registered for DAG: example_python_operator
[2023-12-21T16:37:32.068+0000] {logging_mixin.py:120} INFO - [2023-12-21T16:37:32.068+0000] {taskmixin.py:205} WARNING - Dependency <Task(_PythonDecoratedOperator): log_sql_query>, print_the_context already registered for DAG: example_python_operator
[2023-12-21T16:37:32.075+0000] {processor.py:766} INFO - DAG(s) dict_keys(['example_python_operator']) retrieved from /home/airflow/.local/lib/python3.7/site-packages/airflow/example_dags/example_python_operator.py
[2023-12-21T16:37:32.118+0000] {logging_mixin.py:120} INFO - [2023-12-21T16:37:32.118+0000] {dag.py:2585} INFO - Sync 1 DAGs
[2023-12-21T16:37:32.147+0000] {logging_mixin.py:120} INFO - [2023-12-21T16:37:32.147+0000] {dag.py:3340} INFO - Setting next_dagrun for example_python_operator to None, run_after=None
[2023-12-21T16:37:32.171+0000] {processor.py:176} INFO - Processing /home/airflow/.local/lib/python3.7/site-packages/airflow/example_dags/example_python_operator.py took 0.124 seconds
[2023-12-21T16:38:02.801+0000] {processor.py:154} INFO - Started process (PID=299) to work on /home/airflow/.local/lib/python3.7/site-packages/airflow/example_dags/example_python_operator.py
[2023-12-21T16:38:02.802+0000] {processor.py:756} INFO - Processing file /home/airflow/.local/lib/python3.7/site-packages/airflow/example_dags/example_python_operator.py for tasks to queue
[2023-12-21T16:38:02.802+0000] {logging_mixin.py:120} INFO - [2023-12-21T16:38:02.802+0000] {dagbag.py:537} INFO - Filling up the DagBag from /home/airflow/.local/lib/python3.7/site-packages/airflow/example_dags/example_python_operator.py
[2023-12-21T16:38:02.820+0000] {logging_mixin.py:120} INFO - [2023-12-21T16:38:02.820+0000] {taskmixin.py:205} WARNING - Dependency <Task(_PythonDecoratedOperator): print_the_context>, log_sql_query already registered for DAG: example_python_operator
[2023-12-21T16:38:02.821+0000] {logging_mixin.py:120} INFO - [2023-12-21T16:38:02.820+0000] {taskmixin.py:205} WARNING - Dependency <Task(_PythonDecoratedOperator): log_sql_query>, print_the_context already registered for DAG: example_python_operator
[2023-12-21T16:38:02.821+0000] {logging_mixin.py:120} INFO - [2023-12-21T16:38:02.821+0000] {taskmixin.py:205} WARNING - Dependency <Task(_PythonDecoratedOperator): print_the_context>, log_sql_query already registered for DAG: example_python_operator
[2023-12-21T16:38:02.821+0000] {logging_mixin.py:120} INFO - [2023-12-21T16:38:02.821+0000] {taskmixin.py:205} WARNING - Dependency <Task(_PythonDecoratedOperator): log_sql_query>, print_the_context already registered for DAG: example_python_operator
[2023-12-21T16:38:02.822+0000] {logging_mixin.py:120} INFO - [2023-12-21T16:38:02.822+0000] {taskmixin.py:205} WARNING - Dependency <Task(_PythonDecoratedOperator): print_the_context>, log_sql_query already registered for DAG: example_python_operator
[2023-12-21T16:38:02.822+0000] {logging_mixin.py:120} INFO - [2023-12-21T16:38:02.822+0000] {taskmixin.py:205} WARNING - Dependency <Task(_PythonDecoratedOperator): log_sql_query>, print_the_context already registered for DAG: example_python_operator
[2023-12-21T16:38:02.823+0000] {logging_mixin.py:120} INFO - [2023-12-21T16:38:02.823+0000] {taskmixin.py:205} WARNING - Dependency <Task(_PythonDecoratedOperator): print_the_context>, log_sql_query already registered for DAG: example_python_operator
[2023-12-21T16:38:02.824+0000] {logging_mixin.py:120} INFO - [2023-12-21T16:38:02.823+0000] {taskmixin.py:205} WARNING - Dependency <Task(_PythonDecoratedOperator): log_sql_query>, print_the_context already registered for DAG: example_python_operator
[2023-12-21T16:38:02.833+0000] {processor.py:766} INFO - DAG(s) dict_keys(['example_python_operator']) retrieved from /home/airflow/.local/lib/python3.7/site-packages/airflow/example_dags/example_python_operator.py
[2023-12-21T16:38:02.871+0000] {logging_mixin.py:120} INFO - [2023-12-21T16:38:02.871+0000] {dag.py:2585} INFO - Sync 1 DAGs
[2023-12-21T16:38:02.901+0000] {logging_mixin.py:120} INFO - [2023-12-21T16:38:02.901+0000] {dag.py:3340} INFO - Setting next_dagrun for example_python_operator to None, run_after=None
[2023-12-21T16:38:02.926+0000] {processor.py:176} INFO - Processing /home/airflow/.local/lib/python3.7/site-packages/airflow/example_dags/example_python_operator.py took 0.129 seconds
[2023-12-21T16:38:33.733+0000] {processor.py:154} INFO - Started process (PID=362) to work on /home/airflow/.local/lib/python3.7/site-packages/airflow/example_dags/example_python_operator.py
[2023-12-21T16:38:33.734+0000] {processor.py:756} INFO - Processing file /home/airflow/.local/lib/python3.7/site-packages/airflow/example_dags/example_python_operator.py for tasks to queue
[2023-12-21T16:38:33.734+0000] {logging_mixin.py:120} INFO - [2023-12-21T16:38:33.734+0000] {dagbag.py:537} INFO - Filling up the DagBag from /home/airflow/.local/lib/python3.7/site-packages/airflow/example_dags/example_python_operator.py
[2023-12-21T16:38:33.748+0000] {logging_mixin.py:120} INFO - [2023-12-21T16:38:33.748+0000] {taskmixin.py:205} WARNING - Dependency <Task(_PythonDecoratedOperator): print_the_context>, log_sql_query already registered for DAG: example_python_operator
[2023-12-21T16:38:33.748+0000] {logging_mixin.py:120} INFO - [2023-12-21T16:38:33.748+0000] {taskmixin.py:205} WARNING - Dependency <Task(_PythonDecoratedOperator): log_sql_query>, print_the_context already registered for DAG: example_python_operator
[2023-12-21T16:38:33.749+0000] {logging_mixin.py:120} INFO - [2023-12-21T16:38:33.749+0000] {taskmixin.py:205} WARNING - Dependency <Task(_PythonDecoratedOperator): print_the_context>, log_sql_query already registered for DAG: example_python_operator
[2023-12-21T16:38:33.749+0000] {logging_mixin.py:120} INFO - [2023-12-21T16:38:33.749+0000] {taskmixin.py:205} WARNING - Dependency <Task(_PythonDecoratedOperator): log_sql_query>, print_the_context already registered for DAG: example_python_operator
[2023-12-21T16:38:33.749+0000] {logging_mixin.py:120} INFO - [2023-12-21T16:38:33.749+0000] {taskmixin.py:205} WARNING - Dependency <Task(_PythonDecoratedOperator): print_the_context>, log_sql_query already registered for DAG: example_python_operator
[2023-12-21T16:38:33.750+0000] {logging_mixin.py:120} INFO - [2023-12-21T16:38:33.749+0000] {taskmixin.py:205} WARNING - Dependency <Task(_PythonDecoratedOperator): log_sql_query>, print_the_context already registered for DAG: example_python_operator
[2023-12-21T16:38:33.750+0000] {logging_mixin.py:120} INFO - [2023-12-21T16:38:33.750+0000] {taskmixin.py:205} WARNING - Dependency <Task(_PythonDecoratedOperator): print_the_context>, log_sql_query already registered for DAG: example_python_operator
[2023-12-21T16:38:33.750+0000] {logging_mixin.py:120} INFO - [2023-12-21T16:38:33.750+0000] {taskmixin.py:205} WARNING - Dependency <Task(_PythonDecoratedOperator): log_sql_query>, print_the_context already registered for DAG: example_python_operator
[2023-12-21T16:38:33.758+0000] {processor.py:766} INFO - DAG(s) dict_keys(['example_python_operator']) retrieved from /home/airflow/.local/lib/python3.7/site-packages/airflow/example_dags/example_python_operator.py
[2023-12-21T16:38:33.793+0000] {logging_mixin.py:120} INFO - [2023-12-21T16:38:33.792+0000] {dag.py:2585} INFO - Sync 1 DAGs
[2023-12-21T16:38:33.817+0000] {logging_mixin.py:120} INFO - [2023-12-21T16:38:33.816+0000] {dag.py:3340} INFO - Setting next_dagrun for example_python_operator to None, run_after=None
[2023-12-21T16:38:33.849+0000] {processor.py:176} INFO - Processing /home/airflow/.local/lib/python3.7/site-packages/airflow/example_dags/example_python_operator.py took 0.118 seconds
[2023-12-21T16:39:04.064+0000] {processor.py:154} INFO - Started process (PID=416) to work on /home/airflow/.local/lib/python3.7/site-packages/airflow/example_dags/example_python_operator.py
[2023-12-21T16:39:04.065+0000] {processor.py:756} INFO - Processing file /home/airflow/.local/lib/python3.7/site-packages/airflow/example_dags/example_python_operator.py for tasks to queue
[2023-12-21T16:39:04.066+0000] {logging_mixin.py:120} INFO - [2023-12-21T16:39:04.066+0000] {dagbag.py:537} INFO - Filling up the DagBag from /home/airflow/.local/lib/python3.7/site-packages/airflow/example_dags/example_python_operator.py
[2023-12-21T16:39:04.084+0000] {logging_mixin.py:120} INFO - [2023-12-21T16:39:04.084+0000] {taskmixin.py:205} WARNING - Dependency <Task(_PythonDecoratedOperator): print_the_context>, log_sql_query already registered for DAG: example_python_operator
[2023-12-21T16:39:04.085+0000] {logging_mixin.py:120} INFO - [2023-12-21T16:39:04.085+0000] {taskmixin.py:205} WARNING - Dependency <Task(_PythonDecoratedOperator): log_sql_query>, print_the_context already registered for DAG: example_python_operator
[2023-12-21T16:39:04.085+0000] {logging_mixin.py:120} INFO - [2023-12-21T16:39:04.085+0000] {taskmixin.py:205} WARNING - Dependency <Task(_PythonDecoratedOperator): print_the_context>, log_sql_query already registered for DAG: example_python_operator
[2023-12-21T16:39:04.086+0000] {logging_mixin.py:120} INFO - [2023-12-21T16:39:04.086+0000] {taskmixin.py:205} WARNING - Dependency <Task(_PythonDecoratedOperator): log_sql_query>, print_the_context already registered for DAG: example_python_operator
[2023-12-21T16:39:04.086+0000] {logging_mixin.py:120} INFO - [2023-12-21T16:39:04.086+0000] {taskmixin.py:205} WARNING - Dependency <Task(_PythonDecoratedOperator): print_the_context>, log_sql_query already registered for DAG: example_python_operator
[2023-12-21T16:39:04.087+0000] {logging_mixin.py:120} INFO - [2023-12-21T16:39:04.087+0000] {taskmixin.py:205} WARNING - Dependency <Task(_PythonDecoratedOperator): log_sql_query>, print_the_context already registered for DAG: example_python_operator
[2023-12-21T16:39:04.087+0000] {logging_mixin.py:120} INFO - [2023-12-21T16:39:04.087+0000] {taskmixin.py:205} WARNING - Dependency <Task(_PythonDecoratedOperator): print_the_context>, log_sql_query already registered for DAG: example_python_operator
[2023-12-21T16:39:04.088+0000] {logging_mixin.py:120} INFO - [2023-12-21T16:39:04.087+0000] {taskmixin.py:205} WARNING - Dependency <Task(_PythonDecoratedOperator): log_sql_query>, print_the_context already registered for DAG: example_python_operator
[2023-12-21T16:39:04.096+0000] {processor.py:766} INFO - DAG(s) dict_keys(['example_python_operator']) retrieved from /home/airflow/.local/lib/python3.7/site-packages/airflow/example_dags/example_python_operator.py
[2023-12-21T16:39:04.150+0000] {logging_mixin.py:120} INFO - [2023-12-21T16:39:04.150+0000] {dag.py:2585} INFO - Sync 1 DAGs
[2023-12-21T16:39:04.182+0000] {logging_mixin.py:120} INFO - [2023-12-21T16:39:04.182+0000] {dag.py:3340} INFO - Setting next_dagrun for example_python_operator to None, run_after=None
[2023-12-21T16:39:04.215+0000] {processor.py:176} INFO - Processing /home/airflow/.local/lib/python3.7/site-packages/airflow/example_dags/example_python_operator.py took 0.154 seconds
[2023-12-21T16:39:34.858+0000] {processor.py:154} INFO - Started process (PID=479) to work on /home/airflow/.local/lib/python3.7/site-packages/airflow/example_dags/example_python_operator.py
[2023-12-21T16:39:34.859+0000] {processor.py:756} INFO - Processing file /home/airflow/.local/lib/python3.7/site-packages/airflow/example_dags/example_python_operator.py for tasks to queue
[2023-12-21T16:39:34.859+0000] {logging_mixin.py:120} INFO - [2023-12-21T16:39:34.859+0000] {dagbag.py:537} INFO - Filling up the DagBag from /home/airflow/.local/lib/python3.7/site-packages/airflow/example_dags/example_python_operator.py
[2023-12-21T16:39:34.874+0000] {logging_mixin.py:120} INFO - [2023-12-21T16:39:34.874+0000] {taskmixin.py:205} WARNING - Dependency <Task(_PythonDecoratedOperator): print_the_context>, log_sql_query already registered for DAG: example_python_operator
[2023-12-21T16:39:34.875+0000] {logging_mixin.py:120} INFO - [2023-12-21T16:39:34.875+0000] {taskmixin.py:205} WARNING - Dependency <Task(_PythonDecoratedOperator): log_sql_query>, print_the_context already registered for DAG: example_python_operator
[2023-12-21T16:39:34.875+0000] {logging_mixin.py:120} INFO - [2023-12-21T16:39:34.875+0000] {taskmixin.py:205} WARNING - Dependency <Task(_PythonDecoratedOperator): print_the_context>, log_sql_query already registered for DAG: example_python_operator
[2023-12-21T16:39:34.875+0000] {logging_mixin.py:120} INFO - [2023-12-21T16:39:34.875+0000] {taskmixin.py:205} WARNING - Dependency <Task(_PythonDecoratedOperator): log_sql_query>, print_the_context already registered for DAG: example_python_operator
[2023-12-21T16:39:34.876+0000] {logging_mixin.py:120} INFO - [2023-12-21T16:39:34.876+0000] {taskmixin.py:205} WARNING - Dependency <Task(_PythonDecoratedOperator): print_the_context>, log_sql_query already registered for DAG: example_python_operator
[2023-12-21T16:39:34.876+0000] {logging_mixin.py:120} INFO - [2023-12-21T16:39:34.876+0000] {taskmixin.py:205} WARNING - Dependency <Task(_PythonDecoratedOperator): log_sql_query>, print_the_context already registered for DAG: example_python_operator
[2023-12-21T16:39:34.877+0000] {logging_mixin.py:120} INFO - [2023-12-21T16:39:34.877+0000] {taskmixin.py:205} WARNING - Dependency <Task(_PythonDecoratedOperator): print_the_context>, log_sql_query already registered for DAG: example_python_operator
[2023-12-21T16:39:34.877+0000] {logging_mixin.py:120} INFO - [2023-12-21T16:39:34.877+0000] {taskmixin.py:205} WARNING - Dependency <Task(_PythonDecoratedOperator): log_sql_query>, print_the_context already registered for DAG: example_python_operator
[2023-12-21T16:39:34.884+0000] {processor.py:766} INFO - DAG(s) dict_keys(['example_python_operator']) retrieved from /home/airflow/.local/lib/python3.7/site-packages/airflow/example_dags/example_python_operator.py
[2023-12-21T16:39:34.927+0000] {logging_mixin.py:120} INFO - [2023-12-21T16:39:34.926+0000] {dag.py:2585} INFO - Sync 1 DAGs
[2023-12-21T16:39:34.955+0000] {logging_mixin.py:120} INFO - [2023-12-21T16:39:34.954+0000] {dag.py:3340} INFO - Setting next_dagrun for example_python_operator to None, run_after=None
[2023-12-21T16:39:34.977+0000] {processor.py:176} INFO - Processing /home/airflow/.local/lib/python3.7/site-packages/airflow/example_dags/example_python_operator.py took 0.122 seconds
[2023-12-21T16:40:05.399+0000] {processor.py:154} INFO - Started process (PID=542) to work on /home/airflow/.local/lib/python3.7/site-packages/airflow/example_dags/example_python_operator.py
[2023-12-21T16:40:05.399+0000] {processor.py:756} INFO - Processing file /home/airflow/.local/lib/python3.7/site-packages/airflow/example_dags/example_python_operator.py for tasks to queue
[2023-12-21T16:40:05.400+0000] {logging_mixin.py:120} INFO - [2023-12-21T16:40:05.400+0000] {dagbag.py:537} INFO - Filling up the DagBag from /home/airflow/.local/lib/python3.7/site-packages/airflow/example_dags/example_python_operator.py
[2023-12-21T16:40:05.414+0000] {logging_mixin.py:120} INFO - [2023-12-21T16:40:05.414+0000] {taskmixin.py:205} WARNING - Dependency <Task(_PythonDecoratedOperator): print_the_context>, log_sql_query already registered for DAG: example_python_operator
[2023-12-21T16:40:05.415+0000] {logging_mixin.py:120} INFO - [2023-12-21T16:40:05.415+0000] {taskmixin.py:205} WARNING - Dependency <Task(_PythonDecoratedOperator): log_sql_query>, print_the_context already registered for DAG: example_python_operator
[2023-12-21T16:40:05.415+0000] {logging_mixin.py:120} INFO - [2023-12-21T16:40:05.415+0000] {taskmixin.py:205} WARNING - Dependency <Task(_PythonDecoratedOperator): print_the_context>, log_sql_query already registered for DAG: example_python_operator
[2023-12-21T16:40:05.415+0000] {logging_mixin.py:120} INFO - [2023-12-21T16:40:05.415+0000] {taskmixin.py:205} WARNING - Dependency <Task(_PythonDecoratedOperator): log_sql_query>, print_the_context already registered for DAG: example_python_operator
[2023-12-21T16:40:05.416+0000] {logging_mixin.py:120} INFO - [2023-12-21T16:40:05.416+0000] {taskmixin.py:205} WARNING - Dependency <Task(_PythonDecoratedOperator): print_the_context>, log_sql_query already registered for DAG: example_python_operator
[2023-12-21T16:40:05.416+0000] {logging_mixin.py:120} INFO - [2023-12-21T16:40:05.416+0000] {taskmixin.py:205} WARNING - Dependency <Task(_PythonDecoratedOperator): log_sql_query>, print_the_context already registered for DAG: example_python_operator
[2023-12-21T16:40:05.417+0000] {logging_mixin.py:120} INFO - [2023-12-21T16:40:05.416+0000] {taskmixin.py:205} WARNING - Dependency <Task(_PythonDecoratedOperator): print_the_context>, log_sql_query already registered for DAG: example_python_operator
[2023-12-21T16:40:05.417+0000] {logging_mixin.py:120} INFO - [2023-12-21T16:40:05.417+0000] {taskmixin.py:205} WARNING - Dependency <Task(_PythonDecoratedOperator): log_sql_query>, print_the_context already registered for DAG: example_python_operator
[2023-12-21T16:40:05.423+0000] {processor.py:766} INFO - DAG(s) dict_keys(['example_python_operator']) retrieved from /home/airflow/.local/lib/python3.7/site-packages/airflow/example_dags/example_python_operator.py
[2023-12-21T16:40:05.466+0000] {logging_mixin.py:120} INFO - [2023-12-21T16:40:05.466+0000] {dag.py:2585} INFO - Sync 1 DAGs
[2023-12-21T16:40:05.497+0000] {logging_mixin.py:120} INFO - [2023-12-21T16:40:05.497+0000] {dag.py:3340} INFO - Setting next_dagrun for example_python_operator to None, run_after=None
[2023-12-21T16:40:05.545+0000] {processor.py:176} INFO - Processing /home/airflow/.local/lib/python3.7/site-packages/airflow/example_dags/example_python_operator.py took 0.149 seconds
[2023-12-21T16:40:36.102+0000] {processor.py:154} INFO - Started process (PID=605) to work on /home/airflow/.local/lib/python3.7/site-packages/airflow/example_dags/example_python_operator.py
[2023-12-21T16:40:36.103+0000] {processor.py:756} INFO - Processing file /home/airflow/.local/lib/python3.7/site-packages/airflow/example_dags/example_python_operator.py for tasks to queue
[2023-12-21T16:40:36.103+0000] {logging_mixin.py:120} INFO - [2023-12-21T16:40:36.103+0000] {dagbag.py:537} INFO - Filling up the DagBag from /home/airflow/.local/lib/python3.7/site-packages/airflow/example_dags/example_python_operator.py
[2023-12-21T16:40:36.118+0000] {logging_mixin.py:120} INFO - [2023-12-21T16:40:36.118+0000] {taskmixin.py:205} WARNING - Dependency <Task(_PythonDecoratedOperator): print_the_context>, log_sql_query already registered for DAG: example_python_operator
[2023-12-21T16:40:36.119+0000] {logging_mixin.py:120} INFO - [2023-12-21T16:40:36.119+0000] {taskmixin.py:205} WARNING - Dependency <Task(_PythonDecoratedOperator): log_sql_query>, print_the_context already registered for DAG: example_python_operator
[2023-12-21T16:40:36.119+0000] {logging_mixin.py:120} INFO - [2023-12-21T16:40:36.119+0000] {taskmixin.py:205} WARNING - Dependency <Task(_PythonDecoratedOperator): print_the_context>, log_sql_query already registered for DAG: example_python_operator
[2023-12-21T16:40:36.120+0000] {logging_mixin.py:120} INFO - [2023-12-21T16:40:36.120+0000] {taskmixin.py:205} WARNING - Dependency <Task(_PythonDecoratedOperator): log_sql_query>, print_the_context already registered for DAG: example_python_operator
[2023-12-21T16:40:36.121+0000] {logging_mixin.py:120} INFO - [2023-12-21T16:40:36.120+0000] {taskmixin.py:205} WARNING - Dependency <Task(_PythonDecoratedOperator): print_the_context>, log_sql_query already registered for DAG: example_python_operator
[2023-12-21T16:40:36.121+0000] {logging_mixin.py:120} INFO - [2023-12-21T16:40:36.121+0000] {taskmixin.py:205} WARNING - Dependency <Task(_PythonDecoratedOperator): log_sql_query>, print_the_context already registered for DAG: example_python_operator
[2023-12-21T16:40:36.122+0000] {logging_mixin.py:120} INFO - [2023-12-21T16:40:36.122+0000] {taskmixin.py:205} WARNING - Dependency <Task(_PythonDecoratedOperator): print_the_context>, log_sql_query already registered for DAG: example_python_operator
[2023-12-21T16:40:36.122+0000] {logging_mixin.py:120} INFO - [2023-12-21T16:40:36.122+0000] {taskmixin.py:205} WARNING - Dependency <Task(_PythonDecoratedOperator): log_sql_query>, print_the_context already registered for DAG: example_python_operator
[2023-12-21T16:40:36.133+0000] {processor.py:766} INFO - DAG(s) dict_keys(['example_python_operator']) retrieved from /home/airflow/.local/lib/python3.7/site-packages/airflow/example_dags/example_python_operator.py
[2023-12-21T16:40:36.186+0000] {logging_mixin.py:120} INFO - [2023-12-21T16:40:36.186+0000] {dag.py:2585} INFO - Sync 1 DAGs
[2023-12-21T16:40:36.219+0000] {logging_mixin.py:120} INFO - [2023-12-21T16:40:36.219+0000] {dag.py:3340} INFO - Setting next_dagrun for example_python_operator to None, run_after=None
[2023-12-21T16:40:36.245+0000] {processor.py:176} INFO - Processing /home/airflow/.local/lib/python3.7/site-packages/airflow/example_dags/example_python_operator.py took 0.146 seconds
[2023-12-21T16:41:06.873+0000] {processor.py:154} INFO - Started process (PID=659) to work on /home/airflow/.local/lib/python3.7/site-packages/airflow/example_dags/example_python_operator.py
[2023-12-21T16:41:06.873+0000] {processor.py:756} INFO - Processing file /home/airflow/.local/lib/python3.7/site-packages/airflow/example_dags/example_python_operator.py for tasks to queue
[2023-12-21T16:41:06.874+0000] {logging_mixin.py:120} INFO - [2023-12-21T16:41:06.874+0000] {dagbag.py:537} INFO - Filling up the DagBag from /home/airflow/.local/lib/python3.7/site-packages/airflow/example_dags/example_python_operator.py
[2023-12-21T16:41:06.894+0000] {logging_mixin.py:120} INFO - [2023-12-21T16:41:06.893+0000] {taskmixin.py:205} WARNING - Dependency <Task(_PythonDecoratedOperator): print_the_context>, log_sql_query already registered for DAG: example_python_operator
[2023-12-21T16:41:06.894+0000] {logging_mixin.py:120} INFO - [2023-12-21T16:41:06.894+0000] {taskmixin.py:205} WARNING - Dependency <Task(_PythonDecoratedOperator): log_sql_query>, print_the_context already registered for DAG: example_python_operator
[2023-12-21T16:41:06.895+0000] {logging_mixin.py:120} INFO - [2023-12-21T16:41:06.895+0000] {taskmixin.py:205} WARNING - Dependency <Task(_PythonDecoratedOperator): print_the_context>, log_sql_query already registered for DAG: example_python_operator
[2023-12-21T16:41:06.895+0000] {logging_mixin.py:120} INFO - [2023-12-21T16:41:06.895+0000] {taskmixin.py:205} WARNING - Dependency <Task(_PythonDecoratedOperator): log_sql_query>, print_the_context already registered for DAG: example_python_operator
[2023-12-21T16:41:06.896+0000] {logging_mixin.py:120} INFO - [2023-12-21T16:41:06.896+0000] {taskmixin.py:205} WARNING - Dependency <Task(_PythonDecoratedOperator): print_the_context>, log_sql_query already registered for DAG: example_python_operator
[2023-12-21T16:41:06.896+0000] {logging_mixin.py:120} INFO - [2023-12-21T16:41:06.896+0000] {taskmixin.py:205} WARNING - Dependency <Task(_PythonDecoratedOperator): log_sql_query>, print_the_context already registered for DAG: example_python_operator
[2023-12-21T16:41:06.897+0000] {logging_mixin.py:120} INFO - [2023-12-21T16:41:06.897+0000] {taskmixin.py:205} WARNING - Dependency <Task(_PythonDecoratedOperator): print_the_context>, log_sql_query already registered for DAG: example_python_operator
[2023-12-21T16:41:06.897+0000] {logging_mixin.py:120} INFO - [2023-12-21T16:41:06.897+0000] {taskmixin.py:205} WARNING - Dependency <Task(_PythonDecoratedOperator): log_sql_query>, print_the_context already registered for DAG: example_python_operator
[2023-12-21T16:41:06.908+0000] {processor.py:766} INFO - DAG(s) dict_keys(['example_python_operator']) retrieved from /home/airflow/.local/lib/python3.7/site-packages/airflow/example_dags/example_python_operator.py
[2023-12-21T16:41:06.955+0000] {logging_mixin.py:120} INFO - [2023-12-21T16:41:06.955+0000] {dag.py:2585} INFO - Sync 1 DAGs
[2023-12-21T16:41:06.986+0000] {logging_mixin.py:120} INFO - [2023-12-21T16:41:06.986+0000] {dag.py:3340} INFO - Setting next_dagrun for example_python_operator to None, run_after=None
[2023-12-21T16:41:07.011+0000] {processor.py:176} INFO - Processing /home/airflow/.local/lib/python3.7/site-packages/airflow/example_dags/example_python_operator.py took 0.142 seconds
[2023-12-21T16:41:37.617+0000] {processor.py:154} INFO - Started process (PID=722) to work on /home/airflow/.local/lib/python3.7/site-packages/airflow/example_dags/example_python_operator.py
[2023-12-21T16:41:37.618+0000] {processor.py:756} INFO - Processing file /home/airflow/.local/lib/python3.7/site-packages/airflow/example_dags/example_python_operator.py for tasks to queue
[2023-12-21T16:41:37.618+0000] {logging_mixin.py:120} INFO - [2023-12-21T16:41:37.618+0000] {dagbag.py:537} INFO - Filling up the DagBag from /home/airflow/.local/lib/python3.7/site-packages/airflow/example_dags/example_python_operator.py
[2023-12-21T16:41:37.632+0000] {logging_mixin.py:120} INFO - [2023-12-21T16:41:37.632+0000] {taskmixin.py:205} WARNING - Dependency <Task(_PythonDecoratedOperator): print_the_context>, log_sql_query already registered for DAG: example_python_operator
[2023-12-21T16:41:37.632+0000] {logging_mixin.py:120} INFO - [2023-12-21T16:41:37.632+0000] {taskmixin.py:205} WARNING - Dependency <Task(_PythonDecoratedOperator): log_sql_query>, print_the_context already registered for DAG: example_python_operator
[2023-12-21T16:41:37.632+0000] {logging_mixin.py:120} INFO - [2023-12-21T16:41:37.632+0000] {taskmixin.py:205} WARNING - Dependency <Task(_PythonDecoratedOperator): print_the_context>, log_sql_query already registered for DAG: example_python_operator
[2023-12-21T16:41:37.633+0000] {logging_mixin.py:120} INFO - [2023-12-21T16:41:37.633+0000] {taskmixin.py:205} WARNING - Dependency <Task(_PythonDecoratedOperator): log_sql_query>, print_the_context already registered for DAG: example_python_operator
[2023-12-21T16:41:37.633+0000] {logging_mixin.py:120} INFO - [2023-12-21T16:41:37.633+0000] {taskmixin.py:205} WARNING - Dependency <Task(_PythonDecoratedOperator): print_the_context>, log_sql_query already registered for DAG: example_python_operator
[2023-12-21T16:41:37.633+0000] {logging_mixin.py:120} INFO - [2023-12-21T16:41:37.633+0000] {taskmixin.py:205} WARNING - Dependency <Task(_PythonDecoratedOperator): log_sql_query>, print_the_context already registered for DAG: example_python_operator
[2023-12-21T16:41:37.634+0000] {logging_mixin.py:120} INFO - [2023-12-21T16:41:37.634+0000] {taskmixin.py:205} WARNING - Dependency <Task(_PythonDecoratedOperator): print_the_context>, log_sql_query already registered for DAG: example_python_operator
[2023-12-21T16:41:37.634+0000] {logging_mixin.py:120} INFO - [2023-12-21T16:41:37.634+0000] {taskmixin.py:205} WARNING - Dependency <Task(_PythonDecoratedOperator): log_sql_query>, print_the_context already registered for DAG: example_python_operator
[2023-12-21T16:41:37.642+0000] {processor.py:766} INFO - DAG(s) dict_keys(['example_python_operator']) retrieved from /home/airflow/.local/lib/python3.7/site-packages/airflow/example_dags/example_python_operator.py
[2023-12-21T16:41:37.676+0000] {logging_mixin.py:120} INFO - [2023-12-21T16:41:37.676+0000] {dag.py:2585} INFO - Sync 1 DAGs
[2023-12-21T16:41:37.696+0000] {logging_mixin.py:120} INFO - [2023-12-21T16:41:37.696+0000] {dag.py:3340} INFO - Setting next_dagrun for example_python_operator to None, run_after=None
[2023-12-21T16:41:37.717+0000] {processor.py:176} INFO - Processing /home/airflow/.local/lib/python3.7/site-packages/airflow/example_dags/example_python_operator.py took 0.102 seconds
[2023-12-21T16:42:08.250+0000] {processor.py:154} INFO - Started process (PID=786) to work on /home/airflow/.local/lib/python3.7/site-packages/airflow/example_dags/example_python_operator.py
[2023-12-21T16:42:08.251+0000] {processor.py:756} INFO - Processing file /home/airflow/.local/lib/python3.7/site-packages/airflow/example_dags/example_python_operator.py for tasks to queue
[2023-12-21T16:42:08.251+0000] {logging_mixin.py:120} INFO - [2023-12-21T16:42:08.251+0000] {dagbag.py:537} INFO - Filling up the DagBag from /home/airflow/.local/lib/python3.7/site-packages/airflow/example_dags/example_python_operator.py
[2023-12-21T16:42:08.266+0000] {logging_mixin.py:120} INFO - [2023-12-21T16:42:08.266+0000] {taskmixin.py:205} WARNING - Dependency <Task(_PythonDecoratedOperator): print_the_context>, log_sql_query already registered for DAG: example_python_operator
[2023-12-21T16:42:08.267+0000] {logging_mixin.py:120} INFO - [2023-12-21T16:42:08.267+0000] {taskmixin.py:205} WARNING - Dependency <Task(_PythonDecoratedOperator): log_sql_query>, print_the_context already registered for DAG: example_python_operator
[2023-12-21T16:42:08.268+0000] {logging_mixin.py:120} INFO - [2023-12-21T16:42:08.268+0000] {taskmixin.py:205} WARNING - Dependency <Task(_PythonDecoratedOperator): print_the_context>, log_sql_query already registered for DAG: example_python_operator
[2023-12-21T16:42:08.268+0000] {logging_mixin.py:120} INFO - [2023-12-21T16:42:08.268+0000] {taskmixin.py:205} WARNING - Dependency <Task(_PythonDecoratedOperator): log_sql_query>, print_the_context already registered for DAG: example_python_operator
[2023-12-21T16:42:08.269+0000] {logging_mixin.py:120} INFO - [2023-12-21T16:42:08.269+0000] {taskmixin.py:205} WARNING - Dependency <Task(_PythonDecoratedOperator): print_the_context>, log_sql_query already registered for DAG: example_python_operator
[2023-12-21T16:42:08.269+0000] {logging_mixin.py:120} INFO - [2023-12-21T16:42:08.269+0000] {taskmixin.py:205} WARNING - Dependency <Task(_PythonDecoratedOperator): log_sql_query>, print_the_context already registered for DAG: example_python_operator
[2023-12-21T16:42:08.270+0000] {logging_mixin.py:120} INFO - [2023-12-21T16:42:08.270+0000] {taskmixin.py:205} WARNING - Dependency <Task(_PythonDecoratedOperator): print_the_context>, log_sql_query already registered for DAG: example_python_operator
[2023-12-21T16:42:08.270+0000] {logging_mixin.py:120} INFO - [2023-12-21T16:42:08.270+0000] {taskmixin.py:205} WARNING - Dependency <Task(_PythonDecoratedOperator): log_sql_query>, print_the_context already registered for DAG: example_python_operator
[2023-12-21T16:42:08.278+0000] {processor.py:766} INFO - DAG(s) dict_keys(['example_python_operator']) retrieved from /home/airflow/.local/lib/python3.7/site-packages/airflow/example_dags/example_python_operator.py
[2023-12-21T16:42:08.314+0000] {logging_mixin.py:120} INFO - [2023-12-21T16:42:08.314+0000] {dag.py:2585} INFO - Sync 1 DAGs
[2023-12-21T16:42:08.334+0000] {logging_mixin.py:120} INFO - [2023-12-21T16:42:08.333+0000] {dag.py:3340} INFO - Setting next_dagrun for example_python_operator to None, run_after=None
[2023-12-21T16:42:08.353+0000] {processor.py:176} INFO - Processing /home/airflow/.local/lib/python3.7/site-packages/airflow/example_dags/example_python_operator.py took 0.106 seconds
[2023-12-21T16:42:39.167+0000] {processor.py:154} INFO - Started process (PID=849) to work on /home/airflow/.local/lib/python3.7/site-packages/airflow/example_dags/example_python_operator.py
[2023-12-21T16:42:39.168+0000] {processor.py:756} INFO - Processing file /home/airflow/.local/lib/python3.7/site-packages/airflow/example_dags/example_python_operator.py for tasks to queue
[2023-12-21T16:42:39.168+0000] {logging_mixin.py:120} INFO - [2023-12-21T16:42:39.168+0000] {dagbag.py:537} INFO - Filling up the DagBag from /home/airflow/.local/lib/python3.7/site-packages/airflow/example_dags/example_python_operator.py
[2023-12-21T16:42:39.186+0000] {logging_mixin.py:120} INFO - [2023-12-21T16:42:39.186+0000] {taskmixin.py:205} WARNING - Dependency <Task(_PythonDecoratedOperator): print_the_context>, log_sql_query already registered for DAG: example_python_operator
[2023-12-21T16:42:39.186+0000] {logging_mixin.py:120} INFO - [2023-12-21T16:42:39.186+0000] {taskmixin.py:205} WARNING - Dependency <Task(_PythonDecoratedOperator): log_sql_query>, print_the_context already registered for DAG: example_python_operator
[2023-12-21T16:42:39.187+0000] {logging_mixin.py:120} INFO - [2023-12-21T16:42:39.187+0000] {taskmixin.py:205} WARNING - Dependency <Task(_PythonDecoratedOperator): print_the_context>, log_sql_query already registered for DAG: example_python_operator
[2023-12-21T16:42:39.187+0000] {logging_mixin.py:120} INFO - [2023-12-21T16:42:39.187+0000] {taskmixin.py:205} WARNING - Dependency <Task(_PythonDecoratedOperator): log_sql_query>, print_the_context already registered for DAG: example_python_operator
[2023-12-21T16:42:39.188+0000] {logging_mixin.py:120} INFO - [2023-12-21T16:42:39.188+0000] {taskmixin.py:205} WARNING - Dependency <Task(_PythonDecoratedOperator): print_the_context>, log_sql_query already registered for DAG: example_python_operator
[2023-12-21T16:42:39.188+0000] {logging_mixin.py:120} INFO - [2023-12-21T16:42:39.188+0000] {taskmixin.py:205} WARNING - Dependency <Task(_PythonDecoratedOperator): log_sql_query>, print_the_context already registered for DAG: example_python_operator
[2023-12-21T16:42:39.189+0000] {logging_mixin.py:120} INFO - [2023-12-21T16:42:39.189+0000] {taskmixin.py:205} WARNING - Dependency <Task(_PythonDecoratedOperator): print_the_context>, log_sql_query already registered for DAG: example_python_operator
[2023-12-21T16:42:39.189+0000] {logging_mixin.py:120} INFO - [2023-12-21T16:42:39.189+0000] {taskmixin.py:205} WARNING - Dependency <Task(_PythonDecoratedOperator): log_sql_query>, print_the_context already registered for DAG: example_python_operator
[2023-12-21T16:42:39.198+0000] {processor.py:766} INFO - DAG(s) dict_keys(['example_python_operator']) retrieved from /home/airflow/.local/lib/python3.7/site-packages/airflow/example_dags/example_python_operator.py
[2023-12-21T16:42:39.233+0000] {logging_mixin.py:120} INFO - [2023-12-21T16:42:39.233+0000] {dag.py:2585} INFO - Sync 1 DAGs
[2023-12-21T16:42:39.258+0000] {logging_mixin.py:120} INFO - [2023-12-21T16:42:39.258+0000] {dag.py:3340} INFO - Setting next_dagrun for example_python_operator to None, run_after=None
[2023-12-21T16:42:39.287+0000] {processor.py:176} INFO - Processing /home/airflow/.local/lib/python3.7/site-packages/airflow/example_dags/example_python_operator.py took 0.123 seconds
[2023-12-21T16:43:09.901+0000] {processor.py:154} INFO - Started process (PID=903) to work on /home/airflow/.local/lib/python3.7/site-packages/airflow/example_dags/example_python_operator.py
[2023-12-21T16:43:09.902+0000] {processor.py:756} INFO - Processing file /home/airflow/.local/lib/python3.7/site-packages/airflow/example_dags/example_python_operator.py for tasks to queue
[2023-12-21T16:43:09.902+0000] {logging_mixin.py:120} INFO - [2023-12-21T16:43:09.902+0000] {dagbag.py:537} INFO - Filling up the DagBag from /home/airflow/.local/lib/python3.7/site-packages/airflow/example_dags/example_python_operator.py
[2023-12-21T16:43:09.921+0000] {logging_mixin.py:120} INFO - [2023-12-21T16:43:09.921+0000] {taskmixin.py:205} WARNING - Dependency <Task(_PythonDecoratedOperator): print_the_context>, log_sql_query already registered for DAG: example_python_operator
[2023-12-21T16:43:09.921+0000] {logging_mixin.py:120} INFO - [2023-12-21T16:43:09.921+0000] {taskmixin.py:205} WARNING - Dependency <Task(_PythonDecoratedOperator): log_sql_query>, print_the_context already registered for DAG: example_python_operator
[2023-12-21T16:43:09.922+0000] {logging_mixin.py:120} INFO - [2023-12-21T16:43:09.922+0000] {taskmixin.py:205} WARNING - Dependency <Task(_PythonDecoratedOperator): print_the_context>, log_sql_query already registered for DAG: example_python_operator
[2023-12-21T16:43:09.922+0000] {logging_mixin.py:120} INFO - [2023-12-21T16:43:09.922+0000] {taskmixin.py:205} WARNING - Dependency <Task(_PythonDecoratedOperator): log_sql_query>, print_the_context already registered for DAG: example_python_operator
[2023-12-21T16:43:09.923+0000] {logging_mixin.py:120} INFO - [2023-12-21T16:43:09.923+0000] {taskmixin.py:205} WARNING - Dependency <Task(_PythonDecoratedOperator): print_the_context>, log_sql_query already registered for DAG: example_python_operator
[2023-12-21T16:43:09.924+0000] {logging_mixin.py:120} INFO - [2023-12-21T16:43:09.924+0000] {taskmixin.py:205} WARNING - Dependency <Task(_PythonDecoratedOperator): log_sql_query>, print_the_context already registered for DAG: example_python_operator
[2023-12-21T16:43:09.925+0000] {logging_mixin.py:120} INFO - [2023-12-21T16:43:09.924+0000] {taskmixin.py:205} WARNING - Dependency <Task(_PythonDecoratedOperator): print_the_context>, log_sql_query already registered for DAG: example_python_operator
[2023-12-21T16:43:09.925+0000] {logging_mixin.py:120} INFO - [2023-12-21T16:43:09.925+0000] {taskmixin.py:205} WARNING - Dependency <Task(_PythonDecoratedOperator): log_sql_query>, print_the_context already registered for DAG: example_python_operator
[2023-12-21T16:43:09.934+0000] {processor.py:766} INFO - DAG(s) dict_keys(['example_python_operator']) retrieved from /home/airflow/.local/lib/python3.7/site-packages/airflow/example_dags/example_python_operator.py
[2023-12-21T16:43:09.979+0000] {logging_mixin.py:120} INFO - [2023-12-21T16:43:09.978+0000] {dag.py:2585} INFO - Sync 1 DAGs
[2023-12-21T16:43:10.003+0000] {logging_mixin.py:120} INFO - [2023-12-21T16:43:10.001+0000] {dag.py:3340} INFO - Setting next_dagrun for example_python_operator to None, run_after=None
[2023-12-21T16:43:10.027+0000] {processor.py:176} INFO - Processing /home/airflow/.local/lib/python3.7/site-packages/airflow/example_dags/example_python_operator.py took 0.130 seconds
[2023-12-21T16:43:40.398+0000] {processor.py:154} INFO - Started process (PID=966) to work on /home/airflow/.local/lib/python3.7/site-packages/airflow/example_dags/example_python_operator.py
[2023-12-21T16:43:40.399+0000] {processor.py:756} INFO - Processing file /home/airflow/.local/lib/python3.7/site-packages/airflow/example_dags/example_python_operator.py for tasks to queue
[2023-12-21T16:43:40.399+0000] {logging_mixin.py:120} INFO - [2023-12-21T16:43:40.399+0000] {dagbag.py:537} INFO - Filling up the DagBag from /home/airflow/.local/lib/python3.7/site-packages/airflow/example_dags/example_python_operator.py
[2023-12-21T16:43:40.414+0000] {logging_mixin.py:120} INFO - [2023-12-21T16:43:40.414+0000] {taskmixin.py:205} WARNING - Dependency <Task(_PythonDecoratedOperator): print_the_context>, log_sql_query already registered for DAG: example_python_operator
[2023-12-21T16:43:40.414+0000] {logging_mixin.py:120} INFO - [2023-12-21T16:43:40.414+0000] {taskmixin.py:205} WARNING - Dependency <Task(_PythonDecoratedOperator): log_sql_query>, print_the_context already registered for DAG: example_python_operator
[2023-12-21T16:43:40.414+0000] {logging_mixin.py:120} INFO - [2023-12-21T16:43:40.414+0000] {taskmixin.py:205} WARNING - Dependency <Task(_PythonDecoratedOperator): print_the_context>, log_sql_query already registered for DAG: example_python_operator
[2023-12-21T16:43:40.415+0000] {logging_mixin.py:120} INFO - [2023-12-21T16:43:40.415+0000] {taskmixin.py:205} WARNING - Dependency <Task(_PythonDecoratedOperator): log_sql_query>, print_the_context already registered for DAG: example_python_operator
[2023-12-21T16:43:40.415+0000] {logging_mixin.py:120} INFO - [2023-12-21T16:43:40.415+0000] {taskmixin.py:205} WARNING - Dependency <Task(_PythonDecoratedOperator): print_the_context>, log_sql_query already registered for DAG: example_python_operator
[2023-12-21T16:43:40.415+0000] {logging_mixin.py:120} INFO - [2023-12-21T16:43:40.415+0000] {taskmixin.py:205} WARNING - Dependency <Task(_PythonDecoratedOperator): log_sql_query>, print_the_context already registered for DAG: example_python_operator
[2023-12-21T16:43:40.416+0000] {logging_mixin.py:120} INFO - [2023-12-21T16:43:40.416+0000] {taskmixin.py:205} WARNING - Dependency <Task(_PythonDecoratedOperator): print_the_context>, log_sql_query already registered for DAG: example_python_operator
[2023-12-21T16:43:40.416+0000] {logging_mixin.py:120} INFO - [2023-12-21T16:43:40.416+0000] {taskmixin.py:205} WARNING - Dependency <Task(_PythonDecoratedOperator): log_sql_query>, print_the_context already registered for DAG: example_python_operator
[2023-12-21T16:43:40.423+0000] {processor.py:766} INFO - DAG(s) dict_keys(['example_python_operator']) retrieved from /home/airflow/.local/lib/python3.7/site-packages/airflow/example_dags/example_python_operator.py
[2023-12-21T16:43:40.463+0000] {logging_mixin.py:120} INFO - [2023-12-21T16:43:40.463+0000] {dag.py:2585} INFO - Sync 1 DAGs
[2023-12-21T16:43:40.490+0000] {logging_mixin.py:120} INFO - [2023-12-21T16:43:40.490+0000] {dag.py:3340} INFO - Setting next_dagrun for example_python_operator to None, run_after=None
[2023-12-21T16:43:40.515+0000] {processor.py:176} INFO - Processing /home/airflow/.local/lib/python3.7/site-packages/airflow/example_dags/example_python_operator.py took 0.120 seconds
[2023-12-21T16:44:11.132+0000] {processor.py:154} INFO - Started process (PID=1029) to work on /home/airflow/.local/lib/python3.7/site-packages/airflow/example_dags/example_python_operator.py
[2023-12-21T16:44:11.133+0000] {processor.py:756} INFO - Processing file /home/airflow/.local/lib/python3.7/site-packages/airflow/example_dags/example_python_operator.py for tasks to queue
[2023-12-21T16:44:11.133+0000] {logging_mixin.py:120} INFO - [2023-12-21T16:44:11.133+0000] {dagbag.py:537} INFO - Filling up the DagBag from /home/airflow/.local/lib/python3.7/site-packages/airflow/example_dags/example_python_operator.py
[2023-12-21T16:44:11.149+0000] {logging_mixin.py:120} INFO - [2023-12-21T16:44:11.148+0000] {taskmixin.py:205} WARNING - Dependency <Task(_PythonDecoratedOperator): print_the_context>, log_sql_query already registered for DAG: example_python_operator
[2023-12-21T16:44:11.149+0000] {logging_mixin.py:120} INFO - [2023-12-21T16:44:11.149+0000] {taskmixin.py:205} WARNING - Dependency <Task(_PythonDecoratedOperator): log_sql_query>, print_the_context already registered for DAG: example_python_operator
[2023-12-21T16:44:11.149+0000] {logging_mixin.py:120} INFO - [2023-12-21T16:44:11.149+0000] {taskmixin.py:205} WARNING - Dependency <Task(_PythonDecoratedOperator): print_the_context>, log_sql_query already registered for DAG: example_python_operator
[2023-12-21T16:44:11.149+0000] {logging_mixin.py:120} INFO - [2023-12-21T16:44:11.149+0000] {taskmixin.py:205} WARNING - Dependency <Task(_PythonDecoratedOperator): log_sql_query>, print_the_context already registered for DAG: example_python_operator
[2023-12-21T16:44:11.150+0000] {logging_mixin.py:120} INFO - [2023-12-21T16:44:11.150+0000] {taskmixin.py:205} WARNING - Dependency <Task(_PythonDecoratedOperator): print_the_context>, log_sql_query already registered for DAG: example_python_operator
[2023-12-21T16:44:11.150+0000] {logging_mixin.py:120} INFO - [2023-12-21T16:44:11.150+0000] {taskmixin.py:205} WARNING - Dependency <Task(_PythonDecoratedOperator): log_sql_query>, print_the_context already registered for DAG: example_python_operator
[2023-12-21T16:44:11.151+0000] {logging_mixin.py:120} INFO - [2023-12-21T16:44:11.150+0000] {taskmixin.py:205} WARNING - Dependency <Task(_PythonDecoratedOperator): print_the_context>, log_sql_query already registered for DAG: example_python_operator
[2023-12-21T16:44:11.151+0000] {logging_mixin.py:120} INFO - [2023-12-21T16:44:11.151+0000] {taskmixin.py:205} WARNING - Dependency <Task(_PythonDecoratedOperator): log_sql_query>, print_the_context already registered for DAG: example_python_operator
[2023-12-21T16:44:11.157+0000] {processor.py:766} INFO - DAG(s) dict_keys(['example_python_operator']) retrieved from /home/airflow/.local/lib/python3.7/site-packages/airflow/example_dags/example_python_operator.py
[2023-12-21T16:44:11.194+0000] {logging_mixin.py:120} INFO - [2023-12-21T16:44:11.193+0000] {dag.py:2585} INFO - Sync 1 DAGs
[2023-12-21T16:44:11.213+0000] {logging_mixin.py:120} INFO - [2023-12-21T16:44:11.213+0000] {dag.py:3340} INFO - Setting next_dagrun for example_python_operator to None, run_after=None
[2023-12-21T16:44:11.234+0000] {processor.py:176} INFO - Processing /home/airflow/.local/lib/python3.7/site-packages/airflow/example_dags/example_python_operator.py took 0.105 seconds
[2023-12-21T16:44:41.974+0000] {processor.py:154} INFO - Started process (PID=1093) to work on /home/airflow/.local/lib/python3.7/site-packages/airflow/example_dags/example_python_operator.py
[2023-12-21T16:44:41.975+0000] {processor.py:756} INFO - Processing file /home/airflow/.local/lib/python3.7/site-packages/airflow/example_dags/example_python_operator.py for tasks to queue
[2023-12-21T16:44:41.976+0000] {logging_mixin.py:120} INFO - [2023-12-21T16:44:41.975+0000] {dagbag.py:537} INFO - Filling up the DagBag from /home/airflow/.local/lib/python3.7/site-packages/airflow/example_dags/example_python_operator.py
[2023-12-21T16:44:41.991+0000] {logging_mixin.py:120} INFO - [2023-12-21T16:44:41.991+0000] {taskmixin.py:205} WARNING - Dependency <Task(_PythonDecoratedOperator): print_the_context>, log_sql_query already registered for DAG: example_python_operator
[2023-12-21T16:44:41.991+0000] {logging_mixin.py:120} INFO - [2023-12-21T16:44:41.991+0000] {taskmixin.py:205} WARNING - Dependency <Task(_PythonDecoratedOperator): log_sql_query>, print_the_context already registered for DAG: example_python_operator
[2023-12-21T16:44:41.992+0000] {logging_mixin.py:120} INFO - [2023-12-21T16:44:41.992+0000] {taskmixin.py:205} WARNING - Dependency <Task(_PythonDecoratedOperator): print_the_context>, log_sql_query already registered for DAG: example_python_operator
[2023-12-21T16:44:41.992+0000] {logging_mixin.py:120} INFO - [2023-12-21T16:44:41.992+0000] {taskmixin.py:205} WARNING - Dependency <Task(_PythonDecoratedOperator): log_sql_query>, print_the_context already registered for DAG: example_python_operator
[2023-12-21T16:44:41.993+0000] {logging_mixin.py:120} INFO - [2023-12-21T16:44:41.993+0000] {taskmixin.py:205} WARNING - Dependency <Task(_PythonDecoratedOperator): print_the_context>, log_sql_query already registered for DAG: example_python_operator
[2023-12-21T16:44:41.993+0000] {logging_mixin.py:120} INFO - [2023-12-21T16:44:41.993+0000] {taskmixin.py:205} WARNING - Dependency <Task(_PythonDecoratedOperator): log_sql_query>, print_the_context already registered for DAG: example_python_operator
[2023-12-21T16:44:41.993+0000] {logging_mixin.py:120} INFO - [2023-12-21T16:44:41.993+0000] {taskmixin.py:205} WARNING - Dependency <Task(_PythonDecoratedOperator): print_the_context>, log_sql_query already registered for DAG: example_python_operator
[2023-12-21T16:44:41.994+0000] {logging_mixin.py:120} INFO - [2023-12-21T16:44:41.993+0000] {taskmixin.py:205} WARNING - Dependency <Task(_PythonDecoratedOperator): log_sql_query>, print_the_context already registered for DAG: example_python_operator
[2023-12-21T16:44:42.002+0000] {processor.py:766} INFO - DAG(s) dict_keys(['example_python_operator']) retrieved from /home/airflow/.local/lib/python3.7/site-packages/airflow/example_dags/example_python_operator.py
[2023-12-21T16:44:42.045+0000] {logging_mixin.py:120} INFO - [2023-12-21T16:44:42.045+0000] {dag.py:2585} INFO - Sync 1 DAGs
[2023-12-21T16:44:42.066+0000] {logging_mixin.py:120} INFO - [2023-12-21T16:44:42.066+0000] {dag.py:3340} INFO - Setting next_dagrun for example_python_operator to None, run_after=None
[2023-12-21T16:44:42.094+0000] {processor.py:176} INFO - Processing /home/airflow/.local/lib/python3.7/site-packages/airflow/example_dags/example_python_operator.py took 0.122 seconds
[2023-12-21T16:45:12.843+0000] {processor.py:154} INFO - Started process (PID=1147) to work on /home/airflow/.local/lib/python3.7/site-packages/airflow/example_dags/example_python_operator.py
[2023-12-21T16:45:12.843+0000] {processor.py:756} INFO - Processing file /home/airflow/.local/lib/python3.7/site-packages/airflow/example_dags/example_python_operator.py for tasks to queue
[2023-12-21T16:45:12.844+0000] {logging_mixin.py:120} INFO - [2023-12-21T16:45:12.844+0000] {dagbag.py:537} INFO - Filling up the DagBag from /home/airflow/.local/lib/python3.7/site-packages/airflow/example_dags/example_python_operator.py
[2023-12-21T16:45:12.874+0000] {logging_mixin.py:120} INFO - [2023-12-21T16:45:12.874+0000] {taskmixin.py:205} WARNING - Dependency <Task(_PythonDecoratedOperator): print_the_context>, log_sql_query already registered for DAG: example_python_operator
[2023-12-21T16:45:12.875+0000] {logging_mixin.py:120} INFO - [2023-12-21T16:45:12.875+0000] {taskmixin.py:205} WARNING - Dependency <Task(_PythonDecoratedOperator): log_sql_query>, print_the_context already registered for DAG: example_python_operator
[2023-12-21T16:45:12.875+0000] {logging_mixin.py:120} INFO - [2023-12-21T16:45:12.875+0000] {taskmixin.py:205} WARNING - Dependency <Task(_PythonDecoratedOperator): print_the_context>, log_sql_query already registered for DAG: example_python_operator
[2023-12-21T16:45:12.876+0000] {logging_mixin.py:120} INFO - [2023-12-21T16:45:12.876+0000] {taskmixin.py:205} WARNING - Dependency <Task(_PythonDecoratedOperator): log_sql_query>, print_the_context already registered for DAG: example_python_operator
[2023-12-21T16:45:12.877+0000] {logging_mixin.py:120} INFO - [2023-12-21T16:45:12.876+0000] {taskmixin.py:205} WARNING - Dependency <Task(_PythonDecoratedOperator): print_the_context>, log_sql_query already registered for DAG: example_python_operator
[2023-12-21T16:45:12.877+0000] {logging_mixin.py:120} INFO - [2023-12-21T16:45:12.877+0000] {taskmixin.py:205} WARNING - Dependency <Task(_PythonDecoratedOperator): log_sql_query>, print_the_context already registered for DAG: example_python_operator
[2023-12-21T16:45:12.878+0000] {logging_mixin.py:120} INFO - [2023-12-21T16:45:12.877+0000] {taskmixin.py:205} WARNING - Dependency <Task(_PythonDecoratedOperator): print_the_context>, log_sql_query already registered for DAG: example_python_operator
[2023-12-21T16:45:12.878+0000] {logging_mixin.py:120} INFO - [2023-12-21T16:45:12.878+0000] {taskmixin.py:205} WARNING - Dependency <Task(_PythonDecoratedOperator): log_sql_query>, print_the_context already registered for DAG: example_python_operator
[2023-12-21T16:45:12.887+0000] {processor.py:766} INFO - DAG(s) dict_keys(['example_python_operator']) retrieved from /home/airflow/.local/lib/python3.7/site-packages/airflow/example_dags/example_python_operator.py
[2023-12-21T16:45:12.950+0000] {logging_mixin.py:120} INFO - [2023-12-21T16:45:12.949+0000] {dag.py:2585} INFO - Sync 1 DAGs
[2023-12-21T16:45:12.988+0000] {logging_mixin.py:120} INFO - [2023-12-21T16:45:12.988+0000] {dag.py:3340} INFO - Setting next_dagrun for example_python_operator to None, run_after=None
[2023-12-21T16:45:13.016+0000] {processor.py:176} INFO - Processing /home/airflow/.local/lib/python3.7/site-packages/airflow/example_dags/example_python_operator.py took 0.178 seconds
[2023-12-21T16:45:43.382+0000] {processor.py:154} INFO - Started process (PID=1209) to work on /home/airflow/.local/lib/python3.7/site-packages/airflow/example_dags/example_python_operator.py
[2023-12-21T16:45:43.383+0000] {processor.py:756} INFO - Processing file /home/airflow/.local/lib/python3.7/site-packages/airflow/example_dags/example_python_operator.py for tasks to queue
[2023-12-21T16:45:43.383+0000] {logging_mixin.py:120} INFO - [2023-12-21T16:45:43.383+0000] {dagbag.py:537} INFO - Filling up the DagBag from /home/airflow/.local/lib/python3.7/site-packages/airflow/example_dags/example_python_operator.py
[2023-12-21T16:45:43.402+0000] {logging_mixin.py:120} INFO - [2023-12-21T16:45:43.401+0000] {taskmixin.py:205} WARNING - Dependency <Task(_PythonDecoratedOperator): print_the_context>, log_sql_query already registered for DAG: example_python_operator
[2023-12-21T16:45:43.402+0000] {logging_mixin.py:120} INFO - [2023-12-21T16:45:43.402+0000] {taskmixin.py:205} WARNING - Dependency <Task(_PythonDecoratedOperator): log_sql_query>, print_the_context already registered for DAG: example_python_operator
[2023-12-21T16:45:43.403+0000] {logging_mixin.py:120} INFO - [2023-12-21T16:45:43.403+0000] {taskmixin.py:205} WARNING - Dependency <Task(_PythonDecoratedOperator): print_the_context>, log_sql_query already registered for DAG: example_python_operator
[2023-12-21T16:45:43.403+0000] {logging_mixin.py:120} INFO - [2023-12-21T16:45:43.403+0000] {taskmixin.py:205} WARNING - Dependency <Task(_PythonDecoratedOperator): log_sql_query>, print_the_context already registered for DAG: example_python_operator
[2023-12-21T16:45:43.404+0000] {logging_mixin.py:120} INFO - [2023-12-21T16:45:43.404+0000] {taskmixin.py:205} WARNING - Dependency <Task(_PythonDecoratedOperator): print_the_context>, log_sql_query already registered for DAG: example_python_operator
[2023-12-21T16:45:43.404+0000] {logging_mixin.py:120} INFO - [2023-12-21T16:45:43.404+0000] {taskmixin.py:205} WARNING - Dependency <Task(_PythonDecoratedOperator): log_sql_query>, print_the_context already registered for DAG: example_python_operator
[2023-12-21T16:45:43.405+0000] {logging_mixin.py:120} INFO - [2023-12-21T16:45:43.405+0000] {taskmixin.py:205} WARNING - Dependency <Task(_PythonDecoratedOperator): print_the_context>, log_sql_query already registered for DAG: example_python_operator
[2023-12-21T16:45:43.405+0000] {logging_mixin.py:120} INFO - [2023-12-21T16:45:43.405+0000] {taskmixin.py:205} WARNING - Dependency <Task(_PythonDecoratedOperator): log_sql_query>, print_the_context already registered for DAG: example_python_operator
[2023-12-21T16:45:43.415+0000] {processor.py:766} INFO - DAG(s) dict_keys(['example_python_operator']) retrieved from /home/airflow/.local/lib/python3.7/site-packages/airflow/example_dags/example_python_operator.py
[2023-12-21T16:45:43.453+0000] {logging_mixin.py:120} INFO - [2023-12-21T16:45:43.453+0000] {dag.py:2585} INFO - Sync 1 DAGs
[2023-12-21T16:45:43.474+0000] {logging_mixin.py:120} INFO - [2023-12-21T16:45:43.474+0000] {dag.py:3340} INFO - Setting next_dagrun for example_python_operator to None, run_after=None
[2023-12-21T16:45:43.497+0000] {processor.py:176} INFO - Processing /home/airflow/.local/lib/python3.7/site-packages/airflow/example_dags/example_python_operator.py took 0.117 seconds
[2023-12-21T16:46:14.235+0000] {processor.py:154} INFO - Started process (PID=1272) to work on /home/airflow/.local/lib/python3.7/site-packages/airflow/example_dags/example_python_operator.py
[2023-12-21T16:46:14.235+0000] {processor.py:756} INFO - Processing file /home/airflow/.local/lib/python3.7/site-packages/airflow/example_dags/example_python_operator.py for tasks to queue
[2023-12-21T16:46:14.236+0000] {logging_mixin.py:120} INFO - [2023-12-21T16:46:14.236+0000] {dagbag.py:537} INFO - Filling up the DagBag from /home/airflow/.local/lib/python3.7/site-packages/airflow/example_dags/example_python_operator.py
[2023-12-21T16:46:14.249+0000] {logging_mixin.py:120} INFO - [2023-12-21T16:46:14.249+0000] {taskmixin.py:205} WARNING - Dependency <Task(_PythonDecoratedOperator): print_the_context>, log_sql_query already registered for DAG: example_python_operator
[2023-12-21T16:46:14.249+0000] {logging_mixin.py:120} INFO - [2023-12-21T16:46:14.249+0000] {taskmixin.py:205} WARNING - Dependency <Task(_PythonDecoratedOperator): log_sql_query>, print_the_context already registered for DAG: example_python_operator
[2023-12-21T16:46:14.250+0000] {logging_mixin.py:120} INFO - [2023-12-21T16:46:14.250+0000] {taskmixin.py:205} WARNING - Dependency <Task(_PythonDecoratedOperator): print_the_context>, log_sql_query already registered for DAG: example_python_operator
[2023-12-21T16:46:14.250+0000] {logging_mixin.py:120} INFO - [2023-12-21T16:46:14.250+0000] {taskmixin.py:205} WARNING - Dependency <Task(_PythonDecoratedOperator): log_sql_query>, print_the_context already registered for DAG: example_python_operator
[2023-12-21T16:46:14.250+0000] {logging_mixin.py:120} INFO - [2023-12-21T16:46:14.250+0000] {taskmixin.py:205} WARNING - Dependency <Task(_PythonDecoratedOperator): print_the_context>, log_sql_query already registered for DAG: example_python_operator
[2023-12-21T16:46:14.251+0000] {logging_mixin.py:120} INFO - [2023-12-21T16:46:14.251+0000] {taskmixin.py:205} WARNING - Dependency <Task(_PythonDecoratedOperator): log_sql_query>, print_the_context already registered for DAG: example_python_operator
[2023-12-21T16:46:14.251+0000] {logging_mixin.py:120} INFO - [2023-12-21T16:46:14.251+0000] {taskmixin.py:205} WARNING - Dependency <Task(_PythonDecoratedOperator): print_the_context>, log_sql_query already registered for DAG: example_python_operator
[2023-12-21T16:46:14.251+0000] {logging_mixin.py:120} INFO - [2023-12-21T16:46:14.251+0000] {taskmixin.py:205} WARNING - Dependency <Task(_PythonDecoratedOperator): log_sql_query>, print_the_context already registered for DAG: example_python_operator
[2023-12-21T16:46:14.258+0000] {processor.py:766} INFO - DAG(s) dict_keys(['example_python_operator']) retrieved from /home/airflow/.local/lib/python3.7/site-packages/airflow/example_dags/example_python_operator.py
[2023-12-21T16:46:14.293+0000] {logging_mixin.py:120} INFO - [2023-12-21T16:46:14.293+0000] {dag.py:2585} INFO - Sync 1 DAGs
[2023-12-21T16:46:14.313+0000] {logging_mixin.py:120} INFO - [2023-12-21T16:46:14.313+0000] {dag.py:3340} INFO - Setting next_dagrun for example_python_operator to None, run_after=None
[2023-12-21T16:46:14.334+0000] {processor.py:176} INFO - Processing /home/airflow/.local/lib/python3.7/site-packages/airflow/example_dags/example_python_operator.py took 0.101 seconds
[2023-12-21T16:46:45.112+0000] {processor.py:154} INFO - Started process (PID=1332) to work on /home/airflow/.local/lib/python3.7/site-packages/airflow/example_dags/example_python_operator.py
[2023-12-21T16:46:45.113+0000] {processor.py:756} INFO - Processing file /home/airflow/.local/lib/python3.7/site-packages/airflow/example_dags/example_python_operator.py for tasks to queue
[2023-12-21T16:46:45.113+0000] {logging_mixin.py:120} INFO - [2023-12-21T16:46:45.113+0000] {dagbag.py:537} INFO - Filling up the DagBag from /home/airflow/.local/lib/python3.7/site-packages/airflow/example_dags/example_python_operator.py
[2023-12-21T16:46:45.133+0000] {logging_mixin.py:120} INFO - [2023-12-21T16:46:45.133+0000] {taskmixin.py:205} WARNING - Dependency <Task(_PythonDecoratedOperator): print_the_context>, log_sql_query already registered for DAG: example_python_operator
[2023-12-21T16:46:45.133+0000] {logging_mixin.py:120} INFO - [2023-12-21T16:46:45.133+0000] {taskmixin.py:205} WARNING - Dependency <Task(_PythonDecoratedOperator): log_sql_query>, print_the_context already registered for DAG: example_python_operator
[2023-12-21T16:46:45.134+0000] {logging_mixin.py:120} INFO - [2023-12-21T16:46:45.134+0000] {taskmixin.py:205} WARNING - Dependency <Task(_PythonDecoratedOperator): print_the_context>, log_sql_query already registered for DAG: example_python_operator
[2023-12-21T16:46:45.134+0000] {logging_mixin.py:120} INFO - [2023-12-21T16:46:45.134+0000] {taskmixin.py:205} WARNING - Dependency <Task(_PythonDecoratedOperator): log_sql_query>, print_the_context already registered for DAG: example_python_operator
[2023-12-21T16:46:45.135+0000] {logging_mixin.py:120} INFO - [2023-12-21T16:46:45.135+0000] {taskmixin.py:205} WARNING - Dependency <Task(_PythonDecoratedOperator): print_the_context>, log_sql_query already registered for DAG: example_python_operator
[2023-12-21T16:46:45.135+0000] {logging_mixin.py:120} INFO - [2023-12-21T16:46:45.135+0000] {taskmixin.py:205} WARNING - Dependency <Task(_PythonDecoratedOperator): log_sql_query>, print_the_context already registered for DAG: example_python_operator
[2023-12-21T16:46:45.136+0000] {logging_mixin.py:120} INFO - [2023-12-21T16:46:45.136+0000] {taskmixin.py:205} WARNING - Dependency <Task(_PythonDecoratedOperator): print_the_context>, log_sql_query already registered for DAG: example_python_operator
[2023-12-21T16:46:45.136+0000] {logging_mixin.py:120} INFO - [2023-12-21T16:46:45.136+0000] {taskmixin.py:205} WARNING - Dependency <Task(_PythonDecoratedOperator): log_sql_query>, print_the_context already registered for DAG: example_python_operator
[2023-12-21T16:46:45.146+0000] {processor.py:766} INFO - DAG(s) dict_keys(['example_python_operator']) retrieved from /home/airflow/.local/lib/python3.7/site-packages/airflow/example_dags/example_python_operator.py
[2023-12-21T16:46:45.188+0000] {logging_mixin.py:120} INFO - [2023-12-21T16:46:45.188+0000] {dag.py:2585} INFO - Sync 1 DAGs
[2023-12-21T16:46:45.221+0000] {logging_mixin.py:120} INFO - [2023-12-21T16:46:45.221+0000] {dag.py:3340} INFO - Setting next_dagrun for example_python_operator to None, run_after=None
[2023-12-21T16:46:45.251+0000] {processor.py:176} INFO - Processing /home/airflow/.local/lib/python3.7/site-packages/airflow/example_dags/example_python_operator.py took 0.143 seconds
[2023-12-21T16:47:15.297+0000] {processor.py:154} INFO - Started process (PID=1388) to work on /home/airflow/.local/lib/python3.7/site-packages/airflow/example_dags/example_python_operator.py
[2023-12-21T16:47:15.298+0000] {processor.py:756} INFO - Processing file /home/airflow/.local/lib/python3.7/site-packages/airflow/example_dags/example_python_operator.py for tasks to queue
[2023-12-21T16:47:15.298+0000] {logging_mixin.py:120} INFO - [2023-12-21T16:47:15.298+0000] {dagbag.py:537} INFO - Filling up the DagBag from /home/airflow/.local/lib/python3.7/site-packages/airflow/example_dags/example_python_operator.py
[2023-12-21T16:47:15.311+0000] {logging_mixin.py:120} INFO - [2023-12-21T16:47:15.311+0000] {taskmixin.py:205} WARNING - Dependency <Task(_PythonDecoratedOperator): print_the_context>, log_sql_query already registered for DAG: example_python_operator
[2023-12-21T16:47:15.312+0000] {logging_mixin.py:120} INFO - [2023-12-21T16:47:15.311+0000] {taskmixin.py:205} WARNING - Dependency <Task(_PythonDecoratedOperator): log_sql_query>, print_the_context already registered for DAG: example_python_operator
[2023-12-21T16:47:15.312+0000] {logging_mixin.py:120} INFO - [2023-12-21T16:47:15.312+0000] {taskmixin.py:205} WARNING - Dependency <Task(_PythonDecoratedOperator): print_the_context>, log_sql_query already registered for DAG: example_python_operator
[2023-12-21T16:47:15.312+0000] {logging_mixin.py:120} INFO - [2023-12-21T16:47:15.312+0000] {taskmixin.py:205} WARNING - Dependency <Task(_PythonDecoratedOperator): log_sql_query>, print_the_context already registered for DAG: example_python_operator
[2023-12-21T16:47:15.313+0000] {logging_mixin.py:120} INFO - [2023-12-21T16:47:15.313+0000] {taskmixin.py:205} WARNING - Dependency <Task(_PythonDecoratedOperator): print_the_context>, log_sql_query already registered for DAG: example_python_operator
[2023-12-21T16:47:15.313+0000] {logging_mixin.py:120} INFO - [2023-12-21T16:47:15.313+0000] {taskmixin.py:205} WARNING - Dependency <Task(_PythonDecoratedOperator): log_sql_query>, print_the_context already registered for DAG: example_python_operator
[2023-12-21T16:47:15.314+0000] {logging_mixin.py:120} INFO - [2023-12-21T16:47:15.314+0000] {taskmixin.py:205} WARNING - Dependency <Task(_PythonDecoratedOperator): print_the_context>, log_sql_query already registered for DAG: example_python_operator
[2023-12-21T16:47:15.314+0000] {logging_mixin.py:120} INFO - [2023-12-21T16:47:15.314+0000] {taskmixin.py:205} WARNING - Dependency <Task(_PythonDecoratedOperator): log_sql_query>, print_the_context already registered for DAG: example_python_operator
[2023-12-21T16:47:15.321+0000] {processor.py:766} INFO - DAG(s) dict_keys(['example_python_operator']) retrieved from /home/airflow/.local/lib/python3.7/site-packages/airflow/example_dags/example_python_operator.py
[2023-12-21T16:47:15.359+0000] {logging_mixin.py:120} INFO - [2023-12-21T16:47:15.358+0000] {dag.py:2585} INFO - Sync 1 DAGs
[2023-12-21T16:47:15.383+0000] {logging_mixin.py:120} INFO - [2023-12-21T16:47:15.383+0000] {dag.py:3340} INFO - Setting next_dagrun for example_python_operator to None, run_after=None
[2023-12-21T16:47:15.406+0000] {processor.py:176} INFO - Processing /home/airflow/.local/lib/python3.7/site-packages/airflow/example_dags/example_python_operator.py took 0.111 seconds
