[2023-12-21T16:35:58.715+0000] {processor.py:154} INFO - Started process (PID=51) to work on /home/airflow/.local/lib/python3.7/site-packages/airflow/example_dags/example_time_delta_sensor_async.py
[2023-12-21T16:35:58.716+0000] {processor.py:756} INFO - Processing file /home/airflow/.local/lib/python3.7/site-packages/airflow/example_dags/example_time_delta_sensor_async.py for tasks to queue
[2023-12-21T16:35:58.716+0000] {logging_mixin.py:120} INFO - [2023-12-21T16:35:58.716+0000] {dagbag.py:537} INFO - Filling up the DagBag from /home/airflow/.local/lib/python3.7/site-packages/airflow/example_dags/example_time_delta_sensor_async.py
[2023-12-21T16:35:58.731+0000] {processor.py:766} INFO - DAG(s) dict_keys(['example_time_delta_sensor_async']) retrieved from /home/airflow/.local/lib/python3.7/site-packages/airflow/example_dags/example_time_delta_sensor_async.py
[2023-12-21T16:35:59.151+0000] {logging_mixin.py:120} INFO - [2023-12-21T16:35:59.151+0000] {manager.py:507} INFO - Created Permission View: can read on DAG:example_time_delta_sensor_async
[2023-12-21T16:35:59.170+0000] {logging_mixin.py:120} INFO - [2023-12-21T16:35:59.170+0000] {manager.py:507} INFO - Created Permission View: can delete on DAG:example_time_delta_sensor_async
[2023-12-21T16:35:59.195+0000] {logging_mixin.py:120} INFO - [2023-12-21T16:35:59.195+0000] {manager.py:507} INFO - Created Permission View: can edit on DAG:example_time_delta_sensor_async
[2023-12-21T16:35:59.195+0000] {logging_mixin.py:120} INFO - [2023-12-21T16:35:59.195+0000] {dag.py:2585} INFO - Sync 1 DAGs
[2023-12-21T16:35:59.213+0000] {logging_mixin.py:120} INFO - [2023-12-21T16:35:59.213+0000] {dag.py:2606} INFO - Creating ORM DAG for example_time_delta_sensor_async
[2023-12-21T16:35:59.228+0000] {logging_mixin.py:120} INFO - [2023-12-21T16:35:59.227+0000] {dag.py:3340} INFO - Setting next_dagrun for example_time_delta_sensor_async to None, run_after=None
[2023-12-21T16:35:59.249+0000] {processor.py:176} INFO - Processing /home/airflow/.local/lib/python3.7/site-packages/airflow/example_dags/example_time_delta_sensor_async.py took 0.537 seconds
[2023-12-21T16:36:30.162+0000] {processor.py:154} INFO - Started process (PID=114) to work on /home/airflow/.local/lib/python3.7/site-packages/airflow/example_dags/example_time_delta_sensor_async.py
[2023-12-21T16:36:30.163+0000] {processor.py:756} INFO - Processing file /home/airflow/.local/lib/python3.7/site-packages/airflow/example_dags/example_time_delta_sensor_async.py for tasks to queue
[2023-12-21T16:36:30.164+0000] {logging_mixin.py:120} INFO - [2023-12-21T16:36:30.164+0000] {dagbag.py:537} INFO - Filling up the DagBag from /home/airflow/.local/lib/python3.7/site-packages/airflow/example_dags/example_time_delta_sensor_async.py
[2023-12-21T16:36:30.178+0000] {processor.py:766} INFO - DAG(s) dict_keys(['example_time_delta_sensor_async']) retrieved from /home/airflow/.local/lib/python3.7/site-packages/airflow/example_dags/example_time_delta_sensor_async.py
[2023-12-21T16:36:30.464+0000] {logging_mixin.py:120} INFO - [2023-12-21T16:36:30.464+0000] {dag.py:2585} INFO - Sync 1 DAGs
[2023-12-21T16:36:30.497+0000] {logging_mixin.py:120} INFO - [2023-12-21T16:36:30.497+0000] {dag.py:3340} INFO - Setting next_dagrun for example_time_delta_sensor_async to None, run_after=None
[2023-12-21T16:36:30.520+0000] {processor.py:176} INFO - Processing /home/airflow/.local/lib/python3.7/site-packages/airflow/example_dags/example_time_delta_sensor_async.py took 0.361 seconds
[2023-12-21T16:37:01.005+0000] {processor.py:154} INFO - Started process (PID=169) to work on /home/airflow/.local/lib/python3.7/site-packages/airflow/example_dags/example_time_delta_sensor_async.py
[2023-12-21T16:37:01.005+0000] {processor.py:756} INFO - Processing file /home/airflow/.local/lib/python3.7/site-packages/airflow/example_dags/example_time_delta_sensor_async.py for tasks to queue
[2023-12-21T16:37:01.006+0000] {logging_mixin.py:120} INFO - [2023-12-21T16:37:01.006+0000] {dagbag.py:537} INFO - Filling up the DagBag from /home/airflow/.local/lib/python3.7/site-packages/airflow/example_dags/example_time_delta_sensor_async.py
[2023-12-21T16:37:01.018+0000] {processor.py:766} INFO - DAG(s) dict_keys(['example_time_delta_sensor_async']) retrieved from /home/airflow/.local/lib/python3.7/site-packages/airflow/example_dags/example_time_delta_sensor_async.py
[2023-12-21T16:37:01.229+0000] {logging_mixin.py:120} INFO - [2023-12-21T16:37:01.228+0000] {dag.py:2585} INFO - Sync 1 DAGs
[2023-12-21T16:37:01.249+0000] {logging_mixin.py:120} INFO - [2023-12-21T16:37:01.249+0000] {dag.py:3340} INFO - Setting next_dagrun for example_time_delta_sensor_async to None, run_after=None
[2023-12-21T16:37:01.270+0000] {processor.py:176} INFO - Processing /home/airflow/.local/lib/python3.7/site-packages/airflow/example_dags/example_time_delta_sensor_async.py took 0.269 seconds
[2023-12-21T16:37:31.821+0000] {processor.py:154} INFO - Started process (PID=232) to work on /home/airflow/.local/lib/python3.7/site-packages/airflow/example_dags/example_time_delta_sensor_async.py
[2023-12-21T16:37:31.821+0000] {processor.py:756} INFO - Processing file /home/airflow/.local/lib/python3.7/site-packages/airflow/example_dags/example_time_delta_sensor_async.py for tasks to queue
[2023-12-21T16:37:31.822+0000] {logging_mixin.py:120} INFO - [2023-12-21T16:37:31.822+0000] {dagbag.py:537} INFO - Filling up the DagBag from /home/airflow/.local/lib/python3.7/site-packages/airflow/example_dags/example_time_delta_sensor_async.py
[2023-12-21T16:37:31.832+0000] {processor.py:766} INFO - DAG(s) dict_keys(['example_time_delta_sensor_async']) retrieved from /home/airflow/.local/lib/python3.7/site-packages/airflow/example_dags/example_time_delta_sensor_async.py
[2023-12-21T16:37:31.996+0000] {logging_mixin.py:120} INFO - [2023-12-21T16:37:31.996+0000] {dag.py:2585} INFO - Sync 1 DAGs
[2023-12-21T16:37:32.017+0000] {logging_mixin.py:120} INFO - [2023-12-21T16:37:32.017+0000] {dag.py:3340} INFO - Setting next_dagrun for example_time_delta_sensor_async to None, run_after=None
[2023-12-21T16:37:32.038+0000] {processor.py:176} INFO - Processing /home/airflow/.local/lib/python3.7/site-packages/airflow/example_dags/example_time_delta_sensor_async.py took 0.220 seconds
[2023-12-21T16:38:02.546+0000] {processor.py:154} INFO - Started process (PID=296) to work on /home/airflow/.local/lib/python3.7/site-packages/airflow/example_dags/example_time_delta_sensor_async.py
[2023-12-21T16:38:02.547+0000] {processor.py:756} INFO - Processing file /home/airflow/.local/lib/python3.7/site-packages/airflow/example_dags/example_time_delta_sensor_async.py for tasks to queue
[2023-12-21T16:38:02.547+0000] {logging_mixin.py:120} INFO - [2023-12-21T16:38:02.547+0000] {dagbag.py:537} INFO - Filling up the DagBag from /home/airflow/.local/lib/python3.7/site-packages/airflow/example_dags/example_time_delta_sensor_async.py
[2023-12-21T16:38:02.558+0000] {processor.py:766} INFO - DAG(s) dict_keys(['example_time_delta_sensor_async']) retrieved from /home/airflow/.local/lib/python3.7/site-packages/airflow/example_dags/example_time_delta_sensor_async.py
[2023-12-21T16:38:02.747+0000] {logging_mixin.py:120} INFO - [2023-12-21T16:38:02.747+0000] {dag.py:2585} INFO - Sync 1 DAGs
[2023-12-21T16:38:02.770+0000] {logging_mixin.py:120} INFO - [2023-12-21T16:38:02.770+0000] {dag.py:3340} INFO - Setting next_dagrun for example_time_delta_sensor_async to None, run_after=None
[2023-12-21T16:38:02.796+0000] {processor.py:176} INFO - Processing /home/airflow/.local/lib/python3.7/site-packages/airflow/example_dags/example_time_delta_sensor_async.py took 0.252 seconds
[2023-12-21T16:38:33.462+0000] {processor.py:154} INFO - Started process (PID=359) to work on /home/airflow/.local/lib/python3.7/site-packages/airflow/example_dags/example_time_delta_sensor_async.py
[2023-12-21T16:38:33.463+0000] {processor.py:756} INFO - Processing file /home/airflow/.local/lib/python3.7/site-packages/airflow/example_dags/example_time_delta_sensor_async.py for tasks to queue
[2023-12-21T16:38:33.463+0000] {logging_mixin.py:120} INFO - [2023-12-21T16:38:33.463+0000] {dagbag.py:537} INFO - Filling up the DagBag from /home/airflow/.local/lib/python3.7/site-packages/airflow/example_dags/example_time_delta_sensor_async.py
[2023-12-21T16:38:33.475+0000] {processor.py:766} INFO - DAG(s) dict_keys(['example_time_delta_sensor_async']) retrieved from /home/airflow/.local/lib/python3.7/site-packages/airflow/example_dags/example_time_delta_sensor_async.py
[2023-12-21T16:38:33.665+0000] {logging_mixin.py:120} INFO - [2023-12-21T16:38:33.665+0000] {dag.py:2585} INFO - Sync 1 DAGs
[2023-12-21T16:38:33.687+0000] {logging_mixin.py:120} INFO - [2023-12-21T16:38:33.687+0000] {dag.py:3340} INFO - Setting next_dagrun for example_time_delta_sensor_async to None, run_after=None
[2023-12-21T16:38:33.718+0000] {processor.py:176} INFO - Processing /home/airflow/.local/lib/python3.7/site-packages/airflow/example_dags/example_time_delta_sensor_async.py took 0.259 seconds
[2023-12-21T16:39:03.761+0000] {processor.py:154} INFO - Started process (PID=413) to work on /home/airflow/.local/lib/python3.7/site-packages/airflow/example_dags/example_time_delta_sensor_async.py
[2023-12-21T16:39:03.762+0000] {processor.py:756} INFO - Processing file /home/airflow/.local/lib/python3.7/site-packages/airflow/example_dags/example_time_delta_sensor_async.py for tasks to queue
[2023-12-21T16:39:03.762+0000] {logging_mixin.py:120} INFO - [2023-12-21T16:39:03.762+0000] {dagbag.py:537} INFO - Filling up the DagBag from /home/airflow/.local/lib/python3.7/site-packages/airflow/example_dags/example_time_delta_sensor_async.py
[2023-12-21T16:39:03.773+0000] {processor.py:766} INFO - DAG(s) dict_keys(['example_time_delta_sensor_async']) retrieved from /home/airflow/.local/lib/python3.7/site-packages/airflow/example_dags/example_time_delta_sensor_async.py
[2023-12-21T16:39:04.013+0000] {logging_mixin.py:120} INFO - [2023-12-21T16:39:04.013+0000] {dag.py:2585} INFO - Sync 1 DAGs
[2023-12-21T16:39:04.044+0000] {logging_mixin.py:120} INFO - [2023-12-21T16:39:04.043+0000] {dag.py:3340} INFO - Setting next_dagrun for example_time_delta_sensor_async to None, run_after=None
[2023-12-21T16:39:04.068+0000] {processor.py:176} INFO - Processing /home/airflow/.local/lib/python3.7/site-packages/airflow/example_dags/example_time_delta_sensor_async.py took 0.309 seconds
[2023-12-21T16:39:34.561+0000] {processor.py:154} INFO - Started process (PID=476) to work on /home/airflow/.local/lib/python3.7/site-packages/airflow/example_dags/example_time_delta_sensor_async.py
[2023-12-21T16:39:34.562+0000] {processor.py:756} INFO - Processing file /home/airflow/.local/lib/python3.7/site-packages/airflow/example_dags/example_time_delta_sensor_async.py for tasks to queue
[2023-12-21T16:39:34.562+0000] {logging_mixin.py:120} INFO - [2023-12-21T16:39:34.562+0000] {dagbag.py:537} INFO - Filling up the DagBag from /home/airflow/.local/lib/python3.7/site-packages/airflow/example_dags/example_time_delta_sensor_async.py
[2023-12-21T16:39:34.574+0000] {processor.py:766} INFO - DAG(s) dict_keys(['example_time_delta_sensor_async']) retrieved from /home/airflow/.local/lib/python3.7/site-packages/airflow/example_dags/example_time_delta_sensor_async.py
[2023-12-21T16:39:34.796+0000] {logging_mixin.py:120} INFO - [2023-12-21T16:39:34.796+0000] {dag.py:2585} INFO - Sync 1 DAGs
[2023-12-21T16:39:34.823+0000] {logging_mixin.py:120} INFO - [2023-12-21T16:39:34.823+0000] {dag.py:3340} INFO - Setting next_dagrun for example_time_delta_sensor_async to None, run_after=None
[2023-12-21T16:39:34.844+0000] {processor.py:176} INFO - Processing /home/airflow/.local/lib/python3.7/site-packages/airflow/example_dags/example_time_delta_sensor_async.py took 0.286 seconds
[2023-12-21T16:40:05.170+0000] {processor.py:154} INFO - Started process (PID=539) to work on /home/airflow/.local/lib/python3.7/site-packages/airflow/example_dags/example_time_delta_sensor_async.py
[2023-12-21T16:40:05.171+0000] {processor.py:756} INFO - Processing file /home/airflow/.local/lib/python3.7/site-packages/airflow/example_dags/example_time_delta_sensor_async.py for tasks to queue
[2023-12-21T16:40:05.171+0000] {logging_mixin.py:120} INFO - [2023-12-21T16:40:05.171+0000] {dagbag.py:537} INFO - Filling up the DagBag from /home/airflow/.local/lib/python3.7/site-packages/airflow/example_dags/example_time_delta_sensor_async.py
[2023-12-21T16:40:05.183+0000] {processor.py:766} INFO - DAG(s) dict_keys(['example_time_delta_sensor_async']) retrieved from /home/airflow/.local/lib/python3.7/site-packages/airflow/example_dags/example_time_delta_sensor_async.py
[2023-12-21T16:40:05.350+0000] {logging_mixin.py:120} INFO - [2023-12-21T16:40:05.350+0000] {dag.py:2585} INFO - Sync 1 DAGs
[2023-12-21T16:40:05.369+0000] {logging_mixin.py:120} INFO - [2023-12-21T16:40:05.369+0000] {dag.py:3340} INFO - Setting next_dagrun for example_time_delta_sensor_async to None, run_after=None
[2023-12-21T16:40:05.389+0000] {processor.py:176} INFO - Processing /home/airflow/.local/lib/python3.7/site-packages/airflow/example_dags/example_time_delta_sensor_async.py took 0.221 seconds
[2023-12-21T16:40:35.802+0000] {processor.py:154} INFO - Started process (PID=602) to work on /home/airflow/.local/lib/python3.7/site-packages/airflow/example_dags/example_time_delta_sensor_async.py
[2023-12-21T16:40:35.803+0000] {processor.py:756} INFO - Processing file /home/airflow/.local/lib/python3.7/site-packages/airflow/example_dags/example_time_delta_sensor_async.py for tasks to queue
[2023-12-21T16:40:35.804+0000] {logging_mixin.py:120} INFO - [2023-12-21T16:40:35.804+0000] {dagbag.py:537} INFO - Filling up the DagBag from /home/airflow/.local/lib/python3.7/site-packages/airflow/example_dags/example_time_delta_sensor_async.py
[2023-12-21T16:40:35.818+0000] {processor.py:766} INFO - DAG(s) dict_keys(['example_time_delta_sensor_async']) retrieved from /home/airflow/.local/lib/python3.7/site-packages/airflow/example_dags/example_time_delta_sensor_async.py
[2023-12-21T16:40:36.025+0000] {logging_mixin.py:120} INFO - [2023-12-21T16:40:36.024+0000] {dag.py:2585} INFO - Sync 1 DAGs
[2023-12-21T16:40:36.054+0000] {logging_mixin.py:120} INFO - [2023-12-21T16:40:36.054+0000] {dag.py:3340} INFO - Setting next_dagrun for example_time_delta_sensor_async to None, run_after=None
[2023-12-21T16:40:36.079+0000] {processor.py:176} INFO - Processing /home/airflow/.local/lib/python3.7/site-packages/airflow/example_dags/example_time_delta_sensor_async.py took 0.280 seconds
[2023-12-21T16:41:06.575+0000] {processor.py:154} INFO - Started process (PID=656) to work on /home/airflow/.local/lib/python3.7/site-packages/airflow/example_dags/example_time_delta_sensor_async.py
[2023-12-21T16:41:06.576+0000] {processor.py:756} INFO - Processing file /home/airflow/.local/lib/python3.7/site-packages/airflow/example_dags/example_time_delta_sensor_async.py for tasks to queue
[2023-12-21T16:41:06.576+0000] {logging_mixin.py:120} INFO - [2023-12-21T16:41:06.576+0000] {dagbag.py:537} INFO - Filling up the DagBag from /home/airflow/.local/lib/python3.7/site-packages/airflow/example_dags/example_time_delta_sensor_async.py
[2023-12-21T16:41:06.586+0000] {processor.py:766} INFO - DAG(s) dict_keys(['example_time_delta_sensor_async']) retrieved from /home/airflow/.local/lib/python3.7/site-packages/airflow/example_dags/example_time_delta_sensor_async.py
[2023-12-21T16:41:06.812+0000] {logging_mixin.py:120} INFO - [2023-12-21T16:41:06.812+0000] {dag.py:2585} INFO - Sync 1 DAGs
[2023-12-21T16:41:06.845+0000] {logging_mixin.py:120} INFO - [2023-12-21T16:41:06.845+0000] {dag.py:3340} INFO - Setting next_dagrun for example_time_delta_sensor_async to None, run_after=None
[2023-12-21T16:41:06.871+0000] {processor.py:176} INFO - Processing /home/airflow/.local/lib/python3.7/site-packages/airflow/example_dags/example_time_delta_sensor_async.py took 0.299 seconds
[2023-12-21T16:41:37.363+0000] {processor.py:154} INFO - Started process (PID=719) to work on /home/airflow/.local/lib/python3.7/site-packages/airflow/example_dags/example_time_delta_sensor_async.py
[2023-12-21T16:41:37.364+0000] {processor.py:756} INFO - Processing file /home/airflow/.local/lib/python3.7/site-packages/airflow/example_dags/example_time_delta_sensor_async.py for tasks to queue
[2023-12-21T16:41:37.364+0000] {logging_mixin.py:120} INFO - [2023-12-21T16:41:37.364+0000] {dagbag.py:537} INFO - Filling up the DagBag from /home/airflow/.local/lib/python3.7/site-packages/airflow/example_dags/example_time_delta_sensor_async.py
[2023-12-21T16:41:37.375+0000] {processor.py:766} INFO - DAG(s) dict_keys(['example_time_delta_sensor_async']) retrieved from /home/airflow/.local/lib/python3.7/site-packages/airflow/example_dags/example_time_delta_sensor_async.py
[2023-12-21T16:41:37.576+0000] {logging_mixin.py:120} INFO - [2023-12-21T16:41:37.575+0000] {dag.py:2585} INFO - Sync 1 DAGs
[2023-12-21T16:41:37.608+0000] {logging_mixin.py:120} INFO - [2023-12-21T16:41:37.607+0000] {dag.py:3340} INFO - Setting next_dagrun for example_time_delta_sensor_async to None, run_after=None
[2023-12-21T16:41:37.634+0000] {processor.py:176} INFO - Processing /home/airflow/.local/lib/python3.7/site-packages/airflow/example_dags/example_time_delta_sensor_async.py took 0.275 seconds
[2023-12-21T16:42:07.994+0000] {processor.py:154} INFO - Started process (PID=783) to work on /home/airflow/.local/lib/python3.7/site-packages/airflow/example_dags/example_time_delta_sensor_async.py
[2023-12-21T16:42:07.995+0000] {processor.py:756} INFO - Processing file /home/airflow/.local/lib/python3.7/site-packages/airflow/example_dags/example_time_delta_sensor_async.py for tasks to queue
[2023-12-21T16:42:07.995+0000] {logging_mixin.py:120} INFO - [2023-12-21T16:42:07.995+0000] {dagbag.py:537} INFO - Filling up the DagBag from /home/airflow/.local/lib/python3.7/site-packages/airflow/example_dags/example_time_delta_sensor_async.py
[2023-12-21T16:42:08.007+0000] {processor.py:766} INFO - DAG(s) dict_keys(['example_time_delta_sensor_async']) retrieved from /home/airflow/.local/lib/python3.7/site-packages/airflow/example_dags/example_time_delta_sensor_async.py
[2023-12-21T16:42:08.178+0000] {logging_mixin.py:120} INFO - [2023-12-21T16:42:08.178+0000] {dag.py:2585} INFO - Sync 1 DAGs
[2023-12-21T16:42:08.206+0000] {logging_mixin.py:120} INFO - [2023-12-21T16:42:08.206+0000] {dag.py:3340} INFO - Setting next_dagrun for example_time_delta_sensor_async to None, run_after=None
[2023-12-21T16:42:08.231+0000] {processor.py:176} INFO - Processing /home/airflow/.local/lib/python3.7/site-packages/airflow/example_dags/example_time_delta_sensor_async.py took 0.239 seconds
[2023-12-21T16:42:38.843+0000] {processor.py:154} INFO - Started process (PID=846) to work on /home/airflow/.local/lib/python3.7/site-packages/airflow/example_dags/example_time_delta_sensor_async.py
[2023-12-21T16:42:38.844+0000] {processor.py:756} INFO - Processing file /home/airflow/.local/lib/python3.7/site-packages/airflow/example_dags/example_time_delta_sensor_async.py for tasks to queue
[2023-12-21T16:42:38.844+0000] {logging_mixin.py:120} INFO - [2023-12-21T16:42:38.844+0000] {dagbag.py:537} INFO - Filling up the DagBag from /home/airflow/.local/lib/python3.7/site-packages/airflow/example_dags/example_time_delta_sensor_async.py
[2023-12-21T16:42:38.855+0000] {processor.py:766} INFO - DAG(s) dict_keys(['example_time_delta_sensor_async']) retrieved from /home/airflow/.local/lib/python3.7/site-packages/airflow/example_dags/example_time_delta_sensor_async.py
[2023-12-21T16:42:39.127+0000] {logging_mixin.py:120} INFO - [2023-12-21T16:42:39.127+0000] {dag.py:2585} INFO - Sync 1 DAGs
[2023-12-21T16:42:39.158+0000] {logging_mixin.py:120} INFO - [2023-12-21T16:42:39.157+0000] {dag.py:3340} INFO - Setting next_dagrun for example_time_delta_sensor_async to None, run_after=None
[2023-12-21T16:42:39.179+0000] {processor.py:176} INFO - Processing /home/airflow/.local/lib/python3.7/site-packages/airflow/example_dags/example_time_delta_sensor_async.py took 0.340 seconds
[2023-12-21T16:43:09.600+0000] {processor.py:154} INFO - Started process (PID=900) to work on /home/airflow/.local/lib/python3.7/site-packages/airflow/example_dags/example_time_delta_sensor_async.py
[2023-12-21T16:43:09.601+0000] {processor.py:756} INFO - Processing file /home/airflow/.local/lib/python3.7/site-packages/airflow/example_dags/example_time_delta_sensor_async.py for tasks to queue
[2023-12-21T16:43:09.602+0000] {logging_mixin.py:120} INFO - [2023-12-21T16:43:09.602+0000] {dagbag.py:537} INFO - Filling up the DagBag from /home/airflow/.local/lib/python3.7/site-packages/airflow/example_dags/example_time_delta_sensor_async.py
[2023-12-21T16:43:09.617+0000] {processor.py:766} INFO - DAG(s) dict_keys(['example_time_delta_sensor_async']) retrieved from /home/airflow/.local/lib/python3.7/site-packages/airflow/example_dags/example_time_delta_sensor_async.py
[2023-12-21T16:43:09.817+0000] {logging_mixin.py:120} INFO - [2023-12-21T16:43:09.817+0000] {dag.py:2585} INFO - Sync 1 DAGs
[2023-12-21T16:43:09.848+0000] {logging_mixin.py:120} INFO - [2023-12-21T16:43:09.848+0000] {dag.py:3340} INFO - Setting next_dagrun for example_time_delta_sensor_async to None, run_after=None
[2023-12-21T16:43:09.875+0000] {processor.py:176} INFO - Processing /home/airflow/.local/lib/python3.7/site-packages/airflow/example_dags/example_time_delta_sensor_async.py took 0.279 seconds
[2023-12-21T16:43:40.135+0000] {processor.py:154} INFO - Started process (PID=963) to work on /home/airflow/.local/lib/python3.7/site-packages/airflow/example_dags/example_time_delta_sensor_async.py
[2023-12-21T16:43:40.135+0000] {processor.py:756} INFO - Processing file /home/airflow/.local/lib/python3.7/site-packages/airflow/example_dags/example_time_delta_sensor_async.py for tasks to queue
[2023-12-21T16:43:40.136+0000] {logging_mixin.py:120} INFO - [2023-12-21T16:43:40.136+0000] {dagbag.py:537} INFO - Filling up the DagBag from /home/airflow/.local/lib/python3.7/site-packages/airflow/example_dags/example_time_delta_sensor_async.py
[2023-12-21T16:43:40.147+0000] {processor.py:766} INFO - DAG(s) dict_keys(['example_time_delta_sensor_async']) retrieved from /home/airflow/.local/lib/python3.7/site-packages/airflow/example_dags/example_time_delta_sensor_async.py
[2023-12-21T16:43:40.345+0000] {logging_mixin.py:120} INFO - [2023-12-21T16:43:40.345+0000] {dag.py:2585} INFO - Sync 1 DAGs
[2023-12-21T16:43:40.365+0000] {logging_mixin.py:120} INFO - [2023-12-21T16:43:40.365+0000] {dag.py:3340} INFO - Setting next_dagrun for example_time_delta_sensor_async to None, run_after=None
[2023-12-21T16:43:40.385+0000] {processor.py:176} INFO - Processing /home/airflow/.local/lib/python3.7/site-packages/airflow/example_dags/example_time_delta_sensor_async.py took 0.253 seconds
[2023-12-21T16:44:10.869+0000] {processor.py:154} INFO - Started process (PID=1026) to work on /home/airflow/.local/lib/python3.7/site-packages/airflow/example_dags/example_time_delta_sensor_async.py
[2023-12-21T16:44:10.870+0000] {processor.py:756} INFO - Processing file /home/airflow/.local/lib/python3.7/site-packages/airflow/example_dags/example_time_delta_sensor_async.py for tasks to queue
[2023-12-21T16:44:10.870+0000] {logging_mixin.py:120} INFO - [2023-12-21T16:44:10.870+0000] {dagbag.py:537} INFO - Filling up the DagBag from /home/airflow/.local/lib/python3.7/site-packages/airflow/example_dags/example_time_delta_sensor_async.py
[2023-12-21T16:44:10.882+0000] {processor.py:766} INFO - DAG(s) dict_keys(['example_time_delta_sensor_async']) retrieved from /home/airflow/.local/lib/python3.7/site-packages/airflow/example_dags/example_time_delta_sensor_async.py
[2023-12-21T16:44:11.084+0000] {logging_mixin.py:120} INFO - [2023-12-21T16:44:11.084+0000] {dag.py:2585} INFO - Sync 1 DAGs
[2023-12-21T16:44:11.103+0000] {logging_mixin.py:120} INFO - [2023-12-21T16:44:11.103+0000] {dag.py:3340} INFO - Setting next_dagrun for example_time_delta_sensor_async to None, run_after=None
[2023-12-21T16:44:11.123+0000] {processor.py:176} INFO - Processing /home/airflow/.local/lib/python3.7/site-packages/airflow/example_dags/example_time_delta_sensor_async.py took 0.256 seconds
[2023-12-21T16:44:41.684+0000] {processor.py:154} INFO - Started process (PID=1090) to work on /home/airflow/.local/lib/python3.7/site-packages/airflow/example_dags/example_time_delta_sensor_async.py
[2023-12-21T16:44:41.685+0000] {processor.py:756} INFO - Processing file /home/airflow/.local/lib/python3.7/site-packages/airflow/example_dags/example_time_delta_sensor_async.py for tasks to queue
[2023-12-21T16:44:41.686+0000] {logging_mixin.py:120} INFO - [2023-12-21T16:44:41.686+0000] {dagbag.py:537} INFO - Filling up the DagBag from /home/airflow/.local/lib/python3.7/site-packages/airflow/example_dags/example_time_delta_sensor_async.py
[2023-12-21T16:44:41.697+0000] {processor.py:766} INFO - DAG(s) dict_keys(['example_time_delta_sensor_async']) retrieved from /home/airflow/.local/lib/python3.7/site-packages/airflow/example_dags/example_time_delta_sensor_async.py
[2023-12-21T16:44:41.897+0000] {logging_mixin.py:120} INFO - [2023-12-21T16:44:41.897+0000] {dag.py:2585} INFO - Sync 1 DAGs
[2023-12-21T16:44:41.922+0000] {logging_mixin.py:120} INFO - [2023-12-21T16:44:41.922+0000] {dag.py:3340} INFO - Setting next_dagrun for example_time_delta_sensor_async to None, run_after=None
[2023-12-21T16:44:41.947+0000] {processor.py:176} INFO - Processing /home/airflow/.local/lib/python3.7/site-packages/airflow/example_dags/example_time_delta_sensor_async.py took 0.267 seconds
[2023-12-21T16:45:12.508+0000] {processor.py:154} INFO - Started process (PID=1144) to work on /home/airflow/.local/lib/python3.7/site-packages/airflow/example_dags/example_time_delta_sensor_async.py
[2023-12-21T16:45:12.508+0000] {processor.py:756} INFO - Processing file /home/airflow/.local/lib/python3.7/site-packages/airflow/example_dags/example_time_delta_sensor_async.py for tasks to queue
[2023-12-21T16:45:12.509+0000] {logging_mixin.py:120} INFO - [2023-12-21T16:45:12.509+0000] {dagbag.py:537} INFO - Filling up the DagBag from /home/airflow/.local/lib/python3.7/site-packages/airflow/example_dags/example_time_delta_sensor_async.py
[2023-12-21T16:45:12.524+0000] {processor.py:766} INFO - DAG(s) dict_keys(['example_time_delta_sensor_async']) retrieved from /home/airflow/.local/lib/python3.7/site-packages/airflow/example_dags/example_time_delta_sensor_async.py
[2023-12-21T16:45:12.833+0000] {logging_mixin.py:120} INFO - [2023-12-21T16:45:12.833+0000] {dag.py:2585} INFO - Sync 1 DAGs
[2023-12-21T16:45:12.911+0000] {logging_mixin.py:120} INFO - [2023-12-21T16:45:12.910+0000] {dag.py:3340} INFO - Setting next_dagrun for example_time_delta_sensor_async to None, run_after=None
[2023-12-21T16:45:12.951+0000] {processor.py:176} INFO - Processing /home/airflow/.local/lib/python3.7/site-packages/airflow/example_dags/example_time_delta_sensor_async.py took 0.446 seconds
[2023-12-21T16:45:43.105+0000] {processor.py:154} INFO - Started process (PID=1206) to work on /home/airflow/.local/lib/python3.7/site-packages/airflow/example_dags/example_time_delta_sensor_async.py
[2023-12-21T16:45:43.106+0000] {processor.py:756} INFO - Processing file /home/airflow/.local/lib/python3.7/site-packages/airflow/example_dags/example_time_delta_sensor_async.py for tasks to queue
[2023-12-21T16:45:43.106+0000] {logging_mixin.py:120} INFO - [2023-12-21T16:45:43.106+0000] {dagbag.py:537} INFO - Filling up the DagBag from /home/airflow/.local/lib/python3.7/site-packages/airflow/example_dags/example_time_delta_sensor_async.py
[2023-12-21T16:45:43.117+0000] {processor.py:766} INFO - DAG(s) dict_keys(['example_time_delta_sensor_async']) retrieved from /home/airflow/.local/lib/python3.7/site-packages/airflow/example_dags/example_time_delta_sensor_async.py
[2023-12-21T16:45:43.316+0000] {logging_mixin.py:120} INFO - [2023-12-21T16:45:43.316+0000] {dag.py:2585} INFO - Sync 1 DAGs
[2023-12-21T16:45:43.337+0000] {logging_mixin.py:120} INFO - [2023-12-21T16:45:43.337+0000] {dag.py:3340} INFO - Setting next_dagrun for example_time_delta_sensor_async to None, run_after=None
[2023-12-21T16:45:43.361+0000] {processor.py:176} INFO - Processing /home/airflow/.local/lib/python3.7/site-packages/airflow/example_dags/example_time_delta_sensor_async.py took 0.260 seconds
[2023-12-21T16:46:13.958+0000] {processor.py:154} INFO - Started process (PID=1269) to work on /home/airflow/.local/lib/python3.7/site-packages/airflow/example_dags/example_time_delta_sensor_async.py
[2023-12-21T16:46:13.958+0000] {processor.py:756} INFO - Processing file /home/airflow/.local/lib/python3.7/site-packages/airflow/example_dags/example_time_delta_sensor_async.py for tasks to queue
[2023-12-21T16:46:13.959+0000] {logging_mixin.py:120} INFO - [2023-12-21T16:46:13.959+0000] {dagbag.py:537} INFO - Filling up the DagBag from /home/airflow/.local/lib/python3.7/site-packages/airflow/example_dags/example_time_delta_sensor_async.py
[2023-12-21T16:46:13.973+0000] {processor.py:766} INFO - DAG(s) dict_keys(['example_time_delta_sensor_async']) retrieved from /home/airflow/.local/lib/python3.7/site-packages/airflow/example_dags/example_time_delta_sensor_async.py
[2023-12-21T16:46:14.172+0000] {logging_mixin.py:120} INFO - [2023-12-21T16:46:14.172+0000] {dag.py:2585} INFO - Sync 1 DAGs
[2023-12-21T16:46:14.193+0000] {logging_mixin.py:120} INFO - [2023-12-21T16:46:14.193+0000] {dag.py:3340} INFO - Setting next_dagrun for example_time_delta_sensor_async to None, run_after=None
[2023-12-21T16:46:14.220+0000] {processor.py:176} INFO - Processing /home/airflow/.local/lib/python3.7/site-packages/airflow/example_dags/example_time_delta_sensor_async.py took 0.265 seconds
[2023-12-21T16:46:44.815+0000] {processor.py:154} INFO - Started process (PID=1323) to work on /home/airflow/.local/lib/python3.7/site-packages/airflow/example_dags/example_time_delta_sensor_async.py
[2023-12-21T16:46:44.815+0000] {processor.py:756} INFO - Processing file /home/airflow/.local/lib/python3.7/site-packages/airflow/example_dags/example_time_delta_sensor_async.py for tasks to queue
[2023-12-21T16:46:44.816+0000] {logging_mixin.py:120} INFO - [2023-12-21T16:46:44.816+0000] {dagbag.py:537} INFO - Filling up the DagBag from /home/airflow/.local/lib/python3.7/site-packages/airflow/example_dags/example_time_delta_sensor_async.py
[2023-12-21T16:46:44.827+0000] {processor.py:766} INFO - DAG(s) dict_keys(['example_time_delta_sensor_async']) retrieved from /home/airflow/.local/lib/python3.7/site-packages/airflow/example_dags/example_time_delta_sensor_async.py
[2023-12-21T16:46:45.028+0000] {logging_mixin.py:120} INFO - [2023-12-21T16:46:45.027+0000] {dag.py:2585} INFO - Sync 1 DAGs
[2023-12-21T16:46:45.059+0000] {logging_mixin.py:120} INFO - [2023-12-21T16:46:45.059+0000] {dag.py:3340} INFO - Setting next_dagrun for example_time_delta_sensor_async to None, run_after=None
[2023-12-21T16:46:45.085+0000] {processor.py:176} INFO - Processing /home/airflow/.local/lib/python3.7/site-packages/airflow/example_dags/example_time_delta_sensor_async.py took 0.272 seconds
[2023-12-21T16:47:15.147+0000] {processor.py:154} INFO - Started process (PID=1386) to work on /home/airflow/.local/lib/python3.7/site-packages/airflow/example_dags/example_time_delta_sensor_async.py
[2023-12-21T16:47:15.148+0000] {processor.py:756} INFO - Processing file /home/airflow/.local/lib/python3.7/site-packages/airflow/example_dags/example_time_delta_sensor_async.py for tasks to queue
[2023-12-21T16:47:15.148+0000] {logging_mixin.py:120} INFO - [2023-12-21T16:47:15.148+0000] {dagbag.py:537} INFO - Filling up the DagBag from /home/airflow/.local/lib/python3.7/site-packages/airflow/example_dags/example_time_delta_sensor_async.py
[2023-12-21T16:47:15.159+0000] {processor.py:766} INFO - DAG(s) dict_keys(['example_time_delta_sensor_async']) retrieved from /home/airflow/.local/lib/python3.7/site-packages/airflow/example_dags/example_time_delta_sensor_async.py
[2023-12-21T16:47:15.327+0000] {logging_mixin.py:120} INFO - [2023-12-21T16:47:15.326+0000] {dag.py:2585} INFO - Sync 1 DAGs
[2023-12-21T16:47:15.351+0000] {logging_mixin.py:120} INFO - [2023-12-21T16:47:15.351+0000] {dag.py:3340} INFO - Setting next_dagrun for example_time_delta_sensor_async to None, run_after=None
[2023-12-21T16:47:15.373+0000] {processor.py:176} INFO - Processing /home/airflow/.local/lib/python3.7/site-packages/airflow/example_dags/example_time_delta_sensor_async.py took 0.228 seconds
