[2023-12-21T16:35:58.350+0000] {processor.py:154} INFO - Started process (PID=49) to work on /home/airflow/.local/lib/python3.7/site-packages/airflow/example_dags/example_branch_python_dop_operator_3.py
[2023-12-21T16:35:58.350+0000] {processor.py:756} INFO - Processing file /home/airflow/.local/lib/python3.7/site-packages/airflow/example_dags/example_branch_python_dop_operator_3.py for tasks to queue
[2023-12-21T16:35:58.351+0000] {logging_mixin.py:120} INFO - [2023-12-21T16:35:58.351+0000] {dagbag.py:537} INFO - Filling up the DagBag from /home/airflow/.local/lib/python3.7/site-packages/airflow/example_dags/example_branch_python_dop_operator_3.py
[2023-12-21T16:35:58.380+0000] {processor.py:766} INFO - DAG(s) dict_keys(['example_branch_dop_operator_v3']) retrieved from /home/airflow/.local/lib/python3.7/site-packages/airflow/example_dags/example_branch_python_dop_operator_3.py
[2023-12-21T16:35:58.605+0000] {logging_mixin.py:120} INFO - [2023-12-21T16:35:58.605+0000] {manager.py:507} INFO - Created Permission View: can read on DAG:example_branch_dop_operator_v3
[2023-12-21T16:35:58.620+0000] {logging_mixin.py:120} INFO - [2023-12-21T16:35:58.620+0000] {manager.py:507} INFO - Created Permission View: can delete on DAG:example_branch_dop_operator_v3
[2023-12-21T16:35:58.633+0000] {logging_mixin.py:120} INFO - [2023-12-21T16:35:58.633+0000] {manager.py:507} INFO - Created Permission View: can edit on DAG:example_branch_dop_operator_v3
[2023-12-21T16:35:58.633+0000] {logging_mixin.py:120} INFO - [2023-12-21T16:35:58.633+0000] {dag.py:2585} INFO - Sync 1 DAGs
[2023-12-21T16:35:58.647+0000] {logging_mixin.py:120} INFO - [2023-12-21T16:35:58.647+0000] {dag.py:2606} INFO - Creating ORM DAG for example_branch_dop_operator_v3
[2023-12-21T16:35:58.666+0000] {logging_mixin.py:120} INFO - [2023-12-21T16:35:58.665+0000] {dag.py:3340} INFO - Setting next_dagrun for example_branch_dop_operator_v3 to 2023-12-21T16:34:00+00:00, run_after=2023-12-21T16:35:00+00:00
[2023-12-21T16:35:58.689+0000] {processor.py:176} INFO - Processing /home/airflow/.local/lib/python3.7/site-packages/airflow/example_dags/example_branch_python_dop_operator_3.py took 0.343 seconds
[2023-12-21T16:36:29.033+0000] {processor.py:154} INFO - Started process (PID=103) to work on /home/airflow/.local/lib/python3.7/site-packages/airflow/example_dags/example_branch_python_dop_operator_3.py
[2023-12-21T16:36:29.033+0000] {processor.py:756} INFO - Processing file /home/airflow/.local/lib/python3.7/site-packages/airflow/example_dags/example_branch_python_dop_operator_3.py for tasks to queue
[2023-12-21T16:36:29.034+0000] {logging_mixin.py:120} INFO - [2023-12-21T16:36:29.034+0000] {dagbag.py:537} INFO - Filling up the DagBag from /home/airflow/.local/lib/python3.7/site-packages/airflow/example_dags/example_branch_python_dop_operator_3.py
[2023-12-21T16:36:29.054+0000] {processor.py:766} INFO - DAG(s) dict_keys(['example_branch_dop_operator_v3']) retrieved from /home/airflow/.local/lib/python3.7/site-packages/airflow/example_dags/example_branch_python_dop_operator_3.py
[2023-12-21T16:36:29.086+0000] {logging_mixin.py:120} INFO - [2023-12-21T16:36:29.086+0000] {dag.py:2585} INFO - Sync 1 DAGs
[2023-12-21T16:36:29.111+0000] {logging_mixin.py:120} INFO - [2023-12-21T16:36:29.111+0000] {dag.py:3340} INFO - Setting next_dagrun for example_branch_dop_operator_v3 to 2023-12-21T16:35:00+00:00, run_after=2023-12-21T16:36:00+00:00
[2023-12-21T16:36:29.131+0000] {processor.py:176} INFO - Processing /home/airflow/.local/lib/python3.7/site-packages/airflow/example_dags/example_branch_python_dop_operator_3.py took 0.101 seconds
[2023-12-21T16:36:59.839+0000] {processor.py:154} INFO - Started process (PID=167) to work on /home/airflow/.local/lib/python3.7/site-packages/airflow/example_dags/example_branch_python_dop_operator_3.py
[2023-12-21T16:36:59.840+0000] {processor.py:756} INFO - Processing file /home/airflow/.local/lib/python3.7/site-packages/airflow/example_dags/example_branch_python_dop_operator_3.py for tasks to queue
[2023-12-21T16:36:59.840+0000] {logging_mixin.py:120} INFO - [2023-12-21T16:36:59.840+0000] {dagbag.py:537} INFO - Filling up the DagBag from /home/airflow/.local/lib/python3.7/site-packages/airflow/example_dags/example_branch_python_dop_operator_3.py
[2023-12-21T16:36:59.868+0000] {processor.py:766} INFO - DAG(s) dict_keys(['example_branch_dop_operator_v3']) retrieved from /home/airflow/.local/lib/python3.7/site-packages/airflow/example_dags/example_branch_python_dop_operator_3.py
[2023-12-21T16:36:59.907+0000] {logging_mixin.py:120} INFO - [2023-12-21T16:36:59.907+0000] {dag.py:2585} INFO - Sync 1 DAGs
[2023-12-21T16:36:59.942+0000] {logging_mixin.py:120} INFO - [2023-12-21T16:36:59.941+0000] {dag.py:3340} INFO - Setting next_dagrun for example_branch_dop_operator_v3 to 2023-12-21T16:35:00+00:00, run_after=2023-12-21T16:36:00+00:00
[2023-12-21T16:36:59.971+0000] {processor.py:176} INFO - Processing /home/airflow/.local/lib/python3.7/site-packages/airflow/example_dags/example_branch_python_dop_operator_3.py took 0.135 seconds
[2023-12-21T16:37:30.690+0000] {processor.py:154} INFO - Started process (PID=230) to work on /home/airflow/.local/lib/python3.7/site-packages/airflow/example_dags/example_branch_python_dop_operator_3.py
[2023-12-21T16:37:30.690+0000] {processor.py:756} INFO - Processing file /home/airflow/.local/lib/python3.7/site-packages/airflow/example_dags/example_branch_python_dop_operator_3.py for tasks to queue
[2023-12-21T16:37:30.691+0000] {logging_mixin.py:120} INFO - [2023-12-21T16:37:30.691+0000] {dagbag.py:537} INFO - Filling up the DagBag from /home/airflow/.local/lib/python3.7/site-packages/airflow/example_dags/example_branch_python_dop_operator_3.py
[2023-12-21T16:37:30.711+0000] {processor.py:766} INFO - DAG(s) dict_keys(['example_branch_dop_operator_v3']) retrieved from /home/airflow/.local/lib/python3.7/site-packages/airflow/example_dags/example_branch_python_dop_operator_3.py
[2023-12-21T16:37:30.748+0000] {logging_mixin.py:120} INFO - [2023-12-21T16:37:30.748+0000] {dag.py:2585} INFO - Sync 1 DAGs
[2023-12-21T16:37:30.773+0000] {logging_mixin.py:120} INFO - [2023-12-21T16:37:30.773+0000] {dag.py:3340} INFO - Setting next_dagrun for example_branch_dop_operator_v3 to 2023-12-21T16:36:00+00:00, run_after=2023-12-21T16:37:00+00:00
[2023-12-21T16:37:30.795+0000] {processor.py:176} INFO - Processing /home/airflow/.local/lib/python3.7/site-packages/airflow/example_dags/example_branch_python_dop_operator_3.py took 0.107 seconds
[2023-12-21T16:38:01.400+0000] {processor.py:154} INFO - Started process (PID=294) to work on /home/airflow/.local/lib/python3.7/site-packages/airflow/example_dags/example_branch_python_dop_operator_3.py
[2023-12-21T16:38:01.401+0000] {processor.py:756} INFO - Processing file /home/airflow/.local/lib/python3.7/site-packages/airflow/example_dags/example_branch_python_dop_operator_3.py for tasks to queue
[2023-12-21T16:38:01.401+0000] {logging_mixin.py:120} INFO - [2023-12-21T16:38:01.401+0000] {dagbag.py:537} INFO - Filling up the DagBag from /home/airflow/.local/lib/python3.7/site-packages/airflow/example_dags/example_branch_python_dop_operator_3.py
[2023-12-21T16:38:01.429+0000] {processor.py:766} INFO - DAG(s) dict_keys(['example_branch_dop_operator_v3']) retrieved from /home/airflow/.local/lib/python3.7/site-packages/airflow/example_dags/example_branch_python_dop_operator_3.py
[2023-12-21T16:38:01.473+0000] {logging_mixin.py:120} INFO - [2023-12-21T16:38:01.473+0000] {dag.py:2585} INFO - Sync 1 DAGs
[2023-12-21T16:38:01.508+0000] {logging_mixin.py:120} INFO - [2023-12-21T16:38:01.508+0000] {dag.py:3340} INFO - Setting next_dagrun for example_branch_dop_operator_v3 to 2023-12-21T16:37:00+00:00, run_after=2023-12-21T16:38:00+00:00
[2023-12-21T16:38:01.532+0000] {processor.py:176} INFO - Processing /home/airflow/.local/lib/python3.7/site-packages/airflow/example_dags/example_branch_python_dop_operator_3.py took 0.134 seconds
[2023-12-21T16:38:32.243+0000] {processor.py:154} INFO - Started process (PID=355) to work on /home/airflow/.local/lib/python3.7/site-packages/airflow/example_dags/example_branch_python_dop_operator_3.py
[2023-12-21T16:38:32.243+0000] {processor.py:756} INFO - Processing file /home/airflow/.local/lib/python3.7/site-packages/airflow/example_dags/example_branch_python_dop_operator_3.py for tasks to queue
[2023-12-21T16:38:32.244+0000] {logging_mixin.py:120} INFO - [2023-12-21T16:38:32.244+0000] {dagbag.py:537} INFO - Filling up the DagBag from /home/airflow/.local/lib/python3.7/site-packages/airflow/example_dags/example_branch_python_dop_operator_3.py
[2023-12-21T16:38:32.279+0000] {processor.py:766} INFO - DAG(s) dict_keys(['example_branch_dop_operator_v3']) retrieved from /home/airflow/.local/lib/python3.7/site-packages/airflow/example_dags/example_branch_python_dop_operator_3.py
[2023-12-21T16:38:32.330+0000] {logging_mixin.py:120} INFO - [2023-12-21T16:38:32.330+0000] {dag.py:2585} INFO - Sync 1 DAGs
[2023-12-21T16:38:32.384+0000] {logging_mixin.py:120} INFO - [2023-12-21T16:38:32.383+0000] {dag.py:3340} INFO - Setting next_dagrun for example_branch_dop_operator_v3 to 2023-12-21T16:37:00+00:00, run_after=2023-12-21T16:38:00+00:00
[2023-12-21T16:38:32.421+0000] {processor.py:176} INFO - Processing /home/airflow/.local/lib/python3.7/site-packages/airflow/example_dags/example_branch_python_dop_operator_3.py took 0.182 seconds
[2023-12-21T16:39:02.624+0000] {processor.py:154} INFO - Started process (PID=411) to work on /home/airflow/.local/lib/python3.7/site-packages/airflow/example_dags/example_branch_python_dop_operator_3.py
[2023-12-21T16:39:02.624+0000] {processor.py:756} INFO - Processing file /home/airflow/.local/lib/python3.7/site-packages/airflow/example_dags/example_branch_python_dop_operator_3.py for tasks to queue
[2023-12-21T16:39:02.625+0000] {logging_mixin.py:120} INFO - [2023-12-21T16:39:02.625+0000] {dagbag.py:537} INFO - Filling up the DagBag from /home/airflow/.local/lib/python3.7/site-packages/airflow/example_dags/example_branch_python_dop_operator_3.py
[2023-12-21T16:39:02.645+0000] {processor.py:766} INFO - DAG(s) dict_keys(['example_branch_dop_operator_v3']) retrieved from /home/airflow/.local/lib/python3.7/site-packages/airflow/example_dags/example_branch_python_dop_operator_3.py
[2023-12-21T16:39:02.682+0000] {logging_mixin.py:120} INFO - [2023-12-21T16:39:02.682+0000] {dag.py:2585} INFO - Sync 1 DAGs
[2023-12-21T16:39:02.713+0000] {logging_mixin.py:120} INFO - [2023-12-21T16:39:02.712+0000] {dag.py:3340} INFO - Setting next_dagrun for example_branch_dop_operator_v3 to 2023-12-21T16:38:00+00:00, run_after=2023-12-21T16:39:00+00:00
[2023-12-21T16:39:02.735+0000] {processor.py:176} INFO - Processing /home/airflow/.local/lib/python3.7/site-packages/airflow/example_dags/example_branch_python_dop_operator_3.py took 0.115 seconds
[2023-12-21T16:39:33.427+0000] {processor.py:154} INFO - Started process (PID=474) to work on /home/airflow/.local/lib/python3.7/site-packages/airflow/example_dags/example_branch_python_dop_operator_3.py
[2023-12-21T16:39:33.428+0000] {processor.py:756} INFO - Processing file /home/airflow/.local/lib/python3.7/site-packages/airflow/example_dags/example_branch_python_dop_operator_3.py for tasks to queue
[2023-12-21T16:39:33.429+0000] {logging_mixin.py:120} INFO - [2023-12-21T16:39:33.428+0000] {dagbag.py:537} INFO - Filling up the DagBag from /home/airflow/.local/lib/python3.7/site-packages/airflow/example_dags/example_branch_python_dop_operator_3.py
[2023-12-21T16:39:33.449+0000] {processor.py:766} INFO - DAG(s) dict_keys(['example_branch_dop_operator_v3']) retrieved from /home/airflow/.local/lib/python3.7/site-packages/airflow/example_dags/example_branch_python_dop_operator_3.py
[2023-12-21T16:39:33.488+0000] {logging_mixin.py:120} INFO - [2023-12-21T16:39:33.488+0000] {dag.py:2585} INFO - Sync 1 DAGs
[2023-12-21T16:39:33.515+0000] {logging_mixin.py:120} INFO - [2023-12-21T16:39:33.515+0000] {dag.py:3340} INFO - Setting next_dagrun for example_branch_dop_operator_v3 to 2023-12-21T16:38:00+00:00, run_after=2023-12-21T16:39:00+00:00
[2023-12-21T16:39:33.535+0000] {processor.py:176} INFO - Processing /home/airflow/.local/lib/python3.7/site-packages/airflow/example_dags/example_branch_python_dop_operator_3.py took 0.110 seconds
[2023-12-21T16:40:04.046+0000] {processor.py:154} INFO - Started process (PID=537) to work on /home/airflow/.local/lib/python3.7/site-packages/airflow/example_dags/example_branch_python_dop_operator_3.py
[2023-12-21T16:40:04.046+0000] {processor.py:756} INFO - Processing file /home/airflow/.local/lib/python3.7/site-packages/airflow/example_dags/example_branch_python_dop_operator_3.py for tasks to queue
[2023-12-21T16:40:04.047+0000] {logging_mixin.py:120} INFO - [2023-12-21T16:40:04.047+0000] {dagbag.py:537} INFO - Filling up the DagBag from /home/airflow/.local/lib/python3.7/site-packages/airflow/example_dags/example_branch_python_dop_operator_3.py
[2023-12-21T16:40:04.067+0000] {processor.py:766} INFO - DAG(s) dict_keys(['example_branch_dop_operator_v3']) retrieved from /home/airflow/.local/lib/python3.7/site-packages/airflow/example_dags/example_branch_python_dop_operator_3.py
[2023-12-21T16:40:04.101+0000] {logging_mixin.py:120} INFO - [2023-12-21T16:40:04.100+0000] {dag.py:2585} INFO - Sync 1 DAGs
[2023-12-21T16:40:04.125+0000] {logging_mixin.py:120} INFO - [2023-12-21T16:40:04.125+0000] {dag.py:3340} INFO - Setting next_dagrun for example_branch_dop_operator_v3 to 2023-12-21T16:39:00+00:00, run_after=2023-12-21T16:40:00+00:00
[2023-12-21T16:40:04.146+0000] {processor.py:176} INFO - Processing /home/airflow/.local/lib/python3.7/site-packages/airflow/example_dags/example_branch_python_dop_operator_3.py took 0.102 seconds
[2023-12-21T16:40:34.673+0000] {processor.py:154} INFO - Started process (PID=591) to work on /home/airflow/.local/lib/python3.7/site-packages/airflow/example_dags/example_branch_python_dop_operator_3.py
[2023-12-21T16:40:34.674+0000] {processor.py:756} INFO - Processing file /home/airflow/.local/lib/python3.7/site-packages/airflow/example_dags/example_branch_python_dop_operator_3.py for tasks to queue
[2023-12-21T16:40:34.674+0000] {logging_mixin.py:120} INFO - [2023-12-21T16:40:34.674+0000] {dagbag.py:537} INFO - Filling up the DagBag from /home/airflow/.local/lib/python3.7/site-packages/airflow/example_dags/example_branch_python_dop_operator_3.py
[2023-12-21T16:40:34.694+0000] {processor.py:766} INFO - DAG(s) dict_keys(['example_branch_dop_operator_v3']) retrieved from /home/airflow/.local/lib/python3.7/site-packages/airflow/example_dags/example_branch_python_dop_operator_3.py
[2023-12-21T16:40:34.728+0000] {logging_mixin.py:120} INFO - [2023-12-21T16:40:34.728+0000] {dag.py:2585} INFO - Sync 1 DAGs
[2023-12-21T16:40:34.754+0000] {logging_mixin.py:120} INFO - [2023-12-21T16:40:34.754+0000] {dag.py:3340} INFO - Setting next_dagrun for example_branch_dop_operator_v3 to 2023-12-21T16:39:00+00:00, run_after=2023-12-21T16:40:00+00:00
[2023-12-21T16:40:34.776+0000] {processor.py:176} INFO - Processing /home/airflow/.local/lib/python3.7/site-packages/airflow/example_dags/example_branch_python_dop_operator_3.py took 0.105 seconds
[2023-12-21T16:41:05.428+0000] {processor.py:154} INFO - Started process (PID=654) to work on /home/airflow/.local/lib/python3.7/site-packages/airflow/example_dags/example_branch_python_dop_operator_3.py
[2023-12-21T16:41:05.429+0000] {processor.py:756} INFO - Processing file /home/airflow/.local/lib/python3.7/site-packages/airflow/example_dags/example_branch_python_dop_operator_3.py for tasks to queue
[2023-12-21T16:41:05.430+0000] {logging_mixin.py:120} INFO - [2023-12-21T16:41:05.430+0000] {dagbag.py:537} INFO - Filling up the DagBag from /home/airflow/.local/lib/python3.7/site-packages/airflow/example_dags/example_branch_python_dop_operator_3.py
[2023-12-21T16:41:05.450+0000] {processor.py:766} INFO - DAG(s) dict_keys(['example_branch_dop_operator_v3']) retrieved from /home/airflow/.local/lib/python3.7/site-packages/airflow/example_dags/example_branch_python_dop_operator_3.py
[2023-12-21T16:41:05.492+0000] {logging_mixin.py:120} INFO - [2023-12-21T16:41:05.492+0000] {dag.py:2585} INFO - Sync 1 DAGs
[2023-12-21T16:41:05.522+0000] {logging_mixin.py:120} INFO - [2023-12-21T16:41:05.521+0000] {dag.py:3340} INFO - Setting next_dagrun for example_branch_dop_operator_v3 to 2023-12-21T16:40:00+00:00, run_after=2023-12-21T16:41:00+00:00
[2023-12-21T16:41:05.547+0000] {processor.py:176} INFO - Processing /home/airflow/.local/lib/python3.7/site-packages/airflow/example_dags/example_branch_python_dop_operator_3.py took 0.121 seconds
[2023-12-21T16:41:36.181+0000] {processor.py:154} INFO - Started process (PID=717) to work on /home/airflow/.local/lib/python3.7/site-packages/airflow/example_dags/example_branch_python_dop_operator_3.py
[2023-12-21T16:41:36.182+0000] {processor.py:756} INFO - Processing file /home/airflow/.local/lib/python3.7/site-packages/airflow/example_dags/example_branch_python_dop_operator_3.py for tasks to queue
[2023-12-21T16:41:36.183+0000] {logging_mixin.py:120} INFO - [2023-12-21T16:41:36.183+0000] {dagbag.py:537} INFO - Filling up the DagBag from /home/airflow/.local/lib/python3.7/site-packages/airflow/example_dags/example_branch_python_dop_operator_3.py
[2023-12-21T16:41:36.212+0000] {processor.py:766} INFO - DAG(s) dict_keys(['example_branch_dop_operator_v3']) retrieved from /home/airflow/.local/lib/python3.7/site-packages/airflow/example_dags/example_branch_python_dop_operator_3.py
[2023-12-21T16:41:36.262+0000] {logging_mixin.py:120} INFO - [2023-12-21T16:41:36.262+0000] {dag.py:2585} INFO - Sync 1 DAGs
[2023-12-21T16:41:36.299+0000] {logging_mixin.py:120} INFO - [2023-12-21T16:41:36.299+0000] {dag.py:3340} INFO - Setting next_dagrun for example_branch_dop_operator_v3 to 2023-12-21T16:40:00+00:00, run_after=2023-12-21T16:41:00+00:00
[2023-12-21T16:41:36.327+0000] {processor.py:176} INFO - Processing /home/airflow/.local/lib/python3.7/site-packages/airflow/example_dags/example_branch_python_dop_operator_3.py took 0.149 seconds
[2023-12-21T16:42:06.865+0000] {processor.py:154} INFO - Started process (PID=781) to work on /home/airflow/.local/lib/python3.7/site-packages/airflow/example_dags/example_branch_python_dop_operator_3.py
[2023-12-21T16:42:06.865+0000] {processor.py:756} INFO - Processing file /home/airflow/.local/lib/python3.7/site-packages/airflow/example_dags/example_branch_python_dop_operator_3.py for tasks to queue
[2023-12-21T16:42:06.866+0000] {logging_mixin.py:120} INFO - [2023-12-21T16:42:06.865+0000] {dagbag.py:537} INFO - Filling up the DagBag from /home/airflow/.local/lib/python3.7/site-packages/airflow/example_dags/example_branch_python_dop_operator_3.py
[2023-12-21T16:42:06.884+0000] {processor.py:766} INFO - DAG(s) dict_keys(['example_branch_dop_operator_v3']) retrieved from /home/airflow/.local/lib/python3.7/site-packages/airflow/example_dags/example_branch_python_dop_operator_3.py
[2023-12-21T16:42:06.917+0000] {logging_mixin.py:120} INFO - [2023-12-21T16:42:06.917+0000] {dag.py:2585} INFO - Sync 1 DAGs
[2023-12-21T16:42:06.945+0000] {logging_mixin.py:120} INFO - [2023-12-21T16:42:06.945+0000] {dag.py:3340} INFO - Setting next_dagrun for example_branch_dop_operator_v3 to 2023-12-21T16:41:00+00:00, run_after=2023-12-21T16:42:00+00:00
[2023-12-21T16:42:06.968+0000] {processor.py:176} INFO - Processing /home/airflow/.local/lib/python3.7/site-packages/airflow/example_dags/example_branch_python_dop_operator_3.py took 0.106 seconds
[2023-12-21T16:42:37.707+0000] {processor.py:154} INFO - Started process (PID=835) to work on /home/airflow/.local/lib/python3.7/site-packages/airflow/example_dags/example_branch_python_dop_operator_3.py
[2023-12-21T16:42:37.707+0000] {processor.py:756} INFO - Processing file /home/airflow/.local/lib/python3.7/site-packages/airflow/example_dags/example_branch_python_dop_operator_3.py for tasks to queue
[2023-12-21T16:42:37.708+0000] {logging_mixin.py:120} INFO - [2023-12-21T16:42:37.708+0000] {dagbag.py:537} INFO - Filling up the DagBag from /home/airflow/.local/lib/python3.7/site-packages/airflow/example_dags/example_branch_python_dop_operator_3.py
[2023-12-21T16:42:37.731+0000] {processor.py:766} INFO - DAG(s) dict_keys(['example_branch_dop_operator_v3']) retrieved from /home/airflow/.local/lib/python3.7/site-packages/airflow/example_dags/example_branch_python_dop_operator_3.py
[2023-12-21T16:42:37.766+0000] {logging_mixin.py:120} INFO - [2023-12-21T16:42:37.766+0000] {dag.py:2585} INFO - Sync 1 DAGs
[2023-12-21T16:42:37.790+0000] {logging_mixin.py:120} INFO - [2023-12-21T16:42:37.790+0000] {dag.py:3340} INFO - Setting next_dagrun for example_branch_dop_operator_v3 to 2023-12-21T16:41:00+00:00, run_after=2023-12-21T16:42:00+00:00
[2023-12-21T16:42:37.814+0000] {processor.py:176} INFO - Processing /home/airflow/.local/lib/python3.7/site-packages/airflow/example_dags/example_branch_python_dop_operator_3.py took 0.111 seconds
[2023-12-21T16:43:08.448+0000] {processor.py:154} INFO - Started process (PID=898) to work on /home/airflow/.local/lib/python3.7/site-packages/airflow/example_dags/example_branch_python_dop_operator_3.py
[2023-12-21T16:43:08.448+0000] {processor.py:756} INFO - Processing file /home/airflow/.local/lib/python3.7/site-packages/airflow/example_dags/example_branch_python_dop_operator_3.py for tasks to queue
[2023-12-21T16:43:08.449+0000] {logging_mixin.py:120} INFO - [2023-12-21T16:43:08.449+0000] {dagbag.py:537} INFO - Filling up the DagBag from /home/airflow/.local/lib/python3.7/site-packages/airflow/example_dags/example_branch_python_dop_operator_3.py
[2023-12-21T16:43:08.477+0000] {processor.py:766} INFO - DAG(s) dict_keys(['example_branch_dop_operator_v3']) retrieved from /home/airflow/.local/lib/python3.7/site-packages/airflow/example_dags/example_branch_python_dop_operator_3.py
[2023-12-21T16:43:08.516+0000] {logging_mixin.py:120} INFO - [2023-12-21T16:43:08.516+0000] {dag.py:2585} INFO - Sync 1 DAGs
[2023-12-21T16:43:08.546+0000] {logging_mixin.py:120} INFO - [2023-12-21T16:43:08.546+0000] {dag.py:3340} INFO - Setting next_dagrun for example_branch_dop_operator_v3 to 2023-12-21T16:42:00+00:00, run_after=2023-12-21T16:43:00+00:00
[2023-12-21T16:43:08.567+0000] {processor.py:176} INFO - Processing /home/airflow/.local/lib/python3.7/site-packages/airflow/example_dags/example_branch_python_dop_operator_3.py took 0.123 seconds
[2023-12-21T16:43:38.999+0000] {processor.py:154} INFO - Started process (PID=961) to work on /home/airflow/.local/lib/python3.7/site-packages/airflow/example_dags/example_branch_python_dop_operator_3.py
[2023-12-21T16:43:39.000+0000] {processor.py:756} INFO - Processing file /home/airflow/.local/lib/python3.7/site-packages/airflow/example_dags/example_branch_python_dop_operator_3.py for tasks to queue
[2023-12-21T16:43:39.001+0000] {logging_mixin.py:120} INFO - [2023-12-21T16:43:39.001+0000] {dagbag.py:537} INFO - Filling up the DagBag from /home/airflow/.local/lib/python3.7/site-packages/airflow/example_dags/example_branch_python_dop_operator_3.py
[2023-12-21T16:43:39.021+0000] {processor.py:766} INFO - DAG(s) dict_keys(['example_branch_dop_operator_v3']) retrieved from /home/airflow/.local/lib/python3.7/site-packages/airflow/example_dags/example_branch_python_dop_operator_3.py
[2023-12-21T16:43:39.056+0000] {logging_mixin.py:120} INFO - [2023-12-21T16:43:39.056+0000] {dag.py:2585} INFO - Sync 1 DAGs
[2023-12-21T16:43:39.085+0000] {logging_mixin.py:120} INFO - [2023-12-21T16:43:39.085+0000] {dag.py:3340} INFO - Setting next_dagrun for example_branch_dop_operator_v3 to 2023-12-21T16:42:00+00:00, run_after=2023-12-21T16:43:00+00:00
[2023-12-21T16:43:39.109+0000] {processor.py:176} INFO - Processing /home/airflow/.local/lib/python3.7/site-packages/airflow/example_dags/example_branch_python_dop_operator_3.py took 0.112 seconds
[2023-12-21T16:44:09.730+0000] {processor.py:154} INFO - Started process (PID=1024) to work on /home/airflow/.local/lib/python3.7/site-packages/airflow/example_dags/example_branch_python_dop_operator_3.py
[2023-12-21T16:44:09.731+0000] {processor.py:756} INFO - Processing file /home/airflow/.local/lib/python3.7/site-packages/airflow/example_dags/example_branch_python_dop_operator_3.py for tasks to queue
[2023-12-21T16:44:09.731+0000] {logging_mixin.py:120} INFO - [2023-12-21T16:44:09.731+0000] {dagbag.py:537} INFO - Filling up the DagBag from /home/airflow/.local/lib/python3.7/site-packages/airflow/example_dags/example_branch_python_dop_operator_3.py
[2023-12-21T16:44:09.751+0000] {processor.py:766} INFO - DAG(s) dict_keys(['example_branch_dop_operator_v3']) retrieved from /home/airflow/.local/lib/python3.7/site-packages/airflow/example_dags/example_branch_python_dop_operator_3.py
[2023-12-21T16:44:09.787+0000] {logging_mixin.py:120} INFO - [2023-12-21T16:44:09.787+0000] {dag.py:2585} INFO - Sync 1 DAGs
[2023-12-21T16:44:09.817+0000] {logging_mixin.py:120} INFO - [2023-12-21T16:44:09.817+0000] {dag.py:3340} INFO - Setting next_dagrun for example_branch_dop_operator_v3 to 2023-12-21T16:43:00+00:00, run_after=2023-12-21T16:44:00+00:00
[2023-12-21T16:44:09.841+0000] {processor.py:176} INFO - Processing /home/airflow/.local/lib/python3.7/site-packages/airflow/example_dags/example_branch_python_dop_operator_3.py took 0.114 seconds
[2023-12-21T16:44:40.547+0000] {processor.py:154} INFO - Started process (PID=1078) to work on /home/airflow/.local/lib/python3.7/site-packages/airflow/example_dags/example_branch_python_dop_operator_3.py
[2023-12-21T16:44:40.548+0000] {processor.py:756} INFO - Processing file /home/airflow/.local/lib/python3.7/site-packages/airflow/example_dags/example_branch_python_dop_operator_3.py for tasks to queue
[2023-12-21T16:44:40.549+0000] {logging_mixin.py:120} INFO - [2023-12-21T16:44:40.549+0000] {dagbag.py:537} INFO - Filling up the DagBag from /home/airflow/.local/lib/python3.7/site-packages/airflow/example_dags/example_branch_python_dop_operator_3.py
[2023-12-21T16:44:40.572+0000] {processor.py:766} INFO - DAG(s) dict_keys(['example_branch_dop_operator_v3']) retrieved from /home/airflow/.local/lib/python3.7/site-packages/airflow/example_dags/example_branch_python_dop_operator_3.py
[2023-12-21T16:44:40.619+0000] {logging_mixin.py:120} INFO - [2023-12-21T16:44:40.618+0000] {dag.py:2585} INFO - Sync 1 DAGs
[2023-12-21T16:44:40.650+0000] {logging_mixin.py:120} INFO - [2023-12-21T16:44:40.650+0000] {dag.py:3340} INFO - Setting next_dagrun for example_branch_dop_operator_v3 to 2023-12-21T16:43:00+00:00, run_after=2023-12-21T16:44:00+00:00
[2023-12-21T16:44:40.675+0000] {processor.py:176} INFO - Processing /home/airflow/.local/lib/python3.7/site-packages/airflow/example_dags/example_branch_python_dop_operator_3.py took 0.130 seconds
[2023-12-21T16:45:11.345+0000] {processor.py:154} INFO - Started process (PID=1142) to work on /home/airflow/.local/lib/python3.7/site-packages/airflow/example_dags/example_branch_python_dop_operator_3.py
[2023-12-21T16:45:11.346+0000] {processor.py:756} INFO - Processing file /home/airflow/.local/lib/python3.7/site-packages/airflow/example_dags/example_branch_python_dop_operator_3.py for tasks to queue
[2023-12-21T16:45:11.347+0000] {logging_mixin.py:120} INFO - [2023-12-21T16:45:11.346+0000] {dagbag.py:537} INFO - Filling up the DagBag from /home/airflow/.local/lib/python3.7/site-packages/airflow/example_dags/example_branch_python_dop_operator_3.py
[2023-12-21T16:45:11.368+0000] {processor.py:766} INFO - DAG(s) dict_keys(['example_branch_dop_operator_v3']) retrieved from /home/airflow/.local/lib/python3.7/site-packages/airflow/example_dags/example_branch_python_dop_operator_3.py
[2023-12-21T16:45:11.412+0000] {logging_mixin.py:120} INFO - [2023-12-21T16:45:11.411+0000] {dag.py:2585} INFO - Sync 1 DAGs
[2023-12-21T16:45:11.445+0000] {logging_mixin.py:120} INFO - [2023-12-21T16:45:11.445+0000] {dag.py:3340} INFO - Setting next_dagrun for example_branch_dop_operator_v3 to 2023-12-21T16:44:00+00:00, run_after=2023-12-21T16:45:00+00:00
[2023-12-21T16:45:11.477+0000] {processor.py:176} INFO - Processing /home/airflow/.local/lib/python3.7/site-packages/airflow/example_dags/example_branch_python_dop_operator_3.py took 0.134 seconds
[2023-12-21T16:45:41.969+0000] {processor.py:154} INFO - Started process (PID=1204) to work on /home/airflow/.local/lib/python3.7/site-packages/airflow/example_dags/example_branch_python_dop_operator_3.py
[2023-12-21T16:45:41.970+0000] {processor.py:756} INFO - Processing file /home/airflow/.local/lib/python3.7/site-packages/airflow/example_dags/example_branch_python_dop_operator_3.py for tasks to queue
[2023-12-21T16:45:41.970+0000] {logging_mixin.py:120} INFO - [2023-12-21T16:45:41.970+0000] {dagbag.py:537} INFO - Filling up the DagBag from /home/airflow/.local/lib/python3.7/site-packages/airflow/example_dags/example_branch_python_dop_operator_3.py
[2023-12-21T16:45:41.992+0000] {processor.py:766} INFO - DAG(s) dict_keys(['example_branch_dop_operator_v3']) retrieved from /home/airflow/.local/lib/python3.7/site-packages/airflow/example_dags/example_branch_python_dop_operator_3.py
[2023-12-21T16:45:42.030+0000] {logging_mixin.py:120} INFO - [2023-12-21T16:45:42.029+0000] {dag.py:2585} INFO - Sync 1 DAGs
[2023-12-21T16:45:42.055+0000] {logging_mixin.py:120} INFO - [2023-12-21T16:45:42.055+0000] {dag.py:3340} INFO - Setting next_dagrun for example_branch_dop_operator_v3 to 2023-12-21T16:44:00+00:00, run_after=2023-12-21T16:45:00+00:00
[2023-12-21T16:45:42.076+0000] {processor.py:176} INFO - Processing /home/airflow/.local/lib/python3.7/site-packages/airflow/example_dags/example_branch_python_dop_operator_3.py took 0.109 seconds
[2023-12-21T16:46:12.822+0000] {processor.py:154} INFO - Started process (PID=1267) to work on /home/airflow/.local/lib/python3.7/site-packages/airflow/example_dags/example_branch_python_dop_operator_3.py
[2023-12-21T16:46:12.823+0000] {processor.py:756} INFO - Processing file /home/airflow/.local/lib/python3.7/site-packages/airflow/example_dags/example_branch_python_dop_operator_3.py for tasks to queue
[2023-12-21T16:46:12.823+0000] {logging_mixin.py:120} INFO - [2023-12-21T16:46:12.823+0000] {dagbag.py:537} INFO - Filling up the DagBag from /home/airflow/.local/lib/python3.7/site-packages/airflow/example_dags/example_branch_python_dop_operator_3.py
[2023-12-21T16:46:12.846+0000] {processor.py:766} INFO - DAG(s) dict_keys(['example_branch_dop_operator_v3']) retrieved from /home/airflow/.local/lib/python3.7/site-packages/airflow/example_dags/example_branch_python_dop_operator_3.py
[2023-12-21T16:46:12.882+0000] {logging_mixin.py:120} INFO - [2023-12-21T16:46:12.882+0000] {dag.py:2585} INFO - Sync 1 DAGs
[2023-12-21T16:46:12.909+0000] {logging_mixin.py:120} INFO - [2023-12-21T16:46:12.909+0000] {dag.py:3340} INFO - Setting next_dagrun for example_branch_dop_operator_v3 to 2023-12-21T16:45:00+00:00, run_after=2023-12-21T16:46:00+00:00
[2023-12-21T16:46:12.931+0000] {processor.py:176} INFO - Processing /home/airflow/.local/lib/python3.7/site-packages/airflow/example_dags/example_branch_python_dop_operator_3.py took 0.111 seconds
[2023-12-21T16:46:43.612+0000] {processor.py:154} INFO - Started process (PID=1321) to work on /home/airflow/.local/lib/python3.7/site-packages/airflow/example_dags/example_branch_python_dop_operator_3.py
[2023-12-21T16:46:43.614+0000] {processor.py:756} INFO - Processing file /home/airflow/.local/lib/python3.7/site-packages/airflow/example_dags/example_branch_python_dop_operator_3.py for tasks to queue
[2023-12-21T16:46:43.615+0000] {logging_mixin.py:120} INFO - [2023-12-21T16:46:43.614+0000] {dagbag.py:537} INFO - Filling up the DagBag from /home/airflow/.local/lib/python3.7/site-packages/airflow/example_dags/example_branch_python_dop_operator_3.py
[2023-12-21T16:46:43.658+0000] {processor.py:766} INFO - DAG(s) dict_keys(['example_branch_dop_operator_v3']) retrieved from /home/airflow/.local/lib/python3.7/site-packages/airflow/example_dags/example_branch_python_dop_operator_3.py
[2023-12-21T16:46:43.712+0000] {logging_mixin.py:120} INFO - [2023-12-21T16:46:43.712+0000] {dag.py:2585} INFO - Sync 1 DAGs
[2023-12-21T16:46:43.753+0000] {logging_mixin.py:120} INFO - [2023-12-21T16:46:43.753+0000] {dag.py:3340} INFO - Setting next_dagrun for example_branch_dop_operator_v3 to 2023-12-21T16:45:00+00:00, run_after=2023-12-21T16:46:00+00:00
[2023-12-21T16:46:43.782+0000] {processor.py:176} INFO - Processing /home/airflow/.local/lib/python3.7/site-packages/airflow/example_dags/example_branch_python_dop_operator_3.py took 0.174 seconds
[2023-12-21T16:47:13.907+0000] {processor.py:154} INFO - Started process (PID=1383) to work on /home/airflow/.local/lib/python3.7/site-packages/airflow/example_dags/example_branch_python_dop_operator_3.py
[2023-12-21T16:47:13.908+0000] {processor.py:756} INFO - Processing file /home/airflow/.local/lib/python3.7/site-packages/airflow/example_dags/example_branch_python_dop_operator_3.py for tasks to queue
[2023-12-21T16:47:13.909+0000] {logging_mixin.py:120} INFO - [2023-12-21T16:47:13.909+0000] {dagbag.py:537} INFO - Filling up the DagBag from /home/airflow/.local/lib/python3.7/site-packages/airflow/example_dags/example_branch_python_dop_operator_3.py
[2023-12-21T16:47:13.934+0000] {processor.py:766} INFO - DAG(s) dict_keys(['example_branch_dop_operator_v3']) retrieved from /home/airflow/.local/lib/python3.7/site-packages/airflow/example_dags/example_branch_python_dop_operator_3.py
[2023-12-21T16:47:13.977+0000] {logging_mixin.py:120} INFO - [2023-12-21T16:47:13.977+0000] {dag.py:2585} INFO - Sync 1 DAGs
[2023-12-21T16:47:14.004+0000] {logging_mixin.py:120} INFO - [2023-12-21T16:47:14.004+0000] {dag.py:3340} INFO - Setting next_dagrun for example_branch_dop_operator_v3 to 2023-12-21T16:46:00+00:00, run_after=2023-12-21T16:47:00+00:00
[2023-12-21T16:47:14.028+0000] {processor.py:176} INFO - Processing /home/airflow/.local/lib/python3.7/site-packages/airflow/example_dags/example_branch_python_dop_operator_3.py took 0.124 seconds
[2023-12-21T16:47:44.795+0000] {processor.py:154} INFO - Started process (PID=1445) to work on /home/airflow/.local/lib/python3.7/site-packages/airflow/example_dags/example_branch_python_dop_operator_3.py
[2023-12-21T16:47:44.796+0000] {processor.py:756} INFO - Processing file /home/airflow/.local/lib/python3.7/site-packages/airflow/example_dags/example_branch_python_dop_operator_3.py for tasks to queue
[2023-12-21T16:47:44.797+0000] {logging_mixin.py:120} INFO - [2023-12-21T16:47:44.796+0000] {dagbag.py:537} INFO - Filling up the DagBag from /home/airflow/.local/lib/python3.7/site-packages/airflow/example_dags/example_branch_python_dop_operator_3.py
[2023-12-21T16:47:44.818+0000] {processor.py:766} INFO - DAG(s) dict_keys(['example_branch_dop_operator_v3']) retrieved from /home/airflow/.local/lib/python3.7/site-packages/airflow/example_dags/example_branch_python_dop_operator_3.py
[2023-12-21T16:47:44.860+0000] {logging_mixin.py:120} INFO - [2023-12-21T16:47:44.860+0000] {dag.py:2585} INFO - Sync 1 DAGs
[2023-12-21T16:47:44.894+0000] {logging_mixin.py:120} INFO - [2023-12-21T16:47:44.894+0000] {dag.py:3340} INFO - Setting next_dagrun for example_branch_dop_operator_v3 to 2023-12-21T16:46:00+00:00, run_after=2023-12-21T16:47:00+00:00
[2023-12-21T16:47:44.915+0000] {processor.py:176} INFO - Processing /home/airflow/.local/lib/python3.7/site-packages/airflow/example_dags/example_branch_python_dop_operator_3.py took 0.123 seconds
