[2023-12-21T16:36:04.043+0000] {processor.py:154} INFO - Started process (PID=72) to work on /home/airflow/.local/lib/python3.7/site-packages/airflow/example_dags/example_branch_operator.py
[2023-12-21T16:36:04.044+0000] {processor.py:756} INFO - Processing file /home/airflow/.local/lib/python3.7/site-packages/airflow/example_dags/example_branch_operator.py for tasks to queue
[2023-12-21T16:36:04.045+0000] {logging_mixin.py:120} INFO - [2023-12-21T16:36:04.044+0000] {dagbag.py:537} INFO - Filling up the DagBag from /home/airflow/.local/lib/python3.7/site-packages/airflow/example_dags/example_branch_operator.py
[2023-12-21T16:36:04.081+0000] {processor.py:766} INFO - DAG(s) dict_keys(['example_branch_operator']) retrieved from /home/airflow/.local/lib/python3.7/site-packages/airflow/example_dags/example_branch_operator.py
[2023-12-21T16:36:04.396+0000] {logging_mixin.py:120} INFO - [2023-12-21T16:36:04.396+0000] {manager.py:507} INFO - Created Permission View: can read on DAG:example_branch_operator
[2023-12-21T16:36:04.426+0000] {logging_mixin.py:120} INFO - [2023-12-21T16:36:04.426+0000] {manager.py:507} INFO - Created Permission View: can delete on DAG:example_branch_operator
[2023-12-21T16:36:04.442+0000] {logging_mixin.py:120} INFO - [2023-12-21T16:36:04.442+0000] {manager.py:507} INFO - Created Permission View: can edit on DAG:example_branch_operator
[2023-12-21T16:36:04.443+0000] {logging_mixin.py:120} INFO - [2023-12-21T16:36:04.443+0000] {dag.py:2585} INFO - Sync 1 DAGs
[2023-12-21T16:36:04.471+0000] {logging_mixin.py:120} INFO - [2023-12-21T16:36:04.471+0000] {dag.py:2606} INFO - Creating ORM DAG for example_branch_operator
[2023-12-21T16:36:04.517+0000] {logging_mixin.py:120} INFO - [2023-12-21T16:36:04.517+0000] {dag.py:3340} INFO - Setting next_dagrun for example_branch_operator to 2023-12-20T00:00:00+00:00, run_after=2023-12-21T00:00:00+00:00
[2023-12-21T16:36:04.568+0000] {processor.py:176} INFO - Processing /home/airflow/.local/lib/python3.7/site-packages/airflow/example_dags/example_branch_operator.py took 0.534 seconds
[2023-12-21T16:36:34.837+0000] {processor.py:154} INFO - Started process (PID=135) to work on /home/airflow/.local/lib/python3.7/site-packages/airflow/example_dags/example_branch_operator.py
[2023-12-21T16:36:34.838+0000] {processor.py:756} INFO - Processing file /home/airflow/.local/lib/python3.7/site-packages/airflow/example_dags/example_branch_operator.py for tasks to queue
[2023-12-21T16:36:34.838+0000] {logging_mixin.py:120} INFO - [2023-12-21T16:36:34.838+0000] {dagbag.py:537} INFO - Filling up the DagBag from /home/airflow/.local/lib/python3.7/site-packages/airflow/example_dags/example_branch_operator.py
[2023-12-21T16:36:34.853+0000] {processor.py:766} INFO - DAG(s) dict_keys(['example_branch_operator']) retrieved from /home/airflow/.local/lib/python3.7/site-packages/airflow/example_dags/example_branch_operator.py
[2023-12-21T16:36:34.888+0000] {logging_mixin.py:120} INFO - [2023-12-21T16:36:34.888+0000] {dag.py:2585} INFO - Sync 1 DAGs
[2023-12-21T16:36:34.909+0000] {logging_mixin.py:120} INFO - [2023-12-21T16:36:34.909+0000] {dag.py:3340} INFO - Setting next_dagrun for example_branch_operator to 2023-12-20T00:00:00+00:00, run_after=2023-12-21T00:00:00+00:00
[2023-12-21T16:36:34.931+0000] {processor.py:176} INFO - Processing /home/airflow/.local/lib/python3.7/site-packages/airflow/example_dags/example_branch_operator.py took 0.096 seconds
[2023-12-21T16:37:05.695+0000] {processor.py:154} INFO - Started process (PID=199) to work on /home/airflow/.local/lib/python3.7/site-packages/airflow/example_dags/example_branch_operator.py
[2023-12-21T16:37:05.696+0000] {processor.py:756} INFO - Processing file /home/airflow/.local/lib/python3.7/site-packages/airflow/example_dags/example_branch_operator.py for tasks to queue
[2023-12-21T16:37:05.696+0000] {logging_mixin.py:120} INFO - [2023-12-21T16:37:05.696+0000] {dagbag.py:537} INFO - Filling up the DagBag from /home/airflow/.local/lib/python3.7/site-packages/airflow/example_dags/example_branch_operator.py
[2023-12-21T16:37:05.711+0000] {processor.py:766} INFO - DAG(s) dict_keys(['example_branch_operator']) retrieved from /home/airflow/.local/lib/python3.7/site-packages/airflow/example_dags/example_branch_operator.py
[2023-12-21T16:37:05.751+0000] {logging_mixin.py:120} INFO - [2023-12-21T16:37:05.751+0000] {dag.py:2585} INFO - Sync 1 DAGs
[2023-12-21T16:37:05.776+0000] {logging_mixin.py:120} INFO - [2023-12-21T16:37:05.776+0000] {dag.py:3340} INFO - Setting next_dagrun for example_branch_operator to 2023-12-20T00:00:00+00:00, run_after=2023-12-21T00:00:00+00:00
[2023-12-21T16:37:05.799+0000] {processor.py:176} INFO - Processing /home/airflow/.local/lib/python3.7/site-packages/airflow/example_dags/example_branch_operator.py took 0.107 seconds
[2023-12-21T16:37:36.305+0000] {processor.py:154} INFO - Started process (PID=261) to work on /home/airflow/.local/lib/python3.7/site-packages/airflow/example_dags/example_branch_operator.py
[2023-12-21T16:37:36.306+0000] {processor.py:756} INFO - Processing file /home/airflow/.local/lib/python3.7/site-packages/airflow/example_dags/example_branch_operator.py for tasks to queue
[2023-12-21T16:37:36.307+0000] {logging_mixin.py:120} INFO - [2023-12-21T16:37:36.307+0000] {dagbag.py:537} INFO - Filling up the DagBag from /home/airflow/.local/lib/python3.7/site-packages/airflow/example_dags/example_branch_operator.py
[2023-12-21T16:37:36.322+0000] {processor.py:766} INFO - DAG(s) dict_keys(['example_branch_operator']) retrieved from /home/airflow/.local/lib/python3.7/site-packages/airflow/example_dags/example_branch_operator.py
[2023-12-21T16:37:36.358+0000] {logging_mixin.py:120} INFO - [2023-12-21T16:37:36.357+0000] {dag.py:2585} INFO - Sync 1 DAGs
[2023-12-21T16:37:36.383+0000] {logging_mixin.py:120} INFO - [2023-12-21T16:37:36.383+0000] {dag.py:3340} INFO - Setting next_dagrun for example_branch_operator to 2023-12-20T00:00:00+00:00, run_after=2023-12-21T00:00:00+00:00
[2023-12-21T16:37:36.414+0000] {processor.py:176} INFO - Processing /home/airflow/.local/lib/python3.7/site-packages/airflow/example_dags/example_branch_operator.py took 0.112 seconds
[2023-12-21T16:38:06.989+0000] {processor.py:154} INFO - Started process (PID=317) to work on /home/airflow/.local/lib/python3.7/site-packages/airflow/example_dags/example_branch_operator.py
[2023-12-21T16:38:06.990+0000] {processor.py:756} INFO - Processing file /home/airflow/.local/lib/python3.7/site-packages/airflow/example_dags/example_branch_operator.py for tasks to queue
[2023-12-21T16:38:06.990+0000] {logging_mixin.py:120} INFO - [2023-12-21T16:38:06.990+0000] {dagbag.py:537} INFO - Filling up the DagBag from /home/airflow/.local/lib/python3.7/site-packages/airflow/example_dags/example_branch_operator.py
[2023-12-21T16:38:07.008+0000] {processor.py:766} INFO - DAG(s) dict_keys(['example_branch_operator']) retrieved from /home/airflow/.local/lib/python3.7/site-packages/airflow/example_dags/example_branch_operator.py
[2023-12-21T16:38:07.060+0000] {logging_mixin.py:120} INFO - [2023-12-21T16:38:07.059+0000] {dag.py:2585} INFO - Sync 1 DAGs
[2023-12-21T16:38:07.085+0000] {logging_mixin.py:120} INFO - [2023-12-21T16:38:07.084+0000] {dag.py:3340} INFO - Setting next_dagrun for example_branch_operator to 2023-12-20T00:00:00+00:00, run_after=2023-12-21T00:00:00+00:00
[2023-12-21T16:38:07.105+0000] {processor.py:176} INFO - Processing /home/airflow/.local/lib/python3.7/site-packages/airflow/example_dags/example_branch_operator.py took 0.119 seconds
[2023-12-21T16:38:37.622+0000] {processor.py:154} INFO - Started process (PID=380) to work on /home/airflow/.local/lib/python3.7/site-packages/airflow/example_dags/example_branch_operator.py
[2023-12-21T16:38:37.622+0000] {processor.py:756} INFO - Processing file /home/airflow/.local/lib/python3.7/site-packages/airflow/example_dags/example_branch_operator.py for tasks to queue
[2023-12-21T16:38:37.623+0000] {logging_mixin.py:120} INFO - [2023-12-21T16:38:37.623+0000] {dagbag.py:537} INFO - Filling up the DagBag from /home/airflow/.local/lib/python3.7/site-packages/airflow/example_dags/example_branch_operator.py
[2023-12-21T16:38:37.638+0000] {processor.py:766} INFO - DAG(s) dict_keys(['example_branch_operator']) retrieved from /home/airflow/.local/lib/python3.7/site-packages/airflow/example_dags/example_branch_operator.py
[2023-12-21T16:38:37.674+0000] {logging_mixin.py:120} INFO - [2023-12-21T16:38:37.674+0000] {dag.py:2585} INFO - Sync 1 DAGs
[2023-12-21T16:38:37.696+0000] {logging_mixin.py:120} INFO - [2023-12-21T16:38:37.696+0000] {dag.py:3340} INFO - Setting next_dagrun for example_branch_operator to 2023-12-20T00:00:00+00:00, run_after=2023-12-21T00:00:00+00:00
[2023-12-21T16:38:37.724+0000] {processor.py:176} INFO - Processing /home/airflow/.local/lib/python3.7/site-packages/airflow/example_dags/example_branch_operator.py took 0.105 seconds
[2023-12-21T16:39:08.375+0000] {processor.py:154} INFO - Started process (PID=443) to work on /home/airflow/.local/lib/python3.7/site-packages/airflow/example_dags/example_branch_operator.py
[2023-12-21T16:39:08.376+0000] {processor.py:756} INFO - Processing file /home/airflow/.local/lib/python3.7/site-packages/airflow/example_dags/example_branch_operator.py for tasks to queue
[2023-12-21T16:39:08.377+0000] {logging_mixin.py:120} INFO - [2023-12-21T16:39:08.377+0000] {dagbag.py:537} INFO - Filling up the DagBag from /home/airflow/.local/lib/python3.7/site-packages/airflow/example_dags/example_branch_operator.py
[2023-12-21T16:39:08.395+0000] {processor.py:766} INFO - DAG(s) dict_keys(['example_branch_operator']) retrieved from /home/airflow/.local/lib/python3.7/site-packages/airflow/example_dags/example_branch_operator.py
[2023-12-21T16:39:08.435+0000] {logging_mixin.py:120} INFO - [2023-12-21T16:39:08.435+0000] {dag.py:2585} INFO - Sync 1 DAGs
[2023-12-21T16:39:08.460+0000] {logging_mixin.py:120} INFO - [2023-12-21T16:39:08.459+0000] {dag.py:3340} INFO - Setting next_dagrun for example_branch_operator to 2023-12-20T00:00:00+00:00, run_after=2023-12-21T00:00:00+00:00
[2023-12-21T16:39:08.481+0000] {processor.py:176} INFO - Processing /home/airflow/.local/lib/python3.7/site-packages/airflow/example_dags/example_branch_operator.py took 0.109 seconds
[2023-12-21T16:39:39.048+0000] {processor.py:154} INFO - Started process (PID=497) to work on /home/airflow/.local/lib/python3.7/site-packages/airflow/example_dags/example_branch_operator.py
[2023-12-21T16:39:39.049+0000] {processor.py:756} INFO - Processing file /home/airflow/.local/lib/python3.7/site-packages/airflow/example_dags/example_branch_operator.py for tasks to queue
[2023-12-21T16:39:39.049+0000] {logging_mixin.py:120} INFO - [2023-12-21T16:39:39.049+0000] {dagbag.py:537} INFO - Filling up the DagBag from /home/airflow/.local/lib/python3.7/site-packages/airflow/example_dags/example_branch_operator.py
[2023-12-21T16:39:39.064+0000] {processor.py:766} INFO - DAG(s) dict_keys(['example_branch_operator']) retrieved from /home/airflow/.local/lib/python3.7/site-packages/airflow/example_dags/example_branch_operator.py
[2023-12-21T16:39:39.099+0000] {logging_mixin.py:120} INFO - [2023-12-21T16:39:39.099+0000] {dag.py:2585} INFO - Sync 1 DAGs
[2023-12-21T16:39:39.123+0000] {logging_mixin.py:120} INFO - [2023-12-21T16:39:39.123+0000] {dag.py:3340} INFO - Setting next_dagrun for example_branch_operator to 2023-12-20T00:00:00+00:00, run_after=2023-12-21T00:00:00+00:00
[2023-12-21T16:39:39.144+0000] {processor.py:176} INFO - Processing /home/airflow/.local/lib/python3.7/site-packages/airflow/example_dags/example_branch_operator.py took 0.098 seconds
[2023-12-21T16:40:09.675+0000] {processor.py:154} INFO - Started process (PID=560) to work on /home/airflow/.local/lib/python3.7/site-packages/airflow/example_dags/example_branch_operator.py
[2023-12-21T16:40:09.676+0000] {processor.py:756} INFO - Processing file /home/airflow/.local/lib/python3.7/site-packages/airflow/example_dags/example_branch_operator.py for tasks to queue
[2023-12-21T16:40:09.676+0000] {logging_mixin.py:120} INFO - [2023-12-21T16:40:09.676+0000] {dagbag.py:537} INFO - Filling up the DagBag from /home/airflow/.local/lib/python3.7/site-packages/airflow/example_dags/example_branch_operator.py
[2023-12-21T16:40:09.691+0000] {processor.py:766} INFO - DAG(s) dict_keys(['example_branch_operator']) retrieved from /home/airflow/.local/lib/python3.7/site-packages/airflow/example_dags/example_branch_operator.py
[2023-12-21T16:40:09.729+0000] {logging_mixin.py:120} INFO - [2023-12-21T16:40:09.729+0000] {dag.py:2585} INFO - Sync 1 DAGs
[2023-12-21T16:40:09.760+0000] {logging_mixin.py:120} INFO - [2023-12-21T16:40:09.760+0000] {dag.py:3340} INFO - Setting next_dagrun for example_branch_operator to 2023-12-20T00:00:00+00:00, run_after=2023-12-21T00:00:00+00:00
[2023-12-21T16:40:09.782+0000] {processor.py:176} INFO - Processing /home/airflow/.local/lib/python3.7/site-packages/airflow/example_dags/example_branch_operator.py took 0.110 seconds
[2023-12-21T16:40:40.395+0000] {processor.py:154} INFO - Started process (PID=623) to work on /home/airflow/.local/lib/python3.7/site-packages/airflow/example_dags/example_branch_operator.py
[2023-12-21T16:40:40.396+0000] {processor.py:756} INFO - Processing file /home/airflow/.local/lib/python3.7/site-packages/airflow/example_dags/example_branch_operator.py for tasks to queue
[2023-12-21T16:40:40.397+0000] {logging_mixin.py:120} INFO - [2023-12-21T16:40:40.397+0000] {dagbag.py:537} INFO - Filling up the DagBag from /home/airflow/.local/lib/python3.7/site-packages/airflow/example_dags/example_branch_operator.py
[2023-12-21T16:40:40.419+0000] {processor.py:766} INFO - DAG(s) dict_keys(['example_branch_operator']) retrieved from /home/airflow/.local/lib/python3.7/site-packages/airflow/example_dags/example_branch_operator.py
[2023-12-21T16:40:40.468+0000] {logging_mixin.py:120} INFO - [2023-12-21T16:40:40.468+0000] {dag.py:2585} INFO - Sync 1 DAGs
[2023-12-21T16:40:40.499+0000] {logging_mixin.py:120} INFO - [2023-12-21T16:40:40.499+0000] {dag.py:3340} INFO - Setting next_dagrun for example_branch_operator to 2023-12-20T00:00:00+00:00, run_after=2023-12-21T00:00:00+00:00
[2023-12-21T16:40:40.522+0000] {processor.py:176} INFO - Processing /home/airflow/.local/lib/python3.7/site-packages/airflow/example_dags/example_branch_operator.py took 0.130 seconds
[2023-12-21T16:41:11.162+0000] {processor.py:154} INFO - Started process (PID=686) to work on /home/airflow/.local/lib/python3.7/site-packages/airflow/example_dags/example_branch_operator.py
[2023-12-21T16:41:11.162+0000] {processor.py:756} INFO - Processing file /home/airflow/.local/lib/python3.7/site-packages/airflow/example_dags/example_branch_operator.py for tasks to queue
[2023-12-21T16:41:11.163+0000] {logging_mixin.py:120} INFO - [2023-12-21T16:41:11.162+0000] {dagbag.py:537} INFO - Filling up the DagBag from /home/airflow/.local/lib/python3.7/site-packages/airflow/example_dags/example_branch_operator.py
[2023-12-21T16:41:11.181+0000] {processor.py:766} INFO - DAG(s) dict_keys(['example_branch_operator']) retrieved from /home/airflow/.local/lib/python3.7/site-packages/airflow/example_dags/example_branch_operator.py
[2023-12-21T16:41:11.227+0000] {logging_mixin.py:120} INFO - [2023-12-21T16:41:11.227+0000] {dag.py:2585} INFO - Sync 1 DAGs
[2023-12-21T16:41:11.259+0000] {logging_mixin.py:120} INFO - [2023-12-21T16:41:11.259+0000] {dag.py:3340} INFO - Setting next_dagrun for example_branch_operator to 2023-12-20T00:00:00+00:00, run_after=2023-12-21T00:00:00+00:00
[2023-12-21T16:41:11.281+0000] {processor.py:176} INFO - Processing /home/airflow/.local/lib/python3.7/site-packages/airflow/example_dags/example_branch_operator.py took 0.123 seconds
[2023-12-21T16:41:41.801+0000] {processor.py:154} INFO - Started process (PID=740) to work on /home/airflow/.local/lib/python3.7/site-packages/airflow/example_dags/example_branch_operator.py
[2023-12-21T16:41:41.801+0000] {processor.py:756} INFO - Processing file /home/airflow/.local/lib/python3.7/site-packages/airflow/example_dags/example_branch_operator.py for tasks to queue
[2023-12-21T16:41:41.802+0000] {logging_mixin.py:120} INFO - [2023-12-21T16:41:41.802+0000] {dagbag.py:537} INFO - Filling up the DagBag from /home/airflow/.local/lib/python3.7/site-packages/airflow/example_dags/example_branch_operator.py
[2023-12-21T16:41:41.817+0000] {processor.py:766} INFO - DAG(s) dict_keys(['example_branch_operator']) retrieved from /home/airflow/.local/lib/python3.7/site-packages/airflow/example_dags/example_branch_operator.py
[2023-12-21T16:41:41.857+0000] {logging_mixin.py:120} INFO - [2023-12-21T16:41:41.857+0000] {dag.py:2585} INFO - Sync 1 DAGs
[2023-12-21T16:41:41.887+0000] {logging_mixin.py:120} INFO - [2023-12-21T16:41:41.887+0000] {dag.py:3340} INFO - Setting next_dagrun for example_branch_operator to 2023-12-20T00:00:00+00:00, run_after=2023-12-21T00:00:00+00:00
[2023-12-21T16:41:41.910+0000] {processor.py:176} INFO - Processing /home/airflow/.local/lib/python3.7/site-packages/airflow/example_dags/example_branch_operator.py took 0.112 seconds
[2023-12-21T16:42:12.634+0000] {processor.py:154} INFO - Started process (PID=804) to work on /home/airflow/.local/lib/python3.7/site-packages/airflow/example_dags/example_branch_operator.py
[2023-12-21T16:42:12.635+0000] {processor.py:756} INFO - Processing file /home/airflow/.local/lib/python3.7/site-packages/airflow/example_dags/example_branch_operator.py for tasks to queue
[2023-12-21T16:42:12.635+0000] {logging_mixin.py:120} INFO - [2023-12-21T16:42:12.635+0000] {dagbag.py:537} INFO - Filling up the DagBag from /home/airflow/.local/lib/python3.7/site-packages/airflow/example_dags/example_branch_operator.py
[2023-12-21T16:42:12.649+0000] {processor.py:766} INFO - DAG(s) dict_keys(['example_branch_operator']) retrieved from /home/airflow/.local/lib/python3.7/site-packages/airflow/example_dags/example_branch_operator.py
[2023-12-21T16:42:12.690+0000] {logging_mixin.py:120} INFO - [2023-12-21T16:42:12.690+0000] {dag.py:2585} INFO - Sync 1 DAGs
[2023-12-21T16:42:12.722+0000] {logging_mixin.py:120} INFO - [2023-12-21T16:42:12.722+0000] {dag.py:3340} INFO - Setting next_dagrun for example_branch_operator to 2023-12-20T00:00:00+00:00, run_after=2023-12-21T00:00:00+00:00
[2023-12-21T16:42:12.746+0000] {processor.py:176} INFO - Processing /home/airflow/.local/lib/python3.7/site-packages/airflow/example_dags/example_branch_operator.py took 0.115 seconds
[2023-12-21T16:42:43.450+0000] {processor.py:154} INFO - Started process (PID=867) to work on /home/airflow/.local/lib/python3.7/site-packages/airflow/example_dags/example_branch_operator.py
[2023-12-21T16:42:43.451+0000] {processor.py:756} INFO - Processing file /home/airflow/.local/lib/python3.7/site-packages/airflow/example_dags/example_branch_operator.py for tasks to queue
[2023-12-21T16:42:43.452+0000] {logging_mixin.py:120} INFO - [2023-12-21T16:42:43.452+0000] {dagbag.py:537} INFO - Filling up the DagBag from /home/airflow/.local/lib/python3.7/site-packages/airflow/example_dags/example_branch_operator.py
[2023-12-21T16:42:43.466+0000] {processor.py:766} INFO - DAG(s) dict_keys(['example_branch_operator']) retrieved from /home/airflow/.local/lib/python3.7/site-packages/airflow/example_dags/example_branch_operator.py
[2023-12-21T16:42:43.500+0000] {logging_mixin.py:120} INFO - [2023-12-21T16:42:43.500+0000] {dag.py:2585} INFO - Sync 1 DAGs
[2023-12-21T16:42:43.521+0000] {logging_mixin.py:120} INFO - [2023-12-21T16:42:43.521+0000] {dag.py:3340} INFO - Setting next_dagrun for example_branch_operator to 2023-12-20T00:00:00+00:00, run_after=2023-12-21T00:00:00+00:00
[2023-12-21T16:42:43.543+0000] {processor.py:176} INFO - Processing /home/airflow/.local/lib/python3.7/site-packages/airflow/example_dags/example_branch_operator.py took 0.095 seconds
[2023-12-21T16:43:14.022+0000] {processor.py:154} INFO - Started process (PID=930) to work on /home/airflow/.local/lib/python3.7/site-packages/airflow/example_dags/example_branch_operator.py
[2023-12-21T16:43:14.023+0000] {processor.py:756} INFO - Processing file /home/airflow/.local/lib/python3.7/site-packages/airflow/example_dags/example_branch_operator.py for tasks to queue
[2023-12-21T16:43:14.023+0000] {logging_mixin.py:120} INFO - [2023-12-21T16:43:14.023+0000] {dagbag.py:537} INFO - Filling up the DagBag from /home/airflow/.local/lib/python3.7/site-packages/airflow/example_dags/example_branch_operator.py
[2023-12-21T16:43:14.037+0000] {processor.py:766} INFO - DAG(s) dict_keys(['example_branch_operator']) retrieved from /home/airflow/.local/lib/python3.7/site-packages/airflow/example_dags/example_branch_operator.py
[2023-12-21T16:43:14.080+0000] {logging_mixin.py:120} INFO - [2023-12-21T16:43:14.080+0000] {dag.py:2585} INFO - Sync 1 DAGs
[2023-12-21T16:43:14.108+0000] {logging_mixin.py:120} INFO - [2023-12-21T16:43:14.108+0000] {dag.py:3340} INFO - Setting next_dagrun for example_branch_operator to 2023-12-20T00:00:00+00:00, run_after=2023-12-21T00:00:00+00:00
[2023-12-21T16:43:14.130+0000] {processor.py:176} INFO - Processing /home/airflow/.local/lib/python3.7/site-packages/airflow/example_dags/example_branch_operator.py took 0.111 seconds
[2023-12-21T16:43:44.640+0000] {processor.py:154} INFO - Started process (PID=984) to work on /home/airflow/.local/lib/python3.7/site-packages/airflow/example_dags/example_branch_operator.py
[2023-12-21T16:43:44.641+0000] {processor.py:756} INFO - Processing file /home/airflow/.local/lib/python3.7/site-packages/airflow/example_dags/example_branch_operator.py for tasks to queue
[2023-12-21T16:43:44.641+0000] {logging_mixin.py:120} INFO - [2023-12-21T16:43:44.641+0000] {dagbag.py:537} INFO - Filling up the DagBag from /home/airflow/.local/lib/python3.7/site-packages/airflow/example_dags/example_branch_operator.py
[2023-12-21T16:43:44.657+0000] {processor.py:766} INFO - DAG(s) dict_keys(['example_branch_operator']) retrieved from /home/airflow/.local/lib/python3.7/site-packages/airflow/example_dags/example_branch_operator.py
[2023-12-21T16:43:44.694+0000] {logging_mixin.py:120} INFO - [2023-12-21T16:43:44.694+0000] {dag.py:2585} INFO - Sync 1 DAGs
[2023-12-21T16:43:44.717+0000] {logging_mixin.py:120} INFO - [2023-12-21T16:43:44.717+0000] {dag.py:3340} INFO - Setting next_dagrun for example_branch_operator to 2023-12-20T00:00:00+00:00, run_after=2023-12-21T00:00:00+00:00
[2023-12-21T16:43:44.741+0000] {processor.py:176} INFO - Processing /home/airflow/.local/lib/python3.7/site-packages/airflow/example_dags/example_branch_operator.py took 0.104 seconds
[2023-12-21T16:44:15.368+0000] {processor.py:154} INFO - Started process (PID=1047) to work on /home/airflow/.local/lib/python3.7/site-packages/airflow/example_dags/example_branch_operator.py
[2023-12-21T16:44:15.369+0000] {processor.py:756} INFO - Processing file /home/airflow/.local/lib/python3.7/site-packages/airflow/example_dags/example_branch_operator.py for tasks to queue
[2023-12-21T16:44:15.369+0000] {logging_mixin.py:120} INFO - [2023-12-21T16:44:15.369+0000] {dagbag.py:537} INFO - Filling up the DagBag from /home/airflow/.local/lib/python3.7/site-packages/airflow/example_dags/example_branch_operator.py
[2023-12-21T16:44:15.390+0000] {processor.py:766} INFO - DAG(s) dict_keys(['example_branch_operator']) retrieved from /home/airflow/.local/lib/python3.7/site-packages/airflow/example_dags/example_branch_operator.py
[2023-12-21T16:44:15.446+0000] {logging_mixin.py:120} INFO - [2023-12-21T16:44:15.445+0000] {dag.py:2585} INFO - Sync 1 DAGs
[2023-12-21T16:44:15.480+0000] {logging_mixin.py:120} INFO - [2023-12-21T16:44:15.480+0000] {dag.py:3340} INFO - Setting next_dagrun for example_branch_operator to 2023-12-20T00:00:00+00:00, run_after=2023-12-21T00:00:00+00:00
[2023-12-21T16:44:15.506+0000] {processor.py:176} INFO - Processing /home/airflow/.local/lib/python3.7/site-packages/airflow/example_dags/example_branch_operator.py took 0.142 seconds
[2023-12-21T16:44:46.271+0000] {processor.py:154} INFO - Started process (PID=1111) to work on /home/airflow/.local/lib/python3.7/site-packages/airflow/example_dags/example_branch_operator.py
[2023-12-21T16:44:46.272+0000] {processor.py:756} INFO - Processing file /home/airflow/.local/lib/python3.7/site-packages/airflow/example_dags/example_branch_operator.py for tasks to queue
[2023-12-21T16:44:46.272+0000] {logging_mixin.py:120} INFO - [2023-12-21T16:44:46.272+0000] {dagbag.py:537} INFO - Filling up the DagBag from /home/airflow/.local/lib/python3.7/site-packages/airflow/example_dags/example_branch_operator.py
[2023-12-21T16:44:46.288+0000] {processor.py:766} INFO - DAG(s) dict_keys(['example_branch_operator']) retrieved from /home/airflow/.local/lib/python3.7/site-packages/airflow/example_dags/example_branch_operator.py
[2023-12-21T16:44:46.329+0000] {logging_mixin.py:120} INFO - [2023-12-21T16:44:46.329+0000] {dag.py:2585} INFO - Sync 1 DAGs
[2023-12-21T16:44:46.351+0000] {logging_mixin.py:120} INFO - [2023-12-21T16:44:46.351+0000] {dag.py:3340} INFO - Setting next_dagrun for example_branch_operator to 2023-12-20T00:00:00+00:00, run_after=2023-12-21T00:00:00+00:00
[2023-12-21T16:44:46.374+0000] {processor.py:176} INFO - Processing /home/airflow/.local/lib/python3.7/site-packages/airflow/example_dags/example_branch_operator.py took 0.105 seconds
[2023-12-21T16:45:17.122+0000] {processor.py:154} INFO - Started process (PID=1174) to work on /home/airflow/.local/lib/python3.7/site-packages/airflow/example_dags/example_branch_operator.py
[2023-12-21T16:45:17.123+0000] {processor.py:756} INFO - Processing file /home/airflow/.local/lib/python3.7/site-packages/airflow/example_dags/example_branch_operator.py for tasks to queue
[2023-12-21T16:45:17.123+0000] {logging_mixin.py:120} INFO - [2023-12-21T16:45:17.123+0000] {dagbag.py:537} INFO - Filling up the DagBag from /home/airflow/.local/lib/python3.7/site-packages/airflow/example_dags/example_branch_operator.py
[2023-12-21T16:45:17.141+0000] {processor.py:766} INFO - DAG(s) dict_keys(['example_branch_operator']) retrieved from /home/airflow/.local/lib/python3.7/site-packages/airflow/example_dags/example_branch_operator.py
[2023-12-21T16:45:17.182+0000] {logging_mixin.py:120} INFO - [2023-12-21T16:45:17.182+0000] {dag.py:2585} INFO - Sync 1 DAGs
[2023-12-21T16:45:17.205+0000] {logging_mixin.py:120} INFO - [2023-12-21T16:45:17.205+0000] {dag.py:3340} INFO - Setting next_dagrun for example_branch_operator to 2023-12-20T00:00:00+00:00, run_after=2023-12-21T00:00:00+00:00
[2023-12-21T16:45:17.226+0000] {processor.py:176} INFO - Processing /home/airflow/.local/lib/python3.7/site-packages/airflow/example_dags/example_branch_operator.py took 0.107 seconds
[2023-12-21T16:45:47.788+0000] {processor.py:154} INFO - Started process (PID=1227) to work on /home/airflow/.local/lib/python3.7/site-packages/airflow/example_dags/example_branch_operator.py
[2023-12-21T16:45:47.789+0000] {processor.py:756} INFO - Processing file /home/airflow/.local/lib/python3.7/site-packages/airflow/example_dags/example_branch_operator.py for tasks to queue
[2023-12-21T16:45:47.789+0000] {logging_mixin.py:120} INFO - [2023-12-21T16:45:47.789+0000] {dagbag.py:537} INFO - Filling up the DagBag from /home/airflow/.local/lib/python3.7/site-packages/airflow/example_dags/example_branch_operator.py
[2023-12-21T16:45:47.805+0000] {processor.py:766} INFO - DAG(s) dict_keys(['example_branch_operator']) retrieved from /home/airflow/.local/lib/python3.7/site-packages/airflow/example_dags/example_branch_operator.py
[2023-12-21T16:45:47.845+0000] {logging_mixin.py:120} INFO - [2023-12-21T16:45:47.845+0000] {dag.py:2585} INFO - Sync 1 DAGs
[2023-12-21T16:45:47.869+0000] {logging_mixin.py:120} INFO - [2023-12-21T16:45:47.868+0000] {dag.py:3340} INFO - Setting next_dagrun for example_branch_operator to 2023-12-20T00:00:00+00:00, run_after=2023-12-21T00:00:00+00:00
[2023-12-21T16:45:47.897+0000] {processor.py:176} INFO - Processing /home/airflow/.local/lib/python3.7/site-packages/airflow/example_dags/example_branch_operator.py took 0.112 seconds
[2023-12-21T16:46:18.463+0000] {processor.py:154} INFO - Started process (PID=1290) to work on /home/airflow/.local/lib/python3.7/site-packages/airflow/example_dags/example_branch_operator.py
[2023-12-21T16:46:18.464+0000] {processor.py:756} INFO - Processing file /home/airflow/.local/lib/python3.7/site-packages/airflow/example_dags/example_branch_operator.py for tasks to queue
[2023-12-21T16:46:18.465+0000] {logging_mixin.py:120} INFO - [2023-12-21T16:46:18.465+0000] {dagbag.py:537} INFO - Filling up the DagBag from /home/airflow/.local/lib/python3.7/site-packages/airflow/example_dags/example_branch_operator.py
[2023-12-21T16:46:18.479+0000] {processor.py:766} INFO - DAG(s) dict_keys(['example_branch_operator']) retrieved from /home/airflow/.local/lib/python3.7/site-packages/airflow/example_dags/example_branch_operator.py
[2023-12-21T16:46:18.516+0000] {logging_mixin.py:120} INFO - [2023-12-21T16:46:18.516+0000] {dag.py:2585} INFO - Sync 1 DAGs
[2023-12-21T16:46:18.542+0000] {logging_mixin.py:120} INFO - [2023-12-21T16:46:18.542+0000] {dag.py:3340} INFO - Setting next_dagrun for example_branch_operator to 2023-12-20T00:00:00+00:00, run_after=2023-12-21T00:00:00+00:00
[2023-12-21T16:46:18.570+0000] {processor.py:176} INFO - Processing /home/airflow/.local/lib/python3.7/site-packages/airflow/example_dags/example_branch_operator.py took 0.109 seconds
[2023-12-21T16:46:49.513+0000] {processor.py:154} INFO - Started process (PID=1352) to work on /home/airflow/.local/lib/python3.7/site-packages/airflow/example_dags/example_branch_operator.py
[2023-12-21T16:46:49.514+0000] {processor.py:756} INFO - Processing file /home/airflow/.local/lib/python3.7/site-packages/airflow/example_dags/example_branch_operator.py for tasks to queue
[2023-12-21T16:46:49.514+0000] {logging_mixin.py:120} INFO - [2023-12-21T16:46:49.514+0000] {dagbag.py:537} INFO - Filling up the DagBag from /home/airflow/.local/lib/python3.7/site-packages/airflow/example_dags/example_branch_operator.py
[2023-12-21T16:46:49.537+0000] {processor.py:766} INFO - DAG(s) dict_keys(['example_branch_operator']) retrieved from /home/airflow/.local/lib/python3.7/site-packages/airflow/example_dags/example_branch_operator.py
[2023-12-21T16:46:49.580+0000] {logging_mixin.py:120} INFO - [2023-12-21T16:46:49.580+0000] {dag.py:2585} INFO - Sync 1 DAGs
[2023-12-21T16:46:49.602+0000] {logging_mixin.py:120} INFO - [2023-12-21T16:46:49.602+0000] {dag.py:3340} INFO - Setting next_dagrun for example_branch_operator to 2023-12-20T00:00:00+00:00, run_after=2023-12-21T00:00:00+00:00
[2023-12-21T16:46:49.627+0000] {processor.py:176} INFO - Processing /home/airflow/.local/lib/python3.7/site-packages/airflow/example_dags/example_branch_operator.py took 0.120 seconds
[2023-12-21T16:47:19.751+0000] {processor.py:154} INFO - Started process (PID=1414) to work on /home/airflow/.local/lib/python3.7/site-packages/airflow/example_dags/example_branch_operator.py
[2023-12-21T16:47:19.751+0000] {processor.py:756} INFO - Processing file /home/airflow/.local/lib/python3.7/site-packages/airflow/example_dags/example_branch_operator.py for tasks to queue
[2023-12-21T16:47:19.752+0000] {logging_mixin.py:120} INFO - [2023-12-21T16:47:19.752+0000] {dagbag.py:537} INFO - Filling up the DagBag from /home/airflow/.local/lib/python3.7/site-packages/airflow/example_dags/example_branch_operator.py
[2023-12-21T16:47:19.775+0000] {processor.py:766} INFO - DAG(s) dict_keys(['example_branch_operator']) retrieved from /home/airflow/.local/lib/python3.7/site-packages/airflow/example_dags/example_branch_operator.py
[2023-12-21T16:47:19.820+0000] {logging_mixin.py:120} INFO - [2023-12-21T16:47:19.819+0000] {dag.py:2585} INFO - Sync 1 DAGs
[2023-12-21T16:47:19.855+0000] {logging_mixin.py:120} INFO - [2023-12-21T16:47:19.854+0000] {dag.py:3340} INFO - Setting next_dagrun for example_branch_operator to 2023-12-20T00:00:00+00:00, run_after=2023-12-21T00:00:00+00:00
[2023-12-21T16:47:19.879+0000] {processor.py:176} INFO - Processing /home/airflow/.local/lib/python3.7/site-packages/airflow/example_dags/example_branch_operator.py took 0.132 seconds
