[2023-12-21T16:36:02.710+0000] {processor.py:154} INFO - Started process (PID=66) to work on /home/airflow/.local/lib/python3.7/site-packages/airflow/example_dags/example_branch_labels.py
[2023-12-21T16:36:02.711+0000] {processor.py:756} INFO - Processing file /home/airflow/.local/lib/python3.7/site-packages/airflow/example_dags/example_branch_labels.py for tasks to queue
[2023-12-21T16:36:02.712+0000] {logging_mixin.py:120} INFO - [2023-12-21T16:36:02.711+0000] {dagbag.py:537} INFO - Filling up the DagBag from /home/airflow/.local/lib/python3.7/site-packages/airflow/example_dags/example_branch_labels.py
[2023-12-21T16:36:02.731+0000] {processor.py:766} INFO - DAG(s) dict_keys(['example_branch_labels']) retrieved from /home/airflow/.local/lib/python3.7/site-packages/airflow/example_dags/example_branch_labels.py
[2023-12-21T16:36:02.901+0000] {logging_mixin.py:120} INFO - [2023-12-21T16:36:02.901+0000] {manager.py:507} INFO - Created Permission View: can read on DAG:example_branch_labels
[2023-12-21T16:36:02.919+0000] {logging_mixin.py:120} INFO - [2023-12-21T16:36:02.919+0000] {manager.py:507} INFO - Created Permission View: can delete on DAG:example_branch_labels
[2023-12-21T16:36:02.934+0000] {logging_mixin.py:120} INFO - [2023-12-21T16:36:02.933+0000] {manager.py:507} INFO - Created Permission View: can edit on DAG:example_branch_labels
[2023-12-21T16:36:02.934+0000] {logging_mixin.py:120} INFO - [2023-12-21T16:36:02.934+0000] {dag.py:2585} INFO - Sync 1 DAGs
[2023-12-21T16:36:02.959+0000] {logging_mixin.py:120} INFO - [2023-12-21T16:36:02.959+0000] {dag.py:2606} INFO - Creating ORM DAG for example_branch_labels
[2023-12-21T16:36:02.987+0000] {logging_mixin.py:120} INFO - [2023-12-21T16:36:02.987+0000] {dag.py:3340} INFO - Setting next_dagrun for example_branch_labels to 2023-12-20T00:00:00+00:00, run_after=2023-12-21T00:00:00+00:00
[2023-12-21T16:36:03.027+0000] {processor.py:176} INFO - Processing /home/airflow/.local/lib/python3.7/site-packages/airflow/example_dags/example_branch_labels.py took 0.320 seconds
[2023-12-21T16:36:33.352+0000] {processor.py:154} INFO - Started process (PID=129) to work on /home/airflow/.local/lib/python3.7/site-packages/airflow/example_dags/example_branch_labels.py
[2023-12-21T16:36:33.352+0000] {processor.py:756} INFO - Processing file /home/airflow/.local/lib/python3.7/site-packages/airflow/example_dags/example_branch_labels.py for tasks to queue
[2023-12-21T16:36:33.353+0000] {logging_mixin.py:120} INFO - [2023-12-21T16:36:33.353+0000] {dagbag.py:537} INFO - Filling up the DagBag from /home/airflow/.local/lib/python3.7/site-packages/airflow/example_dags/example_branch_labels.py
[2023-12-21T16:36:33.365+0000] {processor.py:766} INFO - DAG(s) dict_keys(['example_branch_labels']) retrieved from /home/airflow/.local/lib/python3.7/site-packages/airflow/example_dags/example_branch_labels.py
[2023-12-21T16:36:33.401+0000] {logging_mixin.py:120} INFO - [2023-12-21T16:36:33.401+0000] {dag.py:2585} INFO - Sync 1 DAGs
[2023-12-21T16:36:33.426+0000] {logging_mixin.py:120} INFO - [2023-12-21T16:36:33.426+0000] {dag.py:3340} INFO - Setting next_dagrun for example_branch_labels to 2023-12-20T00:00:00+00:00, run_after=2023-12-21T00:00:00+00:00
[2023-12-21T16:36:33.452+0000] {processor.py:176} INFO - Processing /home/airflow/.local/lib/python3.7/site-packages/airflow/example_dags/example_branch_labels.py took 0.103 seconds
[2023-12-21T16:37:04.202+0000] {processor.py:154} INFO - Started process (PID=193) to work on /home/airflow/.local/lib/python3.7/site-packages/airflow/example_dags/example_branch_labels.py
[2023-12-21T16:37:04.203+0000] {processor.py:756} INFO - Processing file /home/airflow/.local/lib/python3.7/site-packages/airflow/example_dags/example_branch_labels.py for tasks to queue
[2023-12-21T16:37:04.203+0000] {logging_mixin.py:120} INFO - [2023-12-21T16:37:04.203+0000] {dagbag.py:537} INFO - Filling up the DagBag from /home/airflow/.local/lib/python3.7/site-packages/airflow/example_dags/example_branch_labels.py
[2023-12-21T16:37:04.216+0000] {processor.py:766} INFO - DAG(s) dict_keys(['example_branch_labels']) retrieved from /home/airflow/.local/lib/python3.7/site-packages/airflow/example_dags/example_branch_labels.py
[2023-12-21T16:37:04.256+0000] {logging_mixin.py:120} INFO - [2023-12-21T16:37:04.256+0000] {dag.py:2585} INFO - Sync 1 DAGs
[2023-12-21T16:37:04.278+0000] {logging_mixin.py:120} INFO - [2023-12-21T16:37:04.278+0000] {dag.py:3340} INFO - Setting next_dagrun for example_branch_labels to 2023-12-20T00:00:00+00:00, run_after=2023-12-21T00:00:00+00:00
[2023-12-21T16:37:04.300+0000] {processor.py:176} INFO - Processing /home/airflow/.local/lib/python3.7/site-packages/airflow/example_dags/example_branch_labels.py took 0.101 seconds
[2023-12-21T16:37:34.871+0000] {processor.py:154} INFO - Started process (PID=247) to work on /home/airflow/.local/lib/python3.7/site-packages/airflow/example_dags/example_branch_labels.py
[2023-12-21T16:37:34.872+0000] {processor.py:756} INFO - Processing file /home/airflow/.local/lib/python3.7/site-packages/airflow/example_dags/example_branch_labels.py for tasks to queue
[2023-12-21T16:37:34.873+0000] {logging_mixin.py:120} INFO - [2023-12-21T16:37:34.872+0000] {dagbag.py:537} INFO - Filling up the DagBag from /home/airflow/.local/lib/python3.7/site-packages/airflow/example_dags/example_branch_labels.py
[2023-12-21T16:37:34.890+0000] {processor.py:766} INFO - DAG(s) dict_keys(['example_branch_labels']) retrieved from /home/airflow/.local/lib/python3.7/site-packages/airflow/example_dags/example_branch_labels.py
[2023-12-21T16:37:34.941+0000] {logging_mixin.py:120} INFO - [2023-12-21T16:37:34.940+0000] {dag.py:2585} INFO - Sync 1 DAGs
[2023-12-21T16:37:34.976+0000] {logging_mixin.py:120} INFO - [2023-12-21T16:37:34.975+0000] {dag.py:3340} INFO - Setting next_dagrun for example_branch_labels to 2023-12-20T00:00:00+00:00, run_after=2023-12-21T00:00:00+00:00
[2023-12-21T16:37:35.003+0000] {processor.py:176} INFO - Processing /home/airflow/.local/lib/python3.7/site-packages/airflow/example_dags/example_branch_labels.py took 0.136 seconds
[2023-12-21T16:38:05.573+0000] {processor.py:154} INFO - Started process (PID=311) to work on /home/airflow/.local/lib/python3.7/site-packages/airflow/example_dags/example_branch_labels.py
[2023-12-21T16:38:05.574+0000] {processor.py:756} INFO - Processing file /home/airflow/.local/lib/python3.7/site-packages/airflow/example_dags/example_branch_labels.py for tasks to queue
[2023-12-21T16:38:05.575+0000] {logging_mixin.py:120} INFO - [2023-12-21T16:38:05.574+0000] {dagbag.py:537} INFO - Filling up the DagBag from /home/airflow/.local/lib/python3.7/site-packages/airflow/example_dags/example_branch_labels.py
[2023-12-21T16:38:05.590+0000] {processor.py:766} INFO - DAG(s) dict_keys(['example_branch_labels']) retrieved from /home/airflow/.local/lib/python3.7/site-packages/airflow/example_dags/example_branch_labels.py
[2023-12-21T16:38:05.637+0000] {logging_mixin.py:120} INFO - [2023-12-21T16:38:05.637+0000] {dag.py:2585} INFO - Sync 1 DAGs
[2023-12-21T16:38:05.668+0000] {logging_mixin.py:120} INFO - [2023-12-21T16:38:05.668+0000] {dag.py:3340} INFO - Setting next_dagrun for example_branch_labels to 2023-12-20T00:00:00+00:00, run_after=2023-12-21T00:00:00+00:00
[2023-12-21T16:38:05.691+0000] {processor.py:176} INFO - Processing /home/airflow/.local/lib/python3.7/site-packages/airflow/example_dags/example_branch_labels.py took 0.121 seconds
[2023-12-21T16:38:36.015+0000] {processor.py:154} INFO - Started process (PID=374) to work on /home/airflow/.local/lib/python3.7/site-packages/airflow/example_dags/example_branch_labels.py
[2023-12-21T16:38:36.019+0000] {processor.py:756} INFO - Processing file /home/airflow/.local/lib/python3.7/site-packages/airflow/example_dags/example_branch_labels.py for tasks to queue
[2023-12-21T16:38:36.020+0000] {logging_mixin.py:120} INFO - [2023-12-21T16:38:36.020+0000] {dagbag.py:537} INFO - Filling up the DagBag from /home/airflow/.local/lib/python3.7/site-packages/airflow/example_dags/example_branch_labels.py
[2023-12-21T16:38:36.039+0000] {processor.py:766} INFO - DAG(s) dict_keys(['example_branch_labels']) retrieved from /home/airflow/.local/lib/python3.7/site-packages/airflow/example_dags/example_branch_labels.py
[2023-12-21T16:38:36.092+0000] {logging_mixin.py:120} INFO - [2023-12-21T16:38:36.091+0000] {dag.py:2585} INFO - Sync 1 DAGs
[2023-12-21T16:38:36.127+0000] {logging_mixin.py:120} INFO - [2023-12-21T16:38:36.127+0000] {dag.py:3340} INFO - Setting next_dagrun for example_branch_labels to 2023-12-20T00:00:00+00:00, run_after=2023-12-21T00:00:00+00:00
[2023-12-21T16:38:36.204+0000] {processor.py:176} INFO - Processing /home/airflow/.local/lib/python3.7/site-packages/airflow/example_dags/example_branch_labels.py took 0.193 seconds
[2023-12-21T16:39:06.880+0000] {processor.py:154} INFO - Started process (PID=437) to work on /home/airflow/.local/lib/python3.7/site-packages/airflow/example_dags/example_branch_labels.py
[2023-12-21T16:39:06.881+0000] {processor.py:756} INFO - Processing file /home/airflow/.local/lib/python3.7/site-packages/airflow/example_dags/example_branch_labels.py for tasks to queue
[2023-12-21T16:39:06.882+0000] {logging_mixin.py:120} INFO - [2023-12-21T16:39:06.882+0000] {dagbag.py:537} INFO - Filling up the DagBag from /home/airflow/.local/lib/python3.7/site-packages/airflow/example_dags/example_branch_labels.py
[2023-12-21T16:39:06.899+0000] {processor.py:766} INFO - DAG(s) dict_keys(['example_branch_labels']) retrieved from /home/airflow/.local/lib/python3.7/site-packages/airflow/example_dags/example_branch_labels.py
[2023-12-21T16:39:06.947+0000] {logging_mixin.py:120} INFO - [2023-12-21T16:39:06.947+0000] {dag.py:2585} INFO - Sync 1 DAGs
[2023-12-21T16:39:06.982+0000] {logging_mixin.py:120} INFO - [2023-12-21T16:39:06.982+0000] {dag.py:3340} INFO - Setting next_dagrun for example_branch_labels to 2023-12-20T00:00:00+00:00, run_after=2023-12-21T00:00:00+00:00
[2023-12-21T16:39:07.013+0000] {processor.py:176} INFO - Processing /home/airflow/.local/lib/python3.7/site-packages/airflow/example_dags/example_branch_labels.py took 0.136 seconds
[2023-12-21T16:39:37.729+0000] {processor.py:154} INFO - Started process (PID=491) to work on /home/airflow/.local/lib/python3.7/site-packages/airflow/example_dags/example_branch_labels.py
[2023-12-21T16:39:37.730+0000] {processor.py:756} INFO - Processing file /home/airflow/.local/lib/python3.7/site-packages/airflow/example_dags/example_branch_labels.py for tasks to queue
[2023-12-21T16:39:37.731+0000] {logging_mixin.py:120} INFO - [2023-12-21T16:39:37.731+0000] {dagbag.py:537} INFO - Filling up the DagBag from /home/airflow/.local/lib/python3.7/site-packages/airflow/example_dags/example_branch_labels.py
[2023-12-21T16:39:37.748+0000] {processor.py:766} INFO - DAG(s) dict_keys(['example_branch_labels']) retrieved from /home/airflow/.local/lib/python3.7/site-packages/airflow/example_dags/example_branch_labels.py
[2023-12-21T16:39:37.795+0000] {logging_mixin.py:120} INFO - [2023-12-21T16:39:37.795+0000] {dag.py:2585} INFO - Sync 1 DAGs
[2023-12-21T16:39:37.822+0000] {logging_mixin.py:120} INFO - [2023-12-21T16:39:37.822+0000] {dag.py:3340} INFO - Setting next_dagrun for example_branch_labels to 2023-12-20T00:00:00+00:00, run_after=2023-12-21T00:00:00+00:00
[2023-12-21T16:39:37.844+0000] {processor.py:176} INFO - Processing /home/airflow/.local/lib/python3.7/site-packages/airflow/example_dags/example_branch_labels.py took 0.118 seconds
[2023-12-21T16:40:08.179+0000] {processor.py:154} INFO - Started process (PID=554) to work on /home/airflow/.local/lib/python3.7/site-packages/airflow/example_dags/example_branch_labels.py
[2023-12-21T16:40:08.179+0000] {processor.py:756} INFO - Processing file /home/airflow/.local/lib/python3.7/site-packages/airflow/example_dags/example_branch_labels.py for tasks to queue
[2023-12-21T16:40:08.180+0000] {logging_mixin.py:120} INFO - [2023-12-21T16:40:08.180+0000] {dagbag.py:537} INFO - Filling up the DagBag from /home/airflow/.local/lib/python3.7/site-packages/airflow/example_dags/example_branch_labels.py
[2023-12-21T16:40:08.193+0000] {processor.py:766} INFO - DAG(s) dict_keys(['example_branch_labels']) retrieved from /home/airflow/.local/lib/python3.7/site-packages/airflow/example_dags/example_branch_labels.py
[2023-12-21T16:40:08.229+0000] {logging_mixin.py:120} INFO - [2023-12-21T16:40:08.229+0000] {dag.py:2585} INFO - Sync 1 DAGs
[2023-12-21T16:40:08.251+0000] {logging_mixin.py:120} INFO - [2023-12-21T16:40:08.251+0000] {dag.py:3340} INFO - Setting next_dagrun for example_branch_labels to 2023-12-20T00:00:00+00:00, run_after=2023-12-21T00:00:00+00:00
[2023-12-21T16:40:08.271+0000] {processor.py:176} INFO - Processing /home/airflow/.local/lib/python3.7/site-packages/airflow/example_dags/example_branch_labels.py took 0.096 seconds
[2023-12-21T16:40:38.971+0000] {processor.py:154} INFO - Started process (PID=617) to work on /home/airflow/.local/lib/python3.7/site-packages/airflow/example_dags/example_branch_labels.py
[2023-12-21T16:40:38.971+0000] {processor.py:756} INFO - Processing file /home/airflow/.local/lib/python3.7/site-packages/airflow/example_dags/example_branch_labels.py for tasks to queue
[2023-12-21T16:40:38.972+0000] {logging_mixin.py:120} INFO - [2023-12-21T16:40:38.972+0000] {dagbag.py:537} INFO - Filling up the DagBag from /home/airflow/.local/lib/python3.7/site-packages/airflow/example_dags/example_branch_labels.py
[2023-12-21T16:40:38.984+0000] {processor.py:766} INFO - DAG(s) dict_keys(['example_branch_labels']) retrieved from /home/airflow/.local/lib/python3.7/site-packages/airflow/example_dags/example_branch_labels.py
[2023-12-21T16:40:39.020+0000] {logging_mixin.py:120} INFO - [2023-12-21T16:40:39.020+0000] {dag.py:2585} INFO - Sync 1 DAGs
[2023-12-21T16:40:39.042+0000] {logging_mixin.py:120} INFO - [2023-12-21T16:40:39.042+0000] {dag.py:3340} INFO - Setting next_dagrun for example_branch_labels to 2023-12-20T00:00:00+00:00, run_after=2023-12-21T00:00:00+00:00
[2023-12-21T16:40:39.063+0000] {processor.py:176} INFO - Processing /home/airflow/.local/lib/python3.7/site-packages/airflow/example_dags/example_branch_labels.py took 0.095 seconds
[2023-12-21T16:41:09.739+0000] {processor.py:154} INFO - Started process (PID=680) to work on /home/airflow/.local/lib/python3.7/site-packages/airflow/example_dags/example_branch_labels.py
[2023-12-21T16:41:09.740+0000] {processor.py:756} INFO - Processing file /home/airflow/.local/lib/python3.7/site-packages/airflow/example_dags/example_branch_labels.py for tasks to queue
[2023-12-21T16:41:09.741+0000] {logging_mixin.py:120} INFO - [2023-12-21T16:41:09.740+0000] {dagbag.py:537} INFO - Filling up the DagBag from /home/airflow/.local/lib/python3.7/site-packages/airflow/example_dags/example_branch_labels.py
[2023-12-21T16:41:09.754+0000] {processor.py:766} INFO - DAG(s) dict_keys(['example_branch_labels']) retrieved from /home/airflow/.local/lib/python3.7/site-packages/airflow/example_dags/example_branch_labels.py
[2023-12-21T16:41:09.801+0000] {logging_mixin.py:120} INFO - [2023-12-21T16:41:09.800+0000] {dag.py:2585} INFO - Sync 1 DAGs
[2023-12-21T16:41:09.831+0000] {logging_mixin.py:120} INFO - [2023-12-21T16:41:09.831+0000] {dag.py:3340} INFO - Setting next_dagrun for example_branch_labels to 2023-12-20T00:00:00+00:00, run_after=2023-12-21T00:00:00+00:00
[2023-12-21T16:41:09.856+0000] {processor.py:176} INFO - Processing /home/airflow/.local/lib/python3.7/site-packages/airflow/example_dags/example_branch_labels.py took 0.122 seconds
[2023-12-21T16:41:40.332+0000] {processor.py:154} INFO - Started process (PID=734) to work on /home/airflow/.local/lib/python3.7/site-packages/airflow/example_dags/example_branch_labels.py
[2023-12-21T16:41:40.333+0000] {processor.py:756} INFO - Processing file /home/airflow/.local/lib/python3.7/site-packages/airflow/example_dags/example_branch_labels.py for tasks to queue
[2023-12-21T16:41:40.333+0000] {logging_mixin.py:120} INFO - [2023-12-21T16:41:40.333+0000] {dagbag.py:537} INFO - Filling up the DagBag from /home/airflow/.local/lib/python3.7/site-packages/airflow/example_dags/example_branch_labels.py
[2023-12-21T16:41:40.350+0000] {processor.py:766} INFO - DAG(s) dict_keys(['example_branch_labels']) retrieved from /home/airflow/.local/lib/python3.7/site-packages/airflow/example_dags/example_branch_labels.py
[2023-12-21T16:41:40.395+0000] {logging_mixin.py:120} INFO - [2023-12-21T16:41:40.395+0000] {dag.py:2585} INFO - Sync 1 DAGs
[2023-12-21T16:41:40.431+0000] {logging_mixin.py:120} INFO - [2023-12-21T16:41:40.430+0000] {dag.py:3340} INFO - Setting next_dagrun for example_branch_labels to 2023-12-20T00:00:00+00:00, run_after=2023-12-21T00:00:00+00:00
[2023-12-21T16:41:40.456+0000] {processor.py:176} INFO - Processing /home/airflow/.local/lib/python3.7/site-packages/airflow/example_dags/example_branch_labels.py took 0.126 seconds
[2023-12-21T16:42:11.137+0000] {processor.py:154} INFO - Started process (PID=798) to work on /home/airflow/.local/lib/python3.7/site-packages/airflow/example_dags/example_branch_labels.py
[2023-12-21T16:42:11.137+0000] {processor.py:756} INFO - Processing file /home/airflow/.local/lib/python3.7/site-packages/airflow/example_dags/example_branch_labels.py for tasks to queue
[2023-12-21T16:42:11.138+0000] {logging_mixin.py:120} INFO - [2023-12-21T16:42:11.138+0000] {dagbag.py:537} INFO - Filling up the DagBag from /home/airflow/.local/lib/python3.7/site-packages/airflow/example_dags/example_branch_labels.py
[2023-12-21T16:42:11.155+0000] {processor.py:766} INFO - DAG(s) dict_keys(['example_branch_labels']) retrieved from /home/airflow/.local/lib/python3.7/site-packages/airflow/example_dags/example_branch_labels.py
[2023-12-21T16:42:11.194+0000] {logging_mixin.py:120} INFO - [2023-12-21T16:42:11.194+0000] {dag.py:2585} INFO - Sync 1 DAGs
[2023-12-21T16:42:11.221+0000] {logging_mixin.py:120} INFO - [2023-12-21T16:42:11.221+0000] {dag.py:3340} INFO - Setting next_dagrun for example_branch_labels to 2023-12-20T00:00:00+00:00, run_after=2023-12-21T00:00:00+00:00
[2023-12-21T16:42:11.249+0000] {processor.py:176} INFO - Processing /home/airflow/.local/lib/python3.7/site-packages/airflow/example_dags/example_branch_labels.py took 0.116 seconds
[2023-12-21T16:42:41.950+0000] {processor.py:154} INFO - Started process (PID=861) to work on /home/airflow/.local/lib/python3.7/site-packages/airflow/example_dags/example_branch_labels.py
[2023-12-21T16:42:41.950+0000] {processor.py:756} INFO - Processing file /home/airflow/.local/lib/python3.7/site-packages/airflow/example_dags/example_branch_labels.py for tasks to queue
[2023-12-21T16:42:41.951+0000] {logging_mixin.py:120} INFO - [2023-12-21T16:42:41.951+0000] {dagbag.py:537} INFO - Filling up the DagBag from /home/airflow/.local/lib/python3.7/site-packages/airflow/example_dags/example_branch_labels.py
[2023-12-21T16:42:41.963+0000] {processor.py:766} INFO - DAG(s) dict_keys(['example_branch_labels']) retrieved from /home/airflow/.local/lib/python3.7/site-packages/airflow/example_dags/example_branch_labels.py
[2023-12-21T16:42:42.007+0000] {logging_mixin.py:120} INFO - [2023-12-21T16:42:42.007+0000] {dag.py:2585} INFO - Sync 1 DAGs
[2023-12-21T16:42:42.036+0000] {logging_mixin.py:120} INFO - [2023-12-21T16:42:42.036+0000] {dag.py:3340} INFO - Setting next_dagrun for example_branch_labels to 2023-12-20T00:00:00+00:00, run_after=2023-12-21T00:00:00+00:00
[2023-12-21T16:42:42.058+0000] {processor.py:176} INFO - Processing /home/airflow/.local/lib/python3.7/site-packages/airflow/example_dags/example_branch_labels.py took 0.111 seconds
[2023-12-21T16:43:12.695+0000] {processor.py:154} INFO - Started process (PID=924) to work on /home/airflow/.local/lib/python3.7/site-packages/airflow/example_dags/example_branch_labels.py
[2023-12-21T16:43:12.696+0000] {processor.py:756} INFO - Processing file /home/airflow/.local/lib/python3.7/site-packages/airflow/example_dags/example_branch_labels.py for tasks to queue
[2023-12-21T16:43:12.696+0000] {logging_mixin.py:120} INFO - [2023-12-21T16:43:12.696+0000] {dagbag.py:537} INFO - Filling up the DagBag from /home/airflow/.local/lib/python3.7/site-packages/airflow/example_dags/example_branch_labels.py
[2023-12-21T16:43:12.712+0000] {processor.py:766} INFO - DAG(s) dict_keys(['example_branch_labels']) retrieved from /home/airflow/.local/lib/python3.7/site-packages/airflow/example_dags/example_branch_labels.py
[2023-12-21T16:43:12.747+0000] {logging_mixin.py:120} INFO - [2023-12-21T16:43:12.747+0000] {dag.py:2585} INFO - Sync 1 DAGs
[2023-12-21T16:43:12.773+0000] {logging_mixin.py:120} INFO - [2023-12-21T16:43:12.773+0000] {dag.py:3340} INFO - Setting next_dagrun for example_branch_labels to 2023-12-20T00:00:00+00:00, run_after=2023-12-21T00:00:00+00:00
[2023-12-21T16:43:12.797+0000] {processor.py:176} INFO - Processing /home/airflow/.local/lib/python3.7/site-packages/airflow/example_dags/example_branch_labels.py took 0.105 seconds
[2023-12-21T16:43:43.177+0000] {processor.py:154} INFO - Started process (PID=978) to work on /home/airflow/.local/lib/python3.7/site-packages/airflow/example_dags/example_branch_labels.py
[2023-12-21T16:43:43.178+0000] {processor.py:756} INFO - Processing file /home/airflow/.local/lib/python3.7/site-packages/airflow/example_dags/example_branch_labels.py for tasks to queue
[2023-12-21T16:43:43.179+0000] {logging_mixin.py:120} INFO - [2023-12-21T16:43:43.179+0000] {dagbag.py:537} INFO - Filling up the DagBag from /home/airflow/.local/lib/python3.7/site-packages/airflow/example_dags/example_branch_labels.py
[2023-12-21T16:43:43.198+0000] {processor.py:766} INFO - DAG(s) dict_keys(['example_branch_labels']) retrieved from /home/airflow/.local/lib/python3.7/site-packages/airflow/example_dags/example_branch_labels.py
[2023-12-21T16:43:43.241+0000] {logging_mixin.py:120} INFO - [2023-12-21T16:43:43.240+0000] {dag.py:2585} INFO - Sync 1 DAGs
[2023-12-21T16:43:43.276+0000] {logging_mixin.py:120} INFO - [2023-12-21T16:43:43.276+0000] {dag.py:3340} INFO - Setting next_dagrun for example_branch_labels to 2023-12-20T00:00:00+00:00, run_after=2023-12-21T00:00:00+00:00
[2023-12-21T16:43:43.301+0000] {processor.py:176} INFO - Processing /home/airflow/.local/lib/python3.7/site-packages/airflow/example_dags/example_branch_labels.py took 0.127 seconds
[2023-12-21T16:44:13.933+0000] {processor.py:154} INFO - Started process (PID=1041) to work on /home/airflow/.local/lib/python3.7/site-packages/airflow/example_dags/example_branch_labels.py
[2023-12-21T16:44:13.934+0000] {processor.py:756} INFO - Processing file /home/airflow/.local/lib/python3.7/site-packages/airflow/example_dags/example_branch_labels.py for tasks to queue
[2023-12-21T16:44:13.934+0000] {logging_mixin.py:120} INFO - [2023-12-21T16:44:13.934+0000] {dagbag.py:537} INFO - Filling up the DagBag from /home/airflow/.local/lib/python3.7/site-packages/airflow/example_dags/example_branch_labels.py
[2023-12-21T16:44:13.948+0000] {processor.py:766} INFO - DAG(s) dict_keys(['example_branch_labels']) retrieved from /home/airflow/.local/lib/python3.7/site-packages/airflow/example_dags/example_branch_labels.py
[2023-12-21T16:44:13.986+0000] {logging_mixin.py:120} INFO - [2023-12-21T16:44:13.986+0000] {dag.py:2585} INFO - Sync 1 DAGs
[2023-12-21T16:44:14.015+0000] {logging_mixin.py:120} INFO - [2023-12-21T16:44:14.015+0000] {dag.py:3340} INFO - Setting next_dagrun for example_branch_labels to 2023-12-20T00:00:00+00:00, run_after=2023-12-21T00:00:00+00:00
[2023-12-21T16:44:14.036+0000] {processor.py:176} INFO - Processing /home/airflow/.local/lib/python3.7/site-packages/airflow/example_dags/example_branch_labels.py took 0.106 seconds
[2023-12-21T16:44:44.834+0000] {processor.py:154} INFO - Started process (PID=1105) to work on /home/airflow/.local/lib/python3.7/site-packages/airflow/example_dags/example_branch_labels.py
[2023-12-21T16:44:44.835+0000] {processor.py:756} INFO - Processing file /home/airflow/.local/lib/python3.7/site-packages/airflow/example_dags/example_branch_labels.py for tasks to queue
[2023-12-21T16:44:44.836+0000] {logging_mixin.py:120} INFO - [2023-12-21T16:44:44.835+0000] {dagbag.py:537} INFO - Filling up the DagBag from /home/airflow/.local/lib/python3.7/site-packages/airflow/example_dags/example_branch_labels.py
[2023-12-21T16:44:44.855+0000] {processor.py:766} INFO - DAG(s) dict_keys(['example_branch_labels']) retrieved from /home/airflow/.local/lib/python3.7/site-packages/airflow/example_dags/example_branch_labels.py
[2023-12-21T16:44:44.897+0000] {logging_mixin.py:120} INFO - [2023-12-21T16:44:44.897+0000] {dag.py:2585} INFO - Sync 1 DAGs
[2023-12-21T16:44:44.922+0000] {logging_mixin.py:120} INFO - [2023-12-21T16:44:44.922+0000] {dag.py:3340} INFO - Setting next_dagrun for example_branch_labels to 2023-12-20T00:00:00+00:00, run_after=2023-12-21T00:00:00+00:00
[2023-12-21T16:44:44.947+0000] {processor.py:176} INFO - Processing /home/airflow/.local/lib/python3.7/site-packages/airflow/example_dags/example_branch_labels.py took 0.116 seconds
[2023-12-21T16:45:15.794+0000] {processor.py:154} INFO - Started process (PID=1168) to work on /home/airflow/.local/lib/python3.7/site-packages/airflow/example_dags/example_branch_labels.py
[2023-12-21T16:45:15.794+0000] {processor.py:756} INFO - Processing file /home/airflow/.local/lib/python3.7/site-packages/airflow/example_dags/example_branch_labels.py for tasks to queue
[2023-12-21T16:45:15.795+0000] {logging_mixin.py:120} INFO - [2023-12-21T16:45:15.795+0000] {dagbag.py:537} INFO - Filling up the DagBag from /home/airflow/.local/lib/python3.7/site-packages/airflow/example_dags/example_branch_labels.py
[2023-12-21T16:45:15.813+0000] {processor.py:766} INFO - DAG(s) dict_keys(['example_branch_labels']) retrieved from /home/airflow/.local/lib/python3.7/site-packages/airflow/example_dags/example_branch_labels.py
[2023-12-21T16:45:15.862+0000] {logging_mixin.py:120} INFO - [2023-12-21T16:45:15.862+0000] {dag.py:2585} INFO - Sync 1 DAGs
[2023-12-21T16:45:15.900+0000] {logging_mixin.py:120} INFO - [2023-12-21T16:45:15.900+0000] {dag.py:3340} INFO - Setting next_dagrun for example_branch_labels to 2023-12-20T00:00:00+00:00, run_after=2023-12-21T00:00:00+00:00
[2023-12-21T16:45:15.926+0000] {processor.py:176} INFO - Processing /home/airflow/.local/lib/python3.7/site-packages/airflow/example_dags/example_branch_labels.py took 0.135 seconds
[2023-12-21T16:45:46.220+0000] {processor.py:154} INFO - Started process (PID=1221) to work on /home/airflow/.local/lib/python3.7/site-packages/airflow/example_dags/example_branch_labels.py
[2023-12-21T16:45:46.221+0000] {processor.py:756} INFO - Processing file /home/airflow/.local/lib/python3.7/site-packages/airflow/example_dags/example_branch_labels.py for tasks to queue
[2023-12-21T16:45:46.221+0000] {logging_mixin.py:120} INFO - [2023-12-21T16:45:46.221+0000] {dagbag.py:537} INFO - Filling up the DagBag from /home/airflow/.local/lib/python3.7/site-packages/airflow/example_dags/example_branch_labels.py
[2023-12-21T16:45:46.235+0000] {processor.py:766} INFO - DAG(s) dict_keys(['example_branch_labels']) retrieved from /home/airflow/.local/lib/python3.7/site-packages/airflow/example_dags/example_branch_labels.py
[2023-12-21T16:45:46.273+0000] {logging_mixin.py:120} INFO - [2023-12-21T16:45:46.273+0000] {dag.py:2585} INFO - Sync 1 DAGs
[2023-12-21T16:45:46.303+0000] {logging_mixin.py:120} INFO - [2023-12-21T16:45:46.302+0000] {dag.py:3340} INFO - Setting next_dagrun for example_branch_labels to 2023-12-20T00:00:00+00:00, run_after=2023-12-21T00:00:00+00:00
[2023-12-21T16:45:46.329+0000] {processor.py:176} INFO - Processing /home/airflow/.local/lib/python3.7/site-packages/airflow/example_dags/example_branch_labels.py took 0.112 seconds
[2023-12-21T16:46:17.041+0000] {processor.py:154} INFO - Started process (PID=1284) to work on /home/airflow/.local/lib/python3.7/site-packages/airflow/example_dags/example_branch_labels.py
[2023-12-21T16:46:17.041+0000] {processor.py:756} INFO - Processing file /home/airflow/.local/lib/python3.7/site-packages/airflow/example_dags/example_branch_labels.py for tasks to queue
[2023-12-21T16:46:17.042+0000] {logging_mixin.py:120} INFO - [2023-12-21T16:46:17.042+0000] {dagbag.py:537} INFO - Filling up the DagBag from /home/airflow/.local/lib/python3.7/site-packages/airflow/example_dags/example_branch_labels.py
[2023-12-21T16:46:17.054+0000] {processor.py:766} INFO - DAG(s) dict_keys(['example_branch_labels']) retrieved from /home/airflow/.local/lib/python3.7/site-packages/airflow/example_dags/example_branch_labels.py
[2023-12-21T16:46:17.093+0000] {logging_mixin.py:120} INFO - [2023-12-21T16:46:17.093+0000] {dag.py:2585} INFO - Sync 1 DAGs
[2023-12-21T16:46:17.120+0000] {logging_mixin.py:120} INFO - [2023-12-21T16:46:17.120+0000] {dag.py:3340} INFO - Setting next_dagrun for example_branch_labels to 2023-12-20T00:00:00+00:00, run_after=2023-12-21T00:00:00+00:00
[2023-12-21T16:46:17.144+0000] {processor.py:176} INFO - Processing /home/airflow/.local/lib/python3.7/site-packages/airflow/example_dags/example_branch_labels.py took 0.106 seconds
[2023-12-21T16:46:48.043+0000] {processor.py:154} INFO - Started process (PID=1346) to work on /home/airflow/.local/lib/python3.7/site-packages/airflow/example_dags/example_branch_labels.py
[2023-12-21T16:46:48.044+0000] {processor.py:756} INFO - Processing file /home/airflow/.local/lib/python3.7/site-packages/airflow/example_dags/example_branch_labels.py for tasks to queue
[2023-12-21T16:46:48.044+0000] {logging_mixin.py:120} INFO - [2023-12-21T16:46:48.044+0000] {dagbag.py:537} INFO - Filling up the DagBag from /home/airflow/.local/lib/python3.7/site-packages/airflow/example_dags/example_branch_labels.py
[2023-12-21T16:46:48.058+0000] {processor.py:766} INFO - DAG(s) dict_keys(['example_branch_labels']) retrieved from /home/airflow/.local/lib/python3.7/site-packages/airflow/example_dags/example_branch_labels.py
[2023-12-21T16:46:48.095+0000] {logging_mixin.py:120} INFO - [2023-12-21T16:46:48.095+0000] {dag.py:2585} INFO - Sync 1 DAGs
[2023-12-21T16:46:48.123+0000] {logging_mixin.py:120} INFO - [2023-12-21T16:46:48.123+0000] {dag.py:3340} INFO - Setting next_dagrun for example_branch_labels to 2023-12-20T00:00:00+00:00, run_after=2023-12-21T00:00:00+00:00
[2023-12-21T16:46:48.149+0000] {processor.py:176} INFO - Processing /home/airflow/.local/lib/python3.7/site-packages/airflow/example_dags/example_branch_labels.py took 0.108 seconds
[2023-12-21T16:47:18.312+0000] {processor.py:154} INFO - Started process (PID=1400) to work on /home/airflow/.local/lib/python3.7/site-packages/airflow/example_dags/example_branch_labels.py
[2023-12-21T16:47:18.313+0000] {processor.py:756} INFO - Processing file /home/airflow/.local/lib/python3.7/site-packages/airflow/example_dags/example_branch_labels.py for tasks to queue
[2023-12-21T16:47:18.313+0000] {logging_mixin.py:120} INFO - [2023-12-21T16:47:18.313+0000] {dagbag.py:537} INFO - Filling up the DagBag from /home/airflow/.local/lib/python3.7/site-packages/airflow/example_dags/example_branch_labels.py
[2023-12-21T16:47:18.331+0000] {processor.py:766} INFO - DAG(s) dict_keys(['example_branch_labels']) retrieved from /home/airflow/.local/lib/python3.7/site-packages/airflow/example_dags/example_branch_labels.py
[2023-12-21T16:47:18.380+0000] {logging_mixin.py:120} INFO - [2023-12-21T16:47:18.379+0000] {dag.py:2585} INFO - Sync 1 DAGs
[2023-12-21T16:47:18.414+0000] {logging_mixin.py:120} INFO - [2023-12-21T16:47:18.414+0000] {dag.py:3340} INFO - Setting next_dagrun for example_branch_labels to 2023-12-20T00:00:00+00:00, run_after=2023-12-21T00:00:00+00:00
[2023-12-21T16:47:18.440+0000] {processor.py:176} INFO - Processing /home/airflow/.local/lib/python3.7/site-packages/airflow/example_dags/example_branch_labels.py took 0.132 seconds
