[2023-12-21T16:36:00.270+0000] {processor.py:154} INFO - Started process (PID=57) to work on /home/airflow/.local/lib/python3.7/site-packages/airflow/example_dags/example_nested_branch_dag.py
[2023-12-21T16:36:00.273+0000] {processor.py:756} INFO - Processing file /home/airflow/.local/lib/python3.7/site-packages/airflow/example_dags/example_nested_branch_dag.py for tasks to queue
[2023-12-21T16:36:00.278+0000] {logging_mixin.py:120} INFO - [2023-12-21T16:36:00.278+0000] {dagbag.py:537} INFO - Filling up the DagBag from /home/airflow/.local/lib/python3.7/site-packages/airflow/example_dags/example_nested_branch_dag.py
[2023-12-21T16:36:00.352+0000] {processor.py:766} INFO - DAG(s) dict_keys(['example_nested_branch_dag']) retrieved from /home/airflow/.local/lib/python3.7/site-packages/airflow/example_dags/example_nested_branch_dag.py
[2023-12-21T16:36:00.639+0000] {logging_mixin.py:120} INFO - [2023-12-21T16:36:00.639+0000] {manager.py:507} INFO - Created Permission View: can read on DAG:example_nested_branch_dag
[2023-12-21T16:36:00.658+0000] {logging_mixin.py:120} INFO - [2023-12-21T16:36:00.658+0000] {manager.py:507} INFO - Created Permission View: can delete on DAG:example_nested_branch_dag
[2023-12-21T16:36:00.691+0000] {logging_mixin.py:120} INFO - [2023-12-21T16:36:00.691+0000] {manager.py:507} INFO - Created Permission View: can edit on DAG:example_nested_branch_dag
[2023-12-21T16:36:00.691+0000] {logging_mixin.py:120} INFO - [2023-12-21T16:36:00.691+0000] {dag.py:2585} INFO - Sync 1 DAGs
[2023-12-21T16:36:00.724+0000] {logging_mixin.py:120} INFO - [2023-12-21T16:36:00.724+0000] {dag.py:2606} INFO - Creating ORM DAG for example_nested_branch_dag
[2023-12-21T16:36:00.747+0000] {logging_mixin.py:120} INFO - [2023-12-21T16:36:00.747+0000] {dag.py:3340} INFO - Setting next_dagrun for example_nested_branch_dag to 2023-12-20T00:00:00+00:00, run_after=2023-12-21T00:00:00+00:00
[2023-12-21T16:36:00.803+0000] {processor.py:176} INFO - Processing /home/airflow/.local/lib/python3.7/site-packages/airflow/example_dags/example_nested_branch_dag.py took 0.537 seconds
[2023-12-21T16:36:30.841+0000] {processor.py:154} INFO - Started process (PID=120) to work on /home/airflow/.local/lib/python3.7/site-packages/airflow/example_dags/example_nested_branch_dag.py
[2023-12-21T16:36:30.842+0000] {processor.py:756} INFO - Processing file /home/airflow/.local/lib/python3.7/site-packages/airflow/example_dags/example_nested_branch_dag.py for tasks to queue
[2023-12-21T16:36:30.842+0000] {logging_mixin.py:120} INFO - [2023-12-21T16:36:30.842+0000] {dagbag.py:537} INFO - Filling up the DagBag from /home/airflow/.local/lib/python3.7/site-packages/airflow/example_dags/example_nested_branch_dag.py
[2023-12-21T16:36:30.865+0000] {processor.py:766} INFO - DAG(s) dict_keys(['example_nested_branch_dag']) retrieved from /home/airflow/.local/lib/python3.7/site-packages/airflow/example_dags/example_nested_branch_dag.py
[2023-12-21T16:36:30.903+0000] {logging_mixin.py:120} INFO - [2023-12-21T16:36:30.903+0000] {dag.py:2585} INFO - Sync 1 DAGs
[2023-12-21T16:36:30.934+0000] {logging_mixin.py:120} INFO - [2023-12-21T16:36:30.934+0000] {dag.py:3340} INFO - Setting next_dagrun for example_nested_branch_dag to 2023-12-20T00:00:00+00:00, run_after=2023-12-21T00:00:00+00:00
[2023-12-21T16:36:30.955+0000] {processor.py:176} INFO - Processing /home/airflow/.local/lib/python3.7/site-packages/airflow/example_dags/example_nested_branch_dag.py took 0.117 seconds
[2023-12-21T16:37:01.492+0000] {processor.py:154} INFO - Started process (PID=175) to work on /home/airflow/.local/lib/python3.7/site-packages/airflow/example_dags/example_nested_branch_dag.py
[2023-12-21T16:37:01.493+0000] {processor.py:756} INFO - Processing file /home/airflow/.local/lib/python3.7/site-packages/airflow/example_dags/example_nested_branch_dag.py for tasks to queue
[2023-12-21T16:37:01.494+0000] {logging_mixin.py:120} INFO - [2023-12-21T16:37:01.494+0000] {dagbag.py:537} INFO - Filling up the DagBag from /home/airflow/.local/lib/python3.7/site-packages/airflow/example_dags/example_nested_branch_dag.py
[2023-12-21T16:37:01.527+0000] {processor.py:766} INFO - DAG(s) dict_keys(['example_nested_branch_dag']) retrieved from /home/airflow/.local/lib/python3.7/site-packages/airflow/example_dags/example_nested_branch_dag.py
[2023-12-21T16:37:01.574+0000] {logging_mixin.py:120} INFO - [2023-12-21T16:37:01.574+0000] {dag.py:2585} INFO - Sync 1 DAGs
[2023-12-21T16:37:01.607+0000] {logging_mixin.py:120} INFO - [2023-12-21T16:37:01.607+0000] {dag.py:3340} INFO - Setting next_dagrun for example_nested_branch_dag to 2023-12-20T00:00:00+00:00, run_after=2023-12-21T00:00:00+00:00
[2023-12-21T16:37:01.632+0000] {processor.py:176} INFO - Processing /home/airflow/.local/lib/python3.7/site-packages/airflow/example_dags/example_nested_branch_dag.py took 0.147 seconds
[2023-12-21T16:37:32.210+0000] {processor.py:154} INFO - Started process (PID=238) to work on /home/airflow/.local/lib/python3.7/site-packages/airflow/example_dags/example_nested_branch_dag.py
[2023-12-21T16:37:32.211+0000] {processor.py:756} INFO - Processing file /home/airflow/.local/lib/python3.7/site-packages/airflow/example_dags/example_nested_branch_dag.py for tasks to queue
[2023-12-21T16:37:32.211+0000] {logging_mixin.py:120} INFO - [2023-12-21T16:37:32.211+0000] {dagbag.py:537} INFO - Filling up the DagBag from /home/airflow/.local/lib/python3.7/site-packages/airflow/example_dags/example_nested_branch_dag.py
[2023-12-21T16:37:32.234+0000] {processor.py:766} INFO - DAG(s) dict_keys(['example_nested_branch_dag']) retrieved from /home/airflow/.local/lib/python3.7/site-packages/airflow/example_dags/example_nested_branch_dag.py
[2023-12-21T16:37:32.272+0000] {logging_mixin.py:120} INFO - [2023-12-21T16:37:32.272+0000] {dag.py:2585} INFO - Sync 1 DAGs
[2023-12-21T16:37:32.295+0000] {logging_mixin.py:120} INFO - [2023-12-21T16:37:32.295+0000] {dag.py:3340} INFO - Setting next_dagrun for example_nested_branch_dag to 2023-12-20T00:00:00+00:00, run_after=2023-12-21T00:00:00+00:00
[2023-12-21T16:37:32.314+0000] {processor.py:176} INFO - Processing /home/airflow/.local/lib/python3.7/site-packages/airflow/example_dags/example_nested_branch_dag.py took 0.106 seconds
[2023-12-21T16:38:02.974+0000] {processor.py:154} INFO - Started process (PID=302) to work on /home/airflow/.local/lib/python3.7/site-packages/airflow/example_dags/example_nested_branch_dag.py
[2023-12-21T16:38:02.975+0000] {processor.py:756} INFO - Processing file /home/airflow/.local/lib/python3.7/site-packages/airflow/example_dags/example_nested_branch_dag.py for tasks to queue
[2023-12-21T16:38:02.975+0000] {logging_mixin.py:120} INFO - [2023-12-21T16:38:02.975+0000] {dagbag.py:537} INFO - Filling up the DagBag from /home/airflow/.local/lib/python3.7/site-packages/airflow/example_dags/example_nested_branch_dag.py
[2023-12-21T16:38:02.998+0000] {processor.py:766} INFO - DAG(s) dict_keys(['example_nested_branch_dag']) retrieved from /home/airflow/.local/lib/python3.7/site-packages/airflow/example_dags/example_nested_branch_dag.py
[2023-12-21T16:38:03.033+0000] {logging_mixin.py:120} INFO - [2023-12-21T16:38:03.032+0000] {dag.py:2585} INFO - Sync 1 DAGs
[2023-12-21T16:38:03.054+0000] {logging_mixin.py:120} INFO - [2023-12-21T16:38:03.054+0000] {dag.py:3340} INFO - Setting next_dagrun for example_nested_branch_dag to 2023-12-20T00:00:00+00:00, run_after=2023-12-21T00:00:00+00:00
[2023-12-21T16:38:03.074+0000] {processor.py:176} INFO - Processing /home/airflow/.local/lib/python3.7/site-packages/airflow/example_dags/example_nested_branch_dag.py took 0.103 seconds
[2023-12-21T16:38:34.053+0000] {processor.py:154} INFO - Started process (PID=365) to work on /home/airflow/.local/lib/python3.7/site-packages/airflow/example_dags/example_nested_branch_dag.py
[2023-12-21T16:38:34.054+0000] {processor.py:756} INFO - Processing file /home/airflow/.local/lib/python3.7/site-packages/airflow/example_dags/example_nested_branch_dag.py for tasks to queue
[2023-12-21T16:38:34.055+0000] {logging_mixin.py:120} INFO - [2023-12-21T16:38:34.055+0000] {dagbag.py:537} INFO - Filling up the DagBag from /home/airflow/.local/lib/python3.7/site-packages/airflow/example_dags/example_nested_branch_dag.py
[2023-12-21T16:38:34.077+0000] {processor.py:766} INFO - DAG(s) dict_keys(['example_nested_branch_dag']) retrieved from /home/airflow/.local/lib/python3.7/site-packages/airflow/example_dags/example_nested_branch_dag.py
[2023-12-21T16:38:34.123+0000] {logging_mixin.py:120} INFO - [2023-12-21T16:38:34.122+0000] {dag.py:2585} INFO - Sync 1 DAGs
[2023-12-21T16:38:34.155+0000] {logging_mixin.py:120} INFO - [2023-12-21T16:38:34.155+0000] {dag.py:3340} INFO - Setting next_dagrun for example_nested_branch_dag to 2023-12-20T00:00:00+00:00, run_after=2023-12-21T00:00:00+00:00
[2023-12-21T16:38:34.183+0000] {processor.py:176} INFO - Processing /home/airflow/.local/lib/python3.7/site-packages/airflow/example_dags/example_nested_branch_dag.py took 0.133 seconds
[2023-12-21T16:39:04.260+0000] {processor.py:154} INFO - Started process (PID=419) to work on /home/airflow/.local/lib/python3.7/site-packages/airflow/example_dags/example_nested_branch_dag.py
[2023-12-21T16:39:04.261+0000] {processor.py:756} INFO - Processing file /home/airflow/.local/lib/python3.7/site-packages/airflow/example_dags/example_nested_branch_dag.py for tasks to queue
[2023-12-21T16:39:04.262+0000] {logging_mixin.py:120} INFO - [2023-12-21T16:39:04.261+0000] {dagbag.py:537} INFO - Filling up the DagBag from /home/airflow/.local/lib/python3.7/site-packages/airflow/example_dags/example_nested_branch_dag.py
[2023-12-21T16:39:04.304+0000] {processor.py:766} INFO - DAG(s) dict_keys(['example_nested_branch_dag']) retrieved from /home/airflow/.local/lib/python3.7/site-packages/airflow/example_dags/example_nested_branch_dag.py
[2023-12-21T16:39:04.353+0000] {logging_mixin.py:120} INFO - [2023-12-21T16:39:04.352+0000] {dag.py:2585} INFO - Sync 1 DAGs
[2023-12-21T16:39:04.381+0000] {logging_mixin.py:120} INFO - [2023-12-21T16:39:04.381+0000] {dag.py:3340} INFO - Setting next_dagrun for example_nested_branch_dag to 2023-12-20T00:00:00+00:00, run_after=2023-12-21T00:00:00+00:00
[2023-12-21T16:39:04.407+0000] {processor.py:176} INFO - Processing /home/airflow/.local/lib/python3.7/site-packages/airflow/example_dags/example_nested_branch_dag.py took 0.150 seconds
[2023-12-21T16:39:35.108+0000] {processor.py:154} INFO - Started process (PID=482) to work on /home/airflow/.local/lib/python3.7/site-packages/airflow/example_dags/example_nested_branch_dag.py
[2023-12-21T16:39:35.108+0000] {processor.py:756} INFO - Processing file /home/airflow/.local/lib/python3.7/site-packages/airflow/example_dags/example_nested_branch_dag.py for tasks to queue
[2023-12-21T16:39:35.109+0000] {logging_mixin.py:120} INFO - [2023-12-21T16:39:35.109+0000] {dagbag.py:537} INFO - Filling up the DagBag from /home/airflow/.local/lib/python3.7/site-packages/airflow/example_dags/example_nested_branch_dag.py
[2023-12-21T16:39:35.129+0000] {processor.py:766} INFO - DAG(s) dict_keys(['example_nested_branch_dag']) retrieved from /home/airflow/.local/lib/python3.7/site-packages/airflow/example_dags/example_nested_branch_dag.py
[2023-12-21T16:39:35.165+0000] {logging_mixin.py:120} INFO - [2023-12-21T16:39:35.164+0000] {dag.py:2585} INFO - Sync 1 DAGs
[2023-12-21T16:39:35.187+0000] {logging_mixin.py:120} INFO - [2023-12-21T16:39:35.186+0000] {dag.py:3340} INFO - Setting next_dagrun for example_nested_branch_dag to 2023-12-20T00:00:00+00:00, run_after=2023-12-21T00:00:00+00:00
[2023-12-21T16:39:35.210+0000] {processor.py:176} INFO - Processing /home/airflow/.local/lib/python3.7/site-packages/airflow/example_dags/example_nested_branch_dag.py took 0.105 seconds
[2023-12-21T16:40:05.577+0000] {processor.py:154} INFO - Started process (PID=545) to work on /home/airflow/.local/lib/python3.7/site-packages/airflow/example_dags/example_nested_branch_dag.py
[2023-12-21T16:40:05.578+0000] {processor.py:756} INFO - Processing file /home/airflow/.local/lib/python3.7/site-packages/airflow/example_dags/example_nested_branch_dag.py for tasks to queue
[2023-12-21T16:40:05.579+0000] {logging_mixin.py:120} INFO - [2023-12-21T16:40:05.579+0000] {dagbag.py:537} INFO - Filling up the DagBag from /home/airflow/.local/lib/python3.7/site-packages/airflow/example_dags/example_nested_branch_dag.py
[2023-12-21T16:40:05.607+0000] {processor.py:766} INFO - DAG(s) dict_keys(['example_nested_branch_dag']) retrieved from /home/airflow/.local/lib/python3.7/site-packages/airflow/example_dags/example_nested_branch_dag.py
[2023-12-21T16:40:05.654+0000] {logging_mixin.py:120} INFO - [2023-12-21T16:40:05.654+0000] {dag.py:2585} INFO - Sync 1 DAGs
[2023-12-21T16:40:05.685+0000] {logging_mixin.py:120} INFO - [2023-12-21T16:40:05.685+0000] {dag.py:3340} INFO - Setting next_dagrun for example_nested_branch_dag to 2023-12-20T00:00:00+00:00, run_after=2023-12-21T00:00:00+00:00
[2023-12-21T16:40:05.711+0000] {processor.py:176} INFO - Processing /home/airflow/.local/lib/python3.7/site-packages/airflow/example_dags/example_nested_branch_dag.py took 0.138 seconds
[2023-12-21T16:40:36.383+0000] {processor.py:154} INFO - Started process (PID=608) to work on /home/airflow/.local/lib/python3.7/site-packages/airflow/example_dags/example_nested_branch_dag.py
[2023-12-21T16:40:36.384+0000] {processor.py:756} INFO - Processing file /home/airflow/.local/lib/python3.7/site-packages/airflow/example_dags/example_nested_branch_dag.py for tasks to queue
[2023-12-21T16:40:36.384+0000] {logging_mixin.py:120} INFO - [2023-12-21T16:40:36.384+0000] {dagbag.py:537} INFO - Filling up the DagBag from /home/airflow/.local/lib/python3.7/site-packages/airflow/example_dags/example_nested_branch_dag.py
[2023-12-21T16:40:36.405+0000] {processor.py:766} INFO - DAG(s) dict_keys(['example_nested_branch_dag']) retrieved from /home/airflow/.local/lib/python3.7/site-packages/airflow/example_dags/example_nested_branch_dag.py
[2023-12-21T16:40:36.439+0000] {logging_mixin.py:120} INFO - [2023-12-21T16:40:36.438+0000] {dag.py:2585} INFO - Sync 1 DAGs
[2023-12-21T16:40:36.460+0000] {logging_mixin.py:120} INFO - [2023-12-21T16:40:36.460+0000] {dag.py:3340} INFO - Setting next_dagrun for example_nested_branch_dag to 2023-12-20T00:00:00+00:00, run_after=2023-12-21T00:00:00+00:00
[2023-12-21T16:40:36.481+0000] {processor.py:176} INFO - Processing /home/airflow/.local/lib/python3.7/site-packages/airflow/example_dags/example_nested_branch_dag.py took 0.100 seconds
[2023-12-21T16:41:07.154+0000] {processor.py:154} INFO - Started process (PID=662) to work on /home/airflow/.local/lib/python3.7/site-packages/airflow/example_dags/example_nested_branch_dag.py
[2023-12-21T16:41:07.154+0000] {processor.py:756} INFO - Processing file /home/airflow/.local/lib/python3.7/site-packages/airflow/example_dags/example_nested_branch_dag.py for tasks to queue
[2023-12-21T16:41:07.155+0000] {logging_mixin.py:120} INFO - [2023-12-21T16:41:07.155+0000] {dagbag.py:537} INFO - Filling up the DagBag from /home/airflow/.local/lib/python3.7/site-packages/airflow/example_dags/example_nested_branch_dag.py
[2023-12-21T16:41:07.175+0000] {processor.py:766} INFO - DAG(s) dict_keys(['example_nested_branch_dag']) retrieved from /home/airflow/.local/lib/python3.7/site-packages/airflow/example_dags/example_nested_branch_dag.py
[2023-12-21T16:41:07.209+0000] {logging_mixin.py:120} INFO - [2023-12-21T16:41:07.209+0000] {dag.py:2585} INFO - Sync 1 DAGs
[2023-12-21T16:41:07.232+0000] {logging_mixin.py:120} INFO - [2023-12-21T16:41:07.232+0000] {dag.py:3340} INFO - Setting next_dagrun for example_nested_branch_dag to 2023-12-20T00:00:00+00:00, run_after=2023-12-21T00:00:00+00:00
[2023-12-21T16:41:07.252+0000] {processor.py:176} INFO - Processing /home/airflow/.local/lib/python3.7/site-packages/airflow/example_dags/example_nested_branch_dag.py took 0.101 seconds
[2023-12-21T16:41:37.766+0000] {processor.py:154} INFO - Started process (PID=725) to work on /home/airflow/.local/lib/python3.7/site-packages/airflow/example_dags/example_nested_branch_dag.py
[2023-12-21T16:41:37.767+0000] {processor.py:756} INFO - Processing file /home/airflow/.local/lib/python3.7/site-packages/airflow/example_dags/example_nested_branch_dag.py for tasks to queue
[2023-12-21T16:41:37.767+0000] {logging_mixin.py:120} INFO - [2023-12-21T16:41:37.767+0000] {dagbag.py:537} INFO - Filling up the DagBag from /home/airflow/.local/lib/python3.7/site-packages/airflow/example_dags/example_nested_branch_dag.py
[2023-12-21T16:41:37.788+0000] {processor.py:766} INFO - DAG(s) dict_keys(['example_nested_branch_dag']) retrieved from /home/airflow/.local/lib/python3.7/site-packages/airflow/example_dags/example_nested_branch_dag.py
[2023-12-21T16:41:37.824+0000] {logging_mixin.py:120} INFO - [2023-12-21T16:41:37.824+0000] {dag.py:2585} INFO - Sync 1 DAGs
[2023-12-21T16:41:37.850+0000] {logging_mixin.py:120} INFO - [2023-12-21T16:41:37.850+0000] {dag.py:3340} INFO - Setting next_dagrun for example_nested_branch_dag to 2023-12-20T00:00:00+00:00, run_after=2023-12-21T00:00:00+00:00
[2023-12-21T16:41:37.871+0000] {processor.py:176} INFO - Processing /home/airflow/.local/lib/python3.7/site-packages/airflow/example_dags/example_nested_branch_dag.py took 0.107 seconds
[2023-12-21T16:42:08.494+0000] {processor.py:154} INFO - Started process (PID=789) to work on /home/airflow/.local/lib/python3.7/site-packages/airflow/example_dags/example_nested_branch_dag.py
[2023-12-21T16:42:08.494+0000] {processor.py:756} INFO - Processing file /home/airflow/.local/lib/python3.7/site-packages/airflow/example_dags/example_nested_branch_dag.py for tasks to queue
[2023-12-21T16:42:08.495+0000] {logging_mixin.py:120} INFO - [2023-12-21T16:42:08.495+0000] {dagbag.py:537} INFO - Filling up the DagBag from /home/airflow/.local/lib/python3.7/site-packages/airflow/example_dags/example_nested_branch_dag.py
[2023-12-21T16:42:08.516+0000] {processor.py:766} INFO - DAG(s) dict_keys(['example_nested_branch_dag']) retrieved from /home/airflow/.local/lib/python3.7/site-packages/airflow/example_dags/example_nested_branch_dag.py
[2023-12-21T16:42:08.554+0000] {logging_mixin.py:120} INFO - [2023-12-21T16:42:08.554+0000] {dag.py:2585} INFO - Sync 1 DAGs
[2023-12-21T16:42:08.580+0000] {logging_mixin.py:120} INFO - [2023-12-21T16:42:08.580+0000] {dag.py:3340} INFO - Setting next_dagrun for example_nested_branch_dag to 2023-12-20T00:00:00+00:00, run_after=2023-12-21T00:00:00+00:00
[2023-12-21T16:42:08.602+0000] {processor.py:176} INFO - Processing /home/airflow/.local/lib/python3.7/site-packages/airflow/example_dags/example_nested_branch_dag.py took 0.111 seconds
[2023-12-21T16:42:39.362+0000] {processor.py:154} INFO - Started process (PID=852) to work on /home/airflow/.local/lib/python3.7/site-packages/airflow/example_dags/example_nested_branch_dag.py
[2023-12-21T16:42:39.362+0000] {processor.py:756} INFO - Processing file /home/airflow/.local/lib/python3.7/site-packages/airflow/example_dags/example_nested_branch_dag.py for tasks to queue
[2023-12-21T16:42:39.363+0000] {logging_mixin.py:120} INFO - [2023-12-21T16:42:39.363+0000] {dagbag.py:537} INFO - Filling up the DagBag from /home/airflow/.local/lib/python3.7/site-packages/airflow/example_dags/example_nested_branch_dag.py
[2023-12-21T16:42:39.390+0000] {processor.py:766} INFO - DAG(s) dict_keys(['example_nested_branch_dag']) retrieved from /home/airflow/.local/lib/python3.7/site-packages/airflow/example_dags/example_nested_branch_dag.py
[2023-12-21T16:42:39.427+0000] {logging_mixin.py:120} INFO - [2023-12-21T16:42:39.427+0000] {dag.py:2585} INFO - Sync 1 DAGs
[2023-12-21T16:42:39.452+0000] {logging_mixin.py:120} INFO - [2023-12-21T16:42:39.452+0000] {dag.py:3340} INFO - Setting next_dagrun for example_nested_branch_dag to 2023-12-20T00:00:00+00:00, run_after=2023-12-21T00:00:00+00:00
[2023-12-21T16:42:39.479+0000] {processor.py:176} INFO - Processing /home/airflow/.local/lib/python3.7/site-packages/airflow/example_dags/example_nested_branch_dag.py took 0.121 seconds
[2023-12-21T16:43:10.064+0000] {processor.py:154} INFO - Started process (PID=906) to work on /home/airflow/.local/lib/python3.7/site-packages/airflow/example_dags/example_nested_branch_dag.py
[2023-12-21T16:43:10.065+0000] {processor.py:756} INFO - Processing file /home/airflow/.local/lib/python3.7/site-packages/airflow/example_dags/example_nested_branch_dag.py for tasks to queue
[2023-12-21T16:43:10.066+0000] {logging_mixin.py:120} INFO - [2023-12-21T16:43:10.066+0000] {dagbag.py:537} INFO - Filling up the DagBag from /home/airflow/.local/lib/python3.7/site-packages/airflow/example_dags/example_nested_branch_dag.py
[2023-12-21T16:43:10.096+0000] {processor.py:766} INFO - DAG(s) dict_keys(['example_nested_branch_dag']) retrieved from /home/airflow/.local/lib/python3.7/site-packages/airflow/example_dags/example_nested_branch_dag.py
[2023-12-21T16:43:10.144+0000] {logging_mixin.py:120} INFO - [2023-12-21T16:43:10.144+0000] {dag.py:2585} INFO - Sync 1 DAGs
[2023-12-21T16:43:10.181+0000] {logging_mixin.py:120} INFO - [2023-12-21T16:43:10.181+0000] {dag.py:3340} INFO - Setting next_dagrun for example_nested_branch_dag to 2023-12-20T00:00:00+00:00, run_after=2023-12-21T00:00:00+00:00
[2023-12-21T16:43:10.208+0000] {processor.py:176} INFO - Processing /home/airflow/.local/lib/python3.7/site-packages/airflow/example_dags/example_nested_branch_dag.py took 0.148 seconds
[2023-12-21T16:43:40.556+0000] {processor.py:154} INFO - Started process (PID=969) to work on /home/airflow/.local/lib/python3.7/site-packages/airflow/example_dags/example_nested_branch_dag.py
[2023-12-21T16:43:40.557+0000] {processor.py:756} INFO - Processing file /home/airflow/.local/lib/python3.7/site-packages/airflow/example_dags/example_nested_branch_dag.py for tasks to queue
[2023-12-21T16:43:40.558+0000] {logging_mixin.py:120} INFO - [2023-12-21T16:43:40.558+0000] {dagbag.py:537} INFO - Filling up the DagBag from /home/airflow/.local/lib/python3.7/site-packages/airflow/example_dags/example_nested_branch_dag.py
[2023-12-21T16:43:40.580+0000] {processor.py:766} INFO - DAG(s) dict_keys(['example_nested_branch_dag']) retrieved from /home/airflow/.local/lib/python3.7/site-packages/airflow/example_dags/example_nested_branch_dag.py
[2023-12-21T16:43:40.623+0000] {logging_mixin.py:120} INFO - [2023-12-21T16:43:40.623+0000] {dag.py:2585} INFO - Sync 1 DAGs
[2023-12-21T16:43:40.652+0000] {logging_mixin.py:120} INFO - [2023-12-21T16:43:40.652+0000] {dag.py:3340} INFO - Setting next_dagrun for example_nested_branch_dag to 2023-12-20T00:00:00+00:00, run_after=2023-12-21T00:00:00+00:00
[2023-12-21T16:43:40.684+0000] {processor.py:176} INFO - Processing /home/airflow/.local/lib/python3.7/site-packages/airflow/example_dags/example_nested_branch_dag.py took 0.132 seconds
[2023-12-21T16:44:11.384+0000] {processor.py:154} INFO - Started process (PID=1032) to work on /home/airflow/.local/lib/python3.7/site-packages/airflow/example_dags/example_nested_branch_dag.py
[2023-12-21T16:44:11.385+0000] {processor.py:756} INFO - Processing file /home/airflow/.local/lib/python3.7/site-packages/airflow/example_dags/example_nested_branch_dag.py for tasks to queue
[2023-12-21T16:44:11.385+0000] {logging_mixin.py:120} INFO - [2023-12-21T16:44:11.385+0000] {dagbag.py:537} INFO - Filling up the DagBag from /home/airflow/.local/lib/python3.7/site-packages/airflow/example_dags/example_nested_branch_dag.py
[2023-12-21T16:44:11.414+0000] {processor.py:766} INFO - DAG(s) dict_keys(['example_nested_branch_dag']) retrieved from /home/airflow/.local/lib/python3.7/site-packages/airflow/example_dags/example_nested_branch_dag.py
[2023-12-21T16:44:11.452+0000] {logging_mixin.py:120} INFO - [2023-12-21T16:44:11.452+0000] {dag.py:2585} INFO - Sync 1 DAGs
[2023-12-21T16:44:11.473+0000] {logging_mixin.py:120} INFO - [2023-12-21T16:44:11.473+0000] {dag.py:3340} INFO - Setting next_dagrun for example_nested_branch_dag to 2023-12-20T00:00:00+00:00, run_after=2023-12-21T00:00:00+00:00
[2023-12-21T16:44:11.501+0000] {processor.py:176} INFO - Processing /home/airflow/.local/lib/python3.7/site-packages/airflow/example_dags/example_nested_branch_dag.py took 0.120 seconds
[2023-12-21T16:44:42.187+0000] {processor.py:154} INFO - Started process (PID=1096) to work on /home/airflow/.local/lib/python3.7/site-packages/airflow/example_dags/example_nested_branch_dag.py
[2023-12-21T16:44:42.187+0000] {processor.py:756} INFO - Processing file /home/airflow/.local/lib/python3.7/site-packages/airflow/example_dags/example_nested_branch_dag.py for tasks to queue
[2023-12-21T16:44:42.188+0000] {logging_mixin.py:120} INFO - [2023-12-21T16:44:42.188+0000] {dagbag.py:537} INFO - Filling up the DagBag from /home/airflow/.local/lib/python3.7/site-packages/airflow/example_dags/example_nested_branch_dag.py
[2023-12-21T16:44:42.218+0000] {processor.py:766} INFO - DAG(s) dict_keys(['example_nested_branch_dag']) retrieved from /home/airflow/.local/lib/python3.7/site-packages/airflow/example_dags/example_nested_branch_dag.py
[2023-12-21T16:44:42.266+0000] {logging_mixin.py:120} INFO - [2023-12-21T16:44:42.266+0000] {dag.py:2585} INFO - Sync 1 DAGs
[2023-12-21T16:44:42.301+0000] {logging_mixin.py:120} INFO - [2023-12-21T16:44:42.301+0000] {dag.py:3340} INFO - Setting next_dagrun for example_nested_branch_dag to 2023-12-20T00:00:00+00:00, run_after=2023-12-21T00:00:00+00:00
[2023-12-21T16:44:42.332+0000] {processor.py:176} INFO - Processing /home/airflow/.local/lib/python3.7/site-packages/airflow/example_dags/example_nested_branch_dag.py took 0.149 seconds
[2023-12-21T16:45:13.134+0000] {processor.py:154} INFO - Started process (PID=1150) to work on /home/airflow/.local/lib/python3.7/site-packages/airflow/example_dags/example_nested_branch_dag.py
[2023-12-21T16:45:13.135+0000] {processor.py:756} INFO - Processing file /home/airflow/.local/lib/python3.7/site-packages/airflow/example_dags/example_nested_branch_dag.py for tasks to queue
[2023-12-21T16:45:13.135+0000] {logging_mixin.py:120} INFO - [2023-12-21T16:45:13.135+0000] {dagbag.py:537} INFO - Filling up the DagBag from /home/airflow/.local/lib/python3.7/site-packages/airflow/example_dags/example_nested_branch_dag.py
[2023-12-21T16:45:13.157+0000] {processor.py:766} INFO - DAG(s) dict_keys(['example_nested_branch_dag']) retrieved from /home/airflow/.local/lib/python3.7/site-packages/airflow/example_dags/example_nested_branch_dag.py
[2023-12-21T16:45:13.209+0000] {logging_mixin.py:120} INFO - [2023-12-21T16:45:13.209+0000] {dag.py:2585} INFO - Sync 1 DAGs
[2023-12-21T16:45:13.241+0000] {logging_mixin.py:120} INFO - [2023-12-21T16:45:13.241+0000] {dag.py:3340} INFO - Setting next_dagrun for example_nested_branch_dag to 2023-12-20T00:00:00+00:00, run_after=2023-12-21T00:00:00+00:00
[2023-12-21T16:45:13.262+0000] {processor.py:176} INFO - Processing /home/airflow/.local/lib/python3.7/site-packages/airflow/example_dags/example_nested_branch_dag.py took 0.131 seconds
[2023-12-21T16:45:43.635+0000] {processor.py:154} INFO - Started process (PID=1212) to work on /home/airflow/.local/lib/python3.7/site-packages/airflow/example_dags/example_nested_branch_dag.py
[2023-12-21T16:45:43.636+0000] {processor.py:756} INFO - Processing file /home/airflow/.local/lib/python3.7/site-packages/airflow/example_dags/example_nested_branch_dag.py for tasks to queue
[2023-12-21T16:45:43.636+0000] {logging_mixin.py:120} INFO - [2023-12-21T16:45:43.636+0000] {dagbag.py:537} INFO - Filling up the DagBag from /home/airflow/.local/lib/python3.7/site-packages/airflow/example_dags/example_nested_branch_dag.py
[2023-12-21T16:45:43.657+0000] {processor.py:766} INFO - DAG(s) dict_keys(['example_nested_branch_dag']) retrieved from /home/airflow/.local/lib/python3.7/site-packages/airflow/example_dags/example_nested_branch_dag.py
[2023-12-21T16:45:43.699+0000] {logging_mixin.py:120} INFO - [2023-12-21T16:45:43.699+0000] {dag.py:2585} INFO - Sync 1 DAGs
[2023-12-21T16:45:43.721+0000] {logging_mixin.py:120} INFO - [2023-12-21T16:45:43.721+0000] {dag.py:3340} INFO - Setting next_dagrun for example_nested_branch_dag to 2023-12-20T00:00:00+00:00, run_after=2023-12-21T00:00:00+00:00
[2023-12-21T16:45:43.742+0000] {processor.py:176} INFO - Processing /home/airflow/.local/lib/python3.7/site-packages/airflow/example_dags/example_nested_branch_dag.py took 0.110 seconds
[2023-12-21T16:46:14.496+0000] {processor.py:154} INFO - Started process (PID=1275) to work on /home/airflow/.local/lib/python3.7/site-packages/airflow/example_dags/example_nested_branch_dag.py
[2023-12-21T16:46:14.497+0000] {processor.py:756} INFO - Processing file /home/airflow/.local/lib/python3.7/site-packages/airflow/example_dags/example_nested_branch_dag.py for tasks to queue
[2023-12-21T16:46:14.497+0000] {logging_mixin.py:120} INFO - [2023-12-21T16:46:14.497+0000] {dagbag.py:537} INFO - Filling up the DagBag from /home/airflow/.local/lib/python3.7/site-packages/airflow/example_dags/example_nested_branch_dag.py
[2023-12-21T16:46:14.517+0000] {processor.py:766} INFO - DAG(s) dict_keys(['example_nested_branch_dag']) retrieved from /home/airflow/.local/lib/python3.7/site-packages/airflow/example_dags/example_nested_branch_dag.py
[2023-12-21T16:46:14.552+0000] {logging_mixin.py:120} INFO - [2023-12-21T16:46:14.551+0000] {dag.py:2585} INFO - Sync 1 DAGs
[2023-12-21T16:46:14.573+0000] {logging_mixin.py:120} INFO - [2023-12-21T16:46:14.573+0000] {dag.py:3340} INFO - Setting next_dagrun for example_nested_branch_dag to 2023-12-20T00:00:00+00:00, run_after=2023-12-21T00:00:00+00:00
[2023-12-21T16:46:14.594+0000] {processor.py:176} INFO - Processing /home/airflow/.local/lib/python3.7/site-packages/airflow/example_dags/example_nested_branch_dag.py took 0.100 seconds
[2023-12-21T16:46:45.433+0000] {processor.py:154} INFO - Started process (PID=1337) to work on /home/airflow/.local/lib/python3.7/site-packages/airflow/example_dags/example_nested_branch_dag.py
[2023-12-21T16:46:45.434+0000] {processor.py:756} INFO - Processing file /home/airflow/.local/lib/python3.7/site-packages/airflow/example_dags/example_nested_branch_dag.py for tasks to queue
[2023-12-21T16:46:45.434+0000] {logging_mixin.py:120} INFO - [2023-12-21T16:46:45.434+0000] {dagbag.py:537} INFO - Filling up the DagBag from /home/airflow/.local/lib/python3.7/site-packages/airflow/example_dags/example_nested_branch_dag.py
[2023-12-21T16:46:45.463+0000] {processor.py:766} INFO - DAG(s) dict_keys(['example_nested_branch_dag']) retrieved from /home/airflow/.local/lib/python3.7/site-packages/airflow/example_dags/example_nested_branch_dag.py
[2023-12-21T16:46:45.513+0000] {logging_mixin.py:120} INFO - [2023-12-21T16:46:45.513+0000] {dag.py:2585} INFO - Sync 1 DAGs
[2023-12-21T16:46:45.554+0000] {logging_mixin.py:120} INFO - [2023-12-21T16:46:45.554+0000] {dag.py:3340} INFO - Setting next_dagrun for example_nested_branch_dag to 2023-12-20T00:00:00+00:00, run_after=2023-12-21T00:00:00+00:00
[2023-12-21T16:46:45.583+0000] {processor.py:176} INFO - Processing /home/airflow/.local/lib/python3.7/site-packages/airflow/example_dags/example_nested_branch_dag.py took 0.155 seconds
[2023-12-21T16:47:15.663+0000] {processor.py:154} INFO - Started process (PID=1391) to work on /home/airflow/.local/lib/python3.7/site-packages/airflow/example_dags/example_nested_branch_dag.py
[2023-12-21T16:47:15.664+0000] {processor.py:756} INFO - Processing file /home/airflow/.local/lib/python3.7/site-packages/airflow/example_dags/example_nested_branch_dag.py for tasks to queue
[2023-12-21T16:47:15.664+0000] {logging_mixin.py:120} INFO - [2023-12-21T16:47:15.664+0000] {dagbag.py:537} INFO - Filling up the DagBag from /home/airflow/.local/lib/python3.7/site-packages/airflow/example_dags/example_nested_branch_dag.py
[2023-12-21T16:47:15.686+0000] {processor.py:766} INFO - DAG(s) dict_keys(['example_nested_branch_dag']) retrieved from /home/airflow/.local/lib/python3.7/site-packages/airflow/example_dags/example_nested_branch_dag.py
[2023-12-21T16:47:15.723+0000] {logging_mixin.py:120} INFO - [2023-12-21T16:47:15.723+0000] {dag.py:2585} INFO - Sync 1 DAGs
[2023-12-21T16:47:15.751+0000] {logging_mixin.py:120} INFO - [2023-12-21T16:47:15.751+0000] {dag.py:3340} INFO - Setting next_dagrun for example_nested_branch_dag to 2023-12-20T00:00:00+00:00, run_after=2023-12-21T00:00:00+00:00
[2023-12-21T16:47:15.778+0000] {processor.py:176} INFO - Processing /home/airflow/.local/lib/python3.7/site-packages/airflow/example_dags/example_nested_branch_dag.py took 0.117 seconds
[2023-12-21T16:47:46.484+0000] {processor.py:154} INFO - Started process (PID=1453) to work on /home/airflow/.local/lib/python3.7/site-packages/airflow/example_dags/example_nested_branch_dag.py
[2023-12-21T16:47:46.485+0000] {processor.py:756} INFO - Processing file /home/airflow/.local/lib/python3.7/site-packages/airflow/example_dags/example_nested_branch_dag.py for tasks to queue
[2023-12-21T16:47:46.485+0000] {logging_mixin.py:120} INFO - [2023-12-21T16:47:46.485+0000] {dagbag.py:537} INFO - Filling up the DagBag from /home/airflow/.local/lib/python3.7/site-packages/airflow/example_dags/example_nested_branch_dag.py
[2023-12-21T16:47:46.507+0000] {processor.py:766} INFO - DAG(s) dict_keys(['example_nested_branch_dag']) retrieved from /home/airflow/.local/lib/python3.7/site-packages/airflow/example_dags/example_nested_branch_dag.py
[2023-12-21T16:47:46.547+0000] {logging_mixin.py:120} INFO - [2023-12-21T16:47:46.547+0000] {dag.py:2585} INFO - Sync 1 DAGs
[2023-12-21T16:47:46.577+0000] {logging_mixin.py:120} INFO - [2023-12-21T16:47:46.577+0000] {dag.py:3340} INFO - Setting next_dagrun for example_nested_branch_dag to 2023-12-20T00:00:00+00:00, run_after=2023-12-21T00:00:00+00:00
[2023-12-21T16:47:46.605+0000] {processor.py:176} INFO - Processing /home/airflow/.local/lib/python3.7/site-packages/airflow/example_dags/example_nested_branch_dag.py took 0.124 seconds
[2023-12-21T16:48:17.172+0000] {processor.py:154} INFO - Started process (PID=1517) to work on /home/airflow/.local/lib/python3.7/site-packages/airflow/example_dags/example_nested_branch_dag.py
[2023-12-21T16:48:17.176+0000] {processor.py:756} INFO - Processing file /home/airflow/.local/lib/python3.7/site-packages/airflow/example_dags/example_nested_branch_dag.py for tasks to queue
[2023-12-21T16:48:17.177+0000] {logging_mixin.py:120} INFO - [2023-12-21T16:48:17.177+0000] {dagbag.py:537} INFO - Filling up the DagBag from /home/airflow/.local/lib/python3.7/site-packages/airflow/example_dags/example_nested_branch_dag.py
[2023-12-21T16:48:17.260+0000] {processor.py:766} INFO - DAG(s) dict_keys(['example_nested_branch_dag']) retrieved from /home/airflow/.local/lib/python3.7/site-packages/airflow/example_dags/example_nested_branch_dag.py
[2023-12-21T16:48:17.360+0000] {logging_mixin.py:120} INFO - [2023-12-21T16:48:17.360+0000] {dag.py:2585} INFO - Sync 1 DAGs
[2023-12-21T16:48:17.427+0000] {logging_mixin.py:120} INFO - [2023-12-21T16:48:17.427+0000] {dag.py:3340} INFO - Setting next_dagrun for example_nested_branch_dag to 2023-12-20T00:00:00+00:00, run_after=2023-12-21T00:00:00+00:00
[2023-12-21T16:48:17.454+0000] {processor.py:176} INFO - Processing /home/airflow/.local/lib/python3.7/site-packages/airflow/example_dags/example_nested_branch_dag.py took 0.289 seconds
[2023-12-21T16:48:48.030+0000] {processor.py:154} INFO - Started process (PID=1571) to work on /home/airflow/.local/lib/python3.7/site-packages/airflow/example_dags/example_nested_branch_dag.py
[2023-12-21T16:48:48.031+0000] {processor.py:756} INFO - Processing file /home/airflow/.local/lib/python3.7/site-packages/airflow/example_dags/example_nested_branch_dag.py for tasks to queue
[2023-12-21T16:48:48.032+0000] {logging_mixin.py:120} INFO - [2023-12-21T16:48:48.032+0000] {dagbag.py:537} INFO - Filling up the DagBag from /home/airflow/.local/lib/python3.7/site-packages/airflow/example_dags/example_nested_branch_dag.py
[2023-12-21T16:48:48.060+0000] {processor.py:766} INFO - DAG(s) dict_keys(['example_nested_branch_dag']) retrieved from /home/airflow/.local/lib/python3.7/site-packages/airflow/example_dags/example_nested_branch_dag.py
[2023-12-21T16:48:48.105+0000] {logging_mixin.py:120} INFO - [2023-12-21T16:48:48.105+0000] {dag.py:2585} INFO - Sync 1 DAGs
[2023-12-21T16:48:48.133+0000] {logging_mixin.py:120} INFO - [2023-12-21T16:48:48.133+0000] {dag.py:3340} INFO - Setting next_dagrun for example_nested_branch_dag to 2023-12-20T00:00:00+00:00, run_after=2023-12-21T00:00:00+00:00
[2023-12-21T16:48:48.157+0000] {processor.py:176} INFO - Processing /home/airflow/.local/lib/python3.7/site-packages/airflow/example_dags/example_nested_branch_dag.py took 0.129 seconds
[2023-12-21T16:49:18.934+0000] {processor.py:154} INFO - Started process (PID=1634) to work on /home/airflow/.local/lib/python3.7/site-packages/airflow/example_dags/example_nested_branch_dag.py
[2023-12-21T16:49:18.935+0000] {processor.py:756} INFO - Processing file /home/airflow/.local/lib/python3.7/site-packages/airflow/example_dags/example_nested_branch_dag.py for tasks to queue
[2023-12-21T16:49:18.936+0000] {logging_mixin.py:120} INFO - [2023-12-21T16:49:18.935+0000] {dagbag.py:537} INFO - Filling up the DagBag from /home/airflow/.local/lib/python3.7/site-packages/airflow/example_dags/example_nested_branch_dag.py
[2023-12-21T16:49:18.956+0000] {processor.py:766} INFO - DAG(s) dict_keys(['example_nested_branch_dag']) retrieved from /home/airflow/.local/lib/python3.7/site-packages/airflow/example_dags/example_nested_branch_dag.py
[2023-12-21T16:49:18.989+0000] {logging_mixin.py:120} INFO - [2023-12-21T16:49:18.988+0000] {dag.py:2585} INFO - Sync 1 DAGs
[2023-12-21T16:49:19.011+0000] {logging_mixin.py:120} INFO - [2023-12-21T16:49:19.010+0000] {dag.py:3340} INFO - Setting next_dagrun for example_nested_branch_dag to 2023-12-20T00:00:00+00:00, run_after=2023-12-21T00:00:00+00:00
[2023-12-21T16:49:19.036+0000] {processor.py:176} INFO - Processing /home/airflow/.local/lib/python3.7/site-packages/airflow/example_dags/example_nested_branch_dag.py took 0.104 seconds
[2023-12-21T16:49:49.719+0000] {processor.py:154} INFO - Started process (PID=1697) to work on /home/airflow/.local/lib/python3.7/site-packages/airflow/example_dags/example_nested_branch_dag.py
[2023-12-21T16:49:49.720+0000] {processor.py:756} INFO - Processing file /home/airflow/.local/lib/python3.7/site-packages/airflow/example_dags/example_nested_branch_dag.py for tasks to queue
[2023-12-21T16:49:49.720+0000] {logging_mixin.py:120} INFO - [2023-12-21T16:49:49.720+0000] {dagbag.py:537} INFO - Filling up the DagBag from /home/airflow/.local/lib/python3.7/site-packages/airflow/example_dags/example_nested_branch_dag.py
[2023-12-21T16:49:49.741+0000] {processor.py:766} INFO - DAG(s) dict_keys(['example_nested_branch_dag']) retrieved from /home/airflow/.local/lib/python3.7/site-packages/airflow/example_dags/example_nested_branch_dag.py
[2023-12-21T16:49:49.774+0000] {logging_mixin.py:120} INFO - [2023-12-21T16:49:49.774+0000] {dag.py:2585} INFO - Sync 1 DAGs
[2023-12-21T16:49:49.795+0000] {logging_mixin.py:120} INFO - [2023-12-21T16:49:49.795+0000] {dag.py:3340} INFO - Setting next_dagrun for example_nested_branch_dag to 2023-12-20T00:00:00+00:00, run_after=2023-12-21T00:00:00+00:00
[2023-12-21T16:49:49.820+0000] {processor.py:176} INFO - Processing /home/airflow/.local/lib/python3.7/site-packages/airflow/example_dags/example_nested_branch_dag.py took 0.103 seconds
[2023-12-21T16:50:20.408+0000] {processor.py:154} INFO - Started process (PID=1758) to work on /home/airflow/.local/lib/python3.7/site-packages/airflow/example_dags/example_nested_branch_dag.py
[2023-12-21T16:50:20.408+0000] {processor.py:756} INFO - Processing file /home/airflow/.local/lib/python3.7/site-packages/airflow/example_dags/example_nested_branch_dag.py for tasks to queue
[2023-12-21T16:50:20.409+0000] {logging_mixin.py:120} INFO - [2023-12-21T16:50:20.409+0000] {dagbag.py:537} INFO - Filling up the DagBag from /home/airflow/.local/lib/python3.7/site-packages/airflow/example_dags/example_nested_branch_dag.py
[2023-12-21T16:50:20.440+0000] {processor.py:766} INFO - DAG(s) dict_keys(['example_nested_branch_dag']) retrieved from /home/airflow/.local/lib/python3.7/site-packages/airflow/example_dags/example_nested_branch_dag.py
[2023-12-21T16:50:20.489+0000] {logging_mixin.py:120} INFO - [2023-12-21T16:50:20.489+0000] {dag.py:2585} INFO - Sync 1 DAGs
[2023-12-21T16:50:20.521+0000] {logging_mixin.py:120} INFO - [2023-12-21T16:50:20.521+0000] {dag.py:3340} INFO - Setting next_dagrun for example_nested_branch_dag to 2023-12-20T00:00:00+00:00, run_after=2023-12-21T00:00:00+00:00
[2023-12-21T16:50:20.543+0000] {processor.py:176} INFO - Processing /home/airflow/.local/lib/python3.7/site-packages/airflow/example_dags/example_nested_branch_dag.py took 0.145 seconds
[2023-12-21T16:50:50.961+0000] {processor.py:154} INFO - Started process (PID=1814) to work on /home/airflow/.local/lib/python3.7/site-packages/airflow/example_dags/example_nested_branch_dag.py
[2023-12-21T16:50:50.961+0000] {processor.py:756} INFO - Processing file /home/airflow/.local/lib/python3.7/site-packages/airflow/example_dags/example_nested_branch_dag.py for tasks to queue
[2023-12-21T16:50:50.962+0000] {logging_mixin.py:120} INFO - [2023-12-21T16:50:50.962+0000] {dagbag.py:537} INFO - Filling up the DagBag from /home/airflow/.local/lib/python3.7/site-packages/airflow/example_dags/example_nested_branch_dag.py
[2023-12-21T16:50:50.994+0000] {processor.py:766} INFO - DAG(s) dict_keys(['example_nested_branch_dag']) retrieved from /home/airflow/.local/lib/python3.7/site-packages/airflow/example_dags/example_nested_branch_dag.py
[2023-12-21T16:50:51.051+0000] {logging_mixin.py:120} INFO - [2023-12-21T16:50:51.051+0000] {dag.py:2585} INFO - Sync 1 DAGs
[2023-12-21T16:50:51.077+0000] {logging_mixin.py:120} INFO - [2023-12-21T16:50:51.077+0000] {dag.py:3340} INFO - Setting next_dagrun for example_nested_branch_dag to 2023-12-20T00:00:00+00:00, run_after=2023-12-21T00:00:00+00:00
[2023-12-21T16:50:51.099+0000] {processor.py:176} INFO - Processing /home/airflow/.local/lib/python3.7/site-packages/airflow/example_dags/example_nested_branch_dag.py took 0.142 seconds
[2023-12-21T16:51:21.766+0000] {processor.py:154} INFO - Started process (PID=1878) to work on /home/airflow/.local/lib/python3.7/site-packages/airflow/example_dags/example_nested_branch_dag.py
[2023-12-21T16:51:21.766+0000] {processor.py:756} INFO - Processing file /home/airflow/.local/lib/python3.7/site-packages/airflow/example_dags/example_nested_branch_dag.py for tasks to queue
[2023-12-21T16:51:21.767+0000] {logging_mixin.py:120} INFO - [2023-12-21T16:51:21.767+0000] {dagbag.py:537} INFO - Filling up the DagBag from /home/airflow/.local/lib/python3.7/site-packages/airflow/example_dags/example_nested_branch_dag.py
[2023-12-21T16:51:21.788+0000] {processor.py:766} INFO - DAG(s) dict_keys(['example_nested_branch_dag']) retrieved from /home/airflow/.local/lib/python3.7/site-packages/airflow/example_dags/example_nested_branch_dag.py
[2023-12-21T16:51:21.822+0000] {logging_mixin.py:120} INFO - [2023-12-21T16:51:21.822+0000] {dag.py:2585} INFO - Sync 1 DAGs
[2023-12-21T16:51:21.847+0000] {logging_mixin.py:120} INFO - [2023-12-21T16:51:21.847+0000] {dag.py:3340} INFO - Setting next_dagrun for example_nested_branch_dag to 2023-12-20T00:00:00+00:00, run_after=2023-12-21T00:00:00+00:00
[2023-12-21T16:51:21.868+0000] {processor.py:176} INFO - Processing /home/airflow/.local/lib/python3.7/site-packages/airflow/example_dags/example_nested_branch_dag.py took 0.105 seconds
[2023-12-21T16:51:52.572+0000] {processor.py:154} INFO - Started process (PID=1941) to work on /home/airflow/.local/lib/python3.7/site-packages/airflow/example_dags/example_nested_branch_dag.py
[2023-12-21T16:51:52.573+0000] {processor.py:756} INFO - Processing file /home/airflow/.local/lib/python3.7/site-packages/airflow/example_dags/example_nested_branch_dag.py for tasks to queue
[2023-12-21T16:51:52.574+0000] {logging_mixin.py:120} INFO - [2023-12-21T16:51:52.574+0000] {dagbag.py:537} INFO - Filling up the DagBag from /home/airflow/.local/lib/python3.7/site-packages/airflow/example_dags/example_nested_branch_dag.py
[2023-12-21T16:51:52.605+0000] {processor.py:766} INFO - DAG(s) dict_keys(['example_nested_branch_dag']) retrieved from /home/airflow/.local/lib/python3.7/site-packages/airflow/example_dags/example_nested_branch_dag.py
[2023-12-21T16:51:52.661+0000] {logging_mixin.py:120} INFO - [2023-12-21T16:51:52.660+0000] {dag.py:2585} INFO - Sync 1 DAGs
[2023-12-21T16:51:52.693+0000] {logging_mixin.py:120} INFO - [2023-12-21T16:51:52.693+0000] {dag.py:3340} INFO - Setting next_dagrun for example_nested_branch_dag to 2023-12-20T00:00:00+00:00, run_after=2023-12-21T00:00:00+00:00
[2023-12-21T16:51:52.719+0000] {processor.py:176} INFO - Processing /home/airflow/.local/lib/python3.7/site-packages/airflow/example_dags/example_nested_branch_dag.py took 0.151 seconds
[2023-12-21T16:52:23.421+0000] {processor.py:154} INFO - Started process (PID=2003) to work on /home/airflow/.local/lib/python3.7/site-packages/airflow/example_dags/example_nested_branch_dag.py
[2023-12-21T16:52:23.421+0000] {processor.py:756} INFO - Processing file /home/airflow/.local/lib/python3.7/site-packages/airflow/example_dags/example_nested_branch_dag.py for tasks to queue
[2023-12-21T16:52:23.422+0000] {logging_mixin.py:120} INFO - [2023-12-21T16:52:23.422+0000] {dagbag.py:537} INFO - Filling up the DagBag from /home/airflow/.local/lib/python3.7/site-packages/airflow/example_dags/example_nested_branch_dag.py
[2023-12-21T16:52:23.444+0000] {processor.py:766} INFO - DAG(s) dict_keys(['example_nested_branch_dag']) retrieved from /home/airflow/.local/lib/python3.7/site-packages/airflow/example_dags/example_nested_branch_dag.py
[2023-12-21T16:52:23.483+0000] {logging_mixin.py:120} INFO - [2023-12-21T16:52:23.483+0000] {dag.py:2585} INFO - Sync 1 DAGs
[2023-12-21T16:52:23.505+0000] {logging_mixin.py:120} INFO - [2023-12-21T16:52:23.505+0000] {dag.py:3340} INFO - Setting next_dagrun for example_nested_branch_dag to 2023-12-20T00:00:00+00:00, run_after=2023-12-21T00:00:00+00:00
[2023-12-21T16:52:23.527+0000] {processor.py:176} INFO - Processing /home/airflow/.local/lib/python3.7/site-packages/airflow/example_dags/example_nested_branch_dag.py took 0.110 seconds
[2023-12-21T16:52:54.101+0000] {processor.py:154} INFO - Started process (PID=2059) to work on /home/airflow/.local/lib/python3.7/site-packages/airflow/example_dags/example_nested_branch_dag.py
[2023-12-21T16:52:54.102+0000] {processor.py:756} INFO - Processing file /home/airflow/.local/lib/python3.7/site-packages/airflow/example_dags/example_nested_branch_dag.py for tasks to queue
[2023-12-21T16:52:54.103+0000] {logging_mixin.py:120} INFO - [2023-12-21T16:52:54.103+0000] {dagbag.py:537} INFO - Filling up the DagBag from /home/airflow/.local/lib/python3.7/site-packages/airflow/example_dags/example_nested_branch_dag.py
[2023-12-21T16:52:54.133+0000] {processor.py:766} INFO - DAG(s) dict_keys(['example_nested_branch_dag']) retrieved from /home/airflow/.local/lib/python3.7/site-packages/airflow/example_dags/example_nested_branch_dag.py
[2023-12-21T16:52:54.180+0000] {logging_mixin.py:120} INFO - [2023-12-21T16:52:54.180+0000] {dag.py:2585} INFO - Sync 1 DAGs
[2023-12-21T16:52:54.217+0000] {logging_mixin.py:120} INFO - [2023-12-21T16:52:54.217+0000] {dag.py:3340} INFO - Setting next_dagrun for example_nested_branch_dag to 2023-12-20T00:00:00+00:00, run_after=2023-12-21T00:00:00+00:00
[2023-12-21T16:52:54.243+0000] {processor.py:176} INFO - Processing /home/airflow/.local/lib/python3.7/site-packages/airflow/example_dags/example_nested_branch_dag.py took 0.145 seconds
[2023-12-21T16:53:25.012+0000] {processor.py:154} INFO - Started process (PID=2122) to work on /home/airflow/.local/lib/python3.7/site-packages/airflow/example_dags/example_nested_branch_dag.py
[2023-12-21T16:53:25.013+0000] {processor.py:756} INFO - Processing file /home/airflow/.local/lib/python3.7/site-packages/airflow/example_dags/example_nested_branch_dag.py for tasks to queue
[2023-12-21T16:53:25.013+0000] {logging_mixin.py:120} INFO - [2023-12-21T16:53:25.013+0000] {dagbag.py:537} INFO - Filling up the DagBag from /home/airflow/.local/lib/python3.7/site-packages/airflow/example_dags/example_nested_branch_dag.py
[2023-12-21T16:53:25.042+0000] {processor.py:766} INFO - DAG(s) dict_keys(['example_nested_branch_dag']) retrieved from /home/airflow/.local/lib/python3.7/site-packages/airflow/example_dags/example_nested_branch_dag.py
[2023-12-21T16:53:25.088+0000] {logging_mixin.py:120} INFO - [2023-12-21T16:53:25.088+0000] {dag.py:2585} INFO - Sync 1 DAGs
[2023-12-21T16:53:25.120+0000] {logging_mixin.py:120} INFO - [2023-12-21T16:53:25.120+0000] {dag.py:3340} INFO - Setting next_dagrun for example_nested_branch_dag to 2023-12-20T00:00:00+00:00, run_after=2023-12-21T00:00:00+00:00
[2023-12-21T16:53:25.149+0000] {processor.py:176} INFO - Processing /home/airflow/.local/lib/python3.7/site-packages/airflow/example_dags/example_nested_branch_dag.py took 0.139 seconds
[2023-12-21T16:53:55.911+0000] {processor.py:154} INFO - Started process (PID=2186) to work on /home/airflow/.local/lib/python3.7/site-packages/airflow/example_dags/example_nested_branch_dag.py
[2023-12-21T16:53:55.911+0000] {processor.py:756} INFO - Processing file /home/airflow/.local/lib/python3.7/site-packages/airflow/example_dags/example_nested_branch_dag.py for tasks to queue
[2023-12-21T16:53:55.912+0000] {logging_mixin.py:120} INFO - [2023-12-21T16:53:55.912+0000] {dagbag.py:537} INFO - Filling up the DagBag from /home/airflow/.local/lib/python3.7/site-packages/airflow/example_dags/example_nested_branch_dag.py
[2023-12-21T16:53:55.932+0000] {processor.py:766} INFO - DAG(s) dict_keys(['example_nested_branch_dag']) retrieved from /home/airflow/.local/lib/python3.7/site-packages/airflow/example_dags/example_nested_branch_dag.py
[2023-12-21T16:53:55.967+0000] {logging_mixin.py:120} INFO - [2023-12-21T16:53:55.966+0000] {dag.py:2585} INFO - Sync 1 DAGs
[2023-12-21T16:53:55.989+0000] {logging_mixin.py:120} INFO - [2023-12-21T16:53:55.989+0000] {dag.py:3340} INFO - Setting next_dagrun for example_nested_branch_dag to 2023-12-20T00:00:00+00:00, run_after=2023-12-21T00:00:00+00:00
[2023-12-21T16:53:56.017+0000] {processor.py:176} INFO - Processing /home/airflow/.local/lib/python3.7/site-packages/airflow/example_dags/example_nested_branch_dag.py took 0.109 seconds
[2023-12-21T16:54:26.671+0000] {processor.py:154} INFO - Started process (PID=2247) to work on /home/airflow/.local/lib/python3.7/site-packages/airflow/example_dags/example_nested_branch_dag.py
[2023-12-21T16:54:26.672+0000] {processor.py:756} INFO - Processing file /home/airflow/.local/lib/python3.7/site-packages/airflow/example_dags/example_nested_branch_dag.py for tasks to queue
[2023-12-21T16:54:26.672+0000] {logging_mixin.py:120} INFO - [2023-12-21T16:54:26.672+0000] {dagbag.py:537} INFO - Filling up the DagBag from /home/airflow/.local/lib/python3.7/site-packages/airflow/example_dags/example_nested_branch_dag.py
[2023-12-21T16:54:26.702+0000] {processor.py:766} INFO - DAG(s) dict_keys(['example_nested_branch_dag']) retrieved from /home/airflow/.local/lib/python3.7/site-packages/airflow/example_dags/example_nested_branch_dag.py
[2023-12-21T16:54:26.744+0000] {logging_mixin.py:120} INFO - [2023-12-21T16:54:26.743+0000] {dag.py:2585} INFO - Sync 1 DAGs
[2023-12-21T16:54:26.767+0000] {logging_mixin.py:120} INFO - [2023-12-21T16:54:26.767+0000] {dag.py:3340} INFO - Setting next_dagrun for example_nested_branch_dag to 2023-12-20T00:00:00+00:00, run_after=2023-12-21T00:00:00+00:00
[2023-12-21T16:54:26.792+0000] {processor.py:176} INFO - Processing /home/airflow/.local/lib/python3.7/site-packages/airflow/example_dags/example_nested_branch_dag.py took 0.123 seconds
[2023-12-21T16:54:57.511+0000] {processor.py:154} INFO - Started process (PID=2303) to work on /home/airflow/.local/lib/python3.7/site-packages/airflow/example_dags/example_nested_branch_dag.py
[2023-12-21T16:54:57.512+0000] {processor.py:756} INFO - Processing file /home/airflow/.local/lib/python3.7/site-packages/airflow/example_dags/example_nested_branch_dag.py for tasks to queue
[2023-12-21T16:54:57.513+0000] {logging_mixin.py:120} INFO - [2023-12-21T16:54:57.512+0000] {dagbag.py:537} INFO - Filling up the DagBag from /home/airflow/.local/lib/python3.7/site-packages/airflow/example_dags/example_nested_branch_dag.py
[2023-12-21T16:54:57.538+0000] {processor.py:766} INFO - DAG(s) dict_keys(['example_nested_branch_dag']) retrieved from /home/airflow/.local/lib/python3.7/site-packages/airflow/example_dags/example_nested_branch_dag.py
[2023-12-21T16:54:57.582+0000] {logging_mixin.py:120} INFO - [2023-12-21T16:54:57.581+0000] {dag.py:2585} INFO - Sync 1 DAGs
[2023-12-21T16:54:57.618+0000] {logging_mixin.py:120} INFO - [2023-12-21T16:54:57.618+0000] {dag.py:3340} INFO - Setting next_dagrun for example_nested_branch_dag to 2023-12-20T00:00:00+00:00, run_after=2023-12-21T00:00:00+00:00
[2023-12-21T16:54:57.646+0000] {processor.py:176} INFO - Processing /home/airflow/.local/lib/python3.7/site-packages/airflow/example_dags/example_nested_branch_dag.py took 0.139 seconds
[2023-12-21T16:55:28.220+0000] {processor.py:154} INFO - Started process (PID=2366) to work on /home/airflow/.local/lib/python3.7/site-packages/airflow/example_dags/example_nested_branch_dag.py
[2023-12-21T16:55:28.221+0000] {processor.py:756} INFO - Processing file /home/airflow/.local/lib/python3.7/site-packages/airflow/example_dags/example_nested_branch_dag.py for tasks to queue
[2023-12-21T16:55:28.221+0000] {logging_mixin.py:120} INFO - [2023-12-21T16:55:28.221+0000] {dagbag.py:537} INFO - Filling up the DagBag from /home/airflow/.local/lib/python3.7/site-packages/airflow/example_dags/example_nested_branch_dag.py
[2023-12-21T16:55:28.248+0000] {processor.py:766} INFO - DAG(s) dict_keys(['example_nested_branch_dag']) retrieved from /home/airflow/.local/lib/python3.7/site-packages/airflow/example_dags/example_nested_branch_dag.py
[2023-12-21T16:55:28.282+0000] {logging_mixin.py:120} INFO - [2023-12-21T16:55:28.282+0000] {dag.py:2585} INFO - Sync 1 DAGs
[2023-12-21T16:55:28.312+0000] {logging_mixin.py:120} INFO - [2023-12-21T16:55:28.312+0000] {dag.py:3340} INFO - Setting next_dagrun for example_nested_branch_dag to 2023-12-20T00:00:00+00:00, run_after=2023-12-21T00:00:00+00:00
[2023-12-21T16:55:28.344+0000] {processor.py:176} INFO - Processing /home/airflow/.local/lib/python3.7/site-packages/airflow/example_dags/example_nested_branch_dag.py took 0.128 seconds
[2023-12-21T16:55:59.056+0000] {processor.py:154} INFO - Started process (PID=2429) to work on /home/airflow/.local/lib/python3.7/site-packages/airflow/example_dags/example_nested_branch_dag.py
[2023-12-21T16:55:59.056+0000] {processor.py:756} INFO - Processing file /home/airflow/.local/lib/python3.7/site-packages/airflow/example_dags/example_nested_branch_dag.py for tasks to queue
[2023-12-21T16:55:59.057+0000] {logging_mixin.py:120} INFO - [2023-12-21T16:55:59.057+0000] {dagbag.py:537} INFO - Filling up the DagBag from /home/airflow/.local/lib/python3.7/site-packages/airflow/example_dags/example_nested_branch_dag.py
[2023-12-21T16:55:59.078+0000] {processor.py:766} INFO - DAG(s) dict_keys(['example_nested_branch_dag']) retrieved from /home/airflow/.local/lib/python3.7/site-packages/airflow/example_dags/example_nested_branch_dag.py
[2023-12-21T16:55:59.113+0000] {logging_mixin.py:120} INFO - [2023-12-21T16:55:59.113+0000] {dag.py:2585} INFO - Sync 1 DAGs
[2023-12-21T16:55:59.139+0000] {logging_mixin.py:120} INFO - [2023-12-21T16:55:59.138+0000] {dag.py:3340} INFO - Setting next_dagrun for example_nested_branch_dag to 2023-12-20T00:00:00+00:00, run_after=2023-12-21T00:00:00+00:00
[2023-12-21T16:55:59.164+0000] {processor.py:176} INFO - Processing /home/airflow/.local/lib/python3.7/site-packages/airflow/example_dags/example_nested_branch_dag.py took 0.111 seconds
[2023-12-21T16:56:29.820+0000] {processor.py:154} INFO - Started process (PID=2490) to work on /home/airflow/.local/lib/python3.7/site-packages/airflow/example_dags/example_nested_branch_dag.py
[2023-12-21T16:56:29.820+0000] {processor.py:756} INFO - Processing file /home/airflow/.local/lib/python3.7/site-packages/airflow/example_dags/example_nested_branch_dag.py for tasks to queue
[2023-12-21T16:56:29.821+0000] {logging_mixin.py:120} INFO - [2023-12-21T16:56:29.821+0000] {dagbag.py:537} INFO - Filling up the DagBag from /home/airflow/.local/lib/python3.7/site-packages/airflow/example_dags/example_nested_branch_dag.py
[2023-12-21T16:56:29.843+0000] {processor.py:766} INFO - DAG(s) dict_keys(['example_nested_branch_dag']) retrieved from /home/airflow/.local/lib/python3.7/site-packages/airflow/example_dags/example_nested_branch_dag.py
[2023-12-21T16:56:29.883+0000] {logging_mixin.py:120} INFO - [2023-12-21T16:56:29.881+0000] {dag.py:2585} INFO - Sync 1 DAGs
[2023-12-21T16:56:29.922+0000] {logging_mixin.py:120} INFO - [2023-12-21T16:56:29.920+0000] {dag.py:3340} INFO - Setting next_dagrun for example_nested_branch_dag to 2023-12-20T00:00:00+00:00, run_after=2023-12-21T00:00:00+00:00
[2023-12-21T16:56:29.947+0000] {processor.py:176} INFO - Processing /home/airflow/.local/lib/python3.7/site-packages/airflow/example_dags/example_nested_branch_dag.py took 0.130 seconds
[2023-12-21T16:57:00.285+0000] {processor.py:154} INFO - Started process (PID=2547) to work on /home/airflow/.local/lib/python3.7/site-packages/airflow/example_dags/example_nested_branch_dag.py
[2023-12-21T16:57:00.286+0000] {processor.py:756} INFO - Processing file /home/airflow/.local/lib/python3.7/site-packages/airflow/example_dags/example_nested_branch_dag.py for tasks to queue
[2023-12-21T16:57:00.287+0000] {logging_mixin.py:120} INFO - [2023-12-21T16:57:00.286+0000] {dagbag.py:537} INFO - Filling up the DagBag from /home/airflow/.local/lib/python3.7/site-packages/airflow/example_dags/example_nested_branch_dag.py
[2023-12-21T16:57:00.307+0000] {processor.py:766} INFO - DAG(s) dict_keys(['example_nested_branch_dag']) retrieved from /home/airflow/.local/lib/python3.7/site-packages/airflow/example_dags/example_nested_branch_dag.py
[2023-12-21T16:57:00.351+0000] {logging_mixin.py:120} INFO - [2023-12-21T16:57:00.350+0000] {dag.py:2585} INFO - Sync 1 DAGs
[2023-12-21T16:57:00.378+0000] {logging_mixin.py:120} INFO - [2023-12-21T16:57:00.378+0000] {dag.py:3340} INFO - Setting next_dagrun for example_nested_branch_dag to 2023-12-20T00:00:00+00:00, run_after=2023-12-21T00:00:00+00:00
[2023-12-21T16:57:00.421+0000] {processor.py:176} INFO - Processing /home/airflow/.local/lib/python3.7/site-packages/airflow/example_dags/example_nested_branch_dag.py took 0.138 seconds
[2023-12-21T16:59:48.064+0000] {processor.py:154} INFO - Started process (PID=61) to work on /home/airflow/.local/lib/python3.7/site-packages/airflow/example_dags/example_nested_branch_dag.py
[2023-12-21T16:59:48.065+0000] {processor.py:756} INFO - Processing file /home/airflow/.local/lib/python3.7/site-packages/airflow/example_dags/example_nested_branch_dag.py for tasks to queue
[2023-12-21T16:59:48.066+0000] {logging_mixin.py:120} INFO - [2023-12-21T16:59:48.066+0000] {dagbag.py:537} INFO - Filling up the DagBag from /home/airflow/.local/lib/python3.7/site-packages/airflow/example_dags/example_nested_branch_dag.py
[2023-12-21T16:59:48.092+0000] {processor.py:766} INFO - DAG(s) dict_keys(['example_nested_branch_dag']) retrieved from /home/airflow/.local/lib/python3.7/site-packages/airflow/example_dags/example_nested_branch_dag.py
[2023-12-21T16:59:48.132+0000] {logging_mixin.py:120} INFO - [2023-12-21T16:59:48.132+0000] {dag.py:2585} INFO - Sync 1 DAGs
[2023-12-21T16:59:48.178+0000] {logging_mixin.py:120} INFO - [2023-12-21T16:59:48.178+0000] {dag.py:3340} INFO - Setting next_dagrun for example_nested_branch_dag to 2023-12-20T00:00:00+00:00, run_after=2023-12-21T00:00:00+00:00
[2023-12-21T16:59:48.207+0000] {processor.py:176} INFO - Processing /home/airflow/.local/lib/python3.7/site-packages/airflow/example_dags/example_nested_branch_dag.py took 0.145 seconds
