[2023-12-21T16:36:03.547+0000] {processor.py:154} INFO - Started process (PID=70) to work on /home/airflow/.local/lib/python3.7/site-packages/airflow/example_dags/example_bash_operator.py
[2023-12-21T16:36:03.548+0000] {processor.py:756} INFO - Processing file /home/airflow/.local/lib/python3.7/site-packages/airflow/example_dags/example_bash_operator.py for tasks to queue
[2023-12-21T16:36:03.550+0000] {logging_mixin.py:120} INFO - [2023-12-21T16:36:03.549+0000] {dagbag.py:537} INFO - Filling up the DagBag from /home/airflow/.local/lib/python3.7/site-packages/airflow/example_dags/example_bash_operator.py
[2023-12-21T16:36:03.595+0000] {processor.py:766} INFO - DAG(s) dict_keys(['example_bash_operator']) retrieved from /home/airflow/.local/lib/python3.7/site-packages/airflow/example_dags/example_bash_operator.py
[2023-12-21T16:36:03.848+0000] {logging_mixin.py:120} INFO - [2023-12-21T16:36:03.848+0000] {manager.py:507} INFO - Created Permission View: can read on DAG:example_bash_operator
[2023-12-21T16:36:03.869+0000] {logging_mixin.py:120} INFO - [2023-12-21T16:36:03.869+0000] {manager.py:507} INFO - Created Permission View: can delete on DAG:example_bash_operator
[2023-12-21T16:36:03.888+0000] {logging_mixin.py:120} INFO - [2023-12-21T16:36:03.888+0000] {manager.py:507} INFO - Created Permission View: can edit on DAG:example_bash_operator
[2023-12-21T16:36:03.889+0000] {logging_mixin.py:120} INFO - [2023-12-21T16:36:03.889+0000] {dag.py:2585} INFO - Sync 1 DAGs
[2023-12-21T16:36:03.916+0000] {logging_mixin.py:120} INFO - [2023-12-21T16:36:03.915+0000] {dag.py:2606} INFO - Creating ORM DAG for example_bash_operator
[2023-12-21T16:36:03.941+0000] {logging_mixin.py:120} INFO - [2023-12-21T16:36:03.940+0000] {dag.py:3340} INFO - Setting next_dagrun for example_bash_operator to 2023-12-20T00:00:00+00:00, run_after=2023-12-21T00:00:00+00:00
[2023-12-21T16:36:03.976+0000] {processor.py:176} INFO - Processing /home/airflow/.local/lib/python3.7/site-packages/airflow/example_dags/example_bash_operator.py took 0.438 seconds
[2023-12-21T16:36:34.615+0000] {processor.py:154} INFO - Started process (PID=133) to work on /home/airflow/.local/lib/python3.7/site-packages/airflow/example_dags/example_bash_operator.py
[2023-12-21T16:36:34.615+0000] {processor.py:756} INFO - Processing file /home/airflow/.local/lib/python3.7/site-packages/airflow/example_dags/example_bash_operator.py for tasks to queue
[2023-12-21T16:36:34.616+0000] {logging_mixin.py:120} INFO - [2023-12-21T16:36:34.616+0000] {dagbag.py:537} INFO - Filling up the DagBag from /home/airflow/.local/lib/python3.7/site-packages/airflow/example_dags/example_bash_operator.py
[2023-12-21T16:36:34.634+0000] {processor.py:766} INFO - DAG(s) dict_keys(['example_bash_operator']) retrieved from /home/airflow/.local/lib/python3.7/site-packages/airflow/example_dags/example_bash_operator.py
[2023-12-21T16:36:34.672+0000] {logging_mixin.py:120} INFO - [2023-12-21T16:36:34.671+0000] {dag.py:2585} INFO - Sync 1 DAGs
[2023-12-21T16:36:34.693+0000] {logging_mixin.py:120} INFO - [2023-12-21T16:36:34.693+0000] {dag.py:3340} INFO - Setting next_dagrun for example_bash_operator to 2023-12-20T00:00:00+00:00, run_after=2023-12-21T00:00:00+00:00
[2023-12-21T16:36:34.714+0000] {processor.py:176} INFO - Processing /home/airflow/.local/lib/python3.7/site-packages/airflow/example_dags/example_bash_operator.py took 0.102 seconds
[2023-12-21T16:37:05.458+0000] {processor.py:154} INFO - Started process (PID=197) to work on /home/airflow/.local/lib/python3.7/site-packages/airflow/example_dags/example_bash_operator.py
[2023-12-21T16:37:05.458+0000] {processor.py:756} INFO - Processing file /home/airflow/.local/lib/python3.7/site-packages/airflow/example_dags/example_bash_operator.py for tasks to queue
[2023-12-21T16:37:05.459+0000] {logging_mixin.py:120} INFO - [2023-12-21T16:37:05.459+0000] {dagbag.py:537} INFO - Filling up the DagBag from /home/airflow/.local/lib/python3.7/site-packages/airflow/example_dags/example_bash_operator.py
[2023-12-21T16:37:05.479+0000] {processor.py:766} INFO - DAG(s) dict_keys(['example_bash_operator']) retrieved from /home/airflow/.local/lib/python3.7/site-packages/airflow/example_dags/example_bash_operator.py
[2023-12-21T16:37:05.517+0000] {logging_mixin.py:120} INFO - [2023-12-21T16:37:05.517+0000] {dag.py:2585} INFO - Sync 1 DAGs
[2023-12-21T16:37:05.543+0000] {logging_mixin.py:120} INFO - [2023-12-21T16:37:05.543+0000] {dag.py:3340} INFO - Setting next_dagrun for example_bash_operator to 2023-12-20T00:00:00+00:00, run_after=2023-12-21T00:00:00+00:00
[2023-12-21T16:37:05.562+0000] {processor.py:176} INFO - Processing /home/airflow/.local/lib/python3.7/site-packages/airflow/example_dags/example_bash_operator.py took 0.107 seconds
[2023-12-21T16:37:36.054+0000] {processor.py:154} INFO - Started process (PID=251) to work on /home/airflow/.local/lib/python3.7/site-packages/airflow/example_dags/example_bash_operator.py
[2023-12-21T16:37:36.054+0000] {processor.py:756} INFO - Processing file /home/airflow/.local/lib/python3.7/site-packages/airflow/example_dags/example_bash_operator.py for tasks to queue
[2023-12-21T16:37:36.055+0000] {logging_mixin.py:120} INFO - [2023-12-21T16:37:36.055+0000] {dagbag.py:537} INFO - Filling up the DagBag from /home/airflow/.local/lib/python3.7/site-packages/airflow/example_dags/example_bash_operator.py
[2023-12-21T16:37:36.072+0000] {processor.py:766} INFO - DAG(s) dict_keys(['example_bash_operator']) retrieved from /home/airflow/.local/lib/python3.7/site-packages/airflow/example_dags/example_bash_operator.py
[2023-12-21T16:37:36.120+0000] {logging_mixin.py:120} INFO - [2023-12-21T16:37:36.120+0000] {dag.py:2585} INFO - Sync 1 DAGs
[2023-12-21T16:37:36.147+0000] {logging_mixin.py:120} INFO - [2023-12-21T16:37:36.147+0000] {dag.py:3340} INFO - Setting next_dagrun for example_bash_operator to 2023-12-20T00:00:00+00:00, run_after=2023-12-21T00:00:00+00:00
[2023-12-21T16:37:36.170+0000] {processor.py:176} INFO - Processing /home/airflow/.local/lib/python3.7/site-packages/airflow/example_dags/example_bash_operator.py took 0.118 seconds
[2023-12-21T16:38:06.857+0000] {processor.py:154} INFO - Started process (PID=315) to work on /home/airflow/.local/lib/python3.7/site-packages/airflow/example_dags/example_bash_operator.py
[2023-12-21T16:38:06.857+0000] {processor.py:756} INFO - Processing file /home/airflow/.local/lib/python3.7/site-packages/airflow/example_dags/example_bash_operator.py for tasks to queue
[2023-12-21T16:38:06.858+0000] {logging_mixin.py:120} INFO - [2023-12-21T16:38:06.858+0000] {dagbag.py:537} INFO - Filling up the DagBag from /home/airflow/.local/lib/python3.7/site-packages/airflow/example_dags/example_bash_operator.py
[2023-12-21T16:38:06.876+0000] {processor.py:766} INFO - DAG(s) dict_keys(['example_bash_operator']) retrieved from /home/airflow/.local/lib/python3.7/site-packages/airflow/example_dags/example_bash_operator.py
[2023-12-21T16:38:06.917+0000] {logging_mixin.py:120} INFO - [2023-12-21T16:38:06.917+0000] {dag.py:2585} INFO - Sync 1 DAGs
[2023-12-21T16:38:06.940+0000] {logging_mixin.py:120} INFO - [2023-12-21T16:38:06.940+0000] {dag.py:3340} INFO - Setting next_dagrun for example_bash_operator to 2023-12-20T00:00:00+00:00, run_after=2023-12-21T00:00:00+00:00
[2023-12-21T16:38:06.964+0000] {processor.py:176} INFO - Processing /home/airflow/.local/lib/python3.7/site-packages/airflow/example_dags/example_bash_operator.py took 0.110 seconds
[2023-12-21T16:38:37.446+0000] {processor.py:154} INFO - Started process (PID=378) to work on /home/airflow/.local/lib/python3.7/site-packages/airflow/example_dags/example_bash_operator.py
[2023-12-21T16:38:37.447+0000] {processor.py:756} INFO - Processing file /home/airflow/.local/lib/python3.7/site-packages/airflow/example_dags/example_bash_operator.py for tasks to queue
[2023-12-21T16:38:37.447+0000] {logging_mixin.py:120} INFO - [2023-12-21T16:38:37.447+0000] {dagbag.py:537} INFO - Filling up the DagBag from /home/airflow/.local/lib/python3.7/site-packages/airflow/example_dags/example_bash_operator.py
[2023-12-21T16:38:37.474+0000] {processor.py:766} INFO - DAG(s) dict_keys(['example_bash_operator']) retrieved from /home/airflow/.local/lib/python3.7/site-packages/airflow/example_dags/example_bash_operator.py
[2023-12-21T16:38:37.533+0000] {logging_mixin.py:120} INFO - [2023-12-21T16:38:37.533+0000] {dag.py:2585} INFO - Sync 1 DAGs
[2023-12-21T16:38:37.567+0000] {logging_mixin.py:120} INFO - [2023-12-21T16:38:37.567+0000] {dag.py:3340} INFO - Setting next_dagrun for example_bash_operator to 2023-12-20T00:00:00+00:00, run_after=2023-12-21T00:00:00+00:00
[2023-12-21T16:38:37.596+0000] {processor.py:176} INFO - Processing /home/airflow/.local/lib/python3.7/site-packages/airflow/example_dags/example_bash_operator.py took 0.154 seconds
[2023-12-21T16:39:08.137+0000] {processor.py:154} INFO - Started process (PID=441) to work on /home/airflow/.local/lib/python3.7/site-packages/airflow/example_dags/example_bash_operator.py
[2023-12-21T16:39:08.138+0000] {processor.py:756} INFO - Processing file /home/airflow/.local/lib/python3.7/site-packages/airflow/example_dags/example_bash_operator.py for tasks to queue
[2023-12-21T16:39:08.138+0000] {logging_mixin.py:120} INFO - [2023-12-21T16:39:08.138+0000] {dagbag.py:537} INFO - Filling up the DagBag from /home/airflow/.local/lib/python3.7/site-packages/airflow/example_dags/example_bash_operator.py
[2023-12-21T16:39:08.157+0000] {processor.py:766} INFO - DAG(s) dict_keys(['example_bash_operator']) retrieved from /home/airflow/.local/lib/python3.7/site-packages/airflow/example_dags/example_bash_operator.py
[2023-12-21T16:39:08.202+0000] {logging_mixin.py:120} INFO - [2023-12-21T16:39:08.202+0000] {dag.py:2585} INFO - Sync 1 DAGs
[2023-12-21T16:39:08.224+0000] {logging_mixin.py:120} INFO - [2023-12-21T16:39:08.224+0000] {dag.py:3340} INFO - Setting next_dagrun for example_bash_operator to 2023-12-20T00:00:00+00:00, run_after=2023-12-21T00:00:00+00:00
[2023-12-21T16:39:08.248+0000] {processor.py:176} INFO - Processing /home/airflow/.local/lib/python3.7/site-packages/airflow/example_dags/example_bash_operator.py took 0.113 seconds
[2023-12-21T16:39:38.924+0000] {processor.py:154} INFO - Started process (PID=495) to work on /home/airflow/.local/lib/python3.7/site-packages/airflow/example_dags/example_bash_operator.py
[2023-12-21T16:39:38.925+0000] {processor.py:756} INFO - Processing file /home/airflow/.local/lib/python3.7/site-packages/airflow/example_dags/example_bash_operator.py for tasks to queue
[2023-12-21T16:39:38.925+0000] {logging_mixin.py:120} INFO - [2023-12-21T16:39:38.925+0000] {dagbag.py:537} INFO - Filling up the DagBag from /home/airflow/.local/lib/python3.7/site-packages/airflow/example_dags/example_bash_operator.py
[2023-12-21T16:39:38.945+0000] {processor.py:766} INFO - DAG(s) dict_keys(['example_bash_operator']) retrieved from /home/airflow/.local/lib/python3.7/site-packages/airflow/example_dags/example_bash_operator.py
[2023-12-21T16:39:38.984+0000] {logging_mixin.py:120} INFO - [2023-12-21T16:39:38.983+0000] {dag.py:2585} INFO - Sync 1 DAGs
[2023-12-21T16:39:39.005+0000] {logging_mixin.py:120} INFO - [2023-12-21T16:39:39.005+0000] {dag.py:3340} INFO - Setting next_dagrun for example_bash_operator to 2023-12-20T00:00:00+00:00, run_after=2023-12-21T00:00:00+00:00
[2023-12-21T16:39:39.027+0000] {processor.py:176} INFO - Processing /home/airflow/.local/lib/python3.7/site-packages/airflow/example_dags/example_bash_operator.py took 0.105 seconds
[2023-12-21T16:40:09.423+0000] {processor.py:154} INFO - Started process (PID=558) to work on /home/airflow/.local/lib/python3.7/site-packages/airflow/example_dags/example_bash_operator.py
[2023-12-21T16:40:09.423+0000] {processor.py:756} INFO - Processing file /home/airflow/.local/lib/python3.7/site-packages/airflow/example_dags/example_bash_operator.py for tasks to queue
[2023-12-21T16:40:09.424+0000] {logging_mixin.py:120} INFO - [2023-12-21T16:40:09.424+0000] {dagbag.py:537} INFO - Filling up the DagBag from /home/airflow/.local/lib/python3.7/site-packages/airflow/example_dags/example_bash_operator.py
[2023-12-21T16:40:09.445+0000] {processor.py:766} INFO - DAG(s) dict_keys(['example_bash_operator']) retrieved from /home/airflow/.local/lib/python3.7/site-packages/airflow/example_dags/example_bash_operator.py
[2023-12-21T16:40:09.495+0000] {logging_mixin.py:120} INFO - [2023-12-21T16:40:09.495+0000] {dag.py:2585} INFO - Sync 1 DAGs
[2023-12-21T16:40:09.523+0000] {logging_mixin.py:120} INFO - [2023-12-21T16:40:09.523+0000] {dag.py:3340} INFO - Setting next_dagrun for example_bash_operator to 2023-12-20T00:00:00+00:00, run_after=2023-12-21T00:00:00+00:00
[2023-12-21T16:40:09.550+0000] {processor.py:176} INFO - Processing /home/airflow/.local/lib/python3.7/site-packages/airflow/example_dags/example_bash_operator.py took 0.129 seconds
[2023-12-21T16:40:40.223+0000] {processor.py:154} INFO - Started process (PID=621) to work on /home/airflow/.local/lib/python3.7/site-packages/airflow/example_dags/example_bash_operator.py
[2023-12-21T16:40:40.224+0000] {processor.py:756} INFO - Processing file /home/airflow/.local/lib/python3.7/site-packages/airflow/example_dags/example_bash_operator.py for tasks to queue
[2023-12-21T16:40:40.224+0000] {logging_mixin.py:120} INFO - [2023-12-21T16:40:40.224+0000] {dagbag.py:537} INFO - Filling up the DagBag from /home/airflow/.local/lib/python3.7/site-packages/airflow/example_dags/example_bash_operator.py
[2023-12-21T16:40:40.249+0000] {processor.py:766} INFO - DAG(s) dict_keys(['example_bash_operator']) retrieved from /home/airflow/.local/lib/python3.7/site-packages/airflow/example_dags/example_bash_operator.py
[2023-12-21T16:40:40.306+0000] {logging_mixin.py:120} INFO - [2023-12-21T16:40:40.306+0000] {dag.py:2585} INFO - Sync 1 DAGs
[2023-12-21T16:40:40.341+0000] {logging_mixin.py:120} INFO - [2023-12-21T16:40:40.341+0000] {dag.py:3340} INFO - Setting next_dagrun for example_bash_operator to 2023-12-20T00:00:00+00:00, run_after=2023-12-21T00:00:00+00:00
[2023-12-21T16:40:40.369+0000] {processor.py:176} INFO - Processing /home/airflow/.local/lib/python3.7/site-packages/airflow/example_dags/example_bash_operator.py took 0.149 seconds
[2023-12-21T16:41:10.921+0000] {processor.py:154} INFO - Started process (PID=684) to work on /home/airflow/.local/lib/python3.7/site-packages/airflow/example_dags/example_bash_operator.py
[2023-12-21T16:41:10.921+0000] {processor.py:756} INFO - Processing file /home/airflow/.local/lib/python3.7/site-packages/airflow/example_dags/example_bash_operator.py for tasks to queue
[2023-12-21T16:41:10.921+0000] {logging_mixin.py:120} INFO - [2023-12-21T16:41:10.921+0000] {dagbag.py:537} INFO - Filling up the DagBag from /home/airflow/.local/lib/python3.7/site-packages/airflow/example_dags/example_bash_operator.py
[2023-12-21T16:41:10.938+0000] {processor.py:766} INFO - DAG(s) dict_keys(['example_bash_operator']) retrieved from /home/airflow/.local/lib/python3.7/site-packages/airflow/example_dags/example_bash_operator.py
[2023-12-21T16:41:10.976+0000] {logging_mixin.py:120} INFO - [2023-12-21T16:41:10.976+0000] {dag.py:2585} INFO - Sync 1 DAGs
[2023-12-21T16:41:11.000+0000] {logging_mixin.py:120} INFO - [2023-12-21T16:41:11.000+0000] {dag.py:3340} INFO - Setting next_dagrun for example_bash_operator to 2023-12-20T00:00:00+00:00, run_after=2023-12-21T00:00:00+00:00
[2023-12-21T16:41:11.026+0000] {processor.py:176} INFO - Processing /home/airflow/.local/lib/python3.7/site-packages/airflow/example_dags/example_bash_operator.py took 0.108 seconds
[2023-12-21T16:41:41.556+0000] {processor.py:154} INFO - Started process (PID=738) to work on /home/airflow/.local/lib/python3.7/site-packages/airflow/example_dags/example_bash_operator.py
[2023-12-21T16:41:41.557+0000] {processor.py:756} INFO - Processing file /home/airflow/.local/lib/python3.7/site-packages/airflow/example_dags/example_bash_operator.py for tasks to queue
[2023-12-21T16:41:41.558+0000] {logging_mixin.py:120} INFO - [2023-12-21T16:41:41.557+0000] {dagbag.py:537} INFO - Filling up the DagBag from /home/airflow/.local/lib/python3.7/site-packages/airflow/example_dags/example_bash_operator.py
[2023-12-21T16:41:41.583+0000] {processor.py:766} INFO - DAG(s) dict_keys(['example_bash_operator']) retrieved from /home/airflow/.local/lib/python3.7/site-packages/airflow/example_dags/example_bash_operator.py
[2023-12-21T16:41:41.624+0000] {logging_mixin.py:120} INFO - [2023-12-21T16:41:41.624+0000] {dag.py:2585} INFO - Sync 1 DAGs
[2023-12-21T16:41:41.647+0000] {logging_mixin.py:120} INFO - [2023-12-21T16:41:41.647+0000] {dag.py:3340} INFO - Setting next_dagrun for example_bash_operator to 2023-12-20T00:00:00+00:00, run_after=2023-12-21T00:00:00+00:00
[2023-12-21T16:41:41.668+0000] {processor.py:176} INFO - Processing /home/airflow/.local/lib/python3.7/site-packages/airflow/example_dags/example_bash_operator.py took 0.115 seconds
[2023-12-21T16:42:12.401+0000] {processor.py:154} INFO - Started process (PID=802) to work on /home/airflow/.local/lib/python3.7/site-packages/airflow/example_dags/example_bash_operator.py
[2023-12-21T16:42:12.402+0000] {processor.py:756} INFO - Processing file /home/airflow/.local/lib/python3.7/site-packages/airflow/example_dags/example_bash_operator.py for tasks to queue
[2023-12-21T16:42:12.403+0000] {logging_mixin.py:120} INFO - [2023-12-21T16:42:12.402+0000] {dagbag.py:537} INFO - Filling up the DagBag from /home/airflow/.local/lib/python3.7/site-packages/airflow/example_dags/example_bash_operator.py
[2023-12-21T16:42:12.420+0000] {processor.py:766} INFO - DAG(s) dict_keys(['example_bash_operator']) retrieved from /home/airflow/.local/lib/python3.7/site-packages/airflow/example_dags/example_bash_operator.py
[2023-12-21T16:42:12.464+0000] {logging_mixin.py:120} INFO - [2023-12-21T16:42:12.464+0000] {dag.py:2585} INFO - Sync 1 DAGs
[2023-12-21T16:42:12.485+0000] {logging_mixin.py:120} INFO - [2023-12-21T16:42:12.485+0000] {dag.py:3340} INFO - Setting next_dagrun for example_bash_operator to 2023-12-20T00:00:00+00:00, run_after=2023-12-21T00:00:00+00:00
[2023-12-21T16:42:12.511+0000] {processor.py:176} INFO - Processing /home/airflow/.local/lib/python3.7/site-packages/airflow/example_dags/example_bash_operator.py took 0.112 seconds
[2023-12-21T16:42:43.229+0000] {processor.py:154} INFO - Started process (PID=865) to work on /home/airflow/.local/lib/python3.7/site-packages/airflow/example_dags/example_bash_operator.py
[2023-12-21T16:42:43.230+0000] {processor.py:756} INFO - Processing file /home/airflow/.local/lib/python3.7/site-packages/airflow/example_dags/example_bash_operator.py for tasks to queue
[2023-12-21T16:42:43.230+0000] {logging_mixin.py:120} INFO - [2023-12-21T16:42:43.230+0000] {dagbag.py:537} INFO - Filling up the DagBag from /home/airflow/.local/lib/python3.7/site-packages/airflow/example_dags/example_bash_operator.py
[2023-12-21T16:42:43.248+0000] {processor.py:766} INFO - DAG(s) dict_keys(['example_bash_operator']) retrieved from /home/airflow/.local/lib/python3.7/site-packages/airflow/example_dags/example_bash_operator.py
[2023-12-21T16:42:43.287+0000] {logging_mixin.py:120} INFO - [2023-12-21T16:42:43.287+0000] {dag.py:2585} INFO - Sync 1 DAGs
[2023-12-21T16:42:43.309+0000] {logging_mixin.py:120} INFO - [2023-12-21T16:42:43.309+0000] {dag.py:3340} INFO - Setting next_dagrun for example_bash_operator to 2023-12-20T00:00:00+00:00, run_after=2023-12-21T00:00:00+00:00
[2023-12-21T16:42:43.331+0000] {processor.py:176} INFO - Processing /home/airflow/.local/lib/python3.7/site-packages/airflow/example_dags/example_bash_operator.py took 0.104 seconds
[2023-12-21T16:43:13.893+0000] {processor.py:154} INFO - Started process (PID=928) to work on /home/airflow/.local/lib/python3.7/site-packages/airflow/example_dags/example_bash_operator.py
[2023-12-21T16:43:13.894+0000] {processor.py:756} INFO - Processing file /home/airflow/.local/lib/python3.7/site-packages/airflow/example_dags/example_bash_operator.py for tasks to queue
[2023-12-21T16:43:13.894+0000] {logging_mixin.py:120} INFO - [2023-12-21T16:43:13.894+0000] {dagbag.py:537} INFO - Filling up the DagBag from /home/airflow/.local/lib/python3.7/site-packages/airflow/example_dags/example_bash_operator.py
[2023-12-21T16:43:13.912+0000] {processor.py:766} INFO - DAG(s) dict_keys(['example_bash_operator']) retrieved from /home/airflow/.local/lib/python3.7/site-packages/airflow/example_dags/example_bash_operator.py
[2023-12-21T16:43:13.952+0000] {logging_mixin.py:120} INFO - [2023-12-21T16:43:13.952+0000] {dag.py:2585} INFO - Sync 1 DAGs
[2023-12-21T16:43:13.975+0000] {logging_mixin.py:120} INFO - [2023-12-21T16:43:13.975+0000] {dag.py:3340} INFO - Setting next_dagrun for example_bash_operator to 2023-12-20T00:00:00+00:00, run_after=2023-12-21T00:00:00+00:00
[2023-12-21T16:43:14.000+0000] {processor.py:176} INFO - Processing /home/airflow/.local/lib/python3.7/site-packages/airflow/example_dags/example_bash_operator.py took 0.109 seconds
[2023-12-21T16:43:44.486+0000] {processor.py:154} INFO - Started process (PID=982) to work on /home/airflow/.local/lib/python3.7/site-packages/airflow/example_dags/example_bash_operator.py
[2023-12-21T16:43:44.486+0000] {processor.py:756} INFO - Processing file /home/airflow/.local/lib/python3.7/site-packages/airflow/example_dags/example_bash_operator.py for tasks to queue
[2023-12-21T16:43:44.487+0000] {logging_mixin.py:120} INFO - [2023-12-21T16:43:44.486+0000] {dagbag.py:537} INFO - Filling up the DagBag from /home/airflow/.local/lib/python3.7/site-packages/airflow/example_dags/example_bash_operator.py
[2023-12-21T16:43:44.511+0000] {processor.py:766} INFO - DAG(s) dict_keys(['example_bash_operator']) retrieved from /home/airflow/.local/lib/python3.7/site-packages/airflow/example_dags/example_bash_operator.py
[2023-12-21T16:43:44.569+0000] {logging_mixin.py:120} INFO - [2023-12-21T16:43:44.569+0000] {dag.py:2585} INFO - Sync 1 DAGs
[2023-12-21T16:43:44.592+0000] {logging_mixin.py:120} INFO - [2023-12-21T16:43:44.592+0000] {dag.py:3340} INFO - Setting next_dagrun for example_bash_operator to 2023-12-20T00:00:00+00:00, run_after=2023-12-21T00:00:00+00:00
[2023-12-21T16:43:44.616+0000] {processor.py:176} INFO - Processing /home/airflow/.local/lib/python3.7/site-packages/airflow/example_dags/example_bash_operator.py took 0.133 seconds
[2023-12-21T16:44:15.201+0000] {processor.py:154} INFO - Started process (PID=1045) to work on /home/airflow/.local/lib/python3.7/site-packages/airflow/example_dags/example_bash_operator.py
[2023-12-21T16:44:15.202+0000] {processor.py:756} INFO - Processing file /home/airflow/.local/lib/python3.7/site-packages/airflow/example_dags/example_bash_operator.py for tasks to queue
[2023-12-21T16:44:15.203+0000] {logging_mixin.py:120} INFO - [2023-12-21T16:44:15.203+0000] {dagbag.py:537} INFO - Filling up the DagBag from /home/airflow/.local/lib/python3.7/site-packages/airflow/example_dags/example_bash_operator.py
[2023-12-21T16:44:15.229+0000] {processor.py:766} INFO - DAG(s) dict_keys(['example_bash_operator']) retrieved from /home/airflow/.local/lib/python3.7/site-packages/airflow/example_dags/example_bash_operator.py
[2023-12-21T16:44:15.276+0000] {logging_mixin.py:120} INFO - [2023-12-21T16:44:15.276+0000] {dag.py:2585} INFO - Sync 1 DAGs
[2023-12-21T16:44:15.301+0000] {logging_mixin.py:120} INFO - [2023-12-21T16:44:15.301+0000] {dag.py:3340} INFO - Setting next_dagrun for example_bash_operator to 2023-12-20T00:00:00+00:00, run_after=2023-12-21T00:00:00+00:00
[2023-12-21T16:44:15.327+0000] {processor.py:176} INFO - Processing /home/airflow/.local/lib/python3.7/site-packages/airflow/example_dags/example_bash_operator.py took 0.129 seconds
[2023-12-21T16:44:46.120+0000] {processor.py:154} INFO - Started process (PID=1109) to work on /home/airflow/.local/lib/python3.7/site-packages/airflow/example_dags/example_bash_operator.py
[2023-12-21T16:44:46.121+0000] {processor.py:756} INFO - Processing file /home/airflow/.local/lib/python3.7/site-packages/airflow/example_dags/example_bash_operator.py for tasks to queue
[2023-12-21T16:44:46.121+0000] {logging_mixin.py:120} INFO - [2023-12-21T16:44:46.121+0000] {dagbag.py:537} INFO - Filling up the DagBag from /home/airflow/.local/lib/python3.7/site-packages/airflow/example_dags/example_bash_operator.py
[2023-12-21T16:44:46.140+0000] {processor.py:766} INFO - DAG(s) dict_keys(['example_bash_operator']) retrieved from /home/airflow/.local/lib/python3.7/site-packages/airflow/example_dags/example_bash_operator.py
[2023-12-21T16:44:46.192+0000] {logging_mixin.py:120} INFO - [2023-12-21T16:44:46.192+0000] {dag.py:2585} INFO - Sync 1 DAGs
[2023-12-21T16:44:46.224+0000] {logging_mixin.py:120} INFO - [2023-12-21T16:44:46.223+0000] {dag.py:3340} INFO - Setting next_dagrun for example_bash_operator to 2023-12-20T00:00:00+00:00, run_after=2023-12-21T00:00:00+00:00
[2023-12-21T16:44:46.249+0000] {processor.py:176} INFO - Processing /home/airflow/.local/lib/python3.7/site-packages/airflow/example_dags/example_bash_operator.py took 0.131 seconds
[2023-12-21T16:45:16.966+0000] {processor.py:154} INFO - Started process (PID=1172) to work on /home/airflow/.local/lib/python3.7/site-packages/airflow/example_dags/example_bash_operator.py
[2023-12-21T16:45:16.966+0000] {processor.py:756} INFO - Processing file /home/airflow/.local/lib/python3.7/site-packages/airflow/example_dags/example_bash_operator.py for tasks to queue
[2023-12-21T16:45:16.967+0000] {logging_mixin.py:120} INFO - [2023-12-21T16:45:16.967+0000] {dagbag.py:537} INFO - Filling up the DagBag from /home/airflow/.local/lib/python3.7/site-packages/airflow/example_dags/example_bash_operator.py
[2023-12-21T16:45:16.985+0000] {processor.py:766} INFO - DAG(s) dict_keys(['example_bash_operator']) retrieved from /home/airflow/.local/lib/python3.7/site-packages/airflow/example_dags/example_bash_operator.py
[2023-12-21T16:45:17.039+0000] {logging_mixin.py:120} INFO - [2023-12-21T16:45:17.039+0000] {dag.py:2585} INFO - Sync 1 DAGs
[2023-12-21T16:45:17.066+0000] {logging_mixin.py:120} INFO - [2023-12-21T16:45:17.066+0000] {dag.py:3340} INFO - Setting next_dagrun for example_bash_operator to 2023-12-20T00:00:00+00:00, run_after=2023-12-21T00:00:00+00:00
[2023-12-21T16:45:17.095+0000] {processor.py:176} INFO - Processing /home/airflow/.local/lib/python3.7/site-packages/airflow/example_dags/example_bash_operator.py took 0.133 seconds
[2023-12-21T16:45:47.473+0000] {processor.py:154} INFO - Started process (PID=1225) to work on /home/airflow/.local/lib/python3.7/site-packages/airflow/example_dags/example_bash_operator.py
[2023-12-21T16:45:47.473+0000] {processor.py:756} INFO - Processing file /home/airflow/.local/lib/python3.7/site-packages/airflow/example_dags/example_bash_operator.py for tasks to queue
[2023-12-21T16:45:47.474+0000] {logging_mixin.py:120} INFO - [2023-12-21T16:45:47.474+0000] {dagbag.py:537} INFO - Filling up the DagBag from /home/airflow/.local/lib/python3.7/site-packages/airflow/example_dags/example_bash_operator.py
[2023-12-21T16:45:47.500+0000] {processor.py:766} INFO - DAG(s) dict_keys(['example_bash_operator']) retrieved from /home/airflow/.local/lib/python3.7/site-packages/airflow/example_dags/example_bash_operator.py
[2023-12-21T16:45:47.560+0000] {logging_mixin.py:120} INFO - [2023-12-21T16:45:47.560+0000] {dag.py:2585} INFO - Sync 1 DAGs
[2023-12-21T16:45:47.586+0000] {logging_mixin.py:120} INFO - [2023-12-21T16:45:47.586+0000] {dag.py:3340} INFO - Setting next_dagrun for example_bash_operator to 2023-12-20T00:00:00+00:00, run_after=2023-12-21T00:00:00+00:00
[2023-12-21T16:45:47.618+0000] {processor.py:176} INFO - Processing /home/airflow/.local/lib/python3.7/site-packages/airflow/example_dags/example_bash_operator.py took 0.148 seconds
[2023-12-21T16:46:18.297+0000] {processor.py:154} INFO - Started process (PID=1288) to work on /home/airflow/.local/lib/python3.7/site-packages/airflow/example_dags/example_bash_operator.py
[2023-12-21T16:46:18.298+0000] {processor.py:756} INFO - Processing file /home/airflow/.local/lib/python3.7/site-packages/airflow/example_dags/example_bash_operator.py for tasks to queue
[2023-12-21T16:46:18.298+0000] {logging_mixin.py:120} INFO - [2023-12-21T16:46:18.298+0000] {dagbag.py:537} INFO - Filling up the DagBag from /home/airflow/.local/lib/python3.7/site-packages/airflow/example_dags/example_bash_operator.py
[2023-12-21T16:46:18.319+0000] {processor.py:766} INFO - DAG(s) dict_keys(['example_bash_operator']) retrieved from /home/airflow/.local/lib/python3.7/site-packages/airflow/example_dags/example_bash_operator.py
[2023-12-21T16:46:18.385+0000] {logging_mixin.py:120} INFO - [2023-12-21T16:46:18.385+0000] {dag.py:2585} INFO - Sync 1 DAGs
[2023-12-21T16:46:18.421+0000] {logging_mixin.py:120} INFO - [2023-12-21T16:46:18.421+0000] {dag.py:3340} INFO - Setting next_dagrun for example_bash_operator to 2023-12-20T00:00:00+00:00, run_after=2023-12-21T00:00:00+00:00
[2023-12-21T16:46:18.442+0000] {processor.py:176} INFO - Processing /home/airflow/.local/lib/python3.7/site-packages/airflow/example_dags/example_bash_operator.py took 0.147 seconds
[2023-12-21T16:46:49.319+0000] {processor.py:154} INFO - Started process (PID=1350) to work on /home/airflow/.local/lib/python3.7/site-packages/airflow/example_dags/example_bash_operator.py
[2023-12-21T16:46:49.320+0000] {processor.py:756} INFO - Processing file /home/airflow/.local/lib/python3.7/site-packages/airflow/example_dags/example_bash_operator.py for tasks to queue
[2023-12-21T16:46:49.321+0000] {logging_mixin.py:120} INFO - [2023-12-21T16:46:49.321+0000] {dagbag.py:537} INFO - Filling up the DagBag from /home/airflow/.local/lib/python3.7/site-packages/airflow/example_dags/example_bash_operator.py
[2023-12-21T16:46:49.339+0000] {processor.py:766} INFO - DAG(s) dict_keys(['example_bash_operator']) retrieved from /home/airflow/.local/lib/python3.7/site-packages/airflow/example_dags/example_bash_operator.py
[2023-12-21T16:46:49.389+0000] {logging_mixin.py:120} INFO - [2023-12-21T16:46:49.388+0000] {dag.py:2585} INFO - Sync 1 DAGs
[2023-12-21T16:46:49.427+0000] {logging_mixin.py:120} INFO - [2023-12-21T16:46:49.427+0000] {dag.py:3340} INFO - Setting next_dagrun for example_bash_operator to 2023-12-20T00:00:00+00:00, run_after=2023-12-21T00:00:00+00:00
[2023-12-21T16:46:49.466+0000] {processor.py:176} INFO - Processing /home/airflow/.local/lib/python3.7/site-packages/airflow/example_dags/example_bash_operator.py took 0.150 seconds
[2023-12-21T16:47:19.590+0000] {processor.py:154} INFO - Started process (PID=1412) to work on /home/airflow/.local/lib/python3.7/site-packages/airflow/example_dags/example_bash_operator.py
[2023-12-21T16:47:19.591+0000] {processor.py:756} INFO - Processing file /home/airflow/.local/lib/python3.7/site-packages/airflow/example_dags/example_bash_operator.py for tasks to queue
[2023-12-21T16:47:19.592+0000] {logging_mixin.py:120} INFO - [2023-12-21T16:47:19.592+0000] {dagbag.py:537} INFO - Filling up the DagBag from /home/airflow/.local/lib/python3.7/site-packages/airflow/example_dags/example_bash_operator.py
[2023-12-21T16:47:19.617+0000] {processor.py:766} INFO - DAG(s) dict_keys(['example_bash_operator']) retrieved from /home/airflow/.local/lib/python3.7/site-packages/airflow/example_dags/example_bash_operator.py
[2023-12-21T16:47:19.661+0000] {logging_mixin.py:120} INFO - [2023-12-21T16:47:19.661+0000] {dag.py:2585} INFO - Sync 1 DAGs
[2023-12-21T16:47:19.694+0000] {logging_mixin.py:120} INFO - [2023-12-21T16:47:19.694+0000] {dag.py:3340} INFO - Setting next_dagrun for example_bash_operator to 2023-12-20T00:00:00+00:00, run_after=2023-12-21T00:00:00+00:00
[2023-12-21T16:47:19.720+0000] {processor.py:176} INFO - Processing /home/airflow/.local/lib/python3.7/site-packages/airflow/example_dags/example_bash_operator.py took 0.133 seconds
