[2023-12-21T16:36:02.249+0000] {processor.py:154} INFO - Started process (PID=64) to work on /home/airflow/.local/lib/python3.7/site-packages/airflow/example_dags/example_complex.py
[2023-12-21T16:36:02.250+0000] {processor.py:756} INFO - Processing file /home/airflow/.local/lib/python3.7/site-packages/airflow/example_dags/example_complex.py for tasks to queue
[2023-12-21T16:36:02.251+0000] {logging_mixin.py:120} INFO - [2023-12-21T16:36:02.251+0000] {dagbag.py:537} INFO - Filling up the DagBag from /home/airflow/.local/lib/python3.7/site-packages/airflow/example_dags/example_complex.py
[2023-12-21T16:36:02.276+0000] {logging_mixin.py:120} INFO - [2023-12-21T16:36:02.276+0000] {taskmixin.py:205} WARNING - Dependency <Task(BashOperator): create_entry_group>, delete_entry_group already registered for DAG: example_complex
[2023-12-21T16:36:02.277+0000] {logging_mixin.py:120} INFO - [2023-12-21T16:36:02.277+0000] {taskmixin.py:205} WARNING - Dependency <Task(BashOperator): delete_entry_group>, create_entry_group already registered for DAG: example_complex
[2023-12-21T16:36:02.278+0000] {logging_mixin.py:120} INFO - [2023-12-21T16:36:02.277+0000] {taskmixin.py:205} WARNING - Dependency <Task(BashOperator): create_entry_gcs>, delete_entry already registered for DAG: example_complex
[2023-12-21T16:36:02.278+0000] {logging_mixin.py:120} INFO - [2023-12-21T16:36:02.278+0000] {taskmixin.py:205} WARNING - Dependency <Task(BashOperator): delete_entry>, create_entry_gcs already registered for DAG: example_complex
[2023-12-21T16:36:02.279+0000] {logging_mixin.py:120} INFO - [2023-12-21T16:36:02.279+0000] {taskmixin.py:205} WARNING - Dependency <Task(BashOperator): create_tag>, delete_tag already registered for DAG: example_complex
[2023-12-21T16:36:02.280+0000] {logging_mixin.py:120} INFO - [2023-12-21T16:36:02.280+0000] {taskmixin.py:205} WARNING - Dependency <Task(BashOperator): delete_tag>, create_tag already registered for DAG: example_complex
[2023-12-21T16:36:02.298+0000] {processor.py:766} INFO - DAG(s) dict_keys(['example_complex']) retrieved from /home/airflow/.local/lib/python3.7/site-packages/airflow/example_dags/example_complex.py
[2023-12-21T16:36:02.551+0000] {logging_mixin.py:120} INFO - [2023-12-21T16:36:02.551+0000] {manager.py:507} INFO - Created Permission View: can read on DAG:example_complex
[2023-12-21T16:36:02.572+0000] {logging_mixin.py:120} INFO - [2023-12-21T16:36:02.572+0000] {manager.py:507} INFO - Created Permission View: can delete on DAG:example_complex
[2023-12-21T16:36:02.589+0000] {logging_mixin.py:120} INFO - [2023-12-21T16:36:02.588+0000] {manager.py:507} INFO - Created Permission View: can edit on DAG:example_complex
[2023-12-21T16:36:02.589+0000] {logging_mixin.py:120} INFO - [2023-12-21T16:36:02.589+0000] {dag.py:2585} INFO - Sync 1 DAGs
[2023-12-21T16:36:02.612+0000] {logging_mixin.py:120} INFO - [2023-12-21T16:36:02.612+0000] {dag.py:2606} INFO - Creating ORM DAG for example_complex
[2023-12-21T16:36:02.635+0000] {logging_mixin.py:120} INFO - [2023-12-21T16:36:02.635+0000] {dag.py:3340} INFO - Setting next_dagrun for example_complex to None, run_after=None
[2023-12-21T16:36:02.673+0000] {processor.py:176} INFO - Processing /home/airflow/.local/lib/python3.7/site-packages/airflow/example_dags/example_complex.py took 0.427 seconds
[2023-12-21T16:36:33.235+0000] {processor.py:154} INFO - Started process (PID=127) to work on /home/airflow/.local/lib/python3.7/site-packages/airflow/example_dags/example_complex.py
[2023-12-21T16:36:33.236+0000] {processor.py:756} INFO - Processing file /home/airflow/.local/lib/python3.7/site-packages/airflow/example_dags/example_complex.py for tasks to queue
[2023-12-21T16:36:33.236+0000] {logging_mixin.py:120} INFO - [2023-12-21T16:36:33.236+0000] {dagbag.py:537} INFO - Filling up the DagBag from /home/airflow/.local/lib/python3.7/site-packages/airflow/example_dags/example_complex.py
[2023-12-21T16:36:33.246+0000] {logging_mixin.py:120} INFO - [2023-12-21T16:36:33.246+0000] {taskmixin.py:205} WARNING - Dependency <Task(BashOperator): create_entry_group>, delete_entry_group already registered for DAG: example_complex
[2023-12-21T16:36:33.246+0000] {logging_mixin.py:120} INFO - [2023-12-21T16:36:33.246+0000] {taskmixin.py:205} WARNING - Dependency <Task(BashOperator): delete_entry_group>, create_entry_group already registered for DAG: example_complex
[2023-12-21T16:36:33.246+0000] {logging_mixin.py:120} INFO - [2023-12-21T16:36:33.246+0000] {taskmixin.py:205} WARNING - Dependency <Task(BashOperator): create_entry_gcs>, delete_entry already registered for DAG: example_complex
[2023-12-21T16:36:33.246+0000] {logging_mixin.py:120} INFO - [2023-12-21T16:36:33.246+0000] {taskmixin.py:205} WARNING - Dependency <Task(BashOperator): delete_entry>, create_entry_gcs already registered for DAG: example_complex
[2023-12-21T16:36:33.246+0000] {logging_mixin.py:120} INFO - [2023-12-21T16:36:33.246+0000] {taskmixin.py:205} WARNING - Dependency <Task(BashOperator): create_tag>, delete_tag already registered for DAG: example_complex
[2023-12-21T16:36:33.247+0000] {logging_mixin.py:120} INFO - [2023-12-21T16:36:33.247+0000] {taskmixin.py:205} WARNING - Dependency <Task(BashOperator): delete_tag>, create_tag already registered for DAG: example_complex
[2023-12-21T16:36:33.253+0000] {processor.py:766} INFO - DAG(s) dict_keys(['example_complex']) retrieved from /home/airflow/.local/lib/python3.7/site-packages/airflow/example_dags/example_complex.py
[2023-12-21T16:36:33.290+0000] {logging_mixin.py:120} INFO - [2023-12-21T16:36:33.290+0000] {dag.py:2585} INFO - Sync 1 DAGs
[2023-12-21T16:36:33.309+0000] {logging_mixin.py:120} INFO - [2023-12-21T16:36:33.309+0000] {dag.py:3340} INFO - Setting next_dagrun for example_complex to None, run_after=None
[2023-12-21T16:36:33.329+0000] {processor.py:176} INFO - Processing /home/airflow/.local/lib/python3.7/site-packages/airflow/example_dags/example_complex.py took 0.096 seconds
[2023-12-21T16:37:04.041+0000] {processor.py:154} INFO - Started process (PID=191) to work on /home/airflow/.local/lib/python3.7/site-packages/airflow/example_dags/example_complex.py
[2023-12-21T16:37:04.042+0000] {processor.py:756} INFO - Processing file /home/airflow/.local/lib/python3.7/site-packages/airflow/example_dags/example_complex.py for tasks to queue
[2023-12-21T16:37:04.043+0000] {logging_mixin.py:120} INFO - [2023-12-21T16:37:04.043+0000] {dagbag.py:537} INFO - Filling up the DagBag from /home/airflow/.local/lib/python3.7/site-packages/airflow/example_dags/example_complex.py
[2023-12-21T16:37:04.060+0000] {logging_mixin.py:120} INFO - [2023-12-21T16:37:04.060+0000] {taskmixin.py:205} WARNING - Dependency <Task(BashOperator): create_entry_group>, delete_entry_group already registered for DAG: example_complex
[2023-12-21T16:37:04.060+0000] {logging_mixin.py:120} INFO - [2023-12-21T16:37:04.060+0000] {taskmixin.py:205} WARNING - Dependency <Task(BashOperator): delete_entry_group>, create_entry_group already registered for DAG: example_complex
[2023-12-21T16:37:04.061+0000] {logging_mixin.py:120} INFO - [2023-12-21T16:37:04.061+0000] {taskmixin.py:205} WARNING - Dependency <Task(BashOperator): create_entry_gcs>, delete_entry already registered for DAG: example_complex
[2023-12-21T16:37:04.061+0000] {logging_mixin.py:120} INFO - [2023-12-21T16:37:04.061+0000] {taskmixin.py:205} WARNING - Dependency <Task(BashOperator): delete_entry>, create_entry_gcs already registered for DAG: example_complex
[2023-12-21T16:37:04.061+0000] {logging_mixin.py:120} INFO - [2023-12-21T16:37:04.061+0000] {taskmixin.py:205} WARNING - Dependency <Task(BashOperator): create_tag>, delete_tag already registered for DAG: example_complex
[2023-12-21T16:37:04.062+0000] {logging_mixin.py:120} INFO - [2023-12-21T16:37:04.061+0000] {taskmixin.py:205} WARNING - Dependency <Task(BashOperator): delete_tag>, create_tag already registered for DAG: example_complex
[2023-12-21T16:37:04.071+0000] {processor.py:766} INFO - DAG(s) dict_keys(['example_complex']) retrieved from /home/airflow/.local/lib/python3.7/site-packages/airflow/example_dags/example_complex.py
[2023-12-21T16:37:04.124+0000] {logging_mixin.py:120} INFO - [2023-12-21T16:37:04.123+0000] {dag.py:2585} INFO - Sync 1 DAGs
[2023-12-21T16:37:04.154+0000] {logging_mixin.py:120} INFO - [2023-12-21T16:37:04.154+0000] {dag.py:3340} INFO - Setting next_dagrun for example_complex to None, run_after=None
[2023-12-21T16:37:04.180+0000] {processor.py:176} INFO - Processing /home/airflow/.local/lib/python3.7/site-packages/airflow/example_dags/example_complex.py took 0.142 seconds
[2023-12-21T16:37:34.724+0000] {processor.py:154} INFO - Started process (PID=245) to work on /home/airflow/.local/lib/python3.7/site-packages/airflow/example_dags/example_complex.py
[2023-12-21T16:37:34.725+0000] {processor.py:756} INFO - Processing file /home/airflow/.local/lib/python3.7/site-packages/airflow/example_dags/example_complex.py for tasks to queue
[2023-12-21T16:37:34.725+0000] {logging_mixin.py:120} INFO - [2023-12-21T16:37:34.725+0000] {dagbag.py:537} INFO - Filling up the DagBag from /home/airflow/.local/lib/python3.7/site-packages/airflow/example_dags/example_complex.py
[2023-12-21T16:37:34.736+0000] {logging_mixin.py:120} INFO - [2023-12-21T16:37:34.736+0000] {taskmixin.py:205} WARNING - Dependency <Task(BashOperator): create_entry_group>, delete_entry_group already registered for DAG: example_complex
[2023-12-21T16:37:34.736+0000] {logging_mixin.py:120} INFO - [2023-12-21T16:37:34.736+0000] {taskmixin.py:205} WARNING - Dependency <Task(BashOperator): delete_entry_group>, create_entry_group already registered for DAG: example_complex
[2023-12-21T16:37:34.736+0000] {logging_mixin.py:120} INFO - [2023-12-21T16:37:34.736+0000] {taskmixin.py:205} WARNING - Dependency <Task(BashOperator): create_entry_gcs>, delete_entry already registered for DAG: example_complex
[2023-12-21T16:37:34.737+0000] {logging_mixin.py:120} INFO - [2023-12-21T16:37:34.736+0000] {taskmixin.py:205} WARNING - Dependency <Task(BashOperator): delete_entry>, create_entry_gcs already registered for DAG: example_complex
[2023-12-21T16:37:34.737+0000] {logging_mixin.py:120} INFO - [2023-12-21T16:37:34.737+0000] {taskmixin.py:205} WARNING - Dependency <Task(BashOperator): create_tag>, delete_tag already registered for DAG: example_complex
[2023-12-21T16:37:34.737+0000] {logging_mixin.py:120} INFO - [2023-12-21T16:37:34.737+0000] {taskmixin.py:205} WARNING - Dependency <Task(BashOperator): delete_tag>, create_tag already registered for DAG: example_complex
[2023-12-21T16:37:34.744+0000] {processor.py:766} INFO - DAG(s) dict_keys(['example_complex']) retrieved from /home/airflow/.local/lib/python3.7/site-packages/airflow/example_dags/example_complex.py
[2023-12-21T16:37:34.785+0000] {logging_mixin.py:120} INFO - [2023-12-21T16:37:34.785+0000] {dag.py:2585} INFO - Sync 1 DAGs
[2023-12-21T16:37:34.815+0000] {logging_mixin.py:120} INFO - [2023-12-21T16:37:34.814+0000] {dag.py:3340} INFO - Setting next_dagrun for example_complex to None, run_after=None
[2023-12-21T16:37:34.842+0000] {processor.py:176} INFO - Processing /home/airflow/.local/lib/python3.7/site-packages/airflow/example_dags/example_complex.py took 0.121 seconds
[2023-12-21T16:38:05.452+0000] {processor.py:154} INFO - Started process (PID=309) to work on /home/airflow/.local/lib/python3.7/site-packages/airflow/example_dags/example_complex.py
[2023-12-21T16:38:05.452+0000] {processor.py:756} INFO - Processing file /home/airflow/.local/lib/python3.7/site-packages/airflow/example_dags/example_complex.py for tasks to queue
[2023-12-21T16:38:05.453+0000] {logging_mixin.py:120} INFO - [2023-12-21T16:38:05.453+0000] {dagbag.py:537} INFO - Filling up the DagBag from /home/airflow/.local/lib/python3.7/site-packages/airflow/example_dags/example_complex.py
[2023-12-21T16:38:05.462+0000] {logging_mixin.py:120} INFO - [2023-12-21T16:38:05.462+0000] {taskmixin.py:205} WARNING - Dependency <Task(BashOperator): create_entry_group>, delete_entry_group already registered for DAG: example_complex
[2023-12-21T16:38:05.463+0000] {logging_mixin.py:120} INFO - [2023-12-21T16:38:05.463+0000] {taskmixin.py:205} WARNING - Dependency <Task(BashOperator): delete_entry_group>, create_entry_group already registered for DAG: example_complex
[2023-12-21T16:38:05.463+0000] {logging_mixin.py:120} INFO - [2023-12-21T16:38:05.463+0000] {taskmixin.py:205} WARNING - Dependency <Task(BashOperator): create_entry_gcs>, delete_entry already registered for DAG: example_complex
[2023-12-21T16:38:05.463+0000] {logging_mixin.py:120} INFO - [2023-12-21T16:38:05.463+0000] {taskmixin.py:205} WARNING - Dependency <Task(BashOperator): delete_entry>, create_entry_gcs already registered for DAG: example_complex
[2023-12-21T16:38:05.463+0000] {logging_mixin.py:120} INFO - [2023-12-21T16:38:05.463+0000] {taskmixin.py:205} WARNING - Dependency <Task(BashOperator): create_tag>, delete_tag already registered for DAG: example_complex
[2023-12-21T16:38:05.463+0000] {logging_mixin.py:120} INFO - [2023-12-21T16:38:05.463+0000] {taskmixin.py:205} WARNING - Dependency <Task(BashOperator): delete_tag>, create_tag already registered for DAG: example_complex
[2023-12-21T16:38:05.471+0000] {processor.py:766} INFO - DAG(s) dict_keys(['example_complex']) retrieved from /home/airflow/.local/lib/python3.7/site-packages/airflow/example_dags/example_complex.py
[2023-12-21T16:38:05.508+0000] {logging_mixin.py:120} INFO - [2023-12-21T16:38:05.508+0000] {dag.py:2585} INFO - Sync 1 DAGs
[2023-12-21T16:38:05.528+0000] {logging_mixin.py:120} INFO - [2023-12-21T16:38:05.527+0000] {dag.py:3340} INFO - Setting next_dagrun for example_complex to None, run_after=None
[2023-12-21T16:38:05.547+0000] {processor.py:176} INFO - Processing /home/airflow/.local/lib/python3.7/site-packages/airflow/example_dags/example_complex.py took 0.098 seconds
[2023-12-21T16:38:35.827+0000] {processor.py:154} INFO - Started process (PID=372) to work on /home/airflow/.local/lib/python3.7/site-packages/airflow/example_dags/example_complex.py
[2023-12-21T16:38:35.827+0000] {processor.py:756} INFO - Processing file /home/airflow/.local/lib/python3.7/site-packages/airflow/example_dags/example_complex.py for tasks to queue
[2023-12-21T16:38:35.828+0000] {logging_mixin.py:120} INFO - [2023-12-21T16:38:35.828+0000] {dagbag.py:537} INFO - Filling up the DagBag from /home/airflow/.local/lib/python3.7/site-packages/airflow/example_dags/example_complex.py
[2023-12-21T16:38:35.838+0000] {logging_mixin.py:120} INFO - [2023-12-21T16:38:35.838+0000] {taskmixin.py:205} WARNING - Dependency <Task(BashOperator): create_entry_group>, delete_entry_group already registered for DAG: example_complex
[2023-12-21T16:38:35.838+0000] {logging_mixin.py:120} INFO - [2023-12-21T16:38:35.838+0000] {taskmixin.py:205} WARNING - Dependency <Task(BashOperator): delete_entry_group>, create_entry_group already registered for DAG: example_complex
[2023-12-21T16:38:35.838+0000] {logging_mixin.py:120} INFO - [2023-12-21T16:38:35.838+0000] {taskmixin.py:205} WARNING - Dependency <Task(BashOperator): create_entry_gcs>, delete_entry already registered for DAG: example_complex
[2023-12-21T16:38:35.838+0000] {logging_mixin.py:120} INFO - [2023-12-21T16:38:35.838+0000] {taskmixin.py:205} WARNING - Dependency <Task(BashOperator): delete_entry>, create_entry_gcs already registered for DAG: example_complex
[2023-12-21T16:38:35.839+0000] {logging_mixin.py:120} INFO - [2023-12-21T16:38:35.839+0000] {taskmixin.py:205} WARNING - Dependency <Task(BashOperator): create_tag>, delete_tag already registered for DAG: example_complex
[2023-12-21T16:38:35.839+0000] {logging_mixin.py:120} INFO - [2023-12-21T16:38:35.839+0000] {taskmixin.py:205} WARNING - Dependency <Task(BashOperator): delete_tag>, create_tag already registered for DAG: example_complex
[2023-12-21T16:38:35.846+0000] {processor.py:766} INFO - DAG(s) dict_keys(['example_complex']) retrieved from /home/airflow/.local/lib/python3.7/site-packages/airflow/example_dags/example_complex.py
[2023-12-21T16:38:35.905+0000] {logging_mixin.py:120} INFO - [2023-12-21T16:38:35.905+0000] {dag.py:2585} INFO - Sync 1 DAGs
[2023-12-21T16:38:35.943+0000] {logging_mixin.py:120} INFO - [2023-12-21T16:38:35.943+0000] {dag.py:3340} INFO - Setting next_dagrun for example_complex to None, run_after=None
[2023-12-21T16:38:35.975+0000] {processor.py:176} INFO - Processing /home/airflow/.local/lib/python3.7/site-packages/airflow/example_dags/example_complex.py took 0.151 seconds
[2023-12-21T16:39:06.741+0000] {processor.py:154} INFO - Started process (PID=435) to work on /home/airflow/.local/lib/python3.7/site-packages/airflow/example_dags/example_complex.py
[2023-12-21T16:39:06.742+0000] {processor.py:756} INFO - Processing file /home/airflow/.local/lib/python3.7/site-packages/airflow/example_dags/example_complex.py for tasks to queue
[2023-12-21T16:39:06.743+0000] {logging_mixin.py:120} INFO - [2023-12-21T16:39:06.742+0000] {dagbag.py:537} INFO - Filling up the DagBag from /home/airflow/.local/lib/python3.7/site-packages/airflow/example_dags/example_complex.py
[2023-12-21T16:39:06.753+0000] {logging_mixin.py:120} INFO - [2023-12-21T16:39:06.752+0000] {taskmixin.py:205} WARNING - Dependency <Task(BashOperator): create_entry_group>, delete_entry_group already registered for DAG: example_complex
[2023-12-21T16:39:06.753+0000] {logging_mixin.py:120} INFO - [2023-12-21T16:39:06.753+0000] {taskmixin.py:205} WARNING - Dependency <Task(BashOperator): delete_entry_group>, create_entry_group already registered for DAG: example_complex
[2023-12-21T16:39:06.753+0000] {logging_mixin.py:120} INFO - [2023-12-21T16:39:06.753+0000] {taskmixin.py:205} WARNING - Dependency <Task(BashOperator): create_entry_gcs>, delete_entry already registered for DAG: example_complex
[2023-12-21T16:39:06.753+0000] {logging_mixin.py:120} INFO - [2023-12-21T16:39:06.753+0000] {taskmixin.py:205} WARNING - Dependency <Task(BashOperator): delete_entry>, create_entry_gcs already registered for DAG: example_complex
[2023-12-21T16:39:06.753+0000] {logging_mixin.py:120} INFO - [2023-12-21T16:39:06.753+0000] {taskmixin.py:205} WARNING - Dependency <Task(BashOperator): create_tag>, delete_tag already registered for DAG: example_complex
[2023-12-21T16:39:06.754+0000] {logging_mixin.py:120} INFO - [2023-12-21T16:39:06.754+0000] {taskmixin.py:205} WARNING - Dependency <Task(BashOperator): delete_tag>, create_tag already registered for DAG: example_complex
[2023-12-21T16:39:06.762+0000] {processor.py:766} INFO - DAG(s) dict_keys(['example_complex']) retrieved from /home/airflow/.local/lib/python3.7/site-packages/airflow/example_dags/example_complex.py
[2023-12-21T16:39:06.806+0000] {logging_mixin.py:120} INFO - [2023-12-21T16:39:06.806+0000] {dag.py:2585} INFO - Sync 1 DAGs
[2023-12-21T16:39:06.827+0000] {logging_mixin.py:120} INFO - [2023-12-21T16:39:06.827+0000] {dag.py:3340} INFO - Setting next_dagrun for example_complex to None, run_after=None
[2023-12-21T16:39:06.850+0000] {processor.py:176} INFO - Processing /home/airflow/.local/lib/python3.7/site-packages/airflow/example_dags/example_complex.py took 0.111 seconds
[2023-12-21T16:39:37.534+0000] {processor.py:154} INFO - Started process (PID=489) to work on /home/airflow/.local/lib/python3.7/site-packages/airflow/example_dags/example_complex.py
[2023-12-21T16:39:37.534+0000] {processor.py:756} INFO - Processing file /home/airflow/.local/lib/python3.7/site-packages/airflow/example_dags/example_complex.py for tasks to queue
[2023-12-21T16:39:37.535+0000] {logging_mixin.py:120} INFO - [2023-12-21T16:39:37.535+0000] {dagbag.py:537} INFO - Filling up the DagBag from /home/airflow/.local/lib/python3.7/site-packages/airflow/example_dags/example_complex.py
[2023-12-21T16:39:37.548+0000] {logging_mixin.py:120} INFO - [2023-12-21T16:39:37.548+0000] {taskmixin.py:205} WARNING - Dependency <Task(BashOperator): create_entry_group>, delete_entry_group already registered for DAG: example_complex
[2023-12-21T16:39:37.548+0000] {logging_mixin.py:120} INFO - [2023-12-21T16:39:37.548+0000] {taskmixin.py:205} WARNING - Dependency <Task(BashOperator): delete_entry_group>, create_entry_group already registered for DAG: example_complex
[2023-12-21T16:39:37.548+0000] {logging_mixin.py:120} INFO - [2023-12-21T16:39:37.548+0000] {taskmixin.py:205} WARNING - Dependency <Task(BashOperator): create_entry_gcs>, delete_entry already registered for DAG: example_complex
[2023-12-21T16:39:37.548+0000] {logging_mixin.py:120} INFO - [2023-12-21T16:39:37.548+0000] {taskmixin.py:205} WARNING - Dependency <Task(BashOperator): delete_entry>, create_entry_gcs already registered for DAG: example_complex
[2023-12-21T16:39:37.549+0000] {logging_mixin.py:120} INFO - [2023-12-21T16:39:37.549+0000] {taskmixin.py:205} WARNING - Dependency <Task(BashOperator): create_tag>, delete_tag already registered for DAG: example_complex
[2023-12-21T16:39:37.549+0000] {logging_mixin.py:120} INFO - [2023-12-21T16:39:37.549+0000] {taskmixin.py:205} WARNING - Dependency <Task(BashOperator): delete_tag>, create_tag already registered for DAG: example_complex
[2023-12-21T16:39:37.556+0000] {processor.py:766} INFO - DAG(s) dict_keys(['example_complex']) retrieved from /home/airflow/.local/lib/python3.7/site-packages/airflow/example_dags/example_complex.py
[2023-12-21T16:39:37.624+0000] {logging_mixin.py:120} INFO - [2023-12-21T16:39:37.623+0000] {dag.py:2585} INFO - Sync 1 DAGs
[2023-12-21T16:39:37.659+0000] {logging_mixin.py:120} INFO - [2023-12-21T16:39:37.659+0000] {dag.py:3340} INFO - Setting next_dagrun for example_complex to None, run_after=None
[2023-12-21T16:39:37.691+0000] {processor.py:176} INFO - Processing /home/airflow/.local/lib/python3.7/site-packages/airflow/example_dags/example_complex.py took 0.160 seconds
[2023-12-21T16:40:08.040+0000] {processor.py:154} INFO - Started process (PID=552) to work on /home/airflow/.local/lib/python3.7/site-packages/airflow/example_dags/example_complex.py
[2023-12-21T16:40:08.041+0000] {processor.py:756} INFO - Processing file /home/airflow/.local/lib/python3.7/site-packages/airflow/example_dags/example_complex.py for tasks to queue
[2023-12-21T16:40:08.041+0000] {logging_mixin.py:120} INFO - [2023-12-21T16:40:08.041+0000] {dagbag.py:537} INFO - Filling up the DagBag from /home/airflow/.local/lib/python3.7/site-packages/airflow/example_dags/example_complex.py
[2023-12-21T16:40:08.050+0000] {logging_mixin.py:120} INFO - [2023-12-21T16:40:08.050+0000] {taskmixin.py:205} WARNING - Dependency <Task(BashOperator): create_entry_group>, delete_entry_group already registered for DAG: example_complex
[2023-12-21T16:40:08.051+0000] {logging_mixin.py:120} INFO - [2023-12-21T16:40:08.051+0000] {taskmixin.py:205} WARNING - Dependency <Task(BashOperator): delete_entry_group>, create_entry_group already registered for DAG: example_complex
[2023-12-21T16:40:08.051+0000] {logging_mixin.py:120} INFO - [2023-12-21T16:40:08.051+0000] {taskmixin.py:205} WARNING - Dependency <Task(BashOperator): create_entry_gcs>, delete_entry already registered for DAG: example_complex
[2023-12-21T16:40:08.051+0000] {logging_mixin.py:120} INFO - [2023-12-21T16:40:08.051+0000] {taskmixin.py:205} WARNING - Dependency <Task(BashOperator): delete_entry>, create_entry_gcs already registered for DAG: example_complex
[2023-12-21T16:40:08.051+0000] {logging_mixin.py:120} INFO - [2023-12-21T16:40:08.051+0000] {taskmixin.py:205} WARNING - Dependency <Task(BashOperator): create_tag>, delete_tag already registered for DAG: example_complex
[2023-12-21T16:40:08.051+0000] {logging_mixin.py:120} INFO - [2023-12-21T16:40:08.051+0000] {taskmixin.py:205} WARNING - Dependency <Task(BashOperator): delete_tag>, create_tag already registered for DAG: example_complex
[2023-12-21T16:40:08.058+0000] {processor.py:766} INFO - DAG(s) dict_keys(['example_complex']) retrieved from /home/airflow/.local/lib/python3.7/site-packages/airflow/example_dags/example_complex.py
[2023-12-21T16:40:08.102+0000] {logging_mixin.py:120} INFO - [2023-12-21T16:40:08.102+0000] {dag.py:2585} INFO - Sync 1 DAGs
[2023-12-21T16:40:08.126+0000] {logging_mixin.py:120} INFO - [2023-12-21T16:40:08.125+0000] {dag.py:3340} INFO - Setting next_dagrun for example_complex to None, run_after=None
[2023-12-21T16:40:08.151+0000] {processor.py:176} INFO - Processing /home/airflow/.local/lib/python3.7/site-packages/airflow/example_dags/example_complex.py took 0.113 seconds
[2023-12-21T16:40:38.839+0000] {processor.py:154} INFO - Started process (PID=615) to work on /home/airflow/.local/lib/python3.7/site-packages/airflow/example_dags/example_complex.py
[2023-12-21T16:40:38.840+0000] {processor.py:756} INFO - Processing file /home/airflow/.local/lib/python3.7/site-packages/airflow/example_dags/example_complex.py for tasks to queue
[2023-12-21T16:40:38.841+0000] {logging_mixin.py:120} INFO - [2023-12-21T16:40:38.841+0000] {dagbag.py:537} INFO - Filling up the DagBag from /home/airflow/.local/lib/python3.7/site-packages/airflow/example_dags/example_complex.py
[2023-12-21T16:40:38.850+0000] {logging_mixin.py:120} INFO - [2023-12-21T16:40:38.849+0000] {taskmixin.py:205} WARNING - Dependency <Task(BashOperator): create_entry_group>, delete_entry_group already registered for DAG: example_complex
[2023-12-21T16:40:38.850+0000] {logging_mixin.py:120} INFO - [2023-12-21T16:40:38.850+0000] {taskmixin.py:205} WARNING - Dependency <Task(BashOperator): delete_entry_group>, create_entry_group already registered for DAG: example_complex
[2023-12-21T16:40:38.850+0000] {logging_mixin.py:120} INFO - [2023-12-21T16:40:38.850+0000] {taskmixin.py:205} WARNING - Dependency <Task(BashOperator): create_entry_gcs>, delete_entry already registered for DAG: example_complex
[2023-12-21T16:40:38.850+0000] {logging_mixin.py:120} INFO - [2023-12-21T16:40:38.850+0000] {taskmixin.py:205} WARNING - Dependency <Task(BashOperator): delete_entry>, create_entry_gcs already registered for DAG: example_complex
[2023-12-21T16:40:38.850+0000] {logging_mixin.py:120} INFO - [2023-12-21T16:40:38.850+0000] {taskmixin.py:205} WARNING - Dependency <Task(BashOperator): create_tag>, delete_tag already registered for DAG: example_complex
[2023-12-21T16:40:38.850+0000] {logging_mixin.py:120} INFO - [2023-12-21T16:40:38.850+0000] {taskmixin.py:205} WARNING - Dependency <Task(BashOperator): delete_tag>, create_tag already registered for DAG: example_complex
[2023-12-21T16:40:38.857+0000] {processor.py:766} INFO - DAG(s) dict_keys(['example_complex']) retrieved from /home/airflow/.local/lib/python3.7/site-packages/airflow/example_dags/example_complex.py
[2023-12-21T16:40:38.895+0000] {logging_mixin.py:120} INFO - [2023-12-21T16:40:38.895+0000] {dag.py:2585} INFO - Sync 1 DAGs
[2023-12-21T16:40:38.924+0000] {logging_mixin.py:120} INFO - [2023-12-21T16:40:38.924+0000] {dag.py:3340} INFO - Setting next_dagrun for example_complex to None, run_after=None
[2023-12-21T16:40:38.945+0000] {processor.py:176} INFO - Processing /home/airflow/.local/lib/python3.7/site-packages/airflow/example_dags/example_complex.py took 0.108 seconds
[2023-12-21T16:41:09.574+0000] {processor.py:154} INFO - Started process (PID=678) to work on /home/airflow/.local/lib/python3.7/site-packages/airflow/example_dags/example_complex.py
[2023-12-21T16:41:09.575+0000] {processor.py:756} INFO - Processing file /home/airflow/.local/lib/python3.7/site-packages/airflow/example_dags/example_complex.py for tasks to queue
[2023-12-21T16:41:09.575+0000] {logging_mixin.py:120} INFO - [2023-12-21T16:41:09.575+0000] {dagbag.py:537} INFO - Filling up the DagBag from /home/airflow/.local/lib/python3.7/site-packages/airflow/example_dags/example_complex.py
[2023-12-21T16:41:09.586+0000] {logging_mixin.py:120} INFO - [2023-12-21T16:41:09.586+0000] {taskmixin.py:205} WARNING - Dependency <Task(BashOperator): create_entry_group>, delete_entry_group already registered for DAG: example_complex
[2023-12-21T16:41:09.586+0000] {logging_mixin.py:120} INFO - [2023-12-21T16:41:09.586+0000] {taskmixin.py:205} WARNING - Dependency <Task(BashOperator): delete_entry_group>, create_entry_group already registered for DAG: example_complex
[2023-12-21T16:41:09.586+0000] {logging_mixin.py:120} INFO - [2023-12-21T16:41:09.586+0000] {taskmixin.py:205} WARNING - Dependency <Task(BashOperator): create_entry_gcs>, delete_entry already registered for DAG: example_complex
[2023-12-21T16:41:09.587+0000] {logging_mixin.py:120} INFO - [2023-12-21T16:41:09.587+0000] {taskmixin.py:205} WARNING - Dependency <Task(BashOperator): delete_entry>, create_entry_gcs already registered for DAG: example_complex
[2023-12-21T16:41:09.587+0000] {logging_mixin.py:120} INFO - [2023-12-21T16:41:09.587+0000] {taskmixin.py:205} WARNING - Dependency <Task(BashOperator): create_tag>, delete_tag already registered for DAG: example_complex
[2023-12-21T16:41:09.587+0000] {logging_mixin.py:120} INFO - [2023-12-21T16:41:09.587+0000] {taskmixin.py:205} WARNING - Dependency <Task(BashOperator): delete_tag>, create_tag already registered for DAG: example_complex
[2023-12-21T16:41:09.595+0000] {processor.py:766} INFO - DAG(s) dict_keys(['example_complex']) retrieved from /home/airflow/.local/lib/python3.7/site-packages/airflow/example_dags/example_complex.py
[2023-12-21T16:41:09.651+0000] {logging_mixin.py:120} INFO - [2023-12-21T16:41:09.651+0000] {dag.py:2585} INFO - Sync 1 DAGs
[2023-12-21T16:41:09.681+0000] {logging_mixin.py:120} INFO - [2023-12-21T16:41:09.680+0000] {dag.py:3340} INFO - Setting next_dagrun for example_complex to None, run_after=None
[2023-12-21T16:41:09.707+0000] {processor.py:176} INFO - Processing /home/airflow/.local/lib/python3.7/site-packages/airflow/example_dags/example_complex.py took 0.136 seconds
[2023-12-21T16:41:40.202+0000] {processor.py:154} INFO - Started process (PID=732) to work on /home/airflow/.local/lib/python3.7/site-packages/airflow/example_dags/example_complex.py
[2023-12-21T16:41:40.203+0000] {processor.py:756} INFO - Processing file /home/airflow/.local/lib/python3.7/site-packages/airflow/example_dags/example_complex.py for tasks to queue
[2023-12-21T16:41:40.204+0000] {logging_mixin.py:120} INFO - [2023-12-21T16:41:40.204+0000] {dagbag.py:537} INFO - Filling up the DagBag from /home/airflow/.local/lib/python3.7/site-packages/airflow/example_dags/example_complex.py
[2023-12-21T16:41:40.217+0000] {logging_mixin.py:120} INFO - [2023-12-21T16:41:40.217+0000] {taskmixin.py:205} WARNING - Dependency <Task(BashOperator): create_entry_group>, delete_entry_group already registered for DAG: example_complex
[2023-12-21T16:41:40.217+0000] {logging_mixin.py:120} INFO - [2023-12-21T16:41:40.217+0000] {taskmixin.py:205} WARNING - Dependency <Task(BashOperator): delete_entry_group>, create_entry_group already registered for DAG: example_complex
[2023-12-21T16:41:40.217+0000] {logging_mixin.py:120} INFO - [2023-12-21T16:41:40.217+0000] {taskmixin.py:205} WARNING - Dependency <Task(BashOperator): create_entry_gcs>, delete_entry already registered for DAG: example_complex
[2023-12-21T16:41:40.217+0000] {logging_mixin.py:120} INFO - [2023-12-21T16:41:40.217+0000] {taskmixin.py:205} WARNING - Dependency <Task(BashOperator): delete_entry>, create_entry_gcs already registered for DAG: example_complex
[2023-12-21T16:41:40.218+0000] {logging_mixin.py:120} INFO - [2023-12-21T16:41:40.218+0000] {taskmixin.py:205} WARNING - Dependency <Task(BashOperator): create_tag>, delete_tag already registered for DAG: example_complex
[2023-12-21T16:41:40.218+0000] {logging_mixin.py:120} INFO - [2023-12-21T16:41:40.218+0000] {taskmixin.py:205} WARNING - Dependency <Task(BashOperator): delete_tag>, create_tag already registered for DAG: example_complex
[2023-12-21T16:41:40.225+0000] {processor.py:766} INFO - DAG(s) dict_keys(['example_complex']) retrieved from /home/airflow/.local/lib/python3.7/site-packages/airflow/example_dags/example_complex.py
[2023-12-21T16:41:40.263+0000] {logging_mixin.py:120} INFO - [2023-12-21T16:41:40.263+0000] {dag.py:2585} INFO - Sync 1 DAGs
[2023-12-21T16:41:40.285+0000] {logging_mixin.py:120} INFO - [2023-12-21T16:41:40.285+0000] {dag.py:3340} INFO - Setting next_dagrun for example_complex to None, run_after=None
[2023-12-21T16:41:40.307+0000] {processor.py:176} INFO - Processing /home/airflow/.local/lib/python3.7/site-packages/airflow/example_dags/example_complex.py took 0.106 seconds
[2023-12-21T16:42:10.973+0000] {processor.py:154} INFO - Started process (PID=796) to work on /home/airflow/.local/lib/python3.7/site-packages/airflow/example_dags/example_complex.py
[2023-12-21T16:42:10.974+0000] {processor.py:756} INFO - Processing file /home/airflow/.local/lib/python3.7/site-packages/airflow/example_dags/example_complex.py for tasks to queue
[2023-12-21T16:42:10.975+0000] {logging_mixin.py:120} INFO - [2023-12-21T16:42:10.974+0000] {dagbag.py:537} INFO - Filling up the DagBag from /home/airflow/.local/lib/python3.7/site-packages/airflow/example_dags/example_complex.py
[2023-12-21T16:42:10.991+0000] {logging_mixin.py:120} INFO - [2023-12-21T16:42:10.990+0000] {taskmixin.py:205} WARNING - Dependency <Task(BashOperator): create_entry_group>, delete_entry_group already registered for DAG: example_complex
[2023-12-21T16:42:10.991+0000] {logging_mixin.py:120} INFO - [2023-12-21T16:42:10.991+0000] {taskmixin.py:205} WARNING - Dependency <Task(BashOperator): delete_entry_group>, create_entry_group already registered for DAG: example_complex
[2023-12-21T16:42:10.991+0000] {logging_mixin.py:120} INFO - [2023-12-21T16:42:10.991+0000] {taskmixin.py:205} WARNING - Dependency <Task(BashOperator): create_entry_gcs>, delete_entry already registered for DAG: example_complex
[2023-12-21T16:42:10.991+0000] {logging_mixin.py:120} INFO - [2023-12-21T16:42:10.991+0000] {taskmixin.py:205} WARNING - Dependency <Task(BashOperator): delete_entry>, create_entry_gcs already registered for DAG: example_complex
[2023-12-21T16:42:10.992+0000] {logging_mixin.py:120} INFO - [2023-12-21T16:42:10.992+0000] {taskmixin.py:205} WARNING - Dependency <Task(BashOperator): create_tag>, delete_tag already registered for DAG: example_complex
[2023-12-21T16:42:10.992+0000] {logging_mixin.py:120} INFO - [2023-12-21T16:42:10.992+0000] {taskmixin.py:205} WARNING - Dependency <Task(BashOperator): delete_tag>, create_tag already registered for DAG: example_complex
[2023-12-21T16:42:11.002+0000] {processor.py:766} INFO - DAG(s) dict_keys(['example_complex']) retrieved from /home/airflow/.local/lib/python3.7/site-packages/airflow/example_dags/example_complex.py
[2023-12-21T16:42:11.052+0000] {logging_mixin.py:120} INFO - [2023-12-21T16:42:11.052+0000] {dag.py:2585} INFO - Sync 1 DAGs
[2023-12-21T16:42:11.081+0000] {logging_mixin.py:120} INFO - [2023-12-21T16:42:11.081+0000] {dag.py:3340} INFO - Setting next_dagrun for example_complex to None, run_after=None
[2023-12-21T16:42:11.106+0000] {processor.py:176} INFO - Processing /home/airflow/.local/lib/python3.7/site-packages/airflow/example_dags/example_complex.py took 0.137 seconds
[2023-12-21T16:42:41.817+0000] {processor.py:154} INFO - Started process (PID=859) to work on /home/airflow/.local/lib/python3.7/site-packages/airflow/example_dags/example_complex.py
[2023-12-21T16:42:41.818+0000] {processor.py:756} INFO - Processing file /home/airflow/.local/lib/python3.7/site-packages/airflow/example_dags/example_complex.py for tasks to queue
[2023-12-21T16:42:41.818+0000] {logging_mixin.py:120} INFO - [2023-12-21T16:42:41.818+0000] {dagbag.py:537} INFO - Filling up the DagBag from /home/airflow/.local/lib/python3.7/site-packages/airflow/example_dags/example_complex.py
[2023-12-21T16:42:41.831+0000] {logging_mixin.py:120} INFO - [2023-12-21T16:42:41.831+0000] {taskmixin.py:205} WARNING - Dependency <Task(BashOperator): create_entry_group>, delete_entry_group already registered for DAG: example_complex
[2023-12-21T16:42:41.831+0000] {logging_mixin.py:120} INFO - [2023-12-21T16:42:41.831+0000] {taskmixin.py:205} WARNING - Dependency <Task(BashOperator): delete_entry_group>, create_entry_group already registered for DAG: example_complex
[2023-12-21T16:42:41.831+0000] {logging_mixin.py:120} INFO - [2023-12-21T16:42:41.831+0000] {taskmixin.py:205} WARNING - Dependency <Task(BashOperator): create_entry_gcs>, delete_entry already registered for DAG: example_complex
[2023-12-21T16:42:41.832+0000] {logging_mixin.py:120} INFO - [2023-12-21T16:42:41.832+0000] {taskmixin.py:205} WARNING - Dependency <Task(BashOperator): delete_entry>, create_entry_gcs already registered for DAG: example_complex
[2023-12-21T16:42:41.832+0000] {logging_mixin.py:120} INFO - [2023-12-21T16:42:41.832+0000] {taskmixin.py:205} WARNING - Dependency <Task(BashOperator): create_tag>, delete_tag already registered for DAG: example_complex
[2023-12-21T16:42:41.832+0000] {logging_mixin.py:120} INFO - [2023-12-21T16:42:41.832+0000] {taskmixin.py:205} WARNING - Dependency <Task(BashOperator): delete_tag>, create_tag already registered for DAG: example_complex
[2023-12-21T16:42:41.839+0000] {processor.py:766} INFO - DAG(s) dict_keys(['example_complex']) retrieved from /home/airflow/.local/lib/python3.7/site-packages/airflow/example_dags/example_complex.py
[2023-12-21T16:42:41.884+0000] {logging_mixin.py:120} INFO - [2023-12-21T16:42:41.884+0000] {dag.py:2585} INFO - Sync 1 DAGs
[2023-12-21T16:42:41.905+0000] {logging_mixin.py:120} INFO - [2023-12-21T16:42:41.905+0000] {dag.py:3340} INFO - Setting next_dagrun for example_complex to None, run_after=None
[2023-12-21T16:42:41.925+0000] {processor.py:176} INFO - Processing /home/airflow/.local/lib/python3.7/site-packages/airflow/example_dags/example_complex.py took 0.111 seconds
[2023-12-21T16:43:12.526+0000] {processor.py:154} INFO - Started process (PID=922) to work on /home/airflow/.local/lib/python3.7/site-packages/airflow/example_dags/example_complex.py
[2023-12-21T16:43:12.527+0000] {processor.py:756} INFO - Processing file /home/airflow/.local/lib/python3.7/site-packages/airflow/example_dags/example_complex.py for tasks to queue
[2023-12-21T16:43:12.528+0000] {logging_mixin.py:120} INFO - [2023-12-21T16:43:12.528+0000] {dagbag.py:537} INFO - Filling up the DagBag from /home/airflow/.local/lib/python3.7/site-packages/airflow/example_dags/example_complex.py
[2023-12-21T16:43:12.541+0000] {logging_mixin.py:120} INFO - [2023-12-21T16:43:12.541+0000] {taskmixin.py:205} WARNING - Dependency <Task(BashOperator): create_entry_group>, delete_entry_group already registered for DAG: example_complex
[2023-12-21T16:43:12.541+0000] {logging_mixin.py:120} INFO - [2023-12-21T16:43:12.541+0000] {taskmixin.py:205} WARNING - Dependency <Task(BashOperator): delete_entry_group>, create_entry_group already registered for DAG: example_complex
[2023-12-21T16:43:12.541+0000] {logging_mixin.py:120} INFO - [2023-12-21T16:43:12.541+0000] {taskmixin.py:205} WARNING - Dependency <Task(BashOperator): create_entry_gcs>, delete_entry already registered for DAG: example_complex
[2023-12-21T16:43:12.542+0000] {logging_mixin.py:120} INFO - [2023-12-21T16:43:12.542+0000] {taskmixin.py:205} WARNING - Dependency <Task(BashOperator): delete_entry>, create_entry_gcs already registered for DAG: example_complex
[2023-12-21T16:43:12.542+0000] {logging_mixin.py:120} INFO - [2023-12-21T16:43:12.542+0000] {taskmixin.py:205} WARNING - Dependency <Task(BashOperator): create_tag>, delete_tag already registered for DAG: example_complex
[2023-12-21T16:43:12.542+0000] {logging_mixin.py:120} INFO - [2023-12-21T16:43:12.542+0000] {taskmixin.py:205} WARNING - Dependency <Task(BashOperator): delete_tag>, create_tag already registered for DAG: example_complex
[2023-12-21T16:43:12.550+0000] {processor.py:766} INFO - DAG(s) dict_keys(['example_complex']) retrieved from /home/airflow/.local/lib/python3.7/site-packages/airflow/example_dags/example_complex.py
[2023-12-21T16:43:12.603+0000] {logging_mixin.py:120} INFO - [2023-12-21T16:43:12.603+0000] {dag.py:2585} INFO - Sync 1 DAGs
[2023-12-21T16:43:12.641+0000] {logging_mixin.py:120} INFO - [2023-12-21T16:43:12.641+0000] {dag.py:3340} INFO - Setting next_dagrun for example_complex to None, run_after=None
[2023-12-21T16:43:12.669+0000] {processor.py:176} INFO - Processing /home/airflow/.local/lib/python3.7/site-packages/airflow/example_dags/example_complex.py took 0.146 seconds
[2023-12-21T16:43:43.029+0000] {processor.py:154} INFO - Started process (PID=976) to work on /home/airflow/.local/lib/python3.7/site-packages/airflow/example_dags/example_complex.py
[2023-12-21T16:43:43.029+0000] {processor.py:756} INFO - Processing file /home/airflow/.local/lib/python3.7/site-packages/airflow/example_dags/example_complex.py for tasks to queue
[2023-12-21T16:43:43.030+0000] {logging_mixin.py:120} INFO - [2023-12-21T16:43:43.030+0000] {dagbag.py:537} INFO - Filling up the DagBag from /home/airflow/.local/lib/python3.7/site-packages/airflow/example_dags/example_complex.py
[2023-12-21T16:43:43.040+0000] {logging_mixin.py:120} INFO - [2023-12-21T16:43:43.040+0000] {taskmixin.py:205} WARNING - Dependency <Task(BashOperator): create_entry_group>, delete_entry_group already registered for DAG: example_complex
[2023-12-21T16:43:43.040+0000] {logging_mixin.py:120} INFO - [2023-12-21T16:43:43.040+0000] {taskmixin.py:205} WARNING - Dependency <Task(BashOperator): delete_entry_group>, create_entry_group already registered for DAG: example_complex
[2023-12-21T16:43:43.040+0000] {logging_mixin.py:120} INFO - [2023-12-21T16:43:43.040+0000] {taskmixin.py:205} WARNING - Dependency <Task(BashOperator): create_entry_gcs>, delete_entry already registered for DAG: example_complex
[2023-12-21T16:43:43.041+0000] {logging_mixin.py:120} INFO - [2023-12-21T16:43:43.040+0000] {taskmixin.py:205} WARNING - Dependency <Task(BashOperator): delete_entry>, create_entry_gcs already registered for DAG: example_complex
[2023-12-21T16:43:43.041+0000] {logging_mixin.py:120} INFO - [2023-12-21T16:43:43.041+0000] {taskmixin.py:205} WARNING - Dependency <Task(BashOperator): create_tag>, delete_tag already registered for DAG: example_complex
[2023-12-21T16:43:43.041+0000] {logging_mixin.py:120} INFO - [2023-12-21T16:43:43.041+0000] {taskmixin.py:205} WARNING - Dependency <Task(BashOperator): delete_tag>, create_tag already registered for DAG: example_complex
[2023-12-21T16:43:43.048+0000] {processor.py:766} INFO - DAG(s) dict_keys(['example_complex']) retrieved from /home/airflow/.local/lib/python3.7/site-packages/airflow/example_dags/example_complex.py
[2023-12-21T16:43:43.089+0000] {logging_mixin.py:120} INFO - [2023-12-21T16:43:43.088+0000] {dag.py:2585} INFO - Sync 1 DAGs
[2023-12-21T16:43:43.118+0000] {logging_mixin.py:120} INFO - [2023-12-21T16:43:43.118+0000] {dag.py:3340} INFO - Setting next_dagrun for example_complex to None, run_after=None
[2023-12-21T16:43:43.145+0000] {processor.py:176} INFO - Processing /home/airflow/.local/lib/python3.7/site-packages/airflow/example_dags/example_complex.py took 0.119 seconds
[2023-12-21T16:44:13.808+0000] {processor.py:154} INFO - Started process (PID=1039) to work on /home/airflow/.local/lib/python3.7/site-packages/airflow/example_dags/example_complex.py
[2023-12-21T16:44:13.809+0000] {processor.py:756} INFO - Processing file /home/airflow/.local/lib/python3.7/site-packages/airflow/example_dags/example_complex.py for tasks to queue
[2023-12-21T16:44:13.809+0000] {logging_mixin.py:120} INFO - [2023-12-21T16:44:13.809+0000] {dagbag.py:537} INFO - Filling up the DagBag from /home/airflow/.local/lib/python3.7/site-packages/airflow/example_dags/example_complex.py
[2023-12-21T16:44:13.820+0000] {logging_mixin.py:120} INFO - [2023-12-21T16:44:13.819+0000] {taskmixin.py:205} WARNING - Dependency <Task(BashOperator): create_entry_group>, delete_entry_group already registered for DAG: example_complex
[2023-12-21T16:44:13.820+0000] {logging_mixin.py:120} INFO - [2023-12-21T16:44:13.820+0000] {taskmixin.py:205} WARNING - Dependency <Task(BashOperator): delete_entry_group>, create_entry_group already registered for DAG: example_complex
[2023-12-21T16:44:13.820+0000] {logging_mixin.py:120} INFO - [2023-12-21T16:44:13.820+0000] {taskmixin.py:205} WARNING - Dependency <Task(BashOperator): create_entry_gcs>, delete_entry already registered for DAG: example_complex
[2023-12-21T16:44:13.820+0000] {logging_mixin.py:120} INFO - [2023-12-21T16:44:13.820+0000] {taskmixin.py:205} WARNING - Dependency <Task(BashOperator): delete_entry>, create_entry_gcs already registered for DAG: example_complex
[2023-12-21T16:44:13.820+0000] {logging_mixin.py:120} INFO - [2023-12-21T16:44:13.820+0000] {taskmixin.py:205} WARNING - Dependency <Task(BashOperator): create_tag>, delete_tag already registered for DAG: example_complex
[2023-12-21T16:44:13.821+0000] {logging_mixin.py:120} INFO - [2023-12-21T16:44:13.821+0000] {taskmixin.py:205} WARNING - Dependency <Task(BashOperator): delete_tag>, create_tag already registered for DAG: example_complex
[2023-12-21T16:44:13.827+0000] {processor.py:766} INFO - DAG(s) dict_keys(['example_complex']) retrieved from /home/airflow/.local/lib/python3.7/site-packages/airflow/example_dags/example_complex.py
[2023-12-21T16:44:13.868+0000] {logging_mixin.py:120} INFO - [2023-12-21T16:44:13.867+0000] {dag.py:2585} INFO - Sync 1 DAGs
[2023-12-21T16:44:13.887+0000] {logging_mixin.py:120} INFO - [2023-12-21T16:44:13.887+0000] {dag.py:3340} INFO - Setting next_dagrun for example_complex to None, run_after=None
[2023-12-21T16:44:13.909+0000] {processor.py:176} INFO - Processing /home/airflow/.local/lib/python3.7/site-packages/airflow/example_dags/example_complex.py took 0.103 seconds
[2023-12-21T16:44:44.691+0000] {processor.py:154} INFO - Started process (PID=1103) to work on /home/airflow/.local/lib/python3.7/site-packages/airflow/example_dags/example_complex.py
[2023-12-21T16:44:44.692+0000] {processor.py:756} INFO - Processing file /home/airflow/.local/lib/python3.7/site-packages/airflow/example_dags/example_complex.py for tasks to queue
[2023-12-21T16:44:44.692+0000] {logging_mixin.py:120} INFO - [2023-12-21T16:44:44.692+0000] {dagbag.py:537} INFO - Filling up the DagBag from /home/airflow/.local/lib/python3.7/site-packages/airflow/example_dags/example_complex.py
[2023-12-21T16:44:44.702+0000] {logging_mixin.py:120} INFO - [2023-12-21T16:44:44.702+0000] {taskmixin.py:205} WARNING - Dependency <Task(BashOperator): create_entry_group>, delete_entry_group already registered for DAG: example_complex
[2023-12-21T16:44:44.702+0000] {logging_mixin.py:120} INFO - [2023-12-21T16:44:44.702+0000] {taskmixin.py:205} WARNING - Dependency <Task(BashOperator): delete_entry_group>, create_entry_group already registered for DAG: example_complex
[2023-12-21T16:44:44.702+0000] {logging_mixin.py:120} INFO - [2023-12-21T16:44:44.702+0000] {taskmixin.py:205} WARNING - Dependency <Task(BashOperator): create_entry_gcs>, delete_entry already registered for DAG: example_complex
[2023-12-21T16:44:44.702+0000] {logging_mixin.py:120} INFO - [2023-12-21T16:44:44.702+0000] {taskmixin.py:205} WARNING - Dependency <Task(BashOperator): delete_entry>, create_entry_gcs already registered for DAG: example_complex
[2023-12-21T16:44:44.703+0000] {logging_mixin.py:120} INFO - [2023-12-21T16:44:44.703+0000] {taskmixin.py:205} WARNING - Dependency <Task(BashOperator): create_tag>, delete_tag already registered for DAG: example_complex
[2023-12-21T16:44:44.703+0000] {logging_mixin.py:120} INFO - [2023-12-21T16:44:44.703+0000] {taskmixin.py:205} WARNING - Dependency <Task(BashOperator): delete_tag>, create_tag already registered for DAG: example_complex
[2023-12-21T16:44:44.709+0000] {processor.py:766} INFO - DAG(s) dict_keys(['example_complex']) retrieved from /home/airflow/.local/lib/python3.7/site-packages/airflow/example_dags/example_complex.py
[2023-12-21T16:44:44.750+0000] {logging_mixin.py:120} INFO - [2023-12-21T16:44:44.749+0000] {dag.py:2585} INFO - Sync 1 DAGs
[2023-12-21T16:44:44.772+0000] {logging_mixin.py:120} INFO - [2023-12-21T16:44:44.772+0000] {dag.py:3340} INFO - Setting next_dagrun for example_complex to None, run_after=None
[2023-12-21T16:44:44.799+0000] {processor.py:176} INFO - Processing /home/airflow/.local/lib/python3.7/site-packages/airflow/example_dags/example_complex.py took 0.111 seconds
[2023-12-21T16:45:15.622+0000] {processor.py:154} INFO - Started process (PID=1166) to work on /home/airflow/.local/lib/python3.7/site-packages/airflow/example_dags/example_complex.py
[2023-12-21T16:45:15.623+0000] {processor.py:756} INFO - Processing file /home/airflow/.local/lib/python3.7/site-packages/airflow/example_dags/example_complex.py for tasks to queue
[2023-12-21T16:45:15.624+0000] {logging_mixin.py:120} INFO - [2023-12-21T16:45:15.624+0000] {dagbag.py:537} INFO - Filling up the DagBag from /home/airflow/.local/lib/python3.7/site-packages/airflow/example_dags/example_complex.py
[2023-12-21T16:45:15.639+0000] {logging_mixin.py:120} INFO - [2023-12-21T16:45:15.639+0000] {taskmixin.py:205} WARNING - Dependency <Task(BashOperator): create_entry_group>, delete_entry_group already registered for DAG: example_complex
[2023-12-21T16:45:15.640+0000] {logging_mixin.py:120} INFO - [2023-12-21T16:45:15.640+0000] {taskmixin.py:205} WARNING - Dependency <Task(BashOperator): delete_entry_group>, create_entry_group already registered for DAG: example_complex
[2023-12-21T16:45:15.640+0000] {logging_mixin.py:120} INFO - [2023-12-21T16:45:15.640+0000] {taskmixin.py:205} WARNING - Dependency <Task(BashOperator): create_entry_gcs>, delete_entry already registered for DAG: example_complex
[2023-12-21T16:45:15.640+0000] {logging_mixin.py:120} INFO - [2023-12-21T16:45:15.640+0000] {taskmixin.py:205} WARNING - Dependency <Task(BashOperator): delete_entry>, create_entry_gcs already registered for DAG: example_complex
[2023-12-21T16:45:15.641+0000] {logging_mixin.py:120} INFO - [2023-12-21T16:45:15.641+0000] {taskmixin.py:205} WARNING - Dependency <Task(BashOperator): create_tag>, delete_tag already registered for DAG: example_complex
[2023-12-21T16:45:15.641+0000] {logging_mixin.py:120} INFO - [2023-12-21T16:45:15.641+0000] {taskmixin.py:205} WARNING - Dependency <Task(BashOperator): delete_tag>, create_tag already registered for DAG: example_complex
[2023-12-21T16:45:15.651+0000] {processor.py:766} INFO - DAG(s) dict_keys(['example_complex']) retrieved from /home/airflow/.local/lib/python3.7/site-packages/airflow/example_dags/example_complex.py
[2023-12-21T16:45:15.709+0000] {logging_mixin.py:120} INFO - [2023-12-21T16:45:15.709+0000] {dag.py:2585} INFO - Sync 1 DAGs
[2023-12-21T16:45:15.746+0000] {logging_mixin.py:120} INFO - [2023-12-21T16:45:15.746+0000] {dag.py:3340} INFO - Setting next_dagrun for example_complex to None, run_after=None
[2023-12-21T16:45:15.776+0000] {processor.py:176} INFO - Processing /home/airflow/.local/lib/python3.7/site-packages/airflow/example_dags/example_complex.py took 0.157 seconds
[2023-12-21T16:45:46.075+0000] {processor.py:154} INFO - Started process (PID=1219) to work on /home/airflow/.local/lib/python3.7/site-packages/airflow/example_dags/example_complex.py
[2023-12-21T16:45:46.076+0000] {processor.py:756} INFO - Processing file /home/airflow/.local/lib/python3.7/site-packages/airflow/example_dags/example_complex.py for tasks to queue
[2023-12-21T16:45:46.076+0000] {logging_mixin.py:120} INFO - [2023-12-21T16:45:46.076+0000] {dagbag.py:537} INFO - Filling up the DagBag from /home/airflow/.local/lib/python3.7/site-packages/airflow/example_dags/example_complex.py
[2023-12-21T16:45:46.093+0000] {logging_mixin.py:120} INFO - [2023-12-21T16:45:46.092+0000] {taskmixin.py:205} WARNING - Dependency <Task(BashOperator): create_entry_group>, delete_entry_group already registered for DAG: example_complex
[2023-12-21T16:45:46.093+0000] {logging_mixin.py:120} INFO - [2023-12-21T16:45:46.093+0000] {taskmixin.py:205} WARNING - Dependency <Task(BashOperator): delete_entry_group>, create_entry_group already registered for DAG: example_complex
[2023-12-21T16:45:46.093+0000] {logging_mixin.py:120} INFO - [2023-12-21T16:45:46.093+0000] {taskmixin.py:205} WARNING - Dependency <Task(BashOperator): create_entry_gcs>, delete_entry already registered for DAG: example_complex
[2023-12-21T16:45:46.094+0000] {logging_mixin.py:120} INFO - [2023-12-21T16:45:46.093+0000] {taskmixin.py:205} WARNING - Dependency <Task(BashOperator): delete_entry>, create_entry_gcs already registered for DAG: example_complex
[2023-12-21T16:45:46.094+0000] {logging_mixin.py:120} INFO - [2023-12-21T16:45:46.094+0000] {taskmixin.py:205} WARNING - Dependency <Task(BashOperator): create_tag>, delete_tag already registered for DAG: example_complex
[2023-12-21T16:45:46.094+0000] {logging_mixin.py:120} INFO - [2023-12-21T16:45:46.094+0000] {taskmixin.py:205} WARNING - Dependency <Task(BashOperator): delete_tag>, create_tag already registered for DAG: example_complex
[2023-12-21T16:45:46.108+0000] {processor.py:766} INFO - DAG(s) dict_keys(['example_complex']) retrieved from /home/airflow/.local/lib/python3.7/site-packages/airflow/example_dags/example_complex.py
[2023-12-21T16:45:46.150+0000] {logging_mixin.py:120} INFO - [2023-12-21T16:45:46.150+0000] {dag.py:2585} INFO - Sync 1 DAGs
[2023-12-21T16:45:46.171+0000] {logging_mixin.py:120} INFO - [2023-12-21T16:45:46.171+0000] {dag.py:3340} INFO - Setting next_dagrun for example_complex to None, run_after=None
[2023-12-21T16:45:46.193+0000] {processor.py:176} INFO - Processing /home/airflow/.local/lib/python3.7/site-packages/airflow/example_dags/example_complex.py took 0.121 seconds
[2023-12-21T16:46:16.916+0000] {processor.py:154} INFO - Started process (PID=1282) to work on /home/airflow/.local/lib/python3.7/site-packages/airflow/example_dags/example_complex.py
[2023-12-21T16:46:16.917+0000] {processor.py:756} INFO - Processing file /home/airflow/.local/lib/python3.7/site-packages/airflow/example_dags/example_complex.py for tasks to queue
[2023-12-21T16:46:16.917+0000] {logging_mixin.py:120} INFO - [2023-12-21T16:46:16.917+0000] {dagbag.py:537} INFO - Filling up the DagBag from /home/airflow/.local/lib/python3.7/site-packages/airflow/example_dags/example_complex.py
[2023-12-21T16:46:16.927+0000] {logging_mixin.py:120} INFO - [2023-12-21T16:46:16.927+0000] {taskmixin.py:205} WARNING - Dependency <Task(BashOperator): create_entry_group>, delete_entry_group already registered for DAG: example_complex
[2023-12-21T16:46:16.927+0000] {logging_mixin.py:120} INFO - [2023-12-21T16:46:16.927+0000] {taskmixin.py:205} WARNING - Dependency <Task(BashOperator): delete_entry_group>, create_entry_group already registered for DAG: example_complex
[2023-12-21T16:46:16.927+0000] {logging_mixin.py:120} INFO - [2023-12-21T16:46:16.927+0000] {taskmixin.py:205} WARNING - Dependency <Task(BashOperator): create_entry_gcs>, delete_entry already registered for DAG: example_complex
[2023-12-21T16:46:16.928+0000] {logging_mixin.py:120} INFO - [2023-12-21T16:46:16.927+0000] {taskmixin.py:205} WARNING - Dependency <Task(BashOperator): delete_entry>, create_entry_gcs already registered for DAG: example_complex
[2023-12-21T16:46:16.928+0000] {logging_mixin.py:120} INFO - [2023-12-21T16:46:16.928+0000] {taskmixin.py:205} WARNING - Dependency <Task(BashOperator): create_tag>, delete_tag already registered for DAG: example_complex
[2023-12-21T16:46:16.928+0000] {logging_mixin.py:120} INFO - [2023-12-21T16:46:16.928+0000] {taskmixin.py:205} WARNING - Dependency <Task(BashOperator): delete_tag>, create_tag already registered for DAG: example_complex
[2023-12-21T16:46:16.935+0000] {processor.py:766} INFO - DAG(s) dict_keys(['example_complex']) retrieved from /home/airflow/.local/lib/python3.7/site-packages/airflow/example_dags/example_complex.py
[2023-12-21T16:46:16.974+0000] {logging_mixin.py:120} INFO - [2023-12-21T16:46:16.974+0000] {dag.py:2585} INFO - Sync 1 DAGs
[2023-12-21T16:46:16.995+0000] {logging_mixin.py:120} INFO - [2023-12-21T16:46:16.994+0000] {dag.py:3340} INFO - Setting next_dagrun for example_complex to None, run_after=None
[2023-12-21T16:46:17.016+0000] {processor.py:176} INFO - Processing /home/airflow/.local/lib/python3.7/site-packages/airflow/example_dags/example_complex.py took 0.102 seconds
[2023-12-21T16:46:47.914+0000] {processor.py:154} INFO - Started process (PID=1344) to work on /home/airflow/.local/lib/python3.7/site-packages/airflow/example_dags/example_complex.py
[2023-12-21T16:46:47.915+0000] {processor.py:756} INFO - Processing file /home/airflow/.local/lib/python3.7/site-packages/airflow/example_dags/example_complex.py for tasks to queue
[2023-12-21T16:46:47.915+0000] {logging_mixin.py:120} INFO - [2023-12-21T16:46:47.915+0000] {dagbag.py:537} INFO - Filling up the DagBag from /home/airflow/.local/lib/python3.7/site-packages/airflow/example_dags/example_complex.py
[2023-12-21T16:46:47.925+0000] {logging_mixin.py:120} INFO - [2023-12-21T16:46:47.925+0000] {taskmixin.py:205} WARNING - Dependency <Task(BashOperator): create_entry_group>, delete_entry_group already registered for DAG: example_complex
[2023-12-21T16:46:47.925+0000] {logging_mixin.py:120} INFO - [2023-12-21T16:46:47.925+0000] {taskmixin.py:205} WARNING - Dependency <Task(BashOperator): delete_entry_group>, create_entry_group already registered for DAG: example_complex
[2023-12-21T16:46:47.925+0000] {logging_mixin.py:120} INFO - [2023-12-21T16:46:47.925+0000] {taskmixin.py:205} WARNING - Dependency <Task(BashOperator): create_entry_gcs>, delete_entry already registered for DAG: example_complex
[2023-12-21T16:46:47.925+0000] {logging_mixin.py:120} INFO - [2023-12-21T16:46:47.925+0000] {taskmixin.py:205} WARNING - Dependency <Task(BashOperator): delete_entry>, create_entry_gcs already registered for DAG: example_complex
[2023-12-21T16:46:47.926+0000] {logging_mixin.py:120} INFO - [2023-12-21T16:46:47.926+0000] {taskmixin.py:205} WARNING - Dependency <Task(BashOperator): create_tag>, delete_tag already registered for DAG: example_complex
[2023-12-21T16:46:47.926+0000] {logging_mixin.py:120} INFO - [2023-12-21T16:46:47.926+0000] {taskmixin.py:205} WARNING - Dependency <Task(BashOperator): delete_tag>, create_tag already registered for DAG: example_complex
[2023-12-21T16:46:47.933+0000] {processor.py:766} INFO - DAG(s) dict_keys(['example_complex']) retrieved from /home/airflow/.local/lib/python3.7/site-packages/airflow/example_dags/example_complex.py
[2023-12-21T16:46:47.974+0000] {logging_mixin.py:120} INFO - [2023-12-21T16:46:47.974+0000] {dag.py:2585} INFO - Sync 1 DAGs
[2023-12-21T16:46:47.995+0000] {logging_mixin.py:120} INFO - [2023-12-21T16:46:47.995+0000] {dag.py:3340} INFO - Setting next_dagrun for example_complex to None, run_after=None
[2023-12-21T16:46:48.018+0000] {processor.py:176} INFO - Processing /home/airflow/.local/lib/python3.7/site-packages/airflow/example_dags/example_complex.py took 0.107 seconds
[2023-12-21T16:47:18.164+0000] {processor.py:154} INFO - Started process (PID=1398) to work on /home/airflow/.local/lib/python3.7/site-packages/airflow/example_dags/example_complex.py
[2023-12-21T16:47:18.165+0000] {processor.py:756} INFO - Processing file /home/airflow/.local/lib/python3.7/site-packages/airflow/example_dags/example_complex.py for tasks to queue
[2023-12-21T16:47:18.165+0000] {logging_mixin.py:120} INFO - [2023-12-21T16:47:18.165+0000] {dagbag.py:537} INFO - Filling up the DagBag from /home/airflow/.local/lib/python3.7/site-packages/airflow/example_dags/example_complex.py
[2023-12-21T16:47:18.180+0000] {logging_mixin.py:120} INFO - [2023-12-21T16:47:18.179+0000] {taskmixin.py:205} WARNING - Dependency <Task(BashOperator): create_entry_group>, delete_entry_group already registered for DAG: example_complex
[2023-12-21T16:47:18.180+0000] {logging_mixin.py:120} INFO - [2023-12-21T16:47:18.180+0000] {taskmixin.py:205} WARNING - Dependency <Task(BashOperator): delete_entry_group>, create_entry_group already registered for DAG: example_complex
[2023-12-21T16:47:18.180+0000] {logging_mixin.py:120} INFO - [2023-12-21T16:47:18.180+0000] {taskmixin.py:205} WARNING - Dependency <Task(BashOperator): create_entry_gcs>, delete_entry already registered for DAG: example_complex
[2023-12-21T16:47:18.180+0000] {logging_mixin.py:120} INFO - [2023-12-21T16:47:18.180+0000] {taskmixin.py:205} WARNING - Dependency <Task(BashOperator): delete_entry>, create_entry_gcs already registered for DAG: example_complex
[2023-12-21T16:47:18.181+0000] {logging_mixin.py:120} INFO - [2023-12-21T16:47:18.181+0000] {taskmixin.py:205} WARNING - Dependency <Task(BashOperator): create_tag>, delete_tag already registered for DAG: example_complex
[2023-12-21T16:47:18.181+0000] {logging_mixin.py:120} INFO - [2023-12-21T16:47:18.181+0000] {taskmixin.py:205} WARNING - Dependency <Task(BashOperator): delete_tag>, create_tag already registered for DAG: example_complex
[2023-12-21T16:47:18.190+0000] {processor.py:766} INFO - DAG(s) dict_keys(['example_complex']) retrieved from /home/airflow/.local/lib/python3.7/site-packages/airflow/example_dags/example_complex.py
[2023-12-21T16:47:18.234+0000] {logging_mixin.py:120} INFO - [2023-12-21T16:47:18.234+0000] {dag.py:2585} INFO - Sync 1 DAGs
[2023-12-21T16:47:18.256+0000] {logging_mixin.py:120} INFO - [2023-12-21T16:47:18.256+0000] {dag.py:3340} INFO - Setting next_dagrun for example_complex to None, run_after=None
[2023-12-21T16:47:18.281+0000] {processor.py:176} INFO - Processing /home/airflow/.local/lib/python3.7/site-packages/airflow/example_dags/example_complex.py took 0.121 seconds
