[2023-12-21T16:35:57.094+0000] {processor.py:154} INFO - Started process (PID=44) to work on /home/airflow/.local/lib/python3.7/site-packages/airflow/example_dags/example_xcomargs.py
[2023-12-21T16:35:57.095+0000] {processor.py:756} INFO - Processing file /home/airflow/.local/lib/python3.7/site-packages/airflow/example_dags/example_xcomargs.py for tasks to queue
[2023-12-21T16:35:57.095+0000] {logging_mixin.py:120} INFO - [2023-12-21T16:35:57.095+0000] {dagbag.py:537} INFO - Filling up the DagBag from /home/airflow/.local/lib/python3.7/site-packages/airflow/example_dags/example_xcomargs.py
[2023-12-21T16:35:57.131+0000] {processor.py:766} INFO - DAG(s) dict_keys(['example_xcom_args_with_operators', 'example_xcom_args']) retrieved from /home/airflow/.local/lib/python3.7/site-packages/airflow/example_dags/example_xcomargs.py
[2023-12-21T16:35:57.335+0000] {logging_mixin.py:120} INFO - [2023-12-21T16:35:57.335+0000] {manager.py:507} INFO - Created Permission View: can read on DAG:example_xcom_args_with_operators
[2023-12-21T16:35:57.362+0000] {logging_mixin.py:120} INFO - [2023-12-21T16:35:57.362+0000] {manager.py:507} INFO - Created Permission View: can delete on DAG:example_xcom_args_with_operators
[2023-12-21T16:35:57.378+0000] {logging_mixin.py:120} INFO - [2023-12-21T16:35:57.377+0000] {manager.py:507} INFO - Created Permission View: can edit on DAG:example_xcom_args_with_operators
[2023-12-21T16:35:57.412+0000] {logging_mixin.py:120} INFO - [2023-12-21T16:35:57.412+0000] {manager.py:507} INFO - Created Permission View: can read on DAG:example_xcom_args
[2023-12-21T16:35:57.430+0000] {logging_mixin.py:120} INFO - [2023-12-21T16:35:57.427+0000] {manager.py:507} INFO - Created Permission View: can delete on DAG:example_xcom_args
[2023-12-21T16:35:57.456+0000] {logging_mixin.py:120} INFO - [2023-12-21T16:35:57.456+0000] {manager.py:507} INFO - Created Permission View: can edit on DAG:example_xcom_args
[2023-12-21T16:35:57.456+0000] {logging_mixin.py:120} INFO - [2023-12-21T16:35:57.456+0000] {dag.py:2585} INFO - Sync 2 DAGs
[2023-12-21T16:35:57.483+0000] {logging_mixin.py:120} INFO - [2023-12-21T16:35:57.483+0000] {dag.py:2606} INFO - Creating ORM DAG for example_xcom_args_with_operators
[2023-12-21T16:35:57.484+0000] {logging_mixin.py:120} INFO - [2023-12-21T16:35:57.484+0000] {dag.py:2606} INFO - Creating ORM DAG for example_xcom_args
[2023-12-21T16:35:57.496+0000] {logging_mixin.py:120} INFO - [2023-12-21T16:35:57.496+0000] {dag.py:3340} INFO - Setting next_dagrun for example_xcom_args to None, run_after=None
[2023-12-21T16:35:57.497+0000] {logging_mixin.py:120} INFO - [2023-12-21T16:35:57.496+0000] {dag.py:3340} INFO - Setting next_dagrun for example_xcom_args_with_operators to None, run_after=None
[2023-12-21T16:35:57.524+0000] {processor.py:176} INFO - Processing /home/airflow/.local/lib/python3.7/site-packages/airflow/example_dags/example_xcomargs.py took 0.432 seconds
[2023-12-21T16:36:27.749+0000] {processor.py:154} INFO - Started process (PID=98) to work on /home/airflow/.local/lib/python3.7/site-packages/airflow/example_dags/example_xcomargs.py
[2023-12-21T16:36:27.750+0000] {processor.py:756} INFO - Processing file /home/airflow/.local/lib/python3.7/site-packages/airflow/example_dags/example_xcomargs.py for tasks to queue
[2023-12-21T16:36:27.751+0000] {logging_mixin.py:120} INFO - [2023-12-21T16:36:27.750+0000] {dagbag.py:537} INFO - Filling up the DagBag from /home/airflow/.local/lib/python3.7/site-packages/airflow/example_dags/example_xcomargs.py
[2023-12-21T16:36:27.779+0000] {processor.py:766} INFO - DAG(s) dict_keys(['example_xcom_args_with_operators', 'example_xcom_args']) retrieved from /home/airflow/.local/lib/python3.7/site-packages/airflow/example_dags/example_xcomargs.py
[2023-12-21T16:36:27.824+0000] {logging_mixin.py:120} INFO - [2023-12-21T16:36:27.823+0000] {dag.py:2585} INFO - Sync 2 DAGs
[2023-12-21T16:36:27.855+0000] {logging_mixin.py:120} INFO - [2023-12-21T16:36:27.855+0000] {dag.py:3340} INFO - Setting next_dagrun for example_xcom_args to None, run_after=None
[2023-12-21T16:36:27.858+0000] {logging_mixin.py:120} INFO - [2023-12-21T16:36:27.858+0000] {dag.py:3340} INFO - Setting next_dagrun for example_xcom_args_with_operators to None, run_after=None
[2023-12-21T16:36:27.880+0000] {processor.py:176} INFO - Processing /home/airflow/.local/lib/python3.7/site-packages/airflow/example_dags/example_xcomargs.py took 0.133 seconds
[2023-12-21T16:36:58.421+0000] {processor.py:154} INFO - Started process (PID=162) to work on /home/airflow/.local/lib/python3.7/site-packages/airflow/example_dags/example_xcomargs.py
[2023-12-21T16:36:58.422+0000] {processor.py:756} INFO - Processing file /home/airflow/.local/lib/python3.7/site-packages/airflow/example_dags/example_xcomargs.py for tasks to queue
[2023-12-21T16:36:58.422+0000] {logging_mixin.py:120} INFO - [2023-12-21T16:36:58.422+0000] {dagbag.py:537} INFO - Filling up the DagBag from /home/airflow/.local/lib/python3.7/site-packages/airflow/example_dags/example_xcomargs.py
[2023-12-21T16:36:58.453+0000] {processor.py:766} INFO - DAG(s) dict_keys(['example_xcom_args', 'example_xcom_args_with_operators']) retrieved from /home/airflow/.local/lib/python3.7/site-packages/airflow/example_dags/example_xcomargs.py
[2023-12-21T16:36:58.504+0000] {logging_mixin.py:120} INFO - [2023-12-21T16:36:58.504+0000] {dag.py:2585} INFO - Sync 2 DAGs
[2023-12-21T16:36:58.526+0000] {logging_mixin.py:120} INFO - [2023-12-21T16:36:58.526+0000] {dag.py:3340} INFO - Setting next_dagrun for example_xcom_args to None, run_after=None
[2023-12-21T16:36:58.529+0000] {logging_mixin.py:120} INFO - [2023-12-21T16:36:58.529+0000] {dag.py:3340} INFO - Setting next_dagrun for example_xcom_args_with_operators to None, run_after=None
[2023-12-21T16:36:58.548+0000] {processor.py:176} INFO - Processing /home/airflow/.local/lib/python3.7/site-packages/airflow/example_dags/example_xcomargs.py took 0.131 seconds
[2023-12-21T16:37:29.259+0000] {processor.py:154} INFO - Started process (PID=225) to work on /home/airflow/.local/lib/python3.7/site-packages/airflow/example_dags/example_xcomargs.py
[2023-12-21T16:37:29.259+0000] {processor.py:756} INFO - Processing file /home/airflow/.local/lib/python3.7/site-packages/airflow/example_dags/example_xcomargs.py for tasks to queue
[2023-12-21T16:37:29.260+0000] {logging_mixin.py:120} INFO - [2023-12-21T16:37:29.260+0000] {dagbag.py:537} INFO - Filling up the DagBag from /home/airflow/.local/lib/python3.7/site-packages/airflow/example_dags/example_xcomargs.py
[2023-12-21T16:37:29.283+0000] {processor.py:766} INFO - DAG(s) dict_keys(['example_xcom_args_with_operators', 'example_xcom_args']) retrieved from /home/airflow/.local/lib/python3.7/site-packages/airflow/example_dags/example_xcomargs.py
[2023-12-21T16:37:29.322+0000] {logging_mixin.py:120} INFO - [2023-12-21T16:37:29.322+0000] {dag.py:2585} INFO - Sync 2 DAGs
[2023-12-21T16:37:29.343+0000] {logging_mixin.py:120} INFO - [2023-12-21T16:37:29.343+0000] {dag.py:3340} INFO - Setting next_dagrun for example_xcom_args to None, run_after=None
[2023-12-21T16:37:29.345+0000] {logging_mixin.py:120} INFO - [2023-12-21T16:37:29.345+0000] {dag.py:3340} INFO - Setting next_dagrun for example_xcom_args_with_operators to None, run_after=None
[2023-12-21T16:37:29.367+0000] {processor.py:176} INFO - Processing /home/airflow/.local/lib/python3.7/site-packages/airflow/example_dags/example_xcomargs.py took 0.111 seconds
[2023-12-21T16:37:59.837+0000] {processor.py:154} INFO - Started process (PID=289) to work on /home/airflow/.local/lib/python3.7/site-packages/airflow/example_dags/example_xcomargs.py
[2023-12-21T16:37:59.837+0000] {processor.py:756} INFO - Processing file /home/airflow/.local/lib/python3.7/site-packages/airflow/example_dags/example_xcomargs.py for tasks to queue
[2023-12-21T16:37:59.838+0000] {logging_mixin.py:120} INFO - [2023-12-21T16:37:59.838+0000] {dagbag.py:537} INFO - Filling up the DagBag from /home/airflow/.local/lib/python3.7/site-packages/airflow/example_dags/example_xcomargs.py
[2023-12-21T16:37:59.857+0000] {processor.py:766} INFO - DAG(s) dict_keys(['example_xcom_args_with_operators', 'example_xcom_args']) retrieved from /home/airflow/.local/lib/python3.7/site-packages/airflow/example_dags/example_xcomargs.py
[2023-12-21T16:37:59.894+0000] {logging_mixin.py:120} INFO - [2023-12-21T16:37:59.893+0000] {dag.py:2585} INFO - Sync 2 DAGs
[2023-12-21T16:37:59.913+0000] {logging_mixin.py:120} INFO - [2023-12-21T16:37:59.913+0000] {dag.py:3340} INFO - Setting next_dagrun for example_xcom_args to None, run_after=None
[2023-12-21T16:37:59.916+0000] {logging_mixin.py:120} INFO - [2023-12-21T16:37:59.916+0000] {dag.py:3340} INFO - Setting next_dagrun for example_xcom_args_with_operators to None, run_after=None
[2023-12-21T16:37:59.938+0000] {processor.py:176} INFO - Processing /home/airflow/.local/lib/python3.7/site-packages/airflow/example_dags/example_xcomargs.py took 0.104 seconds
[2023-12-21T16:38:30.599+0000] {processor.py:154} INFO - Started process (PID=343) to work on /home/airflow/.local/lib/python3.7/site-packages/airflow/example_dags/example_xcomargs.py
[2023-12-21T16:38:30.600+0000] {processor.py:756} INFO - Processing file /home/airflow/.local/lib/python3.7/site-packages/airflow/example_dags/example_xcomargs.py for tasks to queue
[2023-12-21T16:38:30.600+0000] {logging_mixin.py:120} INFO - [2023-12-21T16:38:30.600+0000] {dagbag.py:537} INFO - Filling up the DagBag from /home/airflow/.local/lib/python3.7/site-packages/airflow/example_dags/example_xcomargs.py
[2023-12-21T16:38:30.631+0000] {processor.py:766} INFO - DAG(s) dict_keys(['example_xcom_args_with_operators', 'example_xcom_args']) retrieved from /home/airflow/.local/lib/python3.7/site-packages/airflow/example_dags/example_xcomargs.py
[2023-12-21T16:38:30.684+0000] {logging_mixin.py:120} INFO - [2023-12-21T16:38:30.684+0000] {dag.py:2585} INFO - Sync 2 DAGs
[2023-12-21T16:38:30.716+0000] {logging_mixin.py:120} INFO - [2023-12-21T16:38:30.716+0000] {dag.py:3340} INFO - Setting next_dagrun for example_xcom_args to None, run_after=None
[2023-12-21T16:38:30.721+0000] {logging_mixin.py:120} INFO - [2023-12-21T16:38:30.721+0000] {dag.py:3340} INFO - Setting next_dagrun for example_xcom_args_with_operators to None, run_after=None
[2023-12-21T16:38:30.748+0000] {processor.py:176} INFO - Processing /home/airflow/.local/lib/python3.7/site-packages/airflow/example_dags/example_xcomargs.py took 0.153 seconds
[2023-12-21T16:39:01.209+0000] {processor.py:154} INFO - Started process (PID=406) to work on /home/airflow/.local/lib/python3.7/site-packages/airflow/example_dags/example_xcomargs.py
[2023-12-21T16:39:01.210+0000] {processor.py:756} INFO - Processing file /home/airflow/.local/lib/python3.7/site-packages/airflow/example_dags/example_xcomargs.py for tasks to queue
[2023-12-21T16:39:01.210+0000] {logging_mixin.py:120} INFO - [2023-12-21T16:39:01.210+0000] {dagbag.py:537} INFO - Filling up the DagBag from /home/airflow/.local/lib/python3.7/site-packages/airflow/example_dags/example_xcomargs.py
[2023-12-21T16:39:01.230+0000] {processor.py:766} INFO - DAG(s) dict_keys(['example_xcom_args', 'example_xcom_args_with_operators']) retrieved from /home/airflow/.local/lib/python3.7/site-packages/airflow/example_dags/example_xcomargs.py
[2023-12-21T16:39:01.266+0000] {logging_mixin.py:120} INFO - [2023-12-21T16:39:01.266+0000] {dag.py:2585} INFO - Sync 2 DAGs
[2023-12-21T16:39:01.287+0000] {logging_mixin.py:120} INFO - [2023-12-21T16:39:01.287+0000] {dag.py:3340} INFO - Setting next_dagrun for example_xcom_args to None, run_after=None
[2023-12-21T16:39:01.290+0000] {logging_mixin.py:120} INFO - [2023-12-21T16:39:01.290+0000] {dag.py:3340} INFO - Setting next_dagrun for example_xcom_args_with_operators to None, run_after=None
[2023-12-21T16:39:01.310+0000] {processor.py:176} INFO - Processing /home/airflow/.local/lib/python3.7/site-packages/airflow/example_dags/example_xcomargs.py took 0.104 seconds
[2023-12-21T16:39:32.023+0000] {processor.py:154} INFO - Started process (PID=469) to work on /home/airflow/.local/lib/python3.7/site-packages/airflow/example_dags/example_xcomargs.py
[2023-12-21T16:39:32.023+0000] {processor.py:756} INFO - Processing file /home/airflow/.local/lib/python3.7/site-packages/airflow/example_dags/example_xcomargs.py for tasks to queue
[2023-12-21T16:39:32.024+0000] {logging_mixin.py:120} INFO - [2023-12-21T16:39:32.024+0000] {dagbag.py:537} INFO - Filling up the DagBag from /home/airflow/.local/lib/python3.7/site-packages/airflow/example_dags/example_xcomargs.py
[2023-12-21T16:39:32.052+0000] {processor.py:766} INFO - DAG(s) dict_keys(['example_xcom_args', 'example_xcom_args_with_operators']) retrieved from /home/airflow/.local/lib/python3.7/site-packages/airflow/example_dags/example_xcomargs.py
[2023-12-21T16:39:32.104+0000] {logging_mixin.py:120} INFO - [2023-12-21T16:39:32.104+0000] {dag.py:2585} INFO - Sync 2 DAGs
[2023-12-21T16:39:32.133+0000] {logging_mixin.py:120} INFO - [2023-12-21T16:39:32.133+0000] {dag.py:3340} INFO - Setting next_dagrun for example_xcom_args to None, run_after=None
[2023-12-21T16:39:32.136+0000] {logging_mixin.py:120} INFO - [2023-12-21T16:39:32.136+0000] {dag.py:3340} INFO - Setting next_dagrun for example_xcom_args_with_operators to None, run_after=None
[2023-12-21T16:39:32.154+0000] {processor.py:176} INFO - Processing /home/airflow/.local/lib/python3.7/site-packages/airflow/example_dags/example_xcomargs.py took 0.136 seconds
[2023-12-21T16:40:02.638+0000] {processor.py:154} INFO - Started process (PID=532) to work on /home/airflow/.local/lib/python3.7/site-packages/airflow/example_dags/example_xcomargs.py
[2023-12-21T16:40:02.639+0000] {processor.py:756} INFO - Processing file /home/airflow/.local/lib/python3.7/site-packages/airflow/example_dags/example_xcomargs.py for tasks to queue
[2023-12-21T16:40:02.639+0000] {logging_mixin.py:120} INFO - [2023-12-21T16:40:02.639+0000] {dagbag.py:537} INFO - Filling up the DagBag from /home/airflow/.local/lib/python3.7/site-packages/airflow/example_dags/example_xcomargs.py
[2023-12-21T16:40:02.658+0000] {processor.py:766} INFO - DAG(s) dict_keys(['example_xcom_args', 'example_xcom_args_with_operators']) retrieved from /home/airflow/.local/lib/python3.7/site-packages/airflow/example_dags/example_xcomargs.py
[2023-12-21T16:40:02.694+0000] {logging_mixin.py:120} INFO - [2023-12-21T16:40:02.694+0000] {dag.py:2585} INFO - Sync 2 DAGs
[2023-12-21T16:40:02.714+0000] {logging_mixin.py:120} INFO - [2023-12-21T16:40:02.714+0000] {dag.py:3340} INFO - Setting next_dagrun for example_xcom_args to None, run_after=None
[2023-12-21T16:40:02.717+0000] {logging_mixin.py:120} INFO - [2023-12-21T16:40:02.717+0000] {dag.py:3340} INFO - Setting next_dagrun for example_xcom_args_with_operators to None, run_after=None
[2023-12-21T16:40:02.738+0000] {processor.py:176} INFO - Processing /home/airflow/.local/lib/python3.7/site-packages/airflow/example_dags/example_xcomargs.py took 0.105 seconds
[2023-12-21T16:40:33.209+0000] {processor.py:154} INFO - Started process (PID=586) to work on /home/airflow/.local/lib/python3.7/site-packages/airflow/example_dags/example_xcomargs.py
[2023-12-21T16:40:33.210+0000] {processor.py:756} INFO - Processing file /home/airflow/.local/lib/python3.7/site-packages/airflow/example_dags/example_xcomargs.py for tasks to queue
[2023-12-21T16:40:33.211+0000] {logging_mixin.py:120} INFO - [2023-12-21T16:40:33.211+0000] {dagbag.py:537} INFO - Filling up the DagBag from /home/airflow/.local/lib/python3.7/site-packages/airflow/example_dags/example_xcomargs.py
[2023-12-21T16:40:33.238+0000] {processor.py:766} INFO - DAG(s) dict_keys(['example_xcom_args', 'example_xcom_args_with_operators']) retrieved from /home/airflow/.local/lib/python3.7/site-packages/airflow/example_dags/example_xcomargs.py
[2023-12-21T16:40:33.285+0000] {logging_mixin.py:120} INFO - [2023-12-21T16:40:33.284+0000] {dag.py:2585} INFO - Sync 2 DAGs
[2023-12-21T16:40:33.307+0000] {logging_mixin.py:120} INFO - [2023-12-21T16:40:33.307+0000] {dag.py:3340} INFO - Setting next_dagrun for example_xcom_args to None, run_after=None
[2023-12-21T16:40:33.310+0000] {logging_mixin.py:120} INFO - [2023-12-21T16:40:33.310+0000] {dag.py:3340} INFO - Setting next_dagrun for example_xcom_args_with_operators to None, run_after=None
[2023-12-21T16:40:33.334+0000] {processor.py:176} INFO - Processing /home/airflow/.local/lib/python3.7/site-packages/airflow/example_dags/example_xcomargs.py took 0.129 seconds
[2023-12-21T16:41:03.933+0000] {processor.py:154} INFO - Started process (PID=649) to work on /home/airflow/.local/lib/python3.7/site-packages/airflow/example_dags/example_xcomargs.py
[2023-12-21T16:41:03.934+0000] {processor.py:756} INFO - Processing file /home/airflow/.local/lib/python3.7/site-packages/airflow/example_dags/example_xcomargs.py for tasks to queue
[2023-12-21T16:41:03.934+0000] {logging_mixin.py:120} INFO - [2023-12-21T16:41:03.934+0000] {dagbag.py:537} INFO - Filling up the DagBag from /home/airflow/.local/lib/python3.7/site-packages/airflow/example_dags/example_xcomargs.py
[2023-12-21T16:41:03.956+0000] {processor.py:766} INFO - DAG(s) dict_keys(['example_xcom_args', 'example_xcom_args_with_operators']) retrieved from /home/airflow/.local/lib/python3.7/site-packages/airflow/example_dags/example_xcomargs.py
[2023-12-21T16:41:04.007+0000] {logging_mixin.py:120} INFO - [2023-12-21T16:41:04.007+0000] {dag.py:2585} INFO - Sync 2 DAGs
[2023-12-21T16:41:04.037+0000] {logging_mixin.py:120} INFO - [2023-12-21T16:41:04.037+0000] {dag.py:3340} INFO - Setting next_dagrun for example_xcom_args to None, run_after=None
[2023-12-21T16:41:04.041+0000] {logging_mixin.py:120} INFO - [2023-12-21T16:41:04.041+0000] {dag.py:3340} INFO - Setting next_dagrun for example_xcom_args_with_operators to None, run_after=None
[2023-12-21T16:41:04.066+0000] {processor.py:176} INFO - Processing /home/airflow/.local/lib/python3.7/site-packages/airflow/example_dags/example_xcomargs.py took 0.135 seconds
[2023-12-21T16:41:34.689+0000] {processor.py:154} INFO - Started process (PID=712) to work on /home/airflow/.local/lib/python3.7/site-packages/airflow/example_dags/example_xcomargs.py
[2023-12-21T16:41:34.690+0000] {processor.py:756} INFO - Processing file /home/airflow/.local/lib/python3.7/site-packages/airflow/example_dags/example_xcomargs.py for tasks to queue
[2023-12-21T16:41:34.690+0000] {logging_mixin.py:120} INFO - [2023-12-21T16:41:34.690+0000] {dagbag.py:537} INFO - Filling up the DagBag from /home/airflow/.local/lib/python3.7/site-packages/airflow/example_dags/example_xcomargs.py
[2023-12-21T16:41:34.709+0000] {processor.py:766} INFO - DAG(s) dict_keys(['example_xcom_args_with_operators', 'example_xcom_args']) retrieved from /home/airflow/.local/lib/python3.7/site-packages/airflow/example_dags/example_xcomargs.py
[2023-12-21T16:41:34.752+0000] {logging_mixin.py:120} INFO - [2023-12-21T16:41:34.752+0000] {dag.py:2585} INFO - Sync 2 DAGs
[2023-12-21T16:41:34.781+0000] {logging_mixin.py:120} INFO - [2023-12-21T16:41:34.781+0000] {dag.py:3340} INFO - Setting next_dagrun for example_xcom_args to None, run_after=None
[2023-12-21T16:41:34.784+0000] {logging_mixin.py:120} INFO - [2023-12-21T16:41:34.784+0000] {dag.py:3340} INFO - Setting next_dagrun for example_xcom_args_with_operators to None, run_after=None
[2023-12-21T16:41:34.806+0000] {processor.py:176} INFO - Processing /home/airflow/.local/lib/python3.7/site-packages/airflow/example_dags/example_xcomargs.py took 0.119 seconds
[2023-12-21T16:42:05.406+0000] {processor.py:154} INFO - Started process (PID=776) to work on /home/airflow/.local/lib/python3.7/site-packages/airflow/example_dags/example_xcomargs.py
[2023-12-21T16:42:05.407+0000] {processor.py:756} INFO - Processing file /home/airflow/.local/lib/python3.7/site-packages/airflow/example_dags/example_xcomargs.py for tasks to queue
[2023-12-21T16:42:05.408+0000] {logging_mixin.py:120} INFO - [2023-12-21T16:42:05.408+0000] {dagbag.py:537} INFO - Filling up the DagBag from /home/airflow/.local/lib/python3.7/site-packages/airflow/example_dags/example_xcomargs.py
[2023-12-21T16:42:05.435+0000] {processor.py:766} INFO - DAG(s) dict_keys(['example_xcom_args', 'example_xcom_args_with_operators']) retrieved from /home/airflow/.local/lib/python3.7/site-packages/airflow/example_dags/example_xcomargs.py
[2023-12-21T16:42:05.481+0000] {logging_mixin.py:120} INFO - [2023-12-21T16:42:05.480+0000] {dag.py:2585} INFO - Sync 2 DAGs
[2023-12-21T16:42:05.503+0000] {logging_mixin.py:120} INFO - [2023-12-21T16:42:05.503+0000] {dag.py:3340} INFO - Setting next_dagrun for example_xcom_args to None, run_after=None
[2023-12-21T16:42:05.507+0000] {logging_mixin.py:120} INFO - [2023-12-21T16:42:05.506+0000] {dag.py:3340} INFO - Setting next_dagrun for example_xcom_args_with_operators to None, run_after=None
[2023-12-21T16:42:05.528+0000] {processor.py:176} INFO - Processing /home/airflow/.local/lib/python3.7/site-packages/airflow/example_dags/example_xcomargs.py took 0.125 seconds
[2023-12-21T16:42:36.216+0000] {processor.py:154} INFO - Started process (PID=830) to work on /home/airflow/.local/lib/python3.7/site-packages/airflow/example_dags/example_xcomargs.py
[2023-12-21T16:42:36.217+0000] {processor.py:756} INFO - Processing file /home/airflow/.local/lib/python3.7/site-packages/airflow/example_dags/example_xcomargs.py for tasks to queue
[2023-12-21T16:42:36.218+0000] {logging_mixin.py:120} INFO - [2023-12-21T16:42:36.218+0000] {dagbag.py:537} INFO - Filling up the DagBag from /home/airflow/.local/lib/python3.7/site-packages/airflow/example_dags/example_xcomargs.py
[2023-12-21T16:42:36.246+0000] {processor.py:766} INFO - DAG(s) dict_keys(['example_xcom_args', 'example_xcom_args_with_operators']) retrieved from /home/airflow/.local/lib/python3.7/site-packages/airflow/example_dags/example_xcomargs.py
[2023-12-21T16:42:36.298+0000] {logging_mixin.py:120} INFO - [2023-12-21T16:42:36.297+0000] {dag.py:2585} INFO - Sync 2 DAGs
[2023-12-21T16:42:36.325+0000] {logging_mixin.py:120} INFO - [2023-12-21T16:42:36.324+0000] {dag.py:3340} INFO - Setting next_dagrun for example_xcom_args to None, run_after=None
[2023-12-21T16:42:36.330+0000] {logging_mixin.py:120} INFO - [2023-12-21T16:42:36.330+0000] {dag.py:3340} INFO - Setting next_dagrun for example_xcom_args_with_operators to None, run_after=None
[2023-12-21T16:42:36.359+0000] {processor.py:176} INFO - Processing /home/airflow/.local/lib/python3.7/site-packages/airflow/example_dags/example_xcomargs.py took 0.146 seconds
[2023-12-21T16:43:07.047+0000] {processor.py:154} INFO - Started process (PID=893) to work on /home/airflow/.local/lib/python3.7/site-packages/airflow/example_dags/example_xcomargs.py
[2023-12-21T16:43:07.047+0000] {processor.py:756} INFO - Processing file /home/airflow/.local/lib/python3.7/site-packages/airflow/example_dags/example_xcomargs.py for tasks to queue
[2023-12-21T16:43:07.048+0000] {logging_mixin.py:120} INFO - [2023-12-21T16:43:07.048+0000] {dagbag.py:537} INFO - Filling up the DagBag from /home/airflow/.local/lib/python3.7/site-packages/airflow/example_dags/example_xcomargs.py
[2023-12-21T16:43:07.079+0000] {processor.py:766} INFO - DAG(s) dict_keys(['example_xcom_args_with_operators', 'example_xcom_args']) retrieved from /home/airflow/.local/lib/python3.7/site-packages/airflow/example_dags/example_xcomargs.py
[2023-12-21T16:43:07.129+0000] {logging_mixin.py:120} INFO - [2023-12-21T16:43:07.128+0000] {dag.py:2585} INFO - Sync 2 DAGs
[2023-12-21T16:43:07.157+0000] {logging_mixin.py:120} INFO - [2023-12-21T16:43:07.157+0000] {dag.py:3340} INFO - Setting next_dagrun for example_xcom_args to None, run_after=None
[2023-12-21T16:43:07.161+0000] {logging_mixin.py:120} INFO - [2023-12-21T16:43:07.161+0000] {dag.py:3340} INFO - Setting next_dagrun for example_xcom_args_with_operators to None, run_after=None
[2023-12-21T16:43:07.181+0000] {processor.py:176} INFO - Processing /home/airflow/.local/lib/python3.7/site-packages/airflow/example_dags/example_xcomargs.py took 0.138 seconds
[2023-12-21T16:43:37.558+0000] {processor.py:154} INFO - Started process (PID=956) to work on /home/airflow/.local/lib/python3.7/site-packages/airflow/example_dags/example_xcomargs.py
[2023-12-21T16:43:37.559+0000] {processor.py:756} INFO - Processing file /home/airflow/.local/lib/python3.7/site-packages/airflow/example_dags/example_xcomargs.py for tasks to queue
[2023-12-21T16:43:37.559+0000] {logging_mixin.py:120} INFO - [2023-12-21T16:43:37.559+0000] {dagbag.py:537} INFO - Filling up the DagBag from /home/airflow/.local/lib/python3.7/site-packages/airflow/example_dags/example_xcomargs.py
[2023-12-21T16:43:37.579+0000] {processor.py:766} INFO - DAG(s) dict_keys(['example_xcom_args', 'example_xcom_args_with_operators']) retrieved from /home/airflow/.local/lib/python3.7/site-packages/airflow/example_dags/example_xcomargs.py
[2023-12-21T16:43:37.626+0000] {logging_mixin.py:120} INFO - [2023-12-21T16:43:37.626+0000] {dag.py:2585} INFO - Sync 2 DAGs
[2023-12-21T16:43:37.655+0000] {logging_mixin.py:120} INFO - [2023-12-21T16:43:37.655+0000] {dag.py:3340} INFO - Setting next_dagrun for example_xcom_args to None, run_after=None
[2023-12-21T16:43:37.658+0000] {logging_mixin.py:120} INFO - [2023-12-21T16:43:37.658+0000] {dag.py:3340} INFO - Setting next_dagrun for example_xcom_args_with_operators to None, run_after=None
[2023-12-21T16:43:37.678+0000] {processor.py:176} INFO - Processing /home/airflow/.local/lib/python3.7/site-packages/airflow/example_dags/example_xcomargs.py took 0.123 seconds
[2023-12-21T16:44:08.248+0000] {processor.py:154} INFO - Started process (PID=1019) to work on /home/airflow/.local/lib/python3.7/site-packages/airflow/example_dags/example_xcomargs.py
[2023-12-21T16:44:08.249+0000] {processor.py:756} INFO - Processing file /home/airflow/.local/lib/python3.7/site-packages/airflow/example_dags/example_xcomargs.py for tasks to queue
[2023-12-21T16:44:08.250+0000] {logging_mixin.py:120} INFO - [2023-12-21T16:44:08.250+0000] {dagbag.py:537} INFO - Filling up the DagBag from /home/airflow/.local/lib/python3.7/site-packages/airflow/example_dags/example_xcomargs.py
[2023-12-21T16:44:08.278+0000] {processor.py:766} INFO - DAG(s) dict_keys(['example_xcom_args', 'example_xcom_args_with_operators']) retrieved from /home/airflow/.local/lib/python3.7/site-packages/airflow/example_dags/example_xcomargs.py
[2023-12-21T16:44:08.337+0000] {logging_mixin.py:120} INFO - [2023-12-21T16:44:08.337+0000] {dag.py:2585} INFO - Sync 2 DAGs
[2023-12-21T16:44:08.369+0000] {logging_mixin.py:120} INFO - [2023-12-21T16:44:08.369+0000] {dag.py:3340} INFO - Setting next_dagrun for example_xcom_args to None, run_after=None
[2023-12-21T16:44:08.381+0000] {logging_mixin.py:120} INFO - [2023-12-21T16:44:08.381+0000] {dag.py:3340} INFO - Setting next_dagrun for example_xcom_args_with_operators to None, run_after=None
[2023-12-21T16:44:08.411+0000] {processor.py:176} INFO - Processing /home/airflow/.local/lib/python3.7/site-packages/airflow/example_dags/example_xcomargs.py took 0.166 seconds
[2023-12-21T16:44:38.982+0000] {processor.py:154} INFO - Started process (PID=1073) to work on /home/airflow/.local/lib/python3.7/site-packages/airflow/example_dags/example_xcomargs.py
[2023-12-21T16:44:38.983+0000] {processor.py:756} INFO - Processing file /home/airflow/.local/lib/python3.7/site-packages/airflow/example_dags/example_xcomargs.py for tasks to queue
[2023-12-21T16:44:38.984+0000] {logging_mixin.py:120} INFO - [2023-12-21T16:44:38.983+0000] {dagbag.py:537} INFO - Filling up the DagBag from /home/airflow/.local/lib/python3.7/site-packages/airflow/example_dags/example_xcomargs.py
[2023-12-21T16:44:39.005+0000] {processor.py:766} INFO - DAG(s) dict_keys(['example_xcom_args', 'example_xcom_args_with_operators']) retrieved from /home/airflow/.local/lib/python3.7/site-packages/airflow/example_dags/example_xcomargs.py
[2023-12-21T16:44:39.050+0000] {logging_mixin.py:120} INFO - [2023-12-21T16:44:39.050+0000] {dag.py:2585} INFO - Sync 2 DAGs
[2023-12-21T16:44:39.080+0000] {logging_mixin.py:120} INFO - [2023-12-21T16:44:39.080+0000] {dag.py:3340} INFO - Setting next_dagrun for example_xcom_args to None, run_after=None
[2023-12-21T16:44:39.086+0000] {logging_mixin.py:120} INFO - [2023-12-21T16:44:39.085+0000] {dag.py:3340} INFO - Setting next_dagrun for example_xcom_args_with_operators to None, run_after=None
[2023-12-21T16:44:39.107+0000] {processor.py:176} INFO - Processing /home/airflow/.local/lib/python3.7/site-packages/airflow/example_dags/example_xcomargs.py took 0.127 seconds
[2023-12-21T16:45:09.869+0000] {processor.py:154} INFO - Started process (PID=1137) to work on /home/airflow/.local/lib/python3.7/site-packages/airflow/example_dags/example_xcomargs.py
[2023-12-21T16:45:09.870+0000] {processor.py:756} INFO - Processing file /home/airflow/.local/lib/python3.7/site-packages/airflow/example_dags/example_xcomargs.py for tasks to queue
[2023-12-21T16:45:09.870+0000] {logging_mixin.py:120} INFO - [2023-12-21T16:45:09.870+0000] {dagbag.py:537} INFO - Filling up the DagBag from /home/airflow/.local/lib/python3.7/site-packages/airflow/example_dags/example_xcomargs.py
[2023-12-21T16:45:09.890+0000] {processor.py:766} INFO - DAG(s) dict_keys(['example_xcom_args_with_operators', 'example_xcom_args']) retrieved from /home/airflow/.local/lib/python3.7/site-packages/airflow/example_dags/example_xcomargs.py
[2023-12-21T16:45:09.930+0000] {logging_mixin.py:120} INFO - [2023-12-21T16:45:09.930+0000] {dag.py:2585} INFO - Sync 2 DAGs
[2023-12-21T16:45:09.957+0000] {logging_mixin.py:120} INFO - [2023-12-21T16:45:09.957+0000] {dag.py:3340} INFO - Setting next_dagrun for example_xcom_args to None, run_after=None
[2023-12-21T16:45:09.960+0000] {logging_mixin.py:120} INFO - [2023-12-21T16:45:09.960+0000] {dag.py:3340} INFO - Setting next_dagrun for example_xcom_args_with_operators to None, run_after=None
[2023-12-21T16:45:09.984+0000] {processor.py:176} INFO - Processing /home/airflow/.local/lib/python3.7/site-packages/airflow/example_dags/example_xcomargs.py took 0.118 seconds
[2023-12-21T16:45:40.673+0000] {processor.py:154} INFO - Started process (PID=1199) to work on /home/airflow/.local/lib/python3.7/site-packages/airflow/example_dags/example_xcomargs.py
[2023-12-21T16:45:40.674+0000] {processor.py:756} INFO - Processing file /home/airflow/.local/lib/python3.7/site-packages/airflow/example_dags/example_xcomargs.py for tasks to queue
[2023-12-21T16:45:40.675+0000] {logging_mixin.py:120} INFO - [2023-12-21T16:45:40.675+0000] {dagbag.py:537} INFO - Filling up the DagBag from /home/airflow/.local/lib/python3.7/site-packages/airflow/example_dags/example_xcomargs.py
[2023-12-21T16:45:40.700+0000] {processor.py:766} INFO - DAG(s) dict_keys(['example_xcom_args_with_operators', 'example_xcom_args']) retrieved from /home/airflow/.local/lib/python3.7/site-packages/airflow/example_dags/example_xcomargs.py
[2023-12-21T16:45:40.754+0000] {logging_mixin.py:120} INFO - [2023-12-21T16:45:40.753+0000] {dag.py:2585} INFO - Sync 2 DAGs
[2023-12-21T16:45:40.784+0000] {logging_mixin.py:120} INFO - [2023-12-21T16:45:40.783+0000] {dag.py:3340} INFO - Setting next_dagrun for example_xcom_args to None, run_after=None
[2023-12-21T16:45:40.787+0000] {logging_mixin.py:120} INFO - [2023-12-21T16:45:40.787+0000] {dag.py:3340} INFO - Setting next_dagrun for example_xcom_args_with_operators to None, run_after=None
[2023-12-21T16:45:40.809+0000] {processor.py:176} INFO - Processing /home/airflow/.local/lib/python3.7/site-packages/airflow/example_dags/example_xcomargs.py took 0.139 seconds
[2023-12-21T16:46:11.407+0000] {processor.py:154} INFO - Started process (PID=1260) to work on /home/airflow/.local/lib/python3.7/site-packages/airflow/example_dags/example_xcomargs.py
[2023-12-21T16:46:11.408+0000] {processor.py:756} INFO - Processing file /home/airflow/.local/lib/python3.7/site-packages/airflow/example_dags/example_xcomargs.py for tasks to queue
[2023-12-21T16:46:11.409+0000] {logging_mixin.py:120} INFO - [2023-12-21T16:46:11.408+0000] {dagbag.py:537} INFO - Filling up the DagBag from /home/airflow/.local/lib/python3.7/site-packages/airflow/example_dags/example_xcomargs.py
[2023-12-21T16:46:11.438+0000] {processor.py:766} INFO - DAG(s) dict_keys(['example_xcom_args_with_operators', 'example_xcom_args']) retrieved from /home/airflow/.local/lib/python3.7/site-packages/airflow/example_dags/example_xcomargs.py
[2023-12-21T16:46:11.490+0000] {logging_mixin.py:120} INFO - [2023-12-21T16:46:11.490+0000] {dag.py:2585} INFO - Sync 2 DAGs
[2023-12-21T16:46:11.523+0000] {logging_mixin.py:120} INFO - [2023-12-21T16:46:11.523+0000] {dag.py:3340} INFO - Setting next_dagrun for example_xcom_args to None, run_after=None
[2023-12-21T16:46:11.527+0000] {logging_mixin.py:120} INFO - [2023-12-21T16:46:11.527+0000] {dag.py:3340} INFO - Setting next_dagrun for example_xcom_args_with_operators to None, run_after=None
[2023-12-21T16:46:11.551+0000] {processor.py:176} INFO - Processing /home/airflow/.local/lib/python3.7/site-packages/airflow/example_dags/example_xcomargs.py took 0.147 seconds
[2023-12-21T16:46:42.017+0000] {processor.py:154} INFO - Started process (PID=1316) to work on /home/airflow/.local/lib/python3.7/site-packages/airflow/example_dags/example_xcomargs.py
[2023-12-21T16:46:42.018+0000] {processor.py:756} INFO - Processing file /home/airflow/.local/lib/python3.7/site-packages/airflow/example_dags/example_xcomargs.py for tasks to queue
[2023-12-21T16:46:42.019+0000] {logging_mixin.py:120} INFO - [2023-12-21T16:46:42.018+0000] {dagbag.py:537} INFO - Filling up the DagBag from /home/airflow/.local/lib/python3.7/site-packages/airflow/example_dags/example_xcomargs.py
[2023-12-21T16:46:42.039+0000] {processor.py:766} INFO - DAG(s) dict_keys(['example_xcom_args_with_operators', 'example_xcom_args']) retrieved from /home/airflow/.local/lib/python3.7/site-packages/airflow/example_dags/example_xcomargs.py
[2023-12-21T16:46:42.077+0000] {logging_mixin.py:120} INFO - [2023-12-21T16:46:42.077+0000] {dag.py:2585} INFO - Sync 2 DAGs
[2023-12-21T16:46:42.103+0000] {logging_mixin.py:120} INFO - [2023-12-21T16:46:42.103+0000] {dag.py:3340} INFO - Setting next_dagrun for example_xcom_args to None, run_after=None
[2023-12-21T16:46:42.106+0000] {logging_mixin.py:120} INFO - [2023-12-21T16:46:42.106+0000] {dag.py:3340} INFO - Setting next_dagrun for example_xcom_args_with_operators to None, run_after=None
[2023-12-21T16:46:42.128+0000] {processor.py:176} INFO - Processing /home/airflow/.local/lib/python3.7/site-packages/airflow/example_dags/example_xcomargs.py took 0.113 seconds
[2023-12-21T16:47:12.161+0000] {processor.py:154} INFO - Started process (PID=1378) to work on /home/airflow/.local/lib/python3.7/site-packages/airflow/example_dags/example_xcomargs.py
[2023-12-21T16:47:12.162+0000] {processor.py:756} INFO - Processing file /home/airflow/.local/lib/python3.7/site-packages/airflow/example_dags/example_xcomargs.py for tasks to queue
[2023-12-21T16:47:12.162+0000] {logging_mixin.py:120} INFO - [2023-12-21T16:47:12.162+0000] {dagbag.py:537} INFO - Filling up the DagBag from /home/airflow/.local/lib/python3.7/site-packages/airflow/example_dags/example_xcomargs.py
[2023-12-21T16:47:12.182+0000] {processor.py:766} INFO - DAG(s) dict_keys(['example_xcom_args', 'example_xcom_args_with_operators']) retrieved from /home/airflow/.local/lib/python3.7/site-packages/airflow/example_dags/example_xcomargs.py
[2023-12-21T16:47:12.222+0000] {logging_mixin.py:120} INFO - [2023-12-21T16:47:12.222+0000] {dag.py:2585} INFO - Sync 2 DAGs
[2023-12-21T16:47:12.245+0000] {logging_mixin.py:120} INFO - [2023-12-21T16:47:12.244+0000] {dag.py:3340} INFO - Setting next_dagrun for example_xcom_args to None, run_after=None
[2023-12-21T16:47:12.247+0000] {logging_mixin.py:120} INFO - [2023-12-21T16:47:12.247+0000] {dag.py:3340} INFO - Setting next_dagrun for example_xcom_args_with_operators to None, run_after=None
[2023-12-21T16:47:12.268+0000] {processor.py:176} INFO - Processing /home/airflow/.local/lib/python3.7/site-packages/airflow/example_dags/example_xcomargs.py took 0.109 seconds
[2023-12-21T16:47:42.339+0000] {processor.py:154} INFO - Started process (PID=1439) to work on /home/airflow/.local/lib/python3.7/site-packages/airflow/example_dags/example_xcomargs.py
[2023-12-21T16:47:42.340+0000] {processor.py:756} INFO - Processing file /home/airflow/.local/lib/python3.7/site-packages/airflow/example_dags/example_xcomargs.py for tasks to queue
[2023-12-21T16:47:42.340+0000] {logging_mixin.py:120} INFO - [2023-12-21T16:47:42.340+0000] {dagbag.py:537} INFO - Filling up the DagBag from /home/airflow/.local/lib/python3.7/site-packages/airflow/example_dags/example_xcomargs.py
[2023-12-21T16:47:42.374+0000] {processor.py:766} INFO - DAG(s) dict_keys(['example_xcom_args_with_operators', 'example_xcom_args']) retrieved from /home/airflow/.local/lib/python3.7/site-packages/airflow/example_dags/example_xcomargs.py
[2023-12-21T16:47:42.439+0000] {logging_mixin.py:120} INFO - [2023-12-21T16:47:42.439+0000] {dag.py:2585} INFO - Sync 2 DAGs
[2023-12-21T16:47:42.470+0000] {logging_mixin.py:120} INFO - [2023-12-21T16:47:42.470+0000] {dag.py:3340} INFO - Setting next_dagrun for example_xcom_args to None, run_after=None
[2023-12-21T16:47:42.475+0000] {logging_mixin.py:120} INFO - [2023-12-21T16:47:42.475+0000] {dag.py:3340} INFO - Setting next_dagrun for example_xcom_args_with_operators to None, run_after=None
[2023-12-21T16:47:42.501+0000] {processor.py:176} INFO - Processing /home/airflow/.local/lib/python3.7/site-packages/airflow/example_dags/example_xcomargs.py took 0.166 seconds
