[2023-12-21T16:36:03.065+0000] {processor.py:154} INFO - Started process (PID=68) to work on /home/airflow/.local/lib/python3.7/site-packages/airflow/example_dags/example_skip_dag.py
[2023-12-21T16:36:03.066+0000] {processor.py:756} INFO - Processing file /home/airflow/.local/lib/python3.7/site-packages/airflow/example_dags/example_skip_dag.py for tasks to queue
[2023-12-21T16:36:03.067+0000] {logging_mixin.py:120} INFO - [2023-12-21T16:36:03.067+0000] {dagbag.py:537} INFO - Filling up the DagBag from /home/airflow/.local/lib/python3.7/site-packages/airflow/example_dags/example_skip_dag.py
[2023-12-21T16:36:03.100+0000] {processor.py:766} INFO - DAG(s) dict_keys(['example_skip_dag']) retrieved from /home/airflow/.local/lib/python3.7/site-packages/airflow/example_dags/example_skip_dag.py
[2023-12-21T16:36:03.389+0000] {logging_mixin.py:120} INFO - [2023-12-21T16:36:03.389+0000] {manager.py:507} INFO - Created Permission View: can read on DAG:example_skip_dag
[2023-12-21T16:36:03.408+0000] {logging_mixin.py:120} INFO - [2023-12-21T16:36:03.408+0000] {manager.py:507} INFO - Created Permission View: can delete on DAG:example_skip_dag
[2023-12-21T16:36:03.425+0000] {logging_mixin.py:120} INFO - [2023-12-21T16:36:03.425+0000] {manager.py:507} INFO - Created Permission View: can edit on DAG:example_skip_dag
[2023-12-21T16:36:03.426+0000] {logging_mixin.py:120} INFO - [2023-12-21T16:36:03.425+0000] {dag.py:2585} INFO - Sync 1 DAGs
[2023-12-21T16:36:03.447+0000] {logging_mixin.py:120} INFO - [2023-12-21T16:36:03.447+0000] {dag.py:2606} INFO - Creating ORM DAG for example_skip_dag
[2023-12-21T16:36:03.463+0000] {logging_mixin.py:120} INFO - [2023-12-21T16:36:03.463+0000] {dag.py:3340} INFO - Setting next_dagrun for example_skip_dag to 2023-12-20T16:36:03.463111+00:00, run_after=2023-12-21T16:36:03.463111+00:00
[2023-12-21T16:36:03.502+0000] {processor.py:176} INFO - Processing /home/airflow/.local/lib/python3.7/site-packages/airflow/example_dags/example_skip_dag.py took 0.444 seconds
[2023-12-21T16:36:33.600+0000] {processor.py:154} INFO - Started process (PID=131) to work on /home/airflow/.local/lib/python3.7/site-packages/airflow/example_dags/example_skip_dag.py
[2023-12-21T16:36:33.601+0000] {processor.py:756} INFO - Processing file /home/airflow/.local/lib/python3.7/site-packages/airflow/example_dags/example_skip_dag.py for tasks to queue
[2023-12-21T16:36:33.601+0000] {logging_mixin.py:120} INFO - [2023-12-21T16:36:33.601+0000] {dagbag.py:537} INFO - Filling up the DagBag from /home/airflow/.local/lib/python3.7/site-packages/airflow/example_dags/example_skip_dag.py
[2023-12-21T16:36:33.612+0000] {processor.py:766} INFO - DAG(s) dict_keys(['example_skip_dag']) retrieved from /home/airflow/.local/lib/python3.7/site-packages/airflow/example_dags/example_skip_dag.py
[2023-12-21T16:36:33.644+0000] {logging_mixin.py:120} INFO - [2023-12-21T16:36:33.644+0000] {dag.py:2585} INFO - Sync 1 DAGs
[2023-12-21T16:36:33.663+0000] {logging_mixin.py:120} INFO - [2023-12-21T16:36:33.663+0000] {dag.py:3340} INFO - Setting next_dagrun for example_skip_dag to 2023-12-20T16:36:33.663272+00:00, run_after=2023-12-21T16:36:33.663272+00:00
[2023-12-21T16:36:33.683+0000] {processor.py:176} INFO - Processing /home/airflow/.local/lib/python3.7/site-packages/airflow/example_dags/example_skip_dag.py took 0.086 seconds
[2023-12-21T16:37:04.329+0000] {processor.py:154} INFO - Started process (PID=195) to work on /home/airflow/.local/lib/python3.7/site-packages/airflow/example_dags/example_skip_dag.py
[2023-12-21T16:37:04.330+0000] {processor.py:756} INFO - Processing file /home/airflow/.local/lib/python3.7/site-packages/airflow/example_dags/example_skip_dag.py for tasks to queue
[2023-12-21T16:37:04.331+0000] {logging_mixin.py:120} INFO - [2023-12-21T16:37:04.331+0000] {dagbag.py:537} INFO - Filling up the DagBag from /home/airflow/.local/lib/python3.7/site-packages/airflow/example_dags/example_skip_dag.py
[2023-12-21T16:37:04.347+0000] {processor.py:766} INFO - DAG(s) dict_keys(['example_skip_dag']) retrieved from /home/airflow/.local/lib/python3.7/site-packages/airflow/example_dags/example_skip_dag.py
[2023-12-21T16:37:04.391+0000] {logging_mixin.py:120} INFO - [2023-12-21T16:37:04.391+0000] {dag.py:2585} INFO - Sync 1 DAGs
[2023-12-21T16:37:04.423+0000] {logging_mixin.py:120} INFO - [2023-12-21T16:37:04.422+0000] {dag.py:3340} INFO - Setting next_dagrun for example_skip_dag to 2023-12-20T16:37:04.422664+00:00, run_after=2023-12-21T16:37:04.422664+00:00
[2023-12-21T16:37:04.449+0000] {processor.py:176} INFO - Processing /home/airflow/.local/lib/python3.7/site-packages/airflow/example_dags/example_skip_dag.py took 0.122 seconds
[2023-12-21T16:37:35.030+0000] {processor.py:154} INFO - Started process (PID=249) to work on /home/airflow/.local/lib/python3.7/site-packages/airflow/example_dags/example_skip_dag.py
[2023-12-21T16:37:35.031+0000] {processor.py:756} INFO - Processing file /home/airflow/.local/lib/python3.7/site-packages/airflow/example_dags/example_skip_dag.py for tasks to queue
[2023-12-21T16:37:35.031+0000] {logging_mixin.py:120} INFO - [2023-12-21T16:37:35.031+0000] {dagbag.py:537} INFO - Filling up the DagBag from /home/airflow/.local/lib/python3.7/site-packages/airflow/example_dags/example_skip_dag.py
[2023-12-21T16:37:35.048+0000] {processor.py:766} INFO - DAG(s) dict_keys(['example_skip_dag']) retrieved from /home/airflow/.local/lib/python3.7/site-packages/airflow/example_dags/example_skip_dag.py
[2023-12-21T16:37:35.087+0000] {logging_mixin.py:120} INFO - [2023-12-21T16:37:35.087+0000] {dag.py:2585} INFO - Sync 1 DAGs
[2023-12-21T16:37:35.108+0000] {logging_mixin.py:120} INFO - [2023-12-21T16:37:35.108+0000] {dag.py:3340} INFO - Setting next_dagrun for example_skip_dag to 2023-12-20T16:37:35.108605+00:00, run_after=2023-12-21T16:37:35.108605+00:00
[2023-12-21T16:37:35.130+0000] {processor.py:176} INFO - Processing /home/airflow/.local/lib/python3.7/site-packages/airflow/example_dags/example_skip_dag.py took 0.103 seconds
[2023-12-21T16:38:05.839+0000] {processor.py:154} INFO - Started process (PID=313) to work on /home/airflow/.local/lib/python3.7/site-packages/airflow/example_dags/example_skip_dag.py
[2023-12-21T16:38:05.840+0000] {processor.py:756} INFO - Processing file /home/airflow/.local/lib/python3.7/site-packages/airflow/example_dags/example_skip_dag.py for tasks to queue
[2023-12-21T16:38:05.840+0000] {logging_mixin.py:120} INFO - [2023-12-21T16:38:05.840+0000] {dagbag.py:537} INFO - Filling up the DagBag from /home/airflow/.local/lib/python3.7/site-packages/airflow/example_dags/example_skip_dag.py
[2023-12-21T16:38:05.852+0000] {processor.py:766} INFO - DAG(s) dict_keys(['example_skip_dag']) retrieved from /home/airflow/.local/lib/python3.7/site-packages/airflow/example_dags/example_skip_dag.py
[2023-12-21T16:38:05.886+0000] {logging_mixin.py:120} INFO - [2023-12-21T16:38:05.885+0000] {dag.py:2585} INFO - Sync 1 DAGs
[2023-12-21T16:38:05.907+0000] {logging_mixin.py:120} INFO - [2023-12-21T16:38:05.907+0000] {dag.py:3340} INFO - Setting next_dagrun for example_skip_dag to 2023-12-20T16:38:05.907032+00:00, run_after=2023-12-21T16:38:05.907032+00:00
[2023-12-21T16:38:05.928+0000] {processor.py:176} INFO - Processing /home/airflow/.local/lib/python3.7/site-packages/airflow/example_dags/example_skip_dag.py took 0.092 seconds
[2023-12-21T16:38:36.431+0000] {processor.py:154} INFO - Started process (PID=376) to work on /home/airflow/.local/lib/python3.7/site-packages/airflow/example_dags/example_skip_dag.py
[2023-12-21T16:38:36.432+0000] {processor.py:756} INFO - Processing file /home/airflow/.local/lib/python3.7/site-packages/airflow/example_dags/example_skip_dag.py for tasks to queue
[2023-12-21T16:38:36.433+0000] {logging_mixin.py:120} INFO - [2023-12-21T16:38:36.433+0000] {dagbag.py:537} INFO - Filling up the DagBag from /home/airflow/.local/lib/python3.7/site-packages/airflow/example_dags/example_skip_dag.py
[2023-12-21T16:38:36.453+0000] {processor.py:766} INFO - DAG(s) dict_keys(['example_skip_dag']) retrieved from /home/airflow/.local/lib/python3.7/site-packages/airflow/example_dags/example_skip_dag.py
[2023-12-21T16:38:36.503+0000] {logging_mixin.py:120} INFO - [2023-12-21T16:38:36.503+0000] {dag.py:2585} INFO - Sync 1 DAGs
[2023-12-21T16:38:36.536+0000] {logging_mixin.py:120} INFO - [2023-12-21T16:38:36.536+0000] {dag.py:3340} INFO - Setting next_dagrun for example_skip_dag to 2023-12-20T16:38:36.535854+00:00, run_after=2023-12-21T16:38:36.535854+00:00
[2023-12-21T16:38:36.567+0000] {processor.py:176} INFO - Processing /home/airflow/.local/lib/python3.7/site-packages/airflow/example_dags/example_skip_dag.py took 0.140 seconds
[2023-12-21T16:39:07.042+0000] {processor.py:154} INFO - Started process (PID=439) to work on /home/airflow/.local/lib/python3.7/site-packages/airflow/example_dags/example_skip_dag.py
[2023-12-21T16:39:07.043+0000] {processor.py:756} INFO - Processing file /home/airflow/.local/lib/python3.7/site-packages/airflow/example_dags/example_skip_dag.py for tasks to queue
[2023-12-21T16:39:07.044+0000] {logging_mixin.py:120} INFO - [2023-12-21T16:39:07.044+0000] {dagbag.py:537} INFO - Filling up the DagBag from /home/airflow/.local/lib/python3.7/site-packages/airflow/example_dags/example_skip_dag.py
[2023-12-21T16:39:07.059+0000] {processor.py:766} INFO - DAG(s) dict_keys(['example_skip_dag']) retrieved from /home/airflow/.local/lib/python3.7/site-packages/airflow/example_dags/example_skip_dag.py
[2023-12-21T16:39:07.114+0000] {logging_mixin.py:120} INFO - [2023-12-21T16:39:07.114+0000] {dag.py:2585} INFO - Sync 1 DAGs
[2023-12-21T16:39:07.147+0000] {logging_mixin.py:120} INFO - [2023-12-21T16:39:07.147+0000] {dag.py:3340} INFO - Setting next_dagrun for example_skip_dag to 2023-12-20T16:39:07.146792+00:00, run_after=2023-12-21T16:39:07.146792+00:00
[2023-12-21T16:39:07.168+0000] {processor.py:176} INFO - Processing /home/airflow/.local/lib/python3.7/site-packages/airflow/example_dags/example_skip_dag.py took 0.130 seconds
[2023-12-21T16:39:37.866+0000] {processor.py:154} INFO - Started process (PID=493) to work on /home/airflow/.local/lib/python3.7/site-packages/airflow/example_dags/example_skip_dag.py
[2023-12-21T16:39:37.867+0000] {processor.py:756} INFO - Processing file /home/airflow/.local/lib/python3.7/site-packages/airflow/example_dags/example_skip_dag.py for tasks to queue
[2023-12-21T16:39:37.867+0000] {logging_mixin.py:120} INFO - [2023-12-21T16:39:37.867+0000] {dagbag.py:537} INFO - Filling up the DagBag from /home/airflow/.local/lib/python3.7/site-packages/airflow/example_dags/example_skip_dag.py
[2023-12-21T16:39:37.880+0000] {processor.py:766} INFO - DAG(s) dict_keys(['example_skip_dag']) retrieved from /home/airflow/.local/lib/python3.7/site-packages/airflow/example_dags/example_skip_dag.py
[2023-12-21T16:39:37.921+0000] {logging_mixin.py:120} INFO - [2023-12-21T16:39:37.921+0000] {dag.py:2585} INFO - Sync 1 DAGs
[2023-12-21T16:39:37.953+0000] {logging_mixin.py:120} INFO - [2023-12-21T16:39:37.953+0000] {dag.py:3340} INFO - Setting next_dagrun for example_skip_dag to 2023-12-20T16:39:37.953149+00:00, run_after=2023-12-21T16:39:37.953149+00:00
[2023-12-21T16:39:37.979+0000] {processor.py:176} INFO - Processing /home/airflow/.local/lib/python3.7/site-packages/airflow/example_dags/example_skip_dag.py took 0.116 seconds
[2023-12-21T16:40:08.409+0000] {processor.py:154} INFO - Started process (PID=556) to work on /home/airflow/.local/lib/python3.7/site-packages/airflow/example_dags/example_skip_dag.py
[2023-12-21T16:40:08.410+0000] {processor.py:756} INFO - Processing file /home/airflow/.local/lib/python3.7/site-packages/airflow/example_dags/example_skip_dag.py for tasks to queue
[2023-12-21T16:40:08.410+0000] {logging_mixin.py:120} INFO - [2023-12-21T16:40:08.410+0000] {dagbag.py:537} INFO - Filling up the DagBag from /home/airflow/.local/lib/python3.7/site-packages/airflow/example_dags/example_skip_dag.py
[2023-12-21T16:40:08.422+0000] {processor.py:766} INFO - DAG(s) dict_keys(['example_skip_dag']) retrieved from /home/airflow/.local/lib/python3.7/site-packages/airflow/example_dags/example_skip_dag.py
[2023-12-21T16:40:08.455+0000] {logging_mixin.py:120} INFO - [2023-12-21T16:40:08.455+0000] {dag.py:2585} INFO - Sync 1 DAGs
[2023-12-21T16:40:08.476+0000] {logging_mixin.py:120} INFO - [2023-12-21T16:40:08.476+0000] {dag.py:3340} INFO - Setting next_dagrun for example_skip_dag to 2023-12-20T16:40:08.475903+00:00, run_after=2023-12-21T16:40:08.475903+00:00
[2023-12-21T16:40:08.496+0000] {processor.py:176} INFO - Processing /home/airflow/.local/lib/python3.7/site-packages/airflow/example_dags/example_skip_dag.py took 0.089 seconds
[2023-12-21T16:40:39.207+0000] {processor.py:154} INFO - Started process (PID=619) to work on /home/airflow/.local/lib/python3.7/site-packages/airflow/example_dags/example_skip_dag.py
[2023-12-21T16:40:39.207+0000] {processor.py:756} INFO - Processing file /home/airflow/.local/lib/python3.7/site-packages/airflow/example_dags/example_skip_dag.py for tasks to queue
[2023-12-21T16:40:39.208+0000] {logging_mixin.py:120} INFO - [2023-12-21T16:40:39.208+0000] {dagbag.py:537} INFO - Filling up the DagBag from /home/airflow/.local/lib/python3.7/site-packages/airflow/example_dags/example_skip_dag.py
[2023-12-21T16:40:39.219+0000] {processor.py:766} INFO - DAG(s) dict_keys(['example_skip_dag']) retrieved from /home/airflow/.local/lib/python3.7/site-packages/airflow/example_dags/example_skip_dag.py
[2023-12-21T16:40:39.251+0000] {logging_mixin.py:120} INFO - [2023-12-21T16:40:39.251+0000] {dag.py:2585} INFO - Sync 1 DAGs
[2023-12-21T16:40:39.270+0000] {logging_mixin.py:120} INFO - [2023-12-21T16:40:39.270+0000] {dag.py:3340} INFO - Setting next_dagrun for example_skip_dag to 2023-12-20T16:40:39.269955+00:00, run_after=2023-12-21T16:40:39.269955+00:00
[2023-12-21T16:40:39.292+0000] {processor.py:176} INFO - Processing /home/airflow/.local/lib/python3.7/site-packages/airflow/example_dags/example_skip_dag.py took 0.088 seconds
[2023-12-21T16:41:09.883+0000] {processor.py:154} INFO - Started process (PID=682) to work on /home/airflow/.local/lib/python3.7/site-packages/airflow/example_dags/example_skip_dag.py
[2023-12-21T16:41:09.884+0000] {processor.py:756} INFO - Processing file /home/airflow/.local/lib/python3.7/site-packages/airflow/example_dags/example_skip_dag.py for tasks to queue
[2023-12-21T16:41:09.884+0000] {logging_mixin.py:120} INFO - [2023-12-21T16:41:09.884+0000] {dagbag.py:537} INFO - Filling up the DagBag from /home/airflow/.local/lib/python3.7/site-packages/airflow/example_dags/example_skip_dag.py
[2023-12-21T16:41:09.899+0000] {processor.py:766} INFO - DAG(s) dict_keys(['example_skip_dag']) retrieved from /home/airflow/.local/lib/python3.7/site-packages/airflow/example_dags/example_skip_dag.py
[2023-12-21T16:41:09.932+0000] {logging_mixin.py:120} INFO - [2023-12-21T16:41:09.932+0000] {dag.py:2585} INFO - Sync 1 DAGs
[2023-12-21T16:41:09.954+0000] {logging_mixin.py:120} INFO - [2023-12-21T16:41:09.954+0000] {dag.py:3340} INFO - Setting next_dagrun for example_skip_dag to 2023-12-20T16:41:09.953913+00:00, run_after=2023-12-21T16:41:09.953913+00:00
[2023-12-21T16:41:09.975+0000] {processor.py:176} INFO - Processing /home/airflow/.local/lib/python3.7/site-packages/airflow/example_dags/example_skip_dag.py took 0.096 seconds
[2023-12-21T16:41:40.485+0000] {processor.py:154} INFO - Started process (PID=736) to work on /home/airflow/.local/lib/python3.7/site-packages/airflow/example_dags/example_skip_dag.py
[2023-12-21T16:41:40.485+0000] {processor.py:756} INFO - Processing file /home/airflow/.local/lib/python3.7/site-packages/airflow/example_dags/example_skip_dag.py for tasks to queue
[2023-12-21T16:41:40.486+0000] {logging_mixin.py:120} INFO - [2023-12-21T16:41:40.486+0000] {dagbag.py:537} INFO - Filling up the DagBag from /home/airflow/.local/lib/python3.7/site-packages/airflow/example_dags/example_skip_dag.py
[2023-12-21T16:41:40.503+0000] {processor.py:766} INFO - DAG(s) dict_keys(['example_skip_dag']) retrieved from /home/airflow/.local/lib/python3.7/site-packages/airflow/example_dags/example_skip_dag.py
[2023-12-21T16:41:40.544+0000] {logging_mixin.py:120} INFO - [2023-12-21T16:41:40.543+0000] {dag.py:2585} INFO - Sync 1 DAGs
[2023-12-21T16:41:40.564+0000] {logging_mixin.py:120} INFO - [2023-12-21T16:41:40.564+0000] {dag.py:3340} INFO - Setting next_dagrun for example_skip_dag to 2023-12-20T16:41:40.564368+00:00, run_after=2023-12-21T16:41:40.564368+00:00
[2023-12-21T16:41:40.585+0000] {processor.py:176} INFO - Processing /home/airflow/.local/lib/python3.7/site-packages/airflow/example_dags/example_skip_dag.py took 0.103 seconds
[2023-12-21T16:42:11.387+0000] {processor.py:154} INFO - Started process (PID=800) to work on /home/airflow/.local/lib/python3.7/site-packages/airflow/example_dags/example_skip_dag.py
[2023-12-21T16:42:11.388+0000] {processor.py:756} INFO - Processing file /home/airflow/.local/lib/python3.7/site-packages/airflow/example_dags/example_skip_dag.py for tasks to queue
[2023-12-21T16:42:11.389+0000] {logging_mixin.py:120} INFO - [2023-12-21T16:42:11.388+0000] {dagbag.py:537} INFO - Filling up the DagBag from /home/airflow/.local/lib/python3.7/site-packages/airflow/example_dags/example_skip_dag.py
[2023-12-21T16:42:11.401+0000] {processor.py:766} INFO - DAG(s) dict_keys(['example_skip_dag']) retrieved from /home/airflow/.local/lib/python3.7/site-packages/airflow/example_dags/example_skip_dag.py
[2023-12-21T16:42:11.436+0000] {logging_mixin.py:120} INFO - [2023-12-21T16:42:11.436+0000] {dag.py:2585} INFO - Sync 1 DAGs
[2023-12-21T16:42:11.456+0000] {logging_mixin.py:120} INFO - [2023-12-21T16:42:11.456+0000] {dag.py:3340} INFO - Setting next_dagrun for example_skip_dag to 2023-12-20T16:42:11.455897+00:00, run_after=2023-12-21T16:42:11.455897+00:00
[2023-12-21T16:42:11.477+0000] {processor.py:176} INFO - Processing /home/airflow/.local/lib/python3.7/site-packages/airflow/example_dags/example_skip_dag.py took 0.092 seconds
[2023-12-21T16:42:42.095+0000] {processor.py:154} INFO - Started process (PID=863) to work on /home/airflow/.local/lib/python3.7/site-packages/airflow/example_dags/example_skip_dag.py
[2023-12-21T16:42:42.096+0000] {processor.py:756} INFO - Processing file /home/airflow/.local/lib/python3.7/site-packages/airflow/example_dags/example_skip_dag.py for tasks to queue
[2023-12-21T16:42:42.097+0000] {logging_mixin.py:120} INFO - [2023-12-21T16:42:42.097+0000] {dagbag.py:537} INFO - Filling up the DagBag from /home/airflow/.local/lib/python3.7/site-packages/airflow/example_dags/example_skip_dag.py
[2023-12-21T16:42:42.110+0000] {processor.py:766} INFO - DAG(s) dict_keys(['example_skip_dag']) retrieved from /home/airflow/.local/lib/python3.7/site-packages/airflow/example_dags/example_skip_dag.py
[2023-12-21T16:42:42.147+0000] {logging_mixin.py:120} INFO - [2023-12-21T16:42:42.147+0000] {dag.py:2585} INFO - Sync 1 DAGs
[2023-12-21T16:42:42.175+0000] {logging_mixin.py:120} INFO - [2023-12-21T16:42:42.175+0000] {dag.py:3340} INFO - Setting next_dagrun for example_skip_dag to 2023-12-20T16:42:42.175364+00:00, run_after=2023-12-21T16:42:42.175364+00:00
[2023-12-21T16:42:42.206+0000] {processor.py:176} INFO - Processing /home/airflow/.local/lib/python3.7/site-packages/airflow/example_dags/example_skip_dag.py took 0.113 seconds
[2023-12-21T16:43:12.819+0000] {processor.py:154} INFO - Started process (PID=926) to work on /home/airflow/.local/lib/python3.7/site-packages/airflow/example_dags/example_skip_dag.py
[2023-12-21T16:43:12.820+0000] {processor.py:756} INFO - Processing file /home/airflow/.local/lib/python3.7/site-packages/airflow/example_dags/example_skip_dag.py for tasks to queue
[2023-12-21T16:43:12.820+0000] {logging_mixin.py:120} INFO - [2023-12-21T16:43:12.820+0000] {dagbag.py:537} INFO - Filling up the DagBag from /home/airflow/.local/lib/python3.7/site-packages/airflow/example_dags/example_skip_dag.py
[2023-12-21T16:43:12.837+0000] {processor.py:766} INFO - DAG(s) dict_keys(['example_skip_dag']) retrieved from /home/airflow/.local/lib/python3.7/site-packages/airflow/example_dags/example_skip_dag.py
[2023-12-21T16:43:12.884+0000] {logging_mixin.py:120} INFO - [2023-12-21T16:43:12.884+0000] {dag.py:2585} INFO - Sync 1 DAGs
[2023-12-21T16:43:12.914+0000] {logging_mixin.py:120} INFO - [2023-12-21T16:43:12.914+0000] {dag.py:3340} INFO - Setting next_dagrun for example_skip_dag to 2023-12-20T16:43:12.914080+00:00, run_after=2023-12-21T16:43:12.914080+00:00
[2023-12-21T16:43:12.938+0000] {processor.py:176} INFO - Processing /home/airflow/.local/lib/python3.7/site-packages/airflow/example_dags/example_skip_dag.py took 0.121 seconds
[2023-12-21T16:43:43.342+0000] {processor.py:154} INFO - Started process (PID=980) to work on /home/airflow/.local/lib/python3.7/site-packages/airflow/example_dags/example_skip_dag.py
[2023-12-21T16:43:43.343+0000] {processor.py:756} INFO - Processing file /home/airflow/.local/lib/python3.7/site-packages/airflow/example_dags/example_skip_dag.py for tasks to queue
[2023-12-21T16:43:43.344+0000] {logging_mixin.py:120} INFO - [2023-12-21T16:43:43.343+0000] {dagbag.py:537} INFO - Filling up the DagBag from /home/airflow/.local/lib/python3.7/site-packages/airflow/example_dags/example_skip_dag.py
[2023-12-21T16:43:43.360+0000] {processor.py:766} INFO - DAG(s) dict_keys(['example_skip_dag']) retrieved from /home/airflow/.local/lib/python3.7/site-packages/airflow/example_dags/example_skip_dag.py
[2023-12-21T16:43:43.411+0000] {logging_mixin.py:120} INFO - [2023-12-21T16:43:43.410+0000] {dag.py:2585} INFO - Sync 1 DAGs
[2023-12-21T16:43:43.439+0000] {logging_mixin.py:120} INFO - [2023-12-21T16:43:43.439+0000] {dag.py:3340} INFO - Setting next_dagrun for example_skip_dag to 2023-12-20T16:43:43.438849+00:00, run_after=2023-12-21T16:43:43.438849+00:00
[2023-12-21T16:43:43.463+0000] {processor.py:176} INFO - Processing /home/airflow/.local/lib/python3.7/site-packages/airflow/example_dags/example_skip_dag.py took 0.124 seconds
[2023-12-21T16:44:14.181+0000] {processor.py:154} INFO - Started process (PID=1043) to work on /home/airflow/.local/lib/python3.7/site-packages/airflow/example_dags/example_skip_dag.py
[2023-12-21T16:44:14.182+0000] {processor.py:756} INFO - Processing file /home/airflow/.local/lib/python3.7/site-packages/airflow/example_dags/example_skip_dag.py for tasks to queue
[2023-12-21T16:44:14.183+0000] {logging_mixin.py:120} INFO - [2023-12-21T16:44:14.182+0000] {dagbag.py:537} INFO - Filling up the DagBag from /home/airflow/.local/lib/python3.7/site-packages/airflow/example_dags/example_skip_dag.py
[2023-12-21T16:44:14.195+0000] {processor.py:766} INFO - DAG(s) dict_keys(['example_skip_dag']) retrieved from /home/airflow/.local/lib/python3.7/site-packages/airflow/example_dags/example_skip_dag.py
[2023-12-21T16:44:14.228+0000] {logging_mixin.py:120} INFO - [2023-12-21T16:44:14.228+0000] {dag.py:2585} INFO - Sync 1 DAGs
[2023-12-21T16:44:14.248+0000] {logging_mixin.py:120} INFO - [2023-12-21T16:44:14.248+0000] {dag.py:3340} INFO - Setting next_dagrun for example_skip_dag to 2023-12-20T16:44:14.248038+00:00, run_after=2023-12-21T16:44:14.248038+00:00
[2023-12-21T16:44:14.268+0000] {processor.py:176} INFO - Processing /home/airflow/.local/lib/python3.7/site-packages/airflow/example_dags/example_skip_dag.py took 0.089 seconds
[2023-12-21T16:44:45.107+0000] {processor.py:154} INFO - Started process (PID=1107) to work on /home/airflow/.local/lib/python3.7/site-packages/airflow/example_dags/example_skip_dag.py
[2023-12-21T16:44:45.107+0000] {processor.py:756} INFO - Processing file /home/airflow/.local/lib/python3.7/site-packages/airflow/example_dags/example_skip_dag.py for tasks to queue
[2023-12-21T16:44:45.108+0000] {logging_mixin.py:120} INFO - [2023-12-21T16:44:45.108+0000] {dagbag.py:537} INFO - Filling up the DagBag from /home/airflow/.local/lib/python3.7/site-packages/airflow/example_dags/example_skip_dag.py
[2023-12-21T16:44:45.120+0000] {processor.py:766} INFO - DAG(s) dict_keys(['example_skip_dag']) retrieved from /home/airflow/.local/lib/python3.7/site-packages/airflow/example_dags/example_skip_dag.py
[2023-12-21T16:44:45.158+0000] {logging_mixin.py:120} INFO - [2023-12-21T16:44:45.158+0000] {dag.py:2585} INFO - Sync 1 DAGs
[2023-12-21T16:44:45.179+0000] {logging_mixin.py:120} INFO - [2023-12-21T16:44:45.179+0000] {dag.py:3340} INFO - Setting next_dagrun for example_skip_dag to 2023-12-20T16:44:45.178907+00:00, run_after=2023-12-21T16:44:45.178907+00:00
[2023-12-21T16:44:45.199+0000] {processor.py:176} INFO - Processing /home/airflow/.local/lib/python3.7/site-packages/airflow/example_dags/example_skip_dag.py took 0.095 seconds
[2023-12-21T16:45:15.940+0000] {processor.py:154} INFO - Started process (PID=1170) to work on /home/airflow/.local/lib/python3.7/site-packages/airflow/example_dags/example_skip_dag.py
[2023-12-21T16:45:15.940+0000] {processor.py:756} INFO - Processing file /home/airflow/.local/lib/python3.7/site-packages/airflow/example_dags/example_skip_dag.py for tasks to queue
[2023-12-21T16:45:15.941+0000] {logging_mixin.py:120} INFO - [2023-12-21T16:45:15.941+0000] {dagbag.py:537} INFO - Filling up the DagBag from /home/airflow/.local/lib/python3.7/site-packages/airflow/example_dags/example_skip_dag.py
[2023-12-21T16:45:15.953+0000] {processor.py:766} INFO - DAG(s) dict_keys(['example_skip_dag']) retrieved from /home/airflow/.local/lib/python3.7/site-packages/airflow/example_dags/example_skip_dag.py
[2023-12-21T16:45:15.994+0000] {logging_mixin.py:120} INFO - [2023-12-21T16:45:15.994+0000] {dag.py:2585} INFO - Sync 1 DAGs
[2023-12-21T16:45:16.023+0000] {logging_mixin.py:120} INFO - [2023-12-21T16:45:16.023+0000] {dag.py:3340} INFO - Setting next_dagrun for example_skip_dag to 2023-12-20T16:45:16.023037+00:00, run_after=2023-12-21T16:45:16.023037+00:00
[2023-12-21T16:45:16.049+0000] {processor.py:176} INFO - Processing /home/airflow/.local/lib/python3.7/site-packages/airflow/example_dags/example_skip_dag.py took 0.114 seconds
[2023-12-21T16:45:46.359+0000] {processor.py:154} INFO - Started process (PID=1223) to work on /home/airflow/.local/lib/python3.7/site-packages/airflow/example_dags/example_skip_dag.py
[2023-12-21T16:45:46.360+0000] {processor.py:756} INFO - Processing file /home/airflow/.local/lib/python3.7/site-packages/airflow/example_dags/example_skip_dag.py for tasks to queue
[2023-12-21T16:45:46.360+0000] {logging_mixin.py:120} INFO - [2023-12-21T16:45:46.360+0000] {dagbag.py:537} INFO - Filling up the DagBag from /home/airflow/.local/lib/python3.7/site-packages/airflow/example_dags/example_skip_dag.py
[2023-12-21T16:45:46.372+0000] {processor.py:766} INFO - DAG(s) dict_keys(['example_skip_dag']) retrieved from /home/airflow/.local/lib/python3.7/site-packages/airflow/example_dags/example_skip_dag.py
[2023-12-21T16:45:46.422+0000] {logging_mixin.py:120} INFO - [2023-12-21T16:45:46.422+0000] {dag.py:2585} INFO - Sync 1 DAGs
[2023-12-21T16:45:46.462+0000] {logging_mixin.py:120} INFO - [2023-12-21T16:45:46.462+0000] {dag.py:3340} INFO - Setting next_dagrun for example_skip_dag to 2023-12-20T16:45:46.462207+00:00, run_after=2023-12-21T16:45:46.462207+00:00
[2023-12-21T16:45:46.490+0000] {processor.py:176} INFO - Processing /home/airflow/.local/lib/python3.7/site-packages/airflow/example_dags/example_skip_dag.py took 0.133 seconds
[2023-12-21T16:46:17.285+0000] {processor.py:154} INFO - Started process (PID=1286) to work on /home/airflow/.local/lib/python3.7/site-packages/airflow/example_dags/example_skip_dag.py
[2023-12-21T16:46:17.285+0000] {processor.py:756} INFO - Processing file /home/airflow/.local/lib/python3.7/site-packages/airflow/example_dags/example_skip_dag.py for tasks to queue
[2023-12-21T16:46:17.286+0000] {logging_mixin.py:120} INFO - [2023-12-21T16:46:17.286+0000] {dagbag.py:537} INFO - Filling up the DagBag from /home/airflow/.local/lib/python3.7/site-packages/airflow/example_dags/example_skip_dag.py
[2023-12-21T16:46:17.298+0000] {processor.py:766} INFO - DAG(s) dict_keys(['example_skip_dag']) retrieved from /home/airflow/.local/lib/python3.7/site-packages/airflow/example_dags/example_skip_dag.py
[2023-12-21T16:46:17.332+0000] {logging_mixin.py:120} INFO - [2023-12-21T16:46:17.332+0000] {dag.py:2585} INFO - Sync 1 DAGs
[2023-12-21T16:46:17.352+0000] {logging_mixin.py:120} INFO - [2023-12-21T16:46:17.352+0000] {dag.py:3340} INFO - Setting next_dagrun for example_skip_dag to 2023-12-20T16:46:17.352492+00:00, run_after=2023-12-21T16:46:17.352492+00:00
[2023-12-21T16:46:17.373+0000] {processor.py:176} INFO - Processing /home/airflow/.local/lib/python3.7/site-packages/airflow/example_dags/example_skip_dag.py took 0.091 seconds
[2023-12-21T16:46:48.186+0000] {processor.py:154} INFO - Started process (PID=1348) to work on /home/airflow/.local/lib/python3.7/site-packages/airflow/example_dags/example_skip_dag.py
[2023-12-21T16:46:48.187+0000] {processor.py:756} INFO - Processing file /home/airflow/.local/lib/python3.7/site-packages/airflow/example_dags/example_skip_dag.py for tasks to queue
[2023-12-21T16:46:48.187+0000] {logging_mixin.py:120} INFO - [2023-12-21T16:46:48.187+0000] {dagbag.py:537} INFO - Filling up the DagBag from /home/airflow/.local/lib/python3.7/site-packages/airflow/example_dags/example_skip_dag.py
[2023-12-21T16:46:48.200+0000] {processor.py:766} INFO - DAG(s) dict_keys(['example_skip_dag']) retrieved from /home/airflow/.local/lib/python3.7/site-packages/airflow/example_dags/example_skip_dag.py
[2023-12-21T16:46:48.237+0000] {logging_mixin.py:120} INFO - [2023-12-21T16:46:48.237+0000] {dag.py:2585} INFO - Sync 1 DAGs
[2023-12-21T16:46:48.259+0000] {logging_mixin.py:120} INFO - [2023-12-21T16:46:48.259+0000] {dag.py:3340} INFO - Setting next_dagrun for example_skip_dag to 2023-12-20T16:46:48.259532+00:00, run_after=2023-12-21T16:46:48.259532+00:00
[2023-12-21T16:46:48.284+0000] {processor.py:176} INFO - Processing /home/airflow/.local/lib/python3.7/site-packages/airflow/example_dags/example_skip_dag.py took 0.101 seconds
[2023-12-21T16:47:18.469+0000] {processor.py:154} INFO - Started process (PID=1402) to work on /home/airflow/.local/lib/python3.7/site-packages/airflow/example_dags/example_skip_dag.py
[2023-12-21T16:47:18.470+0000] {processor.py:756} INFO - Processing file /home/airflow/.local/lib/python3.7/site-packages/airflow/example_dags/example_skip_dag.py for tasks to queue
[2023-12-21T16:47:18.470+0000] {logging_mixin.py:120} INFO - [2023-12-21T16:47:18.470+0000] {dagbag.py:537} INFO - Filling up the DagBag from /home/airflow/.local/lib/python3.7/site-packages/airflow/example_dags/example_skip_dag.py
[2023-12-21T16:47:18.487+0000] {processor.py:766} INFO - DAG(s) dict_keys(['example_skip_dag']) retrieved from /home/airflow/.local/lib/python3.7/site-packages/airflow/example_dags/example_skip_dag.py
[2023-12-21T16:47:18.536+0000] {logging_mixin.py:120} INFO - [2023-12-21T16:47:18.535+0000] {dag.py:2585} INFO - Sync 1 DAGs
[2023-12-21T16:47:18.570+0000] {logging_mixin.py:120} INFO - [2023-12-21T16:47:18.570+0000] {dag.py:3340} INFO - Setting next_dagrun for example_skip_dag to 2023-12-20T16:47:18.570095+00:00, run_after=2023-12-21T16:47:18.570095+00:00
[2023-12-21T16:47:18.597+0000] {processor.py:176} INFO - Processing /home/airflow/.local/lib/python3.7/site-packages/airflow/example_dags/example_skip_dag.py took 0.132 seconds
