[2023-12-21T16:36:02.429+0000] {processor.py:154} INFO - Started process (PID=65) to work on /home/airflow/.local/lib/python3.7/site-packages/airflow/example_dags/example_task_group_decorator.py
[2023-12-21T16:36:02.429+0000] {processor.py:756} INFO - Processing file /home/airflow/.local/lib/python3.7/site-packages/airflow/example_dags/example_task_group_decorator.py for tasks to queue
[2023-12-21T16:36:02.430+0000] {logging_mixin.py:120} INFO - [2023-12-21T16:36:02.430+0000] {dagbag.py:537} INFO - Filling up the DagBag from /home/airflow/.local/lib/python3.7/site-packages/airflow/example_dags/example_task_group_decorator.py
[2023-12-21T16:36:02.475+0000] {processor.py:766} INFO - DAG(s) dict_keys(['example_task_group_decorator']) retrieved from /home/airflow/.local/lib/python3.7/site-packages/airflow/example_dags/example_task_group_decorator.py
[2023-12-21T16:36:02.668+0000] {logging_mixin.py:120} INFO - [2023-12-21T16:36:02.667+0000] {manager.py:507} INFO - Created Permission View: can read on DAG:example_task_group_decorator
[2023-12-21T16:36:02.688+0000] {logging_mixin.py:120} INFO - [2023-12-21T16:36:02.688+0000] {manager.py:507} INFO - Created Permission View: can delete on DAG:example_task_group_decorator
[2023-12-21T16:36:02.703+0000] {logging_mixin.py:120} INFO - [2023-12-21T16:36:02.703+0000] {manager.py:507} INFO - Created Permission View: can edit on DAG:example_task_group_decorator
[2023-12-21T16:36:02.703+0000] {logging_mixin.py:120} INFO - [2023-12-21T16:36:02.703+0000] {dag.py:2585} INFO - Sync 1 DAGs
[2023-12-21T16:36:02.726+0000] {logging_mixin.py:120} INFO - [2023-12-21T16:36:02.726+0000] {dag.py:2606} INFO - Creating ORM DAG for example_task_group_decorator
[2023-12-21T16:36:02.746+0000] {logging_mixin.py:120} INFO - [2023-12-21T16:36:02.746+0000] {dag.py:3340} INFO - Setting next_dagrun for example_task_group_decorator to 2023-12-20T16:36:02.746349+00:00, run_after=2023-12-21T16:36:02.746349+00:00
[2023-12-21T16:36:02.776+0000] {processor.py:176} INFO - Processing /home/airflow/.local/lib/python3.7/site-packages/airflow/example_dags/example_task_group_decorator.py took 0.354 seconds
[2023-12-21T16:36:33.347+0000] {processor.py:154} INFO - Started process (PID=128) to work on /home/airflow/.local/lib/python3.7/site-packages/airflow/example_dags/example_task_group_decorator.py
[2023-12-21T16:36:33.348+0000] {processor.py:756} INFO - Processing file /home/airflow/.local/lib/python3.7/site-packages/airflow/example_dags/example_task_group_decorator.py for tasks to queue
[2023-12-21T16:36:33.348+0000] {logging_mixin.py:120} INFO - [2023-12-21T16:36:33.348+0000] {dagbag.py:537} INFO - Filling up the DagBag from /home/airflow/.local/lib/python3.7/site-packages/airflow/example_dags/example_task_group_decorator.py
[2023-12-21T16:36:33.372+0000] {processor.py:766} INFO - DAG(s) dict_keys(['example_task_group_decorator']) retrieved from /home/airflow/.local/lib/python3.7/site-packages/airflow/example_dags/example_task_group_decorator.py
[2023-12-21T16:36:33.410+0000] {logging_mixin.py:120} INFO - [2023-12-21T16:36:33.410+0000] {dag.py:2585} INFO - Sync 1 DAGs
[2023-12-21T16:36:33.436+0000] {logging_mixin.py:120} INFO - [2023-12-21T16:36:33.436+0000] {dag.py:3340} INFO - Setting next_dagrun for example_task_group_decorator to 2023-12-20T16:36:33.435827+00:00, run_after=2023-12-21T16:36:33.435827+00:00
[2023-12-21T16:36:33.458+0000] {processor.py:176} INFO - Processing /home/airflow/.local/lib/python3.7/site-packages/airflow/example_dags/example_task_group_decorator.py took 0.113 seconds
[2023-12-21T16:37:04.050+0000] {processor.py:154} INFO - Started process (PID=192) to work on /home/airflow/.local/lib/python3.7/site-packages/airflow/example_dags/example_task_group_decorator.py
[2023-12-21T16:37:04.050+0000] {processor.py:756} INFO - Processing file /home/airflow/.local/lib/python3.7/site-packages/airflow/example_dags/example_task_group_decorator.py for tasks to queue
[2023-12-21T16:37:04.051+0000] {logging_mixin.py:120} INFO - [2023-12-21T16:37:04.051+0000] {dagbag.py:537} INFO - Filling up the DagBag from /home/airflow/.local/lib/python3.7/site-packages/airflow/example_dags/example_task_group_decorator.py
[2023-12-21T16:37:04.086+0000] {processor.py:766} INFO - DAG(s) dict_keys(['example_task_group_decorator']) retrieved from /home/airflow/.local/lib/python3.7/site-packages/airflow/example_dags/example_task_group_decorator.py
[2023-12-21T16:37:04.136+0000] {logging_mixin.py:120} INFO - [2023-12-21T16:37:04.136+0000] {dag.py:2585} INFO - Sync 1 DAGs
[2023-12-21T16:37:04.159+0000] {logging_mixin.py:120} INFO - [2023-12-21T16:37:04.158+0000] {dag.py:3340} INFO - Setting next_dagrun for example_task_group_decorator to 2023-12-20T16:37:04.158798+00:00, run_after=2023-12-21T16:37:04.158798+00:00
[2023-12-21T16:37:04.185+0000] {processor.py:176} INFO - Processing /home/airflow/.local/lib/python3.7/site-packages/airflow/example_dags/example_task_group_decorator.py took 0.138 seconds
[2023-12-21T16:37:34.765+0000] {processor.py:154} INFO - Started process (PID=246) to work on /home/airflow/.local/lib/python3.7/site-packages/airflow/example_dags/example_task_group_decorator.py
[2023-12-21T16:37:34.766+0000] {processor.py:756} INFO - Processing file /home/airflow/.local/lib/python3.7/site-packages/airflow/example_dags/example_task_group_decorator.py for tasks to queue
[2023-12-21T16:37:34.766+0000] {logging_mixin.py:120} INFO - [2023-12-21T16:37:34.766+0000] {dagbag.py:537} INFO - Filling up the DagBag from /home/airflow/.local/lib/python3.7/site-packages/airflow/example_dags/example_task_group_decorator.py
[2023-12-21T16:37:34.802+0000] {processor.py:766} INFO - DAG(s) dict_keys(['example_task_group_decorator']) retrieved from /home/airflow/.local/lib/python3.7/site-packages/airflow/example_dags/example_task_group_decorator.py
[2023-12-21T16:37:34.844+0000] {logging_mixin.py:120} INFO - [2023-12-21T16:37:34.844+0000] {dag.py:2585} INFO - Sync 1 DAGs
[2023-12-21T16:37:34.871+0000] {logging_mixin.py:120} INFO - [2023-12-21T16:37:34.871+0000] {dag.py:3340} INFO - Setting next_dagrun for example_task_group_decorator to 2023-12-20T16:37:34.870743+00:00, run_after=2023-12-21T16:37:34.870743+00:00
[2023-12-21T16:37:34.893+0000] {processor.py:176} INFO - Processing /home/airflow/.local/lib/python3.7/site-packages/airflow/example_dags/example_task_group_decorator.py took 0.132 seconds
[2023-12-21T16:38:05.568+0000] {processor.py:154} INFO - Started process (PID=310) to work on /home/airflow/.local/lib/python3.7/site-packages/airflow/example_dags/example_task_group_decorator.py
[2023-12-21T16:38:05.569+0000] {processor.py:756} INFO - Processing file /home/airflow/.local/lib/python3.7/site-packages/airflow/example_dags/example_task_group_decorator.py for tasks to queue
[2023-12-21T16:38:05.569+0000] {logging_mixin.py:120} INFO - [2023-12-21T16:38:05.569+0000] {dagbag.py:537} INFO - Filling up the DagBag from /home/airflow/.local/lib/python3.7/site-packages/airflow/example_dags/example_task_group_decorator.py
[2023-12-21T16:38:05.598+0000] {processor.py:766} INFO - DAG(s) dict_keys(['example_task_group_decorator']) retrieved from /home/airflow/.local/lib/python3.7/site-packages/airflow/example_dags/example_task_group_decorator.py
[2023-12-21T16:38:05.643+0000] {logging_mixin.py:120} INFO - [2023-12-21T16:38:05.643+0000] {dag.py:2585} INFO - Sync 1 DAGs
[2023-12-21T16:38:05.671+0000] {logging_mixin.py:120} INFO - [2023-12-21T16:38:05.671+0000] {dag.py:3340} INFO - Setting next_dagrun for example_task_group_decorator to 2023-12-20T16:38:05.671479+00:00, run_after=2023-12-21T16:38:05.671479+00:00
[2023-12-21T16:38:05.699+0000] {processor.py:176} INFO - Processing /home/airflow/.local/lib/python3.7/site-packages/airflow/example_dags/example_task_group_decorator.py took 0.134 seconds
[2023-12-21T16:38:36.015+0000] {processor.py:154} INFO - Started process (PID=373) to work on /home/airflow/.local/lib/python3.7/site-packages/airflow/example_dags/example_task_group_decorator.py
[2023-12-21T16:38:36.016+0000] {processor.py:756} INFO - Processing file /home/airflow/.local/lib/python3.7/site-packages/airflow/example_dags/example_task_group_decorator.py for tasks to queue
[2023-12-21T16:38:36.017+0000] {logging_mixin.py:120} INFO - [2023-12-21T16:38:36.017+0000] {dagbag.py:537} INFO - Filling up the DagBag from /home/airflow/.local/lib/python3.7/site-packages/airflow/example_dags/example_task_group_decorator.py
[2023-12-21T16:38:36.059+0000] {processor.py:766} INFO - DAG(s) dict_keys(['example_task_group_decorator']) retrieved from /home/airflow/.local/lib/python3.7/site-packages/airflow/example_dags/example_task_group_decorator.py
[2023-12-21T16:38:36.123+0000] {logging_mixin.py:120} INFO - [2023-12-21T16:38:36.123+0000] {dag.py:2585} INFO - Sync 1 DAGs
[2023-12-21T16:38:36.162+0000] {logging_mixin.py:120} INFO - [2023-12-21T16:38:36.162+0000] {dag.py:3340} INFO - Setting next_dagrun for example_task_group_decorator to 2023-12-20T16:38:36.162163+00:00, run_after=2023-12-21T16:38:36.162163+00:00
[2023-12-21T16:38:36.204+0000] {processor.py:176} INFO - Processing /home/airflow/.local/lib/python3.7/site-packages/airflow/example_dags/example_task_group_decorator.py took 0.191 seconds
[2023-12-21T16:39:06.792+0000] {processor.py:154} INFO - Started process (PID=436) to work on /home/airflow/.local/lib/python3.7/site-packages/airflow/example_dags/example_task_group_decorator.py
[2023-12-21T16:39:06.793+0000] {processor.py:756} INFO - Processing file /home/airflow/.local/lib/python3.7/site-packages/airflow/example_dags/example_task_group_decorator.py for tasks to queue
[2023-12-21T16:39:06.794+0000] {logging_mixin.py:120} INFO - [2023-12-21T16:39:06.794+0000] {dagbag.py:537} INFO - Filling up the DagBag from /home/airflow/.local/lib/python3.7/site-packages/airflow/example_dags/example_task_group_decorator.py
[2023-12-21T16:39:06.829+0000] {processor.py:766} INFO - DAG(s) dict_keys(['example_task_group_decorator']) retrieved from /home/airflow/.local/lib/python3.7/site-packages/airflow/example_dags/example_task_group_decorator.py
[2023-12-21T16:39:06.881+0000] {logging_mixin.py:120} INFO - [2023-12-21T16:39:06.880+0000] {dag.py:2585} INFO - Sync 1 DAGs
[2023-12-21T16:39:06.913+0000] {logging_mixin.py:120} INFO - [2023-12-21T16:39:06.913+0000] {dag.py:3340} INFO - Setting next_dagrun for example_task_group_decorator to 2023-12-20T16:39:06.913092+00:00, run_after=2023-12-21T16:39:06.913092+00:00
[2023-12-21T16:39:06.937+0000] {processor.py:176} INFO - Processing /home/airflow/.local/lib/python3.7/site-packages/airflow/example_dags/example_task_group_decorator.py took 0.148 seconds
[2023-12-21T16:39:37.552+0000] {processor.py:154} INFO - Started process (PID=490) to work on /home/airflow/.local/lib/python3.7/site-packages/airflow/example_dags/example_task_group_decorator.py
[2023-12-21T16:39:37.553+0000] {processor.py:756} INFO - Processing file /home/airflow/.local/lib/python3.7/site-packages/airflow/example_dags/example_task_group_decorator.py for tasks to queue
[2023-12-21T16:39:37.554+0000] {logging_mixin.py:120} INFO - [2023-12-21T16:39:37.553+0000] {dagbag.py:537} INFO - Filling up the DagBag from /home/airflow/.local/lib/python3.7/site-packages/airflow/example_dags/example_task_group_decorator.py
[2023-12-21T16:39:37.589+0000] {processor.py:766} INFO - DAG(s) dict_keys(['example_task_group_decorator']) retrieved from /home/airflow/.local/lib/python3.7/site-packages/airflow/example_dags/example_task_group_decorator.py
[2023-12-21T16:39:37.644+0000] {logging_mixin.py:120} INFO - [2023-12-21T16:39:37.644+0000] {dag.py:2585} INFO - Sync 1 DAGs
[2023-12-21T16:39:37.675+0000] {logging_mixin.py:120} INFO - [2023-12-21T16:39:37.675+0000] {dag.py:3340} INFO - Setting next_dagrun for example_task_group_decorator to 2023-12-20T16:39:37.675047+00:00, run_after=2023-12-21T16:39:37.675047+00:00
[2023-12-21T16:39:37.713+0000] {processor.py:176} INFO - Processing /home/airflow/.local/lib/python3.7/site-packages/airflow/example_dags/example_task_group_decorator.py took 0.165 seconds
[2023-12-21T16:40:08.174+0000] {processor.py:154} INFO - Started process (PID=553) to work on /home/airflow/.local/lib/python3.7/site-packages/airflow/example_dags/example_task_group_decorator.py
[2023-12-21T16:40:08.174+0000] {processor.py:756} INFO - Processing file /home/airflow/.local/lib/python3.7/site-packages/airflow/example_dags/example_task_group_decorator.py for tasks to queue
[2023-12-21T16:40:08.175+0000] {logging_mixin.py:120} INFO - [2023-12-21T16:40:08.175+0000] {dagbag.py:537} INFO - Filling up the DagBag from /home/airflow/.local/lib/python3.7/site-packages/airflow/example_dags/example_task_group_decorator.py
[2023-12-21T16:40:08.200+0000] {processor.py:766} INFO - DAG(s) dict_keys(['example_task_group_decorator']) retrieved from /home/airflow/.local/lib/python3.7/site-packages/airflow/example_dags/example_task_group_decorator.py
[2023-12-21T16:40:08.237+0000] {logging_mixin.py:120} INFO - [2023-12-21T16:40:08.237+0000] {dag.py:2585} INFO - Sync 1 DAGs
[2023-12-21T16:40:08.259+0000] {logging_mixin.py:120} INFO - [2023-12-21T16:40:08.259+0000] {dag.py:3340} INFO - Setting next_dagrun for example_task_group_decorator to 2023-12-20T16:40:08.259298+00:00, run_after=2023-12-21T16:40:08.259298+00:00
[2023-12-21T16:40:08.279+0000] {processor.py:176} INFO - Processing /home/airflow/.local/lib/python3.7/site-packages/airflow/example_dags/example_task_group_decorator.py took 0.108 seconds
[2023-12-21T16:40:38.966+0000] {processor.py:154} INFO - Started process (PID=616) to work on /home/airflow/.local/lib/python3.7/site-packages/airflow/example_dags/example_task_group_decorator.py
[2023-12-21T16:40:38.966+0000] {processor.py:756} INFO - Processing file /home/airflow/.local/lib/python3.7/site-packages/airflow/example_dags/example_task_group_decorator.py for tasks to queue
[2023-12-21T16:40:38.967+0000] {logging_mixin.py:120} INFO - [2023-12-21T16:40:38.967+0000] {dagbag.py:537} INFO - Filling up the DagBag from /home/airflow/.local/lib/python3.7/site-packages/airflow/example_dags/example_task_group_decorator.py
[2023-12-21T16:40:38.991+0000] {processor.py:766} INFO - DAG(s) dict_keys(['example_task_group_decorator']) retrieved from /home/airflow/.local/lib/python3.7/site-packages/airflow/example_dags/example_task_group_decorator.py
[2023-12-21T16:40:39.027+0000] {logging_mixin.py:120} INFO - [2023-12-21T16:40:39.027+0000] {dag.py:2585} INFO - Sync 1 DAGs
[2023-12-21T16:40:39.049+0000] {logging_mixin.py:120} INFO - [2023-12-21T16:40:39.049+0000] {dag.py:3340} INFO - Setting next_dagrun for example_task_group_decorator to 2023-12-20T16:40:39.049180+00:00, run_after=2023-12-21T16:40:39.049180+00:00
[2023-12-21T16:40:39.071+0000] {processor.py:176} INFO - Processing /home/airflow/.local/lib/python3.7/site-packages/airflow/example_dags/example_task_group_decorator.py took 0.108 seconds
[2023-12-21T16:41:09.596+0000] {processor.py:154} INFO - Started process (PID=679) to work on /home/airflow/.local/lib/python3.7/site-packages/airflow/example_dags/example_task_group_decorator.py
[2023-12-21T16:41:09.596+0000] {processor.py:756} INFO - Processing file /home/airflow/.local/lib/python3.7/site-packages/airflow/example_dags/example_task_group_decorator.py for tasks to queue
[2023-12-21T16:41:09.597+0000] {logging_mixin.py:120} INFO - [2023-12-21T16:41:09.597+0000] {dagbag.py:537} INFO - Filling up the DagBag from /home/airflow/.local/lib/python3.7/site-packages/airflow/example_dags/example_task_group_decorator.py
[2023-12-21T16:41:09.629+0000] {processor.py:766} INFO - DAG(s) dict_keys(['example_task_group_decorator']) retrieved from /home/airflow/.local/lib/python3.7/site-packages/airflow/example_dags/example_task_group_decorator.py
[2023-12-21T16:41:09.677+0000] {logging_mixin.py:120} INFO - [2023-12-21T16:41:09.677+0000] {dag.py:2585} INFO - Sync 1 DAGs
[2023-12-21T16:41:09.706+0000] {logging_mixin.py:120} INFO - [2023-12-21T16:41:09.706+0000] {dag.py:3340} INFO - Setting next_dagrun for example_task_group_decorator to 2023-12-20T16:41:09.705993+00:00, run_after=2023-12-21T16:41:09.705993+00:00
[2023-12-21T16:41:09.731+0000] {processor.py:176} INFO - Processing /home/airflow/.local/lib/python3.7/site-packages/airflow/example_dags/example_task_group_decorator.py took 0.139 seconds
[2023-12-21T16:41:40.223+0000] {processor.py:154} INFO - Started process (PID=733) to work on /home/airflow/.local/lib/python3.7/site-packages/airflow/example_dags/example_task_group_decorator.py
[2023-12-21T16:41:40.224+0000] {processor.py:756} INFO - Processing file /home/airflow/.local/lib/python3.7/site-packages/airflow/example_dags/example_task_group_decorator.py for tasks to queue
[2023-12-21T16:41:40.224+0000] {logging_mixin.py:120} INFO - [2023-12-21T16:41:40.224+0000] {dagbag.py:537} INFO - Filling up the DagBag from /home/airflow/.local/lib/python3.7/site-packages/airflow/example_dags/example_task_group_decorator.py
[2023-12-21T16:41:40.259+0000] {processor.py:766} INFO - DAG(s) dict_keys(['example_task_group_decorator']) retrieved from /home/airflow/.local/lib/python3.7/site-packages/airflow/example_dags/example_task_group_decorator.py
[2023-12-21T16:41:40.309+0000] {logging_mixin.py:120} INFO - [2023-12-21T16:41:40.309+0000] {dag.py:2585} INFO - Sync 1 DAGs
[2023-12-21T16:41:40.343+0000] {logging_mixin.py:120} INFO - [2023-12-21T16:41:40.343+0000] {dag.py:3340} INFO - Setting next_dagrun for example_task_group_decorator to 2023-12-20T16:41:40.343010+00:00, run_after=2023-12-21T16:41:40.343010+00:00
[2023-12-21T16:41:40.371+0000] {processor.py:176} INFO - Processing /home/airflow/.local/lib/python3.7/site-packages/airflow/example_dags/example_task_group_decorator.py took 0.151 seconds
[2023-12-21T16:42:11.129+0000] {processor.py:154} INFO - Started process (PID=797) to work on /home/airflow/.local/lib/python3.7/site-packages/airflow/example_dags/example_task_group_decorator.py
[2023-12-21T16:42:11.130+0000] {processor.py:756} INFO - Processing file /home/airflow/.local/lib/python3.7/site-packages/airflow/example_dags/example_task_group_decorator.py for tasks to queue
[2023-12-21T16:42:11.131+0000] {logging_mixin.py:120} INFO - [2023-12-21T16:42:11.131+0000] {dagbag.py:537} INFO - Filling up the DagBag from /home/airflow/.local/lib/python3.7/site-packages/airflow/example_dags/example_task_group_decorator.py
[2023-12-21T16:42:11.157+0000] {processor.py:766} INFO - DAG(s) dict_keys(['example_task_group_decorator']) retrieved from /home/airflow/.local/lib/python3.7/site-packages/airflow/example_dags/example_task_group_decorator.py
[2023-12-21T16:42:11.199+0000] {logging_mixin.py:120} INFO - [2023-12-21T16:42:11.199+0000] {dag.py:2585} INFO - Sync 1 DAGs
[2023-12-21T16:42:11.220+0000] {logging_mixin.py:120} INFO - [2023-12-21T16:42:11.220+0000] {dag.py:3340} INFO - Setting next_dagrun for example_task_group_decorator to 2023-12-20T16:42:11.220159+00:00, run_after=2023-12-21T16:42:11.220159+00:00
[2023-12-21T16:42:11.241+0000] {processor.py:176} INFO - Processing /home/airflow/.local/lib/python3.7/site-packages/airflow/example_dags/example_task_group_decorator.py took 0.115 seconds
[2023-12-21T16:42:41.945+0000] {processor.py:154} INFO - Started process (PID=860) to work on /home/airflow/.local/lib/python3.7/site-packages/airflow/example_dags/example_task_group_decorator.py
[2023-12-21T16:42:41.946+0000] {processor.py:756} INFO - Processing file /home/airflow/.local/lib/python3.7/site-packages/airflow/example_dags/example_task_group_decorator.py for tasks to queue
[2023-12-21T16:42:41.946+0000] {logging_mixin.py:120} INFO - [2023-12-21T16:42:41.946+0000] {dagbag.py:537} INFO - Filling up the DagBag from /home/airflow/.local/lib/python3.7/site-packages/airflow/example_dags/example_task_group_decorator.py
[2023-12-21T16:42:41.971+0000] {processor.py:766} INFO - DAG(s) dict_keys(['example_task_group_decorator']) retrieved from /home/airflow/.local/lib/python3.7/site-packages/airflow/example_dags/example_task_group_decorator.py
[2023-12-21T16:42:42.012+0000] {logging_mixin.py:120} INFO - [2023-12-21T16:42:42.012+0000] {dag.py:2585} INFO - Sync 1 DAGs
[2023-12-21T16:42:42.035+0000] {logging_mixin.py:120} INFO - [2023-12-21T16:42:42.035+0000] {dag.py:3340} INFO - Setting next_dagrun for example_task_group_decorator to 2023-12-20T16:42:42.035392+00:00, run_after=2023-12-21T16:42:42.035392+00:00
[2023-12-21T16:42:42.074+0000] {processor.py:176} INFO - Processing /home/airflow/.local/lib/python3.7/site-packages/airflow/example_dags/example_task_group_decorator.py took 0.131 seconds
[2023-12-21T16:43:12.577+0000] {processor.py:154} INFO - Started process (PID=923) to work on /home/airflow/.local/lib/python3.7/site-packages/airflow/example_dags/example_task_group_decorator.py
[2023-12-21T16:43:12.578+0000] {processor.py:756} INFO - Processing file /home/airflow/.local/lib/python3.7/site-packages/airflow/example_dags/example_task_group_decorator.py for tasks to queue
[2023-12-21T16:43:12.578+0000] {logging_mixin.py:120} INFO - [2023-12-21T16:43:12.578+0000] {dagbag.py:537} INFO - Filling up the DagBag from /home/airflow/.local/lib/python3.7/site-packages/airflow/example_dags/example_task_group_decorator.py
[2023-12-21T16:43:12.604+0000] {processor.py:766} INFO - DAG(s) dict_keys(['example_task_group_decorator']) retrieved from /home/airflow/.local/lib/python3.7/site-packages/airflow/example_dags/example_task_group_decorator.py
[2023-12-21T16:43:12.643+0000] {logging_mixin.py:120} INFO - [2023-12-21T16:43:12.642+0000] {dag.py:2585} INFO - Sync 1 DAGs
[2023-12-21T16:43:12.667+0000] {logging_mixin.py:120} INFO - [2023-12-21T16:43:12.666+0000] {dag.py:3340} INFO - Setting next_dagrun for example_task_group_decorator to 2023-12-20T16:43:12.666705+00:00, run_after=2023-12-21T16:43:12.666705+00:00
[2023-12-21T16:43:12.691+0000] {processor.py:176} INFO - Processing /home/airflow/.local/lib/python3.7/site-packages/airflow/example_dags/example_task_group_decorator.py took 0.117 seconds
[2023-12-21T16:43:43.169+0000] {processor.py:154} INFO - Started process (PID=977) to work on /home/airflow/.local/lib/python3.7/site-packages/airflow/example_dags/example_task_group_decorator.py
[2023-12-21T16:43:43.170+0000] {processor.py:756} INFO - Processing file /home/airflow/.local/lib/python3.7/site-packages/airflow/example_dags/example_task_group_decorator.py for tasks to queue
[2023-12-21T16:43:43.171+0000] {logging_mixin.py:120} INFO - [2023-12-21T16:43:43.171+0000] {dagbag.py:537} INFO - Filling up the DagBag from /home/airflow/.local/lib/python3.7/site-packages/airflow/example_dags/example_task_group_decorator.py
[2023-12-21T16:43:43.206+0000] {processor.py:766} INFO - DAG(s) dict_keys(['example_task_group_decorator']) retrieved from /home/airflow/.local/lib/python3.7/site-packages/airflow/example_dags/example_task_group_decorator.py
[2023-12-21T16:43:43.258+0000] {logging_mixin.py:120} INFO - [2023-12-21T16:43:43.258+0000] {dag.py:2585} INFO - Sync 1 DAGs
[2023-12-21T16:43:43.289+0000] {logging_mixin.py:120} INFO - [2023-12-21T16:43:43.288+0000] {dag.py:3340} INFO - Setting next_dagrun for example_task_group_decorator to 2023-12-20T16:43:43.288647+00:00, run_after=2023-12-21T16:43:43.288647+00:00
[2023-12-21T16:43:43.313+0000] {processor.py:176} INFO - Processing /home/airflow/.local/lib/python3.7/site-packages/airflow/example_dags/example_task_group_decorator.py took 0.148 seconds
[2023-12-21T16:44:13.928+0000] {processor.py:154} INFO - Started process (PID=1040) to work on /home/airflow/.local/lib/python3.7/site-packages/airflow/example_dags/example_task_group_decorator.py
[2023-12-21T16:44:13.929+0000] {processor.py:756} INFO - Processing file /home/airflow/.local/lib/python3.7/site-packages/airflow/example_dags/example_task_group_decorator.py for tasks to queue
[2023-12-21T16:44:13.929+0000] {logging_mixin.py:120} INFO - [2023-12-21T16:44:13.929+0000] {dagbag.py:537} INFO - Filling up the DagBag from /home/airflow/.local/lib/python3.7/site-packages/airflow/example_dags/example_task_group_decorator.py
[2023-12-21T16:44:13.954+0000] {processor.py:766} INFO - DAG(s) dict_keys(['example_task_group_decorator']) retrieved from /home/airflow/.local/lib/python3.7/site-packages/airflow/example_dags/example_task_group_decorator.py
[2023-12-21T16:44:13.995+0000] {logging_mixin.py:120} INFO - [2023-12-21T16:44:13.994+0000] {dag.py:2585} INFO - Sync 1 DAGs
[2023-12-21T16:44:14.020+0000] {logging_mixin.py:120} INFO - [2023-12-21T16:44:14.019+0000] {dag.py:3340} INFO - Setting next_dagrun for example_task_group_decorator to 2023-12-20T16:44:14.019666+00:00, run_after=2023-12-21T16:44:14.019666+00:00
[2023-12-21T16:44:14.043+0000] {processor.py:176} INFO - Processing /home/airflow/.local/lib/python3.7/site-packages/airflow/example_dags/example_task_group_decorator.py took 0.117 seconds
[2023-12-21T16:44:44.826+0000] {processor.py:154} INFO - Started process (PID=1104) to work on /home/airflow/.local/lib/python3.7/site-packages/airflow/example_dags/example_task_group_decorator.py
[2023-12-21T16:44:44.827+0000] {processor.py:756} INFO - Processing file /home/airflow/.local/lib/python3.7/site-packages/airflow/example_dags/example_task_group_decorator.py for tasks to queue
[2023-12-21T16:44:44.828+0000] {logging_mixin.py:120} INFO - [2023-12-21T16:44:44.827+0000] {dagbag.py:537} INFO - Filling up the DagBag from /home/airflow/.local/lib/python3.7/site-packages/airflow/example_dags/example_task_group_decorator.py
[2023-12-21T16:44:44.864+0000] {processor.py:766} INFO - DAG(s) dict_keys(['example_task_group_decorator']) retrieved from /home/airflow/.local/lib/python3.7/site-packages/airflow/example_dags/example_task_group_decorator.py
[2023-12-21T16:44:44.904+0000] {logging_mixin.py:120} INFO - [2023-12-21T16:44:44.904+0000] {dag.py:2585} INFO - Sync 1 DAGs
[2023-12-21T16:44:44.932+0000] {logging_mixin.py:120} INFO - [2023-12-21T16:44:44.931+0000] {dag.py:3340} INFO - Setting next_dagrun for example_task_group_decorator to 2023-12-20T16:44:44.931599+00:00, run_after=2023-12-21T16:44:44.931599+00:00
[2023-12-21T16:44:44.955+0000] {processor.py:176} INFO - Processing /home/airflow/.local/lib/python3.7/site-packages/airflow/example_dags/example_task_group_decorator.py took 0.133 seconds
[2023-12-21T16:45:15.645+0000] {processor.py:154} INFO - Started process (PID=1167) to work on /home/airflow/.local/lib/python3.7/site-packages/airflow/example_dags/example_task_group_decorator.py
[2023-12-21T16:45:15.645+0000] {processor.py:756} INFO - Processing file /home/airflow/.local/lib/python3.7/site-packages/airflow/example_dags/example_task_group_decorator.py for tasks to queue
[2023-12-21T16:45:15.646+0000] {logging_mixin.py:120} INFO - [2023-12-21T16:45:15.646+0000] {dagbag.py:537} INFO - Filling up the DagBag from /home/airflow/.local/lib/python3.7/site-packages/airflow/example_dags/example_task_group_decorator.py
[2023-12-21T16:45:15.673+0000] {processor.py:766} INFO - DAG(s) dict_keys(['example_task_group_decorator']) retrieved from /home/airflow/.local/lib/python3.7/site-packages/airflow/example_dags/example_task_group_decorator.py
[2023-12-21T16:45:15.713+0000] {logging_mixin.py:120} INFO - [2023-12-21T16:45:15.713+0000] {dag.py:2585} INFO - Sync 1 DAGs
[2023-12-21T16:45:15.741+0000] {logging_mixin.py:120} INFO - [2023-12-21T16:45:15.741+0000] {dag.py:3340} INFO - Setting next_dagrun for example_task_group_decorator to 2023-12-20T16:45:15.741233+00:00, run_after=2023-12-21T16:45:15.741233+00:00
[2023-12-21T16:45:15.768+0000] {processor.py:176} INFO - Processing /home/airflow/.local/lib/python3.7/site-packages/airflow/example_dags/example_task_group_decorator.py took 0.126 seconds
[2023-12-21T16:45:46.121+0000] {processor.py:154} INFO - Started process (PID=1220) to work on /home/airflow/.local/lib/python3.7/site-packages/airflow/example_dags/example_task_group_decorator.py
[2023-12-21T16:45:46.122+0000] {processor.py:756} INFO - Processing file /home/airflow/.local/lib/python3.7/site-packages/airflow/example_dags/example_task_group_decorator.py for tasks to queue
[2023-12-21T16:45:46.122+0000] {logging_mixin.py:120} INFO - [2023-12-21T16:45:46.122+0000] {dagbag.py:537} INFO - Filling up the DagBag from /home/airflow/.local/lib/python3.7/site-packages/airflow/example_dags/example_task_group_decorator.py
[2023-12-21T16:45:46.157+0000] {processor.py:766} INFO - DAG(s) dict_keys(['example_task_group_decorator']) retrieved from /home/airflow/.local/lib/python3.7/site-packages/airflow/example_dags/example_task_group_decorator.py
[2023-12-21T16:45:46.209+0000] {logging_mixin.py:120} INFO - [2023-12-21T16:45:46.209+0000] {dag.py:2585} INFO - Sync 1 DAGs
[2023-12-21T16:45:46.241+0000] {logging_mixin.py:120} INFO - [2023-12-21T16:45:46.241+0000] {dag.py:3340} INFO - Setting next_dagrun for example_task_group_decorator to 2023-12-20T16:45:46.241116+00:00, run_after=2023-12-21T16:45:46.241116+00:00
[2023-12-21T16:45:46.268+0000] {processor.py:176} INFO - Processing /home/airflow/.local/lib/python3.7/site-packages/airflow/example_dags/example_task_group_decorator.py took 0.151 seconds
[2023-12-21T16:46:17.036+0000] {processor.py:154} INFO - Started process (PID=1283) to work on /home/airflow/.local/lib/python3.7/site-packages/airflow/example_dags/example_task_group_decorator.py
[2023-12-21T16:46:17.036+0000] {processor.py:756} INFO - Processing file /home/airflow/.local/lib/python3.7/site-packages/airflow/example_dags/example_task_group_decorator.py for tasks to queue
[2023-12-21T16:46:17.037+0000] {logging_mixin.py:120} INFO - [2023-12-21T16:46:17.037+0000] {dagbag.py:537} INFO - Filling up the DagBag from /home/airflow/.local/lib/python3.7/site-packages/airflow/example_dags/example_task_group_decorator.py
[2023-12-21T16:46:17.061+0000] {processor.py:766} INFO - DAG(s) dict_keys(['example_task_group_decorator']) retrieved from /home/airflow/.local/lib/python3.7/site-packages/airflow/example_dags/example_task_group_decorator.py
[2023-12-21T16:46:17.101+0000] {logging_mixin.py:120} INFO - [2023-12-21T16:46:17.100+0000] {dag.py:2585} INFO - Sync 1 DAGs
[2023-12-21T16:46:17.124+0000] {logging_mixin.py:120} INFO - [2023-12-21T16:46:17.124+0000] {dag.py:3340} INFO - Setting next_dagrun for example_task_group_decorator to 2023-12-20T16:46:17.124067+00:00, run_after=2023-12-21T16:46:17.124067+00:00
[2023-12-21T16:46:17.151+0000] {processor.py:176} INFO - Processing /home/airflow/.local/lib/python3.7/site-packages/airflow/example_dags/example_task_group_decorator.py took 0.118 seconds
[2023-12-21T16:46:48.038+0000] {processor.py:154} INFO - Started process (PID=1345) to work on /home/airflow/.local/lib/python3.7/site-packages/airflow/example_dags/example_task_group_decorator.py
[2023-12-21T16:46:48.039+0000] {processor.py:756} INFO - Processing file /home/airflow/.local/lib/python3.7/site-packages/airflow/example_dags/example_task_group_decorator.py for tasks to queue
[2023-12-21T16:46:48.039+0000] {logging_mixin.py:120} INFO - [2023-12-21T16:46:48.039+0000] {dagbag.py:537} INFO - Filling up the DagBag from /home/airflow/.local/lib/python3.7/site-packages/airflow/example_dags/example_task_group_decorator.py
[2023-12-21T16:46:48.066+0000] {processor.py:766} INFO - DAG(s) dict_keys(['example_task_group_decorator']) retrieved from /home/airflow/.local/lib/python3.7/site-packages/airflow/example_dags/example_task_group_decorator.py
[2023-12-21T16:46:48.106+0000] {logging_mixin.py:120} INFO - [2023-12-21T16:46:48.106+0000] {dag.py:2585} INFO - Sync 1 DAGs
[2023-12-21T16:46:48.135+0000] {logging_mixin.py:120} INFO - [2023-12-21T16:46:48.135+0000] {dag.py:3340} INFO - Setting next_dagrun for example_task_group_decorator to 2023-12-20T16:46:48.135569+00:00, run_after=2023-12-21T16:46:48.135569+00:00
[2023-12-21T16:46:48.159+0000] {processor.py:176} INFO - Processing /home/airflow/.local/lib/python3.7/site-packages/airflow/example_dags/example_task_group_decorator.py took 0.124 seconds
[2023-12-21T16:47:18.305+0000] {processor.py:154} INFO - Started process (PID=1399) to work on /home/airflow/.local/lib/python3.7/site-packages/airflow/example_dags/example_task_group_decorator.py
[2023-12-21T16:47:18.305+0000] {processor.py:756} INFO - Processing file /home/airflow/.local/lib/python3.7/site-packages/airflow/example_dags/example_task_group_decorator.py for tasks to queue
[2023-12-21T16:47:18.306+0000] {logging_mixin.py:120} INFO - [2023-12-21T16:47:18.306+0000] {dagbag.py:537} INFO - Filling up the DagBag from /home/airflow/.local/lib/python3.7/site-packages/airflow/example_dags/example_task_group_decorator.py
[2023-12-21T16:47:18.330+0000] {processor.py:766} INFO - DAG(s) dict_keys(['example_task_group_decorator']) retrieved from /home/airflow/.local/lib/python3.7/site-packages/airflow/example_dags/example_task_group_decorator.py
[2023-12-21T16:47:18.370+0000] {logging_mixin.py:120} INFO - [2023-12-21T16:47:18.369+0000] {dag.py:2585} INFO - Sync 1 DAGs
[2023-12-21T16:47:18.391+0000] {logging_mixin.py:120} INFO - [2023-12-21T16:47:18.391+0000] {dag.py:3340} INFO - Setting next_dagrun for example_task_group_decorator to 2023-12-20T16:47:18.391287+00:00, run_after=2023-12-21T16:47:18.391287+00:00
[2023-12-21T16:47:18.413+0000] {processor.py:176} INFO - Processing /home/airflow/.local/lib/python3.7/site-packages/airflow/example_dags/example_task_group_decorator.py took 0.112 seconds
