[2023-12-21T16:36:01.800+0000] {processor.py:154} INFO - Started process (PID=63) to work on /home/airflow/.local/lib/python3.7/site-packages/airflow/example_dags/example_branch_datetime_operator.py
[2023-12-21T16:36:01.801+0000] {processor.py:756} INFO - Processing file /home/airflow/.local/lib/python3.7/site-packages/airflow/example_dags/example_branch_datetime_operator.py for tasks to queue
[2023-12-21T16:36:01.802+0000] {logging_mixin.py:120} INFO - [2023-12-21T16:36:01.801+0000] {dagbag.py:537} INFO - Filling up the DagBag from /home/airflow/.local/lib/python3.7/site-packages/airflow/example_dags/example_branch_datetime_operator.py
[2023-12-21T16:36:01.833+0000] {processor.py:766} INFO - DAG(s) dict_keys(['example_branch_datetime_operator_3', 'example_branch_datetime_operator', 'example_branch_datetime_operator_2']) retrieved from /home/airflow/.local/lib/python3.7/site-packages/airflow/example_dags/example_branch_datetime_operator.py
[2023-12-21T16:36:02.095+0000] {logging_mixin.py:120} INFO - [2023-12-21T16:36:02.095+0000] {manager.py:507} INFO - Created Permission View: can read on DAG:example_branch_datetime_operator_3
[2023-12-21T16:36:02.113+0000] {logging_mixin.py:120} INFO - [2023-12-21T16:36:02.113+0000] {manager.py:507} INFO - Created Permission View: can delete on DAG:example_branch_datetime_operator_3
[2023-12-21T16:36:02.126+0000] {logging_mixin.py:120} INFO - [2023-12-21T16:36:02.126+0000] {manager.py:507} INFO - Created Permission View: can edit on DAG:example_branch_datetime_operator_3
[2023-12-21T16:36:02.157+0000] {logging_mixin.py:120} INFO - [2023-12-21T16:36:02.157+0000] {manager.py:507} INFO - Created Permission View: can read on DAG:example_branch_datetime_operator
[2023-12-21T16:36:02.172+0000] {logging_mixin.py:120} INFO - [2023-12-21T16:36:02.172+0000] {manager.py:507} INFO - Created Permission View: can delete on DAG:example_branch_datetime_operator
[2023-12-21T16:36:02.191+0000] {logging_mixin.py:120} INFO - [2023-12-21T16:36:02.190+0000] {manager.py:507} INFO - Created Permission View: can edit on DAG:example_branch_datetime_operator
[2023-12-21T16:36:02.248+0000] {logging_mixin.py:120} INFO - [2023-12-21T16:36:02.248+0000] {manager.py:507} INFO - Created Permission View: can read on DAG:example_branch_datetime_operator_2
[2023-12-21T16:36:02.263+0000] {logging_mixin.py:120} INFO - [2023-12-21T16:36:02.263+0000] {manager.py:507} INFO - Created Permission View: can delete on DAG:example_branch_datetime_operator_2
[2023-12-21T16:36:02.278+0000] {logging_mixin.py:120} INFO - [2023-12-21T16:36:02.278+0000] {manager.py:507} INFO - Created Permission View: can edit on DAG:example_branch_datetime_operator_2
[2023-12-21T16:36:02.278+0000] {logging_mixin.py:120} INFO - [2023-12-21T16:36:02.278+0000] {dag.py:2585} INFO - Sync 3 DAGs
[2023-12-21T16:36:02.303+0000] {logging_mixin.py:120} INFO - [2023-12-21T16:36:02.303+0000] {dag.py:2606} INFO - Creating ORM DAG for example_branch_datetime_operator_2
[2023-12-21T16:36:02.304+0000] {logging_mixin.py:120} INFO - [2023-12-21T16:36:02.304+0000] {dag.py:2606} INFO - Creating ORM DAG for example_branch_datetime_operator_3
[2023-12-21T16:36:02.304+0000] {logging_mixin.py:120} INFO - [2023-12-21T16:36:02.304+0000] {dag.py:2606} INFO - Creating ORM DAG for example_branch_datetime_operator
[2023-12-21T16:36:02.326+0000] {logging_mixin.py:120} INFO - [2023-12-21T16:36:02.326+0000] {dag.py:3340} INFO - Setting next_dagrun for example_branch_datetime_operator to 2023-12-20T00:00:00+00:00, run_after=2023-12-21T00:00:00+00:00
[2023-12-21T16:36:02.329+0000] {logging_mixin.py:120} INFO - [2023-12-21T16:36:02.329+0000] {dag.py:3340} INFO - Setting next_dagrun for example_branch_datetime_operator_2 to 2023-12-20T00:00:00+00:00, run_after=2023-12-21T00:00:00+00:00
[2023-12-21T16:36:02.331+0000] {logging_mixin.py:120} INFO - [2023-12-21T16:36:02.331+0000] {dag.py:3340} INFO - Setting next_dagrun for example_branch_datetime_operator_3 to 2023-12-20T00:00:00+00:00, run_after=2023-12-21T00:00:00+00:00
[2023-12-21T16:36:02.371+0000] {processor.py:176} INFO - Processing /home/airflow/.local/lib/python3.7/site-packages/airflow/example_dags/example_branch_datetime_operator.py took 0.574 seconds
[2023-12-21T16:36:33.119+0000] {processor.py:154} INFO - Started process (PID=126) to work on /home/airflow/.local/lib/python3.7/site-packages/airflow/example_dags/example_branch_datetime_operator.py
[2023-12-21T16:36:33.119+0000] {processor.py:756} INFO - Processing file /home/airflow/.local/lib/python3.7/site-packages/airflow/example_dags/example_branch_datetime_operator.py for tasks to queue
[2023-12-21T16:36:33.120+0000] {logging_mixin.py:120} INFO - [2023-12-21T16:36:33.120+0000] {dagbag.py:537} INFO - Filling up the DagBag from /home/airflow/.local/lib/python3.7/site-packages/airflow/example_dags/example_branch_datetime_operator.py
[2023-12-21T16:36:33.134+0000] {processor.py:766} INFO - DAG(s) dict_keys(['example_branch_datetime_operator_2', 'example_branch_datetime_operator', 'example_branch_datetime_operator_3']) retrieved from /home/airflow/.local/lib/python3.7/site-packages/airflow/example_dags/example_branch_datetime_operator.py
[2023-12-21T16:36:33.173+0000] {logging_mixin.py:120} INFO - [2023-12-21T16:36:33.173+0000] {dag.py:2585} INFO - Sync 3 DAGs
[2023-12-21T16:36:33.193+0000] {logging_mixin.py:120} INFO - [2023-12-21T16:36:33.193+0000] {dag.py:3340} INFO - Setting next_dagrun for example_branch_datetime_operator to 2023-12-20T00:00:00+00:00, run_after=2023-12-21T00:00:00+00:00
[2023-12-21T16:36:33.197+0000] {logging_mixin.py:120} INFO - [2023-12-21T16:36:33.197+0000] {dag.py:3340} INFO - Setting next_dagrun for example_branch_datetime_operator_2 to 2023-12-20T00:00:00+00:00, run_after=2023-12-21T00:00:00+00:00
[2023-12-21T16:36:33.199+0000] {logging_mixin.py:120} INFO - [2023-12-21T16:36:33.199+0000] {dag.py:3340} INFO - Setting next_dagrun for example_branch_datetime_operator_3 to 2023-12-20T00:00:00+00:00, run_after=2023-12-21T00:00:00+00:00
[2023-12-21T16:36:33.221+0000] {processor.py:176} INFO - Processing /home/airflow/.local/lib/python3.7/site-packages/airflow/example_dags/example_branch_datetime_operator.py took 0.105 seconds
[2023-12-21T16:37:03.865+0000] {processor.py:154} INFO - Started process (PID=190) to work on /home/airflow/.local/lib/python3.7/site-packages/airflow/example_dags/example_branch_datetime_operator.py
[2023-12-21T16:37:03.868+0000] {processor.py:756} INFO - Processing file /home/airflow/.local/lib/python3.7/site-packages/airflow/example_dags/example_branch_datetime_operator.py for tasks to queue
[2023-12-21T16:37:03.868+0000] {logging_mixin.py:120} INFO - [2023-12-21T16:37:03.868+0000] {dagbag.py:537} INFO - Filling up the DagBag from /home/airflow/.local/lib/python3.7/site-packages/airflow/example_dags/example_branch_datetime_operator.py
[2023-12-21T16:37:03.891+0000] {processor.py:766} INFO - DAG(s) dict_keys(['example_branch_datetime_operator', 'example_branch_datetime_operator_2', 'example_branch_datetime_operator_3']) retrieved from /home/airflow/.local/lib/python3.7/site-packages/airflow/example_dags/example_branch_datetime_operator.py
[2023-12-21T16:37:03.953+0000] {logging_mixin.py:120} INFO - [2023-12-21T16:37:03.953+0000] {dag.py:2585} INFO - Sync 3 DAGs
[2023-12-21T16:37:03.988+0000] {logging_mixin.py:120} INFO - [2023-12-21T16:37:03.988+0000] {dag.py:3340} INFO - Setting next_dagrun for example_branch_datetime_operator to 2023-12-20T00:00:00+00:00, run_after=2023-12-21T00:00:00+00:00
[2023-12-21T16:37:03.994+0000] {logging_mixin.py:120} INFO - [2023-12-21T16:37:03.994+0000] {dag.py:3340} INFO - Setting next_dagrun for example_branch_datetime_operator_2 to 2023-12-20T00:00:00+00:00, run_after=2023-12-21T00:00:00+00:00
[2023-12-21T16:37:03.997+0000] {logging_mixin.py:120} INFO - [2023-12-21T16:37:03.997+0000] {dag.py:3340} INFO - Setting next_dagrun for example_branch_datetime_operator_3 to 2023-12-20T00:00:00+00:00, run_after=2023-12-21T00:00:00+00:00
[2023-12-21T16:37:04.024+0000] {processor.py:176} INFO - Processing /home/airflow/.local/lib/python3.7/site-packages/airflow/example_dags/example_branch_datetime_operator.py took 0.162 seconds
[2023-12-21T16:37:34.594+0000] {processor.py:154} INFO - Started process (PID=244) to work on /home/airflow/.local/lib/python3.7/site-packages/airflow/example_dags/example_branch_datetime_operator.py
[2023-12-21T16:37:34.595+0000] {processor.py:756} INFO - Processing file /home/airflow/.local/lib/python3.7/site-packages/airflow/example_dags/example_branch_datetime_operator.py for tasks to queue
[2023-12-21T16:37:34.596+0000] {logging_mixin.py:120} INFO - [2023-12-21T16:37:34.596+0000] {dagbag.py:537} INFO - Filling up the DagBag from /home/airflow/.local/lib/python3.7/site-packages/airflow/example_dags/example_branch_datetime_operator.py
[2023-12-21T16:37:34.617+0000] {processor.py:766} INFO - DAG(s) dict_keys(['example_branch_datetime_operator_3', 'example_branch_datetime_operator_2', 'example_branch_datetime_operator']) retrieved from /home/airflow/.local/lib/python3.7/site-packages/airflow/example_dags/example_branch_datetime_operator.py
[2023-12-21T16:37:34.668+0000] {logging_mixin.py:120} INFO - [2023-12-21T16:37:34.668+0000] {dag.py:2585} INFO - Sync 3 DAGs
[2023-12-21T16:37:34.702+0000] {logging_mixin.py:120} INFO - [2023-12-21T16:37:34.702+0000] {dag.py:3340} INFO - Setting next_dagrun for example_branch_datetime_operator to 2023-12-20T00:00:00+00:00, run_after=2023-12-21T00:00:00+00:00
[2023-12-21T16:37:34.707+0000] {logging_mixin.py:120} INFO - [2023-12-21T16:37:34.707+0000] {dag.py:3340} INFO - Setting next_dagrun for example_branch_datetime_operator_2 to 2023-12-20T00:00:00+00:00, run_after=2023-12-21T00:00:00+00:00
[2023-12-21T16:37:34.710+0000] {logging_mixin.py:120} INFO - [2023-12-21T16:37:34.710+0000] {dag.py:3340} INFO - Setting next_dagrun for example_branch_datetime_operator_3 to 2023-12-20T00:00:00+00:00, run_after=2023-12-21T00:00:00+00:00
[2023-12-21T16:37:34.735+0000] {processor.py:176} INFO - Processing /home/airflow/.local/lib/python3.7/site-packages/airflow/example_dags/example_branch_datetime_operator.py took 0.144 seconds
[2023-12-21T16:38:05.312+0000] {processor.py:154} INFO - Started process (PID=308) to work on /home/airflow/.local/lib/python3.7/site-packages/airflow/example_dags/example_branch_datetime_operator.py
[2023-12-21T16:38:05.312+0000] {processor.py:756} INFO - Processing file /home/airflow/.local/lib/python3.7/site-packages/airflow/example_dags/example_branch_datetime_operator.py for tasks to queue
[2023-12-21T16:38:05.313+0000] {logging_mixin.py:120} INFO - [2023-12-21T16:38:05.313+0000] {dagbag.py:537} INFO - Filling up the DagBag from /home/airflow/.local/lib/python3.7/site-packages/airflow/example_dags/example_branch_datetime_operator.py
[2023-12-21T16:38:05.329+0000] {processor.py:766} INFO - DAG(s) dict_keys(['example_branch_datetime_operator_2', 'example_branch_datetime_operator_3', 'example_branch_datetime_operator']) retrieved from /home/airflow/.local/lib/python3.7/site-packages/airflow/example_dags/example_branch_datetime_operator.py
[2023-12-21T16:38:05.377+0000] {logging_mixin.py:120} INFO - [2023-12-21T16:38:05.377+0000] {dag.py:2585} INFO - Sync 3 DAGs
[2023-12-21T16:38:05.407+0000] {logging_mixin.py:120} INFO - [2023-12-21T16:38:05.407+0000] {dag.py:3340} INFO - Setting next_dagrun for example_branch_datetime_operator to 2023-12-20T00:00:00+00:00, run_after=2023-12-21T00:00:00+00:00
[2023-12-21T16:38:05.412+0000] {logging_mixin.py:120} INFO - [2023-12-21T16:38:05.412+0000] {dag.py:3340} INFO - Setting next_dagrun for example_branch_datetime_operator_2 to 2023-12-20T00:00:00+00:00, run_after=2023-12-21T00:00:00+00:00
[2023-12-21T16:38:05.415+0000] {logging_mixin.py:120} INFO - [2023-12-21T16:38:05.415+0000] {dag.py:3340} INFO - Setting next_dagrun for example_branch_datetime_operator_3 to 2023-12-20T00:00:00+00:00, run_after=2023-12-21T00:00:00+00:00
[2023-12-21T16:38:05.439+0000] {processor.py:176} INFO - Processing /home/airflow/.local/lib/python3.7/site-packages/airflow/example_dags/example_branch_datetime_operator.py took 0.130 seconds
[2023-12-21T16:38:35.588+0000] {processor.py:154} INFO - Started process (PID=371) to work on /home/airflow/.local/lib/python3.7/site-packages/airflow/example_dags/example_branch_datetime_operator.py
[2023-12-21T16:38:35.589+0000] {processor.py:756} INFO - Processing file /home/airflow/.local/lib/python3.7/site-packages/airflow/example_dags/example_branch_datetime_operator.py for tasks to queue
[2023-12-21T16:38:35.590+0000] {logging_mixin.py:120} INFO - [2023-12-21T16:38:35.590+0000] {dagbag.py:537} INFO - Filling up the DagBag from /home/airflow/.local/lib/python3.7/site-packages/airflow/example_dags/example_branch_datetime_operator.py
[2023-12-21T16:38:35.625+0000] {processor.py:766} INFO - DAG(s) dict_keys(['example_branch_datetime_operator', 'example_branch_datetime_operator_3', 'example_branch_datetime_operator_2']) retrieved from /home/airflow/.local/lib/python3.7/site-packages/airflow/example_dags/example_branch_datetime_operator.py
[2023-12-21T16:38:35.686+0000] {logging_mixin.py:120} INFO - [2023-12-21T16:38:35.685+0000] {dag.py:2585} INFO - Sync 3 DAGs
[2023-12-21T16:38:35.722+0000] {logging_mixin.py:120} INFO - [2023-12-21T16:38:35.722+0000] {dag.py:3340} INFO - Setting next_dagrun for example_branch_datetime_operator to 2023-12-20T00:00:00+00:00, run_after=2023-12-21T00:00:00+00:00
[2023-12-21T16:38:35.735+0000] {logging_mixin.py:120} INFO - [2023-12-21T16:38:35.735+0000] {dag.py:3340} INFO - Setting next_dagrun for example_branch_datetime_operator_2 to 2023-12-20T00:00:00+00:00, run_after=2023-12-21T00:00:00+00:00
[2023-12-21T16:38:35.742+0000] {logging_mixin.py:120} INFO - [2023-12-21T16:38:35.742+0000] {dag.py:3340} INFO - Setting next_dagrun for example_branch_datetime_operator_3 to 2023-12-20T00:00:00+00:00, run_after=2023-12-21T00:00:00+00:00
[2023-12-21T16:38:35.799+0000] {processor.py:176} INFO - Processing /home/airflow/.local/lib/python3.7/site-packages/airflow/example_dags/example_branch_datetime_operator.py took 0.214 seconds
[2023-12-21T16:39:06.621+0000] {processor.py:154} INFO - Started process (PID=434) to work on /home/airflow/.local/lib/python3.7/site-packages/airflow/example_dags/example_branch_datetime_operator.py
[2023-12-21T16:39:06.621+0000] {processor.py:756} INFO - Processing file /home/airflow/.local/lib/python3.7/site-packages/airflow/example_dags/example_branch_datetime_operator.py for tasks to queue
[2023-12-21T16:39:06.622+0000] {logging_mixin.py:120} INFO - [2023-12-21T16:39:06.622+0000] {dagbag.py:537} INFO - Filling up the DagBag from /home/airflow/.local/lib/python3.7/site-packages/airflow/example_dags/example_branch_datetime_operator.py
[2023-12-21T16:39:06.643+0000] {processor.py:766} INFO - DAG(s) dict_keys(['example_branch_datetime_operator', 'example_branch_datetime_operator_2', 'example_branch_datetime_operator_3']) retrieved from /home/airflow/.local/lib/python3.7/site-packages/airflow/example_dags/example_branch_datetime_operator.py
[2023-12-21T16:39:06.697+0000] {logging_mixin.py:120} INFO - [2023-12-21T16:39:06.696+0000] {dag.py:2585} INFO - Sync 3 DAGs
[2023-12-21T16:39:06.731+0000] {logging_mixin.py:120} INFO - [2023-12-21T16:39:06.731+0000] {dag.py:3340} INFO - Setting next_dagrun for example_branch_datetime_operator to 2023-12-20T00:00:00+00:00, run_after=2023-12-21T00:00:00+00:00
[2023-12-21T16:39:06.737+0000] {logging_mixin.py:120} INFO - [2023-12-21T16:39:06.737+0000] {dag.py:3340} INFO - Setting next_dagrun for example_branch_datetime_operator_2 to 2023-12-20T00:00:00+00:00, run_after=2023-12-21T00:00:00+00:00
[2023-12-21T16:39:06.740+0000] {logging_mixin.py:120} INFO - [2023-12-21T16:39:06.740+0000] {dag.py:3340} INFO - Setting next_dagrun for example_branch_datetime_operator_3 to 2023-12-20T00:00:00+00:00, run_after=2023-12-21T00:00:00+00:00
[2023-12-21T16:39:06.764+0000] {processor.py:176} INFO - Processing /home/airflow/.local/lib/python3.7/site-packages/airflow/example_dags/example_branch_datetime_operator.py took 0.147 seconds
[2023-12-21T16:39:37.389+0000] {processor.py:154} INFO - Started process (PID=488) to work on /home/airflow/.local/lib/python3.7/site-packages/airflow/example_dags/example_branch_datetime_operator.py
[2023-12-21T16:39:37.389+0000] {processor.py:756} INFO - Processing file /home/airflow/.local/lib/python3.7/site-packages/airflow/example_dags/example_branch_datetime_operator.py for tasks to queue
[2023-12-21T16:39:37.390+0000] {logging_mixin.py:120} INFO - [2023-12-21T16:39:37.390+0000] {dagbag.py:537} INFO - Filling up the DagBag from /home/airflow/.local/lib/python3.7/site-packages/airflow/example_dags/example_branch_datetime_operator.py
[2023-12-21T16:39:37.412+0000] {processor.py:766} INFO - DAG(s) dict_keys(['example_branch_datetime_operator_3', 'example_branch_datetime_operator', 'example_branch_datetime_operator_2']) retrieved from /home/airflow/.local/lib/python3.7/site-packages/airflow/example_dags/example_branch_datetime_operator.py
[2023-12-21T16:39:37.463+0000] {logging_mixin.py:120} INFO - [2023-12-21T16:39:37.463+0000] {dag.py:2585} INFO - Sync 3 DAGs
[2023-12-21T16:39:37.494+0000] {logging_mixin.py:120} INFO - [2023-12-21T16:39:37.494+0000] {dag.py:3340} INFO - Setting next_dagrun for example_branch_datetime_operator to 2023-12-20T00:00:00+00:00, run_after=2023-12-21T00:00:00+00:00
[2023-12-21T16:39:37.500+0000] {logging_mixin.py:120} INFO - [2023-12-21T16:39:37.500+0000] {dag.py:3340} INFO - Setting next_dagrun for example_branch_datetime_operator_2 to 2023-12-20T00:00:00+00:00, run_after=2023-12-21T00:00:00+00:00
[2023-12-21T16:39:37.503+0000] {logging_mixin.py:120} INFO - [2023-12-21T16:39:37.503+0000] {dag.py:3340} INFO - Setting next_dagrun for example_branch_datetime_operator_3 to 2023-12-20T00:00:00+00:00, run_after=2023-12-21T00:00:00+00:00
[2023-12-21T16:39:37.525+0000] {processor.py:176} INFO - Processing /home/airflow/.local/lib/python3.7/site-packages/airflow/example_dags/example_branch_datetime_operator.py took 0.140 seconds
[2023-12-21T16:40:07.891+0000] {processor.py:154} INFO - Started process (PID=551) to work on /home/airflow/.local/lib/python3.7/site-packages/airflow/example_dags/example_branch_datetime_operator.py
[2023-12-21T16:40:07.891+0000] {processor.py:756} INFO - Processing file /home/airflow/.local/lib/python3.7/site-packages/airflow/example_dags/example_branch_datetime_operator.py for tasks to queue
[2023-12-21T16:40:07.892+0000] {logging_mixin.py:120} INFO - [2023-12-21T16:40:07.892+0000] {dagbag.py:537} INFO - Filling up the DagBag from /home/airflow/.local/lib/python3.7/site-packages/airflow/example_dags/example_branch_datetime_operator.py
[2023-12-21T16:40:07.910+0000] {processor.py:766} INFO - DAG(s) dict_keys(['example_branch_datetime_operator_3', 'example_branch_datetime_operator', 'example_branch_datetime_operator_2']) retrieved from /home/airflow/.local/lib/python3.7/site-packages/airflow/example_dags/example_branch_datetime_operator.py
[2023-12-21T16:40:07.956+0000] {logging_mixin.py:120} INFO - [2023-12-21T16:40:07.956+0000] {dag.py:2585} INFO - Sync 3 DAGs
[2023-12-21T16:40:07.989+0000] {logging_mixin.py:120} INFO - [2023-12-21T16:40:07.989+0000] {dag.py:3340} INFO - Setting next_dagrun for example_branch_datetime_operator to 2023-12-20T00:00:00+00:00, run_after=2023-12-21T00:00:00+00:00
[2023-12-21T16:40:07.994+0000] {logging_mixin.py:120} INFO - [2023-12-21T16:40:07.994+0000] {dag.py:3340} INFO - Setting next_dagrun for example_branch_datetime_operator_2 to 2023-12-20T00:00:00+00:00, run_after=2023-12-21T00:00:00+00:00
[2023-12-21T16:40:07.997+0000] {logging_mixin.py:120} INFO - [2023-12-21T16:40:07.997+0000] {dag.py:3340} INFO - Setting next_dagrun for example_branch_datetime_operator_3 to 2023-12-20T00:00:00+00:00, run_after=2023-12-21T00:00:00+00:00
[2023-12-21T16:40:08.018+0000] {processor.py:176} INFO - Processing /home/airflow/.local/lib/python3.7/site-packages/airflow/example_dags/example_branch_datetime_operator.py took 0.130 seconds
[2023-12-21T16:40:38.692+0000] {processor.py:154} INFO - Started process (PID=614) to work on /home/airflow/.local/lib/python3.7/site-packages/airflow/example_dags/example_branch_datetime_operator.py
[2023-12-21T16:40:38.693+0000] {processor.py:756} INFO - Processing file /home/airflow/.local/lib/python3.7/site-packages/airflow/example_dags/example_branch_datetime_operator.py for tasks to queue
[2023-12-21T16:40:38.693+0000] {logging_mixin.py:120} INFO - [2023-12-21T16:40:38.693+0000] {dagbag.py:537} INFO - Filling up the DagBag from /home/airflow/.local/lib/python3.7/site-packages/airflow/example_dags/example_branch_datetime_operator.py
[2023-12-21T16:40:38.713+0000] {processor.py:766} INFO - DAG(s) dict_keys(['example_branch_datetime_operator', 'example_branch_datetime_operator_3', 'example_branch_datetime_operator_2']) retrieved from /home/airflow/.local/lib/python3.7/site-packages/airflow/example_dags/example_branch_datetime_operator.py
[2023-12-21T16:40:38.765+0000] {logging_mixin.py:120} INFO - [2023-12-21T16:40:38.765+0000] {dag.py:2585} INFO - Sync 3 DAGs
[2023-12-21T16:40:38.793+0000] {logging_mixin.py:120} INFO - [2023-12-21T16:40:38.793+0000] {dag.py:3340} INFO - Setting next_dagrun for example_branch_datetime_operator to 2023-12-20T00:00:00+00:00, run_after=2023-12-21T00:00:00+00:00
[2023-12-21T16:40:38.799+0000] {logging_mixin.py:120} INFO - [2023-12-21T16:40:38.798+0000] {dag.py:3340} INFO - Setting next_dagrun for example_branch_datetime_operator_2 to 2023-12-20T00:00:00+00:00, run_after=2023-12-21T00:00:00+00:00
[2023-12-21T16:40:38.802+0000] {logging_mixin.py:120} INFO - [2023-12-21T16:40:38.801+0000] {dag.py:3340} INFO - Setting next_dagrun for example_branch_datetime_operator_3 to 2023-12-20T00:00:00+00:00, run_after=2023-12-21T00:00:00+00:00
[2023-12-21T16:40:38.826+0000] {processor.py:176} INFO - Processing /home/airflow/.local/lib/python3.7/site-packages/airflow/example_dags/example_branch_datetime_operator.py took 0.137 seconds
[2023-12-21T16:41:09.434+0000] {processor.py:154} INFO - Started process (PID=677) to work on /home/airflow/.local/lib/python3.7/site-packages/airflow/example_dags/example_branch_datetime_operator.py
[2023-12-21T16:41:09.435+0000] {processor.py:756} INFO - Processing file /home/airflow/.local/lib/python3.7/site-packages/airflow/example_dags/example_branch_datetime_operator.py for tasks to queue
[2023-12-21T16:41:09.436+0000] {logging_mixin.py:120} INFO - [2023-12-21T16:41:09.436+0000] {dagbag.py:537} INFO - Filling up the DagBag from /home/airflow/.local/lib/python3.7/site-packages/airflow/example_dags/example_branch_datetime_operator.py
[2023-12-21T16:41:09.458+0000] {processor.py:766} INFO - DAG(s) dict_keys(['example_branch_datetime_operator_2', 'example_branch_datetime_operator', 'example_branch_datetime_operator_3']) retrieved from /home/airflow/.local/lib/python3.7/site-packages/airflow/example_dags/example_branch_datetime_operator.py
[2023-12-21T16:41:09.512+0000] {logging_mixin.py:120} INFO - [2023-12-21T16:41:09.512+0000] {dag.py:2585} INFO - Sync 3 DAGs
[2023-12-21T16:41:09.539+0000] {logging_mixin.py:120} INFO - [2023-12-21T16:41:09.539+0000] {dag.py:3340} INFO - Setting next_dagrun for example_branch_datetime_operator to 2023-12-20T00:00:00+00:00, run_after=2023-12-21T00:00:00+00:00
[2023-12-21T16:41:09.545+0000] {logging_mixin.py:120} INFO - [2023-12-21T16:41:09.545+0000] {dag.py:3340} INFO - Setting next_dagrun for example_branch_datetime_operator_2 to 2023-12-20T00:00:00+00:00, run_after=2023-12-21T00:00:00+00:00
[2023-12-21T16:41:09.548+0000] {logging_mixin.py:120} INFO - [2023-12-21T16:41:09.548+0000] {dag.py:3340} INFO - Setting next_dagrun for example_branch_datetime_operator_3 to 2023-12-20T00:00:00+00:00, run_after=2023-12-21T00:00:00+00:00
[2023-12-21T16:41:09.571+0000] {processor.py:176} INFO - Processing /home/airflow/.local/lib/python3.7/site-packages/airflow/example_dags/example_branch_datetime_operator.py took 0.140 seconds
[2023-12-21T16:41:40.065+0000] {processor.py:154} INFO - Started process (PID=731) to work on /home/airflow/.local/lib/python3.7/site-packages/airflow/example_dags/example_branch_datetime_operator.py
[2023-12-21T16:41:40.065+0000] {processor.py:756} INFO - Processing file /home/airflow/.local/lib/python3.7/site-packages/airflow/example_dags/example_branch_datetime_operator.py for tasks to queue
[2023-12-21T16:41:40.066+0000] {logging_mixin.py:120} INFO - [2023-12-21T16:41:40.066+0000] {dagbag.py:537} INFO - Filling up the DagBag from /home/airflow/.local/lib/python3.7/site-packages/airflow/example_dags/example_branch_datetime_operator.py
[2023-12-21T16:41:40.081+0000] {processor.py:766} INFO - DAG(s) dict_keys(['example_branch_datetime_operator_3', 'example_branch_datetime_operator', 'example_branch_datetime_operator_2']) retrieved from /home/airflow/.local/lib/python3.7/site-packages/airflow/example_dags/example_branch_datetime_operator.py
[2023-12-21T16:41:40.126+0000] {logging_mixin.py:120} INFO - [2023-12-21T16:41:40.126+0000] {dag.py:2585} INFO - Sync 3 DAGs
[2023-12-21T16:41:40.161+0000] {logging_mixin.py:120} INFO - [2023-12-21T16:41:40.161+0000] {dag.py:3340} INFO - Setting next_dagrun for example_branch_datetime_operator to 2023-12-20T00:00:00+00:00, run_after=2023-12-21T00:00:00+00:00
[2023-12-21T16:41:40.167+0000] {logging_mixin.py:120} INFO - [2023-12-21T16:41:40.167+0000] {dag.py:3340} INFO - Setting next_dagrun for example_branch_datetime_operator_2 to 2023-12-20T00:00:00+00:00, run_after=2023-12-21T00:00:00+00:00
[2023-12-21T16:41:40.170+0000] {logging_mixin.py:120} INFO - [2023-12-21T16:41:40.170+0000] {dag.py:3340} INFO - Setting next_dagrun for example_branch_datetime_operator_3 to 2023-12-20T00:00:00+00:00, run_after=2023-12-21T00:00:00+00:00
[2023-12-21T16:41:40.193+0000] {processor.py:176} INFO - Processing /home/airflow/.local/lib/python3.7/site-packages/airflow/example_dags/example_branch_datetime_operator.py took 0.131 seconds
[2023-12-21T16:42:10.810+0000] {processor.py:154} INFO - Started process (PID=795) to work on /home/airflow/.local/lib/python3.7/site-packages/airflow/example_dags/example_branch_datetime_operator.py
[2023-12-21T16:42:10.810+0000] {processor.py:756} INFO - Processing file /home/airflow/.local/lib/python3.7/site-packages/airflow/example_dags/example_branch_datetime_operator.py for tasks to queue
[2023-12-21T16:42:10.811+0000] {logging_mixin.py:120} INFO - [2023-12-21T16:42:10.811+0000] {dagbag.py:537} INFO - Filling up the DagBag from /home/airflow/.local/lib/python3.7/site-packages/airflow/example_dags/example_branch_datetime_operator.py
[2023-12-21T16:42:10.833+0000] {processor.py:766} INFO - DAG(s) dict_keys(['example_branch_datetime_operator', 'example_branch_datetime_operator_3', 'example_branch_datetime_operator_2']) retrieved from /home/airflow/.local/lib/python3.7/site-packages/airflow/example_dags/example_branch_datetime_operator.py
[2023-12-21T16:42:10.885+0000] {logging_mixin.py:120} INFO - [2023-12-21T16:42:10.885+0000] {dag.py:2585} INFO - Sync 3 DAGs
[2023-12-21T16:42:10.916+0000] {logging_mixin.py:120} INFO - [2023-12-21T16:42:10.916+0000] {dag.py:3340} INFO - Setting next_dagrun for example_branch_datetime_operator to 2023-12-20T00:00:00+00:00, run_after=2023-12-21T00:00:00+00:00
[2023-12-21T16:42:10.922+0000] {logging_mixin.py:120} INFO - [2023-12-21T16:42:10.921+0000] {dag.py:3340} INFO - Setting next_dagrun for example_branch_datetime_operator_2 to 2023-12-20T00:00:00+00:00, run_after=2023-12-21T00:00:00+00:00
[2023-12-21T16:42:10.925+0000] {logging_mixin.py:120} INFO - [2023-12-21T16:42:10.924+0000] {dag.py:3340} INFO - Setting next_dagrun for example_branch_datetime_operator_3 to 2023-12-20T00:00:00+00:00, run_after=2023-12-21T00:00:00+00:00
[2023-12-21T16:42:10.950+0000] {processor.py:176} INFO - Processing /home/airflow/.local/lib/python3.7/site-packages/airflow/example_dags/example_branch_datetime_operator.py took 0.144 seconds
[2023-12-21T16:42:41.678+0000] {processor.py:154} INFO - Started process (PID=858) to work on /home/airflow/.local/lib/python3.7/site-packages/airflow/example_dags/example_branch_datetime_operator.py
[2023-12-21T16:42:41.679+0000] {processor.py:756} INFO - Processing file /home/airflow/.local/lib/python3.7/site-packages/airflow/example_dags/example_branch_datetime_operator.py for tasks to queue
[2023-12-21T16:42:41.679+0000] {logging_mixin.py:120} INFO - [2023-12-21T16:42:41.679+0000] {dagbag.py:537} INFO - Filling up the DagBag from /home/airflow/.local/lib/python3.7/site-packages/airflow/example_dags/example_branch_datetime_operator.py
[2023-12-21T16:42:41.694+0000] {processor.py:766} INFO - DAG(s) dict_keys(['example_branch_datetime_operator_3', 'example_branch_datetime_operator', 'example_branch_datetime_operator_2']) retrieved from /home/airflow/.local/lib/python3.7/site-packages/airflow/example_dags/example_branch_datetime_operator.py
[2023-12-21T16:42:41.740+0000] {logging_mixin.py:120} INFO - [2023-12-21T16:42:41.740+0000] {dag.py:2585} INFO - Sync 3 DAGs
[2023-12-21T16:42:41.767+0000] {logging_mixin.py:120} INFO - [2023-12-21T16:42:41.767+0000] {dag.py:3340} INFO - Setting next_dagrun for example_branch_datetime_operator to 2023-12-20T00:00:00+00:00, run_after=2023-12-21T00:00:00+00:00
[2023-12-21T16:42:41.773+0000] {logging_mixin.py:120} INFO - [2023-12-21T16:42:41.773+0000] {dag.py:3340} INFO - Setting next_dagrun for example_branch_datetime_operator_2 to 2023-12-20T00:00:00+00:00, run_after=2023-12-21T00:00:00+00:00
[2023-12-21T16:42:41.776+0000] {logging_mixin.py:120} INFO - [2023-12-21T16:42:41.776+0000] {dag.py:3340} INFO - Setting next_dagrun for example_branch_datetime_operator_3 to 2023-12-20T00:00:00+00:00, run_after=2023-12-21T00:00:00+00:00
[2023-12-21T16:42:41.804+0000] {processor.py:176} INFO - Processing /home/airflow/.local/lib/python3.7/site-packages/airflow/example_dags/example_branch_datetime_operator.py took 0.128 seconds
[2023-12-21T16:43:12.404+0000] {processor.py:154} INFO - Started process (PID=921) to work on /home/airflow/.local/lib/python3.7/site-packages/airflow/example_dags/example_branch_datetime_operator.py
[2023-12-21T16:43:12.404+0000] {processor.py:756} INFO - Processing file /home/airflow/.local/lib/python3.7/site-packages/airflow/example_dags/example_branch_datetime_operator.py for tasks to queue
[2023-12-21T16:43:12.405+0000] {logging_mixin.py:120} INFO - [2023-12-21T16:43:12.405+0000] {dagbag.py:537} INFO - Filling up the DagBag from /home/airflow/.local/lib/python3.7/site-packages/airflow/example_dags/example_branch_datetime_operator.py
[2023-12-21T16:43:12.426+0000] {processor.py:766} INFO - DAG(s) dict_keys(['example_branch_datetime_operator_2', 'example_branch_datetime_operator', 'example_branch_datetime_operator_3']) retrieved from /home/airflow/.local/lib/python3.7/site-packages/airflow/example_dags/example_branch_datetime_operator.py
[2023-12-21T16:43:12.480+0000] {logging_mixin.py:120} INFO - [2023-12-21T16:43:12.480+0000] {dag.py:2585} INFO - Sync 3 DAGs
[2023-12-21T16:43:12.515+0000] {logging_mixin.py:120} INFO - [2023-12-21T16:43:12.515+0000] {dag.py:3340} INFO - Setting next_dagrun for example_branch_datetime_operator to 2023-12-20T00:00:00+00:00, run_after=2023-12-21T00:00:00+00:00
[2023-12-21T16:43:12.521+0000] {logging_mixin.py:120} INFO - [2023-12-21T16:43:12.521+0000] {dag.py:3340} INFO - Setting next_dagrun for example_branch_datetime_operator_2 to 2023-12-20T00:00:00+00:00, run_after=2023-12-21T00:00:00+00:00
[2023-12-21T16:43:12.524+0000] {logging_mixin.py:120} INFO - [2023-12-21T16:43:12.524+0000] {dag.py:3340} INFO - Setting next_dagrun for example_branch_datetime_operator_3 to 2023-12-20T00:00:00+00:00, run_after=2023-12-21T00:00:00+00:00
[2023-12-21T16:43:12.550+0000] {processor.py:176} INFO - Processing /home/airflow/.local/lib/python3.7/site-packages/airflow/example_dags/example_branch_datetime_operator.py took 0.150 seconds
[2023-12-21T16:43:42.903+0000] {processor.py:154} INFO - Started process (PID=975) to work on /home/airflow/.local/lib/python3.7/site-packages/airflow/example_dags/example_branch_datetime_operator.py
[2023-12-21T16:43:42.904+0000] {processor.py:756} INFO - Processing file /home/airflow/.local/lib/python3.7/site-packages/airflow/example_dags/example_branch_datetime_operator.py for tasks to queue
[2023-12-21T16:43:42.904+0000] {logging_mixin.py:120} INFO - [2023-12-21T16:43:42.904+0000] {dagbag.py:537} INFO - Filling up the DagBag from /home/airflow/.local/lib/python3.7/site-packages/airflow/example_dags/example_branch_datetime_operator.py
[2023-12-21T16:43:42.919+0000] {processor.py:766} INFO - DAG(s) dict_keys(['example_branch_datetime_operator', 'example_branch_datetime_operator_2', 'example_branch_datetime_operator_3']) retrieved from /home/airflow/.local/lib/python3.7/site-packages/airflow/example_dags/example_branch_datetime_operator.py
[2023-12-21T16:43:42.959+0000] {logging_mixin.py:120} INFO - [2023-12-21T16:43:42.959+0000] {dag.py:2585} INFO - Sync 3 DAGs
[2023-12-21T16:43:42.984+0000] {logging_mixin.py:120} INFO - [2023-12-21T16:43:42.984+0000] {dag.py:3340} INFO - Setting next_dagrun for example_branch_datetime_operator to 2023-12-20T00:00:00+00:00, run_after=2023-12-21T00:00:00+00:00
[2023-12-21T16:43:42.988+0000] {logging_mixin.py:120} INFO - [2023-12-21T16:43:42.988+0000] {dag.py:3340} INFO - Setting next_dagrun for example_branch_datetime_operator_2 to 2023-12-20T00:00:00+00:00, run_after=2023-12-21T00:00:00+00:00
[2023-12-21T16:43:42.990+0000] {logging_mixin.py:120} INFO - [2023-12-21T16:43:42.990+0000] {dag.py:3340} INFO - Setting next_dagrun for example_branch_datetime_operator_3 to 2023-12-20T00:00:00+00:00, run_after=2023-12-21T00:00:00+00:00
[2023-12-21T16:43:43.012+0000] {processor.py:176} INFO - Processing /home/airflow/.local/lib/python3.7/site-packages/airflow/example_dags/example_branch_datetime_operator.py took 0.111 seconds
[2023-12-21T16:44:13.685+0000] {processor.py:154} INFO - Started process (PID=1038) to work on /home/airflow/.local/lib/python3.7/site-packages/airflow/example_dags/example_branch_datetime_operator.py
[2023-12-21T16:44:13.685+0000] {processor.py:756} INFO - Processing file /home/airflow/.local/lib/python3.7/site-packages/airflow/example_dags/example_branch_datetime_operator.py for tasks to queue
[2023-12-21T16:44:13.686+0000] {logging_mixin.py:120} INFO - [2023-12-21T16:44:13.685+0000] {dagbag.py:537} INFO - Filling up the DagBag from /home/airflow/.local/lib/python3.7/site-packages/airflow/example_dags/example_branch_datetime_operator.py
[2023-12-21T16:44:13.701+0000] {processor.py:766} INFO - DAG(s) dict_keys(['example_branch_datetime_operator', 'example_branch_datetime_operator_3', 'example_branch_datetime_operator_2']) retrieved from /home/airflow/.local/lib/python3.7/site-packages/airflow/example_dags/example_branch_datetime_operator.py
[2023-12-21T16:44:13.741+0000] {logging_mixin.py:120} INFO - [2023-12-21T16:44:13.741+0000] {dag.py:2585} INFO - Sync 3 DAGs
[2023-12-21T16:44:13.763+0000] {logging_mixin.py:120} INFO - [2023-12-21T16:44:13.763+0000] {dag.py:3340} INFO - Setting next_dagrun for example_branch_datetime_operator to 2023-12-20T00:00:00+00:00, run_after=2023-12-21T00:00:00+00:00
[2023-12-21T16:44:13.769+0000] {logging_mixin.py:120} INFO - [2023-12-21T16:44:13.768+0000] {dag.py:3340} INFO - Setting next_dagrun for example_branch_datetime_operator_2 to 2023-12-20T00:00:00+00:00, run_after=2023-12-21T00:00:00+00:00
[2023-12-21T16:44:13.772+0000] {logging_mixin.py:120} INFO - [2023-12-21T16:44:13.772+0000] {dag.py:3340} INFO - Setting next_dagrun for example_branch_datetime_operator_3 to 2023-12-20T00:00:00+00:00, run_after=2023-12-21T00:00:00+00:00
[2023-12-21T16:44:13.794+0000] {processor.py:176} INFO - Processing /home/airflow/.local/lib/python3.7/site-packages/airflow/example_dags/example_branch_datetime_operator.py took 0.112 seconds
[2023-12-21T16:44:44.545+0000] {processor.py:154} INFO - Started process (PID=1102) to work on /home/airflow/.local/lib/python3.7/site-packages/airflow/example_dags/example_branch_datetime_operator.py
[2023-12-21T16:44:44.546+0000] {processor.py:756} INFO - Processing file /home/airflow/.local/lib/python3.7/site-packages/airflow/example_dags/example_branch_datetime_operator.py for tasks to queue
[2023-12-21T16:44:44.547+0000] {logging_mixin.py:120} INFO - [2023-12-21T16:44:44.546+0000] {dagbag.py:537} INFO - Filling up the DagBag from /home/airflow/.local/lib/python3.7/site-packages/airflow/example_dags/example_branch_datetime_operator.py
[2023-12-21T16:44:44.569+0000] {processor.py:766} INFO - DAG(s) dict_keys(['example_branch_datetime_operator', 'example_branch_datetime_operator_2', 'example_branch_datetime_operator_3']) retrieved from /home/airflow/.local/lib/python3.7/site-packages/airflow/example_dags/example_branch_datetime_operator.py
[2023-12-21T16:44:44.611+0000] {logging_mixin.py:120} INFO - [2023-12-21T16:44:44.611+0000] {dag.py:2585} INFO - Sync 3 DAGs
[2023-12-21T16:44:44.639+0000] {logging_mixin.py:120} INFO - [2023-12-21T16:44:44.639+0000] {dag.py:3340} INFO - Setting next_dagrun for example_branch_datetime_operator to 2023-12-20T00:00:00+00:00, run_after=2023-12-21T00:00:00+00:00
[2023-12-21T16:44:44.644+0000] {logging_mixin.py:120} INFO - [2023-12-21T16:44:44.644+0000] {dag.py:3340} INFO - Setting next_dagrun for example_branch_datetime_operator_2 to 2023-12-20T00:00:00+00:00, run_after=2023-12-21T00:00:00+00:00
[2023-12-21T16:44:44.647+0000] {logging_mixin.py:120} INFO - [2023-12-21T16:44:44.646+0000] {dag.py:3340} INFO - Setting next_dagrun for example_branch_datetime_operator_3 to 2023-12-20T00:00:00+00:00, run_after=2023-12-21T00:00:00+00:00
[2023-12-21T16:44:44.678+0000] {processor.py:176} INFO - Processing /home/airflow/.local/lib/python3.7/site-packages/airflow/example_dags/example_branch_datetime_operator.py took 0.137 seconds
[2023-12-21T16:45:15.471+0000] {processor.py:154} INFO - Started process (PID=1165) to work on /home/airflow/.local/lib/python3.7/site-packages/airflow/example_dags/example_branch_datetime_operator.py
[2023-12-21T16:45:15.472+0000] {processor.py:756} INFO - Processing file /home/airflow/.local/lib/python3.7/site-packages/airflow/example_dags/example_branch_datetime_operator.py for tasks to queue
[2023-12-21T16:45:15.472+0000] {logging_mixin.py:120} INFO - [2023-12-21T16:45:15.472+0000] {dagbag.py:537} INFO - Filling up the DagBag from /home/airflow/.local/lib/python3.7/site-packages/airflow/example_dags/example_branch_datetime_operator.py
[2023-12-21T16:45:15.494+0000] {processor.py:766} INFO - DAG(s) dict_keys(['example_branch_datetime_operator', 'example_branch_datetime_operator_2', 'example_branch_datetime_operator_3']) retrieved from /home/airflow/.local/lib/python3.7/site-packages/airflow/example_dags/example_branch_datetime_operator.py
[2023-12-21T16:45:15.554+0000] {logging_mixin.py:120} INFO - [2023-12-21T16:45:15.554+0000] {dag.py:2585} INFO - Sync 3 DAGs
[2023-12-21T16:45:15.588+0000] {logging_mixin.py:120} INFO - [2023-12-21T16:45:15.588+0000] {dag.py:3340} INFO - Setting next_dagrun for example_branch_datetime_operator to 2023-12-20T00:00:00+00:00, run_after=2023-12-21T00:00:00+00:00
[2023-12-21T16:45:15.594+0000] {logging_mixin.py:120} INFO - [2023-12-21T16:45:15.594+0000] {dag.py:3340} INFO - Setting next_dagrun for example_branch_datetime_operator_2 to 2023-12-20T00:00:00+00:00, run_after=2023-12-21T00:00:00+00:00
[2023-12-21T16:45:15.597+0000] {logging_mixin.py:120} INFO - [2023-12-21T16:45:15.597+0000] {dag.py:3340} INFO - Setting next_dagrun for example_branch_datetime_operator_3 to 2023-12-20T00:00:00+00:00, run_after=2023-12-21T00:00:00+00:00
[2023-12-21T16:45:15.622+0000] {processor.py:176} INFO - Processing /home/airflow/.local/lib/python3.7/site-packages/airflow/example_dags/example_branch_datetime_operator.py took 0.154 seconds
[2023-12-21T16:45:45.936+0000] {processor.py:154} INFO - Started process (PID=1218) to work on /home/airflow/.local/lib/python3.7/site-packages/airflow/example_dags/example_branch_datetime_operator.py
[2023-12-21T16:45:45.937+0000] {processor.py:756} INFO - Processing file /home/airflow/.local/lib/python3.7/site-packages/airflow/example_dags/example_branch_datetime_operator.py for tasks to queue
[2023-12-21T16:45:45.937+0000] {logging_mixin.py:120} INFO - [2023-12-21T16:45:45.937+0000] {dagbag.py:537} INFO - Filling up the DagBag from /home/airflow/.local/lib/python3.7/site-packages/airflow/example_dags/example_branch_datetime_operator.py
[2023-12-21T16:45:45.953+0000] {processor.py:766} INFO - DAG(s) dict_keys(['example_branch_datetime_operator_2', 'example_branch_datetime_operator', 'example_branch_datetime_operator_3']) retrieved from /home/airflow/.local/lib/python3.7/site-packages/airflow/example_dags/example_branch_datetime_operator.py
[2023-12-21T16:45:45.997+0000] {logging_mixin.py:120} INFO - [2023-12-21T16:45:45.997+0000] {dag.py:2585} INFO - Sync 3 DAGs
[2023-12-21T16:45:46.024+0000] {logging_mixin.py:120} INFO - [2023-12-21T16:45:46.024+0000] {dag.py:3340} INFO - Setting next_dagrun for example_branch_datetime_operator to 2023-12-20T00:00:00+00:00, run_after=2023-12-21T00:00:00+00:00
[2023-12-21T16:45:46.029+0000] {logging_mixin.py:120} INFO - [2023-12-21T16:45:46.029+0000] {dag.py:3340} INFO - Setting next_dagrun for example_branch_datetime_operator_2 to 2023-12-20T00:00:00+00:00, run_after=2023-12-21T00:00:00+00:00
[2023-12-21T16:45:46.031+0000] {logging_mixin.py:120} INFO - [2023-12-21T16:45:46.031+0000] {dag.py:3340} INFO - Setting next_dagrun for example_branch_datetime_operator_3 to 2023-12-20T00:00:00+00:00, run_after=2023-12-21T00:00:00+00:00
[2023-12-21T16:45:46.053+0000] {processor.py:176} INFO - Processing /home/airflow/.local/lib/python3.7/site-packages/airflow/example_dags/example_branch_datetime_operator.py took 0.120 seconds
[2023-12-21T16:46:16.791+0000] {processor.py:154} INFO - Started process (PID=1281) to work on /home/airflow/.local/lib/python3.7/site-packages/airflow/example_dags/example_branch_datetime_operator.py
[2023-12-21T16:46:16.791+0000] {processor.py:756} INFO - Processing file /home/airflow/.local/lib/python3.7/site-packages/airflow/example_dags/example_branch_datetime_operator.py for tasks to queue
[2023-12-21T16:46:16.792+0000] {logging_mixin.py:120} INFO - [2023-12-21T16:46:16.791+0000] {dagbag.py:537} INFO - Filling up the DagBag from /home/airflow/.local/lib/python3.7/site-packages/airflow/example_dags/example_branch_datetime_operator.py
[2023-12-21T16:46:16.807+0000] {processor.py:766} INFO - DAG(s) dict_keys(['example_branch_datetime_operator_3', 'example_branch_datetime_operator_2', 'example_branch_datetime_operator']) retrieved from /home/airflow/.local/lib/python3.7/site-packages/airflow/example_dags/example_branch_datetime_operator.py
[2023-12-21T16:46:16.847+0000] {logging_mixin.py:120} INFO - [2023-12-21T16:46:16.847+0000] {dag.py:2585} INFO - Sync 3 DAGs
[2023-12-21T16:46:16.872+0000] {logging_mixin.py:120} INFO - [2023-12-21T16:46:16.872+0000] {dag.py:3340} INFO - Setting next_dagrun for example_branch_datetime_operator to 2023-12-20T00:00:00+00:00, run_after=2023-12-21T00:00:00+00:00
[2023-12-21T16:46:16.876+0000] {logging_mixin.py:120} INFO - [2023-12-21T16:46:16.876+0000] {dag.py:3340} INFO - Setting next_dagrun for example_branch_datetime_operator_2 to 2023-12-20T00:00:00+00:00, run_after=2023-12-21T00:00:00+00:00
[2023-12-21T16:46:16.878+0000] {logging_mixin.py:120} INFO - [2023-12-21T16:46:16.878+0000] {dag.py:3340} INFO - Setting next_dagrun for example_branch_datetime_operator_3 to 2023-12-20T00:00:00+00:00, run_after=2023-12-21T00:00:00+00:00
[2023-12-21T16:46:16.900+0000] {processor.py:176} INFO - Processing /home/airflow/.local/lib/python3.7/site-packages/airflow/example_dags/example_branch_datetime_operator.py took 0.112 seconds
[2023-12-21T16:46:47.775+0000] {processor.py:154} INFO - Started process (PID=1343) to work on /home/airflow/.local/lib/python3.7/site-packages/airflow/example_dags/example_branch_datetime_operator.py
[2023-12-21T16:46:47.777+0000] {processor.py:756} INFO - Processing file /home/airflow/.local/lib/python3.7/site-packages/airflow/example_dags/example_branch_datetime_operator.py for tasks to queue
[2023-12-21T16:46:47.778+0000] {logging_mixin.py:120} INFO - [2023-12-21T16:46:47.777+0000] {dagbag.py:537} INFO - Filling up the DagBag from /home/airflow/.local/lib/python3.7/site-packages/airflow/example_dags/example_branch_datetime_operator.py
[2023-12-21T16:46:47.796+0000] {processor.py:766} INFO - DAG(s) dict_keys(['example_branch_datetime_operator', 'example_branch_datetime_operator_3', 'example_branch_datetime_operator_2']) retrieved from /home/airflow/.local/lib/python3.7/site-packages/airflow/example_dags/example_branch_datetime_operator.py
[2023-12-21T16:46:47.842+0000] {logging_mixin.py:120} INFO - [2023-12-21T16:46:47.842+0000] {dag.py:2585} INFO - Sync 3 DAGs
[2023-12-21T16:46:47.866+0000] {logging_mixin.py:120} INFO - [2023-12-21T16:46:47.865+0000] {dag.py:3340} INFO - Setting next_dagrun for example_branch_datetime_operator to 2023-12-20T00:00:00+00:00, run_after=2023-12-21T00:00:00+00:00
[2023-12-21T16:46:47.870+0000] {logging_mixin.py:120} INFO - [2023-12-21T16:46:47.870+0000] {dag.py:3340} INFO - Setting next_dagrun for example_branch_datetime_operator_2 to 2023-12-20T00:00:00+00:00, run_after=2023-12-21T00:00:00+00:00
[2023-12-21T16:46:47.872+0000] {logging_mixin.py:120} INFO - [2023-12-21T16:46:47.872+0000] {dag.py:3340} INFO - Setting next_dagrun for example_branch_datetime_operator_3 to 2023-12-20T00:00:00+00:00, run_after=2023-12-21T00:00:00+00:00
[2023-12-21T16:46:47.893+0000] {processor.py:176} INFO - Processing /home/airflow/.local/lib/python3.7/site-packages/airflow/example_dags/example_branch_datetime_operator.py took 0.121 seconds
[2023-12-21T16:47:17.980+0000] {processor.py:154} INFO - Started process (PID=1397) to work on /home/airflow/.local/lib/python3.7/site-packages/airflow/example_dags/example_branch_datetime_operator.py
[2023-12-21T16:47:17.981+0000] {processor.py:756} INFO - Processing file /home/airflow/.local/lib/python3.7/site-packages/airflow/example_dags/example_branch_datetime_operator.py for tasks to queue
[2023-12-21T16:47:17.981+0000] {logging_mixin.py:120} INFO - [2023-12-21T16:47:17.981+0000] {dagbag.py:537} INFO - Filling up the DagBag from /home/airflow/.local/lib/python3.7/site-packages/airflow/example_dags/example_branch_datetime_operator.py
[2023-12-21T16:47:18.005+0000] {processor.py:766} INFO - DAG(s) dict_keys(['example_branch_datetime_operator_3', 'example_branch_datetime_operator_2', 'example_branch_datetime_operator']) retrieved from /home/airflow/.local/lib/python3.7/site-packages/airflow/example_dags/example_branch_datetime_operator.py
[2023-12-21T16:47:18.065+0000] {logging_mixin.py:120} INFO - [2023-12-21T16:47:18.064+0000] {dag.py:2585} INFO - Sync 3 DAGs
[2023-12-21T16:47:18.100+0000] {logging_mixin.py:120} INFO - [2023-12-21T16:47:18.100+0000] {dag.py:3340} INFO - Setting next_dagrun for example_branch_datetime_operator to 2023-12-20T00:00:00+00:00, run_after=2023-12-21T00:00:00+00:00
[2023-12-21T16:47:18.106+0000] {logging_mixin.py:120} INFO - [2023-12-21T16:47:18.106+0000] {dag.py:3340} INFO - Setting next_dagrun for example_branch_datetime_operator_2 to 2023-12-20T00:00:00+00:00, run_after=2023-12-21T00:00:00+00:00
[2023-12-21T16:47:18.110+0000] {logging_mixin.py:120} INFO - [2023-12-21T16:47:18.109+0000] {dag.py:3340} INFO - Setting next_dagrun for example_branch_datetime_operator_3 to 2023-12-20T00:00:00+00:00, run_after=2023-12-21T00:00:00+00:00
[2023-12-21T16:47:18.138+0000] {processor.py:176} INFO - Processing /home/airflow/.local/lib/python3.7/site-packages/airflow/example_dags/example_branch_datetime_operator.py took 0.163 seconds
