[2023-12-21T16:35:57.336+0000] {processor.py:154} INFO - Started process (PID=45) to work on /home/airflow/.local/lib/python3.7/site-packages/airflow/example_dags/example_subdag_operator.py
[2023-12-21T16:35:57.337+0000] {processor.py:756} INFO - Processing file /home/airflow/.local/lib/python3.7/site-packages/airflow/example_dags/example_subdag_operator.py for tasks to queue
[2023-12-21T16:35:57.338+0000] {logging_mixin.py:120} INFO - [2023-12-21T16:35:57.338+0000] {dagbag.py:537} INFO - Filling up the DagBag from /home/airflow/.local/lib/python3.7/site-packages/airflow/example_dags/example_subdag_operator.py
[2023-12-21T16:35:57.384+0000] {processor.py:766} INFO - DAG(s) dict_keys(['example_subdag_operator.section-1', 'example_subdag_operator.section-2', 'example_subdag_operator']) retrieved from /home/airflow/.local/lib/python3.7/site-packages/airflow/example_dags/example_subdag_operator.py
[2023-12-21T16:35:57.819+0000] {logging_mixin.py:120} INFO - [2023-12-21T16:35:57.819+0000] {manager.py:507} INFO - Created Permission View: can read on DAG:example_subdag_operator
[2023-12-21T16:35:57.836+0000] {logging_mixin.py:120} INFO - [2023-12-21T16:35:57.836+0000] {manager.py:507} INFO - Created Permission View: can delete on DAG:example_subdag_operator
[2023-12-21T16:35:57.848+0000] {logging_mixin.py:120} INFO - [2023-12-21T16:35:57.848+0000] {manager.py:507} INFO - Created Permission View: can edit on DAG:example_subdag_operator
[2023-12-21T16:35:57.848+0000] {logging_mixin.py:120} INFO - [2023-12-21T16:35:57.848+0000] {dag.py:2585} INFO - Sync 3 DAGs
[2023-12-21T16:35:57.864+0000] {logging_mixin.py:120} INFO - [2023-12-21T16:35:57.864+0000] {dag.py:2606} INFO - Creating ORM DAG for example_subdag_operator.section-2
[2023-12-21T16:35:57.865+0000] {logging_mixin.py:120} INFO - [2023-12-21T16:35:57.865+0000] {dag.py:2606} INFO - Creating ORM DAG for example_subdag_operator.section-1
[2023-12-21T16:35:57.865+0000] {logging_mixin.py:120} INFO - [2023-12-21T16:35:57.865+0000] {dag.py:2606} INFO - Creating ORM DAG for example_subdag_operator
[2023-12-21T16:35:57.890+0000] {logging_mixin.py:120} INFO - [2023-12-21T16:35:57.890+0000] {dag.py:3340} INFO - Setting next_dagrun for example_subdag_operator to 2022-01-01T00:00:00+00:00, run_after=2022-01-01T00:00:00+00:00
[2023-12-21T16:35:57.891+0000] {logging_mixin.py:120} INFO - [2023-12-21T16:35:57.891+0000] {dag.py:3340} INFO - Setting next_dagrun for example_subdag_operator.section-1 to None, run_after=None
[2023-12-21T16:35:57.891+0000] {logging_mixin.py:120} INFO - [2023-12-21T16:35:57.891+0000] {dag.py:3340} INFO - Setting next_dagrun for example_subdag_operator.section-2 to None, run_after=None
[2023-12-21T16:35:57.903+0000] {logging_mixin.py:120} INFO - [2023-12-21T16:35:57.902+0000] {dag.py:2585} INFO - Sync 2 DAGs
[2023-12-21T16:35:57.911+0000] {logging_mixin.py:120} INFO - [2023-12-21T16:35:57.911+0000] {dag.py:3340} INFO - Setting next_dagrun for example_subdag_operator.section-1 to None, run_after=None
[2023-12-21T16:35:57.914+0000] {logging_mixin.py:120} INFO - [2023-12-21T16:35:57.914+0000] {dag.py:3340} INFO - Setting next_dagrun for example_subdag_operator.section-2 to None, run_after=None
[2023-12-21T16:35:57.955+0000] {processor.py:176} INFO - Processing /home/airflow/.local/lib/python3.7/site-packages/airflow/example_dags/example_subdag_operator.py took 0.622 seconds
[2023-12-21T16:36:28.757+0000] {processor.py:154} INFO - Started process (PID=99) to work on /home/airflow/.local/lib/python3.7/site-packages/airflow/example_dags/example_subdag_operator.py
[2023-12-21T16:36:28.758+0000] {processor.py:756} INFO - Processing file /home/airflow/.local/lib/python3.7/site-packages/airflow/example_dags/example_subdag_operator.py for tasks to queue
[2023-12-21T16:36:28.758+0000] {logging_mixin.py:120} INFO - [2023-12-21T16:36:28.758+0000] {dagbag.py:537} INFO - Filling up the DagBag from /home/airflow/.local/lib/python3.7/site-packages/airflow/example_dags/example_subdag_operator.py
[2023-12-21T16:36:28.787+0000] {processor.py:766} INFO - DAG(s) dict_keys(['example_subdag_operator.section-1', 'example_subdag_operator.section-2', 'example_subdag_operator']) retrieved from /home/airflow/.local/lib/python3.7/site-packages/airflow/example_dags/example_subdag_operator.py
[2023-12-21T16:36:28.952+0000] {logging_mixin.py:120} INFO - [2023-12-21T16:36:28.952+0000] {dag.py:2585} INFO - Sync 3 DAGs
[2023-12-21T16:36:28.982+0000] {logging_mixin.py:120} INFO - [2023-12-21T16:36:28.982+0000] {dag.py:3340} INFO - Setting next_dagrun for example_subdag_operator to 2022-01-01T00:00:00+00:00, run_after=2022-01-01T00:00:00+00:00
[2023-12-21T16:36:28.985+0000] {logging_mixin.py:120} INFO - [2023-12-21T16:36:28.985+0000] {dag.py:3340} INFO - Setting next_dagrun for example_subdag_operator.section-1 to None, run_after=None
[2023-12-21T16:36:28.986+0000] {logging_mixin.py:120} INFO - [2023-12-21T16:36:28.986+0000] {dag.py:3340} INFO - Setting next_dagrun for example_subdag_operator.section-2 to None, run_after=None
[2023-12-21T16:36:28.992+0000] {logging_mixin.py:120} INFO - [2023-12-21T16:36:28.992+0000] {dag.py:2585} INFO - Sync 2 DAGs
[2023-12-21T16:36:28.998+0000] {logging_mixin.py:120} INFO - [2023-12-21T16:36:28.998+0000] {dag.py:3340} INFO - Setting next_dagrun for example_subdag_operator.section-1 to None, run_after=None
[2023-12-21T16:36:28.999+0000] {logging_mixin.py:120} INFO - [2023-12-21T16:36:28.998+0000] {dag.py:3340} INFO - Setting next_dagrun for example_subdag_operator.section-2 to None, run_after=None
[2023-12-21T16:36:29.013+0000] {processor.py:176} INFO - Processing /home/airflow/.local/lib/python3.7/site-packages/airflow/example_dags/example_subdag_operator.py took 0.259 seconds
[2023-12-21T16:36:59.573+0000] {processor.py:154} INFO - Started process (PID=163) to work on /home/airflow/.local/lib/python3.7/site-packages/airflow/example_dags/example_subdag_operator.py
[2023-12-21T16:36:59.574+0000] {processor.py:756} INFO - Processing file /home/airflow/.local/lib/python3.7/site-packages/airflow/example_dags/example_subdag_operator.py for tasks to queue
[2023-12-21T16:36:59.574+0000] {logging_mixin.py:120} INFO - [2023-12-21T16:36:59.574+0000] {dagbag.py:537} INFO - Filling up the DagBag from /home/airflow/.local/lib/python3.7/site-packages/airflow/example_dags/example_subdag_operator.py
[2023-12-21T16:36:59.601+0000] {processor.py:766} INFO - DAG(s) dict_keys(['example_subdag_operator.section-1', 'example_subdag_operator.section-2', 'example_subdag_operator']) retrieved from /home/airflow/.local/lib/python3.7/site-packages/airflow/example_dags/example_subdag_operator.py
[2023-12-21T16:36:59.766+0000] {logging_mixin.py:120} INFO - [2023-12-21T16:36:59.766+0000] {dag.py:2585} INFO - Sync 3 DAGs
[2023-12-21T16:36:59.785+0000] {logging_mixin.py:120} INFO - [2023-12-21T16:36:59.785+0000] {dag.py:3340} INFO - Setting next_dagrun for example_subdag_operator to 2022-01-01T00:00:00+00:00, run_after=2022-01-01T00:00:00+00:00
[2023-12-21T16:36:59.788+0000] {logging_mixin.py:120} INFO - [2023-12-21T16:36:59.788+0000] {dag.py:3340} INFO - Setting next_dagrun for example_subdag_operator.section-1 to None, run_after=None
[2023-12-21T16:36:59.790+0000] {logging_mixin.py:120} INFO - [2023-12-21T16:36:59.789+0000] {dag.py:3340} INFO - Setting next_dagrun for example_subdag_operator.section-2 to None, run_after=None
[2023-12-21T16:36:59.795+0000] {logging_mixin.py:120} INFO - [2023-12-21T16:36:59.795+0000] {dag.py:2585} INFO - Sync 2 DAGs
[2023-12-21T16:36:59.800+0000] {logging_mixin.py:120} INFO - [2023-12-21T16:36:59.800+0000] {dag.py:3340} INFO - Setting next_dagrun for example_subdag_operator.section-1 to None, run_after=None
[2023-12-21T16:36:59.800+0000] {logging_mixin.py:120} INFO - [2023-12-21T16:36:59.800+0000] {dag.py:3340} INFO - Setting next_dagrun for example_subdag_operator.section-2 to None, run_after=None
[2023-12-21T16:36:59.815+0000] {processor.py:176} INFO - Processing /home/airflow/.local/lib/python3.7/site-packages/airflow/example_dags/example_subdag_operator.py took 0.245 seconds
[2023-12-21T16:37:30.400+0000] {processor.py:154} INFO - Started process (PID=226) to work on /home/airflow/.local/lib/python3.7/site-packages/airflow/example_dags/example_subdag_operator.py
[2023-12-21T16:37:30.401+0000] {processor.py:756} INFO - Processing file /home/airflow/.local/lib/python3.7/site-packages/airflow/example_dags/example_subdag_operator.py for tasks to queue
[2023-12-21T16:37:30.402+0000] {logging_mixin.py:120} INFO - [2023-12-21T16:37:30.402+0000] {dagbag.py:537} INFO - Filling up the DagBag from /home/airflow/.local/lib/python3.7/site-packages/airflow/example_dags/example_subdag_operator.py
[2023-12-21T16:37:30.442+0000] {processor.py:766} INFO - DAG(s) dict_keys(['example_subdag_operator.section-1', 'example_subdag_operator.section-2', 'example_subdag_operator']) retrieved from /home/airflow/.local/lib/python3.7/site-packages/airflow/example_dags/example_subdag_operator.py
[2023-12-21T16:37:30.621+0000] {logging_mixin.py:120} INFO - [2023-12-21T16:37:30.621+0000] {dag.py:2585} INFO - Sync 3 DAGs
[2023-12-21T16:37:30.641+0000] {logging_mixin.py:120} INFO - [2023-12-21T16:37:30.641+0000] {dag.py:3340} INFO - Setting next_dagrun for example_subdag_operator to 2022-01-01T00:00:00+00:00, run_after=2022-01-01T00:00:00+00:00
[2023-12-21T16:37:30.644+0000] {logging_mixin.py:120} INFO - [2023-12-21T16:37:30.644+0000] {dag.py:3340} INFO - Setting next_dagrun for example_subdag_operator.section-1 to None, run_after=None
[2023-12-21T16:37:30.645+0000] {logging_mixin.py:120} INFO - [2023-12-21T16:37:30.645+0000] {dag.py:3340} INFO - Setting next_dagrun for example_subdag_operator.section-2 to None, run_after=None
[2023-12-21T16:37:30.650+0000] {logging_mixin.py:120} INFO - [2023-12-21T16:37:30.650+0000] {dag.py:2585} INFO - Sync 2 DAGs
[2023-12-21T16:37:30.655+0000] {logging_mixin.py:120} INFO - [2023-12-21T16:37:30.655+0000] {dag.py:3340} INFO - Setting next_dagrun for example_subdag_operator.section-1 to None, run_after=None
[2023-12-21T16:37:30.655+0000] {logging_mixin.py:120} INFO - [2023-12-21T16:37:30.655+0000] {dag.py:3340} INFO - Setting next_dagrun for example_subdag_operator.section-2 to None, run_after=None
[2023-12-21T16:37:30.671+0000] {processor.py:176} INFO - Processing /home/airflow/.local/lib/python3.7/site-packages/airflow/example_dags/example_subdag_operator.py took 0.275 seconds
[2023-12-21T16:38:00.980+0000] {processor.py:154} INFO - Started process (PID=290) to work on /home/airflow/.local/lib/python3.7/site-packages/airflow/example_dags/example_subdag_operator.py
[2023-12-21T16:38:00.980+0000] {processor.py:756} INFO - Processing file /home/airflow/.local/lib/python3.7/site-packages/airflow/example_dags/example_subdag_operator.py for tasks to queue
[2023-12-21T16:38:00.981+0000] {logging_mixin.py:120} INFO - [2023-12-21T16:38:00.981+0000] {dagbag.py:537} INFO - Filling up the DagBag from /home/airflow/.local/lib/python3.7/site-packages/airflow/example_dags/example_subdag_operator.py
[2023-12-21T16:38:01.017+0000] {processor.py:766} INFO - DAG(s) dict_keys(['example_subdag_operator.section-1', 'example_subdag_operator.section-2', 'example_subdag_operator']) retrieved from /home/airflow/.local/lib/python3.7/site-packages/airflow/example_dags/example_subdag_operator.py
[2023-12-21T16:38:01.207+0000] {logging_mixin.py:120} INFO - [2023-12-21T16:38:01.207+0000] {dag.py:2585} INFO - Sync 3 DAGs
[2023-12-21T16:38:01.227+0000] {logging_mixin.py:120} INFO - [2023-12-21T16:38:01.227+0000] {dag.py:3340} INFO - Setting next_dagrun for example_subdag_operator to 2022-01-01T00:00:00+00:00, run_after=2022-01-01T00:00:00+00:00
[2023-12-21T16:38:01.231+0000] {logging_mixin.py:120} INFO - [2023-12-21T16:38:01.231+0000] {dag.py:3340} INFO - Setting next_dagrun for example_subdag_operator.section-1 to None, run_after=None
[2023-12-21T16:38:01.232+0000] {logging_mixin.py:120} INFO - [2023-12-21T16:38:01.232+0000] {dag.py:3340} INFO - Setting next_dagrun for example_subdag_operator.section-2 to None, run_after=None
[2023-12-21T16:38:01.243+0000] {logging_mixin.py:120} INFO - [2023-12-21T16:38:01.243+0000] {dag.py:2585} INFO - Sync 2 DAGs
[2023-12-21T16:38:01.251+0000] {logging_mixin.py:120} INFO - [2023-12-21T16:38:01.251+0000] {dag.py:3340} INFO - Setting next_dagrun for example_subdag_operator.section-1 to None, run_after=None
[2023-12-21T16:38:01.251+0000] {logging_mixin.py:120} INFO - [2023-12-21T16:38:01.251+0000] {dag.py:3340} INFO - Setting next_dagrun for example_subdag_operator.section-2 to None, run_after=None
[2023-12-21T16:38:01.272+0000] {processor.py:176} INFO - Processing /home/airflow/.local/lib/python3.7/site-packages/airflow/example_dags/example_subdag_operator.py took 0.296 seconds
[2023-12-21T16:38:31.785+0000] {processor.py:154} INFO - Started process (PID=344) to work on /home/airflow/.local/lib/python3.7/site-packages/airflow/example_dags/example_subdag_operator.py
[2023-12-21T16:38:31.786+0000] {processor.py:756} INFO - Processing file /home/airflow/.local/lib/python3.7/site-packages/airflow/example_dags/example_subdag_operator.py for tasks to queue
[2023-12-21T16:38:31.786+0000] {logging_mixin.py:120} INFO - [2023-12-21T16:38:31.786+0000] {dagbag.py:537} INFO - Filling up the DagBag from /home/airflow/.local/lib/python3.7/site-packages/airflow/example_dags/example_subdag_operator.py
[2023-12-21T16:38:31.831+0000] {processor.py:766} INFO - DAG(s) dict_keys(['example_subdag_operator.section-1', 'example_subdag_operator.section-2', 'example_subdag_operator']) retrieved from /home/airflow/.local/lib/python3.7/site-packages/airflow/example_dags/example_subdag_operator.py
[2023-12-21T16:38:32.110+0000] {logging_mixin.py:120} INFO - [2023-12-21T16:38:32.109+0000] {dag.py:2585} INFO - Sync 3 DAGs
[2023-12-21T16:38:32.145+0000] {logging_mixin.py:120} INFO - [2023-12-21T16:38:32.144+0000] {dag.py:3340} INFO - Setting next_dagrun for example_subdag_operator to 2022-01-01T00:00:00+00:00, run_after=2022-01-01T00:00:00+00:00
[2023-12-21T16:38:32.158+0000] {logging_mixin.py:120} INFO - [2023-12-21T16:38:32.158+0000] {dag.py:3340} INFO - Setting next_dagrun for example_subdag_operator.section-1 to None, run_after=None
[2023-12-21T16:38:32.160+0000] {logging_mixin.py:120} INFO - [2023-12-21T16:38:32.160+0000] {dag.py:3340} INFO - Setting next_dagrun for example_subdag_operator.section-2 to None, run_after=None
[2023-12-21T16:38:32.170+0000] {logging_mixin.py:120} INFO - [2023-12-21T16:38:32.170+0000] {dag.py:2585} INFO - Sync 2 DAGs
[2023-12-21T16:38:32.177+0000] {logging_mixin.py:120} INFO - [2023-12-21T16:38:32.177+0000] {dag.py:3340} INFO - Setting next_dagrun for example_subdag_operator.section-1 to None, run_after=None
[2023-12-21T16:38:32.177+0000] {logging_mixin.py:120} INFO - [2023-12-21T16:38:32.177+0000] {dag.py:3340} INFO - Setting next_dagrun for example_subdag_operator.section-2 to None, run_after=None
[2023-12-21T16:38:32.206+0000] {processor.py:176} INFO - Processing /home/airflow/.local/lib/python3.7/site-packages/airflow/example_dags/example_subdag_operator.py took 0.425 seconds
[2023-12-21T16:39:02.337+0000] {processor.py:154} INFO - Started process (PID=407) to work on /home/airflow/.local/lib/python3.7/site-packages/airflow/example_dags/example_subdag_operator.py
[2023-12-21T16:39:02.338+0000] {processor.py:756} INFO - Processing file /home/airflow/.local/lib/python3.7/site-packages/airflow/example_dags/example_subdag_operator.py for tasks to queue
[2023-12-21T16:39:02.339+0000] {logging_mixin.py:120} INFO - [2023-12-21T16:39:02.339+0000] {dagbag.py:537} INFO - Filling up the DagBag from /home/airflow/.local/lib/python3.7/site-packages/airflow/example_dags/example_subdag_operator.py
[2023-12-21T16:39:02.371+0000] {processor.py:766} INFO - DAG(s) dict_keys(['example_subdag_operator.section-1', 'example_subdag_operator.section-2', 'example_subdag_operator']) retrieved from /home/airflow/.local/lib/python3.7/site-packages/airflow/example_dags/example_subdag_operator.py
[2023-12-21T16:39:02.546+0000] {logging_mixin.py:120} INFO - [2023-12-21T16:39:02.546+0000] {dag.py:2585} INFO - Sync 3 DAGs
[2023-12-21T16:39:02.568+0000] {logging_mixin.py:120} INFO - [2023-12-21T16:39:02.568+0000] {dag.py:3340} INFO - Setting next_dagrun for example_subdag_operator to 2022-01-01T00:00:00+00:00, run_after=2022-01-01T00:00:00+00:00
[2023-12-21T16:39:02.571+0000] {logging_mixin.py:120} INFO - [2023-12-21T16:39:02.571+0000] {dag.py:3340} INFO - Setting next_dagrun for example_subdag_operator.section-1 to None, run_after=None
[2023-12-21T16:39:02.572+0000] {logging_mixin.py:120} INFO - [2023-12-21T16:39:02.572+0000] {dag.py:3340} INFO - Setting next_dagrun for example_subdag_operator.section-2 to None, run_after=None
[2023-12-21T16:39:02.579+0000] {logging_mixin.py:120} INFO - [2023-12-21T16:39:02.579+0000] {dag.py:2585} INFO - Sync 2 DAGs
[2023-12-21T16:39:02.583+0000] {logging_mixin.py:120} INFO - [2023-12-21T16:39:02.583+0000] {dag.py:3340} INFO - Setting next_dagrun for example_subdag_operator.section-1 to None, run_after=None
[2023-12-21T16:39:02.584+0000] {logging_mixin.py:120} INFO - [2023-12-21T16:39:02.584+0000] {dag.py:3340} INFO - Setting next_dagrun for example_subdag_operator.section-2 to None, run_after=None
[2023-12-21T16:39:02.600+0000] {processor.py:176} INFO - Processing /home/airflow/.local/lib/python3.7/site-packages/airflow/example_dags/example_subdag_operator.py took 0.265 seconds
[2023-12-21T16:39:33.137+0000] {processor.py:154} INFO - Started process (PID=470) to work on /home/airflow/.local/lib/python3.7/site-packages/airflow/example_dags/example_subdag_operator.py
[2023-12-21T16:39:33.138+0000] {processor.py:756} INFO - Processing file /home/airflow/.local/lib/python3.7/site-packages/airflow/example_dags/example_subdag_operator.py for tasks to queue
[2023-12-21T16:39:33.138+0000] {logging_mixin.py:120} INFO - [2023-12-21T16:39:33.138+0000] {dagbag.py:537} INFO - Filling up the DagBag from /home/airflow/.local/lib/python3.7/site-packages/airflow/example_dags/example_subdag_operator.py
[2023-12-21T16:39:33.167+0000] {processor.py:766} INFO - DAG(s) dict_keys(['example_subdag_operator.section-1', 'example_subdag_operator.section-2', 'example_subdag_operator']) retrieved from /home/airflow/.local/lib/python3.7/site-packages/airflow/example_dags/example_subdag_operator.py
[2023-12-21T16:39:33.344+0000] {logging_mixin.py:120} INFO - [2023-12-21T16:39:33.343+0000] {dag.py:2585} INFO - Sync 3 DAGs
[2023-12-21T16:39:33.367+0000] {logging_mixin.py:120} INFO - [2023-12-21T16:39:33.367+0000] {dag.py:3340} INFO - Setting next_dagrun for example_subdag_operator to 2022-01-01T00:00:00+00:00, run_after=2022-01-01T00:00:00+00:00
[2023-12-21T16:39:33.370+0000] {logging_mixin.py:120} INFO - [2023-12-21T16:39:33.370+0000] {dag.py:3340} INFO - Setting next_dagrun for example_subdag_operator.section-1 to None, run_after=None
[2023-12-21T16:39:33.372+0000] {logging_mixin.py:120} INFO - [2023-12-21T16:39:33.371+0000] {dag.py:3340} INFO - Setting next_dagrun for example_subdag_operator.section-2 to None, run_after=None
[2023-12-21T16:39:33.379+0000] {logging_mixin.py:120} INFO - [2023-12-21T16:39:33.379+0000] {dag.py:2585} INFO - Sync 2 DAGs
[2023-12-21T16:39:33.385+0000] {logging_mixin.py:120} INFO - [2023-12-21T16:39:33.385+0000] {dag.py:3340} INFO - Setting next_dagrun for example_subdag_operator.section-1 to None, run_after=None
[2023-12-21T16:39:33.385+0000] {logging_mixin.py:120} INFO - [2023-12-21T16:39:33.385+0000] {dag.py:3340} INFO - Setting next_dagrun for example_subdag_operator.section-2 to None, run_after=None
[2023-12-21T16:39:33.402+0000] {processor.py:176} INFO - Processing /home/airflow/.local/lib/python3.7/site-packages/airflow/example_dags/example_subdag_operator.py took 0.268 seconds
[2023-12-21T16:40:03.767+0000] {processor.py:154} INFO - Started process (PID=533) to work on /home/airflow/.local/lib/python3.7/site-packages/airflow/example_dags/example_subdag_operator.py
[2023-12-21T16:40:03.768+0000] {processor.py:756} INFO - Processing file /home/airflow/.local/lib/python3.7/site-packages/airflow/example_dags/example_subdag_operator.py for tasks to queue
[2023-12-21T16:40:03.769+0000] {logging_mixin.py:120} INFO - [2023-12-21T16:40:03.769+0000] {dagbag.py:537} INFO - Filling up the DagBag from /home/airflow/.local/lib/python3.7/site-packages/airflow/example_dags/example_subdag_operator.py
[2023-12-21T16:40:03.806+0000] {processor.py:766} INFO - DAG(s) dict_keys(['example_subdag_operator.section-1', 'example_subdag_operator.section-2', 'example_subdag_operator']) retrieved from /home/airflow/.local/lib/python3.7/site-packages/airflow/example_dags/example_subdag_operator.py
[2023-12-21T16:40:03.973+0000] {logging_mixin.py:120} INFO - [2023-12-21T16:40:03.973+0000] {dag.py:2585} INFO - Sync 3 DAGs
[2023-12-21T16:40:03.993+0000] {logging_mixin.py:120} INFO - [2023-12-21T16:40:03.993+0000] {dag.py:3340} INFO - Setting next_dagrun for example_subdag_operator to 2022-01-01T00:00:00+00:00, run_after=2022-01-01T00:00:00+00:00
[2023-12-21T16:40:03.996+0000] {logging_mixin.py:120} INFO - [2023-12-21T16:40:03.996+0000] {dag.py:3340} INFO - Setting next_dagrun for example_subdag_operator.section-1 to None, run_after=None
[2023-12-21T16:40:03.997+0000] {logging_mixin.py:120} INFO - [2023-12-21T16:40:03.997+0000] {dag.py:3340} INFO - Setting next_dagrun for example_subdag_operator.section-2 to None, run_after=None
[2023-12-21T16:40:04.002+0000] {logging_mixin.py:120} INFO - [2023-12-21T16:40:04.002+0000] {dag.py:2585} INFO - Sync 2 DAGs
[2023-12-21T16:40:04.008+0000] {logging_mixin.py:120} INFO - [2023-12-21T16:40:04.008+0000] {dag.py:3340} INFO - Setting next_dagrun for example_subdag_operator.section-1 to None, run_after=None
[2023-12-21T16:40:04.008+0000] {logging_mixin.py:120} INFO - [2023-12-21T16:40:04.008+0000] {dag.py:3340} INFO - Setting next_dagrun for example_subdag_operator.section-2 to None, run_after=None
[2023-12-21T16:40:04.023+0000] {processor.py:176} INFO - Processing /home/airflow/.local/lib/python3.7/site-packages/airflow/example_dags/example_subdag_operator.py took 0.259 seconds
[2023-12-21T16:40:34.365+0000] {processor.py:154} INFO - Started process (PID=587) to work on /home/airflow/.local/lib/python3.7/site-packages/airflow/example_dags/example_subdag_operator.py
[2023-12-21T16:40:34.365+0000] {processor.py:756} INFO - Processing file /home/airflow/.local/lib/python3.7/site-packages/airflow/example_dags/example_subdag_operator.py for tasks to queue
[2023-12-21T16:40:34.366+0000] {logging_mixin.py:120} INFO - [2023-12-21T16:40:34.366+0000] {dagbag.py:537} INFO - Filling up the DagBag from /home/airflow/.local/lib/python3.7/site-packages/airflow/example_dags/example_subdag_operator.py
[2023-12-21T16:40:34.400+0000] {processor.py:766} INFO - DAG(s) dict_keys(['example_subdag_operator.section-1', 'example_subdag_operator.section-2', 'example_subdag_operator']) retrieved from /home/airflow/.local/lib/python3.7/site-packages/airflow/example_dags/example_subdag_operator.py
[2023-12-21T16:40:34.594+0000] {logging_mixin.py:120} INFO - [2023-12-21T16:40:34.594+0000] {dag.py:2585} INFO - Sync 3 DAGs
[2023-12-21T16:40:34.618+0000] {logging_mixin.py:120} INFO - [2023-12-21T16:40:34.618+0000] {dag.py:3340} INFO - Setting next_dagrun for example_subdag_operator to 2022-01-01T00:00:00+00:00, run_after=2022-01-01T00:00:00+00:00
[2023-12-21T16:40:34.621+0000] {logging_mixin.py:120} INFO - [2023-12-21T16:40:34.621+0000] {dag.py:3340} INFO - Setting next_dagrun for example_subdag_operator.section-1 to None, run_after=None
[2023-12-21T16:40:34.622+0000] {logging_mixin.py:120} INFO - [2023-12-21T16:40:34.622+0000] {dag.py:3340} INFO - Setting next_dagrun for example_subdag_operator.section-2 to None, run_after=None
[2023-12-21T16:40:34.629+0000] {logging_mixin.py:120} INFO - [2023-12-21T16:40:34.629+0000] {dag.py:2585} INFO - Sync 2 DAGs
[2023-12-21T16:40:34.633+0000] {logging_mixin.py:120} INFO - [2023-12-21T16:40:34.633+0000] {dag.py:3340} INFO - Setting next_dagrun for example_subdag_operator.section-1 to None, run_after=None
[2023-12-21T16:40:34.633+0000] {logging_mixin.py:120} INFO - [2023-12-21T16:40:34.633+0000] {dag.py:3340} INFO - Setting next_dagrun for example_subdag_operator.section-2 to None, run_after=None
[2023-12-21T16:40:34.649+0000] {processor.py:176} INFO - Processing /home/airflow/.local/lib/python3.7/site-packages/airflow/example_dags/example_subdag_operator.py took 0.287 seconds
[2023-12-21T16:41:05.098+0000] {processor.py:154} INFO - Started process (PID=650) to work on /home/airflow/.local/lib/python3.7/site-packages/airflow/example_dags/example_subdag_operator.py
[2023-12-21T16:41:05.098+0000] {processor.py:756} INFO - Processing file /home/airflow/.local/lib/python3.7/site-packages/airflow/example_dags/example_subdag_operator.py for tasks to queue
[2023-12-21T16:41:05.099+0000] {logging_mixin.py:120} INFO - [2023-12-21T16:41:05.099+0000] {dagbag.py:537} INFO - Filling up the DagBag from /home/airflow/.local/lib/python3.7/site-packages/airflow/example_dags/example_subdag_operator.py
[2023-12-21T16:41:05.129+0000] {processor.py:766} INFO - DAG(s) dict_keys(['example_subdag_operator.section-1', 'example_subdag_operator.section-2', 'example_subdag_operator']) retrieved from /home/airflow/.local/lib/python3.7/site-packages/airflow/example_dags/example_subdag_operator.py
[2023-12-21T16:41:05.340+0000] {logging_mixin.py:120} INFO - [2023-12-21T16:41:05.340+0000] {dag.py:2585} INFO - Sync 3 DAGs
[2023-12-21T16:41:05.367+0000] {logging_mixin.py:120} INFO - [2023-12-21T16:41:05.366+0000] {dag.py:3340} INFO - Setting next_dagrun for example_subdag_operator to 2022-01-01T00:00:00+00:00, run_after=2022-01-01T00:00:00+00:00
[2023-12-21T16:41:05.370+0000] {logging_mixin.py:120} INFO - [2023-12-21T16:41:05.370+0000] {dag.py:3340} INFO - Setting next_dagrun for example_subdag_operator.section-1 to None, run_after=None
[2023-12-21T16:41:05.371+0000] {logging_mixin.py:120} INFO - [2023-12-21T16:41:05.371+0000] {dag.py:3340} INFO - Setting next_dagrun for example_subdag_operator.section-2 to None, run_after=None
[2023-12-21T16:41:05.380+0000] {logging_mixin.py:120} INFO - [2023-12-21T16:41:05.380+0000] {dag.py:2585} INFO - Sync 2 DAGs
[2023-12-21T16:41:05.386+0000] {logging_mixin.py:120} INFO - [2023-12-21T16:41:05.386+0000] {dag.py:3340} INFO - Setting next_dagrun for example_subdag_operator.section-1 to None, run_after=None
[2023-12-21T16:41:05.387+0000] {logging_mixin.py:120} INFO - [2023-12-21T16:41:05.387+0000] {dag.py:3340} INFO - Setting next_dagrun for example_subdag_operator.section-2 to None, run_after=None
[2023-12-21T16:41:05.405+0000] {processor.py:176} INFO - Processing /home/airflow/.local/lib/python3.7/site-packages/airflow/example_dags/example_subdag_operator.py took 0.310 seconds
[2023-12-21T16:41:35.832+0000] {processor.py:154} INFO - Started process (PID=713) to work on /home/airflow/.local/lib/python3.7/site-packages/airflow/example_dags/example_subdag_operator.py
[2023-12-21T16:41:35.833+0000] {processor.py:756} INFO - Processing file /home/airflow/.local/lib/python3.7/site-packages/airflow/example_dags/example_subdag_operator.py for tasks to queue
[2023-12-21T16:41:35.833+0000] {logging_mixin.py:120} INFO - [2023-12-21T16:41:35.833+0000] {dagbag.py:537} INFO - Filling up the DagBag from /home/airflow/.local/lib/python3.7/site-packages/airflow/example_dags/example_subdag_operator.py
[2023-12-21T16:41:35.867+0000] {processor.py:766} INFO - DAG(s) dict_keys(['example_subdag_operator.section-1', 'example_subdag_operator.section-2', 'example_subdag_operator']) retrieved from /home/airflow/.local/lib/python3.7/site-packages/airflow/example_dags/example_subdag_operator.py
[2023-12-21T16:41:36.088+0000] {logging_mixin.py:120} INFO - [2023-12-21T16:41:36.088+0000] {dag.py:2585} INFO - Sync 3 DAGs
[2023-12-21T16:41:36.118+0000] {logging_mixin.py:120} INFO - [2023-12-21T16:41:36.118+0000] {dag.py:3340} INFO - Setting next_dagrun for example_subdag_operator to 2022-01-01T00:00:00+00:00, run_after=2022-01-01T00:00:00+00:00
[2023-12-21T16:41:36.121+0000] {logging_mixin.py:120} INFO - [2023-12-21T16:41:36.121+0000] {dag.py:3340} INFO - Setting next_dagrun for example_subdag_operator.section-1 to None, run_after=None
[2023-12-21T16:41:36.122+0000] {logging_mixin.py:120} INFO - [2023-12-21T16:41:36.122+0000] {dag.py:3340} INFO - Setting next_dagrun for example_subdag_operator.section-2 to None, run_after=None
[2023-12-21T16:41:36.128+0000] {logging_mixin.py:120} INFO - [2023-12-21T16:41:36.128+0000] {dag.py:2585} INFO - Sync 2 DAGs
[2023-12-21T16:41:36.134+0000] {logging_mixin.py:120} INFO - [2023-12-21T16:41:36.134+0000] {dag.py:3340} INFO - Setting next_dagrun for example_subdag_operator.section-1 to None, run_after=None
[2023-12-21T16:41:36.134+0000] {logging_mixin.py:120} INFO - [2023-12-21T16:41:36.134+0000] {dag.py:3340} INFO - Setting next_dagrun for example_subdag_operator.section-2 to None, run_after=None
[2023-12-21T16:41:36.154+0000] {processor.py:176} INFO - Processing /home/airflow/.local/lib/python3.7/site-packages/airflow/example_dags/example_subdag_operator.py took 0.325 seconds
[2023-12-21T16:42:06.532+0000] {processor.py:154} INFO - Started process (PID=777) to work on /home/airflow/.local/lib/python3.7/site-packages/airflow/example_dags/example_subdag_operator.py
[2023-12-21T16:42:06.532+0000] {processor.py:756} INFO - Processing file /home/airflow/.local/lib/python3.7/site-packages/airflow/example_dags/example_subdag_operator.py for tasks to queue
[2023-12-21T16:42:06.533+0000] {logging_mixin.py:120} INFO - [2023-12-21T16:42:06.533+0000] {dagbag.py:537} INFO - Filling up the DagBag from /home/airflow/.local/lib/python3.7/site-packages/airflow/example_dags/example_subdag_operator.py
[2023-12-21T16:42:06.567+0000] {processor.py:766} INFO - DAG(s) dict_keys(['example_subdag_operator.section-1', 'example_subdag_operator.section-2', 'example_subdag_operator']) retrieved from /home/airflow/.local/lib/python3.7/site-packages/airflow/example_dags/example_subdag_operator.py
[2023-12-21T16:42:06.787+0000] {logging_mixin.py:120} INFO - [2023-12-21T16:42:06.786+0000] {dag.py:2585} INFO - Sync 3 DAGs
[2023-12-21T16:42:06.811+0000] {logging_mixin.py:120} INFO - [2023-12-21T16:42:06.811+0000] {dag.py:3340} INFO - Setting next_dagrun for example_subdag_operator to 2022-01-01T00:00:00+00:00, run_after=2022-01-01T00:00:00+00:00
[2023-12-21T16:42:06.814+0000] {logging_mixin.py:120} INFO - [2023-12-21T16:42:06.814+0000] {dag.py:3340} INFO - Setting next_dagrun for example_subdag_operator.section-1 to None, run_after=None
[2023-12-21T16:42:06.815+0000] {logging_mixin.py:120} INFO - [2023-12-21T16:42:06.815+0000] {dag.py:3340} INFO - Setting next_dagrun for example_subdag_operator.section-2 to None, run_after=None
[2023-12-21T16:42:06.820+0000] {logging_mixin.py:120} INFO - [2023-12-21T16:42:06.820+0000] {dag.py:2585} INFO - Sync 2 DAGs
[2023-12-21T16:42:06.824+0000] {logging_mixin.py:120} INFO - [2023-12-21T16:42:06.824+0000] {dag.py:3340} INFO - Setting next_dagrun for example_subdag_operator.section-1 to None, run_after=None
[2023-12-21T16:42:06.825+0000] {logging_mixin.py:120} INFO - [2023-12-21T16:42:06.825+0000] {dag.py:3340} INFO - Setting next_dagrun for example_subdag_operator.section-2 to None, run_after=None
[2023-12-21T16:42:06.841+0000] {processor.py:176} INFO - Processing /home/airflow/.local/lib/python3.7/site-packages/airflow/example_dags/example_subdag_operator.py took 0.313 seconds
[2023-12-21T16:42:37.372+0000] {processor.py:154} INFO - Started process (PID=831) to work on /home/airflow/.local/lib/python3.7/site-packages/airflow/example_dags/example_subdag_operator.py
[2023-12-21T16:42:37.372+0000] {processor.py:756} INFO - Processing file /home/airflow/.local/lib/python3.7/site-packages/airflow/example_dags/example_subdag_operator.py for tasks to queue
[2023-12-21T16:42:37.373+0000] {logging_mixin.py:120} INFO - [2023-12-21T16:42:37.373+0000] {dagbag.py:537} INFO - Filling up the DagBag from /home/airflow/.local/lib/python3.7/site-packages/airflow/example_dags/example_subdag_operator.py
[2023-12-21T16:42:37.402+0000] {processor.py:766} INFO - DAG(s) dict_keys(['example_subdag_operator.section-1', 'example_subdag_operator.section-2', 'example_subdag_operator']) retrieved from /home/airflow/.local/lib/python3.7/site-packages/airflow/example_dags/example_subdag_operator.py
[2023-12-21T16:42:37.617+0000] {logging_mixin.py:120} INFO - [2023-12-21T16:42:37.617+0000] {dag.py:2585} INFO - Sync 3 DAGs
[2023-12-21T16:42:37.643+0000] {logging_mixin.py:120} INFO - [2023-12-21T16:42:37.642+0000] {dag.py:3340} INFO - Setting next_dagrun for example_subdag_operator to 2022-01-01T00:00:00+00:00, run_after=2022-01-01T00:00:00+00:00
[2023-12-21T16:42:37.646+0000] {logging_mixin.py:120} INFO - [2023-12-21T16:42:37.646+0000] {dag.py:3340} INFO - Setting next_dagrun for example_subdag_operator.section-1 to None, run_after=None
[2023-12-21T16:42:37.647+0000] {logging_mixin.py:120} INFO - [2023-12-21T16:42:37.647+0000] {dag.py:3340} INFO - Setting next_dagrun for example_subdag_operator.section-2 to None, run_after=None
[2023-12-21T16:42:37.655+0000] {logging_mixin.py:120} INFO - [2023-12-21T16:42:37.655+0000] {dag.py:2585} INFO - Sync 2 DAGs
[2023-12-21T16:42:37.660+0000] {logging_mixin.py:120} INFO - [2023-12-21T16:42:37.660+0000] {dag.py:3340} INFO - Setting next_dagrun for example_subdag_operator.section-1 to None, run_after=None
[2023-12-21T16:42:37.661+0000] {logging_mixin.py:120} INFO - [2023-12-21T16:42:37.661+0000] {dag.py:3340} INFO - Setting next_dagrun for example_subdag_operator.section-2 to None, run_after=None
[2023-12-21T16:42:37.680+0000] {processor.py:176} INFO - Processing /home/airflow/.local/lib/python3.7/site-packages/airflow/example_dags/example_subdag_operator.py took 0.311 seconds
[2023-12-21T16:43:08.177+0000] {processor.py:154} INFO - Started process (PID=894) to work on /home/airflow/.local/lib/python3.7/site-packages/airflow/example_dags/example_subdag_operator.py
[2023-12-21T16:43:08.177+0000] {processor.py:756} INFO - Processing file /home/airflow/.local/lib/python3.7/site-packages/airflow/example_dags/example_subdag_operator.py for tasks to queue
[2023-12-21T16:43:08.178+0000] {logging_mixin.py:120} INFO - [2023-12-21T16:43:08.178+0000] {dagbag.py:537} INFO - Filling up the DagBag from /home/airflow/.local/lib/python3.7/site-packages/airflow/example_dags/example_subdag_operator.py
[2023-12-21T16:43:08.209+0000] {processor.py:766} INFO - DAG(s) dict_keys(['example_subdag_operator.section-1', 'example_subdag_operator.section-2', 'example_subdag_operator']) retrieved from /home/airflow/.local/lib/python3.7/site-packages/airflow/example_dags/example_subdag_operator.py
[2023-12-21T16:43:08.376+0000] {logging_mixin.py:120} INFO - [2023-12-21T16:43:08.375+0000] {dag.py:2585} INFO - Sync 3 DAGs
[2023-12-21T16:43:08.395+0000] {logging_mixin.py:120} INFO - [2023-12-21T16:43:08.395+0000] {dag.py:3340} INFO - Setting next_dagrun for example_subdag_operator to 2022-01-01T00:00:00+00:00, run_after=2022-01-01T00:00:00+00:00
[2023-12-21T16:43:08.398+0000] {logging_mixin.py:120} INFO - [2023-12-21T16:43:08.398+0000] {dag.py:3340} INFO - Setting next_dagrun for example_subdag_operator.section-1 to None, run_after=None
[2023-12-21T16:43:08.399+0000] {logging_mixin.py:120} INFO - [2023-12-21T16:43:08.399+0000] {dag.py:3340} INFO - Setting next_dagrun for example_subdag_operator.section-2 to None, run_after=None
[2023-12-21T16:43:08.404+0000] {logging_mixin.py:120} INFO - [2023-12-21T16:43:08.404+0000] {dag.py:2585} INFO - Sync 2 DAGs
[2023-12-21T16:43:08.408+0000] {logging_mixin.py:120} INFO - [2023-12-21T16:43:08.408+0000] {dag.py:3340} INFO - Setting next_dagrun for example_subdag_operator.section-1 to None, run_after=None
[2023-12-21T16:43:08.409+0000] {logging_mixin.py:120} INFO - [2023-12-21T16:43:08.409+0000] {dag.py:3340} INFO - Setting next_dagrun for example_subdag_operator.section-2 to None, run_after=None
[2023-12-21T16:43:08.424+0000] {processor.py:176} INFO - Processing /home/airflow/.local/lib/python3.7/site-packages/airflow/example_dags/example_subdag_operator.py took 0.250 seconds
[2023-12-21T16:43:38.704+0000] {processor.py:154} INFO - Started process (PID=957) to work on /home/airflow/.local/lib/python3.7/site-packages/airflow/example_dags/example_subdag_operator.py
[2023-12-21T16:43:38.704+0000] {processor.py:756} INFO - Processing file /home/airflow/.local/lib/python3.7/site-packages/airflow/example_dags/example_subdag_operator.py for tasks to queue
[2023-12-21T16:43:38.705+0000] {logging_mixin.py:120} INFO - [2023-12-21T16:43:38.705+0000] {dagbag.py:537} INFO - Filling up the DagBag from /home/airflow/.local/lib/python3.7/site-packages/airflow/example_dags/example_subdag_operator.py
[2023-12-21T16:43:38.734+0000] {processor.py:766} INFO - DAG(s) dict_keys(['example_subdag_operator.section-1', 'example_subdag_operator.section-2', 'example_subdag_operator']) retrieved from /home/airflow/.local/lib/python3.7/site-packages/airflow/example_dags/example_subdag_operator.py
[2023-12-21T16:43:38.917+0000] {logging_mixin.py:120} INFO - [2023-12-21T16:43:38.917+0000] {dag.py:2585} INFO - Sync 3 DAGs
[2023-12-21T16:43:38.938+0000] {logging_mixin.py:120} INFO - [2023-12-21T16:43:38.938+0000] {dag.py:3340} INFO - Setting next_dagrun for example_subdag_operator to 2022-01-01T00:00:00+00:00, run_after=2022-01-01T00:00:00+00:00
[2023-12-21T16:43:38.941+0000] {logging_mixin.py:120} INFO - [2023-12-21T16:43:38.941+0000] {dag.py:3340} INFO - Setting next_dagrun for example_subdag_operator.section-1 to None, run_after=None
[2023-12-21T16:43:38.942+0000] {logging_mixin.py:120} INFO - [2023-12-21T16:43:38.942+0000] {dag.py:3340} INFO - Setting next_dagrun for example_subdag_operator.section-2 to None, run_after=None
[2023-12-21T16:43:38.948+0000] {logging_mixin.py:120} INFO - [2023-12-21T16:43:38.948+0000] {dag.py:2585} INFO - Sync 2 DAGs
[2023-12-21T16:43:38.954+0000] {logging_mixin.py:120} INFO - [2023-12-21T16:43:38.954+0000] {dag.py:3340} INFO - Setting next_dagrun for example_subdag_operator.section-1 to None, run_after=None
[2023-12-21T16:43:38.954+0000] {logging_mixin.py:120} INFO - [2023-12-21T16:43:38.954+0000] {dag.py:3340} INFO - Setting next_dagrun for example_subdag_operator.section-2 to None, run_after=None
[2023-12-21T16:43:38.972+0000] {processor.py:176} INFO - Processing /home/airflow/.local/lib/python3.7/site-packages/airflow/example_dags/example_subdag_operator.py took 0.271 seconds
[2023-12-21T16:44:09.427+0000] {processor.py:154} INFO - Started process (PID=1020) to work on /home/airflow/.local/lib/python3.7/site-packages/airflow/example_dags/example_subdag_operator.py
[2023-12-21T16:44:09.427+0000] {processor.py:756} INFO - Processing file /home/airflow/.local/lib/python3.7/site-packages/airflow/example_dags/example_subdag_operator.py for tasks to queue
[2023-12-21T16:44:09.428+0000] {logging_mixin.py:120} INFO - [2023-12-21T16:44:09.428+0000] {dagbag.py:537} INFO - Filling up the DagBag from /home/airflow/.local/lib/python3.7/site-packages/airflow/example_dags/example_subdag_operator.py
[2023-12-21T16:44:09.460+0000] {processor.py:766} INFO - DAG(s) dict_keys(['example_subdag_operator.section-1', 'example_subdag_operator.section-2', 'example_subdag_operator']) retrieved from /home/airflow/.local/lib/python3.7/site-packages/airflow/example_dags/example_subdag_operator.py
[2023-12-21T16:44:09.653+0000] {logging_mixin.py:120} INFO - [2023-12-21T16:44:09.653+0000] {dag.py:2585} INFO - Sync 3 DAGs
[2023-12-21T16:44:09.674+0000] {logging_mixin.py:120} INFO - [2023-12-21T16:44:09.674+0000] {dag.py:3340} INFO - Setting next_dagrun for example_subdag_operator to 2022-01-01T00:00:00+00:00, run_after=2022-01-01T00:00:00+00:00
[2023-12-21T16:44:09.676+0000] {logging_mixin.py:120} INFO - [2023-12-21T16:44:09.676+0000] {dag.py:3340} INFO - Setting next_dagrun for example_subdag_operator.section-1 to None, run_after=None
[2023-12-21T16:44:09.677+0000] {logging_mixin.py:120} INFO - [2023-12-21T16:44:09.677+0000] {dag.py:3340} INFO - Setting next_dagrun for example_subdag_operator.section-2 to None, run_after=None
[2023-12-21T16:44:09.683+0000] {logging_mixin.py:120} INFO - [2023-12-21T16:44:09.683+0000] {dag.py:2585} INFO - Sync 2 DAGs
[2023-12-21T16:44:09.689+0000] {logging_mixin.py:120} INFO - [2023-12-21T16:44:09.689+0000] {dag.py:3340} INFO - Setting next_dagrun for example_subdag_operator.section-1 to None, run_after=None
[2023-12-21T16:44:09.690+0000] {logging_mixin.py:120} INFO - [2023-12-21T16:44:09.689+0000] {dag.py:3340} INFO - Setting next_dagrun for example_subdag_operator.section-2 to None, run_after=None
[2023-12-21T16:44:09.707+0000] {processor.py:176} INFO - Processing /home/airflow/.local/lib/python3.7/site-packages/airflow/example_dags/example_subdag_operator.py took 0.283 seconds
[2023-12-21T16:44:40.131+0000] {processor.py:154} INFO - Started process (PID=1074) to work on /home/airflow/.local/lib/python3.7/site-packages/airflow/example_dags/example_subdag_operator.py
[2023-12-21T16:44:40.131+0000] {processor.py:756} INFO - Processing file /home/airflow/.local/lib/python3.7/site-packages/airflow/example_dags/example_subdag_operator.py for tasks to queue
[2023-12-21T16:44:40.132+0000] {logging_mixin.py:120} INFO - [2023-12-21T16:44:40.132+0000] {dagbag.py:537} INFO - Filling up the DagBag from /home/airflow/.local/lib/python3.7/site-packages/airflow/example_dags/example_subdag_operator.py
[2023-12-21T16:44:40.169+0000] {processor.py:766} INFO - DAG(s) dict_keys(['example_subdag_operator.section-1', 'example_subdag_operator.section-2', 'example_subdag_operator']) retrieved from /home/airflow/.local/lib/python3.7/site-packages/airflow/example_dags/example_subdag_operator.py
[2023-12-21T16:44:40.357+0000] {logging_mixin.py:120} INFO - [2023-12-21T16:44:40.357+0000] {dag.py:2585} INFO - Sync 3 DAGs
[2023-12-21T16:44:40.381+0000] {logging_mixin.py:120} INFO - [2023-12-21T16:44:40.381+0000] {dag.py:3340} INFO - Setting next_dagrun for example_subdag_operator to 2022-01-01T00:00:00+00:00, run_after=2022-01-01T00:00:00+00:00
[2023-12-21T16:44:40.385+0000] {logging_mixin.py:120} INFO - [2023-12-21T16:44:40.385+0000] {dag.py:3340} INFO - Setting next_dagrun for example_subdag_operator.section-1 to None, run_after=None
[2023-12-21T16:44:40.386+0000] {logging_mixin.py:120} INFO - [2023-12-21T16:44:40.386+0000] {dag.py:3340} INFO - Setting next_dagrun for example_subdag_operator.section-2 to None, run_after=None
[2023-12-21T16:44:40.393+0000] {logging_mixin.py:120} INFO - [2023-12-21T16:44:40.393+0000] {dag.py:2585} INFO - Sync 2 DAGs
[2023-12-21T16:44:40.398+0000] {logging_mixin.py:120} INFO - [2023-12-21T16:44:40.398+0000] {dag.py:3340} INFO - Setting next_dagrun for example_subdag_operator.section-1 to None, run_after=None
[2023-12-21T16:44:40.398+0000] {logging_mixin.py:120} INFO - [2023-12-21T16:44:40.398+0000] {dag.py:3340} INFO - Setting next_dagrun for example_subdag_operator.section-2 to None, run_after=None
[2023-12-21T16:44:40.415+0000] {processor.py:176} INFO - Processing /home/airflow/.local/lib/python3.7/site-packages/airflow/example_dags/example_subdag_operator.py took 0.287 seconds
[2023-12-21T16:45:11.006+0000] {processor.py:154} INFO - Started process (PID=1138) to work on /home/airflow/.local/lib/python3.7/site-packages/airflow/example_dags/example_subdag_operator.py
[2023-12-21T16:45:11.007+0000] {processor.py:756} INFO - Processing file /home/airflow/.local/lib/python3.7/site-packages/airflow/example_dags/example_subdag_operator.py for tasks to queue
[2023-12-21T16:45:11.008+0000] {logging_mixin.py:120} INFO - [2023-12-21T16:45:11.008+0000] {dagbag.py:537} INFO - Filling up the DagBag from /home/airflow/.local/lib/python3.7/site-packages/airflow/example_dags/example_subdag_operator.py
[2023-12-21T16:45:11.040+0000] {processor.py:766} INFO - DAG(s) dict_keys(['example_subdag_operator.section-1', 'example_subdag_operator.section-2', 'example_subdag_operator']) retrieved from /home/airflow/.local/lib/python3.7/site-packages/airflow/example_dags/example_subdag_operator.py
[2023-12-21T16:45:11.247+0000] {logging_mixin.py:120} INFO - [2023-12-21T16:45:11.246+0000] {dag.py:2585} INFO - Sync 3 DAGs
[2023-12-21T16:45:11.276+0000] {logging_mixin.py:120} INFO - [2023-12-21T16:45:11.276+0000] {dag.py:3340} INFO - Setting next_dagrun for example_subdag_operator to 2022-01-01T00:00:00+00:00, run_after=2022-01-01T00:00:00+00:00
[2023-12-21T16:45:11.281+0000] {logging_mixin.py:120} INFO - [2023-12-21T16:45:11.280+0000] {dag.py:3340} INFO - Setting next_dagrun for example_subdag_operator.section-1 to None, run_after=None
[2023-12-21T16:45:11.282+0000] {logging_mixin.py:120} INFO - [2023-12-21T16:45:11.282+0000] {dag.py:3340} INFO - Setting next_dagrun for example_subdag_operator.section-2 to None, run_after=None
[2023-12-21T16:45:11.291+0000] {logging_mixin.py:120} INFO - [2023-12-21T16:45:11.291+0000] {dag.py:2585} INFO - Sync 2 DAGs
[2023-12-21T16:45:11.297+0000] {logging_mixin.py:120} INFO - [2023-12-21T16:45:11.297+0000] {dag.py:3340} INFO - Setting next_dagrun for example_subdag_operator.section-1 to None, run_after=None
[2023-12-21T16:45:11.298+0000] {logging_mixin.py:120} INFO - [2023-12-21T16:45:11.298+0000] {dag.py:3340} INFO - Setting next_dagrun for example_subdag_operator.section-2 to None, run_after=None
[2023-12-21T16:45:11.317+0000] {processor.py:176} INFO - Processing /home/airflow/.local/lib/python3.7/site-packages/airflow/example_dags/example_subdag_operator.py took 0.315 seconds
[2023-12-21T16:45:41.682+0000] {processor.py:154} INFO - Started process (PID=1200) to work on /home/airflow/.local/lib/python3.7/site-packages/airflow/example_dags/example_subdag_operator.py
[2023-12-21T16:45:41.683+0000] {processor.py:756} INFO - Processing file /home/airflow/.local/lib/python3.7/site-packages/airflow/example_dags/example_subdag_operator.py for tasks to queue
[2023-12-21T16:45:41.683+0000] {logging_mixin.py:120} INFO - [2023-12-21T16:45:41.683+0000] {dagbag.py:537} INFO - Filling up the DagBag from /home/airflow/.local/lib/python3.7/site-packages/airflow/example_dags/example_subdag_operator.py
[2023-12-21T16:45:41.715+0000] {processor.py:766} INFO - DAG(s) dict_keys(['example_subdag_operator.section-1', 'example_subdag_operator.section-2', 'example_subdag_operator']) retrieved from /home/airflow/.local/lib/python3.7/site-packages/airflow/example_dags/example_subdag_operator.py
[2023-12-21T16:45:41.890+0000] {logging_mixin.py:120} INFO - [2023-12-21T16:45:41.889+0000] {dag.py:2585} INFO - Sync 3 DAGs
[2023-12-21T16:45:41.914+0000] {logging_mixin.py:120} INFO - [2023-12-21T16:45:41.914+0000] {dag.py:3340} INFO - Setting next_dagrun for example_subdag_operator to 2022-01-01T00:00:00+00:00, run_after=2022-01-01T00:00:00+00:00
[2023-12-21T16:45:41.917+0000] {logging_mixin.py:120} INFO - [2023-12-21T16:45:41.917+0000] {dag.py:3340} INFO - Setting next_dagrun for example_subdag_operator.section-1 to None, run_after=None
[2023-12-21T16:45:41.918+0000] {logging_mixin.py:120} INFO - [2023-12-21T16:45:41.918+0000] {dag.py:3340} INFO - Setting next_dagrun for example_subdag_operator.section-2 to None, run_after=None
[2023-12-21T16:45:41.924+0000] {logging_mixin.py:120} INFO - [2023-12-21T16:45:41.924+0000] {dag.py:2585} INFO - Sync 2 DAGs
[2023-12-21T16:45:41.929+0000] {logging_mixin.py:120} INFO - [2023-12-21T16:45:41.929+0000] {dag.py:3340} INFO - Setting next_dagrun for example_subdag_operator.section-1 to None, run_after=None
[2023-12-21T16:45:41.929+0000] {logging_mixin.py:120} INFO - [2023-12-21T16:45:41.929+0000] {dag.py:3340} INFO - Setting next_dagrun for example_subdag_operator.section-2 to None, run_after=None
[2023-12-21T16:45:41.945+0000] {processor.py:176} INFO - Processing /home/airflow/.local/lib/python3.7/site-packages/airflow/example_dags/example_subdag_operator.py took 0.266 seconds
[2023-12-21T16:46:12.543+0000] {processor.py:154} INFO - Started process (PID=1263) to work on /home/airflow/.local/lib/python3.7/site-packages/airflow/example_dags/example_subdag_operator.py
[2023-12-21T16:46:12.544+0000] {processor.py:756} INFO - Processing file /home/airflow/.local/lib/python3.7/site-packages/airflow/example_dags/example_subdag_operator.py for tasks to queue
[2023-12-21T16:46:12.544+0000] {logging_mixin.py:120} INFO - [2023-12-21T16:46:12.544+0000] {dagbag.py:537} INFO - Filling up the DagBag from /home/airflow/.local/lib/python3.7/site-packages/airflow/example_dags/example_subdag_operator.py
[2023-12-21T16:46:12.576+0000] {processor.py:766} INFO - DAG(s) dict_keys(['example_subdag_operator.section-1', 'example_subdag_operator.section-2', 'example_subdag_operator']) retrieved from /home/airflow/.local/lib/python3.7/site-packages/airflow/example_dags/example_subdag_operator.py
[2023-12-21T16:46:12.747+0000] {logging_mixin.py:120} INFO - [2023-12-21T16:46:12.747+0000] {dag.py:2585} INFO - Sync 3 DAGs
[2023-12-21T16:46:12.767+0000] {logging_mixin.py:120} INFO - [2023-12-21T16:46:12.767+0000] {dag.py:3340} INFO - Setting next_dagrun for example_subdag_operator to 2022-01-01T00:00:00+00:00, run_after=2022-01-01T00:00:00+00:00
[2023-12-21T16:46:12.770+0000] {logging_mixin.py:120} INFO - [2023-12-21T16:46:12.769+0000] {dag.py:3340} INFO - Setting next_dagrun for example_subdag_operator.section-1 to None, run_after=None
[2023-12-21T16:46:12.770+0000] {logging_mixin.py:120} INFO - [2023-12-21T16:46:12.770+0000] {dag.py:3340} INFO - Setting next_dagrun for example_subdag_operator.section-2 to None, run_after=None
[2023-12-21T16:46:12.776+0000] {logging_mixin.py:120} INFO - [2023-12-21T16:46:12.776+0000] {dag.py:2585} INFO - Sync 2 DAGs
[2023-12-21T16:46:12.780+0000] {logging_mixin.py:120} INFO - [2023-12-21T16:46:12.780+0000] {dag.py:3340} INFO - Setting next_dagrun for example_subdag_operator.section-1 to None, run_after=None
[2023-12-21T16:46:12.781+0000] {logging_mixin.py:120} INFO - [2023-12-21T16:46:12.781+0000] {dag.py:3340} INFO - Setting next_dagrun for example_subdag_operator.section-2 to None, run_after=None
[2023-12-21T16:46:12.798+0000] {processor.py:176} INFO - Processing /home/airflow/.local/lib/python3.7/site-packages/airflow/example_dags/example_subdag_operator.py took 0.258 seconds
[2023-12-21T16:46:43.149+0000] {processor.py:154} INFO - Started process (PID=1317) to work on /home/airflow/.local/lib/python3.7/site-packages/airflow/example_dags/example_subdag_operator.py
[2023-12-21T16:46:43.150+0000] {processor.py:756} INFO - Processing file /home/airflow/.local/lib/python3.7/site-packages/airflow/example_dags/example_subdag_operator.py for tasks to queue
[2023-12-21T16:46:43.151+0000] {logging_mixin.py:120} INFO - [2023-12-21T16:46:43.151+0000] {dagbag.py:537} INFO - Filling up the DagBag from /home/airflow/.local/lib/python3.7/site-packages/airflow/example_dags/example_subdag_operator.py
[2023-12-21T16:46:43.210+0000] {processor.py:766} INFO - DAG(s) dict_keys(['example_subdag_operator.section-1', 'example_subdag_operator.section-2', 'example_subdag_operator']) retrieved from /home/airflow/.local/lib/python3.7/site-packages/airflow/example_dags/example_subdag_operator.py
[2023-12-21T16:46:43.495+0000] {logging_mixin.py:120} INFO - [2023-12-21T16:46:43.495+0000] {dag.py:2585} INFO - Sync 3 DAGs
[2023-12-21T16:46:43.527+0000] {logging_mixin.py:120} INFO - [2023-12-21T16:46:43.527+0000] {dag.py:3340} INFO - Setting next_dagrun for example_subdag_operator to 2022-01-01T00:00:00+00:00, run_after=2022-01-01T00:00:00+00:00
[2023-12-21T16:46:43.532+0000] {logging_mixin.py:120} INFO - [2023-12-21T16:46:43.531+0000] {dag.py:3340} INFO - Setting next_dagrun for example_subdag_operator.section-1 to None, run_after=None
[2023-12-21T16:46:43.533+0000] {logging_mixin.py:120} INFO - [2023-12-21T16:46:43.533+0000] {dag.py:3340} INFO - Setting next_dagrun for example_subdag_operator.section-2 to None, run_after=None
[2023-12-21T16:46:43.542+0000] {logging_mixin.py:120} INFO - [2023-12-21T16:46:43.542+0000] {dag.py:2585} INFO - Sync 2 DAGs
[2023-12-21T16:46:43.549+0000] {logging_mixin.py:120} INFO - [2023-12-21T16:46:43.549+0000] {dag.py:3340} INFO - Setting next_dagrun for example_subdag_operator.section-1 to None, run_after=None
[2023-12-21T16:46:43.549+0000] {logging_mixin.py:120} INFO - [2023-12-21T16:46:43.549+0000] {dag.py:3340} INFO - Setting next_dagrun for example_subdag_operator.section-2 to None, run_after=None
[2023-12-21T16:46:43.574+0000] {processor.py:176} INFO - Processing /home/airflow/.local/lib/python3.7/site-packages/airflow/example_dags/example_subdag_operator.py took 0.428 seconds
[2023-12-21T16:47:13.638+0000] {processor.py:154} INFO - Started process (PID=1381) to work on /home/airflow/.local/lib/python3.7/site-packages/airflow/example_dags/example_subdag_operator.py
[2023-12-21T16:47:13.638+0000] {processor.py:756} INFO - Processing file /home/airflow/.local/lib/python3.7/site-packages/airflow/example_dags/example_subdag_operator.py for tasks to queue
[2023-12-21T16:47:13.639+0000] {logging_mixin.py:120} INFO - [2023-12-21T16:47:13.639+0000] {dagbag.py:537} INFO - Filling up the DagBag from /home/airflow/.local/lib/python3.7/site-packages/airflow/example_dags/example_subdag_operator.py
[2023-12-21T16:47:13.665+0000] {processor.py:766} INFO - DAG(s) dict_keys(['example_subdag_operator.section-1', 'example_subdag_operator.section-2', 'example_subdag_operator']) retrieved from /home/airflow/.local/lib/python3.7/site-packages/airflow/example_dags/example_subdag_operator.py
[2023-12-21T16:47:13.827+0000] {logging_mixin.py:120} INFO - [2023-12-21T16:47:13.827+0000] {dag.py:2585} INFO - Sync 3 DAGs
[2023-12-21T16:47:13.847+0000] {logging_mixin.py:120} INFO - [2023-12-21T16:47:13.847+0000] {dag.py:3340} INFO - Setting next_dagrun for example_subdag_operator to 2022-01-01T00:00:00+00:00, run_after=2022-01-01T00:00:00+00:00
[2023-12-21T16:47:13.850+0000] {logging_mixin.py:120} INFO - [2023-12-21T16:47:13.850+0000] {dag.py:3340} INFO - Setting next_dagrun for example_subdag_operator.section-1 to None, run_after=None
[2023-12-21T16:47:13.851+0000] {logging_mixin.py:120} INFO - [2023-12-21T16:47:13.851+0000] {dag.py:3340} INFO - Setting next_dagrun for example_subdag_operator.section-2 to None, run_after=None
[2023-12-21T16:47:13.857+0000] {logging_mixin.py:120} INFO - [2023-12-21T16:47:13.856+0000] {dag.py:2585} INFO - Sync 2 DAGs
[2023-12-21T16:47:13.861+0000] {logging_mixin.py:120} INFO - [2023-12-21T16:47:13.861+0000] {dag.py:3340} INFO - Setting next_dagrun for example_subdag_operator.section-1 to None, run_after=None
[2023-12-21T16:47:13.861+0000] {logging_mixin.py:120} INFO - [2023-12-21T16:47:13.861+0000] {dag.py:3340} INFO - Setting next_dagrun for example_subdag_operator.section-2 to None, run_after=None
[2023-12-21T16:47:13.876+0000] {processor.py:176} INFO - Processing /home/airflow/.local/lib/python3.7/site-packages/airflow/example_dags/example_subdag_operator.py took 0.241 seconds
[2023-12-21T16:47:44.671+0000] {processor.py:154} INFO - Started process (PID=1443) to work on /home/airflow/.local/lib/python3.7/site-packages/airflow/example_dags/example_subdag_operator.py
[2023-12-21T16:47:44.671+0000] {processor.py:756} INFO - Processing file /home/airflow/.local/lib/python3.7/site-packages/airflow/example_dags/example_subdag_operator.py for tasks to queue
[2023-12-21T16:47:44.672+0000] {logging_mixin.py:120} INFO - [2023-12-21T16:47:44.672+0000] {dagbag.py:537} INFO - Filling up the DagBag from /home/airflow/.local/lib/python3.7/site-packages/airflow/example_dags/example_subdag_operator.py
[2023-12-21T16:47:44.703+0000] {processor.py:766} INFO - DAG(s) dict_keys(['example_subdag_operator.section-1', 'example_subdag_operator.section-2', 'example_subdag_operator']) retrieved from /home/airflow/.local/lib/python3.7/site-packages/airflow/example_dags/example_subdag_operator.py
[2023-12-21T16:47:44.895+0000] {logging_mixin.py:120} INFO - [2023-12-21T16:47:44.895+0000] {dag.py:2585} INFO - Sync 3 DAGs
[2023-12-21T16:47:44.916+0000] {logging_mixin.py:120} INFO - [2023-12-21T16:47:44.916+0000] {dag.py:3340} INFO - Setting next_dagrun for example_subdag_operator to 2022-01-01T00:00:00+00:00, run_after=2022-01-01T00:00:00+00:00
[2023-12-21T16:47:44.919+0000] {logging_mixin.py:120} INFO - [2023-12-21T16:47:44.919+0000] {dag.py:3340} INFO - Setting next_dagrun for example_subdag_operator.section-1 to None, run_after=None
[2023-12-21T16:47:44.921+0000] {logging_mixin.py:120} INFO - [2023-12-21T16:47:44.921+0000] {dag.py:3340} INFO - Setting next_dagrun for example_subdag_operator.section-2 to None, run_after=None
[2023-12-21T16:47:44.928+0000] {logging_mixin.py:120} INFO - [2023-12-21T16:47:44.928+0000] {dag.py:2585} INFO - Sync 2 DAGs
[2023-12-21T16:47:44.935+0000] {logging_mixin.py:120} INFO - [2023-12-21T16:47:44.935+0000] {dag.py:3340} INFO - Setting next_dagrun for example_subdag_operator.section-1 to None, run_after=None
[2023-12-21T16:47:44.935+0000] {logging_mixin.py:120} INFO - [2023-12-21T16:47:44.935+0000] {dag.py:3340} INFO - Setting next_dagrun for example_subdag_operator.section-2 to None, run_after=None
[2023-12-21T16:47:44.952+0000] {processor.py:176} INFO - Processing /home/airflow/.local/lib/python3.7/site-packages/airflow/example_dags/example_subdag_operator.py took 0.284 seconds
