[2023-12-21T16:35:58.365+0000] {processor.py:154} INFO - Started process (PID=50) to work on /home/airflow/.local/lib/python3.7/site-packages/airflow/example_dags/example_latest_only.py
[2023-12-21T16:35:58.366+0000] {processor.py:756} INFO - Processing file /home/airflow/.local/lib/python3.7/site-packages/airflow/example_dags/example_latest_only.py for tasks to queue
[2023-12-21T16:35:58.367+0000] {logging_mixin.py:120} INFO - [2023-12-21T16:35:58.366+0000] {dagbag.py:537} INFO - Filling up the DagBag from /home/airflow/.local/lib/python3.7/site-packages/airflow/example_dags/example_latest_only.py
[2023-12-21T16:35:58.406+0000] {processor.py:766} INFO - DAG(s) dict_keys(['latest_only']) retrieved from /home/airflow/.local/lib/python3.7/site-packages/airflow/example_dags/example_latest_only.py
[2023-12-21T16:35:58.595+0000] {logging_mixin.py:120} INFO - [2023-12-21T16:35:58.595+0000] {manager.py:507} INFO - Created Permission View: can read on DAG:latest_only
[2023-12-21T16:35:58.610+0000] {logging_mixin.py:120} INFO - [2023-12-21T16:35:58.610+0000] {manager.py:507} INFO - Created Permission View: can delete on DAG:latest_only
[2023-12-21T16:35:58.626+0000] {logging_mixin.py:120} INFO - [2023-12-21T16:35:58.626+0000] {manager.py:507} INFO - Created Permission View: can edit on DAG:latest_only
[2023-12-21T16:35:58.626+0000] {logging_mixin.py:120} INFO - [2023-12-21T16:35:58.626+0000] {dag.py:2585} INFO - Sync 1 DAGs
[2023-12-21T16:35:58.643+0000] {logging_mixin.py:120} INFO - [2023-12-21T16:35:58.642+0000] {dag.py:2606} INFO - Creating ORM DAG for latest_only
[2023-12-21T16:35:58.657+0000] {logging_mixin.py:120} INFO - [2023-12-21T16:35:58.657+0000] {dag.py:3340} INFO - Setting next_dagrun for latest_only to 2023-12-21T12:35:58.656758+00:00, run_after=2023-12-21T16:35:58.656758+00:00
[2023-12-21T16:35:58.685+0000] {processor.py:176} INFO - Processing /home/airflow/.local/lib/python3.7/site-packages/airflow/example_dags/example_latest_only.py took 0.323 seconds
[2023-12-21T16:36:29.117+0000] {processor.py:154} INFO - Started process (PID=104) to work on /home/airflow/.local/lib/python3.7/site-packages/airflow/example_dags/example_latest_only.py
[2023-12-21T16:36:29.117+0000] {processor.py:756} INFO - Processing file /home/airflow/.local/lib/python3.7/site-packages/airflow/example_dags/example_latest_only.py for tasks to queue
[2023-12-21T16:36:29.118+0000] {logging_mixin.py:120} INFO - [2023-12-21T16:36:29.118+0000] {dagbag.py:537} INFO - Filling up the DagBag from /home/airflow/.local/lib/python3.7/site-packages/airflow/example_dags/example_latest_only.py
[2023-12-21T16:36:29.130+0000] {processor.py:766} INFO - DAG(s) dict_keys(['latest_only']) retrieved from /home/airflow/.local/lib/python3.7/site-packages/airflow/example_dags/example_latest_only.py
[2023-12-21T16:36:29.164+0000] {logging_mixin.py:120} INFO - [2023-12-21T16:36:29.164+0000] {dag.py:2585} INFO - Sync 1 DAGs
[2023-12-21T16:36:29.183+0000] {logging_mixin.py:120} INFO - [2023-12-21T16:36:29.183+0000] {dag.py:3340} INFO - Setting next_dagrun for latest_only to 2023-12-21T12:36:29.183300+00:00, run_after=2023-12-21T16:36:29.183300+00:00
[2023-12-21T16:36:29.204+0000] {processor.py:176} INFO - Processing /home/airflow/.local/lib/python3.7/site-packages/airflow/example_dags/example_latest_only.py took 0.089 seconds
[2023-12-21T16:36:59.944+0000] {processor.py:154} INFO - Started process (PID=168) to work on /home/airflow/.local/lib/python3.7/site-packages/airflow/example_dags/example_latest_only.py
[2023-12-21T16:36:59.945+0000] {processor.py:756} INFO - Processing file /home/airflow/.local/lib/python3.7/site-packages/airflow/example_dags/example_latest_only.py for tasks to queue
[2023-12-21T16:36:59.946+0000] {logging_mixin.py:120} INFO - [2023-12-21T16:36:59.946+0000] {dagbag.py:537} INFO - Filling up the DagBag from /home/airflow/.local/lib/python3.7/site-packages/airflow/example_dags/example_latest_only.py
[2023-12-21T16:36:59.962+0000] {processor.py:766} INFO - DAG(s) dict_keys(['latest_only']) retrieved from /home/airflow/.local/lib/python3.7/site-packages/airflow/example_dags/example_latest_only.py
[2023-12-21T16:37:00.005+0000] {logging_mixin.py:120} INFO - [2023-12-21T16:37:00.005+0000] {dag.py:2585} INFO - Sync 1 DAGs
[2023-12-21T16:37:00.025+0000] {logging_mixin.py:120} INFO - [2023-12-21T16:37:00.025+0000] {dag.py:3340} INFO - Setting next_dagrun for latest_only to 2023-12-21T12:37:00.025133+00:00, run_after=2023-12-21T16:37:00.025133+00:00
[2023-12-21T16:37:00.049+0000] {processor.py:176} INFO - Processing /home/airflow/.local/lib/python3.7/site-packages/airflow/example_dags/example_latest_only.py took 0.109 seconds
[2023-12-21T16:37:30.787+0000] {processor.py:154} INFO - Started process (PID=231) to work on /home/airflow/.local/lib/python3.7/site-packages/airflow/example_dags/example_latest_only.py
[2023-12-21T16:37:30.788+0000] {processor.py:756} INFO - Processing file /home/airflow/.local/lib/python3.7/site-packages/airflow/example_dags/example_latest_only.py for tasks to queue
[2023-12-21T16:37:30.788+0000] {logging_mixin.py:120} INFO - [2023-12-21T16:37:30.788+0000] {dagbag.py:537} INFO - Filling up the DagBag from /home/airflow/.local/lib/python3.7/site-packages/airflow/example_dags/example_latest_only.py
[2023-12-21T16:37:30.801+0000] {processor.py:766} INFO - DAG(s) dict_keys(['latest_only']) retrieved from /home/airflow/.local/lib/python3.7/site-packages/airflow/example_dags/example_latest_only.py
[2023-12-21T16:37:30.834+0000] {logging_mixin.py:120} INFO - [2023-12-21T16:37:30.833+0000] {dag.py:2585} INFO - Sync 1 DAGs
[2023-12-21T16:37:30.854+0000] {logging_mixin.py:120} INFO - [2023-12-21T16:37:30.854+0000] {dag.py:3340} INFO - Setting next_dagrun for latest_only to 2023-12-21T12:37:30.853819+00:00, run_after=2023-12-21T16:37:30.853819+00:00
[2023-12-21T16:37:30.874+0000] {processor.py:176} INFO - Processing /home/airflow/.local/lib/python3.7/site-packages/airflow/example_dags/example_latest_only.py took 0.089 seconds
[2023-12-21T16:38:01.408+0000] {processor.py:154} INFO - Started process (PID=295) to work on /home/airflow/.local/lib/python3.7/site-packages/airflow/example_dags/example_latest_only.py
[2023-12-21T16:38:01.409+0000] {processor.py:756} INFO - Processing file /home/airflow/.local/lib/python3.7/site-packages/airflow/example_dags/example_latest_only.py for tasks to queue
[2023-12-21T16:38:01.409+0000] {logging_mixin.py:120} INFO - [2023-12-21T16:38:01.409+0000] {dagbag.py:537} INFO - Filling up the DagBag from /home/airflow/.local/lib/python3.7/site-packages/airflow/example_dags/example_latest_only.py
[2023-12-21T16:38:01.425+0000] {processor.py:766} INFO - DAG(s) dict_keys(['latest_only']) retrieved from /home/airflow/.local/lib/python3.7/site-packages/airflow/example_dags/example_latest_only.py
[2023-12-21T16:38:01.473+0000] {logging_mixin.py:120} INFO - [2023-12-21T16:38:01.473+0000] {dag.py:2585} INFO - Sync 1 DAGs
[2023-12-21T16:38:01.495+0000] {logging_mixin.py:120} INFO - [2023-12-21T16:38:01.495+0000] {dag.py:3340} INFO - Setting next_dagrun for latest_only to 2023-12-21T12:38:01.495367+00:00, run_after=2023-12-21T16:38:01.495367+00:00
[2023-12-21T16:38:01.520+0000] {processor.py:176} INFO - Processing /home/airflow/.local/lib/python3.7/site-packages/airflow/example_dags/example_latest_only.py took 0.115 seconds
[2023-12-21T16:38:32.384+0000] {processor.py:154} INFO - Started process (PID=356) to work on /home/airflow/.local/lib/python3.7/site-packages/airflow/example_dags/example_latest_only.py
[2023-12-21T16:38:32.385+0000] {processor.py:756} INFO - Processing file /home/airflow/.local/lib/python3.7/site-packages/airflow/example_dags/example_latest_only.py for tasks to queue
[2023-12-21T16:38:32.386+0000] {logging_mixin.py:120} INFO - [2023-12-21T16:38:32.386+0000] {dagbag.py:537} INFO - Filling up the DagBag from /home/airflow/.local/lib/python3.7/site-packages/airflow/example_dags/example_latest_only.py
[2023-12-21T16:38:32.406+0000] {processor.py:766} INFO - DAG(s) dict_keys(['latest_only']) retrieved from /home/airflow/.local/lib/python3.7/site-packages/airflow/example_dags/example_latest_only.py
[2023-12-21T16:38:32.470+0000] {logging_mixin.py:120} INFO - [2023-12-21T16:38:32.470+0000] {dag.py:2585} INFO - Sync 1 DAGs
[2023-12-21T16:38:32.510+0000] {logging_mixin.py:120} INFO - [2023-12-21T16:38:32.510+0000] {dag.py:3340} INFO - Setting next_dagrun for latest_only to 2023-12-21T12:38:32.509831+00:00, run_after=2023-12-21T16:38:32.509831+00:00
[2023-12-21T16:38:32.542+0000] {processor.py:176} INFO - Processing /home/airflow/.local/lib/python3.7/site-packages/airflow/example_dags/example_latest_only.py took 0.162 seconds
[2023-12-21T16:39:02.715+0000] {processor.py:154} INFO - Started process (PID=412) to work on /home/airflow/.local/lib/python3.7/site-packages/airflow/example_dags/example_latest_only.py
[2023-12-21T16:39:02.715+0000] {processor.py:756} INFO - Processing file /home/airflow/.local/lib/python3.7/site-packages/airflow/example_dags/example_latest_only.py for tasks to queue
[2023-12-21T16:39:02.716+0000] {logging_mixin.py:120} INFO - [2023-12-21T16:39:02.716+0000] {dagbag.py:537} INFO - Filling up the DagBag from /home/airflow/.local/lib/python3.7/site-packages/airflow/example_dags/example_latest_only.py
[2023-12-21T16:39:02.728+0000] {processor.py:766} INFO - DAG(s) dict_keys(['latest_only']) retrieved from /home/airflow/.local/lib/python3.7/site-packages/airflow/example_dags/example_latest_only.py
[2023-12-21T16:39:02.761+0000] {logging_mixin.py:120} INFO - [2023-12-21T16:39:02.761+0000] {dag.py:2585} INFO - Sync 1 DAGs
[2023-12-21T16:39:02.784+0000] {logging_mixin.py:120} INFO - [2023-12-21T16:39:02.783+0000] {dag.py:3340} INFO - Setting next_dagrun for latest_only to 2023-12-21T12:39:02.783660+00:00, run_after=2023-12-21T16:39:02.783660+00:00
[2023-12-21T16:39:02.806+0000] {processor.py:176} INFO - Processing /home/airflow/.local/lib/python3.7/site-packages/airflow/example_dags/example_latest_only.py took 0.094 seconds
[2023-12-21T16:39:33.507+0000] {processor.py:154} INFO - Started process (PID=475) to work on /home/airflow/.local/lib/python3.7/site-packages/airflow/example_dags/example_latest_only.py
[2023-12-21T16:39:33.507+0000] {processor.py:756} INFO - Processing file /home/airflow/.local/lib/python3.7/site-packages/airflow/example_dags/example_latest_only.py for tasks to queue
[2023-12-21T16:39:33.508+0000] {logging_mixin.py:120} INFO - [2023-12-21T16:39:33.508+0000] {dagbag.py:537} INFO - Filling up the DagBag from /home/airflow/.local/lib/python3.7/site-packages/airflow/example_dags/example_latest_only.py
[2023-12-21T16:39:33.520+0000] {processor.py:766} INFO - DAG(s) dict_keys(['latest_only']) retrieved from /home/airflow/.local/lib/python3.7/site-packages/airflow/example_dags/example_latest_only.py
[2023-12-21T16:39:33.555+0000] {logging_mixin.py:120} INFO - [2023-12-21T16:39:33.555+0000] {dag.py:2585} INFO - Sync 1 DAGs
[2023-12-21T16:39:33.575+0000] {logging_mixin.py:120} INFO - [2023-12-21T16:39:33.575+0000] {dag.py:3340} INFO - Setting next_dagrun for latest_only to 2023-12-21T12:39:33.575554+00:00, run_after=2023-12-21T16:39:33.575554+00:00
[2023-12-21T16:39:33.595+0000] {processor.py:176} INFO - Processing /home/airflow/.local/lib/python3.7/site-packages/airflow/example_dags/example_latest_only.py took 0.091 seconds
[2023-12-21T16:40:04.127+0000] {processor.py:154} INFO - Started process (PID=538) to work on /home/airflow/.local/lib/python3.7/site-packages/airflow/example_dags/example_latest_only.py
[2023-12-21T16:40:04.127+0000] {processor.py:756} INFO - Processing file /home/airflow/.local/lib/python3.7/site-packages/airflow/example_dags/example_latest_only.py for tasks to queue
[2023-12-21T16:40:04.128+0000] {logging_mixin.py:120} INFO - [2023-12-21T16:40:04.128+0000] {dagbag.py:537} INFO - Filling up the DagBag from /home/airflow/.local/lib/python3.7/site-packages/airflow/example_dags/example_latest_only.py
[2023-12-21T16:40:04.139+0000] {processor.py:766} INFO - DAG(s) dict_keys(['latest_only']) retrieved from /home/airflow/.local/lib/python3.7/site-packages/airflow/example_dags/example_latest_only.py
[2023-12-21T16:40:04.174+0000] {logging_mixin.py:120} INFO - [2023-12-21T16:40:04.174+0000] {dag.py:2585} INFO - Sync 1 DAGs
[2023-12-21T16:40:04.194+0000] {logging_mixin.py:120} INFO - [2023-12-21T16:40:04.194+0000] {dag.py:3340} INFO - Setting next_dagrun for latest_only to 2023-12-21T12:40:04.194238+00:00, run_after=2023-12-21T16:40:04.194238+00:00
[2023-12-21T16:40:04.214+0000] {processor.py:176} INFO - Processing /home/airflow/.local/lib/python3.7/site-packages/airflow/example_dags/example_latest_only.py took 0.090 seconds
[2023-12-21T16:40:34.746+0000] {processor.py:154} INFO - Started process (PID=592) to work on /home/airflow/.local/lib/python3.7/site-packages/airflow/example_dags/example_latest_only.py
[2023-12-21T16:40:34.746+0000] {processor.py:756} INFO - Processing file /home/airflow/.local/lib/python3.7/site-packages/airflow/example_dags/example_latest_only.py for tasks to queue
[2023-12-21T16:40:34.747+0000] {logging_mixin.py:120} INFO - [2023-12-21T16:40:34.747+0000] {dagbag.py:537} INFO - Filling up the DagBag from /home/airflow/.local/lib/python3.7/site-packages/airflow/example_dags/example_latest_only.py
[2023-12-21T16:40:34.759+0000] {processor.py:766} INFO - DAG(s) dict_keys(['latest_only']) retrieved from /home/airflow/.local/lib/python3.7/site-packages/airflow/example_dags/example_latest_only.py
[2023-12-21T16:40:34.793+0000] {logging_mixin.py:120} INFO - [2023-12-21T16:40:34.793+0000] {dag.py:2585} INFO - Sync 1 DAGs
[2023-12-21T16:40:34.813+0000] {logging_mixin.py:120} INFO - [2023-12-21T16:40:34.813+0000] {dag.py:3340} INFO - Setting next_dagrun for latest_only to 2023-12-21T12:40:34.812930+00:00, run_after=2023-12-21T16:40:34.812930+00:00
[2023-12-21T16:40:34.832+0000] {processor.py:176} INFO - Processing /home/airflow/.local/lib/python3.7/site-packages/airflow/example_dags/example_latest_only.py took 0.089 seconds
[2023-12-21T16:41:05.505+0000] {processor.py:154} INFO - Started process (PID=655) to work on /home/airflow/.local/lib/python3.7/site-packages/airflow/example_dags/example_latest_only.py
[2023-12-21T16:41:05.506+0000] {processor.py:756} INFO - Processing file /home/airflow/.local/lib/python3.7/site-packages/airflow/example_dags/example_latest_only.py for tasks to queue
[2023-12-21T16:41:05.506+0000] {logging_mixin.py:120} INFO - [2023-12-21T16:41:05.506+0000] {dagbag.py:537} INFO - Filling up the DagBag from /home/airflow/.local/lib/python3.7/site-packages/airflow/example_dags/example_latest_only.py
[2023-12-21T16:41:05.519+0000] {processor.py:766} INFO - DAG(s) dict_keys(['latest_only']) retrieved from /home/airflow/.local/lib/python3.7/site-packages/airflow/example_dags/example_latest_only.py
[2023-12-21T16:41:05.557+0000] {logging_mixin.py:120} INFO - [2023-12-21T16:41:05.557+0000] {dag.py:2585} INFO - Sync 1 DAGs
[2023-12-21T16:41:05.579+0000] {logging_mixin.py:120} INFO - [2023-12-21T16:41:05.578+0000] {dag.py:3340} INFO - Setting next_dagrun for latest_only to 2023-12-21T12:41:05.578763+00:00, run_after=2023-12-21T16:41:05.578763+00:00
[2023-12-21T16:41:05.598+0000] {processor.py:176} INFO - Processing /home/airflow/.local/lib/python3.7/site-packages/airflow/example_dags/example_latest_only.py took 0.098 seconds
[2023-12-21T16:41:36.326+0000] {processor.py:154} INFO - Started process (PID=718) to work on /home/airflow/.local/lib/python3.7/site-packages/airflow/example_dags/example_latest_only.py
[2023-12-21T16:41:36.327+0000] {processor.py:756} INFO - Processing file /home/airflow/.local/lib/python3.7/site-packages/airflow/example_dags/example_latest_only.py for tasks to queue
[2023-12-21T16:41:36.328+0000] {logging_mixin.py:120} INFO - [2023-12-21T16:41:36.328+0000] {dagbag.py:537} INFO - Filling up the DagBag from /home/airflow/.local/lib/python3.7/site-packages/airflow/example_dags/example_latest_only.py
[2023-12-21T16:41:36.342+0000] {processor.py:766} INFO - DAG(s) dict_keys(['latest_only']) retrieved from /home/airflow/.local/lib/python3.7/site-packages/airflow/example_dags/example_latest_only.py
[2023-12-21T16:41:36.377+0000] {logging_mixin.py:120} INFO - [2023-12-21T16:41:36.377+0000] {dag.py:2585} INFO - Sync 1 DAGs
[2023-12-21T16:41:36.399+0000] {logging_mixin.py:120} INFO - [2023-12-21T16:41:36.399+0000] {dag.py:3340} INFO - Setting next_dagrun for latest_only to 2023-12-21T12:41:36.399241+00:00, run_after=2023-12-21T16:41:36.399241+00:00
[2023-12-21T16:41:36.421+0000] {processor.py:176} INFO - Processing /home/airflow/.local/lib/python3.7/site-packages/airflow/example_dags/example_latest_only.py took 0.099 seconds
[2023-12-21T16:42:06.934+0000] {processor.py:154} INFO - Started process (PID=782) to work on /home/airflow/.local/lib/python3.7/site-packages/airflow/example_dags/example_latest_only.py
[2023-12-21T16:42:06.935+0000] {processor.py:756} INFO - Processing file /home/airflow/.local/lib/python3.7/site-packages/airflow/example_dags/example_latest_only.py for tasks to queue
[2023-12-21T16:42:06.935+0000] {logging_mixin.py:120} INFO - [2023-12-21T16:42:06.935+0000] {dagbag.py:537} INFO - Filling up the DagBag from /home/airflow/.local/lib/python3.7/site-packages/airflow/example_dags/example_latest_only.py
[2023-12-21T16:42:06.947+0000] {processor.py:766} INFO - DAG(s) dict_keys(['latest_only']) retrieved from /home/airflow/.local/lib/python3.7/site-packages/airflow/example_dags/example_latest_only.py
[2023-12-21T16:42:06.984+0000] {logging_mixin.py:120} INFO - [2023-12-21T16:42:06.984+0000] {dag.py:2585} INFO - Sync 1 DAGs
[2023-12-21T16:42:07.004+0000] {logging_mixin.py:120} INFO - [2023-12-21T16:42:07.004+0000] {dag.py:3340} INFO - Setting next_dagrun for latest_only to 2023-12-21T12:42:07.004197+00:00, run_after=2023-12-21T16:42:07.004197+00:00
[2023-12-21T16:42:07.024+0000] {processor.py:176} INFO - Processing /home/airflow/.local/lib/python3.7/site-packages/airflow/example_dags/example_latest_only.py took 0.092 seconds
[2023-12-21T16:42:37.775+0000] {processor.py:154} INFO - Started process (PID=836) to work on /home/airflow/.local/lib/python3.7/site-packages/airflow/example_dags/example_latest_only.py
[2023-12-21T16:42:37.776+0000] {processor.py:756} INFO - Processing file /home/airflow/.local/lib/python3.7/site-packages/airflow/example_dags/example_latest_only.py for tasks to queue
[2023-12-21T16:42:37.776+0000] {logging_mixin.py:120} INFO - [2023-12-21T16:42:37.776+0000] {dagbag.py:537} INFO - Filling up the DagBag from /home/airflow/.local/lib/python3.7/site-packages/airflow/example_dags/example_latest_only.py
[2023-12-21T16:42:37.788+0000] {processor.py:766} INFO - DAG(s) dict_keys(['latest_only']) retrieved from /home/airflow/.local/lib/python3.7/site-packages/airflow/example_dags/example_latest_only.py
[2023-12-21T16:42:37.826+0000] {logging_mixin.py:120} INFO - [2023-12-21T16:42:37.826+0000] {dag.py:2585} INFO - Sync 1 DAGs
[2023-12-21T16:42:37.847+0000] {logging_mixin.py:120} INFO - [2023-12-21T16:42:37.847+0000] {dag.py:3340} INFO - Setting next_dagrun for latest_only to 2023-12-21T12:42:37.846833+00:00, run_after=2023-12-21T16:42:37.846833+00:00
[2023-12-21T16:42:37.867+0000] {processor.py:176} INFO - Processing /home/airflow/.local/lib/python3.7/site-packages/airflow/example_dags/example_latest_only.py took 0.094 seconds
[2023-12-21T16:43:08.544+0000] {processor.py:154} INFO - Started process (PID=899) to work on /home/airflow/.local/lib/python3.7/site-packages/airflow/example_dags/example_latest_only.py
[2023-12-21T16:43:08.545+0000] {processor.py:756} INFO - Processing file /home/airflow/.local/lib/python3.7/site-packages/airflow/example_dags/example_latest_only.py for tasks to queue
[2023-12-21T16:43:08.546+0000] {logging_mixin.py:120} INFO - [2023-12-21T16:43:08.546+0000] {dagbag.py:537} INFO - Filling up the DagBag from /home/airflow/.local/lib/python3.7/site-packages/airflow/example_dags/example_latest_only.py
[2023-12-21T16:43:08.557+0000] {processor.py:766} INFO - DAG(s) dict_keys(['latest_only']) retrieved from /home/airflow/.local/lib/python3.7/site-packages/airflow/example_dags/example_latest_only.py
[2023-12-21T16:43:08.591+0000] {logging_mixin.py:120} INFO - [2023-12-21T16:43:08.591+0000] {dag.py:2585} INFO - Sync 1 DAGs
[2023-12-21T16:43:08.614+0000] {logging_mixin.py:120} INFO - [2023-12-21T16:43:08.614+0000] {dag.py:3340} INFO - Setting next_dagrun for latest_only to 2023-12-21T12:43:08.614241+00:00, run_after=2023-12-21T16:43:08.614241+00:00
[2023-12-21T16:43:08.635+0000] {processor.py:176} INFO - Processing /home/airflow/.local/lib/python3.7/site-packages/airflow/example_dags/example_latest_only.py took 0.093 seconds
[2023-12-21T16:43:39.087+0000] {processor.py:154} INFO - Started process (PID=962) to work on /home/airflow/.local/lib/python3.7/site-packages/airflow/example_dags/example_latest_only.py
[2023-12-21T16:43:39.088+0000] {processor.py:756} INFO - Processing file /home/airflow/.local/lib/python3.7/site-packages/airflow/example_dags/example_latest_only.py for tasks to queue
[2023-12-21T16:43:39.088+0000] {logging_mixin.py:120} INFO - [2023-12-21T16:43:39.088+0000] {dagbag.py:537} INFO - Filling up the DagBag from /home/airflow/.local/lib/python3.7/site-packages/airflow/example_dags/example_latest_only.py
[2023-12-21T16:43:39.100+0000] {processor.py:766} INFO - DAG(s) dict_keys(['latest_only']) retrieved from /home/airflow/.local/lib/python3.7/site-packages/airflow/example_dags/example_latest_only.py
[2023-12-21T16:43:39.136+0000] {logging_mixin.py:120} INFO - [2023-12-21T16:43:39.136+0000] {dag.py:2585} INFO - Sync 1 DAGs
[2023-12-21T16:43:39.157+0000] {logging_mixin.py:120} INFO - [2023-12-21T16:43:39.157+0000] {dag.py:3340} INFO - Setting next_dagrun for latest_only to 2023-12-21T12:43:39.157186+00:00, run_after=2023-12-21T16:43:39.157186+00:00
[2023-12-21T16:43:39.178+0000] {processor.py:176} INFO - Processing /home/airflow/.local/lib/python3.7/site-packages/airflow/example_dags/example_latest_only.py took 0.094 seconds
[2023-12-21T16:44:09.814+0000] {processor.py:154} INFO - Started process (PID=1025) to work on /home/airflow/.local/lib/python3.7/site-packages/airflow/example_dags/example_latest_only.py
[2023-12-21T16:44:09.815+0000] {processor.py:756} INFO - Processing file /home/airflow/.local/lib/python3.7/site-packages/airflow/example_dags/example_latest_only.py for tasks to queue
[2023-12-21T16:44:09.816+0000] {logging_mixin.py:120} INFO - [2023-12-21T16:44:09.816+0000] {dagbag.py:537} INFO - Filling up the DagBag from /home/airflow/.local/lib/python3.7/site-packages/airflow/example_dags/example_latest_only.py
[2023-12-21T16:44:09.830+0000] {processor.py:766} INFO - DAG(s) dict_keys(['latest_only']) retrieved from /home/airflow/.local/lib/python3.7/site-packages/airflow/example_dags/example_latest_only.py
[2023-12-21T16:44:09.867+0000] {logging_mixin.py:120} INFO - [2023-12-21T16:44:09.867+0000] {dag.py:2585} INFO - Sync 1 DAGs
[2023-12-21T16:44:09.887+0000] {logging_mixin.py:120} INFO - [2023-12-21T16:44:09.887+0000] {dag.py:3340} INFO - Setting next_dagrun for latest_only to 2023-12-21T12:44:09.887232+00:00, run_after=2023-12-21T16:44:09.887232+00:00
[2023-12-21T16:44:09.907+0000] {processor.py:176} INFO - Processing /home/airflow/.local/lib/python3.7/site-packages/airflow/example_dags/example_latest_only.py took 0.097 seconds
[2023-12-21T16:44:40.553+0000] {processor.py:154} INFO - Started process (PID=1079) to work on /home/airflow/.local/lib/python3.7/site-packages/airflow/example_dags/example_latest_only.py
[2023-12-21T16:44:40.553+0000] {processor.py:756} INFO - Processing file /home/airflow/.local/lib/python3.7/site-packages/airflow/example_dags/example_latest_only.py for tasks to queue
[2023-12-21T16:44:40.554+0000] {logging_mixin.py:120} INFO - [2023-12-21T16:44:40.554+0000] {dagbag.py:537} INFO - Filling up the DagBag from /home/airflow/.local/lib/python3.7/site-packages/airflow/example_dags/example_latest_only.py
[2023-12-21T16:44:40.567+0000] {processor.py:766} INFO - DAG(s) dict_keys(['latest_only']) retrieved from /home/airflow/.local/lib/python3.7/site-packages/airflow/example_dags/example_latest_only.py
[2023-12-21T16:44:40.609+0000] {logging_mixin.py:120} INFO - [2023-12-21T16:44:40.609+0000] {dag.py:2585} INFO - Sync 1 DAGs
[2023-12-21T16:44:40.630+0000] {logging_mixin.py:120} INFO - [2023-12-21T16:44:40.630+0000] {dag.py:3340} INFO - Setting next_dagrun for latest_only to 2023-12-21T12:44:40.630490+00:00, run_after=2023-12-21T16:44:40.630490+00:00
[2023-12-21T16:44:40.657+0000] {processor.py:176} INFO - Processing /home/airflow/.local/lib/python3.7/site-packages/airflow/example_dags/example_latest_only.py took 0.107 seconds
[2023-12-21T16:45:11.411+0000] {processor.py:154} INFO - Started process (PID=1143) to work on /home/airflow/.local/lib/python3.7/site-packages/airflow/example_dags/example_latest_only.py
[2023-12-21T16:45:11.412+0000] {processor.py:756} INFO - Processing file /home/airflow/.local/lib/python3.7/site-packages/airflow/example_dags/example_latest_only.py for tasks to queue
[2023-12-21T16:45:11.414+0000] {logging_mixin.py:120} INFO - [2023-12-21T16:45:11.414+0000] {dagbag.py:537} INFO - Filling up the DagBag from /home/airflow/.local/lib/python3.7/site-packages/airflow/example_dags/example_latest_only.py
[2023-12-21T16:45:11.426+0000] {processor.py:766} INFO - DAG(s) dict_keys(['latest_only']) retrieved from /home/airflow/.local/lib/python3.7/site-packages/airflow/example_dags/example_latest_only.py
[2023-12-21T16:45:11.470+0000] {logging_mixin.py:120} INFO - [2023-12-21T16:45:11.469+0000] {dag.py:2585} INFO - Sync 1 DAGs
[2023-12-21T16:45:11.502+0000] {logging_mixin.py:120} INFO - [2023-12-21T16:45:11.501+0000] {dag.py:3340} INFO - Setting next_dagrun for latest_only to 2023-12-21T12:45:11.501549+00:00, run_after=2023-12-21T16:45:11.501549+00:00
[2023-12-21T16:45:11.525+0000] {processor.py:176} INFO - Processing /home/airflow/.local/lib/python3.7/site-packages/airflow/example_dags/example_latest_only.py took 0.117 seconds
[2023-12-21T16:45:42.078+0000] {processor.py:154} INFO - Started process (PID=1205) to work on /home/airflow/.local/lib/python3.7/site-packages/airflow/example_dags/example_latest_only.py
[2023-12-21T16:45:42.078+0000] {processor.py:756} INFO - Processing file /home/airflow/.local/lib/python3.7/site-packages/airflow/example_dags/example_latest_only.py for tasks to queue
[2023-12-21T16:45:42.079+0000] {logging_mixin.py:120} INFO - [2023-12-21T16:45:42.078+0000] {dagbag.py:537} INFO - Filling up the DagBag from /home/airflow/.local/lib/python3.7/site-packages/airflow/example_dags/example_latest_only.py
[2023-12-21T16:45:42.091+0000] {processor.py:766} INFO - DAG(s) dict_keys(['latest_only']) retrieved from /home/airflow/.local/lib/python3.7/site-packages/airflow/example_dags/example_latest_only.py
[2023-12-21T16:45:42.124+0000] {logging_mixin.py:120} INFO - [2023-12-21T16:45:42.123+0000] {dag.py:2585} INFO - Sync 1 DAGs
[2023-12-21T16:45:42.146+0000] {logging_mixin.py:120} INFO - [2023-12-21T16:45:42.145+0000] {dag.py:3340} INFO - Setting next_dagrun for latest_only to 2023-12-21T12:45:42.145712+00:00, run_after=2023-12-21T16:45:42.145712+00:00
[2023-12-21T16:45:42.166+0000] {processor.py:176} INFO - Processing /home/airflow/.local/lib/python3.7/site-packages/airflow/example_dags/example_latest_only.py took 0.091 seconds
[2023-12-21T16:46:12.912+0000] {processor.py:154} INFO - Started process (PID=1268) to work on /home/airflow/.local/lib/python3.7/site-packages/airflow/example_dags/example_latest_only.py
[2023-12-21T16:46:12.913+0000] {processor.py:756} INFO - Processing file /home/airflow/.local/lib/python3.7/site-packages/airflow/example_dags/example_latest_only.py for tasks to queue
[2023-12-21T16:46:12.913+0000] {logging_mixin.py:120} INFO - [2023-12-21T16:46:12.913+0000] {dagbag.py:537} INFO - Filling up the DagBag from /home/airflow/.local/lib/python3.7/site-packages/airflow/example_dags/example_latest_only.py
[2023-12-21T16:46:12.926+0000] {processor.py:766} INFO - DAG(s) dict_keys(['latest_only']) retrieved from /home/airflow/.local/lib/python3.7/site-packages/airflow/example_dags/example_latest_only.py
[2023-12-21T16:46:12.961+0000] {logging_mixin.py:120} INFO - [2023-12-21T16:46:12.960+0000] {dag.py:2585} INFO - Sync 1 DAGs
[2023-12-21T16:46:12.980+0000] {logging_mixin.py:120} INFO - [2023-12-21T16:46:12.980+0000] {dag.py:3340} INFO - Setting next_dagrun for latest_only to 2023-12-21T12:46:12.980572+00:00, run_after=2023-12-21T16:46:12.980572+00:00
[2023-12-21T16:46:13.001+0000] {processor.py:176} INFO - Processing /home/airflow/.local/lib/python3.7/site-packages/airflow/example_dags/example_latest_only.py took 0.091 seconds
[2023-12-21T16:46:43.754+0000] {processor.py:154} INFO - Started process (PID=1322) to work on /home/airflow/.local/lib/python3.7/site-packages/airflow/example_dags/example_latest_only.py
[2023-12-21T16:46:43.755+0000] {processor.py:756} INFO - Processing file /home/airflow/.local/lib/python3.7/site-packages/airflow/example_dags/example_latest_only.py for tasks to queue
[2023-12-21T16:46:43.756+0000] {logging_mixin.py:120} INFO - [2023-12-21T16:46:43.756+0000] {dagbag.py:537} INFO - Filling up the DagBag from /home/airflow/.local/lib/python3.7/site-packages/airflow/example_dags/example_latest_only.py
[2023-12-21T16:46:43.770+0000] {processor.py:766} INFO - DAG(s) dict_keys(['latest_only']) retrieved from /home/airflow/.local/lib/python3.7/site-packages/airflow/example_dags/example_latest_only.py
[2023-12-21T16:46:43.814+0000] {logging_mixin.py:120} INFO - [2023-12-21T16:46:43.814+0000] {dag.py:2585} INFO - Sync 1 DAGs
[2023-12-21T16:46:43.835+0000] {logging_mixin.py:120} INFO - [2023-12-21T16:46:43.835+0000] {dag.py:3340} INFO - Setting next_dagrun for latest_only to 2023-12-21T12:46:43.835080+00:00, run_after=2023-12-21T16:46:43.835080+00:00
[2023-12-21T16:46:43.856+0000] {processor.py:176} INFO - Processing /home/airflow/.local/lib/python3.7/site-packages/airflow/example_dags/example_latest_only.py took 0.105 seconds
[2023-12-21T16:47:14.028+0000] {processor.py:154} INFO - Started process (PID=1384) to work on /home/airflow/.local/lib/python3.7/site-packages/airflow/example_dags/example_latest_only.py
[2023-12-21T16:47:14.029+0000] {processor.py:756} INFO - Processing file /home/airflow/.local/lib/python3.7/site-packages/airflow/example_dags/example_latest_only.py for tasks to queue
[2023-12-21T16:47:14.030+0000] {logging_mixin.py:120} INFO - [2023-12-21T16:47:14.029+0000] {dagbag.py:537} INFO - Filling up the DagBag from /home/airflow/.local/lib/python3.7/site-packages/airflow/example_dags/example_latest_only.py
[2023-12-21T16:47:14.043+0000] {processor.py:766} INFO - DAG(s) dict_keys(['latest_only']) retrieved from /home/airflow/.local/lib/python3.7/site-packages/airflow/example_dags/example_latest_only.py
[2023-12-21T16:47:14.076+0000] {logging_mixin.py:120} INFO - [2023-12-21T16:47:14.075+0000] {dag.py:2585} INFO - Sync 1 DAGs
[2023-12-21T16:47:14.097+0000] {logging_mixin.py:120} INFO - [2023-12-21T16:47:14.097+0000] {dag.py:3340} INFO - Setting next_dagrun for latest_only to 2023-12-21T12:47:14.097205+00:00, run_after=2023-12-21T16:47:14.097205+00:00
[2023-12-21T16:47:14.122+0000] {processor.py:176} INFO - Processing /home/airflow/.local/lib/python3.7/site-packages/airflow/example_dags/example_latest_only.py took 0.097 seconds
[2023-12-21T16:47:44.940+0000] {processor.py:154} INFO - Started process (PID=1446) to work on /home/airflow/.local/lib/python3.7/site-packages/airflow/example_dags/example_latest_only.py
[2023-12-21T16:47:44.941+0000] {processor.py:756} INFO - Processing file /home/airflow/.local/lib/python3.7/site-packages/airflow/example_dags/example_latest_only.py for tasks to queue
[2023-12-21T16:47:44.942+0000] {logging_mixin.py:120} INFO - [2023-12-21T16:47:44.941+0000] {dagbag.py:537} INFO - Filling up the DagBag from /home/airflow/.local/lib/python3.7/site-packages/airflow/example_dags/example_latest_only.py
[2023-12-21T16:47:44.953+0000] {processor.py:766} INFO - DAG(s) dict_keys(['latest_only']) retrieved from /home/airflow/.local/lib/python3.7/site-packages/airflow/example_dags/example_latest_only.py
[2023-12-21T16:47:44.991+0000] {logging_mixin.py:120} INFO - [2023-12-21T16:47:44.990+0000] {dag.py:2585} INFO - Sync 1 DAGs
[2023-12-21T16:47:45.017+0000] {logging_mixin.py:120} INFO - [2023-12-21T16:47:45.017+0000] {dag.py:3340} INFO - Setting next_dagrun for latest_only to 2023-12-21T12:47:45.017072+00:00, run_after=2023-12-21T16:47:45.017072+00:00
[2023-12-21T16:47:45.038+0000] {processor.py:176} INFO - Processing /home/airflow/.local/lib/python3.7/site-packages/airflow/example_dags/example_latest_only.py took 0.101 seconds
[2023-12-21T16:48:15.851+0000] {processor.py:154} INFO - Started process (PID=1507) to work on /home/airflow/.local/lib/python3.7/site-packages/airflow/example_dags/example_latest_only.py
[2023-12-21T16:48:15.852+0000] {processor.py:756} INFO - Processing file /home/airflow/.local/lib/python3.7/site-packages/airflow/example_dags/example_latest_only.py for tasks to queue
[2023-12-21T16:48:15.852+0000] {logging_mixin.py:120} INFO - [2023-12-21T16:48:15.852+0000] {dagbag.py:537} INFO - Filling up the DagBag from /home/airflow/.local/lib/python3.7/site-packages/airflow/example_dags/example_latest_only.py
[2023-12-21T16:48:15.907+0000] {processor.py:766} INFO - DAG(s) dict_keys(['latest_only']) retrieved from /home/airflow/.local/lib/python3.7/site-packages/airflow/example_dags/example_latest_only.py
[2023-12-21T16:48:16.005+0000] {logging_mixin.py:120} INFO - [2023-12-21T16:48:16.004+0000] {dag.py:2585} INFO - Sync 1 DAGs
[2023-12-21T16:48:16.052+0000] {logging_mixin.py:120} INFO - [2023-12-21T16:48:16.052+0000] {dag.py:3340} INFO - Setting next_dagrun for latest_only to 2023-12-21T12:48:16.052437+00:00, run_after=2023-12-21T16:48:16.052437+00:00
[2023-12-21T16:48:16.138+0000] {processor.py:176} INFO - Processing /home/airflow/.local/lib/python3.7/site-packages/airflow/example_dags/example_latest_only.py took 0.299 seconds
[2023-12-21T16:48:46.499+0000] {processor.py:154} INFO - Started process (PID=1564) to work on /home/airflow/.local/lib/python3.7/site-packages/airflow/example_dags/example_latest_only.py
[2023-12-21T16:48:46.500+0000] {processor.py:756} INFO - Processing file /home/airflow/.local/lib/python3.7/site-packages/airflow/example_dags/example_latest_only.py for tasks to queue
[2023-12-21T16:48:46.500+0000] {logging_mixin.py:120} INFO - [2023-12-21T16:48:46.500+0000] {dagbag.py:537} INFO - Filling up the DagBag from /home/airflow/.local/lib/python3.7/site-packages/airflow/example_dags/example_latest_only.py
[2023-12-21T16:48:46.515+0000] {processor.py:766} INFO - DAG(s) dict_keys(['latest_only']) retrieved from /home/airflow/.local/lib/python3.7/site-packages/airflow/example_dags/example_latest_only.py
[2023-12-21T16:48:46.566+0000] {logging_mixin.py:120} INFO - [2023-12-21T16:48:46.566+0000] {dag.py:2585} INFO - Sync 1 DAGs
[2023-12-21T16:48:46.600+0000] {logging_mixin.py:120} INFO - [2023-12-21T16:48:46.600+0000] {dag.py:3340} INFO - Setting next_dagrun for latest_only to 2023-12-21T12:48:46.600410+00:00, run_after=2023-12-21T16:48:46.600410+00:00
[2023-12-21T16:48:46.638+0000] {processor.py:176} INFO - Processing /home/airflow/.local/lib/python3.7/site-packages/airflow/example_dags/example_latest_only.py took 0.142 seconds
[2023-12-21T16:49:17.402+0000] {processor.py:154} INFO - Started process (PID=1627) to work on /home/airflow/.local/lib/python3.7/site-packages/airflow/example_dags/example_latest_only.py
[2023-12-21T16:49:17.402+0000] {processor.py:756} INFO - Processing file /home/airflow/.local/lib/python3.7/site-packages/airflow/example_dags/example_latest_only.py for tasks to queue
[2023-12-21T16:49:17.403+0000] {logging_mixin.py:120} INFO - [2023-12-21T16:49:17.403+0000] {dagbag.py:537} INFO - Filling up the DagBag from /home/airflow/.local/lib/python3.7/site-packages/airflow/example_dags/example_latest_only.py
[2023-12-21T16:49:17.418+0000] {processor.py:766} INFO - DAG(s) dict_keys(['latest_only']) retrieved from /home/airflow/.local/lib/python3.7/site-packages/airflow/example_dags/example_latest_only.py
[2023-12-21T16:49:17.455+0000] {logging_mixin.py:120} INFO - [2023-12-21T16:49:17.455+0000] {dag.py:2585} INFO - Sync 1 DAGs
[2023-12-21T16:49:17.484+0000] {logging_mixin.py:120} INFO - [2023-12-21T16:49:17.483+0000] {dag.py:3340} INFO - Setting next_dagrun for latest_only to 2023-12-21T12:49:17.483414+00:00, run_after=2023-12-21T16:49:17.483414+00:00
[2023-12-21T16:49:17.508+0000] {processor.py:176} INFO - Processing /home/airflow/.local/lib/python3.7/site-packages/airflow/example_dags/example_latest_only.py took 0.109 seconds
[2023-12-21T16:49:48.159+0000] {processor.py:154} INFO - Started process (PID=1690) to work on /home/airflow/.local/lib/python3.7/site-packages/airflow/example_dags/example_latest_only.py
[2023-12-21T16:49:48.159+0000] {processor.py:756} INFO - Processing file /home/airflow/.local/lib/python3.7/site-packages/airflow/example_dags/example_latest_only.py for tasks to queue
[2023-12-21T16:49:48.160+0000] {logging_mixin.py:120} INFO - [2023-12-21T16:49:48.160+0000] {dagbag.py:537} INFO - Filling up the DagBag from /home/airflow/.local/lib/python3.7/site-packages/airflow/example_dags/example_latest_only.py
[2023-12-21T16:49:48.175+0000] {processor.py:766} INFO - DAG(s) dict_keys(['latest_only']) retrieved from /home/airflow/.local/lib/python3.7/site-packages/airflow/example_dags/example_latest_only.py
[2023-12-21T16:49:48.221+0000] {logging_mixin.py:120} INFO - [2023-12-21T16:49:48.220+0000] {dag.py:2585} INFO - Sync 1 DAGs
[2023-12-21T16:49:48.243+0000] {logging_mixin.py:120} INFO - [2023-12-21T16:49:48.243+0000] {dag.py:3340} INFO - Setting next_dagrun for latest_only to 2023-12-21T12:49:48.243512+00:00, run_after=2023-12-21T16:49:48.243512+00:00
[2023-12-21T16:49:48.264+0000] {processor.py:176} INFO - Processing /home/airflow/.local/lib/python3.7/site-packages/airflow/example_dags/example_latest_only.py took 0.108 seconds
[2023-12-21T16:50:18.836+0000] {processor.py:154} INFO - Started process (PID=1744) to work on /home/airflow/.local/lib/python3.7/site-packages/airflow/example_dags/example_latest_only.py
[2023-12-21T16:50:18.837+0000] {processor.py:756} INFO - Processing file /home/airflow/.local/lib/python3.7/site-packages/airflow/example_dags/example_latest_only.py for tasks to queue
[2023-12-21T16:50:18.837+0000] {logging_mixin.py:120} INFO - [2023-12-21T16:50:18.837+0000] {dagbag.py:537} INFO - Filling up the DagBag from /home/airflow/.local/lib/python3.7/site-packages/airflow/example_dags/example_latest_only.py
[2023-12-21T16:50:18.852+0000] {processor.py:766} INFO - DAG(s) dict_keys(['latest_only']) retrieved from /home/airflow/.local/lib/python3.7/site-packages/airflow/example_dags/example_latest_only.py
[2023-12-21T16:50:18.891+0000] {logging_mixin.py:120} INFO - [2023-12-21T16:50:18.891+0000] {dag.py:2585} INFO - Sync 1 DAGs
[2023-12-21T16:50:18.920+0000] {logging_mixin.py:120} INFO - [2023-12-21T16:50:18.919+0000] {dag.py:3340} INFO - Setting next_dagrun for latest_only to 2023-12-21T12:50:18.919781+00:00, run_after=2023-12-21T16:50:18.919781+00:00
[2023-12-21T16:50:18.941+0000] {processor.py:176} INFO - Processing /home/airflow/.local/lib/python3.7/site-packages/airflow/example_dags/example_latest_only.py took 0.108 seconds
[2023-12-21T16:50:49.457+0000] {processor.py:154} INFO - Started process (PID=1807) to work on /home/airflow/.local/lib/python3.7/site-packages/airflow/example_dags/example_latest_only.py
[2023-12-21T16:50:49.458+0000] {processor.py:756} INFO - Processing file /home/airflow/.local/lib/python3.7/site-packages/airflow/example_dags/example_latest_only.py for tasks to queue
[2023-12-21T16:50:49.458+0000] {logging_mixin.py:120} INFO - [2023-12-21T16:50:49.458+0000] {dagbag.py:537} INFO - Filling up the DagBag from /home/airflow/.local/lib/python3.7/site-packages/airflow/example_dags/example_latest_only.py
[2023-12-21T16:50:49.473+0000] {processor.py:766} INFO - DAG(s) dict_keys(['latest_only']) retrieved from /home/airflow/.local/lib/python3.7/site-packages/airflow/example_dags/example_latest_only.py
[2023-12-21T16:50:49.512+0000] {logging_mixin.py:120} INFO - [2023-12-21T16:50:49.512+0000] {dag.py:2585} INFO - Sync 1 DAGs
[2023-12-21T16:50:49.540+0000] {logging_mixin.py:120} INFO - [2023-12-21T16:50:49.540+0000] {dag.py:3340} INFO - Setting next_dagrun for latest_only to 2023-12-21T12:50:49.540301+00:00, run_after=2023-12-21T16:50:49.540301+00:00
[2023-12-21T16:50:49.561+0000] {processor.py:176} INFO - Processing /home/airflow/.local/lib/python3.7/site-packages/airflow/example_dags/example_latest_only.py took 0.107 seconds
[2023-12-21T16:51:20.216+0000] {processor.py:154} INFO - Started process (PID=1871) to work on /home/airflow/.local/lib/python3.7/site-packages/airflow/example_dags/example_latest_only.py
[2023-12-21T16:51:20.217+0000] {processor.py:756} INFO - Processing file /home/airflow/.local/lib/python3.7/site-packages/airflow/example_dags/example_latest_only.py for tasks to queue
[2023-12-21T16:51:20.217+0000] {logging_mixin.py:120} INFO - [2023-12-21T16:51:20.217+0000] {dagbag.py:537} INFO - Filling up the DagBag from /home/airflow/.local/lib/python3.7/site-packages/airflow/example_dags/example_latest_only.py
[2023-12-21T16:51:20.230+0000] {processor.py:766} INFO - DAG(s) dict_keys(['latest_only']) retrieved from /home/airflow/.local/lib/python3.7/site-packages/airflow/example_dags/example_latest_only.py
[2023-12-21T16:51:20.262+0000] {logging_mixin.py:120} INFO - [2023-12-21T16:51:20.262+0000] {dag.py:2585} INFO - Sync 1 DAGs
[2023-12-21T16:51:20.282+0000] {logging_mixin.py:120} INFO - [2023-12-21T16:51:20.282+0000] {dag.py:3340} INFO - Setting next_dagrun for latest_only to 2023-12-21T12:51:20.282158+00:00, run_after=2023-12-21T16:51:20.282158+00:00
[2023-12-21T16:51:20.307+0000] {processor.py:176} INFO - Processing /home/airflow/.local/lib/python3.7/site-packages/airflow/example_dags/example_latest_only.py took 0.093 seconds
[2023-12-21T16:51:51.026+0000] {processor.py:154} INFO - Started process (PID=1934) to work on /home/airflow/.local/lib/python3.7/site-packages/airflow/example_dags/example_latest_only.py
[2023-12-21T16:51:51.026+0000] {processor.py:756} INFO - Processing file /home/airflow/.local/lib/python3.7/site-packages/airflow/example_dags/example_latest_only.py for tasks to queue
[2023-12-21T16:51:51.027+0000] {logging_mixin.py:120} INFO - [2023-12-21T16:51:51.027+0000] {dagbag.py:537} INFO - Filling up the DagBag from /home/airflow/.local/lib/python3.7/site-packages/airflow/example_dags/example_latest_only.py
[2023-12-21T16:51:51.039+0000] {processor.py:766} INFO - DAG(s) dict_keys(['latest_only']) retrieved from /home/airflow/.local/lib/python3.7/site-packages/airflow/example_dags/example_latest_only.py
[2023-12-21T16:51:51.078+0000] {logging_mixin.py:120} INFO - [2023-12-21T16:51:51.078+0000] {dag.py:2585} INFO - Sync 1 DAGs
[2023-12-21T16:51:51.104+0000] {logging_mixin.py:120} INFO - [2023-12-21T16:51:51.104+0000] {dag.py:3340} INFO - Setting next_dagrun for latest_only to 2023-12-21T12:51:51.103900+00:00, run_after=2023-12-21T16:51:51.103900+00:00
[2023-12-21T16:51:51.126+0000] {processor.py:176} INFO - Processing /home/airflow/.local/lib/python3.7/site-packages/airflow/example_dags/example_latest_only.py took 0.103 seconds
[2023-12-21T16:52:21.852+0000] {processor.py:154} INFO - Started process (PID=1988) to work on /home/airflow/.local/lib/python3.7/site-packages/airflow/example_dags/example_latest_only.py
[2023-12-21T16:52:21.853+0000] {processor.py:756} INFO - Processing file /home/airflow/.local/lib/python3.7/site-packages/airflow/example_dags/example_latest_only.py for tasks to queue
[2023-12-21T16:52:21.853+0000] {logging_mixin.py:120} INFO - [2023-12-21T16:52:21.853+0000] {dagbag.py:537} INFO - Filling up the DagBag from /home/airflow/.local/lib/python3.7/site-packages/airflow/example_dags/example_latest_only.py
[2023-12-21T16:52:21.867+0000] {processor.py:766} INFO - DAG(s) dict_keys(['latest_only']) retrieved from /home/airflow/.local/lib/python3.7/site-packages/airflow/example_dags/example_latest_only.py
[2023-12-21T16:52:21.903+0000] {logging_mixin.py:120} INFO - [2023-12-21T16:52:21.903+0000] {dag.py:2585} INFO - Sync 1 DAGs
[2023-12-21T16:52:21.925+0000] {logging_mixin.py:120} INFO - [2023-12-21T16:52:21.925+0000] {dag.py:3340} INFO - Setting next_dagrun for latest_only to 2023-12-21T12:52:21.925308+00:00, run_after=2023-12-21T16:52:21.925308+00:00
[2023-12-21T16:52:21.950+0000] {processor.py:176} INFO - Processing /home/airflow/.local/lib/python3.7/site-packages/airflow/example_dags/example_latest_only.py took 0.101 seconds
[2023-12-21T16:52:52.596+0000] {processor.py:154} INFO - Started process (PID=2052) to work on /home/airflow/.local/lib/python3.7/site-packages/airflow/example_dags/example_latest_only.py
[2023-12-21T16:52:52.597+0000] {processor.py:756} INFO - Processing file /home/airflow/.local/lib/python3.7/site-packages/airflow/example_dags/example_latest_only.py for tasks to queue
[2023-12-21T16:52:52.597+0000] {logging_mixin.py:120} INFO - [2023-12-21T16:52:52.597+0000] {dagbag.py:537} INFO - Filling up the DagBag from /home/airflow/.local/lib/python3.7/site-packages/airflow/example_dags/example_latest_only.py
[2023-12-21T16:52:52.610+0000] {processor.py:766} INFO - DAG(s) dict_keys(['latest_only']) retrieved from /home/airflow/.local/lib/python3.7/site-packages/airflow/example_dags/example_latest_only.py
[2023-12-21T16:52:52.644+0000] {logging_mixin.py:120} INFO - [2023-12-21T16:52:52.644+0000] {dag.py:2585} INFO - Sync 1 DAGs
[2023-12-21T16:52:52.667+0000] {logging_mixin.py:120} INFO - [2023-12-21T16:52:52.667+0000] {dag.py:3340} INFO - Setting next_dagrun for latest_only to 2023-12-21T12:52:52.666817+00:00, run_after=2023-12-21T16:52:52.666817+00:00
[2023-12-21T16:52:52.695+0000] {processor.py:176} INFO - Processing /home/airflow/.local/lib/python3.7/site-packages/airflow/example_dags/example_latest_only.py took 0.101 seconds
[2023-12-21T16:53:23.353+0000] {processor.py:154} INFO - Started process (PID=2115) to work on /home/airflow/.local/lib/python3.7/site-packages/airflow/example_dags/example_latest_only.py
[2023-12-21T16:53:23.354+0000] {processor.py:756} INFO - Processing file /home/airflow/.local/lib/python3.7/site-packages/airflow/example_dags/example_latest_only.py for tasks to queue
[2023-12-21T16:53:23.354+0000] {logging_mixin.py:120} INFO - [2023-12-21T16:53:23.354+0000] {dagbag.py:537} INFO - Filling up the DagBag from /home/airflow/.local/lib/python3.7/site-packages/airflow/example_dags/example_latest_only.py
[2023-12-21T16:53:23.368+0000] {processor.py:766} INFO - DAG(s) dict_keys(['latest_only']) retrieved from /home/airflow/.local/lib/python3.7/site-packages/airflow/example_dags/example_latest_only.py
[2023-12-21T16:53:23.405+0000] {logging_mixin.py:120} INFO - [2023-12-21T16:53:23.404+0000] {dag.py:2585} INFO - Sync 1 DAGs
[2023-12-21T16:53:23.431+0000] {logging_mixin.py:120} INFO - [2023-12-21T16:53:23.431+0000] {dag.py:3340} INFO - Setting next_dagrun for latest_only to 2023-12-21T12:53:23.430784+00:00, run_after=2023-12-21T16:53:23.430784+00:00
[2023-12-21T16:53:23.458+0000] {processor.py:176} INFO - Processing /home/airflow/.local/lib/python3.7/site-packages/airflow/example_dags/example_latest_only.py took 0.108 seconds
[2023-12-21T16:53:54.345+0000] {processor.py:154} INFO - Started process (PID=2179) to work on /home/airflow/.local/lib/python3.7/site-packages/airflow/example_dags/example_latest_only.py
[2023-12-21T16:53:54.346+0000] {processor.py:756} INFO - Processing file /home/airflow/.local/lib/python3.7/site-packages/airflow/example_dags/example_latest_only.py for tasks to queue
[2023-12-21T16:53:54.346+0000] {logging_mixin.py:120} INFO - [2023-12-21T16:53:54.346+0000] {dagbag.py:537} INFO - Filling up the DagBag from /home/airflow/.local/lib/python3.7/site-packages/airflow/example_dags/example_latest_only.py
[2023-12-21T16:53:54.359+0000] {processor.py:766} INFO - DAG(s) dict_keys(['latest_only']) retrieved from /home/airflow/.local/lib/python3.7/site-packages/airflow/example_dags/example_latest_only.py
[2023-12-21T16:53:54.406+0000] {logging_mixin.py:120} INFO - [2023-12-21T16:53:54.406+0000] {dag.py:2585} INFO - Sync 1 DAGs
[2023-12-21T16:53:54.439+0000] {logging_mixin.py:120} INFO - [2023-12-21T16:53:54.438+0000] {dag.py:3340} INFO - Setting next_dagrun for latest_only to 2023-12-21T12:53:54.438757+00:00, run_after=2023-12-21T16:53:54.438757+00:00
[2023-12-21T16:53:54.465+0000] {processor.py:176} INFO - Processing /home/airflow/.local/lib/python3.7/site-packages/airflow/example_dags/example_latest_only.py took 0.122 seconds
[2023-12-21T16:54:25.060+0000] {processor.py:154} INFO - Started process (PID=2233) to work on /home/airflow/.local/lib/python3.7/site-packages/airflow/example_dags/example_latest_only.py
[2023-12-21T16:54:25.061+0000] {processor.py:756} INFO - Processing file /home/airflow/.local/lib/python3.7/site-packages/airflow/example_dags/example_latest_only.py for tasks to queue
[2023-12-21T16:54:25.061+0000] {logging_mixin.py:120} INFO - [2023-12-21T16:54:25.061+0000] {dagbag.py:537} INFO - Filling up the DagBag from /home/airflow/.local/lib/python3.7/site-packages/airflow/example_dags/example_latest_only.py
[2023-12-21T16:54:25.078+0000] {processor.py:766} INFO - DAG(s) dict_keys(['latest_only']) retrieved from /home/airflow/.local/lib/python3.7/site-packages/airflow/example_dags/example_latest_only.py
[2023-12-21T16:54:25.126+0000] {logging_mixin.py:120} INFO - [2023-12-21T16:54:25.126+0000] {dag.py:2585} INFO - Sync 1 DAGs
[2023-12-21T16:54:25.149+0000] {logging_mixin.py:120} INFO - [2023-12-21T16:54:25.149+0000] {dag.py:3340} INFO - Setting next_dagrun for latest_only to 2023-12-21T12:54:25.148818+00:00, run_after=2023-12-21T16:54:25.148818+00:00
[2023-12-21T16:54:25.179+0000] {processor.py:176} INFO - Processing /home/airflow/.local/lib/python3.7/site-packages/airflow/example_dags/example_latest_only.py took 0.122 seconds
[2023-12-21T16:54:55.958+0000] {processor.py:154} INFO - Started process (PID=2296) to work on /home/airflow/.local/lib/python3.7/site-packages/airflow/example_dags/example_latest_only.py
[2023-12-21T16:54:55.958+0000] {processor.py:756} INFO - Processing file /home/airflow/.local/lib/python3.7/site-packages/airflow/example_dags/example_latest_only.py for tasks to queue
[2023-12-21T16:54:55.959+0000] {logging_mixin.py:120} INFO - [2023-12-21T16:54:55.959+0000] {dagbag.py:537} INFO - Filling up the DagBag from /home/airflow/.local/lib/python3.7/site-packages/airflow/example_dags/example_latest_only.py
[2023-12-21T16:54:55.973+0000] {processor.py:766} INFO - DAG(s) dict_keys(['latest_only']) retrieved from /home/airflow/.local/lib/python3.7/site-packages/airflow/example_dags/example_latest_only.py
[2023-12-21T16:54:56.010+0000] {logging_mixin.py:120} INFO - [2023-12-21T16:54:56.010+0000] {dag.py:2585} INFO - Sync 1 DAGs
[2023-12-21T16:54:56.031+0000] {logging_mixin.py:120} INFO - [2023-12-21T16:54:56.031+0000] {dag.py:3340} INFO - Setting next_dagrun for latest_only to 2023-12-21T12:54:56.030840+00:00, run_after=2023-12-21T16:54:56.030840+00:00
[2023-12-21T16:54:56.056+0000] {processor.py:176} INFO - Processing /home/airflow/.local/lib/python3.7/site-packages/airflow/example_dags/example_latest_only.py took 0.101 seconds
[2023-12-21T16:55:26.628+0000] {processor.py:154} INFO - Started process (PID=2359) to work on /home/airflow/.local/lib/python3.7/site-packages/airflow/example_dags/example_latest_only.py
[2023-12-21T16:55:26.628+0000] {processor.py:756} INFO - Processing file /home/airflow/.local/lib/python3.7/site-packages/airflow/example_dags/example_latest_only.py for tasks to queue
[2023-12-21T16:55:26.629+0000] {logging_mixin.py:120} INFO - [2023-12-21T16:55:26.629+0000] {dagbag.py:537} INFO - Filling up the DagBag from /home/airflow/.local/lib/python3.7/site-packages/airflow/example_dags/example_latest_only.py
[2023-12-21T16:55:26.642+0000] {processor.py:766} INFO - DAG(s) dict_keys(['latest_only']) retrieved from /home/airflow/.local/lib/python3.7/site-packages/airflow/example_dags/example_latest_only.py
[2023-12-21T16:55:26.682+0000] {logging_mixin.py:120} INFO - [2023-12-21T16:55:26.681+0000] {dag.py:2585} INFO - Sync 1 DAGs
[2023-12-21T16:55:26.704+0000] {logging_mixin.py:120} INFO - [2023-12-21T16:55:26.704+0000] {dag.py:3340} INFO - Setting next_dagrun for latest_only to 2023-12-21T12:55:26.704091+00:00, run_after=2023-12-21T16:55:26.704091+00:00
[2023-12-21T16:55:26.731+0000] {processor.py:176} INFO - Processing /home/airflow/.local/lib/python3.7/site-packages/airflow/example_dags/example_latest_only.py took 0.106 seconds
[2023-12-21T16:55:57.434+0000] {processor.py:154} INFO - Started process (PID=2422) to work on /home/airflow/.local/lib/python3.7/site-packages/airflow/example_dags/example_latest_only.py
[2023-12-21T16:55:57.435+0000] {processor.py:756} INFO - Processing file /home/airflow/.local/lib/python3.7/site-packages/airflow/example_dags/example_latest_only.py for tasks to queue
[2023-12-21T16:55:57.435+0000] {logging_mixin.py:120} INFO - [2023-12-21T16:55:57.435+0000] {dagbag.py:537} INFO - Filling up the DagBag from /home/airflow/.local/lib/python3.7/site-packages/airflow/example_dags/example_latest_only.py
[2023-12-21T16:55:57.447+0000] {processor.py:766} INFO - DAG(s) dict_keys(['latest_only']) retrieved from /home/airflow/.local/lib/python3.7/site-packages/airflow/example_dags/example_latest_only.py
[2023-12-21T16:55:57.482+0000] {logging_mixin.py:120} INFO - [2023-12-21T16:55:57.482+0000] {dag.py:2585} INFO - Sync 1 DAGs
[2023-12-21T16:55:57.509+0000] {logging_mixin.py:120} INFO - [2023-12-21T16:55:57.509+0000] {dag.py:3340} INFO - Setting next_dagrun for latest_only to 2023-12-21T12:55:57.509229+00:00, run_after=2023-12-21T16:55:57.509229+00:00
[2023-12-21T16:55:57.532+0000] {processor.py:176} INFO - Processing /home/airflow/.local/lib/python3.7/site-packages/airflow/example_dags/example_latest_only.py took 0.100 seconds
[2023-12-21T16:56:28.309+0000] {processor.py:154} INFO - Started process (PID=2476) to work on /home/airflow/.local/lib/python3.7/site-packages/airflow/example_dags/example_latest_only.py
[2023-12-21T16:56:28.310+0000] {processor.py:756} INFO - Processing file /home/airflow/.local/lib/python3.7/site-packages/airflow/example_dags/example_latest_only.py for tasks to queue
[2023-12-21T16:56:28.310+0000] {logging_mixin.py:120} INFO - [2023-12-21T16:56:28.310+0000] {dagbag.py:537} INFO - Filling up the DagBag from /home/airflow/.local/lib/python3.7/site-packages/airflow/example_dags/example_latest_only.py
[2023-12-21T16:56:28.322+0000] {processor.py:766} INFO - DAG(s) dict_keys(['latest_only']) retrieved from /home/airflow/.local/lib/python3.7/site-packages/airflow/example_dags/example_latest_only.py
[2023-12-21T16:56:28.355+0000] {logging_mixin.py:120} INFO - [2023-12-21T16:56:28.355+0000] {dag.py:2585} INFO - Sync 1 DAGs
[2023-12-21T16:56:28.383+0000] {logging_mixin.py:120} INFO - [2023-12-21T16:56:28.382+0000] {dag.py:3340} INFO - Setting next_dagrun for latest_only to 2023-12-21T12:56:28.382634+00:00, run_after=2023-12-21T16:56:28.382634+00:00
[2023-12-21T16:56:28.403+0000] {processor.py:176} INFO - Processing /home/airflow/.local/lib/python3.7/site-packages/airflow/example_dags/example_latest_only.py took 0.096 seconds
[2023-12-21T16:56:58.846+0000] {processor.py:154} INFO - Started process (PID=2540) to work on /home/airflow/.local/lib/python3.7/site-packages/airflow/example_dags/example_latest_only.py
[2023-12-21T16:56:58.846+0000] {processor.py:756} INFO - Processing file /home/airflow/.local/lib/python3.7/site-packages/airflow/example_dags/example_latest_only.py for tasks to queue
[2023-12-21T16:56:58.847+0000] {logging_mixin.py:120} INFO - [2023-12-21T16:56:58.847+0000] {dagbag.py:537} INFO - Filling up the DagBag from /home/airflow/.local/lib/python3.7/site-packages/airflow/example_dags/example_latest_only.py
[2023-12-21T16:56:58.860+0000] {processor.py:766} INFO - DAG(s) dict_keys(['latest_only']) retrieved from /home/airflow/.local/lib/python3.7/site-packages/airflow/example_dags/example_latest_only.py
[2023-12-21T16:56:58.898+0000] {logging_mixin.py:120} INFO - [2023-12-21T16:56:58.898+0000] {dag.py:2585} INFO - Sync 1 DAGs
[2023-12-21T16:56:58.920+0000] {logging_mixin.py:120} INFO - [2023-12-21T16:56:58.920+0000] {dag.py:3340} INFO - Setting next_dagrun for latest_only to 2023-12-21T12:56:58.919824+00:00, run_after=2023-12-21T16:56:58.919824+00:00
[2023-12-21T16:56:58.943+0000] {processor.py:176} INFO - Processing /home/airflow/.local/lib/python3.7/site-packages/airflow/example_dags/example_latest_only.py took 0.100 seconds
[2023-12-21T16:59:47.414+0000] {processor.py:154} INFO - Started process (PID=54) to work on /home/airflow/.local/lib/python3.7/site-packages/airflow/example_dags/example_latest_only.py
[2023-12-21T16:59:47.422+0000] {processor.py:756} INFO - Processing file /home/airflow/.local/lib/python3.7/site-packages/airflow/example_dags/example_latest_only.py for tasks to queue
[2023-12-21T16:59:47.423+0000] {logging_mixin.py:120} INFO - [2023-12-21T16:59:47.423+0000] {dagbag.py:537} INFO - Filling up the DagBag from /home/airflow/.local/lib/python3.7/site-packages/airflow/example_dags/example_latest_only.py
[2023-12-21T16:59:47.438+0000] {processor.py:766} INFO - DAG(s) dict_keys(['latest_only']) retrieved from /home/airflow/.local/lib/python3.7/site-packages/airflow/example_dags/example_latest_only.py
[2023-12-21T16:59:47.476+0000] {logging_mixin.py:120} INFO - [2023-12-21T16:59:47.476+0000] {dag.py:2585} INFO - Sync 1 DAGs
[2023-12-21T16:59:47.501+0000] {logging_mixin.py:120} INFO - [2023-12-21T16:59:47.501+0000] {dag.py:3340} INFO - Setting next_dagrun for latest_only to 2023-12-21T12:59:47.501320+00:00, run_after=2023-12-21T16:59:47.501320+00:00
[2023-12-21T16:59:47.527+0000] {processor.py:176} INFO - Processing /home/airflow/.local/lib/python3.7/site-packages/airflow/example_dags/example_latest_only.py took 0.116 seconds
