[2023-12-21T16:36:03.763+0000] {processor.py:154} INFO - Started process (PID=71) to work on /home/airflow/.local/lib/python3.7/site-packages/airflow/example_dags/example_short_circuit_operator.py
[2023-12-21T16:36:03.763+0000] {processor.py:756} INFO - Processing file /home/airflow/.local/lib/python3.7/site-packages/airflow/example_dags/example_short_circuit_operator.py for tasks to queue
[2023-12-21T16:36:03.764+0000] {logging_mixin.py:120} INFO - [2023-12-21T16:36:03.764+0000] {dagbag.py:537} INFO - Filling up the DagBag from /home/airflow/.local/lib/python3.7/site-packages/airflow/example_dags/example_short_circuit_operator.py
[2023-12-21T16:36:03.793+0000] {processor.py:766} INFO - DAG(s) dict_keys(['example_short_circuit_operator']) retrieved from /home/airflow/.local/lib/python3.7/site-packages/airflow/example_dags/example_short_circuit_operator.py
[2023-12-21T16:36:03.972+0000] {logging_mixin.py:120} INFO - [2023-12-21T16:36:03.972+0000] {manager.py:507} INFO - Created Permission View: can read on DAG:example_short_circuit_operator
[2023-12-21T16:36:03.993+0000] {logging_mixin.py:120} INFO - [2023-12-21T16:36:03.993+0000] {manager.py:507} INFO - Created Permission View: can delete on DAG:example_short_circuit_operator
[2023-12-21T16:36:04.015+0000] {logging_mixin.py:120} INFO - [2023-12-21T16:36:04.014+0000] {manager.py:507} INFO - Created Permission View: can edit on DAG:example_short_circuit_operator
[2023-12-21T16:36:04.015+0000] {logging_mixin.py:120} INFO - [2023-12-21T16:36:04.015+0000] {dag.py:2585} INFO - Sync 1 DAGs
[2023-12-21T16:36:04.035+0000] {logging_mixin.py:120} INFO - [2023-12-21T16:36:04.035+0000] {dag.py:2606} INFO - Creating ORM DAG for example_short_circuit_operator
[2023-12-21T16:36:04.058+0000] {logging_mixin.py:120} INFO - [2023-12-21T16:36:04.058+0000] {dag.py:3340} INFO - Setting next_dagrun for example_short_circuit_operator to 2023-12-20T16:36:04.058283+00:00, run_after=2023-12-21T16:36:04.058283+00:00
[2023-12-21T16:36:04.099+0000] {processor.py:176} INFO - Processing /home/airflow/.local/lib/python3.7/site-packages/airflow/example_dags/example_short_circuit_operator.py took 0.340 seconds
[2023-12-21T16:36:34.727+0000] {processor.py:154} INFO - Started process (PID=134) to work on /home/airflow/.local/lib/python3.7/site-packages/airflow/example_dags/example_short_circuit_operator.py
[2023-12-21T16:36:34.728+0000] {processor.py:756} INFO - Processing file /home/airflow/.local/lib/python3.7/site-packages/airflow/example_dags/example_short_circuit_operator.py for tasks to queue
[2023-12-21T16:36:34.728+0000] {logging_mixin.py:120} INFO - [2023-12-21T16:36:34.728+0000] {dagbag.py:537} INFO - Filling up the DagBag from /home/airflow/.local/lib/python3.7/site-packages/airflow/example_dags/example_short_circuit_operator.py
[2023-12-21T16:36:34.743+0000] {processor.py:766} INFO - DAG(s) dict_keys(['example_short_circuit_operator']) retrieved from /home/airflow/.local/lib/python3.7/site-packages/airflow/example_dags/example_short_circuit_operator.py
[2023-12-21T16:36:34.777+0000] {logging_mixin.py:120} INFO - [2023-12-21T16:36:34.777+0000] {dag.py:2585} INFO - Sync 1 DAGs
[2023-12-21T16:36:34.798+0000] {logging_mixin.py:120} INFO - [2023-12-21T16:36:34.797+0000] {dag.py:3340} INFO - Setting next_dagrun for example_short_circuit_operator to 2023-12-20T16:36:34.797681+00:00, run_after=2023-12-21T16:36:34.797681+00:00
[2023-12-21T16:36:34.819+0000] {processor.py:176} INFO - Processing /home/airflow/.local/lib/python3.7/site-packages/airflow/example_dags/example_short_circuit_operator.py took 0.094 seconds
[2023-12-21T16:37:05.575+0000] {processor.py:154} INFO - Started process (PID=198) to work on /home/airflow/.local/lib/python3.7/site-packages/airflow/example_dags/example_short_circuit_operator.py
[2023-12-21T16:37:05.576+0000] {processor.py:756} INFO - Processing file /home/airflow/.local/lib/python3.7/site-packages/airflow/example_dags/example_short_circuit_operator.py for tasks to queue
[2023-12-21T16:37:05.576+0000] {logging_mixin.py:120} INFO - [2023-12-21T16:37:05.576+0000] {dagbag.py:537} INFO - Filling up the DagBag from /home/airflow/.local/lib/python3.7/site-packages/airflow/example_dags/example_short_circuit_operator.py
[2023-12-21T16:37:05.591+0000] {processor.py:766} INFO - DAG(s) dict_keys(['example_short_circuit_operator']) retrieved from /home/airflow/.local/lib/python3.7/site-packages/airflow/example_dags/example_short_circuit_operator.py
[2023-12-21T16:37:05.624+0000] {logging_mixin.py:120} INFO - [2023-12-21T16:37:05.624+0000] {dag.py:2585} INFO - Sync 1 DAGs
[2023-12-21T16:37:05.655+0000] {logging_mixin.py:120} INFO - [2023-12-21T16:37:05.655+0000] {dag.py:3340} INFO - Setting next_dagrun for example_short_circuit_operator to 2023-12-20T16:37:05.655197+00:00, run_after=2023-12-21T16:37:05.655197+00:00
[2023-12-21T16:37:05.676+0000] {processor.py:176} INFO - Processing /home/airflow/.local/lib/python3.7/site-packages/airflow/example_dags/example_short_circuit_operator.py took 0.103 seconds
[2023-12-21T16:37:36.186+0000] {processor.py:154} INFO - Started process (PID=252) to work on /home/airflow/.local/lib/python3.7/site-packages/airflow/example_dags/example_short_circuit_operator.py
[2023-12-21T16:37:36.187+0000] {processor.py:756} INFO - Processing file /home/airflow/.local/lib/python3.7/site-packages/airflow/example_dags/example_short_circuit_operator.py for tasks to queue
[2023-12-21T16:37:36.187+0000] {logging_mixin.py:120} INFO - [2023-12-21T16:37:36.187+0000] {dagbag.py:537} INFO - Filling up the DagBag from /home/airflow/.local/lib/python3.7/site-packages/airflow/example_dags/example_short_circuit_operator.py
[2023-12-21T16:37:36.204+0000] {processor.py:766} INFO - DAG(s) dict_keys(['example_short_circuit_operator']) retrieved from /home/airflow/.local/lib/python3.7/site-packages/airflow/example_dags/example_short_circuit_operator.py
[2023-12-21T16:37:36.241+0000] {logging_mixin.py:120} INFO - [2023-12-21T16:37:36.241+0000] {dag.py:2585} INFO - Sync 1 DAGs
[2023-12-21T16:37:36.260+0000] {logging_mixin.py:120} INFO - [2023-12-21T16:37:36.260+0000] {dag.py:3340} INFO - Setting next_dagrun for example_short_circuit_operator to 2023-12-20T16:37:36.260697+00:00, run_after=2023-12-21T16:37:36.260697+00:00
[2023-12-21T16:37:36.285+0000] {processor.py:176} INFO - Processing /home/airflow/.local/lib/python3.7/site-packages/airflow/example_dags/example_short_circuit_operator.py took 0.102 seconds
[2023-12-21T16:38:06.978+0000] {processor.py:154} INFO - Started process (PID=316) to work on /home/airflow/.local/lib/python3.7/site-packages/airflow/example_dags/example_short_circuit_operator.py
[2023-12-21T16:38:06.978+0000] {processor.py:756} INFO - Processing file /home/airflow/.local/lib/python3.7/site-packages/airflow/example_dags/example_short_circuit_operator.py for tasks to queue
[2023-12-21T16:38:06.979+0000] {logging_mixin.py:120} INFO - [2023-12-21T16:38:06.979+0000] {dagbag.py:537} INFO - Filling up the DagBag from /home/airflow/.local/lib/python3.7/site-packages/airflow/example_dags/example_short_circuit_operator.py
[2023-12-21T16:38:07.003+0000] {processor.py:766} INFO - DAG(s) dict_keys(['example_short_circuit_operator']) retrieved from /home/airflow/.local/lib/python3.7/site-packages/airflow/example_dags/example_short_circuit_operator.py
[2023-12-21T16:38:07.048+0000] {logging_mixin.py:120} INFO - [2023-12-21T16:38:07.048+0000] {dag.py:2585} INFO - Sync 1 DAGs
[2023-12-21T16:38:07.078+0000] {logging_mixin.py:120} INFO - [2023-12-21T16:38:07.077+0000] {dag.py:3340} INFO - Setting next_dagrun for example_short_circuit_operator to 2023-12-20T16:38:07.077686+00:00, run_after=2023-12-21T16:38:07.077686+00:00
[2023-12-21T16:38:07.099+0000] {processor.py:176} INFO - Processing /home/airflow/.local/lib/python3.7/site-packages/airflow/example_dags/example_short_circuit_operator.py took 0.124 seconds
[2023-12-21T16:38:37.572+0000] {processor.py:154} INFO - Started process (PID=379) to work on /home/airflow/.local/lib/python3.7/site-packages/airflow/example_dags/example_short_circuit_operator.py
[2023-12-21T16:38:37.572+0000] {processor.py:756} INFO - Processing file /home/airflow/.local/lib/python3.7/site-packages/airflow/example_dags/example_short_circuit_operator.py for tasks to queue
[2023-12-21T16:38:37.573+0000] {logging_mixin.py:120} INFO - [2023-12-21T16:38:37.573+0000] {dagbag.py:537} INFO - Filling up the DagBag from /home/airflow/.local/lib/python3.7/site-packages/airflow/example_dags/example_short_circuit_operator.py
[2023-12-21T16:38:37.588+0000] {processor.py:766} INFO - DAG(s) dict_keys(['example_short_circuit_operator']) retrieved from /home/airflow/.local/lib/python3.7/site-packages/airflow/example_dags/example_short_circuit_operator.py
[2023-12-21T16:38:37.637+0000] {logging_mixin.py:120} INFO - [2023-12-21T16:38:37.636+0000] {dag.py:2585} INFO - Sync 1 DAGs
[2023-12-21T16:38:37.667+0000] {logging_mixin.py:120} INFO - [2023-12-21T16:38:37.667+0000] {dag.py:3340} INFO - Setting next_dagrun for example_short_circuit_operator to 2023-12-20T16:38:37.666788+00:00, run_after=2023-12-21T16:38:37.666788+00:00
[2023-12-21T16:38:37.696+0000] {processor.py:176} INFO - Processing /home/airflow/.local/lib/python3.7/site-packages/airflow/example_dags/example_short_circuit_operator.py took 0.126 seconds
[2023-12-21T16:39:08.261+0000] {processor.py:154} INFO - Started process (PID=442) to work on /home/airflow/.local/lib/python3.7/site-packages/airflow/example_dags/example_short_circuit_operator.py
[2023-12-21T16:39:08.262+0000] {processor.py:756} INFO - Processing file /home/airflow/.local/lib/python3.7/site-packages/airflow/example_dags/example_short_circuit_operator.py for tasks to queue
[2023-12-21T16:39:08.262+0000] {logging_mixin.py:120} INFO - [2023-12-21T16:39:08.262+0000] {dagbag.py:537} INFO - Filling up the DagBag from /home/airflow/.local/lib/python3.7/site-packages/airflow/example_dags/example_short_circuit_operator.py
[2023-12-21T16:39:08.276+0000] {processor.py:766} INFO - DAG(s) dict_keys(['example_short_circuit_operator']) retrieved from /home/airflow/.local/lib/python3.7/site-packages/airflow/example_dags/example_short_circuit_operator.py
[2023-12-21T16:39:08.310+0000] {logging_mixin.py:120} INFO - [2023-12-21T16:39:08.310+0000] {dag.py:2585} INFO - Sync 1 DAGs
[2023-12-21T16:39:08.330+0000] {logging_mixin.py:120} INFO - [2023-12-21T16:39:08.330+0000] {dag.py:3340} INFO - Setting next_dagrun for example_short_circuit_operator to 2023-12-20T16:39:08.330396+00:00, run_after=2023-12-21T16:39:08.330396+00:00
[2023-12-21T16:39:08.354+0000] {processor.py:176} INFO - Processing /home/airflow/.local/lib/python3.7/site-packages/airflow/example_dags/example_short_circuit_operator.py took 0.096 seconds
[2023-12-21T16:39:39.039+0000] {processor.py:154} INFO - Started process (PID=496) to work on /home/airflow/.local/lib/python3.7/site-packages/airflow/example_dags/example_short_circuit_operator.py
[2023-12-21T16:39:39.039+0000] {processor.py:756} INFO - Processing file /home/airflow/.local/lib/python3.7/site-packages/airflow/example_dags/example_short_circuit_operator.py for tasks to queue
[2023-12-21T16:39:39.040+0000] {logging_mixin.py:120} INFO - [2023-12-21T16:39:39.040+0000] {dagbag.py:537} INFO - Filling up the DagBag from /home/airflow/.local/lib/python3.7/site-packages/airflow/example_dags/example_short_circuit_operator.py
[2023-12-21T16:39:39.055+0000] {processor.py:766} INFO - DAG(s) dict_keys(['example_short_circuit_operator']) retrieved from /home/airflow/.local/lib/python3.7/site-packages/airflow/example_dags/example_short_circuit_operator.py
[2023-12-21T16:39:39.090+0000] {logging_mixin.py:120} INFO - [2023-12-21T16:39:39.090+0000] {dag.py:2585} INFO - Sync 1 DAGs
[2023-12-21T16:39:39.111+0000] {logging_mixin.py:120} INFO - [2023-12-21T16:39:39.111+0000] {dag.py:3340} INFO - Setting next_dagrun for example_short_circuit_operator to 2023-12-20T16:39:39.111170+00:00, run_after=2023-12-21T16:39:39.111170+00:00
[2023-12-21T16:39:39.134+0000] {processor.py:176} INFO - Processing /home/airflow/.local/lib/python3.7/site-packages/airflow/example_dags/example_short_circuit_operator.py took 0.098 seconds
[2023-12-21T16:40:09.565+0000] {processor.py:154} INFO - Started process (PID=559) to work on /home/airflow/.local/lib/python3.7/site-packages/airflow/example_dags/example_short_circuit_operator.py
[2023-12-21T16:40:09.566+0000] {processor.py:756} INFO - Processing file /home/airflow/.local/lib/python3.7/site-packages/airflow/example_dags/example_short_circuit_operator.py for tasks to queue
[2023-12-21T16:40:09.566+0000] {logging_mixin.py:120} INFO - [2023-12-21T16:40:09.566+0000] {dagbag.py:537} INFO - Filling up the DagBag from /home/airflow/.local/lib/python3.7/site-packages/airflow/example_dags/example_short_circuit_operator.py
[2023-12-21T16:40:09.583+0000] {processor.py:766} INFO - DAG(s) dict_keys(['example_short_circuit_operator']) retrieved from /home/airflow/.local/lib/python3.7/site-packages/airflow/example_dags/example_short_circuit_operator.py
[2023-12-21T16:40:09.618+0000] {logging_mixin.py:120} INFO - [2023-12-21T16:40:09.617+0000] {dag.py:2585} INFO - Sync 1 DAGs
[2023-12-21T16:40:09.637+0000] {logging_mixin.py:120} INFO - [2023-12-21T16:40:09.636+0000] {dag.py:3340} INFO - Setting next_dagrun for example_short_circuit_operator to 2023-12-20T16:40:09.636800+00:00, run_after=2023-12-21T16:40:09.636800+00:00
[2023-12-21T16:40:09.657+0000] {processor.py:176} INFO - Processing /home/airflow/.local/lib/python3.7/site-packages/airflow/example_dags/example_short_circuit_operator.py took 0.095 seconds
[2023-12-21T16:40:40.344+0000] {processor.py:154} INFO - Started process (PID=622) to work on /home/airflow/.local/lib/python3.7/site-packages/airflow/example_dags/example_short_circuit_operator.py
[2023-12-21T16:40:40.344+0000] {processor.py:756} INFO - Processing file /home/airflow/.local/lib/python3.7/site-packages/airflow/example_dags/example_short_circuit_operator.py for tasks to queue
[2023-12-21T16:40:40.345+0000] {logging_mixin.py:120} INFO - [2023-12-21T16:40:40.345+0000] {dagbag.py:537} INFO - Filling up the DagBag from /home/airflow/.local/lib/python3.7/site-packages/airflow/example_dags/example_short_circuit_operator.py
[2023-12-21T16:40:40.362+0000] {processor.py:766} INFO - DAG(s) dict_keys(['example_short_circuit_operator']) retrieved from /home/airflow/.local/lib/python3.7/site-packages/airflow/example_dags/example_short_circuit_operator.py
[2023-12-21T16:40:40.401+0000] {logging_mixin.py:120} INFO - [2023-12-21T16:40:40.401+0000] {dag.py:2585} INFO - Sync 1 DAGs
[2023-12-21T16:40:40.432+0000] {logging_mixin.py:120} INFO - [2023-12-21T16:40:40.432+0000] {dag.py:3340} INFO - Setting next_dagrun for example_short_circuit_operator to 2023-12-20T16:40:40.431841+00:00, run_after=2023-12-21T16:40:40.431841+00:00
[2023-12-21T16:40:40.459+0000] {processor.py:176} INFO - Processing /home/airflow/.local/lib/python3.7/site-packages/airflow/example_dags/example_short_circuit_operator.py took 0.119 seconds
[2023-12-21T16:41:11.042+0000] {processor.py:154} INFO - Started process (PID=685) to work on /home/airflow/.local/lib/python3.7/site-packages/airflow/example_dags/example_short_circuit_operator.py
[2023-12-21T16:41:11.042+0000] {processor.py:756} INFO - Processing file /home/airflow/.local/lib/python3.7/site-packages/airflow/example_dags/example_short_circuit_operator.py for tasks to queue
[2023-12-21T16:41:11.042+0000] {logging_mixin.py:120} INFO - [2023-12-21T16:41:11.042+0000] {dagbag.py:537} INFO - Filling up the DagBag from /home/airflow/.local/lib/python3.7/site-packages/airflow/example_dags/example_short_circuit_operator.py
[2023-12-21T16:41:11.055+0000] {processor.py:766} INFO - DAG(s) dict_keys(['example_short_circuit_operator']) retrieved from /home/airflow/.local/lib/python3.7/site-packages/airflow/example_dags/example_short_circuit_operator.py
[2023-12-21T16:41:11.094+0000] {logging_mixin.py:120} INFO - [2023-12-21T16:41:11.093+0000] {dag.py:2585} INFO - Sync 1 DAGs
[2023-12-21T16:41:11.115+0000] {logging_mixin.py:120} INFO - [2023-12-21T16:41:11.115+0000] {dag.py:3340} INFO - Setting next_dagrun for example_short_circuit_operator to 2023-12-20T16:41:11.115577+00:00, run_after=2023-12-21T16:41:11.115577+00:00
[2023-12-21T16:41:11.140+0000] {processor.py:176} INFO - Processing /home/airflow/.local/lib/python3.7/site-packages/airflow/example_dags/example_short_circuit_operator.py took 0.101 seconds
[2023-12-21T16:41:41.683+0000] {processor.py:154} INFO - Started process (PID=739) to work on /home/airflow/.local/lib/python3.7/site-packages/airflow/example_dags/example_short_circuit_operator.py
[2023-12-21T16:41:41.683+0000] {processor.py:756} INFO - Processing file /home/airflow/.local/lib/python3.7/site-packages/airflow/example_dags/example_short_circuit_operator.py for tasks to queue
[2023-12-21T16:41:41.684+0000] {logging_mixin.py:120} INFO - [2023-12-21T16:41:41.684+0000] {dagbag.py:537} INFO - Filling up the DagBag from /home/airflow/.local/lib/python3.7/site-packages/airflow/example_dags/example_short_circuit_operator.py
[2023-12-21T16:41:41.697+0000] {processor.py:766} INFO - DAG(s) dict_keys(['example_short_circuit_operator']) retrieved from /home/airflow/.local/lib/python3.7/site-packages/airflow/example_dags/example_short_circuit_operator.py
[2023-12-21T16:41:41.733+0000] {logging_mixin.py:120} INFO - [2023-12-21T16:41:41.733+0000] {dag.py:2585} INFO - Sync 1 DAGs
[2023-12-21T16:41:41.760+0000] {logging_mixin.py:120} INFO - [2023-12-21T16:41:41.760+0000] {dag.py:3340} INFO - Setting next_dagrun for example_short_circuit_operator to 2023-12-20T16:41:41.760461+00:00, run_after=2023-12-21T16:41:41.760461+00:00
[2023-12-21T16:41:41.781+0000] {processor.py:176} INFO - Processing /home/airflow/.local/lib/python3.7/site-packages/airflow/example_dags/example_short_circuit_operator.py took 0.100 seconds
[2023-12-21T16:42:12.525+0000] {processor.py:154} INFO - Started process (PID=803) to work on /home/airflow/.local/lib/python3.7/site-packages/airflow/example_dags/example_short_circuit_operator.py
[2023-12-21T16:42:12.526+0000] {processor.py:756} INFO - Processing file /home/airflow/.local/lib/python3.7/site-packages/airflow/example_dags/example_short_circuit_operator.py for tasks to queue
[2023-12-21T16:42:12.526+0000] {logging_mixin.py:120} INFO - [2023-12-21T16:42:12.526+0000] {dagbag.py:537} INFO - Filling up the DagBag from /home/airflow/.local/lib/python3.7/site-packages/airflow/example_dags/example_short_circuit_operator.py
[2023-12-21T16:42:12.541+0000] {processor.py:766} INFO - DAG(s) dict_keys(['example_short_circuit_operator']) retrieved from /home/airflow/.local/lib/python3.7/site-packages/airflow/example_dags/example_short_circuit_operator.py
[2023-12-21T16:42:12.574+0000] {logging_mixin.py:120} INFO - [2023-12-21T16:42:12.574+0000] {dag.py:2585} INFO - Sync 1 DAGs
[2023-12-21T16:42:12.594+0000] {logging_mixin.py:120} INFO - [2023-12-21T16:42:12.594+0000] {dag.py:3340} INFO - Setting next_dagrun for example_short_circuit_operator to 2023-12-20T16:42:12.593885+00:00, run_after=2023-12-21T16:42:12.593885+00:00
[2023-12-21T16:42:12.613+0000] {processor.py:176} INFO - Processing /home/airflow/.local/lib/python3.7/site-packages/airflow/example_dags/example_short_circuit_operator.py took 0.091 seconds
[2023-12-21T16:42:43.343+0000] {processor.py:154} INFO - Started process (PID=866) to work on /home/airflow/.local/lib/python3.7/site-packages/airflow/example_dags/example_short_circuit_operator.py
[2023-12-21T16:42:43.344+0000] {processor.py:756} INFO - Processing file /home/airflow/.local/lib/python3.7/site-packages/airflow/example_dags/example_short_circuit_operator.py for tasks to queue
[2023-12-21T16:42:43.344+0000] {logging_mixin.py:120} INFO - [2023-12-21T16:42:43.344+0000] {dagbag.py:537} INFO - Filling up the DagBag from /home/airflow/.local/lib/python3.7/site-packages/airflow/example_dags/example_short_circuit_operator.py
[2023-12-21T16:42:43.358+0000] {processor.py:766} INFO - DAG(s) dict_keys(['example_short_circuit_operator']) retrieved from /home/airflow/.local/lib/python3.7/site-packages/airflow/example_dags/example_short_circuit_operator.py
[2023-12-21T16:42:43.391+0000] {logging_mixin.py:120} INFO - [2023-12-21T16:42:43.391+0000] {dag.py:2585} INFO - Sync 1 DAGs
[2023-12-21T16:42:43.411+0000] {logging_mixin.py:120} INFO - [2023-12-21T16:42:43.410+0000] {dag.py:3340} INFO - Setting next_dagrun for example_short_circuit_operator to 2023-12-20T16:42:43.410736+00:00, run_after=2023-12-21T16:42:43.410736+00:00
[2023-12-21T16:42:43.432+0000] {processor.py:176} INFO - Processing /home/airflow/.local/lib/python3.7/site-packages/airflow/example_dags/example_short_circuit_operator.py took 0.091 seconds
[2023-12-21T16:43:14.010+0000] {processor.py:154} INFO - Started process (PID=929) to work on /home/airflow/.local/lib/python3.7/site-packages/airflow/example_dags/example_short_circuit_operator.py
[2023-12-21T16:43:14.011+0000] {processor.py:756} INFO - Processing file /home/airflow/.local/lib/python3.7/site-packages/airflow/example_dags/example_short_circuit_operator.py for tasks to queue
[2023-12-21T16:43:14.011+0000] {logging_mixin.py:120} INFO - [2023-12-21T16:43:14.011+0000] {dagbag.py:537} INFO - Filling up the DagBag from /home/airflow/.local/lib/python3.7/site-packages/airflow/example_dags/example_short_circuit_operator.py
[2023-12-21T16:43:14.026+0000] {processor.py:766} INFO - DAG(s) dict_keys(['example_short_circuit_operator']) retrieved from /home/airflow/.local/lib/python3.7/site-packages/airflow/example_dags/example_short_circuit_operator.py
[2023-12-21T16:43:14.065+0000] {logging_mixin.py:120} INFO - [2023-12-21T16:43:14.065+0000] {dag.py:2585} INFO - Sync 1 DAGs
[2023-12-21T16:43:14.095+0000] {logging_mixin.py:120} INFO - [2023-12-21T16:43:14.095+0000] {dag.py:3340} INFO - Setting next_dagrun for example_short_circuit_operator to 2023-12-20T16:43:14.094797+00:00, run_after=2023-12-21T16:43:14.094797+00:00
[2023-12-21T16:43:14.118+0000] {processor.py:176} INFO - Processing /home/airflow/.local/lib/python3.7/site-packages/airflow/example_dags/example_short_circuit_operator.py took 0.112 seconds
[2023-12-21T16:43:44.621+0000] {processor.py:154} INFO - Started process (PID=983) to work on /home/airflow/.local/lib/python3.7/site-packages/airflow/example_dags/example_short_circuit_operator.py
[2023-12-21T16:43:44.622+0000] {processor.py:756} INFO - Processing file /home/airflow/.local/lib/python3.7/site-packages/airflow/example_dags/example_short_circuit_operator.py for tasks to queue
[2023-12-21T16:43:44.622+0000] {logging_mixin.py:120} INFO - [2023-12-21T16:43:44.622+0000] {dagbag.py:537} INFO - Filling up the DagBag from /home/airflow/.local/lib/python3.7/site-packages/airflow/example_dags/example_short_circuit_operator.py
[2023-12-21T16:43:44.637+0000] {processor.py:766} INFO - DAG(s) dict_keys(['example_short_circuit_operator']) retrieved from /home/airflow/.local/lib/python3.7/site-packages/airflow/example_dags/example_short_circuit_operator.py
[2023-12-21T16:43:44.673+0000] {logging_mixin.py:120} INFO - [2023-12-21T16:43:44.672+0000] {dag.py:2585} INFO - Sync 1 DAGs
[2023-12-21T16:43:44.695+0000] {logging_mixin.py:120} INFO - [2023-12-21T16:43:44.694+0000] {dag.py:3340} INFO - Setting next_dagrun for example_short_circuit_operator to 2023-12-20T16:43:44.694741+00:00, run_after=2023-12-21T16:43:44.694741+00:00
[2023-12-21T16:43:44.716+0000] {processor.py:176} INFO - Processing /home/airflow/.local/lib/python3.7/site-packages/airflow/example_dags/example_short_circuit_operator.py took 0.099 seconds
[2023-12-21T16:44:15.349+0000] {processor.py:154} INFO - Started process (PID=1046) to work on /home/airflow/.local/lib/python3.7/site-packages/airflow/example_dags/example_short_circuit_operator.py
[2023-12-21T16:44:15.350+0000] {processor.py:756} INFO - Processing file /home/airflow/.local/lib/python3.7/site-packages/airflow/example_dags/example_short_circuit_operator.py for tasks to queue
[2023-12-21T16:44:15.351+0000] {logging_mixin.py:120} INFO - [2023-12-21T16:44:15.350+0000] {dagbag.py:537} INFO - Filling up the DagBag from /home/airflow/.local/lib/python3.7/site-packages/airflow/example_dags/example_short_circuit_operator.py
[2023-12-21T16:44:15.368+0000] {processor.py:766} INFO - DAG(s) dict_keys(['example_short_circuit_operator']) retrieved from /home/airflow/.local/lib/python3.7/site-packages/airflow/example_dags/example_short_circuit_operator.py
[2023-12-21T16:44:15.405+0000] {logging_mixin.py:120} INFO - [2023-12-21T16:44:15.405+0000] {dag.py:2585} INFO - Sync 1 DAGs
[2023-12-21T16:44:15.428+0000] {logging_mixin.py:120} INFO - [2023-12-21T16:44:15.428+0000] {dag.py:3340} INFO - Setting next_dagrun for example_short_circuit_operator to 2023-12-20T16:44:15.428589+00:00, run_after=2023-12-21T16:44:15.428589+00:00
[2023-12-21T16:44:15.452+0000] {processor.py:176} INFO - Processing /home/airflow/.local/lib/python3.7/site-packages/airflow/example_dags/example_short_circuit_operator.py took 0.105 seconds
[2023-12-21T16:44:46.259+0000] {processor.py:154} INFO - Started process (PID=1110) to work on /home/airflow/.local/lib/python3.7/site-packages/airflow/example_dags/example_short_circuit_operator.py
[2023-12-21T16:44:46.260+0000] {processor.py:756} INFO - Processing file /home/airflow/.local/lib/python3.7/site-packages/airflow/example_dags/example_short_circuit_operator.py for tasks to queue
[2023-12-21T16:44:46.261+0000] {logging_mixin.py:120} INFO - [2023-12-21T16:44:46.260+0000] {dagbag.py:537} INFO - Filling up the DagBag from /home/airflow/.local/lib/python3.7/site-packages/airflow/example_dags/example_short_circuit_operator.py
[2023-12-21T16:44:46.276+0000] {processor.py:766} INFO - DAG(s) dict_keys(['example_short_circuit_operator']) retrieved from /home/airflow/.local/lib/python3.7/site-packages/airflow/example_dags/example_short_circuit_operator.py
[2023-12-21T16:44:46.314+0000] {logging_mixin.py:120} INFO - [2023-12-21T16:44:46.314+0000] {dag.py:2585} INFO - Sync 1 DAGs
[2023-12-21T16:44:46.335+0000] {logging_mixin.py:120} INFO - [2023-12-21T16:44:46.335+0000] {dag.py:3340} INFO - Setting next_dagrun for example_short_circuit_operator to 2023-12-20T16:44:46.335396+00:00, run_after=2023-12-21T16:44:46.335396+00:00
[2023-12-21T16:44:46.360+0000] {processor.py:176} INFO - Processing /home/airflow/.local/lib/python3.7/site-packages/airflow/example_dags/example_short_circuit_operator.py took 0.103 seconds
[2023-12-21T16:45:17.109+0000] {processor.py:154} INFO - Started process (PID=1173) to work on /home/airflow/.local/lib/python3.7/site-packages/airflow/example_dags/example_short_circuit_operator.py
[2023-12-21T16:45:17.110+0000] {processor.py:756} INFO - Processing file /home/airflow/.local/lib/python3.7/site-packages/airflow/example_dags/example_short_circuit_operator.py for tasks to queue
[2023-12-21T16:45:17.110+0000] {logging_mixin.py:120} INFO - [2023-12-21T16:45:17.110+0000] {dagbag.py:537} INFO - Filling up the DagBag from /home/airflow/.local/lib/python3.7/site-packages/airflow/example_dags/example_short_circuit_operator.py
[2023-12-21T16:45:17.126+0000] {processor.py:766} INFO - DAG(s) dict_keys(['example_short_circuit_operator']) retrieved from /home/airflow/.local/lib/python3.7/site-packages/airflow/example_dags/example_short_circuit_operator.py
[2023-12-21T16:45:17.166+0000] {logging_mixin.py:120} INFO - [2023-12-21T16:45:17.166+0000] {dag.py:2585} INFO - Sync 1 DAGs
[2023-12-21T16:45:17.189+0000] {logging_mixin.py:120} INFO - [2023-12-21T16:45:17.189+0000] {dag.py:3340} INFO - Setting next_dagrun for example_short_circuit_operator to 2023-12-20T16:45:17.189561+00:00, run_after=2023-12-21T16:45:17.189561+00:00
[2023-12-21T16:45:17.213+0000] {processor.py:176} INFO - Processing /home/airflow/.local/lib/python3.7/site-packages/airflow/example_dags/example_short_circuit_operator.py took 0.108 seconds
[2023-12-21T16:45:47.639+0000] {processor.py:154} INFO - Started process (PID=1226) to work on /home/airflow/.local/lib/python3.7/site-packages/airflow/example_dags/example_short_circuit_operator.py
[2023-12-21T16:45:47.640+0000] {processor.py:756} INFO - Processing file /home/airflow/.local/lib/python3.7/site-packages/airflow/example_dags/example_short_circuit_operator.py for tasks to queue
[2023-12-21T16:45:47.641+0000] {logging_mixin.py:120} INFO - [2023-12-21T16:45:47.641+0000] {dagbag.py:537} INFO - Filling up the DagBag from /home/airflow/.local/lib/python3.7/site-packages/airflow/example_dags/example_short_circuit_operator.py
[2023-12-21T16:45:47.659+0000] {processor.py:766} INFO - DAG(s) dict_keys(['example_short_circuit_operator']) retrieved from /home/airflow/.local/lib/python3.7/site-packages/airflow/example_dags/example_short_circuit_operator.py
[2023-12-21T16:45:47.717+0000] {logging_mixin.py:120} INFO - [2023-12-21T16:45:47.716+0000] {dag.py:2585} INFO - Sync 1 DAGs
[2023-12-21T16:45:47.743+0000] {logging_mixin.py:120} INFO - [2023-12-21T16:45:47.743+0000] {dag.py:3340} INFO - Setting next_dagrun for example_short_circuit_operator to 2023-12-20T16:45:47.743100+00:00, run_after=2023-12-21T16:45:47.743100+00:00
[2023-12-21T16:45:47.766+0000] {processor.py:176} INFO - Processing /home/airflow/.local/lib/python3.7/site-packages/airflow/example_dags/example_short_circuit_operator.py took 0.131 seconds
[2023-12-21T16:46:18.451+0000] {processor.py:154} INFO - Started process (PID=1289) to work on /home/airflow/.local/lib/python3.7/site-packages/airflow/example_dags/example_short_circuit_operator.py
[2023-12-21T16:46:18.451+0000] {processor.py:756} INFO - Processing file /home/airflow/.local/lib/python3.7/site-packages/airflow/example_dags/example_short_circuit_operator.py for tasks to queue
[2023-12-21T16:46:18.452+0000] {logging_mixin.py:120} INFO - [2023-12-21T16:46:18.452+0000] {dagbag.py:537} INFO - Filling up the DagBag from /home/airflow/.local/lib/python3.7/site-packages/airflow/example_dags/example_short_circuit_operator.py
[2023-12-21T16:46:18.468+0000] {processor.py:766} INFO - DAG(s) dict_keys(['example_short_circuit_operator']) retrieved from /home/airflow/.local/lib/python3.7/site-packages/airflow/example_dags/example_short_circuit_operator.py
[2023-12-21T16:46:18.504+0000] {logging_mixin.py:120} INFO - [2023-12-21T16:46:18.503+0000] {dag.py:2585} INFO - Sync 1 DAGs
[2023-12-21T16:46:18.524+0000] {logging_mixin.py:120} INFO - [2023-12-21T16:46:18.524+0000] {dag.py:3340} INFO - Setting next_dagrun for example_short_circuit_operator to 2023-12-20T16:46:18.524378+00:00, run_after=2023-12-21T16:46:18.524378+00:00
[2023-12-21T16:46:18.548+0000] {processor.py:176} INFO - Processing /home/airflow/.local/lib/python3.7/site-packages/airflow/example_dags/example_short_circuit_operator.py took 0.100 seconds
[2023-12-21T16:46:49.478+0000] {processor.py:154} INFO - Started process (PID=1351) to work on /home/airflow/.local/lib/python3.7/site-packages/airflow/example_dags/example_short_circuit_operator.py
[2023-12-21T16:46:49.479+0000] {processor.py:756} INFO - Processing file /home/airflow/.local/lib/python3.7/site-packages/airflow/example_dags/example_short_circuit_operator.py for tasks to queue
[2023-12-21T16:46:49.479+0000] {logging_mixin.py:120} INFO - [2023-12-21T16:46:49.479+0000] {dagbag.py:537} INFO - Filling up the DagBag from /home/airflow/.local/lib/python3.7/site-packages/airflow/example_dags/example_short_circuit_operator.py
[2023-12-21T16:46:49.501+0000] {processor.py:766} INFO - DAG(s) dict_keys(['example_short_circuit_operator']) retrieved from /home/airflow/.local/lib/python3.7/site-packages/airflow/example_dags/example_short_circuit_operator.py
[2023-12-21T16:46:49.554+0000] {logging_mixin.py:120} INFO - [2023-12-21T16:46:49.554+0000] {dag.py:2585} INFO - Sync 1 DAGs
[2023-12-21T16:46:49.577+0000] {logging_mixin.py:120} INFO - [2023-12-21T16:46:49.577+0000] {dag.py:3340} INFO - Setting next_dagrun for example_short_circuit_operator to 2023-12-20T16:46:49.577456+00:00, run_after=2023-12-21T16:46:49.577456+00:00
[2023-12-21T16:46:49.600+0000] {processor.py:176} INFO - Processing /home/airflow/.local/lib/python3.7/site-packages/airflow/example_dags/example_short_circuit_operator.py took 0.126 seconds
[2023-12-21T16:47:19.730+0000] {processor.py:154} INFO - Started process (PID=1413) to work on /home/airflow/.local/lib/python3.7/site-packages/airflow/example_dags/example_short_circuit_operator.py
[2023-12-21T16:47:19.731+0000] {processor.py:756} INFO - Processing file /home/airflow/.local/lib/python3.7/site-packages/airflow/example_dags/example_short_circuit_operator.py for tasks to queue
[2023-12-21T16:47:19.731+0000] {logging_mixin.py:120} INFO - [2023-12-21T16:47:19.731+0000] {dagbag.py:537} INFO - Filling up the DagBag from /home/airflow/.local/lib/python3.7/site-packages/airflow/example_dags/example_short_circuit_operator.py
[2023-12-21T16:47:19.749+0000] {processor.py:766} INFO - DAG(s) dict_keys(['example_short_circuit_operator']) retrieved from /home/airflow/.local/lib/python3.7/site-packages/airflow/example_dags/example_short_circuit_operator.py
[2023-12-21T16:47:19.794+0000] {logging_mixin.py:120} INFO - [2023-12-21T16:47:19.794+0000] {dag.py:2585} INFO - Sync 1 DAGs
[2023-12-21T16:47:19.828+0000] {logging_mixin.py:120} INFO - [2023-12-21T16:47:19.828+0000] {dag.py:3340} INFO - Setting next_dagrun for example_short_circuit_operator to 2023-12-20T16:47:19.827729+00:00, run_after=2023-12-21T16:47:19.827729+00:00
[2023-12-21T16:47:19.856+0000] {processor.py:176} INFO - Processing /home/airflow/.local/lib/python3.7/site-packages/airflow/example_dags/example_short_circuit_operator.py took 0.129 seconds
[2023-12-21T16:47:50.442+0000] {processor.py:154} INFO - Started process (PID=1467) to work on /home/airflow/.local/lib/python3.7/site-packages/airflow/example_dags/example_short_circuit_operator.py
[2023-12-21T16:47:50.443+0000] {processor.py:756} INFO - Processing file /home/airflow/.local/lib/python3.7/site-packages/airflow/example_dags/example_short_circuit_operator.py for tasks to queue
[2023-12-21T16:47:50.443+0000] {logging_mixin.py:120} INFO - [2023-12-21T16:47:50.443+0000] {dagbag.py:537} INFO - Filling up the DagBag from /home/airflow/.local/lib/python3.7/site-packages/airflow/example_dags/example_short_circuit_operator.py
[2023-12-21T16:47:50.457+0000] {processor.py:766} INFO - DAG(s) dict_keys(['example_short_circuit_operator']) retrieved from /home/airflow/.local/lib/python3.7/site-packages/airflow/example_dags/example_short_circuit_operator.py
[2023-12-21T16:47:50.494+0000] {logging_mixin.py:120} INFO - [2023-12-21T16:47:50.494+0000] {dag.py:2585} INFO - Sync 1 DAGs
[2023-12-21T16:47:50.518+0000] {logging_mixin.py:120} INFO - [2023-12-21T16:47:50.518+0000] {dag.py:3340} INFO - Setting next_dagrun for example_short_circuit_operator to 2023-12-20T16:47:50.518034+00:00, run_after=2023-12-21T16:47:50.518034+00:00
[2023-12-21T16:47:50.541+0000] {processor.py:176} INFO - Processing /home/airflow/.local/lib/python3.7/site-packages/airflow/example_dags/example_short_circuit_operator.py took 0.101 seconds
[2023-12-21T16:48:21.333+0000] {processor.py:154} INFO - Started process (PID=1531) to work on /home/airflow/.local/lib/python3.7/site-packages/airflow/example_dags/example_short_circuit_operator.py
[2023-12-21T16:48:21.334+0000] {processor.py:756} INFO - Processing file /home/airflow/.local/lib/python3.7/site-packages/airflow/example_dags/example_short_circuit_operator.py for tasks to queue
[2023-12-21T16:48:21.335+0000] {logging_mixin.py:120} INFO - [2023-12-21T16:48:21.334+0000] {dagbag.py:537} INFO - Filling up the DagBag from /home/airflow/.local/lib/python3.7/site-packages/airflow/example_dags/example_short_circuit_operator.py
[2023-12-21T16:48:21.350+0000] {processor.py:766} INFO - DAG(s) dict_keys(['example_short_circuit_operator']) retrieved from /home/airflow/.local/lib/python3.7/site-packages/airflow/example_dags/example_short_circuit_operator.py
[2023-12-21T16:48:21.389+0000] {logging_mixin.py:120} INFO - [2023-12-21T16:48:21.389+0000] {dag.py:2585} INFO - Sync 1 DAGs
[2023-12-21T16:48:21.411+0000] {logging_mixin.py:120} INFO - [2023-12-21T16:48:21.411+0000] {dag.py:3340} INFO - Setting next_dagrun for example_short_circuit_operator to 2023-12-20T16:48:21.410879+00:00, run_after=2023-12-21T16:48:21.410879+00:00
[2023-12-21T16:48:21.433+0000] {processor.py:176} INFO - Processing /home/airflow/.local/lib/python3.7/site-packages/airflow/example_dags/example_short_circuit_operator.py took 0.102 seconds
[2023-12-21T16:48:52.140+0000] {processor.py:154} INFO - Started process (PID=1594) to work on /home/airflow/.local/lib/python3.7/site-packages/airflow/example_dags/example_short_circuit_operator.py
[2023-12-21T16:48:52.141+0000] {processor.py:756} INFO - Processing file /home/airflow/.local/lib/python3.7/site-packages/airflow/example_dags/example_short_circuit_operator.py for tasks to queue
[2023-12-21T16:48:52.141+0000] {logging_mixin.py:120} INFO - [2023-12-21T16:48:52.141+0000] {dagbag.py:537} INFO - Filling up the DagBag from /home/airflow/.local/lib/python3.7/site-packages/airflow/example_dags/example_short_circuit_operator.py
[2023-12-21T16:48:52.159+0000] {processor.py:766} INFO - DAG(s) dict_keys(['example_short_circuit_operator']) retrieved from /home/airflow/.local/lib/python3.7/site-packages/airflow/example_dags/example_short_circuit_operator.py
[2023-12-21T16:48:52.194+0000] {logging_mixin.py:120} INFO - [2023-12-21T16:48:52.194+0000] {dag.py:2585} INFO - Sync 1 DAGs
[2023-12-21T16:48:52.217+0000] {logging_mixin.py:120} INFO - [2023-12-21T16:48:52.217+0000] {dag.py:3340} INFO - Setting next_dagrun for example_short_circuit_operator to 2023-12-20T16:48:52.216847+00:00, run_after=2023-12-21T16:48:52.216847+00:00
[2023-12-21T16:48:52.240+0000] {processor.py:176} INFO - Processing /home/airflow/.local/lib/python3.7/site-packages/airflow/example_dags/example_short_circuit_operator.py took 0.103 seconds
[2023-12-21T16:49:22.899+0000] {processor.py:154} INFO - Started process (PID=1648) to work on /home/airflow/.local/lib/python3.7/site-packages/airflow/example_dags/example_short_circuit_operator.py
[2023-12-21T16:49:22.900+0000] {processor.py:756} INFO - Processing file /home/airflow/.local/lib/python3.7/site-packages/airflow/example_dags/example_short_circuit_operator.py for tasks to queue
[2023-12-21T16:49:22.900+0000] {logging_mixin.py:120} INFO - [2023-12-21T16:49:22.900+0000] {dagbag.py:537} INFO - Filling up the DagBag from /home/airflow/.local/lib/python3.7/site-packages/airflow/example_dags/example_short_circuit_operator.py
[2023-12-21T16:49:22.914+0000] {processor.py:766} INFO - DAG(s) dict_keys(['example_short_circuit_operator']) retrieved from /home/airflow/.local/lib/python3.7/site-packages/airflow/example_dags/example_short_circuit_operator.py
[2023-12-21T16:49:22.949+0000] {logging_mixin.py:120} INFO - [2023-12-21T16:49:22.948+0000] {dag.py:2585} INFO - Sync 1 DAGs
[2023-12-21T16:49:22.969+0000] {logging_mixin.py:120} INFO - [2023-12-21T16:49:22.969+0000] {dag.py:3340} INFO - Setting next_dagrun for example_short_circuit_operator to 2023-12-20T16:49:22.969590+00:00, run_after=2023-12-21T16:49:22.969590+00:00
[2023-12-21T16:49:22.990+0000] {processor.py:176} INFO - Processing /home/airflow/.local/lib/python3.7/site-packages/airflow/example_dags/example_short_circuit_operator.py took 0.094 seconds
[2023-12-21T16:49:53.553+0000] {processor.py:154} INFO - Started process (PID=1711) to work on /home/airflow/.local/lib/python3.7/site-packages/airflow/example_dags/example_short_circuit_operator.py
[2023-12-21T16:49:53.554+0000] {processor.py:756} INFO - Processing file /home/airflow/.local/lib/python3.7/site-packages/airflow/example_dags/example_short_circuit_operator.py for tasks to queue
[2023-12-21T16:49:53.554+0000] {logging_mixin.py:120} INFO - [2023-12-21T16:49:53.554+0000] {dagbag.py:537} INFO - Filling up the DagBag from /home/airflow/.local/lib/python3.7/site-packages/airflow/example_dags/example_short_circuit_operator.py
[2023-12-21T16:49:53.568+0000] {processor.py:766} INFO - DAG(s) dict_keys(['example_short_circuit_operator']) retrieved from /home/airflow/.local/lib/python3.7/site-packages/airflow/example_dags/example_short_circuit_operator.py
[2023-12-21T16:49:53.607+0000] {logging_mixin.py:120} INFO - [2023-12-21T16:49:53.607+0000] {dag.py:2585} INFO - Sync 1 DAGs
[2023-12-21T16:49:53.644+0000] {logging_mixin.py:120} INFO - [2023-12-21T16:49:53.644+0000] {dag.py:3340} INFO - Setting next_dagrun for example_short_circuit_operator to 2023-12-20T16:49:53.644024+00:00, run_after=2023-12-21T16:49:53.644024+00:00
[2023-12-21T16:49:53.669+0000] {processor.py:176} INFO - Processing /home/airflow/.local/lib/python3.7/site-packages/airflow/example_dags/example_short_circuit_operator.py took 0.117 seconds
[2023-12-21T16:50:24.401+0000] {processor.py:154} INFO - Started process (PID=1774) to work on /home/airflow/.local/lib/python3.7/site-packages/airflow/example_dags/example_short_circuit_operator.py
[2023-12-21T16:50:24.402+0000] {processor.py:756} INFO - Processing file /home/airflow/.local/lib/python3.7/site-packages/airflow/example_dags/example_short_circuit_operator.py for tasks to queue
[2023-12-21T16:50:24.402+0000] {logging_mixin.py:120} INFO - [2023-12-21T16:50:24.402+0000] {dagbag.py:537} INFO - Filling up the DagBag from /home/airflow/.local/lib/python3.7/site-packages/airflow/example_dags/example_short_circuit_operator.py
[2023-12-21T16:50:24.418+0000] {processor.py:766} INFO - DAG(s) dict_keys(['example_short_circuit_operator']) retrieved from /home/airflow/.local/lib/python3.7/site-packages/airflow/example_dags/example_short_circuit_operator.py
[2023-12-21T16:50:24.456+0000] {logging_mixin.py:120} INFO - [2023-12-21T16:50:24.455+0000] {dag.py:2585} INFO - Sync 1 DAGs
[2023-12-21T16:50:24.483+0000] {logging_mixin.py:120} INFO - [2023-12-21T16:50:24.483+0000] {dag.py:3340} INFO - Setting next_dagrun for example_short_circuit_operator to 2023-12-20T16:50:24.482873+00:00, run_after=2023-12-21T16:50:24.482873+00:00
[2023-12-21T16:50:24.505+0000] {processor.py:176} INFO - Processing /home/airflow/.local/lib/python3.7/site-packages/airflow/example_dags/example_short_circuit_operator.py took 0.107 seconds
[2023-12-21T16:50:54.994+0000] {processor.py:154} INFO - Started process (PID=1838) to work on /home/airflow/.local/lib/python3.7/site-packages/airflow/example_dags/example_short_circuit_operator.py
[2023-12-21T16:50:54.994+0000] {processor.py:756} INFO - Processing file /home/airflow/.local/lib/python3.7/site-packages/airflow/example_dags/example_short_circuit_operator.py for tasks to queue
[2023-12-21T16:50:54.995+0000] {logging_mixin.py:120} INFO - [2023-12-21T16:50:54.995+0000] {dagbag.py:537} INFO - Filling up the DagBag from /home/airflow/.local/lib/python3.7/site-packages/airflow/example_dags/example_short_circuit_operator.py
[2023-12-21T16:50:55.014+0000] {processor.py:766} INFO - DAG(s) dict_keys(['example_short_circuit_operator']) retrieved from /home/airflow/.local/lib/python3.7/site-packages/airflow/example_dags/example_short_circuit_operator.py
[2023-12-21T16:50:55.055+0000] {logging_mixin.py:120} INFO - [2023-12-21T16:50:55.055+0000] {dag.py:2585} INFO - Sync 1 DAGs
[2023-12-21T16:50:55.085+0000] {logging_mixin.py:120} INFO - [2023-12-21T16:50:55.084+0000] {dag.py:3340} INFO - Setting next_dagrun for example_short_circuit_operator to 2023-12-20T16:50:55.084708+00:00, run_after=2023-12-21T16:50:55.084708+00:00
[2023-12-21T16:50:55.110+0000] {processor.py:176} INFO - Processing /home/airflow/.local/lib/python3.7/site-packages/airflow/example_dags/example_short_circuit_operator.py took 0.119 seconds
[2023-12-21T16:51:25.752+0000] {processor.py:154} INFO - Started process (PID=1892) to work on /home/airflow/.local/lib/python3.7/site-packages/airflow/example_dags/example_short_circuit_operator.py
[2023-12-21T16:51:25.752+0000] {processor.py:756} INFO - Processing file /home/airflow/.local/lib/python3.7/site-packages/airflow/example_dags/example_short_circuit_operator.py for tasks to queue
[2023-12-21T16:51:25.753+0000] {logging_mixin.py:120} INFO - [2023-12-21T16:51:25.753+0000] {dagbag.py:537} INFO - Filling up the DagBag from /home/airflow/.local/lib/python3.7/site-packages/airflow/example_dags/example_short_circuit_operator.py
[2023-12-21T16:51:25.768+0000] {processor.py:766} INFO - DAG(s) dict_keys(['example_short_circuit_operator']) retrieved from /home/airflow/.local/lib/python3.7/site-packages/airflow/example_dags/example_short_circuit_operator.py
[2023-12-21T16:51:25.802+0000] {logging_mixin.py:120} INFO - [2023-12-21T16:51:25.802+0000] {dag.py:2585} INFO - Sync 1 DAGs
[2023-12-21T16:51:25.824+0000] {logging_mixin.py:120} INFO - [2023-12-21T16:51:25.824+0000] {dag.py:3340} INFO - Setting next_dagrun for example_short_circuit_operator to 2023-12-20T16:51:25.824428+00:00, run_after=2023-12-21T16:51:25.824428+00:00
[2023-12-21T16:51:25.845+0000] {processor.py:176} INFO - Processing /home/airflow/.local/lib/python3.7/site-packages/airflow/example_dags/example_short_circuit_operator.py took 0.097 seconds
[2023-12-21T16:51:56.612+0000] {processor.py:154} INFO - Started process (PID=1955) to work on /home/airflow/.local/lib/python3.7/site-packages/airflow/example_dags/example_short_circuit_operator.py
[2023-12-21T16:51:56.613+0000] {processor.py:756} INFO - Processing file /home/airflow/.local/lib/python3.7/site-packages/airflow/example_dags/example_short_circuit_operator.py for tasks to queue
[2023-12-21T16:51:56.614+0000] {logging_mixin.py:120} INFO - [2023-12-21T16:51:56.613+0000] {dagbag.py:537} INFO - Filling up the DagBag from /home/airflow/.local/lib/python3.7/site-packages/airflow/example_dags/example_short_circuit_operator.py
[2023-12-21T16:51:56.629+0000] {processor.py:766} INFO - DAG(s) dict_keys(['example_short_circuit_operator']) retrieved from /home/airflow/.local/lib/python3.7/site-packages/airflow/example_dags/example_short_circuit_operator.py
[2023-12-21T16:51:56.666+0000] {logging_mixin.py:120} INFO - [2023-12-21T16:51:56.665+0000] {dag.py:2585} INFO - Sync 1 DAGs
[2023-12-21T16:51:56.688+0000] {logging_mixin.py:120} INFO - [2023-12-21T16:51:56.688+0000] {dag.py:3340} INFO - Setting next_dagrun for example_short_circuit_operator to 2023-12-20T16:51:56.688318+00:00, run_after=2023-12-21T16:51:56.688318+00:00
[2023-12-21T16:51:56.711+0000] {processor.py:176} INFO - Processing /home/airflow/.local/lib/python3.7/site-packages/airflow/example_dags/example_short_circuit_operator.py took 0.102 seconds
[2023-12-21T16:52:27.386+0000] {processor.py:154} INFO - Started process (PID=2019) to work on /home/airflow/.local/lib/python3.7/site-packages/airflow/example_dags/example_short_circuit_operator.py
[2023-12-21T16:52:27.387+0000] {processor.py:756} INFO - Processing file /home/airflow/.local/lib/python3.7/site-packages/airflow/example_dags/example_short_circuit_operator.py for tasks to queue
[2023-12-21T16:52:27.387+0000] {logging_mixin.py:120} INFO - [2023-12-21T16:52:27.387+0000] {dagbag.py:537} INFO - Filling up the DagBag from /home/airflow/.local/lib/python3.7/site-packages/airflow/example_dags/example_short_circuit_operator.py
[2023-12-21T16:52:27.407+0000] {processor.py:766} INFO - DAG(s) dict_keys(['example_short_circuit_operator']) retrieved from /home/airflow/.local/lib/python3.7/site-packages/airflow/example_dags/example_short_circuit_operator.py
[2023-12-21T16:52:27.469+0000] {logging_mixin.py:120} INFO - [2023-12-21T16:52:27.469+0000] {dag.py:2585} INFO - Sync 1 DAGs
[2023-12-21T16:52:27.505+0000] {logging_mixin.py:120} INFO - [2023-12-21T16:52:27.505+0000] {dag.py:3340} INFO - Setting next_dagrun for example_short_circuit_operator to 2023-12-20T16:52:27.505370+00:00, run_after=2023-12-21T16:52:27.505370+00:00
[2023-12-21T16:52:27.531+0000] {processor.py:176} INFO - Processing /home/airflow/.local/lib/python3.7/site-packages/airflow/example_dags/example_short_circuit_operator.py took 0.150 seconds
[2023-12-21T16:52:58.118+0000] {processor.py:154} INFO - Started process (PID=2082) to work on /home/airflow/.local/lib/python3.7/site-packages/airflow/example_dags/example_short_circuit_operator.py
[2023-12-21T16:52:58.118+0000] {processor.py:756} INFO - Processing file /home/airflow/.local/lib/python3.7/site-packages/airflow/example_dags/example_short_circuit_operator.py for tasks to queue
[2023-12-21T16:52:58.119+0000] {logging_mixin.py:120} INFO - [2023-12-21T16:52:58.119+0000] {dagbag.py:537} INFO - Filling up the DagBag from /home/airflow/.local/lib/python3.7/site-packages/airflow/example_dags/example_short_circuit_operator.py
[2023-12-21T16:52:58.134+0000] {processor.py:766} INFO - DAG(s) dict_keys(['example_short_circuit_operator']) retrieved from /home/airflow/.local/lib/python3.7/site-packages/airflow/example_dags/example_short_circuit_operator.py
[2023-12-21T16:52:58.174+0000] {logging_mixin.py:120} INFO - [2023-12-21T16:52:58.174+0000] {dag.py:2585} INFO - Sync 1 DAGs
[2023-12-21T16:52:58.197+0000] {logging_mixin.py:120} INFO - [2023-12-21T16:52:58.196+0000] {dag.py:3340} INFO - Setting next_dagrun for example_short_circuit_operator to 2023-12-20T16:52:58.196799+00:00, run_after=2023-12-21T16:52:58.196799+00:00
[2023-12-21T16:52:58.220+0000] {processor.py:176} INFO - Processing /home/airflow/.local/lib/python3.7/site-packages/airflow/example_dags/example_short_circuit_operator.py took 0.105 seconds
[2023-12-21T16:53:29.104+0000] {processor.py:154} INFO - Started process (PID=2136) to work on /home/airflow/.local/lib/python3.7/site-packages/airflow/example_dags/example_short_circuit_operator.py
[2023-12-21T16:53:29.104+0000] {processor.py:756} INFO - Processing file /home/airflow/.local/lib/python3.7/site-packages/airflow/example_dags/example_short_circuit_operator.py for tasks to queue
[2023-12-21T16:53:29.105+0000] {logging_mixin.py:120} INFO - [2023-12-21T16:53:29.105+0000] {dagbag.py:537} INFO - Filling up the DagBag from /home/airflow/.local/lib/python3.7/site-packages/airflow/example_dags/example_short_circuit_operator.py
[2023-12-21T16:53:29.125+0000] {processor.py:766} INFO - DAG(s) dict_keys(['example_short_circuit_operator']) retrieved from /home/airflow/.local/lib/python3.7/site-packages/airflow/example_dags/example_short_circuit_operator.py
[2023-12-21T16:53:29.163+0000] {logging_mixin.py:120} INFO - [2023-12-21T16:53:29.162+0000] {dag.py:2585} INFO - Sync 1 DAGs
[2023-12-21T16:53:29.186+0000] {logging_mixin.py:120} INFO - [2023-12-21T16:53:29.186+0000] {dag.py:3340} INFO - Setting next_dagrun for example_short_circuit_operator to 2023-12-20T16:53:29.186612+00:00, run_after=2023-12-21T16:53:29.186612+00:00
[2023-12-21T16:53:29.209+0000] {processor.py:176} INFO - Processing /home/airflow/.local/lib/python3.7/site-packages/airflow/example_dags/example_short_circuit_operator.py took 0.109 seconds
[2023-12-21T16:53:59.924+0000] {processor.py:154} INFO - Started process (PID=2200) to work on /home/airflow/.local/lib/python3.7/site-packages/airflow/example_dags/example_short_circuit_operator.py
[2023-12-21T16:53:59.924+0000] {processor.py:756} INFO - Processing file /home/airflow/.local/lib/python3.7/site-packages/airflow/example_dags/example_short_circuit_operator.py for tasks to queue
[2023-12-21T16:53:59.925+0000] {logging_mixin.py:120} INFO - [2023-12-21T16:53:59.925+0000] {dagbag.py:537} INFO - Filling up the DagBag from /home/airflow/.local/lib/python3.7/site-packages/airflow/example_dags/example_short_circuit_operator.py
[2023-12-21T16:53:59.941+0000] {processor.py:766} INFO - DAG(s) dict_keys(['example_short_circuit_operator']) retrieved from /home/airflow/.local/lib/python3.7/site-packages/airflow/example_dags/example_short_circuit_operator.py
[2023-12-21T16:53:59.982+0000] {logging_mixin.py:120} INFO - [2023-12-21T16:53:59.982+0000] {dag.py:2585} INFO - Sync 1 DAGs
[2023-12-21T16:54:00.013+0000] {logging_mixin.py:120} INFO - [2023-12-21T16:54:00.013+0000] {dag.py:3340} INFO - Setting next_dagrun for example_short_circuit_operator to 2023-12-20T16:54:00.013278+00:00, run_after=2023-12-21T16:54:00.013278+00:00
[2023-12-21T16:54:00.038+0000] {processor.py:176} INFO - Processing /home/airflow/.local/lib/python3.7/site-packages/airflow/example_dags/example_short_circuit_operator.py took 0.117 seconds
[2023-12-21T16:54:30.655+0000] {processor.py:154} INFO - Started process (PID=2263) to work on /home/airflow/.local/lib/python3.7/site-packages/airflow/example_dags/example_short_circuit_operator.py
[2023-12-21T16:54:30.655+0000] {processor.py:756} INFO - Processing file /home/airflow/.local/lib/python3.7/site-packages/airflow/example_dags/example_short_circuit_operator.py for tasks to queue
[2023-12-21T16:54:30.656+0000] {logging_mixin.py:120} INFO - [2023-12-21T16:54:30.656+0000] {dagbag.py:537} INFO - Filling up the DagBag from /home/airflow/.local/lib/python3.7/site-packages/airflow/example_dags/example_short_circuit_operator.py
[2023-12-21T16:54:30.671+0000] {processor.py:766} INFO - DAG(s) dict_keys(['example_short_circuit_operator']) retrieved from /home/airflow/.local/lib/python3.7/site-packages/airflow/example_dags/example_short_circuit_operator.py
[2023-12-21T16:54:30.707+0000] {logging_mixin.py:120} INFO - [2023-12-21T16:54:30.707+0000] {dag.py:2585} INFO - Sync 1 DAGs
[2023-12-21T16:54:30.729+0000] {logging_mixin.py:120} INFO - [2023-12-21T16:54:30.729+0000] {dag.py:3340} INFO - Setting next_dagrun for example_short_circuit_operator to 2023-12-20T16:54:30.728978+00:00, run_after=2023-12-21T16:54:30.728978+00:00
[2023-12-21T16:54:30.751+0000] {processor.py:176} INFO - Processing /home/airflow/.local/lib/python3.7/site-packages/airflow/example_dags/example_short_circuit_operator.py took 0.099 seconds
[2023-12-21T16:55:01.529+0000] {processor.py:154} INFO - Started process (PID=2326) to work on /home/airflow/.local/lib/python3.7/site-packages/airflow/example_dags/example_short_circuit_operator.py
[2023-12-21T16:55:01.530+0000] {processor.py:756} INFO - Processing file /home/airflow/.local/lib/python3.7/site-packages/airflow/example_dags/example_short_circuit_operator.py for tasks to queue
[2023-12-21T16:55:01.530+0000] {logging_mixin.py:120} INFO - [2023-12-21T16:55:01.530+0000] {dagbag.py:537} INFO - Filling up the DagBag from /home/airflow/.local/lib/python3.7/site-packages/airflow/example_dags/example_short_circuit_operator.py
[2023-12-21T16:55:01.546+0000] {processor.py:766} INFO - DAG(s) dict_keys(['example_short_circuit_operator']) retrieved from /home/airflow/.local/lib/python3.7/site-packages/airflow/example_dags/example_short_circuit_operator.py
[2023-12-21T16:55:01.580+0000] {logging_mixin.py:120} INFO - [2023-12-21T16:55:01.580+0000] {dag.py:2585} INFO - Sync 1 DAGs
[2023-12-21T16:55:01.606+0000] {logging_mixin.py:120} INFO - [2023-12-21T16:55:01.606+0000] {dag.py:3340} INFO - Setting next_dagrun for example_short_circuit_operator to 2023-12-20T16:55:01.605857+00:00, run_after=2023-12-21T16:55:01.605857+00:00
[2023-12-21T16:55:01.627+0000] {processor.py:176} INFO - Processing /home/airflow/.local/lib/python3.7/site-packages/airflow/example_dags/example_short_circuit_operator.py took 0.100 seconds
[2023-12-21T16:55:32.289+0000] {processor.py:154} INFO - Started process (PID=2380) to work on /home/airflow/.local/lib/python3.7/site-packages/airflow/example_dags/example_short_circuit_operator.py
[2023-12-21T16:55:32.290+0000] {processor.py:756} INFO - Processing file /home/airflow/.local/lib/python3.7/site-packages/airflow/example_dags/example_short_circuit_operator.py for tasks to queue
[2023-12-21T16:55:32.290+0000] {logging_mixin.py:120} INFO - [2023-12-21T16:55:32.290+0000] {dagbag.py:537} INFO - Filling up the DagBag from /home/airflow/.local/lib/python3.7/site-packages/airflow/example_dags/example_short_circuit_operator.py
[2023-12-21T16:55:32.306+0000] {processor.py:766} INFO - DAG(s) dict_keys(['example_short_circuit_operator']) retrieved from /home/airflow/.local/lib/python3.7/site-packages/airflow/example_dags/example_short_circuit_operator.py
[2023-12-21T16:55:32.341+0000] {logging_mixin.py:120} INFO - [2023-12-21T16:55:32.341+0000] {dag.py:2585} INFO - Sync 1 DAGs
[2023-12-21T16:55:32.362+0000] {logging_mixin.py:120} INFO - [2023-12-21T16:55:32.362+0000] {dag.py:3340} INFO - Setting next_dagrun for example_short_circuit_operator to 2023-12-20T16:55:32.362019+00:00, run_after=2023-12-21T16:55:32.362019+00:00
[2023-12-21T16:55:32.384+0000] {processor.py:176} INFO - Processing /home/airflow/.local/lib/python3.7/site-packages/airflow/example_dags/example_short_circuit_operator.py took 0.097 seconds
[2023-12-21T16:56:03.014+0000] {processor.py:154} INFO - Started process (PID=2443) to work on /home/airflow/.local/lib/python3.7/site-packages/airflow/example_dags/example_short_circuit_operator.py
[2023-12-21T16:56:03.015+0000] {processor.py:756} INFO - Processing file /home/airflow/.local/lib/python3.7/site-packages/airflow/example_dags/example_short_circuit_operator.py for tasks to queue
[2023-12-21T16:56:03.015+0000] {logging_mixin.py:120} INFO - [2023-12-21T16:56:03.015+0000] {dagbag.py:537} INFO - Filling up the DagBag from /home/airflow/.local/lib/python3.7/site-packages/airflow/example_dags/example_short_circuit_operator.py
[2023-12-21T16:56:03.029+0000] {processor.py:766} INFO - DAG(s) dict_keys(['example_short_circuit_operator']) retrieved from /home/airflow/.local/lib/python3.7/site-packages/airflow/example_dags/example_short_circuit_operator.py
[2023-12-21T16:56:03.064+0000] {logging_mixin.py:120} INFO - [2023-12-21T16:56:03.064+0000] {dag.py:2585} INFO - Sync 1 DAGs
[2023-12-21T16:56:03.084+0000] {logging_mixin.py:120} INFO - [2023-12-21T16:56:03.084+0000] {dag.py:3340} INFO - Setting next_dagrun for example_short_circuit_operator to 2023-12-20T16:56:03.084317+00:00, run_after=2023-12-21T16:56:03.084317+00:00
[2023-12-21T16:56:03.108+0000] {processor.py:176} INFO - Processing /home/airflow/.local/lib/python3.7/site-packages/airflow/example_dags/example_short_circuit_operator.py took 0.096 seconds
[2023-12-21T16:56:33.694+0000] {processor.py:154} INFO - Started process (PID=2506) to work on /home/airflow/.local/lib/python3.7/site-packages/airflow/example_dags/example_short_circuit_operator.py
[2023-12-21T16:56:33.695+0000] {processor.py:756} INFO - Processing file /home/airflow/.local/lib/python3.7/site-packages/airflow/example_dags/example_short_circuit_operator.py for tasks to queue
[2023-12-21T16:56:33.695+0000] {logging_mixin.py:120} INFO - [2023-12-21T16:56:33.695+0000] {dagbag.py:537} INFO - Filling up the DagBag from /home/airflow/.local/lib/python3.7/site-packages/airflow/example_dags/example_short_circuit_operator.py
[2023-12-21T16:56:33.709+0000] {processor.py:766} INFO - DAG(s) dict_keys(['example_short_circuit_operator']) retrieved from /home/airflow/.local/lib/python3.7/site-packages/airflow/example_dags/example_short_circuit_operator.py
[2023-12-21T16:56:33.747+0000] {logging_mixin.py:120} INFO - [2023-12-21T16:56:33.747+0000] {dag.py:2585} INFO - Sync 1 DAGs
[2023-12-21T16:56:33.769+0000] {logging_mixin.py:120} INFO - [2023-12-21T16:56:33.769+0000] {dag.py:3340} INFO - Setting next_dagrun for example_short_circuit_operator to 2023-12-20T16:56:33.769550+00:00, run_after=2023-12-21T16:56:33.769550+00:00
[2023-12-21T16:56:33.790+0000] {processor.py:176} INFO - Processing /home/airflow/.local/lib/python3.7/site-packages/airflow/example_dags/example_short_circuit_operator.py took 0.099 seconds
[2023-12-21T16:57:04.426+0000] {processor.py:154} INFO - Started process (PID=2570) to work on /home/airflow/.local/lib/python3.7/site-packages/airflow/example_dags/example_short_circuit_operator.py
[2023-12-21T16:57:04.426+0000] {processor.py:756} INFO - Processing file /home/airflow/.local/lib/python3.7/site-packages/airflow/example_dags/example_short_circuit_operator.py for tasks to queue
[2023-12-21T16:57:04.427+0000] {logging_mixin.py:120} INFO - [2023-12-21T16:57:04.427+0000] {dagbag.py:537} INFO - Filling up the DagBag from /home/airflow/.local/lib/python3.7/site-packages/airflow/example_dags/example_short_circuit_operator.py
[2023-12-21T16:57:04.443+0000] {processor.py:766} INFO - DAG(s) dict_keys(['example_short_circuit_operator']) retrieved from /home/airflow/.local/lib/python3.7/site-packages/airflow/example_dags/example_short_circuit_operator.py
[2023-12-21T16:57:04.484+0000] {logging_mixin.py:120} INFO - [2023-12-21T16:57:04.484+0000] {dag.py:2585} INFO - Sync 1 DAGs
[2023-12-21T16:57:04.506+0000] {logging_mixin.py:120} INFO - [2023-12-21T16:57:04.506+0000] {dag.py:3340} INFO - Setting next_dagrun for example_short_circuit_operator to 2023-12-20T16:57:04.505827+00:00, run_after=2023-12-21T16:57:04.505827+00:00
[2023-12-21T16:57:04.529+0000] {processor.py:176} INFO - Processing /home/airflow/.local/lib/python3.7/site-packages/airflow/example_dags/example_short_circuit_operator.py took 0.108 seconds
[2023-12-21T16:59:49.262+0000] {processor.py:154} INFO - Started process (PID=75) to work on /home/airflow/.local/lib/python3.7/site-packages/airflow/example_dags/example_short_circuit_operator.py
[2023-12-21T16:59:49.266+0000] {processor.py:756} INFO - Processing file /home/airflow/.local/lib/python3.7/site-packages/airflow/example_dags/example_short_circuit_operator.py for tasks to queue
[2023-12-21T16:59:49.267+0000] {logging_mixin.py:120} INFO - [2023-12-21T16:59:49.267+0000] {dagbag.py:537} INFO - Filling up the DagBag from /home/airflow/.local/lib/python3.7/site-packages/airflow/example_dags/example_short_circuit_operator.py
[2023-12-21T16:59:49.291+0000] {processor.py:766} INFO - DAG(s) dict_keys(['example_short_circuit_operator']) retrieved from /home/airflow/.local/lib/python3.7/site-packages/airflow/example_dags/example_short_circuit_operator.py
[2023-12-21T16:59:49.334+0000] {logging_mixin.py:120} INFO - [2023-12-21T16:59:49.334+0000] {dag.py:2585} INFO - Sync 1 DAGs
[2023-12-21T16:59:49.361+0000] {logging_mixin.py:120} INFO - [2023-12-21T16:59:49.361+0000] {dag.py:3340} INFO - Setting next_dagrun for example_short_circuit_operator to 2023-12-20T16:59:49.361104+00:00, run_after=2023-12-21T16:59:49.361104+00:00
[2023-12-21T16:59:49.387+0000] {processor.py:176} INFO - Processing /home/airflow/.local/lib/python3.7/site-packages/airflow/example_dags/example_short_circuit_operator.py took 0.128 seconds
