[2023-12-21T16:36:03.244+0000] {processor.py:154} INFO - Started process (PID=69) to work on /home/airflow/.local/lib/python3.7/site-packages/airflow/example_dags/example_sla_dag.py
[2023-12-21T16:36:03.245+0000] {processor.py:756} INFO - Processing file /home/airflow/.local/lib/python3.7/site-packages/airflow/example_dags/example_sla_dag.py for tasks to queue
[2023-12-21T16:36:03.245+0000] {logging_mixin.py:120} INFO - [2023-12-21T16:36:03.245+0000] {dagbag.py:537} INFO - Filling up the DagBag from /home/airflow/.local/lib/python3.7/site-packages/airflow/example_dags/example_sla_dag.py
[2023-12-21T16:36:03.303+0000] {processor.py:766} INFO - DAG(s) dict_keys(['example_sla_dag']) retrieved from /home/airflow/.local/lib/python3.7/site-packages/airflow/example_dags/example_sla_dag.py
[2023-12-21T16:36:03.579+0000] {logging_mixin.py:120} INFO - [2023-12-21T16:36:03.579+0000] {manager.py:507} INFO - Created Permission View: can read on DAG:example_sla_dag
[2023-12-21T16:36:03.607+0000] {logging_mixin.py:120} INFO - [2023-12-21T16:36:03.607+0000] {manager.py:507} INFO - Created Permission View: can delete on DAG:example_sla_dag
[2023-12-21T16:36:03.623+0000] {logging_mixin.py:120} INFO - [2023-12-21T16:36:03.623+0000] {manager.py:507} INFO - Created Permission View: can edit on DAG:example_sla_dag
[2023-12-21T16:36:03.624+0000] {logging_mixin.py:120} INFO - [2023-12-21T16:36:03.623+0000] {dag.py:2585} INFO - Sync 1 DAGs
[2023-12-21T16:36:03.649+0000] {logging_mixin.py:120} INFO - [2023-12-21T16:36:03.649+0000] {dag.py:2606} INFO - Creating ORM DAG for example_sla_dag
[2023-12-21T16:36:03.682+0000] {logging_mixin.py:120} INFO - [2023-12-21T16:36:03.682+0000] {dag.py:3340} INFO - Setting next_dagrun for example_sla_dag to 2023-12-21T16:34:00+00:00, run_after=2023-12-21T16:36:00+00:00
[2023-12-21T16:36:03.720+0000] {processor.py:176} INFO - Processing /home/airflow/.local/lib/python3.7/site-packages/airflow/example_dags/example_sla_dag.py took 0.480 seconds
[2023-12-21T16:36:34.609+0000] {processor.py:154} INFO - Started process (PID=132) to work on /home/airflow/.local/lib/python3.7/site-packages/airflow/example_dags/example_sla_dag.py
[2023-12-21T16:36:34.610+0000] {processor.py:756} INFO - Processing file /home/airflow/.local/lib/python3.7/site-packages/airflow/example_dags/example_sla_dag.py for tasks to queue
[2023-12-21T16:36:34.611+0000] {logging_mixin.py:120} INFO - [2023-12-21T16:36:34.610+0000] {dagbag.py:537} INFO - Filling up the DagBag from /home/airflow/.local/lib/python3.7/site-packages/airflow/example_dags/example_sla_dag.py
[2023-12-21T16:36:34.631+0000] {processor.py:766} INFO - DAG(s) dict_keys(['example_sla_dag']) retrieved from /home/airflow/.local/lib/python3.7/site-packages/airflow/example_dags/example_sla_dag.py
[2023-12-21T16:36:34.664+0000] {logging_mixin.py:120} INFO - [2023-12-21T16:36:34.664+0000] {dag.py:2585} INFO - Sync 1 DAGs
[2023-12-21T16:36:34.687+0000] {logging_mixin.py:120} INFO - [2023-12-21T16:36:34.687+0000] {dag.py:3340} INFO - Setting next_dagrun for example_sla_dag to 2023-12-21T16:34:00+00:00, run_after=2023-12-21T16:36:00+00:00
[2023-12-21T16:36:34.708+0000] {processor.py:176} INFO - Processing /home/airflow/.local/lib/python3.7/site-packages/airflow/example_dags/example_sla_dag.py took 0.102 seconds
[2023-12-21T16:37:05.453+0000] {processor.py:154} INFO - Started process (PID=196) to work on /home/airflow/.local/lib/python3.7/site-packages/airflow/example_dags/example_sla_dag.py
[2023-12-21T16:37:05.453+0000] {processor.py:756} INFO - Processing file /home/airflow/.local/lib/python3.7/site-packages/airflow/example_dags/example_sla_dag.py for tasks to queue
[2023-12-21T16:37:05.454+0000] {logging_mixin.py:120} INFO - [2023-12-21T16:37:05.454+0000] {dagbag.py:537} INFO - Filling up the DagBag from /home/airflow/.local/lib/python3.7/site-packages/airflow/example_dags/example_sla_dag.py
[2023-12-21T16:37:05.475+0000] {processor.py:766} INFO - DAG(s) dict_keys(['example_sla_dag']) retrieved from /home/airflow/.local/lib/python3.7/site-packages/airflow/example_dags/example_sla_dag.py
[2023-12-21T16:37:05.509+0000] {logging_mixin.py:120} INFO - [2023-12-21T16:37:05.509+0000] {dag.py:2585} INFO - Sync 1 DAGs
[2023-12-21T16:37:05.536+0000] {logging_mixin.py:120} INFO - [2023-12-21T16:37:05.535+0000] {dag.py:3340} INFO - Setting next_dagrun for example_sla_dag to 2023-12-21T16:34:00+00:00, run_after=2023-12-21T16:36:00+00:00
[2023-12-21T16:37:05.557+0000] {processor.py:176} INFO - Processing /home/airflow/.local/lib/python3.7/site-packages/airflow/example_dags/example_sla_dag.py took 0.107 seconds
[2023-12-21T16:37:36.049+0000] {processor.py:154} INFO - Started process (PID=250) to work on /home/airflow/.local/lib/python3.7/site-packages/airflow/example_dags/example_sla_dag.py
[2023-12-21T16:37:36.050+0000] {processor.py:756} INFO - Processing file /home/airflow/.local/lib/python3.7/site-packages/airflow/example_dags/example_sla_dag.py for tasks to queue
[2023-12-21T16:37:36.050+0000] {logging_mixin.py:120} INFO - [2023-12-21T16:37:36.050+0000] {dagbag.py:537} INFO - Filling up the DagBag from /home/airflow/.local/lib/python3.7/site-packages/airflow/example_dags/example_sla_dag.py
[2023-12-21T16:37:36.069+0000] {processor.py:766} INFO - DAG(s) dict_keys(['example_sla_dag']) retrieved from /home/airflow/.local/lib/python3.7/site-packages/airflow/example_dags/example_sla_dag.py
[2023-12-21T16:37:36.109+0000] {logging_mixin.py:120} INFO - [2023-12-21T16:37:36.109+0000] {dag.py:2585} INFO - Sync 1 DAGs
[2023-12-21T16:37:36.141+0000] {logging_mixin.py:120} INFO - [2023-12-21T16:37:36.141+0000] {dag.py:3340} INFO - Setting next_dagrun for example_sla_dag to 2023-12-21T16:34:00+00:00, run_after=2023-12-21T16:36:00+00:00
[2023-12-21T16:37:36.163+0000] {processor.py:176} INFO - Processing /home/airflow/.local/lib/python3.7/site-packages/airflow/example_dags/example_sla_dag.py took 0.116 seconds
[2023-12-21T16:38:06.850+0000] {processor.py:154} INFO - Started process (PID=314) to work on /home/airflow/.local/lib/python3.7/site-packages/airflow/example_dags/example_sla_dag.py
[2023-12-21T16:38:06.851+0000] {processor.py:756} INFO - Processing file /home/airflow/.local/lib/python3.7/site-packages/airflow/example_dags/example_sla_dag.py for tasks to queue
[2023-12-21T16:38:06.851+0000] {logging_mixin.py:120} INFO - [2023-12-21T16:38:06.851+0000] {dagbag.py:537} INFO - Filling up the DagBag from /home/airflow/.local/lib/python3.7/site-packages/airflow/example_dags/example_sla_dag.py
[2023-12-21T16:38:06.870+0000] {processor.py:766} INFO - DAG(s) dict_keys(['example_sla_dag']) retrieved from /home/airflow/.local/lib/python3.7/site-packages/airflow/example_dags/example_sla_dag.py
[2023-12-21T16:38:06.909+0000] {logging_mixin.py:120} INFO - [2023-12-21T16:38:06.909+0000] {dag.py:2585} INFO - Sync 1 DAGs
[2023-12-21T16:38:06.933+0000] {logging_mixin.py:120} INFO - [2023-12-21T16:38:06.933+0000] {dag.py:3340} INFO - Setting next_dagrun for example_sla_dag to 2023-12-21T16:36:00+00:00, run_after=2023-12-21T16:38:00+00:00
[2023-12-21T16:38:06.955+0000] {processor.py:176} INFO - Processing /home/airflow/.local/lib/python3.7/site-packages/airflow/example_dags/example_sla_dag.py took 0.108 seconds
[2023-12-21T16:38:37.439+0000] {processor.py:154} INFO - Started process (PID=377) to work on /home/airflow/.local/lib/python3.7/site-packages/airflow/example_dags/example_sla_dag.py
[2023-12-21T16:38:37.439+0000] {processor.py:756} INFO - Processing file /home/airflow/.local/lib/python3.7/site-packages/airflow/example_dags/example_sla_dag.py for tasks to queue
[2023-12-21T16:38:37.440+0000] {logging_mixin.py:120} INFO - [2023-12-21T16:38:37.440+0000] {dagbag.py:537} INFO - Filling up the DagBag from /home/airflow/.local/lib/python3.7/site-packages/airflow/example_dags/example_sla_dag.py
[2023-12-21T16:38:37.460+0000] {processor.py:766} INFO - DAG(s) dict_keys(['example_sla_dag']) retrieved from /home/airflow/.local/lib/python3.7/site-packages/airflow/example_dags/example_sla_dag.py
[2023-12-21T16:38:37.495+0000] {logging_mixin.py:120} INFO - [2023-12-21T16:38:37.495+0000] {dag.py:2585} INFO - Sync 1 DAGs
[2023-12-21T16:38:37.525+0000] {logging_mixin.py:120} INFO - [2023-12-21T16:38:37.525+0000] {dag.py:3340} INFO - Setting next_dagrun for example_sla_dag to 2023-12-21T16:36:00+00:00, run_after=2023-12-21T16:38:00+00:00
[2023-12-21T16:38:37.548+0000] {processor.py:176} INFO - Processing /home/airflow/.local/lib/python3.7/site-packages/airflow/example_dags/example_sla_dag.py took 0.113 seconds
[2023-12-21T16:39:08.132+0000] {processor.py:154} INFO - Started process (PID=440) to work on /home/airflow/.local/lib/python3.7/site-packages/airflow/example_dags/example_sla_dag.py
[2023-12-21T16:39:08.132+0000] {processor.py:756} INFO - Processing file /home/airflow/.local/lib/python3.7/site-packages/airflow/example_dags/example_sla_dag.py for tasks to queue
[2023-12-21T16:39:08.133+0000] {logging_mixin.py:120} INFO - [2023-12-21T16:39:08.133+0000] {dagbag.py:537} INFO - Filling up the DagBag from /home/airflow/.local/lib/python3.7/site-packages/airflow/example_dags/example_sla_dag.py
[2023-12-21T16:39:08.154+0000] {processor.py:766} INFO - DAG(s) dict_keys(['example_sla_dag']) retrieved from /home/airflow/.local/lib/python3.7/site-packages/airflow/example_dags/example_sla_dag.py
[2023-12-21T16:39:08.193+0000] {logging_mixin.py:120} INFO - [2023-12-21T16:39:08.193+0000] {dag.py:2585} INFO - Sync 1 DAGs
[2023-12-21T16:39:08.217+0000] {logging_mixin.py:120} INFO - [2023-12-21T16:39:08.217+0000] {dag.py:3340} INFO - Setting next_dagrun for example_sla_dag to 2023-12-21T16:36:00+00:00, run_after=2023-12-21T16:38:00+00:00
[2023-12-21T16:39:08.241+0000] {processor.py:176} INFO - Processing /home/airflow/.local/lib/python3.7/site-packages/airflow/example_dags/example_sla_dag.py took 0.112 seconds
[2023-12-21T16:39:38.919+0000] {processor.py:154} INFO - Started process (PID=494) to work on /home/airflow/.local/lib/python3.7/site-packages/airflow/example_dags/example_sla_dag.py
[2023-12-21T16:39:38.920+0000] {processor.py:756} INFO - Processing file /home/airflow/.local/lib/python3.7/site-packages/airflow/example_dags/example_sla_dag.py for tasks to queue
[2023-12-21T16:39:38.920+0000] {logging_mixin.py:120} INFO - [2023-12-21T16:39:38.920+0000] {dagbag.py:537} INFO - Filling up the DagBag from /home/airflow/.local/lib/python3.7/site-packages/airflow/example_dags/example_sla_dag.py
[2023-12-21T16:39:38.941+0000] {processor.py:766} INFO - DAG(s) dict_keys(['example_sla_dag']) retrieved from /home/airflow/.local/lib/python3.7/site-packages/airflow/example_dags/example_sla_dag.py
[2023-12-21T16:39:38.975+0000] {logging_mixin.py:120} INFO - [2023-12-21T16:39:38.975+0000] {dag.py:2585} INFO - Sync 1 DAGs
[2023-12-21T16:39:38.998+0000] {logging_mixin.py:120} INFO - [2023-12-21T16:39:38.998+0000] {dag.py:3340} INFO - Setting next_dagrun for example_sla_dag to 2023-12-21T16:36:00+00:00, run_after=2023-12-21T16:38:00+00:00
[2023-12-21T16:39:39.019+0000] {processor.py:176} INFO - Processing /home/airflow/.local/lib/python3.7/site-packages/airflow/example_dags/example_sla_dag.py took 0.103 seconds
[2023-12-21T16:40:09.418+0000] {processor.py:154} INFO - Started process (PID=557) to work on /home/airflow/.local/lib/python3.7/site-packages/airflow/example_dags/example_sla_dag.py
[2023-12-21T16:40:09.419+0000] {processor.py:756} INFO - Processing file /home/airflow/.local/lib/python3.7/site-packages/airflow/example_dags/example_sla_dag.py for tasks to queue
[2023-12-21T16:40:09.419+0000] {logging_mixin.py:120} INFO - [2023-12-21T16:40:09.419+0000] {dagbag.py:537} INFO - Filling up the DagBag from /home/airflow/.local/lib/python3.7/site-packages/airflow/example_dags/example_sla_dag.py
[2023-12-21T16:40:09.442+0000] {processor.py:766} INFO - DAG(s) dict_keys(['example_sla_dag']) retrieved from /home/airflow/.local/lib/python3.7/site-packages/airflow/example_dags/example_sla_dag.py
[2023-12-21T16:40:09.485+0000] {logging_mixin.py:120} INFO - [2023-12-21T16:40:09.485+0000] {dag.py:2585} INFO - Sync 1 DAGs
[2023-12-21T16:40:09.519+0000] {logging_mixin.py:120} INFO - [2023-12-21T16:40:09.519+0000] {dag.py:3340} INFO - Setting next_dagrun for example_sla_dag to 2023-12-21T16:38:00+00:00, run_after=2023-12-21T16:40:00+00:00
[2023-12-21T16:40:09.544+0000] {processor.py:176} INFO - Processing /home/airflow/.local/lib/python3.7/site-packages/airflow/example_dags/example_sla_dag.py took 0.128 seconds
[2023-12-21T16:40:40.216+0000] {processor.py:154} INFO - Started process (PID=620) to work on /home/airflow/.local/lib/python3.7/site-packages/airflow/example_dags/example_sla_dag.py
[2023-12-21T16:40:40.217+0000] {processor.py:756} INFO - Processing file /home/airflow/.local/lib/python3.7/site-packages/airflow/example_dags/example_sla_dag.py for tasks to queue
[2023-12-21T16:40:40.217+0000] {logging_mixin.py:120} INFO - [2023-12-21T16:40:40.217+0000] {dagbag.py:537} INFO - Filling up the DagBag from /home/airflow/.local/lib/python3.7/site-packages/airflow/example_dags/example_sla_dag.py
[2023-12-21T16:40:40.237+0000] {processor.py:766} INFO - DAG(s) dict_keys(['example_sla_dag']) retrieved from /home/airflow/.local/lib/python3.7/site-packages/airflow/example_dags/example_sla_dag.py
[2023-12-21T16:40:40.270+0000] {logging_mixin.py:120} INFO - [2023-12-21T16:40:40.270+0000] {dag.py:2585} INFO - Sync 1 DAGs
[2023-12-21T16:40:40.294+0000] {logging_mixin.py:120} INFO - [2023-12-21T16:40:40.294+0000] {dag.py:3340} INFO - Setting next_dagrun for example_sla_dag to 2023-12-21T16:38:00+00:00, run_after=2023-12-21T16:40:00+00:00
[2023-12-21T16:40:40.321+0000] {processor.py:176} INFO - Processing /home/airflow/.local/lib/python3.7/site-packages/airflow/example_dags/example_sla_dag.py took 0.108 seconds
[2023-12-21T16:41:10.916+0000] {processor.py:154} INFO - Started process (PID=683) to work on /home/airflow/.local/lib/python3.7/site-packages/airflow/example_dags/example_sla_dag.py
[2023-12-21T16:41:10.917+0000] {processor.py:756} INFO - Processing file /home/airflow/.local/lib/python3.7/site-packages/airflow/example_dags/example_sla_dag.py for tasks to queue
[2023-12-21T16:41:10.917+0000] {logging_mixin.py:120} INFO - [2023-12-21T16:41:10.917+0000] {dagbag.py:537} INFO - Filling up the DagBag from /home/airflow/.local/lib/python3.7/site-packages/airflow/example_dags/example_sla_dag.py
[2023-12-21T16:41:10.936+0000] {processor.py:766} INFO - DAG(s) dict_keys(['example_sla_dag']) retrieved from /home/airflow/.local/lib/python3.7/site-packages/airflow/example_dags/example_sla_dag.py
[2023-12-21T16:41:10.970+0000] {logging_mixin.py:120} INFO - [2023-12-21T16:41:10.970+0000] {dag.py:2585} INFO - Sync 1 DAGs
[2023-12-21T16:41:10.994+0000] {logging_mixin.py:120} INFO - [2023-12-21T16:41:10.994+0000] {dag.py:3340} INFO - Setting next_dagrun for example_sla_dag to 2023-12-21T16:38:00+00:00, run_after=2023-12-21T16:40:00+00:00
[2023-12-21T16:41:11.020+0000] {processor.py:176} INFO - Processing /home/airflow/.local/lib/python3.7/site-packages/airflow/example_dags/example_sla_dag.py took 0.106 seconds
[2023-12-21T16:41:41.548+0000] {processor.py:154} INFO - Started process (PID=737) to work on /home/airflow/.local/lib/python3.7/site-packages/airflow/example_dags/example_sla_dag.py
[2023-12-21T16:41:41.549+0000] {processor.py:756} INFO - Processing file /home/airflow/.local/lib/python3.7/site-packages/airflow/example_dags/example_sla_dag.py for tasks to queue
[2023-12-21T16:41:41.550+0000] {logging_mixin.py:120} INFO - [2023-12-21T16:41:41.549+0000] {dagbag.py:537} INFO - Filling up the DagBag from /home/airflow/.local/lib/python3.7/site-packages/airflow/example_dags/example_sla_dag.py
[2023-12-21T16:41:41.575+0000] {processor.py:766} INFO - DAG(s) dict_keys(['example_sla_dag']) retrieved from /home/airflow/.local/lib/python3.7/site-packages/airflow/example_dags/example_sla_dag.py
[2023-12-21T16:41:41.612+0000] {logging_mixin.py:120} INFO - [2023-12-21T16:41:41.612+0000] {dag.py:2585} INFO - Sync 1 DAGs
[2023-12-21T16:41:41.636+0000] {logging_mixin.py:120} INFO - [2023-12-21T16:41:41.636+0000] {dag.py:3340} INFO - Setting next_dagrun for example_sla_dag to 2023-12-21T16:38:00+00:00, run_after=2023-12-21T16:40:00+00:00
[2023-12-21T16:41:41.659+0000] {processor.py:176} INFO - Processing /home/airflow/.local/lib/python3.7/site-packages/airflow/example_dags/example_sla_dag.py took 0.113 seconds
[2023-12-21T16:42:12.396+0000] {processor.py:154} INFO - Started process (PID=801) to work on /home/airflow/.local/lib/python3.7/site-packages/airflow/example_dags/example_sla_dag.py
[2023-12-21T16:42:12.397+0000] {processor.py:756} INFO - Processing file /home/airflow/.local/lib/python3.7/site-packages/airflow/example_dags/example_sla_dag.py for tasks to queue
[2023-12-21T16:42:12.397+0000] {logging_mixin.py:120} INFO - [2023-12-21T16:42:12.397+0000] {dagbag.py:537} INFO - Filling up the DagBag from /home/airflow/.local/lib/python3.7/site-packages/airflow/example_dags/example_sla_dag.py
[2023-12-21T16:42:12.416+0000] {processor.py:766} INFO - DAG(s) dict_keys(['example_sla_dag']) retrieved from /home/airflow/.local/lib/python3.7/site-packages/airflow/example_dags/example_sla_dag.py
[2023-12-21T16:42:12.456+0000] {logging_mixin.py:120} INFO - [2023-12-21T16:42:12.456+0000] {dag.py:2585} INFO - Sync 1 DAGs
[2023-12-21T16:42:12.480+0000] {logging_mixin.py:120} INFO - [2023-12-21T16:42:12.480+0000] {dag.py:3340} INFO - Setting next_dagrun for example_sla_dag to 2023-12-21T16:40:00+00:00, run_after=2023-12-21T16:42:00+00:00
[2023-12-21T16:42:12.504+0000] {processor.py:176} INFO - Processing /home/airflow/.local/lib/python3.7/site-packages/airflow/example_dags/example_sla_dag.py took 0.110 seconds
[2023-12-21T16:42:43.224+0000] {processor.py:154} INFO - Started process (PID=864) to work on /home/airflow/.local/lib/python3.7/site-packages/airflow/example_dags/example_sla_dag.py
[2023-12-21T16:42:43.224+0000] {processor.py:756} INFO - Processing file /home/airflow/.local/lib/python3.7/site-packages/airflow/example_dags/example_sla_dag.py for tasks to queue
[2023-12-21T16:42:43.225+0000] {logging_mixin.py:120} INFO - [2023-12-21T16:42:43.225+0000] {dagbag.py:537} INFO - Filling up the DagBag from /home/airflow/.local/lib/python3.7/site-packages/airflow/example_dags/example_sla_dag.py
[2023-12-21T16:42:43.244+0000] {processor.py:766} INFO - DAG(s) dict_keys(['example_sla_dag']) retrieved from /home/airflow/.local/lib/python3.7/site-packages/airflow/example_dags/example_sla_dag.py
[2023-12-21T16:42:43.279+0000] {logging_mixin.py:120} INFO - [2023-12-21T16:42:43.279+0000] {dag.py:2585} INFO - Sync 1 DAGs
[2023-12-21T16:42:43.304+0000] {logging_mixin.py:120} INFO - [2023-12-21T16:42:43.303+0000] {dag.py:3340} INFO - Setting next_dagrun for example_sla_dag to 2023-12-21T16:40:00+00:00, run_after=2023-12-21T16:42:00+00:00
[2023-12-21T16:42:43.324+0000] {processor.py:176} INFO - Processing /home/airflow/.local/lib/python3.7/site-packages/airflow/example_dags/example_sla_dag.py took 0.103 seconds
[2023-12-21T16:43:13.888+0000] {processor.py:154} INFO - Started process (PID=927) to work on /home/airflow/.local/lib/python3.7/site-packages/airflow/example_dags/example_sla_dag.py
[2023-12-21T16:43:13.889+0000] {processor.py:756} INFO - Processing file /home/airflow/.local/lib/python3.7/site-packages/airflow/example_dags/example_sla_dag.py for tasks to queue
[2023-12-21T16:43:13.889+0000] {logging_mixin.py:120} INFO - [2023-12-21T16:43:13.889+0000] {dagbag.py:537} INFO - Filling up the DagBag from /home/airflow/.local/lib/python3.7/site-packages/airflow/example_dags/example_sla_dag.py
[2023-12-21T16:43:13.908+0000] {processor.py:766} INFO - DAG(s) dict_keys(['example_sla_dag']) retrieved from /home/airflow/.local/lib/python3.7/site-packages/airflow/example_dags/example_sla_dag.py
[2023-12-21T16:43:13.944+0000] {logging_mixin.py:120} INFO - [2023-12-21T16:43:13.944+0000] {dag.py:2585} INFO - Sync 1 DAGs
[2023-12-21T16:43:13.970+0000] {logging_mixin.py:120} INFO - [2023-12-21T16:43:13.970+0000] {dag.py:3340} INFO - Setting next_dagrun for example_sla_dag to 2023-12-21T16:40:00+00:00, run_after=2023-12-21T16:42:00+00:00
[2023-12-21T16:43:13.990+0000] {processor.py:176} INFO - Processing /home/airflow/.local/lib/python3.7/site-packages/airflow/example_dags/example_sla_dag.py took 0.105 seconds
[2023-12-21T16:43:44.480+0000] {processor.py:154} INFO - Started process (PID=981) to work on /home/airflow/.local/lib/python3.7/site-packages/airflow/example_dags/example_sla_dag.py
[2023-12-21T16:43:44.480+0000] {processor.py:756} INFO - Processing file /home/airflow/.local/lib/python3.7/site-packages/airflow/example_dags/example_sla_dag.py for tasks to queue
[2023-12-21T16:43:44.481+0000] {logging_mixin.py:120} INFO - [2023-12-21T16:43:44.481+0000] {dagbag.py:537} INFO - Filling up the DagBag from /home/airflow/.local/lib/python3.7/site-packages/airflow/example_dags/example_sla_dag.py
[2023-12-21T16:43:44.501+0000] {processor.py:766} INFO - DAG(s) dict_keys(['example_sla_dag']) retrieved from /home/airflow/.local/lib/python3.7/site-packages/airflow/example_dags/example_sla_dag.py
[2023-12-21T16:43:44.543+0000] {logging_mixin.py:120} INFO - [2023-12-21T16:43:44.543+0000] {dag.py:2585} INFO - Sync 1 DAGs
[2023-12-21T16:43:44.577+0000] {logging_mixin.py:120} INFO - [2023-12-21T16:43:44.577+0000] {dag.py:3340} INFO - Setting next_dagrun for example_sla_dag to 2023-12-21T16:40:00+00:00, run_after=2023-12-21T16:42:00+00:00
[2023-12-21T16:43:44.597+0000] {processor.py:176} INFO - Processing /home/airflow/.local/lib/python3.7/site-packages/airflow/example_dags/example_sla_dag.py took 0.120 seconds
[2023-12-21T16:44:15.192+0000] {processor.py:154} INFO - Started process (PID=1044) to work on /home/airflow/.local/lib/python3.7/site-packages/airflow/example_dags/example_sla_dag.py
[2023-12-21T16:44:15.193+0000] {processor.py:756} INFO - Processing file /home/airflow/.local/lib/python3.7/site-packages/airflow/example_dags/example_sla_dag.py for tasks to queue
[2023-12-21T16:44:15.193+0000] {logging_mixin.py:120} INFO - [2023-12-21T16:44:15.193+0000] {dagbag.py:537} INFO - Filling up the DagBag from /home/airflow/.local/lib/python3.7/site-packages/airflow/example_dags/example_sla_dag.py
[2023-12-21T16:44:15.221+0000] {processor.py:766} INFO - DAG(s) dict_keys(['example_sla_dag']) retrieved from /home/airflow/.local/lib/python3.7/site-packages/airflow/example_dags/example_sla_dag.py
[2023-12-21T16:44:15.272+0000] {logging_mixin.py:120} INFO - [2023-12-21T16:44:15.272+0000] {dag.py:2585} INFO - Sync 1 DAGs
[2023-12-21T16:44:15.312+0000] {logging_mixin.py:120} INFO - [2023-12-21T16:44:15.312+0000] {dag.py:3340} INFO - Setting next_dagrun for example_sla_dag to 2023-12-21T16:42:00+00:00, run_after=2023-12-21T16:44:00+00:00
[2023-12-21T16:44:15.337+0000] {processor.py:176} INFO - Processing /home/airflow/.local/lib/python3.7/site-packages/airflow/example_dags/example_sla_dag.py took 0.147 seconds
[2023-12-21T16:44:46.115+0000] {processor.py:154} INFO - Started process (PID=1108) to work on /home/airflow/.local/lib/python3.7/site-packages/airflow/example_dags/example_sla_dag.py
[2023-12-21T16:44:46.116+0000] {processor.py:756} INFO - Processing file /home/airflow/.local/lib/python3.7/site-packages/airflow/example_dags/example_sla_dag.py for tasks to queue
[2023-12-21T16:44:46.116+0000] {logging_mixin.py:120} INFO - [2023-12-21T16:44:46.116+0000] {dagbag.py:537} INFO - Filling up the DagBag from /home/airflow/.local/lib/python3.7/site-packages/airflow/example_dags/example_sla_dag.py
[2023-12-21T16:44:46.136+0000] {processor.py:766} INFO - DAG(s) dict_keys(['example_sla_dag']) retrieved from /home/airflow/.local/lib/python3.7/site-packages/airflow/example_dags/example_sla_dag.py
[2023-12-21T16:44:46.175+0000] {logging_mixin.py:120} INFO - [2023-12-21T16:44:46.175+0000] {dag.py:2585} INFO - Sync 1 DAGs
[2023-12-21T16:44:46.212+0000] {logging_mixin.py:120} INFO - [2023-12-21T16:44:46.212+0000] {dag.py:3340} INFO - Setting next_dagrun for example_sla_dag to 2023-12-21T16:42:00+00:00, run_after=2023-12-21T16:44:00+00:00
[2023-12-21T16:44:46.237+0000] {processor.py:176} INFO - Processing /home/airflow/.local/lib/python3.7/site-packages/airflow/example_dags/example_sla_dag.py took 0.124 seconds
[2023-12-21T16:45:16.958+0000] {processor.py:154} INFO - Started process (PID=1171) to work on /home/airflow/.local/lib/python3.7/site-packages/airflow/example_dags/example_sla_dag.py
[2023-12-21T16:45:16.959+0000] {processor.py:756} INFO - Processing file /home/airflow/.local/lib/python3.7/site-packages/airflow/example_dags/example_sla_dag.py for tasks to queue
[2023-12-21T16:45:16.960+0000] {logging_mixin.py:120} INFO - [2023-12-21T16:45:16.960+0000] {dagbag.py:537} INFO - Filling up the DagBag from /home/airflow/.local/lib/python3.7/site-packages/airflow/example_dags/example_sla_dag.py
[2023-12-21T16:45:16.982+0000] {processor.py:766} INFO - DAG(s) dict_keys(['example_sla_dag']) retrieved from /home/airflow/.local/lib/python3.7/site-packages/airflow/example_dags/example_sla_dag.py
[2023-12-21T16:45:17.023+0000] {logging_mixin.py:120} INFO - [2023-12-21T16:45:17.023+0000] {dag.py:2585} INFO - Sync 1 DAGs
[2023-12-21T16:45:17.056+0000] {logging_mixin.py:120} INFO - [2023-12-21T16:45:17.056+0000] {dag.py:3340} INFO - Setting next_dagrun for example_sla_dag to 2023-12-21T16:42:00+00:00, run_after=2023-12-21T16:44:00+00:00
[2023-12-21T16:45:17.082+0000] {processor.py:176} INFO - Processing /home/airflow/.local/lib/python3.7/site-packages/airflow/example_dags/example_sla_dag.py took 0.127 seconds
[2023-12-21T16:45:47.466+0000] {processor.py:154} INFO - Started process (PID=1224) to work on /home/airflow/.local/lib/python3.7/site-packages/airflow/example_dags/example_sla_dag.py
[2023-12-21T16:45:47.466+0000] {processor.py:756} INFO - Processing file /home/airflow/.local/lib/python3.7/site-packages/airflow/example_dags/example_sla_dag.py for tasks to queue
[2023-12-21T16:45:47.467+0000] {logging_mixin.py:120} INFO - [2023-12-21T16:45:47.467+0000] {dagbag.py:537} INFO - Filling up the DagBag from /home/airflow/.local/lib/python3.7/site-packages/airflow/example_dags/example_sla_dag.py
[2023-12-21T16:45:47.487+0000] {processor.py:766} INFO - DAG(s) dict_keys(['example_sla_dag']) retrieved from /home/airflow/.local/lib/python3.7/site-packages/airflow/example_dags/example_sla_dag.py
[2023-12-21T16:45:47.541+0000] {logging_mixin.py:120} INFO - [2023-12-21T16:45:47.541+0000] {dag.py:2585} INFO - Sync 1 DAGs
[2023-12-21T16:45:47.578+0000] {logging_mixin.py:120} INFO - [2023-12-21T16:45:47.578+0000] {dag.py:3340} INFO - Setting next_dagrun for example_sla_dag to 2023-12-21T16:42:00+00:00, run_after=2023-12-21T16:44:00+00:00
[2023-12-21T16:45:47.604+0000] {processor.py:176} INFO - Processing /home/airflow/.local/lib/python3.7/site-packages/airflow/example_dags/example_sla_dag.py took 0.141 seconds
[2023-12-21T16:46:18.292+0000] {processor.py:154} INFO - Started process (PID=1287) to work on /home/airflow/.local/lib/python3.7/site-packages/airflow/example_dags/example_sla_dag.py
[2023-12-21T16:46:18.293+0000] {processor.py:756} INFO - Processing file /home/airflow/.local/lib/python3.7/site-packages/airflow/example_dags/example_sla_dag.py for tasks to queue
[2023-12-21T16:46:18.293+0000] {logging_mixin.py:120} INFO - [2023-12-21T16:46:18.293+0000] {dagbag.py:537} INFO - Filling up the DagBag from /home/airflow/.local/lib/python3.7/site-packages/airflow/example_dags/example_sla_dag.py
[2023-12-21T16:46:18.316+0000] {processor.py:766} INFO - DAG(s) dict_keys(['example_sla_dag']) retrieved from /home/airflow/.local/lib/python3.7/site-packages/airflow/example_dags/example_sla_dag.py
[2023-12-21T16:46:18.363+0000] {logging_mixin.py:120} INFO - [2023-12-21T16:46:18.363+0000] {dag.py:2585} INFO - Sync 1 DAGs
[2023-12-21T16:46:18.403+0000] {logging_mixin.py:120} INFO - [2023-12-21T16:46:18.402+0000] {dag.py:3340} INFO - Setting next_dagrun for example_sla_dag to 2023-12-21T16:44:00+00:00, run_after=2023-12-21T16:46:00+00:00
[2023-12-21T16:46:18.430+0000] {processor.py:176} INFO - Processing /home/airflow/.local/lib/python3.7/site-packages/airflow/example_dags/example_sla_dag.py took 0.141 seconds
[2023-12-21T16:46:49.312+0000] {processor.py:154} INFO - Started process (PID=1349) to work on /home/airflow/.local/lib/python3.7/site-packages/airflow/example_dags/example_sla_dag.py
[2023-12-21T16:46:49.313+0000] {processor.py:756} INFO - Processing file /home/airflow/.local/lib/python3.7/site-packages/airflow/example_dags/example_sla_dag.py for tasks to queue
[2023-12-21T16:46:49.313+0000] {logging_mixin.py:120} INFO - [2023-12-21T16:46:49.313+0000] {dagbag.py:537} INFO - Filling up the DagBag from /home/airflow/.local/lib/python3.7/site-packages/airflow/example_dags/example_sla_dag.py
[2023-12-21T16:46:49.334+0000] {processor.py:766} INFO - DAG(s) dict_keys(['example_sla_dag']) retrieved from /home/airflow/.local/lib/python3.7/site-packages/airflow/example_dags/example_sla_dag.py
[2023-12-21T16:46:49.375+0000] {logging_mixin.py:120} INFO - [2023-12-21T16:46:49.374+0000] {dag.py:2585} INFO - Sync 1 DAGs
[2023-12-21T16:46:49.410+0000] {logging_mixin.py:120} INFO - [2023-12-21T16:46:49.410+0000] {dag.py:3340} INFO - Setting next_dagrun for example_sla_dag to 2023-12-21T16:44:00+00:00, run_after=2023-12-21T16:46:00+00:00
[2023-12-21T16:46:49.449+0000] {processor.py:176} INFO - Processing /home/airflow/.local/lib/python3.7/site-packages/airflow/example_dags/example_sla_dag.py took 0.140 seconds
[2023-12-21T16:47:19.582+0000] {processor.py:154} INFO - Started process (PID=1411) to work on /home/airflow/.local/lib/python3.7/site-packages/airflow/example_dags/example_sla_dag.py
[2023-12-21T16:47:19.582+0000] {processor.py:756} INFO - Processing file /home/airflow/.local/lib/python3.7/site-packages/airflow/example_dags/example_sla_dag.py for tasks to queue
[2023-12-21T16:47:19.583+0000] {logging_mixin.py:120} INFO - [2023-12-21T16:47:19.583+0000] {dagbag.py:537} INFO - Filling up the DagBag from /home/airflow/.local/lib/python3.7/site-packages/airflow/example_dags/example_sla_dag.py
[2023-12-21T16:47:19.609+0000] {processor.py:766} INFO - DAG(s) dict_keys(['example_sla_dag']) retrieved from /home/airflow/.local/lib/python3.7/site-packages/airflow/example_dags/example_sla_dag.py
[2023-12-21T16:47:19.655+0000] {logging_mixin.py:120} INFO - [2023-12-21T16:47:19.655+0000] {dag.py:2585} INFO - Sync 1 DAGs
[2023-12-21T16:47:19.686+0000] {logging_mixin.py:120} INFO - [2023-12-21T16:47:19.685+0000] {dag.py:3340} INFO - Setting next_dagrun for example_sla_dag to 2023-12-21T16:44:00+00:00, run_after=2023-12-21T16:46:00+00:00
[2023-12-21T16:47:19.709+0000] {processor.py:176} INFO - Processing /home/airflow/.local/lib/python3.7/site-packages/airflow/example_dags/example_sla_dag.py took 0.130 seconds
[2023-12-21T16:47:50.301+0000] {processor.py:154} INFO - Started process (PID=1465) to work on /home/airflow/.local/lib/python3.7/site-packages/airflow/example_dags/example_sla_dag.py
[2023-12-21T16:47:50.302+0000] {processor.py:756} INFO - Processing file /home/airflow/.local/lib/python3.7/site-packages/airflow/example_dags/example_sla_dag.py for tasks to queue
[2023-12-21T16:47:50.302+0000] {logging_mixin.py:120} INFO - [2023-12-21T16:47:50.302+0000] {dagbag.py:537} INFO - Filling up the DagBag from /home/airflow/.local/lib/python3.7/site-packages/airflow/example_dags/example_sla_dag.py
[2023-12-21T16:47:50.326+0000] {processor.py:766} INFO - DAG(s) dict_keys(['example_sla_dag']) retrieved from /home/airflow/.local/lib/python3.7/site-packages/airflow/example_dags/example_sla_dag.py
[2023-12-21T16:47:50.367+0000] {logging_mixin.py:120} INFO - [2023-12-21T16:47:50.367+0000] {dag.py:2585} INFO - Sync 1 DAGs
[2023-12-21T16:47:50.397+0000] {logging_mixin.py:120} INFO - [2023-12-21T16:47:50.397+0000] {dag.py:3340} INFO - Setting next_dagrun for example_sla_dag to 2023-12-21T16:44:00+00:00, run_after=2023-12-21T16:46:00+00:00
[2023-12-21T16:47:50.420+0000] {processor.py:176} INFO - Processing /home/airflow/.local/lib/python3.7/site-packages/airflow/example_dags/example_sla_dag.py took 0.122 seconds
[2023-12-21T16:48:21.183+0000] {processor.py:154} INFO - Started process (PID=1529) to work on /home/airflow/.local/lib/python3.7/site-packages/airflow/example_dags/example_sla_dag.py
[2023-12-21T16:48:21.184+0000] {processor.py:756} INFO - Processing file /home/airflow/.local/lib/python3.7/site-packages/airflow/example_dags/example_sla_dag.py for tasks to queue
[2023-12-21T16:48:21.184+0000] {logging_mixin.py:120} INFO - [2023-12-21T16:48:21.184+0000] {dagbag.py:537} INFO - Filling up the DagBag from /home/airflow/.local/lib/python3.7/site-packages/airflow/example_dags/example_sla_dag.py
[2023-12-21T16:48:21.214+0000] {processor.py:766} INFO - DAG(s) dict_keys(['example_sla_dag']) retrieved from /home/airflow/.local/lib/python3.7/site-packages/airflow/example_dags/example_sla_dag.py
[2023-12-21T16:48:21.261+0000] {logging_mixin.py:120} INFO - [2023-12-21T16:48:21.261+0000] {dag.py:2585} INFO - Sync 1 DAGs
[2023-12-21T16:48:21.287+0000] {logging_mixin.py:120} INFO - [2023-12-21T16:48:21.287+0000] {dag.py:3340} INFO - Setting next_dagrun for example_sla_dag to 2023-12-21T16:46:00+00:00, run_after=2023-12-21T16:48:00+00:00
[2023-12-21T16:48:21.312+0000] {processor.py:176} INFO - Processing /home/airflow/.local/lib/python3.7/site-packages/airflow/example_dags/example_sla_dag.py took 0.132 seconds
[2023-12-21T16:48:51.995+0000] {processor.py:154} INFO - Started process (PID=1592) to work on /home/airflow/.local/lib/python3.7/site-packages/airflow/example_dags/example_sla_dag.py
[2023-12-21T16:48:51.996+0000] {processor.py:756} INFO - Processing file /home/airflow/.local/lib/python3.7/site-packages/airflow/example_dags/example_sla_dag.py for tasks to queue
[2023-12-21T16:48:51.997+0000] {logging_mixin.py:120} INFO - [2023-12-21T16:48:51.997+0000] {dagbag.py:537} INFO - Filling up the DagBag from /home/airflow/.local/lib/python3.7/site-packages/airflow/example_dags/example_sla_dag.py
[2023-12-21T16:48:52.018+0000] {processor.py:766} INFO - DAG(s) dict_keys(['example_sla_dag']) retrieved from /home/airflow/.local/lib/python3.7/site-packages/airflow/example_dags/example_sla_dag.py
[2023-12-21T16:48:52.056+0000] {logging_mixin.py:120} INFO - [2023-12-21T16:48:52.055+0000] {dag.py:2585} INFO - Sync 1 DAGs
[2023-12-21T16:48:52.093+0000] {logging_mixin.py:120} INFO - [2023-12-21T16:48:52.093+0000] {dag.py:3340} INFO - Setting next_dagrun for example_sla_dag to 2023-12-21T16:46:00+00:00, run_after=2023-12-21T16:48:00+00:00
[2023-12-21T16:48:52.120+0000] {processor.py:176} INFO - Processing /home/airflow/.local/lib/python3.7/site-packages/airflow/example_dags/example_sla_dag.py took 0.127 seconds
[2023-12-21T16:49:22.773+0000] {processor.py:154} INFO - Started process (PID=1646) to work on /home/airflow/.local/lib/python3.7/site-packages/airflow/example_dags/example_sla_dag.py
[2023-12-21T16:49:22.774+0000] {processor.py:756} INFO - Processing file /home/airflow/.local/lib/python3.7/site-packages/airflow/example_dags/example_sla_dag.py for tasks to queue
[2023-12-21T16:49:22.774+0000] {logging_mixin.py:120} INFO - [2023-12-21T16:49:22.774+0000] {dagbag.py:537} INFO - Filling up the DagBag from /home/airflow/.local/lib/python3.7/site-packages/airflow/example_dags/example_sla_dag.py
[2023-12-21T16:49:22.794+0000] {processor.py:766} INFO - DAG(s) dict_keys(['example_sla_dag']) retrieved from /home/airflow/.local/lib/python3.7/site-packages/airflow/example_dags/example_sla_dag.py
[2023-12-21T16:49:22.831+0000] {logging_mixin.py:120} INFO - [2023-12-21T16:49:22.831+0000] {dag.py:2585} INFO - Sync 1 DAGs
[2023-12-21T16:49:22.857+0000] {logging_mixin.py:120} INFO - [2023-12-21T16:49:22.857+0000] {dag.py:3340} INFO - Setting next_dagrun for example_sla_dag to 2023-12-21T16:46:00+00:00, run_after=2023-12-21T16:48:00+00:00
[2023-12-21T16:49:22.878+0000] {processor.py:176} INFO - Processing /home/airflow/.local/lib/python3.7/site-packages/airflow/example_dags/example_sla_dag.py took 0.108 seconds
[2023-12-21T16:49:53.435+0000] {processor.py:154} INFO - Started process (PID=1709) to work on /home/airflow/.local/lib/python3.7/site-packages/airflow/example_dags/example_sla_dag.py
[2023-12-21T16:49:53.436+0000] {processor.py:756} INFO - Processing file /home/airflow/.local/lib/python3.7/site-packages/airflow/example_dags/example_sla_dag.py for tasks to queue
[2023-12-21T16:49:53.436+0000] {logging_mixin.py:120} INFO - [2023-12-21T16:49:53.436+0000] {dagbag.py:537} INFO - Filling up the DagBag from /home/airflow/.local/lib/python3.7/site-packages/airflow/example_dags/example_sla_dag.py
[2023-12-21T16:49:53.455+0000] {processor.py:766} INFO - DAG(s) dict_keys(['example_sla_dag']) retrieved from /home/airflow/.local/lib/python3.7/site-packages/airflow/example_dags/example_sla_dag.py
[2023-12-21T16:49:53.490+0000] {logging_mixin.py:120} INFO - [2023-12-21T16:49:53.489+0000] {dag.py:2585} INFO - Sync 1 DAGs
[2023-12-21T16:49:53.512+0000] {logging_mixin.py:120} INFO - [2023-12-21T16:49:53.512+0000] {dag.py:3340} INFO - Setting next_dagrun for example_sla_dag to 2023-12-21T16:46:00+00:00, run_after=2023-12-21T16:48:00+00:00
[2023-12-21T16:49:53.533+0000] {processor.py:176} INFO - Processing /home/airflow/.local/lib/python3.7/site-packages/airflow/example_dags/example_sla_dag.py took 0.101 seconds
[2023-12-21T16:50:24.278+0000] {processor.py:154} INFO - Started process (PID=1772) to work on /home/airflow/.local/lib/python3.7/site-packages/airflow/example_dags/example_sla_dag.py
[2023-12-21T16:50:24.279+0000] {processor.py:756} INFO - Processing file /home/airflow/.local/lib/python3.7/site-packages/airflow/example_dags/example_sla_dag.py for tasks to queue
[2023-12-21T16:50:24.279+0000] {logging_mixin.py:120} INFO - [2023-12-21T16:50:24.279+0000] {dagbag.py:537} INFO - Filling up the DagBag from /home/airflow/.local/lib/python3.7/site-packages/airflow/example_dags/example_sla_dag.py
[2023-12-21T16:50:24.298+0000] {processor.py:766} INFO - DAG(s) dict_keys(['example_sla_dag']) retrieved from /home/airflow/.local/lib/python3.7/site-packages/airflow/example_dags/example_sla_dag.py
[2023-12-21T16:50:24.332+0000] {logging_mixin.py:120} INFO - [2023-12-21T16:50:24.332+0000] {dag.py:2585} INFO - Sync 1 DAGs
[2023-12-21T16:50:24.359+0000] {logging_mixin.py:120} INFO - [2023-12-21T16:50:24.359+0000] {dag.py:3340} INFO - Setting next_dagrun for example_sla_dag to 2023-12-21T16:48:00+00:00, run_after=2023-12-21T16:50:00+00:00
[2023-12-21T16:50:24.379+0000] {processor.py:176} INFO - Processing /home/airflow/.local/lib/python3.7/site-packages/airflow/example_dags/example_sla_dag.py took 0.104 seconds
[2023-12-21T16:50:54.851+0000] {processor.py:154} INFO - Started process (PID=1836) to work on /home/airflow/.local/lib/python3.7/site-packages/airflow/example_dags/example_sla_dag.py
[2023-12-21T16:50:54.852+0000] {processor.py:756} INFO - Processing file /home/airflow/.local/lib/python3.7/site-packages/airflow/example_dags/example_sla_dag.py for tasks to queue
[2023-12-21T16:50:54.852+0000] {logging_mixin.py:120} INFO - [2023-12-21T16:50:54.852+0000] {dagbag.py:537} INFO - Filling up the DagBag from /home/airflow/.local/lib/python3.7/site-packages/airflow/example_dags/example_sla_dag.py
[2023-12-21T16:50:54.872+0000] {processor.py:766} INFO - DAG(s) dict_keys(['example_sla_dag']) retrieved from /home/airflow/.local/lib/python3.7/site-packages/airflow/example_dags/example_sla_dag.py
[2023-12-21T16:50:54.910+0000] {logging_mixin.py:120} INFO - [2023-12-21T16:50:54.910+0000] {dag.py:2585} INFO - Sync 1 DAGs
[2023-12-21T16:50:54.948+0000] {logging_mixin.py:120} INFO - [2023-12-21T16:50:54.947+0000] {dag.py:3340} INFO - Setting next_dagrun for example_sla_dag to 2023-12-21T16:48:00+00:00, run_after=2023-12-21T16:50:00+00:00
[2023-12-21T16:50:54.974+0000] {processor.py:176} INFO - Processing /home/airflow/.local/lib/python3.7/site-packages/airflow/example_dags/example_sla_dag.py took 0.126 seconds
[2023-12-21T16:51:25.611+0000] {processor.py:154} INFO - Started process (PID=1890) to work on /home/airflow/.local/lib/python3.7/site-packages/airflow/example_dags/example_sla_dag.py
[2023-12-21T16:51:25.612+0000] {processor.py:756} INFO - Processing file /home/airflow/.local/lib/python3.7/site-packages/airflow/example_dags/example_sla_dag.py for tasks to queue
[2023-12-21T16:51:25.612+0000] {logging_mixin.py:120} INFO - [2023-12-21T16:51:25.612+0000] {dagbag.py:537} INFO - Filling up the DagBag from /home/airflow/.local/lib/python3.7/site-packages/airflow/example_dags/example_sla_dag.py
[2023-12-21T16:51:25.633+0000] {processor.py:766} INFO - DAG(s) dict_keys(['example_sla_dag']) retrieved from /home/airflow/.local/lib/python3.7/site-packages/airflow/example_dags/example_sla_dag.py
[2023-12-21T16:51:25.671+0000] {logging_mixin.py:120} INFO - [2023-12-21T16:51:25.671+0000] {dag.py:2585} INFO - Sync 1 DAGs
[2023-12-21T16:51:25.707+0000] {logging_mixin.py:120} INFO - [2023-12-21T16:51:25.707+0000] {dag.py:3340} INFO - Setting next_dagrun for example_sla_dag to 2023-12-21T16:48:00+00:00, run_after=2023-12-21T16:50:00+00:00
[2023-12-21T16:51:25.731+0000] {processor.py:176} INFO - Processing /home/airflow/.local/lib/python3.7/site-packages/airflow/example_dags/example_sla_dag.py took 0.123 seconds
[2023-12-21T16:51:56.478+0000] {processor.py:154} INFO - Started process (PID=1953) to work on /home/airflow/.local/lib/python3.7/site-packages/airflow/example_dags/example_sla_dag.py
[2023-12-21T16:51:56.479+0000] {processor.py:756} INFO - Processing file /home/airflow/.local/lib/python3.7/site-packages/airflow/example_dags/example_sla_dag.py for tasks to queue
[2023-12-21T16:51:56.479+0000] {logging_mixin.py:120} INFO - [2023-12-21T16:51:56.479+0000] {dagbag.py:537} INFO - Filling up the DagBag from /home/airflow/.local/lib/python3.7/site-packages/airflow/example_dags/example_sla_dag.py
[2023-12-21T16:51:56.499+0000] {processor.py:766} INFO - DAG(s) dict_keys(['example_sla_dag']) retrieved from /home/airflow/.local/lib/python3.7/site-packages/airflow/example_dags/example_sla_dag.py
[2023-12-21T16:51:56.535+0000] {logging_mixin.py:120} INFO - [2023-12-21T16:51:56.535+0000] {dag.py:2585} INFO - Sync 1 DAGs
[2023-12-21T16:51:56.562+0000] {logging_mixin.py:120} INFO - [2023-12-21T16:51:56.561+0000] {dag.py:3340} INFO - Setting next_dagrun for example_sla_dag to 2023-12-21T16:48:00+00:00, run_after=2023-12-21T16:50:00+00:00
[2023-12-21T16:51:56.587+0000] {processor.py:176} INFO - Processing /home/airflow/.local/lib/python3.7/site-packages/airflow/example_dags/example_sla_dag.py took 0.112 seconds
[2023-12-21T16:52:27.255+0000] {processor.py:154} INFO - Started process (PID=2017) to work on /home/airflow/.local/lib/python3.7/site-packages/airflow/example_dags/example_sla_dag.py
[2023-12-21T16:52:27.256+0000] {processor.py:756} INFO - Processing file /home/airflow/.local/lib/python3.7/site-packages/airflow/example_dags/example_sla_dag.py for tasks to queue
[2023-12-21T16:52:27.257+0000] {logging_mixin.py:120} INFO - [2023-12-21T16:52:27.256+0000] {dagbag.py:537} INFO - Filling up the DagBag from /home/airflow/.local/lib/python3.7/site-packages/airflow/example_dags/example_sla_dag.py
[2023-12-21T16:52:27.276+0000] {processor.py:766} INFO - DAG(s) dict_keys(['example_sla_dag']) retrieved from /home/airflow/.local/lib/python3.7/site-packages/airflow/example_dags/example_sla_dag.py
[2023-12-21T16:52:27.311+0000] {logging_mixin.py:120} INFO - [2023-12-21T16:52:27.311+0000] {dag.py:2585} INFO - Sync 1 DAGs
[2023-12-21T16:52:27.337+0000] {logging_mixin.py:120} INFO - [2023-12-21T16:52:27.337+0000] {dag.py:3340} INFO - Setting next_dagrun for example_sla_dag to 2023-12-21T16:50:00+00:00, run_after=2023-12-21T16:52:00+00:00
[2023-12-21T16:52:27.359+0000] {processor.py:176} INFO - Processing /home/airflow/.local/lib/python3.7/site-packages/airflow/example_dags/example_sla_dag.py took 0.107 seconds
[2023-12-21T16:52:57.951+0000] {processor.py:154} INFO - Started process (PID=2080) to work on /home/airflow/.local/lib/python3.7/site-packages/airflow/example_dags/example_sla_dag.py
[2023-12-21T16:52:57.952+0000] {processor.py:756} INFO - Processing file /home/airflow/.local/lib/python3.7/site-packages/airflow/example_dags/example_sla_dag.py for tasks to queue
[2023-12-21T16:52:57.953+0000] {logging_mixin.py:120} INFO - [2023-12-21T16:52:57.953+0000] {dagbag.py:537} INFO - Filling up the DagBag from /home/airflow/.local/lib/python3.7/site-packages/airflow/example_dags/example_sla_dag.py
[2023-12-21T16:52:57.982+0000] {processor.py:766} INFO - DAG(s) dict_keys(['example_sla_dag']) retrieved from /home/airflow/.local/lib/python3.7/site-packages/airflow/example_dags/example_sla_dag.py
[2023-12-21T16:52:58.027+0000] {logging_mixin.py:120} INFO - [2023-12-21T16:52:58.027+0000] {dag.py:2585} INFO - Sync 1 DAGs
[2023-12-21T16:52:58.066+0000] {logging_mixin.py:120} INFO - [2023-12-21T16:52:58.066+0000] {dag.py:3340} INFO - Setting next_dagrun for example_sla_dag to 2023-12-21T16:50:00+00:00, run_after=2023-12-21T16:52:00+00:00
[2023-12-21T16:52:58.098+0000] {processor.py:176} INFO - Processing /home/airflow/.local/lib/python3.7/site-packages/airflow/example_dags/example_sla_dag.py took 0.150 seconds
[2023-12-21T16:53:28.960+0000] {processor.py:154} INFO - Started process (PID=2134) to work on /home/airflow/.local/lib/python3.7/site-packages/airflow/example_dags/example_sla_dag.py
[2023-12-21T16:53:28.961+0000] {processor.py:756} INFO - Processing file /home/airflow/.local/lib/python3.7/site-packages/airflow/example_dags/example_sla_dag.py for tasks to queue
[2023-12-21T16:53:28.961+0000] {logging_mixin.py:120} INFO - [2023-12-21T16:53:28.961+0000] {dagbag.py:537} INFO - Filling up the DagBag from /home/airflow/.local/lib/python3.7/site-packages/airflow/example_dags/example_sla_dag.py
[2023-12-21T16:53:28.982+0000] {processor.py:766} INFO - DAG(s) dict_keys(['example_sla_dag']) retrieved from /home/airflow/.local/lib/python3.7/site-packages/airflow/example_dags/example_sla_dag.py
[2023-12-21T16:53:29.020+0000] {logging_mixin.py:120} INFO - [2023-12-21T16:53:29.020+0000] {dag.py:2585} INFO - Sync 1 DAGs
[2023-12-21T16:53:29.053+0000] {logging_mixin.py:120} INFO - [2023-12-21T16:53:29.053+0000] {dag.py:3340} INFO - Setting next_dagrun for example_sla_dag to 2023-12-21T16:50:00+00:00, run_after=2023-12-21T16:52:00+00:00
[2023-12-21T16:53:29.079+0000] {processor.py:176} INFO - Processing /home/airflow/.local/lib/python3.7/site-packages/airflow/example_dags/example_sla_dag.py took 0.122 seconds
[2023-12-21T16:53:59.790+0000] {processor.py:154} INFO - Started process (PID=2198) to work on /home/airflow/.local/lib/python3.7/site-packages/airflow/example_dags/example_sla_dag.py
[2023-12-21T16:53:59.790+0000] {processor.py:756} INFO - Processing file /home/airflow/.local/lib/python3.7/site-packages/airflow/example_dags/example_sla_dag.py for tasks to queue
[2023-12-21T16:53:59.791+0000] {logging_mixin.py:120} INFO - [2023-12-21T16:53:59.791+0000] {dagbag.py:537} INFO - Filling up the DagBag from /home/airflow/.local/lib/python3.7/site-packages/airflow/example_dags/example_sla_dag.py
[2023-12-21T16:53:59.810+0000] {processor.py:766} INFO - DAG(s) dict_keys(['example_sla_dag']) retrieved from /home/airflow/.local/lib/python3.7/site-packages/airflow/example_dags/example_sla_dag.py
[2023-12-21T16:53:59.852+0000] {logging_mixin.py:120} INFO - [2023-12-21T16:53:59.852+0000] {dag.py:2585} INFO - Sync 1 DAGs
[2023-12-21T16:53:59.881+0000] {logging_mixin.py:120} INFO - [2023-12-21T16:53:59.881+0000] {dag.py:3340} INFO - Setting next_dagrun for example_sla_dag to 2023-12-21T16:50:00+00:00, run_after=2023-12-21T16:52:00+00:00
[2023-12-21T16:53:59.903+0000] {processor.py:176} INFO - Processing /home/airflow/.local/lib/python3.7/site-packages/airflow/example_dags/example_sla_dag.py took 0.116 seconds
[2023-12-21T16:54:30.522+0000] {processor.py:154} INFO - Started process (PID=2261) to work on /home/airflow/.local/lib/python3.7/site-packages/airflow/example_dags/example_sla_dag.py
[2023-12-21T16:54:30.523+0000] {processor.py:756} INFO - Processing file /home/airflow/.local/lib/python3.7/site-packages/airflow/example_dags/example_sla_dag.py for tasks to queue
[2023-12-21T16:54:30.523+0000] {logging_mixin.py:120} INFO - [2023-12-21T16:54:30.523+0000] {dagbag.py:537} INFO - Filling up the DagBag from /home/airflow/.local/lib/python3.7/site-packages/airflow/example_dags/example_sla_dag.py
[2023-12-21T16:54:30.543+0000] {processor.py:766} INFO - DAG(s) dict_keys(['example_sla_dag']) retrieved from /home/airflow/.local/lib/python3.7/site-packages/airflow/example_dags/example_sla_dag.py
[2023-12-21T16:54:30.580+0000] {logging_mixin.py:120} INFO - [2023-12-21T16:54:30.580+0000] {dag.py:2585} INFO - Sync 1 DAGs
[2023-12-21T16:54:30.608+0000] {logging_mixin.py:120} INFO - [2023-12-21T16:54:30.607+0000] {dag.py:3340} INFO - Setting next_dagrun for example_sla_dag to 2023-12-21T16:52:00+00:00, run_after=2023-12-21T16:54:00+00:00
[2023-12-21T16:54:30.633+0000] {processor.py:176} INFO - Processing /home/airflow/.local/lib/python3.7/site-packages/airflow/example_dags/example_sla_dag.py took 0.114 seconds
[2023-12-21T16:55:01.398+0000] {processor.py:154} INFO - Started process (PID=2324) to work on /home/airflow/.local/lib/python3.7/site-packages/airflow/example_dags/example_sla_dag.py
[2023-12-21T16:55:01.398+0000] {processor.py:756} INFO - Processing file /home/airflow/.local/lib/python3.7/site-packages/airflow/example_dags/example_sla_dag.py for tasks to queue
[2023-12-21T16:55:01.399+0000] {logging_mixin.py:120} INFO - [2023-12-21T16:55:01.399+0000] {dagbag.py:537} INFO - Filling up the DagBag from /home/airflow/.local/lib/python3.7/site-packages/airflow/example_dags/example_sla_dag.py
[2023-12-21T16:55:01.425+0000] {processor.py:766} INFO - DAG(s) dict_keys(['example_sla_dag']) retrieved from /home/airflow/.local/lib/python3.7/site-packages/airflow/example_dags/example_sla_dag.py
[2023-12-21T16:55:01.461+0000] {logging_mixin.py:120} INFO - [2023-12-21T16:55:01.460+0000] {dag.py:2585} INFO - Sync 1 DAGs
[2023-12-21T16:55:01.488+0000] {logging_mixin.py:120} INFO - [2023-12-21T16:55:01.488+0000] {dag.py:3340} INFO - Setting next_dagrun for example_sla_dag to 2023-12-21T16:52:00+00:00, run_after=2023-12-21T16:54:00+00:00
[2023-12-21T16:55:01.509+0000] {processor.py:176} INFO - Processing /home/airflow/.local/lib/python3.7/site-packages/airflow/example_dags/example_sla_dag.py took 0.114 seconds
[2023-12-21T16:55:32.159+0000] {processor.py:154} INFO - Started process (PID=2378) to work on /home/airflow/.local/lib/python3.7/site-packages/airflow/example_dags/example_sla_dag.py
[2023-12-21T16:55:32.159+0000] {processor.py:756} INFO - Processing file /home/airflow/.local/lib/python3.7/site-packages/airflow/example_dags/example_sla_dag.py for tasks to queue
[2023-12-21T16:55:32.160+0000] {logging_mixin.py:120} INFO - [2023-12-21T16:55:32.160+0000] {dagbag.py:537} INFO - Filling up the DagBag from /home/airflow/.local/lib/python3.7/site-packages/airflow/example_dags/example_sla_dag.py
[2023-12-21T16:55:32.179+0000] {processor.py:766} INFO - DAG(s) dict_keys(['example_sla_dag']) retrieved from /home/airflow/.local/lib/python3.7/site-packages/airflow/example_dags/example_sla_dag.py
[2023-12-21T16:55:32.219+0000] {logging_mixin.py:120} INFO - [2023-12-21T16:55:32.219+0000] {dag.py:2585} INFO - Sync 1 DAGs
[2023-12-21T16:55:32.246+0000] {logging_mixin.py:120} INFO - [2023-12-21T16:55:32.246+0000] {dag.py:3340} INFO - Setting next_dagrun for example_sla_dag to 2023-12-21T16:52:00+00:00, run_after=2023-12-21T16:54:00+00:00
[2023-12-21T16:55:32.268+0000] {processor.py:176} INFO - Processing /home/airflow/.local/lib/python3.7/site-packages/airflow/example_dags/example_sla_dag.py took 0.113 seconds
[2023-12-21T16:56:02.892+0000] {processor.py:154} INFO - Started process (PID=2441) to work on /home/airflow/.local/lib/python3.7/site-packages/airflow/example_dags/example_sla_dag.py
[2023-12-21T16:56:02.892+0000] {processor.py:756} INFO - Processing file /home/airflow/.local/lib/python3.7/site-packages/airflow/example_dags/example_sla_dag.py for tasks to queue
[2023-12-21T16:56:02.893+0000] {logging_mixin.py:120} INFO - [2023-12-21T16:56:02.893+0000] {dagbag.py:537} INFO - Filling up the DagBag from /home/airflow/.local/lib/python3.7/site-packages/airflow/example_dags/example_sla_dag.py
[2023-12-21T16:56:02.912+0000] {processor.py:766} INFO - DAG(s) dict_keys(['example_sla_dag']) retrieved from /home/airflow/.local/lib/python3.7/site-packages/airflow/example_dags/example_sla_dag.py
[2023-12-21T16:56:02.948+0000] {logging_mixin.py:120} INFO - [2023-12-21T16:56:02.948+0000] {dag.py:2585} INFO - Sync 1 DAGs
[2023-12-21T16:56:02.972+0000] {logging_mixin.py:120} INFO - [2023-12-21T16:56:02.972+0000] {dag.py:3340} INFO - Setting next_dagrun for example_sla_dag to 2023-12-21T16:54:00+00:00, run_after=2023-12-21T16:56:00+00:00
[2023-12-21T16:56:02.994+0000] {processor.py:176} INFO - Processing /home/airflow/.local/lib/python3.7/site-packages/airflow/example_dags/example_sla_dag.py took 0.105 seconds
[2023-12-21T16:56:33.552+0000] {processor.py:154} INFO - Started process (PID=2504) to work on /home/airflow/.local/lib/python3.7/site-packages/airflow/example_dags/example_sla_dag.py
[2023-12-21T16:56:33.553+0000] {processor.py:756} INFO - Processing file /home/airflow/.local/lib/python3.7/site-packages/airflow/example_dags/example_sla_dag.py for tasks to queue
[2023-12-21T16:56:33.553+0000] {logging_mixin.py:120} INFO - [2023-12-21T16:56:33.553+0000] {dagbag.py:537} INFO - Filling up the DagBag from /home/airflow/.local/lib/python3.7/site-packages/airflow/example_dags/example_sla_dag.py
[2023-12-21T16:56:33.575+0000] {processor.py:766} INFO - DAG(s) dict_keys(['example_sla_dag']) retrieved from /home/airflow/.local/lib/python3.7/site-packages/airflow/example_dags/example_sla_dag.py
[2023-12-21T16:56:33.615+0000] {logging_mixin.py:120} INFO - [2023-12-21T16:56:33.615+0000] {dag.py:2585} INFO - Sync 1 DAGs
[2023-12-21T16:56:33.649+0000] {logging_mixin.py:120} INFO - [2023-12-21T16:56:33.649+0000] {dag.py:3340} INFO - Setting next_dagrun for example_sla_dag to 2023-12-21T16:54:00+00:00, run_after=2023-12-21T16:56:00+00:00
[2023-12-21T16:56:33.673+0000] {processor.py:176} INFO - Processing /home/airflow/.local/lib/python3.7/site-packages/airflow/example_dags/example_sla_dag.py took 0.123 seconds
[2023-12-21T16:57:04.255+0000] {processor.py:154} INFO - Started process (PID=2568) to work on /home/airflow/.local/lib/python3.7/site-packages/airflow/example_dags/example_sla_dag.py
[2023-12-21T16:57:04.255+0000] {processor.py:756} INFO - Processing file /home/airflow/.local/lib/python3.7/site-packages/airflow/example_dags/example_sla_dag.py for tasks to queue
[2023-12-21T16:57:04.256+0000] {logging_mixin.py:120} INFO - [2023-12-21T16:57:04.256+0000] {dagbag.py:537} INFO - Filling up the DagBag from /home/airflow/.local/lib/python3.7/site-packages/airflow/example_dags/example_sla_dag.py
[2023-12-21T16:57:04.283+0000] {processor.py:766} INFO - DAG(s) dict_keys(['example_sla_dag']) retrieved from /home/airflow/.local/lib/python3.7/site-packages/airflow/example_dags/example_sla_dag.py
[2023-12-21T16:57:04.330+0000] {logging_mixin.py:120} INFO - [2023-12-21T16:57:04.330+0000] {dag.py:2585} INFO - Sync 1 DAGs
[2023-12-21T16:57:04.367+0000] {logging_mixin.py:120} INFO - [2023-12-21T16:57:04.367+0000] {dag.py:3340} INFO - Setting next_dagrun for example_sla_dag to 2023-12-21T16:54:00+00:00, run_after=2023-12-21T16:56:00+00:00
[2023-12-21T16:57:04.392+0000] {processor.py:176} INFO - Processing /home/airflow/.local/lib/python3.7/site-packages/airflow/example_dags/example_sla_dag.py took 0.140 seconds
[2023-12-21T16:59:49.094+0000] {processor.py:154} INFO - Started process (PID=73) to work on /home/airflow/.local/lib/python3.7/site-packages/airflow/example_dags/example_sla_dag.py
[2023-12-21T16:59:49.095+0000] {processor.py:756} INFO - Processing file /home/airflow/.local/lib/python3.7/site-packages/airflow/example_dags/example_sla_dag.py for tasks to queue
[2023-12-21T16:59:49.095+0000] {logging_mixin.py:120} INFO - [2023-12-21T16:59:49.095+0000] {dagbag.py:537} INFO - Filling up the DagBag from /home/airflow/.local/lib/python3.7/site-packages/airflow/example_dags/example_sla_dag.py
[2023-12-21T16:59:49.121+0000] {processor.py:766} INFO - DAG(s) dict_keys(['example_sla_dag']) retrieved from /home/airflow/.local/lib/python3.7/site-packages/airflow/example_dags/example_sla_dag.py
[2023-12-21T16:59:49.163+0000] {logging_mixin.py:120} INFO - [2023-12-21T16:59:49.163+0000] {dag.py:2585} INFO - Sync 1 DAGs
[2023-12-21T16:59:49.196+0000] {logging_mixin.py:120} INFO - [2023-12-21T16:59:49.196+0000] {dag.py:3340} INFO - Setting next_dagrun for example_sla_dag to 2023-12-21T16:56:00+00:00, run_after=2023-12-21T16:58:00+00:00
[2023-12-21T16:59:49.233+0000] {processor.py:176} INFO - Processing /home/airflow/.local/lib/python3.7/site-packages/airflow/example_dags/example_sla_dag.py took 0.142 seconds
