[2023-12-21T16:36:00.331+0000] {processor.py:154} INFO - Started process (PID=58) to work on /home/airflow/.local/lib/python3.7/site-packages/airflow/example_dags/example_datasets.py
[2023-12-21T16:36:00.332+0000] {processor.py:756} INFO - Processing file /home/airflow/.local/lib/python3.7/site-packages/airflow/example_dags/example_datasets.py for tasks to queue
[2023-12-21T16:36:00.333+0000] {logging_mixin.py:120} INFO - [2023-12-21T16:36:00.332+0000] {dagbag.py:537} INFO - Filling up the DagBag from /home/airflow/.local/lib/python3.7/site-packages/airflow/example_dags/example_datasets.py
[2023-12-21T16:36:00.389+0000] {processor.py:766} INFO - DAG(s) dict_keys(['dataset_consumes_1_and_2', 'dataset_consumes_1', 'dataset_produces_1', 'dataset_consumes_1_never_scheduled', 'dataset_consumes_unknown_never_scheduled', 'dataset_produces_2']) retrieved from /home/airflow/.local/lib/python3.7/site-packages/airflow/example_dags/example_datasets.py
[2023-12-21T16:36:00.704+0000] {logging_mixin.py:120} INFO - [2023-12-21T16:36:00.704+0000] {manager.py:507} INFO - Created Permission View: can read on DAG:dataset_consumes_1_and_2
[2023-12-21T16:36:00.734+0000] {logging_mixin.py:120} INFO - [2023-12-21T16:36:00.734+0000] {manager.py:507} INFO - Created Permission View: can delete on DAG:dataset_consumes_1_and_2
[2023-12-21T16:36:00.758+0000] {logging_mixin.py:120} INFO - [2023-12-21T16:36:00.758+0000] {manager.py:507} INFO - Created Permission View: can edit on DAG:dataset_consumes_1_and_2
[2023-12-21T16:36:00.794+0000] {logging_mixin.py:120} INFO - [2023-12-21T16:36:00.794+0000] {manager.py:507} INFO - Created Permission View: can read on DAG:dataset_consumes_1
[2023-12-21T16:36:00.807+0000] {logging_mixin.py:120} INFO - [2023-12-21T16:36:00.807+0000] {manager.py:507} INFO - Created Permission View: can delete on DAG:dataset_consumes_1
[2023-12-21T16:36:00.833+0000] {logging_mixin.py:120} INFO - [2023-12-21T16:36:00.833+0000] {manager.py:507} INFO - Created Permission View: can edit on DAG:dataset_consumes_1
[2023-12-21T16:36:00.861+0000] {logging_mixin.py:120} INFO - [2023-12-21T16:36:00.861+0000] {manager.py:507} INFO - Created Permission View: can read on DAG:dataset_produces_1
[2023-12-21T16:36:00.879+0000] {logging_mixin.py:120} INFO - [2023-12-21T16:36:00.879+0000] {manager.py:507} INFO - Created Permission View: can delete on DAG:dataset_produces_1
[2023-12-21T16:36:00.896+0000] {logging_mixin.py:120} INFO - [2023-12-21T16:36:00.896+0000] {manager.py:507} INFO - Created Permission View: can edit on DAG:dataset_produces_1
[2023-12-21T16:36:00.925+0000] {logging_mixin.py:120} INFO - [2023-12-21T16:36:00.925+0000] {manager.py:507} INFO - Created Permission View: can read on DAG:dataset_consumes_1_never_scheduled
[2023-12-21T16:36:00.958+0000] {logging_mixin.py:120} INFO - [2023-12-21T16:36:00.958+0000] {manager.py:507} INFO - Created Permission View: can delete on DAG:dataset_consumes_1_never_scheduled
[2023-12-21T16:36:00.988+0000] {logging_mixin.py:120} INFO - [2023-12-21T16:36:00.988+0000] {manager.py:507} INFO - Created Permission View: can edit on DAG:dataset_consumes_1_never_scheduled
[2023-12-21T16:36:01.020+0000] {logging_mixin.py:120} INFO - [2023-12-21T16:36:01.020+0000] {manager.py:507} INFO - Created Permission View: can read on DAG:dataset_consumes_unknown_never_scheduled
[2023-12-21T16:36:01.035+0000] {logging_mixin.py:120} INFO - [2023-12-21T16:36:01.035+0000] {manager.py:507} INFO - Created Permission View: can delete on DAG:dataset_consumes_unknown_never_scheduled
[2023-12-21T16:36:01.049+0000] {logging_mixin.py:120} INFO - [2023-12-21T16:36:01.049+0000] {manager.py:507} INFO - Created Permission View: can edit on DAG:dataset_consumes_unknown_never_scheduled
[2023-12-21T16:36:01.089+0000] {logging_mixin.py:120} INFO - [2023-12-21T16:36:01.089+0000] {manager.py:507} INFO - Created Permission View: can read on DAG:dataset_produces_2
[2023-12-21T16:36:01.101+0000] {logging_mixin.py:120} INFO - [2023-12-21T16:36:01.101+0000] {manager.py:507} INFO - Created Permission View: can delete on DAG:dataset_produces_2
[2023-12-21T16:36:01.112+0000] {logging_mixin.py:120} INFO - [2023-12-21T16:36:01.112+0000] {manager.py:507} INFO - Created Permission View: can edit on DAG:dataset_produces_2
[2023-12-21T16:36:01.113+0000] {logging_mixin.py:120} INFO - [2023-12-21T16:36:01.112+0000] {dag.py:2585} INFO - Sync 6 DAGs
[2023-12-21T16:36:01.138+0000] {logging_mixin.py:120} INFO - [2023-12-21T16:36:01.138+0000] {dag.py:2606} INFO - Creating ORM DAG for dataset_consumes_1
[2023-12-21T16:36:01.138+0000] {logging_mixin.py:120} INFO - [2023-12-21T16:36:01.138+0000] {dag.py:2606} INFO - Creating ORM DAG for dataset_produces_1
[2023-12-21T16:36:01.139+0000] {logging_mixin.py:120} INFO - [2023-12-21T16:36:01.139+0000] {dag.py:2606} INFO - Creating ORM DAG for dataset_consumes_1_never_scheduled
[2023-12-21T16:36:01.139+0000] {logging_mixin.py:120} INFO - [2023-12-21T16:36:01.139+0000] {dag.py:2606} INFO - Creating ORM DAG for dataset_produces_2
[2023-12-21T16:36:01.140+0000] {logging_mixin.py:120} INFO - [2023-12-21T16:36:01.140+0000] {dag.py:2606} INFO - Creating ORM DAG for dataset_consumes_1_and_2
[2023-12-21T16:36:01.141+0000] {logging_mixin.py:120} INFO - [2023-12-21T16:36:01.140+0000] {dag.py:2606} INFO - Creating ORM DAG for dataset_consumes_unknown_never_scheduled
[2023-12-21T16:36:01.156+0000] {logging_mixin.py:120} INFO - [2023-12-21T16:36:01.156+0000] {dag.py:3340} INFO - Setting next_dagrun for dataset_consumes_1 to None, run_after=None
[2023-12-21T16:36:01.157+0000] {logging_mixin.py:120} INFO - [2023-12-21T16:36:01.156+0000] {dag.py:3340} INFO - Setting next_dagrun for dataset_consumes_1_and_2 to None, run_after=None
[2023-12-21T16:36:01.157+0000] {logging_mixin.py:120} INFO - [2023-12-21T16:36:01.157+0000] {dag.py:3340} INFO - Setting next_dagrun for dataset_consumes_1_never_scheduled to None, run_after=None
[2023-12-21T16:36:01.158+0000] {logging_mixin.py:120} INFO - [2023-12-21T16:36:01.158+0000] {dag.py:3340} INFO - Setting next_dagrun for dataset_consumes_unknown_never_scheduled to None, run_after=None
[2023-12-21T16:36:01.160+0000] {logging_mixin.py:120} INFO - [2023-12-21T16:36:01.160+0000] {dag.py:3340} INFO - Setting next_dagrun for dataset_produces_1 to 2023-12-20T00:00:00+00:00, run_after=2023-12-21T00:00:00+00:00
[2023-12-21T16:36:01.161+0000] {logging_mixin.py:120} INFO - [2023-12-21T16:36:01.161+0000] {dag.py:3340} INFO - Setting next_dagrun for dataset_produces_2 to None, run_after=None
[2023-12-21T16:36:01.238+0000] {processor.py:176} INFO - Processing /home/airflow/.local/lib/python3.7/site-packages/airflow/example_dags/example_datasets.py took 0.910 seconds
[2023-12-21T16:36:31.866+0000] {processor.py:154} INFO - Started process (PID=121) to work on /home/airflow/.local/lib/python3.7/site-packages/airflow/example_dags/example_datasets.py
[2023-12-21T16:36:31.866+0000] {processor.py:756} INFO - Processing file /home/airflow/.local/lib/python3.7/site-packages/airflow/example_dags/example_datasets.py for tasks to queue
[2023-12-21T16:36:31.867+0000] {logging_mixin.py:120} INFO - [2023-12-21T16:36:31.867+0000] {dagbag.py:537} INFO - Filling up the DagBag from /home/airflow/.local/lib/python3.7/site-packages/airflow/example_dags/example_datasets.py
[2023-12-21T16:36:31.881+0000] {processor.py:766} INFO - DAG(s) dict_keys(['dataset_consumes_unknown_never_scheduled', 'dataset_produces_1', 'dataset_produces_2', 'dataset_consumes_1_never_scheduled', 'dataset_consumes_1_and_2', 'dataset_consumes_1']) retrieved from /home/airflow/.local/lib/python3.7/site-packages/airflow/example_dags/example_datasets.py
[2023-12-21T16:36:31.928+0000] {logging_mixin.py:120} INFO - [2023-12-21T16:36:31.928+0000] {dag.py:2585} INFO - Sync 6 DAGs
[2023-12-21T16:36:31.952+0000] {logging_mixin.py:120} INFO - [2023-12-21T16:36:31.952+0000] {dag.py:3340} INFO - Setting next_dagrun for dataset_consumes_1 to None, run_after=None
[2023-12-21T16:36:31.954+0000] {logging_mixin.py:120} INFO - [2023-12-21T16:36:31.954+0000] {dag.py:3340} INFO - Setting next_dagrun for dataset_consumes_1_and_2 to None, run_after=None
[2023-12-21T16:36:31.955+0000] {logging_mixin.py:120} INFO - [2023-12-21T16:36:31.955+0000] {dag.py:3340} INFO - Setting next_dagrun for dataset_consumes_1_never_scheduled to None, run_after=None
[2023-12-21T16:36:31.956+0000] {logging_mixin.py:120} INFO - [2023-12-21T16:36:31.956+0000] {dag.py:3340} INFO - Setting next_dagrun for dataset_consumes_unknown_never_scheduled to None, run_after=None
[2023-12-21T16:36:31.958+0000] {logging_mixin.py:120} INFO - [2023-12-21T16:36:31.958+0000] {dag.py:3340} INFO - Setting next_dagrun for dataset_produces_1 to 2023-12-20T00:00:00+00:00, run_after=2023-12-21T00:00:00+00:00
[2023-12-21T16:36:31.959+0000] {logging_mixin.py:120} INFO - [2023-12-21T16:36:31.959+0000] {dag.py:3340} INFO - Setting next_dagrun for dataset_produces_2 to None, run_after=None
[2023-12-21T16:36:31.988+0000] {processor.py:176} INFO - Processing /home/airflow/.local/lib/python3.7/site-packages/airflow/example_dags/example_datasets.py took 0.125 seconds
[2023-12-21T16:37:02.601+0000] {processor.py:154} INFO - Started process (PID=176) to work on /home/airflow/.local/lib/python3.7/site-packages/airflow/example_dags/example_datasets.py
[2023-12-21T16:37:02.602+0000] {processor.py:756} INFO - Processing file /home/airflow/.local/lib/python3.7/site-packages/airflow/example_dags/example_datasets.py for tasks to queue
[2023-12-21T16:37:02.603+0000] {logging_mixin.py:120} INFO - [2023-12-21T16:37:02.603+0000] {dagbag.py:537} INFO - Filling up the DagBag from /home/airflow/.local/lib/python3.7/site-packages/airflow/example_dags/example_datasets.py
[2023-12-21T16:37:02.623+0000] {processor.py:766} INFO - DAG(s) dict_keys(['dataset_produces_1', 'dataset_consumes_1', 'dataset_consumes_1_never_scheduled', 'dataset_consumes_unknown_never_scheduled', 'dataset_produces_2', 'dataset_consumes_1_and_2']) retrieved from /home/airflow/.local/lib/python3.7/site-packages/airflow/example_dags/example_datasets.py
[2023-12-21T16:37:02.674+0000] {logging_mixin.py:120} INFO - [2023-12-21T16:37:02.674+0000] {dag.py:2585} INFO - Sync 6 DAGs
[2023-12-21T16:37:02.695+0000] {logging_mixin.py:120} INFO - [2023-12-21T16:37:02.695+0000] {dag.py:3340} INFO - Setting next_dagrun for dataset_consumes_1 to None, run_after=None
[2023-12-21T16:37:02.697+0000] {logging_mixin.py:120} INFO - [2023-12-21T16:37:02.697+0000] {dag.py:3340} INFO - Setting next_dagrun for dataset_consumes_1_and_2 to None, run_after=None
[2023-12-21T16:37:02.698+0000] {logging_mixin.py:120} INFO - [2023-12-21T16:37:02.698+0000] {dag.py:3340} INFO - Setting next_dagrun for dataset_consumes_1_never_scheduled to None, run_after=None
[2023-12-21T16:37:02.699+0000] {logging_mixin.py:120} INFO - [2023-12-21T16:37:02.699+0000] {dag.py:3340} INFO - Setting next_dagrun for dataset_consumes_unknown_never_scheduled to None, run_after=None
[2023-12-21T16:37:02.701+0000] {logging_mixin.py:120} INFO - [2023-12-21T16:37:02.701+0000] {dag.py:3340} INFO - Setting next_dagrun for dataset_produces_1 to 2023-12-20T00:00:00+00:00, run_after=2023-12-21T00:00:00+00:00
[2023-12-21T16:37:02.702+0000] {logging_mixin.py:120} INFO - [2023-12-21T16:37:02.702+0000] {dag.py:3340} INFO - Setting next_dagrun for dataset_produces_2 to None, run_after=None
[2023-12-21T16:37:02.731+0000] {processor.py:176} INFO - Processing /home/airflow/.local/lib/python3.7/site-packages/airflow/example_dags/example_datasets.py took 0.134 seconds
[2023-12-21T16:37:33.317+0000] {processor.py:154} INFO - Started process (PID=239) to work on /home/airflow/.local/lib/python3.7/site-packages/airflow/example_dags/example_datasets.py
[2023-12-21T16:37:33.318+0000] {processor.py:756} INFO - Processing file /home/airflow/.local/lib/python3.7/site-packages/airflow/example_dags/example_datasets.py for tasks to queue
[2023-12-21T16:37:33.318+0000] {logging_mixin.py:120} INFO - [2023-12-21T16:37:33.318+0000] {dagbag.py:537} INFO - Filling up the DagBag from /home/airflow/.local/lib/python3.7/site-packages/airflow/example_dags/example_datasets.py
[2023-12-21T16:37:33.333+0000] {processor.py:766} INFO - DAG(s) dict_keys(['dataset_produces_1', 'dataset_produces_2', 'dataset_consumes_unknown_never_scheduled', 'dataset_consumes_1', 'dataset_consumes_1_never_scheduled', 'dataset_consumes_1_and_2']) retrieved from /home/airflow/.local/lib/python3.7/site-packages/airflow/example_dags/example_datasets.py
[2023-12-21T16:37:33.388+0000] {logging_mixin.py:120} INFO - [2023-12-21T16:37:33.388+0000] {dag.py:2585} INFO - Sync 6 DAGs
[2023-12-21T16:37:33.419+0000] {logging_mixin.py:120} INFO - [2023-12-21T16:37:33.418+0000] {dag.py:3340} INFO - Setting next_dagrun for dataset_consumes_1 to None, run_after=None
[2023-12-21T16:37:33.422+0000] {logging_mixin.py:120} INFO - [2023-12-21T16:37:33.422+0000] {dag.py:3340} INFO - Setting next_dagrun for dataset_consumes_1_and_2 to None, run_after=None
[2023-12-21T16:37:33.423+0000] {logging_mixin.py:120} INFO - [2023-12-21T16:37:33.423+0000] {dag.py:3340} INFO - Setting next_dagrun for dataset_consumes_1_never_scheduled to None, run_after=None
[2023-12-21T16:37:33.425+0000] {logging_mixin.py:120} INFO - [2023-12-21T16:37:33.425+0000] {dag.py:3340} INFO - Setting next_dagrun for dataset_consumes_unknown_never_scheduled to None, run_after=None
[2023-12-21T16:37:33.428+0000] {logging_mixin.py:120} INFO - [2023-12-21T16:37:33.428+0000] {dag.py:3340} INFO - Setting next_dagrun for dataset_produces_1 to 2023-12-20T00:00:00+00:00, run_after=2023-12-21T00:00:00+00:00
[2023-12-21T16:37:33.429+0000] {logging_mixin.py:120} INFO - [2023-12-21T16:37:33.429+0000] {dag.py:3340} INFO - Setting next_dagrun for dataset_produces_2 to None, run_after=None
[2023-12-21T16:37:33.465+0000] {processor.py:176} INFO - Processing /home/airflow/.local/lib/python3.7/site-packages/airflow/example_dags/example_datasets.py took 0.150 seconds
[2023-12-21T16:38:04.072+0000] {processor.py:154} INFO - Started process (PID=303) to work on /home/airflow/.local/lib/python3.7/site-packages/airflow/example_dags/example_datasets.py
[2023-12-21T16:38:04.073+0000] {processor.py:756} INFO - Processing file /home/airflow/.local/lib/python3.7/site-packages/airflow/example_dags/example_datasets.py for tasks to queue
[2023-12-21T16:38:04.073+0000] {logging_mixin.py:120} INFO - [2023-12-21T16:38:04.073+0000] {dagbag.py:537} INFO - Filling up the DagBag from /home/airflow/.local/lib/python3.7/site-packages/airflow/example_dags/example_datasets.py
[2023-12-21T16:38:04.087+0000] {processor.py:766} INFO - DAG(s) dict_keys(['dataset_consumes_1', 'dataset_consumes_1_and_2', 'dataset_produces_2', 'dataset_produces_1', 'dataset_consumes_unknown_never_scheduled', 'dataset_consumes_1_never_scheduled']) retrieved from /home/airflow/.local/lib/python3.7/site-packages/airflow/example_dags/example_datasets.py
[2023-12-21T16:38:04.133+0000] {logging_mixin.py:120} INFO - [2023-12-21T16:38:04.132+0000] {dag.py:2585} INFO - Sync 6 DAGs
[2023-12-21T16:38:04.154+0000] {logging_mixin.py:120} INFO - [2023-12-21T16:38:04.154+0000] {dag.py:3340} INFO - Setting next_dagrun for dataset_consumes_1 to None, run_after=None
[2023-12-21T16:38:04.157+0000] {logging_mixin.py:120} INFO - [2023-12-21T16:38:04.156+0000] {dag.py:3340} INFO - Setting next_dagrun for dataset_consumes_1_and_2 to None, run_after=None
[2023-12-21T16:38:04.157+0000] {logging_mixin.py:120} INFO - [2023-12-21T16:38:04.157+0000] {dag.py:3340} INFO - Setting next_dagrun for dataset_consumes_1_never_scheduled to None, run_after=None
[2023-12-21T16:38:04.158+0000] {logging_mixin.py:120} INFO - [2023-12-21T16:38:04.158+0000] {dag.py:3340} INFO - Setting next_dagrun for dataset_consumes_unknown_never_scheduled to None, run_after=None
[2023-12-21T16:38:04.160+0000] {logging_mixin.py:120} INFO - [2023-12-21T16:38:04.160+0000] {dag.py:3340} INFO - Setting next_dagrun for dataset_produces_1 to 2023-12-20T00:00:00+00:00, run_after=2023-12-21T00:00:00+00:00
[2023-12-21T16:38:04.161+0000] {logging_mixin.py:120} INFO - [2023-12-21T16:38:04.161+0000] {dag.py:3340} INFO - Setting next_dagrun for dataset_produces_2 to None, run_after=None
[2023-12-21T16:38:04.191+0000] {processor.py:176} INFO - Processing /home/airflow/.local/lib/python3.7/site-packages/airflow/example_dags/example_datasets.py took 0.121 seconds
[2023-12-21T16:38:34.356+0000] {processor.py:154} INFO - Started process (PID=367) to work on /home/airflow/.local/lib/python3.7/site-packages/airflow/example_dags/example_datasets.py
[2023-12-21T16:38:34.357+0000] {processor.py:756} INFO - Processing file /home/airflow/.local/lib/python3.7/site-packages/airflow/example_dags/example_datasets.py for tasks to queue
[2023-12-21T16:38:34.358+0000] {logging_mixin.py:120} INFO - [2023-12-21T16:38:34.358+0000] {dagbag.py:537} INFO - Filling up the DagBag from /home/airflow/.local/lib/python3.7/site-packages/airflow/example_dags/example_datasets.py
[2023-12-21T16:38:34.376+0000] {processor.py:766} INFO - DAG(s) dict_keys(['dataset_consumes_1_and_2', 'dataset_consumes_1_never_scheduled', 'dataset_produces_2', 'dataset_consumes_1', 'dataset_consumes_unknown_never_scheduled', 'dataset_produces_1']) retrieved from /home/airflow/.local/lib/python3.7/site-packages/airflow/example_dags/example_datasets.py
[2023-12-21T16:38:34.438+0000] {logging_mixin.py:120} INFO - [2023-12-21T16:38:34.437+0000] {dag.py:2585} INFO - Sync 6 DAGs
[2023-12-21T16:38:34.482+0000] {logging_mixin.py:120} INFO - [2023-12-21T16:38:34.482+0000] {dag.py:3340} INFO - Setting next_dagrun for dataset_consumes_1 to None, run_after=None
[2023-12-21T16:38:34.487+0000] {logging_mixin.py:120} INFO - [2023-12-21T16:38:34.487+0000] {dag.py:3340} INFO - Setting next_dagrun for dataset_consumes_1_and_2 to None, run_after=None
[2023-12-21T16:38:34.489+0000] {logging_mixin.py:120} INFO - [2023-12-21T16:38:34.489+0000] {dag.py:3340} INFO - Setting next_dagrun for dataset_consumes_1_never_scheduled to None, run_after=None
[2023-12-21T16:38:34.491+0000] {logging_mixin.py:120} INFO - [2023-12-21T16:38:34.490+0000] {dag.py:3340} INFO - Setting next_dagrun for dataset_consumes_unknown_never_scheduled to None, run_after=None
[2023-12-21T16:38:34.494+0000] {logging_mixin.py:120} INFO - [2023-12-21T16:38:34.493+0000] {dag.py:3340} INFO - Setting next_dagrun for dataset_produces_1 to 2023-12-20T00:00:00+00:00, run_after=2023-12-21T00:00:00+00:00
[2023-12-21T16:38:34.495+0000] {logging_mixin.py:120} INFO - [2023-12-21T16:38:34.495+0000] {dag.py:3340} INFO - Setting next_dagrun for dataset_produces_2 to None, run_after=None
[2023-12-21T16:38:34.531+0000] {processor.py:176} INFO - Processing /home/airflow/.local/lib/python3.7/site-packages/airflow/example_dags/example_datasets.py took 0.178 seconds
[2023-12-21T16:39:05.437+0000] {processor.py:154} INFO - Started process (PID=421) to work on /home/airflow/.local/lib/python3.7/site-packages/airflow/example_dags/example_datasets.py
[2023-12-21T16:39:05.438+0000] {processor.py:756} INFO - Processing file /home/airflow/.local/lib/python3.7/site-packages/airflow/example_dags/example_datasets.py for tasks to queue
[2023-12-21T16:39:05.438+0000] {logging_mixin.py:120} INFO - [2023-12-21T16:39:05.438+0000] {dagbag.py:537} INFO - Filling up the DagBag from /home/airflow/.local/lib/python3.7/site-packages/airflow/example_dags/example_datasets.py
[2023-12-21T16:39:05.453+0000] {processor.py:766} INFO - DAG(s) dict_keys(['dataset_produces_1', 'dataset_consumes_1_and_2', 'dataset_consumes_1_never_scheduled', 'dataset_consumes_1', 'dataset_produces_2', 'dataset_consumes_unknown_never_scheduled']) retrieved from /home/airflow/.local/lib/python3.7/site-packages/airflow/example_dags/example_datasets.py
[2023-12-21T16:39:05.510+0000] {logging_mixin.py:120} INFO - [2023-12-21T16:39:05.510+0000] {dag.py:2585} INFO - Sync 6 DAGs
[2023-12-21T16:39:05.547+0000] {logging_mixin.py:120} INFO - [2023-12-21T16:39:05.546+0000] {dag.py:3340} INFO - Setting next_dagrun for dataset_consumes_1 to None, run_after=None
[2023-12-21T16:39:05.550+0000] {logging_mixin.py:120} INFO - [2023-12-21T16:39:05.550+0000] {dag.py:3340} INFO - Setting next_dagrun for dataset_consumes_1_and_2 to None, run_after=None
[2023-12-21T16:39:05.551+0000] {logging_mixin.py:120} INFO - [2023-12-21T16:39:05.551+0000] {dag.py:3340} INFO - Setting next_dagrun for dataset_consumes_1_never_scheduled to None, run_after=None
[2023-12-21T16:39:05.552+0000] {logging_mixin.py:120} INFO - [2023-12-21T16:39:05.552+0000] {dag.py:3340} INFO - Setting next_dagrun for dataset_consumes_unknown_never_scheduled to None, run_after=None
[2023-12-21T16:39:05.554+0000] {logging_mixin.py:120} INFO - [2023-12-21T16:39:05.554+0000] {dag.py:3340} INFO - Setting next_dagrun for dataset_produces_1 to 2023-12-20T00:00:00+00:00, run_after=2023-12-21T00:00:00+00:00
[2023-12-21T16:39:05.555+0000] {logging_mixin.py:120} INFO - [2023-12-21T16:39:05.555+0000] {dag.py:3340} INFO - Setting next_dagrun for dataset_produces_2 to None, run_after=None
[2023-12-21T16:39:05.586+0000] {processor.py:176} INFO - Processing /home/airflow/.local/lib/python3.7/site-packages/airflow/example_dags/example_datasets.py took 0.151 seconds
[2023-12-21T16:39:36.231+0000] {processor.py:154} INFO - Started process (PID=484) to work on /home/airflow/.local/lib/python3.7/site-packages/airflow/example_dags/example_datasets.py
[2023-12-21T16:39:36.231+0000] {processor.py:756} INFO - Processing file /home/airflow/.local/lib/python3.7/site-packages/airflow/example_dags/example_datasets.py for tasks to queue
[2023-12-21T16:39:36.232+0000] {logging_mixin.py:120} INFO - [2023-12-21T16:39:36.232+0000] {dagbag.py:537} INFO - Filling up the DagBag from /home/airflow/.local/lib/python3.7/site-packages/airflow/example_dags/example_datasets.py
[2023-12-21T16:39:36.246+0000] {processor.py:766} INFO - DAG(s) dict_keys(['dataset_consumes_1', 'dataset_consumes_unknown_never_scheduled', 'dataset_produces_1', 'dataset_consumes_1_and_2', 'dataset_produces_2', 'dataset_consumes_1_never_scheduled']) retrieved from /home/airflow/.local/lib/python3.7/site-packages/airflow/example_dags/example_datasets.py
[2023-12-21T16:39:36.294+0000] {logging_mixin.py:120} INFO - [2023-12-21T16:39:36.294+0000] {dag.py:2585} INFO - Sync 6 DAGs
[2023-12-21T16:39:36.321+0000] {logging_mixin.py:120} INFO - [2023-12-21T16:39:36.321+0000] {dag.py:3340} INFO - Setting next_dagrun for dataset_consumes_1 to None, run_after=None
[2023-12-21T16:39:36.325+0000] {logging_mixin.py:120} INFO - [2023-12-21T16:39:36.324+0000] {dag.py:3340} INFO - Setting next_dagrun for dataset_consumes_1_and_2 to None, run_after=None
[2023-12-21T16:39:36.326+0000] {logging_mixin.py:120} INFO - [2023-12-21T16:39:36.326+0000] {dag.py:3340} INFO - Setting next_dagrun for dataset_consumes_1_never_scheduled to None, run_after=None
[2023-12-21T16:39:36.327+0000] {logging_mixin.py:120} INFO - [2023-12-21T16:39:36.326+0000] {dag.py:3340} INFO - Setting next_dagrun for dataset_consumes_unknown_never_scheduled to None, run_after=None
[2023-12-21T16:39:36.329+0000] {logging_mixin.py:120} INFO - [2023-12-21T16:39:36.329+0000] {dag.py:3340} INFO - Setting next_dagrun for dataset_produces_1 to 2023-12-20T00:00:00+00:00, run_after=2023-12-21T00:00:00+00:00
[2023-12-21T16:39:36.330+0000] {logging_mixin.py:120} INFO - [2023-12-21T16:39:36.330+0000] {dag.py:3340} INFO - Setting next_dagrun for dataset_produces_2 to None, run_after=None
[2023-12-21T16:39:36.357+0000] {processor.py:176} INFO - Processing /home/airflow/.local/lib/python3.7/site-packages/airflow/example_dags/example_datasets.py took 0.129 seconds
[2023-12-21T16:40:06.741+0000] {processor.py:154} INFO - Started process (PID=547) to work on /home/airflow/.local/lib/python3.7/site-packages/airflow/example_dags/example_datasets.py
[2023-12-21T16:40:06.741+0000] {processor.py:756} INFO - Processing file /home/airflow/.local/lib/python3.7/site-packages/airflow/example_dags/example_datasets.py for tasks to queue
[2023-12-21T16:40:06.742+0000] {logging_mixin.py:120} INFO - [2023-12-21T16:40:06.742+0000] {dagbag.py:537} INFO - Filling up the DagBag from /home/airflow/.local/lib/python3.7/site-packages/airflow/example_dags/example_datasets.py
[2023-12-21T16:40:06.756+0000] {processor.py:766} INFO - DAG(s) dict_keys(['dataset_consumes_unknown_never_scheduled', 'dataset_consumes_1_never_scheduled', 'dataset_consumes_1', 'dataset_produces_1', 'dataset_produces_2', 'dataset_consumes_1_and_2']) retrieved from /home/airflow/.local/lib/python3.7/site-packages/airflow/example_dags/example_datasets.py
[2023-12-21T16:40:06.804+0000] {logging_mixin.py:120} INFO - [2023-12-21T16:40:06.804+0000] {dag.py:2585} INFO - Sync 6 DAGs
[2023-12-21T16:40:06.826+0000] {logging_mixin.py:120} INFO - [2023-12-21T16:40:06.826+0000] {dag.py:3340} INFO - Setting next_dagrun for dataset_consumes_1 to None, run_after=None
[2023-12-21T16:40:06.829+0000] {logging_mixin.py:120} INFO - [2023-12-21T16:40:06.829+0000] {dag.py:3340} INFO - Setting next_dagrun for dataset_consumes_1_and_2 to None, run_after=None
[2023-12-21T16:40:06.830+0000] {logging_mixin.py:120} INFO - [2023-12-21T16:40:06.830+0000] {dag.py:3340} INFO - Setting next_dagrun for dataset_consumes_1_never_scheduled to None, run_after=None
[2023-12-21T16:40:06.831+0000] {logging_mixin.py:120} INFO - [2023-12-21T16:40:06.831+0000] {dag.py:3340} INFO - Setting next_dagrun for dataset_consumes_unknown_never_scheduled to None, run_after=None
[2023-12-21T16:40:06.833+0000] {logging_mixin.py:120} INFO - [2023-12-21T16:40:06.833+0000] {dag.py:3340} INFO - Setting next_dagrun for dataset_produces_1 to 2023-12-20T00:00:00+00:00, run_after=2023-12-21T00:00:00+00:00
[2023-12-21T16:40:06.834+0000] {logging_mixin.py:120} INFO - [2023-12-21T16:40:06.834+0000] {dag.py:3340} INFO - Setting next_dagrun for dataset_produces_2 to None, run_after=None
[2023-12-21T16:40:06.862+0000] {processor.py:176} INFO - Processing /home/airflow/.local/lib/python3.7/site-packages/airflow/example_dags/example_datasets.py took 0.124 seconds
[2023-12-21T16:40:37.520+0000] {processor.py:154} INFO - Started process (PID=610) to work on /home/airflow/.local/lib/python3.7/site-packages/airflow/example_dags/example_datasets.py
[2023-12-21T16:40:37.521+0000] {processor.py:756} INFO - Processing file /home/airflow/.local/lib/python3.7/site-packages/airflow/example_dags/example_datasets.py for tasks to queue
[2023-12-21T16:40:37.521+0000] {logging_mixin.py:120} INFO - [2023-12-21T16:40:37.521+0000] {dagbag.py:537} INFO - Filling up the DagBag from /home/airflow/.local/lib/python3.7/site-packages/airflow/example_dags/example_datasets.py
[2023-12-21T16:40:37.541+0000] {processor.py:766} INFO - DAG(s) dict_keys(['dataset_consumes_1_never_scheduled', 'dataset_produces_2', 'dataset_consumes_1', 'dataset_consumes_1_and_2', 'dataset_consumes_unknown_never_scheduled', 'dataset_produces_1']) retrieved from /home/airflow/.local/lib/python3.7/site-packages/airflow/example_dags/example_datasets.py
[2023-12-21T16:40:37.595+0000] {logging_mixin.py:120} INFO - [2023-12-21T16:40:37.595+0000] {dag.py:2585} INFO - Sync 6 DAGs
[2023-12-21T16:40:37.618+0000] {logging_mixin.py:120} INFO - [2023-12-21T16:40:37.618+0000] {dag.py:3340} INFO - Setting next_dagrun for dataset_consumes_1 to None, run_after=None
[2023-12-21T16:40:37.622+0000] {logging_mixin.py:120} INFO - [2023-12-21T16:40:37.622+0000] {dag.py:3340} INFO - Setting next_dagrun for dataset_consumes_1_and_2 to None, run_after=None
[2023-12-21T16:40:37.623+0000] {logging_mixin.py:120} INFO - [2023-12-21T16:40:37.623+0000] {dag.py:3340} INFO - Setting next_dagrun for dataset_consumes_1_never_scheduled to None, run_after=None
[2023-12-21T16:40:37.624+0000] {logging_mixin.py:120} INFO - [2023-12-21T16:40:37.624+0000] {dag.py:3340} INFO - Setting next_dagrun for dataset_consumes_unknown_never_scheduled to None, run_after=None
[2023-12-21T16:40:37.626+0000] {logging_mixin.py:120} INFO - [2023-12-21T16:40:37.626+0000] {dag.py:3340} INFO - Setting next_dagrun for dataset_produces_1 to 2023-12-20T00:00:00+00:00, run_after=2023-12-21T00:00:00+00:00
[2023-12-21T16:40:37.627+0000] {logging_mixin.py:120} INFO - [2023-12-21T16:40:37.627+0000] {dag.py:3340} INFO - Setting next_dagrun for dataset_produces_2 to None, run_after=None
[2023-12-21T16:40:37.655+0000] {processor.py:176} INFO - Processing /home/airflow/.local/lib/python3.7/site-packages/airflow/example_dags/example_datasets.py took 0.137 seconds
[2023-12-21T16:41:08.282+0000] {processor.py:154} INFO - Started process (PID=664) to work on /home/airflow/.local/lib/python3.7/site-packages/airflow/example_dags/example_datasets.py
[2023-12-21T16:41:08.283+0000] {processor.py:756} INFO - Processing file /home/airflow/.local/lib/python3.7/site-packages/airflow/example_dags/example_datasets.py for tasks to queue
[2023-12-21T16:41:08.283+0000] {logging_mixin.py:120} INFO - [2023-12-21T16:41:08.283+0000] {dagbag.py:537} INFO - Filling up the DagBag from /home/airflow/.local/lib/python3.7/site-packages/airflow/example_dags/example_datasets.py
[2023-12-21T16:41:08.297+0000] {processor.py:766} INFO - DAG(s) dict_keys(['dataset_produces_2', 'dataset_consumes_1', 'dataset_produces_1', 'dataset_consumes_unknown_never_scheduled', 'dataset_consumes_1_and_2', 'dataset_consumes_1_never_scheduled']) retrieved from /home/airflow/.local/lib/python3.7/site-packages/airflow/example_dags/example_datasets.py
[2023-12-21T16:41:08.342+0000] {logging_mixin.py:120} INFO - [2023-12-21T16:41:08.342+0000] {dag.py:2585} INFO - Sync 6 DAGs
[2023-12-21T16:41:08.363+0000] {logging_mixin.py:120} INFO - [2023-12-21T16:41:08.363+0000] {dag.py:3340} INFO - Setting next_dagrun for dataset_consumes_1 to None, run_after=None
[2023-12-21T16:41:08.365+0000] {logging_mixin.py:120} INFO - [2023-12-21T16:41:08.365+0000] {dag.py:3340} INFO - Setting next_dagrun for dataset_consumes_1_and_2 to None, run_after=None
[2023-12-21T16:41:08.366+0000] {logging_mixin.py:120} INFO - [2023-12-21T16:41:08.366+0000] {dag.py:3340} INFO - Setting next_dagrun for dataset_consumes_1_never_scheduled to None, run_after=None
[2023-12-21T16:41:08.367+0000] {logging_mixin.py:120} INFO - [2023-12-21T16:41:08.367+0000] {dag.py:3340} INFO - Setting next_dagrun for dataset_consumes_unknown_never_scheduled to None, run_after=None
[2023-12-21T16:41:08.369+0000] {logging_mixin.py:120} INFO - [2023-12-21T16:41:08.369+0000] {dag.py:3340} INFO - Setting next_dagrun for dataset_produces_1 to 2023-12-20T00:00:00+00:00, run_after=2023-12-21T00:00:00+00:00
[2023-12-21T16:41:08.370+0000] {logging_mixin.py:120} INFO - [2023-12-21T16:41:08.370+0000] {dag.py:3340} INFO - Setting next_dagrun for dataset_produces_2 to None, run_after=None
[2023-12-21T16:41:08.399+0000] {processor.py:176} INFO - Processing /home/airflow/.local/lib/python3.7/site-packages/airflow/example_dags/example_datasets.py took 0.119 seconds
[2023-12-21T16:41:38.896+0000] {processor.py:154} INFO - Started process (PID=727) to work on /home/airflow/.local/lib/python3.7/site-packages/airflow/example_dags/example_datasets.py
[2023-12-21T16:41:38.896+0000] {processor.py:756} INFO - Processing file /home/airflow/.local/lib/python3.7/site-packages/airflow/example_dags/example_datasets.py for tasks to queue
[2023-12-21T16:41:38.897+0000] {logging_mixin.py:120} INFO - [2023-12-21T16:41:38.897+0000] {dagbag.py:537} INFO - Filling up the DagBag from /home/airflow/.local/lib/python3.7/site-packages/airflow/example_dags/example_datasets.py
[2023-12-21T16:41:38.911+0000] {processor.py:766} INFO - DAG(s) dict_keys(['dataset_consumes_1_never_scheduled', 'dataset_consumes_1', 'dataset_consumes_unknown_never_scheduled', 'dataset_produces_2', 'dataset_produces_1', 'dataset_consumes_1_and_2']) retrieved from /home/airflow/.local/lib/python3.7/site-packages/airflow/example_dags/example_datasets.py
[2023-12-21T16:41:38.966+0000] {logging_mixin.py:120} INFO - [2023-12-21T16:41:38.966+0000] {dag.py:2585} INFO - Sync 6 DAGs
[2023-12-21T16:41:38.995+0000] {logging_mixin.py:120} INFO - [2023-12-21T16:41:38.995+0000] {dag.py:3340} INFO - Setting next_dagrun for dataset_consumes_1 to None, run_after=None
[2023-12-21T16:41:38.998+0000] {logging_mixin.py:120} INFO - [2023-12-21T16:41:38.998+0000] {dag.py:3340} INFO - Setting next_dagrun for dataset_consumes_1_and_2 to None, run_after=None
[2023-12-21T16:41:38.999+0000] {logging_mixin.py:120} INFO - [2023-12-21T16:41:38.999+0000] {dag.py:3340} INFO - Setting next_dagrun for dataset_consumes_1_never_scheduled to None, run_after=None
[2023-12-21T16:41:39.000+0000] {logging_mixin.py:120} INFO - [2023-12-21T16:41:39.000+0000] {dag.py:3340} INFO - Setting next_dagrun for dataset_consumes_unknown_never_scheduled to None, run_after=None
[2023-12-21T16:41:39.003+0000] {logging_mixin.py:120} INFO - [2023-12-21T16:41:39.003+0000] {dag.py:3340} INFO - Setting next_dagrun for dataset_produces_1 to 2023-12-20T00:00:00+00:00, run_after=2023-12-21T00:00:00+00:00
[2023-12-21T16:41:39.004+0000] {logging_mixin.py:120} INFO - [2023-12-21T16:41:39.004+0000] {dag.py:3340} INFO - Setting next_dagrun for dataset_produces_2 to None, run_after=None
[2023-12-21T16:41:39.032+0000] {processor.py:176} INFO - Processing /home/airflow/.local/lib/python3.7/site-packages/airflow/example_dags/example_datasets.py took 0.139 seconds
[2023-12-21T16:42:09.631+0000] {processor.py:154} INFO - Started process (PID=791) to work on /home/airflow/.local/lib/python3.7/site-packages/airflow/example_dags/example_datasets.py
[2023-12-21T16:42:09.632+0000] {processor.py:756} INFO - Processing file /home/airflow/.local/lib/python3.7/site-packages/airflow/example_dags/example_datasets.py for tasks to queue
[2023-12-21T16:42:09.633+0000] {logging_mixin.py:120} INFO - [2023-12-21T16:42:09.633+0000] {dagbag.py:537} INFO - Filling up the DagBag from /home/airflow/.local/lib/python3.7/site-packages/airflow/example_dags/example_datasets.py
[2023-12-21T16:42:09.651+0000] {processor.py:766} INFO - DAG(s) dict_keys(['dataset_produces_1', 'dataset_produces_2', 'dataset_consumes_unknown_never_scheduled', 'dataset_consumes_1_never_scheduled', 'dataset_consumes_1', 'dataset_consumes_1_and_2']) retrieved from /home/airflow/.local/lib/python3.7/site-packages/airflow/example_dags/example_datasets.py
[2023-12-21T16:42:09.704+0000] {logging_mixin.py:120} INFO - [2023-12-21T16:42:09.704+0000] {dag.py:2585} INFO - Sync 6 DAGs
[2023-12-21T16:42:09.733+0000] {logging_mixin.py:120} INFO - [2023-12-21T16:42:09.733+0000] {dag.py:3340} INFO - Setting next_dagrun for dataset_consumes_1 to None, run_after=None
[2023-12-21T16:42:09.737+0000] {logging_mixin.py:120} INFO - [2023-12-21T16:42:09.737+0000] {dag.py:3340} INFO - Setting next_dagrun for dataset_consumes_1_and_2 to None, run_after=None
[2023-12-21T16:42:09.738+0000] {logging_mixin.py:120} INFO - [2023-12-21T16:42:09.738+0000] {dag.py:3340} INFO - Setting next_dagrun for dataset_consumes_1_never_scheduled to None, run_after=None
[2023-12-21T16:42:09.738+0000] {logging_mixin.py:120} INFO - [2023-12-21T16:42:09.738+0000] {dag.py:3340} INFO - Setting next_dagrun for dataset_consumes_unknown_never_scheduled to None, run_after=None
[2023-12-21T16:42:09.741+0000] {logging_mixin.py:120} INFO - [2023-12-21T16:42:09.740+0000] {dag.py:3340} INFO - Setting next_dagrun for dataset_produces_1 to 2023-12-20T00:00:00+00:00, run_after=2023-12-21T00:00:00+00:00
[2023-12-21T16:42:09.741+0000] {logging_mixin.py:120} INFO - [2023-12-21T16:42:09.741+0000] {dag.py:3340} INFO - Setting next_dagrun for dataset_produces_2 to None, run_after=None
[2023-12-21T16:42:09.772+0000] {processor.py:176} INFO - Processing /home/airflow/.local/lib/python3.7/site-packages/airflow/example_dags/example_datasets.py took 0.143 seconds
[2023-12-21T16:42:40.508+0000] {processor.py:154} INFO - Started process (PID=854) to work on /home/airflow/.local/lib/python3.7/site-packages/airflow/example_dags/example_datasets.py
[2023-12-21T16:42:40.509+0000] {processor.py:756} INFO - Processing file /home/airflow/.local/lib/python3.7/site-packages/airflow/example_dags/example_datasets.py for tasks to queue
[2023-12-21T16:42:40.509+0000] {logging_mixin.py:120} INFO - [2023-12-21T16:42:40.509+0000] {dagbag.py:537} INFO - Filling up the DagBag from /home/airflow/.local/lib/python3.7/site-packages/airflow/example_dags/example_datasets.py
[2023-12-21T16:42:40.524+0000] {processor.py:766} INFO - DAG(s) dict_keys(['dataset_consumes_1', 'dataset_produces_2', 'dataset_produces_1', 'dataset_consumes_unknown_never_scheduled', 'dataset_consumes_1_and_2', 'dataset_consumes_1_never_scheduled']) retrieved from /home/airflow/.local/lib/python3.7/site-packages/airflow/example_dags/example_datasets.py
[2023-12-21T16:42:40.576+0000] {logging_mixin.py:120} INFO - [2023-12-21T16:42:40.576+0000] {dag.py:2585} INFO - Sync 6 DAGs
[2023-12-21T16:42:40.606+0000] {logging_mixin.py:120} INFO - [2023-12-21T16:42:40.606+0000] {dag.py:3340} INFO - Setting next_dagrun for dataset_consumes_1 to None, run_after=None
[2023-12-21T16:42:40.610+0000] {logging_mixin.py:120} INFO - [2023-12-21T16:42:40.610+0000] {dag.py:3340} INFO - Setting next_dagrun for dataset_consumes_1_and_2 to None, run_after=None
[2023-12-21T16:42:40.611+0000] {logging_mixin.py:120} INFO - [2023-12-21T16:42:40.611+0000] {dag.py:3340} INFO - Setting next_dagrun for dataset_consumes_1_never_scheduled to None, run_after=None
[2023-12-21T16:42:40.612+0000] {logging_mixin.py:120} INFO - [2023-12-21T16:42:40.612+0000] {dag.py:3340} INFO - Setting next_dagrun for dataset_consumes_unknown_never_scheduled to None, run_after=None
[2023-12-21T16:42:40.615+0000] {logging_mixin.py:120} INFO - [2023-12-21T16:42:40.615+0000] {dag.py:3340} INFO - Setting next_dagrun for dataset_produces_1 to 2023-12-20T00:00:00+00:00, run_after=2023-12-21T00:00:00+00:00
[2023-12-21T16:42:40.616+0000] {logging_mixin.py:120} INFO - [2023-12-21T16:42:40.616+0000] {dag.py:3340} INFO - Setting next_dagrun for dataset_produces_2 to None, run_after=None
[2023-12-21T16:42:40.647+0000] {processor.py:176} INFO - Processing /home/airflow/.local/lib/python3.7/site-packages/airflow/example_dags/example_datasets.py took 0.141 seconds
[2023-12-21T16:43:11.237+0000] {processor.py:154} INFO - Started process (PID=908) to work on /home/airflow/.local/lib/python3.7/site-packages/airflow/example_dags/example_datasets.py
[2023-12-21T16:43:11.238+0000] {processor.py:756} INFO - Processing file /home/airflow/.local/lib/python3.7/site-packages/airflow/example_dags/example_datasets.py for tasks to queue
[2023-12-21T16:43:11.238+0000] {logging_mixin.py:120} INFO - [2023-12-21T16:43:11.238+0000] {dagbag.py:537} INFO - Filling up the DagBag from /home/airflow/.local/lib/python3.7/site-packages/airflow/example_dags/example_datasets.py
[2023-12-21T16:43:11.253+0000] {processor.py:766} INFO - DAG(s) dict_keys(['dataset_consumes_unknown_never_scheduled', 'dataset_produces_2', 'dataset_consumes_1_and_2', 'dataset_produces_1', 'dataset_consumes_1_never_scheduled', 'dataset_consumes_1']) retrieved from /home/airflow/.local/lib/python3.7/site-packages/airflow/example_dags/example_datasets.py
[2023-12-21T16:43:11.308+0000] {logging_mixin.py:120} INFO - [2023-12-21T16:43:11.308+0000] {dag.py:2585} INFO - Sync 6 DAGs
[2023-12-21T16:43:11.335+0000] {logging_mixin.py:120} INFO - [2023-12-21T16:43:11.335+0000] {dag.py:3340} INFO - Setting next_dagrun for dataset_consumes_1 to None, run_after=None
[2023-12-21T16:43:11.338+0000] {logging_mixin.py:120} INFO - [2023-12-21T16:43:11.338+0000] {dag.py:3340} INFO - Setting next_dagrun for dataset_consumes_1_and_2 to None, run_after=None
[2023-12-21T16:43:11.339+0000] {logging_mixin.py:120} INFO - [2023-12-21T16:43:11.339+0000] {dag.py:3340} INFO - Setting next_dagrun for dataset_consumes_1_never_scheduled to None, run_after=None
[2023-12-21T16:43:11.340+0000] {logging_mixin.py:120} INFO - [2023-12-21T16:43:11.340+0000] {dag.py:3340} INFO - Setting next_dagrun for dataset_consumes_unknown_never_scheduled to None, run_after=None
[2023-12-21T16:43:11.342+0000] {logging_mixin.py:120} INFO - [2023-12-21T16:43:11.342+0000] {dag.py:3340} INFO - Setting next_dagrun for dataset_produces_1 to 2023-12-20T00:00:00+00:00, run_after=2023-12-21T00:00:00+00:00
[2023-12-21T16:43:11.343+0000] {logging_mixin.py:120} INFO - [2023-12-21T16:43:11.342+0000] {dag.py:3340} INFO - Setting next_dagrun for dataset_produces_2 to None, run_after=None
[2023-12-21T16:43:11.370+0000] {processor.py:176} INFO - Processing /home/airflow/.local/lib/python3.7/site-packages/airflow/example_dags/example_datasets.py took 0.135 seconds
[2023-12-21T16:43:41.716+0000] {processor.py:154} INFO - Started process (PID=971) to work on /home/airflow/.local/lib/python3.7/site-packages/airflow/example_dags/example_datasets.py
[2023-12-21T16:43:41.717+0000] {processor.py:756} INFO - Processing file /home/airflow/.local/lib/python3.7/site-packages/airflow/example_dags/example_datasets.py for tasks to queue
[2023-12-21T16:43:41.717+0000] {logging_mixin.py:120} INFO - [2023-12-21T16:43:41.717+0000] {dagbag.py:537} INFO - Filling up the DagBag from /home/airflow/.local/lib/python3.7/site-packages/airflow/example_dags/example_datasets.py
[2023-12-21T16:43:41.732+0000] {processor.py:766} INFO - DAG(s) dict_keys(['dataset_consumes_unknown_never_scheduled', 'dataset_produces_1', 'dataset_consumes_1', 'dataset_consumes_1_and_2', 'dataset_produces_2', 'dataset_consumes_1_never_scheduled']) retrieved from /home/airflow/.local/lib/python3.7/site-packages/airflow/example_dags/example_datasets.py
[2023-12-21T16:43:41.783+0000] {logging_mixin.py:120} INFO - [2023-12-21T16:43:41.783+0000] {dag.py:2585} INFO - Sync 6 DAGs
[2023-12-21T16:43:41.814+0000] {logging_mixin.py:120} INFO - [2023-12-21T16:43:41.813+0000] {dag.py:3340} INFO - Setting next_dagrun for dataset_consumes_1 to None, run_after=None
[2023-12-21T16:43:41.818+0000] {logging_mixin.py:120} INFO - [2023-12-21T16:43:41.818+0000] {dag.py:3340} INFO - Setting next_dagrun for dataset_consumes_1_and_2 to None, run_after=None
[2023-12-21T16:43:41.821+0000] {logging_mixin.py:120} INFO - [2023-12-21T16:43:41.821+0000] {dag.py:3340} INFO - Setting next_dagrun for dataset_consumes_1_never_scheduled to None, run_after=None
[2023-12-21T16:43:41.822+0000] {logging_mixin.py:120} INFO - [2023-12-21T16:43:41.822+0000] {dag.py:3340} INFO - Setting next_dagrun for dataset_consumes_unknown_never_scheduled to None, run_after=None
[2023-12-21T16:43:41.826+0000] {logging_mixin.py:120} INFO - [2023-12-21T16:43:41.826+0000] {dag.py:3340} INFO - Setting next_dagrun for dataset_produces_1 to 2023-12-20T00:00:00+00:00, run_after=2023-12-21T00:00:00+00:00
[2023-12-21T16:43:41.828+0000] {logging_mixin.py:120} INFO - [2023-12-21T16:43:41.827+0000] {dag.py:3340} INFO - Setting next_dagrun for dataset_produces_2 to None, run_after=None
[2023-12-21T16:43:41.871+0000] {processor.py:176} INFO - Processing /home/airflow/.local/lib/python3.7/site-packages/airflow/example_dags/example_datasets.py took 0.158 seconds
[2023-12-21T16:44:12.520+0000] {processor.py:154} INFO - Started process (PID=1034) to work on /home/airflow/.local/lib/python3.7/site-packages/airflow/example_dags/example_datasets.py
[2023-12-21T16:44:12.521+0000] {processor.py:756} INFO - Processing file /home/airflow/.local/lib/python3.7/site-packages/airflow/example_dags/example_datasets.py for tasks to queue
[2023-12-21T16:44:12.521+0000] {logging_mixin.py:120} INFO - [2023-12-21T16:44:12.521+0000] {dagbag.py:537} INFO - Filling up the DagBag from /home/airflow/.local/lib/python3.7/site-packages/airflow/example_dags/example_datasets.py
[2023-12-21T16:44:12.535+0000] {processor.py:766} INFO - DAG(s) dict_keys(['dataset_consumes_1_never_scheduled', 'dataset_consumes_unknown_never_scheduled', 'dataset_produces_1', 'dataset_consumes_1_and_2', 'dataset_consumes_1', 'dataset_produces_2']) retrieved from /home/airflow/.local/lib/python3.7/site-packages/airflow/example_dags/example_datasets.py
[2023-12-21T16:44:12.584+0000] {logging_mixin.py:120} INFO - [2023-12-21T16:44:12.584+0000] {dag.py:2585} INFO - Sync 6 DAGs
[2023-12-21T16:44:12.613+0000] {logging_mixin.py:120} INFO - [2023-12-21T16:44:12.613+0000] {dag.py:3340} INFO - Setting next_dagrun for dataset_consumes_1 to None, run_after=None
[2023-12-21T16:44:12.616+0000] {logging_mixin.py:120} INFO - [2023-12-21T16:44:12.616+0000] {dag.py:3340} INFO - Setting next_dagrun for dataset_consumes_1_and_2 to None, run_after=None
[2023-12-21T16:44:12.617+0000] {logging_mixin.py:120} INFO - [2023-12-21T16:44:12.617+0000] {dag.py:3340} INFO - Setting next_dagrun for dataset_consumes_1_never_scheduled to None, run_after=None
[2023-12-21T16:44:12.618+0000] {logging_mixin.py:120} INFO - [2023-12-21T16:44:12.618+0000] {dag.py:3340} INFO - Setting next_dagrun for dataset_consumes_unknown_never_scheduled to None, run_after=None
[2023-12-21T16:44:12.622+0000] {logging_mixin.py:120} INFO - [2023-12-21T16:44:12.621+0000] {dag.py:3340} INFO - Setting next_dagrun for dataset_produces_1 to 2023-12-20T00:00:00+00:00, run_after=2023-12-21T00:00:00+00:00
[2023-12-21T16:44:12.623+0000] {logging_mixin.py:120} INFO - [2023-12-21T16:44:12.623+0000] {dag.py:3340} INFO - Setting next_dagrun for dataset_produces_2 to None, run_after=None
[2023-12-21T16:44:12.652+0000] {processor.py:176} INFO - Processing /home/airflow/.local/lib/python3.7/site-packages/airflow/example_dags/example_datasets.py took 0.134 seconds
[2023-12-21T16:44:43.365+0000] {processor.py:154} INFO - Started process (PID=1098) to work on /home/airflow/.local/lib/python3.7/site-packages/airflow/example_dags/example_datasets.py
[2023-12-21T16:44:43.366+0000] {processor.py:756} INFO - Processing file /home/airflow/.local/lib/python3.7/site-packages/airflow/example_dags/example_datasets.py for tasks to queue
[2023-12-21T16:44:43.366+0000] {logging_mixin.py:120} INFO - [2023-12-21T16:44:43.366+0000] {dagbag.py:537} INFO - Filling up the DagBag from /home/airflow/.local/lib/python3.7/site-packages/airflow/example_dags/example_datasets.py
[2023-12-21T16:44:43.381+0000] {processor.py:766} INFO - DAG(s) dict_keys(['dataset_consumes_unknown_never_scheduled', 'dataset_consumes_1', 'dataset_consumes_1_never_scheduled', 'dataset_consumes_1_and_2', 'dataset_produces_1', 'dataset_produces_2']) retrieved from /home/airflow/.local/lib/python3.7/site-packages/airflow/example_dags/example_datasets.py
[2023-12-21T16:44:43.439+0000] {logging_mixin.py:120} INFO - [2023-12-21T16:44:43.439+0000] {dag.py:2585} INFO - Sync 6 DAGs
[2023-12-21T16:44:43.469+0000] {logging_mixin.py:120} INFO - [2023-12-21T16:44:43.469+0000] {dag.py:3340} INFO - Setting next_dagrun for dataset_consumes_1 to None, run_after=None
[2023-12-21T16:44:43.473+0000] {logging_mixin.py:120} INFO - [2023-12-21T16:44:43.473+0000] {dag.py:3340} INFO - Setting next_dagrun for dataset_consumes_1_and_2 to None, run_after=None
[2023-12-21T16:44:43.474+0000] {logging_mixin.py:120} INFO - [2023-12-21T16:44:43.474+0000] {dag.py:3340} INFO - Setting next_dagrun for dataset_consumes_1_never_scheduled to None, run_after=None
[2023-12-21T16:44:43.475+0000] {logging_mixin.py:120} INFO - [2023-12-21T16:44:43.475+0000] {dag.py:3340} INFO - Setting next_dagrun for dataset_consumes_unknown_never_scheduled to None, run_after=None
[2023-12-21T16:44:43.478+0000] {logging_mixin.py:120} INFO - [2023-12-21T16:44:43.477+0000] {dag.py:3340} INFO - Setting next_dagrun for dataset_produces_1 to 2023-12-20T00:00:00+00:00, run_after=2023-12-21T00:00:00+00:00
[2023-12-21T16:44:43.478+0000] {logging_mixin.py:120} INFO - [2023-12-21T16:44:43.478+0000] {dag.py:3340} INFO - Setting next_dagrun for dataset_produces_2 to None, run_after=None
[2023-12-21T16:44:43.509+0000] {processor.py:176} INFO - Processing /home/airflow/.local/lib/python3.7/site-packages/airflow/example_dags/example_datasets.py took 0.146 seconds
[2023-12-21T16:45:14.288+0000] {processor.py:154} INFO - Started process (PID=1152) to work on /home/airflow/.local/lib/python3.7/site-packages/airflow/example_dags/example_datasets.py
[2023-12-21T16:45:14.288+0000] {processor.py:756} INFO - Processing file /home/airflow/.local/lib/python3.7/site-packages/airflow/example_dags/example_datasets.py for tasks to queue
[2023-12-21T16:45:14.289+0000] {logging_mixin.py:120} INFO - [2023-12-21T16:45:14.289+0000] {dagbag.py:537} INFO - Filling up the DagBag from /home/airflow/.local/lib/python3.7/site-packages/airflow/example_dags/example_datasets.py
[2023-12-21T16:45:14.309+0000] {processor.py:766} INFO - DAG(s) dict_keys(['dataset_consumes_1_never_scheduled', 'dataset_consumes_1_and_2', 'dataset_consumes_1', 'dataset_consumes_unknown_never_scheduled', 'dataset_produces_1', 'dataset_produces_2']) retrieved from /home/airflow/.local/lib/python3.7/site-packages/airflow/example_dags/example_datasets.py
[2023-12-21T16:45:14.364+0000] {logging_mixin.py:120} INFO - [2023-12-21T16:45:14.364+0000] {dag.py:2585} INFO - Sync 6 DAGs
[2023-12-21T16:45:14.388+0000] {logging_mixin.py:120} INFO - [2023-12-21T16:45:14.388+0000] {dag.py:3340} INFO - Setting next_dagrun for dataset_consumes_1 to None, run_after=None
[2023-12-21T16:45:14.392+0000] {logging_mixin.py:120} INFO - [2023-12-21T16:45:14.391+0000] {dag.py:3340} INFO - Setting next_dagrun for dataset_consumes_1_and_2 to None, run_after=None
[2023-12-21T16:45:14.393+0000] {logging_mixin.py:120} INFO - [2023-12-21T16:45:14.392+0000] {dag.py:3340} INFO - Setting next_dagrun for dataset_consumes_1_never_scheduled to None, run_after=None
[2023-12-21T16:45:14.393+0000] {logging_mixin.py:120} INFO - [2023-12-21T16:45:14.393+0000] {dag.py:3340} INFO - Setting next_dagrun for dataset_consumes_unknown_never_scheduled to None, run_after=None
[2023-12-21T16:45:14.396+0000] {logging_mixin.py:120} INFO - [2023-12-21T16:45:14.396+0000] {dag.py:3340} INFO - Setting next_dagrun for dataset_produces_1 to 2023-12-20T00:00:00+00:00, run_after=2023-12-21T00:00:00+00:00
[2023-12-21T16:45:14.397+0000] {logging_mixin.py:120} INFO - [2023-12-21T16:45:14.397+0000] {dag.py:3340} INFO - Setting next_dagrun for dataset_produces_2 to None, run_after=None
[2023-12-21T16:45:14.435+0000] {processor.py:176} INFO - Processing /home/airflow/.local/lib/python3.7/site-packages/airflow/example_dags/example_datasets.py took 0.150 seconds
[2023-12-21T16:45:44.772+0000] {processor.py:154} INFO - Started process (PID=1214) to work on /home/airflow/.local/lib/python3.7/site-packages/airflow/example_dags/example_datasets.py
[2023-12-21T16:45:44.773+0000] {processor.py:756} INFO - Processing file /home/airflow/.local/lib/python3.7/site-packages/airflow/example_dags/example_datasets.py for tasks to queue
[2023-12-21T16:45:44.773+0000] {logging_mixin.py:120} INFO - [2023-12-21T16:45:44.773+0000] {dagbag.py:537} INFO - Filling up the DagBag from /home/airflow/.local/lib/python3.7/site-packages/airflow/example_dags/example_datasets.py
[2023-12-21T16:45:44.787+0000] {processor.py:766} INFO - DAG(s) dict_keys(['dataset_consumes_1', 'dataset_produces_2', 'dataset_consumes_unknown_never_scheduled', 'dataset_consumes_1_and_2', 'dataset_produces_1', 'dataset_consumes_1_never_scheduled']) retrieved from /home/airflow/.local/lib/python3.7/site-packages/airflow/example_dags/example_datasets.py
[2023-12-21T16:45:44.838+0000] {logging_mixin.py:120} INFO - [2023-12-21T16:45:44.837+0000] {dag.py:2585} INFO - Sync 6 DAGs
[2023-12-21T16:45:44.861+0000] {logging_mixin.py:120} INFO - [2023-12-21T16:45:44.861+0000] {dag.py:3340} INFO - Setting next_dagrun for dataset_consumes_1 to None, run_after=None
[2023-12-21T16:45:44.864+0000] {logging_mixin.py:120} INFO - [2023-12-21T16:45:44.864+0000] {dag.py:3340} INFO - Setting next_dagrun for dataset_consumes_1_and_2 to None, run_after=None
[2023-12-21T16:45:44.865+0000] {logging_mixin.py:120} INFO - [2023-12-21T16:45:44.865+0000] {dag.py:3340} INFO - Setting next_dagrun for dataset_consumes_1_never_scheduled to None, run_after=None
[2023-12-21T16:45:44.866+0000] {logging_mixin.py:120} INFO - [2023-12-21T16:45:44.865+0000] {dag.py:3340} INFO - Setting next_dagrun for dataset_consumes_unknown_never_scheduled to None, run_after=None
[2023-12-21T16:45:44.868+0000] {logging_mixin.py:120} INFO - [2023-12-21T16:45:44.868+0000] {dag.py:3340} INFO - Setting next_dagrun for dataset_produces_1 to 2023-12-20T00:00:00+00:00, run_after=2023-12-21T00:00:00+00:00
[2023-12-21T16:45:44.869+0000] {logging_mixin.py:120} INFO - [2023-12-21T16:45:44.869+0000] {dag.py:3340} INFO - Setting next_dagrun for dataset_produces_2 to None, run_after=None
[2023-12-21T16:45:44.899+0000] {processor.py:176} INFO - Processing /home/airflow/.local/lib/python3.7/site-packages/airflow/example_dags/example_datasets.py took 0.129 seconds
[2023-12-21T16:46:15.622+0000] {processor.py:154} INFO - Started process (PID=1277) to work on /home/airflow/.local/lib/python3.7/site-packages/airflow/example_dags/example_datasets.py
[2023-12-21T16:46:15.623+0000] {processor.py:756} INFO - Processing file /home/airflow/.local/lib/python3.7/site-packages/airflow/example_dags/example_datasets.py for tasks to queue
[2023-12-21T16:46:15.623+0000] {logging_mixin.py:120} INFO - [2023-12-21T16:46:15.623+0000] {dagbag.py:537} INFO - Filling up the DagBag from /home/airflow/.local/lib/python3.7/site-packages/airflow/example_dags/example_datasets.py
[2023-12-21T16:46:15.638+0000] {processor.py:766} INFO - DAG(s) dict_keys(['dataset_consumes_unknown_never_scheduled', 'dataset_consumes_1_never_scheduled', 'dataset_consumes_1', 'dataset_consumes_1_and_2', 'dataset_produces_2', 'dataset_produces_1']) retrieved from /home/airflow/.local/lib/python3.7/site-packages/airflow/example_dags/example_datasets.py
[2023-12-21T16:46:15.696+0000] {logging_mixin.py:120} INFO - [2023-12-21T16:46:15.696+0000] {dag.py:2585} INFO - Sync 6 DAGs
[2023-12-21T16:46:15.719+0000] {logging_mixin.py:120} INFO - [2023-12-21T16:46:15.719+0000] {dag.py:3340} INFO - Setting next_dagrun for dataset_consumes_1 to None, run_after=None
[2023-12-21T16:46:15.722+0000] {logging_mixin.py:120} INFO - [2023-12-21T16:46:15.722+0000] {dag.py:3340} INFO - Setting next_dagrun for dataset_consumes_1_and_2 to None, run_after=None
[2023-12-21T16:46:15.723+0000] {logging_mixin.py:120} INFO - [2023-12-21T16:46:15.723+0000] {dag.py:3340} INFO - Setting next_dagrun for dataset_consumes_1_never_scheduled to None, run_after=None
[2023-12-21T16:46:15.724+0000] {logging_mixin.py:120} INFO - [2023-12-21T16:46:15.723+0000] {dag.py:3340} INFO - Setting next_dagrun for dataset_consumes_unknown_never_scheduled to None, run_after=None
[2023-12-21T16:46:15.726+0000] {logging_mixin.py:120} INFO - [2023-12-21T16:46:15.726+0000] {dag.py:3340} INFO - Setting next_dagrun for dataset_produces_1 to 2023-12-20T00:00:00+00:00, run_after=2023-12-21T00:00:00+00:00
[2023-12-21T16:46:15.727+0000] {logging_mixin.py:120} INFO - [2023-12-21T16:46:15.727+0000] {dag.py:3340} INFO - Setting next_dagrun for dataset_produces_2 to None, run_after=None
[2023-12-21T16:46:15.758+0000] {processor.py:176} INFO - Processing /home/airflow/.local/lib/python3.7/site-packages/airflow/example_dags/example_datasets.py took 0.138 seconds
[2023-12-21T16:46:46.616+0000] {processor.py:154} INFO - Started process (PID=1339) to work on /home/airflow/.local/lib/python3.7/site-packages/airflow/example_dags/example_datasets.py
[2023-12-21T16:46:46.616+0000] {processor.py:756} INFO - Processing file /home/airflow/.local/lib/python3.7/site-packages/airflow/example_dags/example_datasets.py for tasks to queue
[2023-12-21T16:46:46.617+0000] {logging_mixin.py:120} INFO - [2023-12-21T16:46:46.617+0000] {dagbag.py:537} INFO - Filling up the DagBag from /home/airflow/.local/lib/python3.7/site-packages/airflow/example_dags/example_datasets.py
[2023-12-21T16:46:46.633+0000] {processor.py:766} INFO - DAG(s) dict_keys(['dataset_consumes_1_never_scheduled', 'dataset_produces_2', 'dataset_consumes_unknown_never_scheduled', 'dataset_produces_1', 'dataset_consumes_1_and_2', 'dataset_consumes_1']) retrieved from /home/airflow/.local/lib/python3.7/site-packages/airflow/example_dags/example_datasets.py
[2023-12-21T16:46:46.680+0000] {logging_mixin.py:120} INFO - [2023-12-21T16:46:46.680+0000] {dag.py:2585} INFO - Sync 6 DAGs
[2023-12-21T16:46:46.701+0000] {logging_mixin.py:120} INFO - [2023-12-21T16:46:46.700+0000] {dag.py:3340} INFO - Setting next_dagrun for dataset_consumes_1 to None, run_after=None
[2023-12-21T16:46:46.703+0000] {logging_mixin.py:120} INFO - [2023-12-21T16:46:46.703+0000] {dag.py:3340} INFO - Setting next_dagrun for dataset_consumes_1_and_2 to None, run_after=None
[2023-12-21T16:46:46.704+0000] {logging_mixin.py:120} INFO - [2023-12-21T16:46:46.704+0000] {dag.py:3340} INFO - Setting next_dagrun for dataset_consumes_1_never_scheduled to None, run_after=None
[2023-12-21T16:46:46.705+0000] {logging_mixin.py:120} INFO - [2023-12-21T16:46:46.705+0000] {dag.py:3340} INFO - Setting next_dagrun for dataset_consumes_unknown_never_scheduled to None, run_after=None
[2023-12-21T16:46:46.707+0000] {logging_mixin.py:120} INFO - [2023-12-21T16:46:46.707+0000] {dag.py:3340} INFO - Setting next_dagrun for dataset_produces_1 to 2023-12-20T00:00:00+00:00, run_after=2023-12-21T00:00:00+00:00
[2023-12-21T16:46:46.708+0000] {logging_mixin.py:120} INFO - [2023-12-21T16:46:46.708+0000] {dag.py:3340} INFO - Setting next_dagrun for dataset_produces_2 to None, run_after=None
[2023-12-21T16:46:46.740+0000] {processor.py:176} INFO - Processing /home/airflow/.local/lib/python3.7/site-packages/airflow/example_dags/example_datasets.py took 0.128 seconds
[2023-12-21T16:47:16.799+0000] {processor.py:154} INFO - Started process (PID=1393) to work on /home/airflow/.local/lib/python3.7/site-packages/airflow/example_dags/example_datasets.py
[2023-12-21T16:47:16.799+0000] {processor.py:756} INFO - Processing file /home/airflow/.local/lib/python3.7/site-packages/airflow/example_dags/example_datasets.py for tasks to queue
[2023-12-21T16:47:16.800+0000] {logging_mixin.py:120} INFO - [2023-12-21T16:47:16.800+0000] {dagbag.py:537} INFO - Filling up the DagBag from /home/airflow/.local/lib/python3.7/site-packages/airflow/example_dags/example_datasets.py
[2023-12-21T16:47:16.817+0000] {processor.py:766} INFO - DAG(s) dict_keys(['dataset_consumes_1_and_2', 'dataset_consumes_unknown_never_scheduled', 'dataset_consumes_1_never_scheduled', 'dataset_produces_2', 'dataset_produces_1', 'dataset_consumes_1']) retrieved from /home/airflow/.local/lib/python3.7/site-packages/airflow/example_dags/example_datasets.py
[2023-12-21T16:47:16.871+0000] {logging_mixin.py:120} INFO - [2023-12-21T16:47:16.870+0000] {dag.py:2585} INFO - Sync 6 DAGs
[2023-12-21T16:47:16.895+0000] {logging_mixin.py:120} INFO - [2023-12-21T16:47:16.895+0000] {dag.py:3340} INFO - Setting next_dagrun for dataset_consumes_1 to None, run_after=None
[2023-12-21T16:47:16.898+0000] {logging_mixin.py:120} INFO - [2023-12-21T16:47:16.898+0000] {dag.py:3340} INFO - Setting next_dagrun for dataset_consumes_1_and_2 to None, run_after=None
[2023-12-21T16:47:16.899+0000] {logging_mixin.py:120} INFO - [2023-12-21T16:47:16.899+0000] {dag.py:3340} INFO - Setting next_dagrun for dataset_consumes_1_never_scheduled to None, run_after=None
[2023-12-21T16:47:16.900+0000] {logging_mixin.py:120} INFO - [2023-12-21T16:47:16.899+0000] {dag.py:3340} INFO - Setting next_dagrun for dataset_consumes_unknown_never_scheduled to None, run_after=None
[2023-12-21T16:47:16.902+0000] {logging_mixin.py:120} INFO - [2023-12-21T16:47:16.902+0000] {dag.py:3340} INFO - Setting next_dagrun for dataset_produces_1 to 2023-12-20T00:00:00+00:00, run_after=2023-12-21T00:00:00+00:00
[2023-12-21T16:47:16.903+0000] {logging_mixin.py:120} INFO - [2023-12-21T16:47:16.903+0000] {dag.py:3340} INFO - Setting next_dagrun for dataset_produces_2 to None, run_after=None
[2023-12-21T16:47:16.938+0000] {processor.py:176} INFO - Processing /home/airflow/.local/lib/python3.7/site-packages/airflow/example_dags/example_datasets.py took 0.143 seconds
