[2023-12-21T16:36:01.321+0000] {processor.py:154} INFO - Started process (PID=60) to work on /home/airflow/.local/lib/python3.7/site-packages/airflow/example_dags/example_short_circuit_decorator.py
[2023-12-21T16:36:01.322+0000] {processor.py:756} INFO - Processing file /home/airflow/.local/lib/python3.7/site-packages/airflow/example_dags/example_short_circuit_decorator.py for tasks to queue
[2023-12-21T16:36:01.323+0000] {logging_mixin.py:120} INFO - [2023-12-21T16:36:01.323+0000] {dagbag.py:537} INFO - Filling up the DagBag from /home/airflow/.local/lib/python3.7/site-packages/airflow/example_dags/example_short_circuit_decorator.py
[2023-12-21T16:36:01.391+0000] {processor.py:766} INFO - DAG(s) dict_keys(['example_short_circuit_decorator']) retrieved from /home/airflow/.local/lib/python3.7/site-packages/airflow/example_dags/example_short_circuit_decorator.py
[2023-12-21T16:36:01.599+0000] {logging_mixin.py:120} INFO - [2023-12-21T16:36:01.599+0000] {manager.py:507} INFO - Created Permission View: can read on DAG:example_short_circuit_decorator
[2023-12-21T16:36:01.621+0000] {logging_mixin.py:120} INFO - [2023-12-21T16:36:01.621+0000] {manager.py:507} INFO - Created Permission View: can delete on DAG:example_short_circuit_decorator
[2023-12-21T16:36:01.634+0000] {logging_mixin.py:120} INFO - [2023-12-21T16:36:01.634+0000] {manager.py:507} INFO - Created Permission View: can edit on DAG:example_short_circuit_decorator
[2023-12-21T16:36:01.634+0000] {logging_mixin.py:120} INFO - [2023-12-21T16:36:01.634+0000] {dag.py:2585} INFO - Sync 1 DAGs
[2023-12-21T16:36:01.660+0000] {logging_mixin.py:120} INFO - [2023-12-21T16:36:01.660+0000] {dag.py:2606} INFO - Creating ORM DAG for example_short_circuit_decorator
[2023-12-21T16:36:01.674+0000] {logging_mixin.py:120} INFO - [2023-12-21T16:36:01.674+0000] {dag.py:3340} INFO - Setting next_dagrun for example_short_circuit_decorator to 2023-12-20T16:36:01.673849+00:00, run_after=2023-12-21T16:36:01.673849+00:00
[2023-12-21T16:36:01.738+0000] {processor.py:176} INFO - Processing /home/airflow/.local/lib/python3.7/site-packages/airflow/example_dags/example_short_circuit_decorator.py took 0.424 seconds
[2023-12-21T16:36:31.980+0000] {processor.py:154} INFO - Started process (PID=123) to work on /home/airflow/.local/lib/python3.7/site-packages/airflow/example_dags/example_short_circuit_decorator.py
[2023-12-21T16:36:31.981+0000] {processor.py:756} INFO - Processing file /home/airflow/.local/lib/python3.7/site-packages/airflow/example_dags/example_short_circuit_decorator.py for tasks to queue
[2023-12-21T16:36:31.981+0000] {logging_mixin.py:120} INFO - [2023-12-21T16:36:31.981+0000] {dagbag.py:537} INFO - Filling up the DagBag from /home/airflow/.local/lib/python3.7/site-packages/airflow/example_dags/example_short_circuit_decorator.py
[2023-12-21T16:36:32.003+0000] {processor.py:766} INFO - DAG(s) dict_keys(['example_short_circuit_decorator']) retrieved from /home/airflow/.local/lib/python3.7/site-packages/airflow/example_dags/example_short_circuit_decorator.py
[2023-12-21T16:36:32.047+0000] {logging_mixin.py:120} INFO - [2023-12-21T16:36:32.047+0000] {dag.py:2585} INFO - Sync 1 DAGs
[2023-12-21T16:36:32.068+0000] {logging_mixin.py:120} INFO - [2023-12-21T16:36:32.067+0000] {dag.py:3340} INFO - Setting next_dagrun for example_short_circuit_decorator to 2023-12-20T16:36:32.067702+00:00, run_after=2023-12-21T16:36:32.067702+00:00
[2023-12-21T16:36:32.088+0000] {processor.py:176} INFO - Processing /home/airflow/.local/lib/python3.7/site-packages/airflow/example_dags/example_short_circuit_decorator.py took 0.110 seconds
[2023-12-21T16:37:02.720+0000] {processor.py:154} INFO - Started process (PID=178) to work on /home/airflow/.local/lib/python3.7/site-packages/airflow/example_dags/example_short_circuit_decorator.py
[2023-12-21T16:37:02.721+0000] {processor.py:756} INFO - Processing file /home/airflow/.local/lib/python3.7/site-packages/airflow/example_dags/example_short_circuit_decorator.py for tasks to queue
[2023-12-21T16:37:02.721+0000] {logging_mixin.py:120} INFO - [2023-12-21T16:37:02.721+0000] {dagbag.py:537} INFO - Filling up the DagBag from /home/airflow/.local/lib/python3.7/site-packages/airflow/example_dags/example_short_circuit_decorator.py
[2023-12-21T16:37:02.748+0000] {processor.py:766} INFO - DAG(s) dict_keys(['example_short_circuit_decorator']) retrieved from /home/airflow/.local/lib/python3.7/site-packages/airflow/example_dags/example_short_circuit_decorator.py
[2023-12-21T16:37:02.787+0000] {logging_mixin.py:120} INFO - [2023-12-21T16:37:02.786+0000] {dag.py:2585} INFO - Sync 1 DAGs
[2023-12-21T16:37:02.812+0000] {logging_mixin.py:120} INFO - [2023-12-21T16:37:02.812+0000] {dag.py:3340} INFO - Setting next_dagrun for example_short_circuit_decorator to 2023-12-20T16:37:02.811881+00:00, run_after=2023-12-21T16:37:02.811881+00:00
[2023-12-21T16:37:02.833+0000] {processor.py:176} INFO - Processing /home/airflow/.local/lib/python3.7/site-packages/airflow/example_dags/example_short_circuit_decorator.py took 0.114 seconds
[2023-12-21T16:37:33.461+0000] {processor.py:154} INFO - Started process (PID=241) to work on /home/airflow/.local/lib/python3.7/site-packages/airflow/example_dags/example_short_circuit_decorator.py
[2023-12-21T16:37:33.462+0000] {processor.py:756} INFO - Processing file /home/airflow/.local/lib/python3.7/site-packages/airflow/example_dags/example_short_circuit_decorator.py for tasks to queue
[2023-12-21T16:37:33.463+0000] {logging_mixin.py:120} INFO - [2023-12-21T16:37:33.463+0000] {dagbag.py:537} INFO - Filling up the DagBag from /home/airflow/.local/lib/python3.7/site-packages/airflow/example_dags/example_short_circuit_decorator.py
[2023-12-21T16:37:33.484+0000] {processor.py:766} INFO - DAG(s) dict_keys(['example_short_circuit_decorator']) retrieved from /home/airflow/.local/lib/python3.7/site-packages/airflow/example_dags/example_short_circuit_decorator.py
[2023-12-21T16:37:33.520+0000] {logging_mixin.py:120} INFO - [2023-12-21T16:37:33.520+0000] {dag.py:2585} INFO - Sync 1 DAGs
[2023-12-21T16:37:33.541+0000] {logging_mixin.py:120} INFO - [2023-12-21T16:37:33.541+0000] {dag.py:3340} INFO - Setting next_dagrun for example_short_circuit_decorator to 2023-12-20T16:37:33.540906+00:00, run_after=2023-12-21T16:37:33.540906+00:00
[2023-12-21T16:37:33.561+0000] {processor.py:176} INFO - Processing /home/airflow/.local/lib/python3.7/site-packages/airflow/example_dags/example_short_circuit_decorator.py took 0.104 seconds
[2023-12-21T16:38:04.183+0000] {processor.py:154} INFO - Started process (PID=305) to work on /home/airflow/.local/lib/python3.7/site-packages/airflow/example_dags/example_short_circuit_decorator.py
[2023-12-21T16:38:04.184+0000] {processor.py:756} INFO - Processing file /home/airflow/.local/lib/python3.7/site-packages/airflow/example_dags/example_short_circuit_decorator.py for tasks to queue
[2023-12-21T16:38:04.185+0000] {logging_mixin.py:120} INFO - [2023-12-21T16:38:04.184+0000] {dagbag.py:537} INFO - Filling up the DagBag from /home/airflow/.local/lib/python3.7/site-packages/airflow/example_dags/example_short_circuit_decorator.py
[2023-12-21T16:38:04.206+0000] {processor.py:766} INFO - DAG(s) dict_keys(['example_short_circuit_decorator']) retrieved from /home/airflow/.local/lib/python3.7/site-packages/airflow/example_dags/example_short_circuit_decorator.py
[2023-12-21T16:38:04.241+0000] {logging_mixin.py:120} INFO - [2023-12-21T16:38:04.240+0000] {dag.py:2585} INFO - Sync 1 DAGs
[2023-12-21T16:38:04.261+0000] {logging_mixin.py:120} INFO - [2023-12-21T16:38:04.261+0000] {dag.py:3340} INFO - Setting next_dagrun for example_short_circuit_decorator to 2023-12-20T16:38:04.260893+00:00, run_after=2023-12-21T16:38:04.260893+00:00
[2023-12-21T16:38:04.281+0000] {processor.py:176} INFO - Processing /home/airflow/.local/lib/python3.7/site-packages/airflow/example_dags/example_short_circuit_decorator.py took 0.100 seconds
[2023-12-21T16:38:34.368+0000] {processor.py:154} INFO - Started process (PID=368) to work on /home/airflow/.local/lib/python3.7/site-packages/airflow/example_dags/example_short_circuit_decorator.py
[2023-12-21T16:38:34.368+0000] {processor.py:756} INFO - Processing file /home/airflow/.local/lib/python3.7/site-packages/airflow/example_dags/example_short_circuit_decorator.py for tasks to queue
[2023-12-21T16:38:34.369+0000] {logging_mixin.py:120} INFO - [2023-12-21T16:38:34.369+0000] {dagbag.py:537} INFO - Filling up the DagBag from /home/airflow/.local/lib/python3.7/site-packages/airflow/example_dags/example_short_circuit_decorator.py
[2023-12-21T16:38:34.401+0000] {processor.py:766} INFO - DAG(s) dict_keys(['example_short_circuit_decorator']) retrieved from /home/airflow/.local/lib/python3.7/site-packages/airflow/example_dags/example_short_circuit_decorator.py
[2023-12-21T16:38:34.457+0000] {logging_mixin.py:120} INFO - [2023-12-21T16:38:34.457+0000] {dag.py:2585} INFO - Sync 1 DAGs
[2023-12-21T16:38:34.492+0000] {logging_mixin.py:120} INFO - [2023-12-21T16:38:34.492+0000] {dag.py:3340} INFO - Setting next_dagrun for example_short_circuit_decorator to 2023-12-20T16:38:34.492015+00:00, run_after=2023-12-21T16:38:34.492015+00:00
[2023-12-21T16:38:34.524+0000] {processor.py:176} INFO - Processing /home/airflow/.local/lib/python3.7/site-packages/airflow/example_dags/example_short_circuit_decorator.py took 0.161 seconds
[2023-12-21T16:39:05.442+0000] {processor.py:154} INFO - Started process (PID=422) to work on /home/airflow/.local/lib/python3.7/site-packages/airflow/example_dags/example_short_circuit_decorator.py
[2023-12-21T16:39:05.443+0000] {processor.py:756} INFO - Processing file /home/airflow/.local/lib/python3.7/site-packages/airflow/example_dags/example_short_circuit_decorator.py for tasks to queue
[2023-12-21T16:39:05.443+0000] {logging_mixin.py:120} INFO - [2023-12-21T16:39:05.443+0000] {dagbag.py:537} INFO - Filling up the DagBag from /home/airflow/.local/lib/python3.7/site-packages/airflow/example_dags/example_short_circuit_decorator.py
[2023-12-21T16:39:05.463+0000] {processor.py:766} INFO - DAG(s) dict_keys(['example_short_circuit_decorator']) retrieved from /home/airflow/.local/lib/python3.7/site-packages/airflow/example_dags/example_short_circuit_decorator.py
[2023-12-21T16:39:05.509+0000] {logging_mixin.py:120} INFO - [2023-12-21T16:39:05.508+0000] {dag.py:2585} INFO - Sync 1 DAGs
[2023-12-21T16:39:05.541+0000] {logging_mixin.py:120} INFO - [2023-12-21T16:39:05.541+0000] {dag.py:3340} INFO - Setting next_dagrun for example_short_circuit_decorator to 2023-12-20T16:39:05.540628+00:00, run_after=2023-12-21T16:39:05.540628+00:00
[2023-12-21T16:39:05.565+0000] {processor.py:176} INFO - Processing /home/airflow/.local/lib/python3.7/site-packages/airflow/example_dags/example_short_circuit_decorator.py took 0.125 seconds
[2023-12-21T16:39:36.236+0000] {processor.py:154} INFO - Started process (PID=485) to work on /home/airflow/.local/lib/python3.7/site-packages/airflow/example_dags/example_short_circuit_decorator.py
[2023-12-21T16:39:36.237+0000] {processor.py:756} INFO - Processing file /home/airflow/.local/lib/python3.7/site-packages/airflow/example_dags/example_short_circuit_decorator.py for tasks to queue
[2023-12-21T16:39:36.238+0000] {logging_mixin.py:120} INFO - [2023-12-21T16:39:36.238+0000] {dagbag.py:537} INFO - Filling up the DagBag from /home/airflow/.local/lib/python3.7/site-packages/airflow/example_dags/example_short_circuit_decorator.py
[2023-12-21T16:39:36.258+0000] {processor.py:766} INFO - DAG(s) dict_keys(['example_short_circuit_decorator']) retrieved from /home/airflow/.local/lib/python3.7/site-packages/airflow/example_dags/example_short_circuit_decorator.py
[2023-12-21T16:39:36.295+0000] {logging_mixin.py:120} INFO - [2023-12-21T16:39:36.295+0000] {dag.py:2585} INFO - Sync 1 DAGs
[2023-12-21T16:39:36.316+0000] {logging_mixin.py:120} INFO - [2023-12-21T16:39:36.316+0000] {dag.py:3340} INFO - Setting next_dagrun for example_short_circuit_decorator to 2023-12-20T16:39:36.316539+00:00, run_after=2023-12-21T16:39:36.316539+00:00
[2023-12-21T16:39:36.339+0000] {processor.py:176} INFO - Processing /home/airflow/.local/lib/python3.7/site-packages/airflow/example_dags/example_short_circuit_decorator.py took 0.105 seconds
[2023-12-21T16:40:06.745+0000] {processor.py:154} INFO - Started process (PID=548) to work on /home/airflow/.local/lib/python3.7/site-packages/airflow/example_dags/example_short_circuit_decorator.py
[2023-12-21T16:40:06.746+0000] {processor.py:756} INFO - Processing file /home/airflow/.local/lib/python3.7/site-packages/airflow/example_dags/example_short_circuit_decorator.py for tasks to queue
[2023-12-21T16:40:06.746+0000] {logging_mixin.py:120} INFO - [2023-12-21T16:40:06.746+0000] {dagbag.py:537} INFO - Filling up the DagBag from /home/airflow/.local/lib/python3.7/site-packages/airflow/example_dags/example_short_circuit_decorator.py
[2023-12-21T16:40:06.766+0000] {processor.py:766} INFO - DAG(s) dict_keys(['example_short_circuit_decorator']) retrieved from /home/airflow/.local/lib/python3.7/site-packages/airflow/example_dags/example_short_circuit_decorator.py
[2023-12-21T16:40:06.802+0000] {logging_mixin.py:120} INFO - [2023-12-21T16:40:06.802+0000] {dag.py:2585} INFO - Sync 1 DAGs
[2023-12-21T16:40:06.823+0000] {logging_mixin.py:120} INFO - [2023-12-21T16:40:06.822+0000] {dag.py:3340} INFO - Setting next_dagrun for example_short_circuit_decorator to 2023-12-20T16:40:06.822725+00:00, run_after=2023-12-21T16:40:06.822725+00:00
[2023-12-21T16:40:06.843+0000] {processor.py:176} INFO - Processing /home/airflow/.local/lib/python3.7/site-packages/airflow/example_dags/example_short_circuit_decorator.py took 0.101 seconds
[2023-12-21T16:40:37.527+0000] {processor.py:154} INFO - Started process (PID=611) to work on /home/airflow/.local/lib/python3.7/site-packages/airflow/example_dags/example_short_circuit_decorator.py
[2023-12-21T16:40:37.528+0000] {processor.py:756} INFO - Processing file /home/airflow/.local/lib/python3.7/site-packages/airflow/example_dags/example_short_circuit_decorator.py for tasks to queue
[2023-12-21T16:40:37.529+0000] {logging_mixin.py:120} INFO - [2023-12-21T16:40:37.529+0000] {dagbag.py:537} INFO - Filling up the DagBag from /home/airflow/.local/lib/python3.7/site-packages/airflow/example_dags/example_short_circuit_decorator.py
[2023-12-21T16:40:37.558+0000] {processor.py:766} INFO - DAG(s) dict_keys(['example_short_circuit_decorator']) retrieved from /home/airflow/.local/lib/python3.7/site-packages/airflow/example_dags/example_short_circuit_decorator.py
[2023-12-21T16:40:37.596+0000] {logging_mixin.py:120} INFO - [2023-12-21T16:40:37.596+0000] {dag.py:2585} INFO - Sync 1 DAGs
[2023-12-21T16:40:37.619+0000] {logging_mixin.py:120} INFO - [2023-12-21T16:40:37.618+0000] {dag.py:3340} INFO - Setting next_dagrun for example_short_circuit_decorator to 2023-12-20T16:40:37.618611+00:00, run_after=2023-12-21T16:40:37.618611+00:00
[2023-12-21T16:40:37.641+0000] {processor.py:176} INFO - Processing /home/airflow/.local/lib/python3.7/site-packages/airflow/example_dags/example_short_circuit_decorator.py took 0.117 seconds
[2023-12-21T16:41:08.287+0000] {processor.py:154} INFO - Started process (PID=665) to work on /home/airflow/.local/lib/python3.7/site-packages/airflow/example_dags/example_short_circuit_decorator.py
[2023-12-21T16:41:08.288+0000] {processor.py:756} INFO - Processing file /home/airflow/.local/lib/python3.7/site-packages/airflow/example_dags/example_short_circuit_decorator.py for tasks to queue
[2023-12-21T16:41:08.288+0000] {logging_mixin.py:120} INFO - [2023-12-21T16:41:08.288+0000] {dagbag.py:537} INFO - Filling up the DagBag from /home/airflow/.local/lib/python3.7/site-packages/airflow/example_dags/example_short_circuit_decorator.py
[2023-12-21T16:41:08.308+0000] {processor.py:766} INFO - DAG(s) dict_keys(['example_short_circuit_decorator']) retrieved from /home/airflow/.local/lib/python3.7/site-packages/airflow/example_dags/example_short_circuit_decorator.py
[2023-12-21T16:41:08.341+0000] {logging_mixin.py:120} INFO - [2023-12-21T16:41:08.341+0000] {dag.py:2585} INFO - Sync 1 DAGs
[2023-12-21T16:41:08.361+0000] {logging_mixin.py:120} INFO - [2023-12-21T16:41:08.361+0000] {dag.py:3340} INFO - Setting next_dagrun for example_short_circuit_decorator to 2023-12-20T16:41:08.361429+00:00, run_after=2023-12-21T16:41:08.361429+00:00
[2023-12-21T16:41:08.383+0000] {processor.py:176} INFO - Processing /home/airflow/.local/lib/python3.7/site-packages/airflow/example_dags/example_short_circuit_decorator.py took 0.098 seconds
[2023-12-21T16:41:38.900+0000] {processor.py:154} INFO - Started process (PID=728) to work on /home/airflow/.local/lib/python3.7/site-packages/airflow/example_dags/example_short_circuit_decorator.py
[2023-12-21T16:41:38.901+0000] {processor.py:756} INFO - Processing file /home/airflow/.local/lib/python3.7/site-packages/airflow/example_dags/example_short_circuit_decorator.py for tasks to queue
[2023-12-21T16:41:38.901+0000] {logging_mixin.py:120} INFO - [2023-12-21T16:41:38.901+0000] {dagbag.py:537} INFO - Filling up the DagBag from /home/airflow/.local/lib/python3.7/site-packages/airflow/example_dags/example_short_circuit_decorator.py
[2023-12-21T16:41:38.921+0000] {processor.py:766} INFO - DAG(s) dict_keys(['example_short_circuit_decorator']) retrieved from /home/airflow/.local/lib/python3.7/site-packages/airflow/example_dags/example_short_circuit_decorator.py
[2023-12-21T16:41:38.964+0000] {logging_mixin.py:120} INFO - [2023-12-21T16:41:38.964+0000] {dag.py:2585} INFO - Sync 1 DAGs
[2023-12-21T16:41:38.992+0000] {logging_mixin.py:120} INFO - [2023-12-21T16:41:38.992+0000] {dag.py:3340} INFO - Setting next_dagrun for example_short_circuit_decorator to 2023-12-20T16:41:38.992463+00:00, run_after=2023-12-21T16:41:38.992463+00:00
[2023-12-21T16:41:39.017+0000] {processor.py:176} INFO - Processing /home/airflow/.local/lib/python3.7/site-packages/airflow/example_dags/example_short_circuit_decorator.py took 0.119 seconds
[2023-12-21T16:42:09.637+0000] {processor.py:154} INFO - Started process (PID=792) to work on /home/airflow/.local/lib/python3.7/site-packages/airflow/example_dags/example_short_circuit_decorator.py
[2023-12-21T16:42:09.638+0000] {processor.py:756} INFO - Processing file /home/airflow/.local/lib/python3.7/site-packages/airflow/example_dags/example_short_circuit_decorator.py for tasks to queue
[2023-12-21T16:42:09.638+0000] {logging_mixin.py:120} INFO - [2023-12-21T16:42:09.638+0000] {dagbag.py:537} INFO - Filling up the DagBag from /home/airflow/.local/lib/python3.7/site-packages/airflow/example_dags/example_short_circuit_decorator.py
[2023-12-21T16:42:09.661+0000] {processor.py:766} INFO - DAG(s) dict_keys(['example_short_circuit_decorator']) retrieved from /home/airflow/.local/lib/python3.7/site-packages/airflow/example_dags/example_short_circuit_decorator.py
[2023-12-21T16:42:09.697+0000] {logging_mixin.py:120} INFO - [2023-12-21T16:42:09.697+0000] {dag.py:2585} INFO - Sync 1 DAGs
[2023-12-21T16:42:09.726+0000] {logging_mixin.py:120} INFO - [2023-12-21T16:42:09.726+0000] {dag.py:3340} INFO - Setting next_dagrun for example_short_circuit_decorator to 2023-12-20T16:42:09.726336+00:00, run_after=2023-12-21T16:42:09.726336+00:00
[2023-12-21T16:42:09.751+0000] {processor.py:176} INFO - Processing /home/airflow/.local/lib/python3.7/site-packages/airflow/example_dags/example_short_circuit_decorator.py took 0.116 seconds
[2023-12-21T16:42:40.513+0000] {processor.py:154} INFO - Started process (PID=855) to work on /home/airflow/.local/lib/python3.7/site-packages/airflow/example_dags/example_short_circuit_decorator.py
[2023-12-21T16:42:40.514+0000] {processor.py:756} INFO - Processing file /home/airflow/.local/lib/python3.7/site-packages/airflow/example_dags/example_short_circuit_decorator.py for tasks to queue
[2023-12-21T16:42:40.514+0000] {logging_mixin.py:120} INFO - [2023-12-21T16:42:40.514+0000] {dagbag.py:537} INFO - Filling up the DagBag from /home/airflow/.local/lib/python3.7/site-packages/airflow/example_dags/example_short_circuit_decorator.py
[2023-12-21T16:42:40.535+0000] {processor.py:766} INFO - DAG(s) dict_keys(['example_short_circuit_decorator']) retrieved from /home/airflow/.local/lib/python3.7/site-packages/airflow/example_dags/example_short_circuit_decorator.py
[2023-12-21T16:42:40.576+0000] {logging_mixin.py:120} INFO - [2023-12-21T16:42:40.576+0000] {dag.py:2585} INFO - Sync 1 DAGs
[2023-12-21T16:42:40.606+0000] {logging_mixin.py:120} INFO - [2023-12-21T16:42:40.606+0000] {dag.py:3340} INFO - Setting next_dagrun for example_short_circuit_decorator to 2023-12-20T16:42:40.605899+00:00, run_after=2023-12-21T16:42:40.605899+00:00
[2023-12-21T16:42:40.632+0000] {processor.py:176} INFO - Processing /home/airflow/.local/lib/python3.7/site-packages/airflow/example_dags/example_short_circuit_decorator.py took 0.122 seconds
[2023-12-21T16:43:11.242+0000] {processor.py:154} INFO - Started process (PID=909) to work on /home/airflow/.local/lib/python3.7/site-packages/airflow/example_dags/example_short_circuit_decorator.py
[2023-12-21T16:43:11.243+0000] {processor.py:756} INFO - Processing file /home/airflow/.local/lib/python3.7/site-packages/airflow/example_dags/example_short_circuit_decorator.py for tasks to queue
[2023-12-21T16:43:11.243+0000] {logging_mixin.py:120} INFO - [2023-12-21T16:43:11.243+0000] {dagbag.py:537} INFO - Filling up the DagBag from /home/airflow/.local/lib/python3.7/site-packages/airflow/example_dags/example_short_circuit_decorator.py
[2023-12-21T16:43:11.264+0000] {processor.py:766} INFO - DAG(s) dict_keys(['example_short_circuit_decorator']) retrieved from /home/airflow/.local/lib/python3.7/site-packages/airflow/example_dags/example_short_circuit_decorator.py
[2023-12-21T16:43:11.317+0000] {logging_mixin.py:120} INFO - [2023-12-21T16:43:11.316+0000] {dag.py:2585} INFO - Sync 1 DAGs
[2023-12-21T16:43:11.340+0000] {logging_mixin.py:120} INFO - [2023-12-21T16:43:11.340+0000] {dag.py:3340} INFO - Setting next_dagrun for example_short_circuit_decorator to 2023-12-20T16:43:11.340420+00:00, run_after=2023-12-21T16:43:11.340420+00:00
[2023-12-21T16:43:11.361+0000] {processor.py:176} INFO - Processing /home/airflow/.local/lib/python3.7/site-packages/airflow/example_dags/example_short_circuit_decorator.py took 0.122 seconds
[2023-12-21T16:43:41.723+0000] {processor.py:154} INFO - Started process (PID=972) to work on /home/airflow/.local/lib/python3.7/site-packages/airflow/example_dags/example_short_circuit_decorator.py
[2023-12-21T16:43:41.723+0000] {processor.py:756} INFO - Processing file /home/airflow/.local/lib/python3.7/site-packages/airflow/example_dags/example_short_circuit_decorator.py for tasks to queue
[2023-12-21T16:43:41.724+0000] {logging_mixin.py:120} INFO - [2023-12-21T16:43:41.724+0000] {dagbag.py:537} INFO - Filling up the DagBag from /home/airflow/.local/lib/python3.7/site-packages/airflow/example_dags/example_short_circuit_decorator.py
[2023-12-21T16:43:41.751+0000] {processor.py:766} INFO - DAG(s) dict_keys(['example_short_circuit_decorator']) retrieved from /home/airflow/.local/lib/python3.7/site-packages/airflow/example_dags/example_short_circuit_decorator.py
[2023-12-21T16:43:41.798+0000] {logging_mixin.py:120} INFO - [2023-12-21T16:43:41.798+0000] {dag.py:2585} INFO - Sync 1 DAGs
[2023-12-21T16:43:41.835+0000] {logging_mixin.py:120} INFO - [2023-12-21T16:43:41.835+0000] {dag.py:3340} INFO - Setting next_dagrun for example_short_circuit_decorator to 2023-12-20T16:43:41.835027+00:00, run_after=2023-12-21T16:43:41.835027+00:00
[2023-12-21T16:43:41.867+0000] {processor.py:176} INFO - Processing /home/airflow/.local/lib/python3.7/site-packages/airflow/example_dags/example_short_circuit_decorator.py took 0.147 seconds
[2023-12-21T16:44:12.526+0000] {processor.py:154} INFO - Started process (PID=1035) to work on /home/airflow/.local/lib/python3.7/site-packages/airflow/example_dags/example_short_circuit_decorator.py
[2023-12-21T16:44:12.526+0000] {processor.py:756} INFO - Processing file /home/airflow/.local/lib/python3.7/site-packages/airflow/example_dags/example_short_circuit_decorator.py for tasks to queue
[2023-12-21T16:44:12.527+0000] {logging_mixin.py:120} INFO - [2023-12-21T16:44:12.527+0000] {dagbag.py:537} INFO - Filling up the DagBag from /home/airflow/.local/lib/python3.7/site-packages/airflow/example_dags/example_short_circuit_decorator.py
[2023-12-21T16:44:12.546+0000] {processor.py:766} INFO - DAG(s) dict_keys(['example_short_circuit_decorator']) retrieved from /home/airflow/.local/lib/python3.7/site-packages/airflow/example_dags/example_short_circuit_decorator.py
[2023-12-21T16:44:12.583+0000] {logging_mixin.py:120} INFO - [2023-12-21T16:44:12.583+0000] {dag.py:2585} INFO - Sync 1 DAGs
[2023-12-21T16:44:12.612+0000] {logging_mixin.py:120} INFO - [2023-12-21T16:44:12.612+0000] {dag.py:3340} INFO - Setting next_dagrun for example_short_circuit_decorator to 2023-12-20T16:44:12.612034+00:00, run_after=2023-12-21T16:44:12.612034+00:00
[2023-12-21T16:44:12.636+0000] {processor.py:176} INFO - Processing /home/airflow/.local/lib/python3.7/site-packages/airflow/example_dags/example_short_circuit_decorator.py took 0.113 seconds
[2023-12-21T16:44:43.370+0000] {processor.py:154} INFO - Started process (PID=1099) to work on /home/airflow/.local/lib/python3.7/site-packages/airflow/example_dags/example_short_circuit_decorator.py
[2023-12-21T16:44:43.371+0000] {processor.py:756} INFO - Processing file /home/airflow/.local/lib/python3.7/site-packages/airflow/example_dags/example_short_circuit_decorator.py for tasks to queue
[2023-12-21T16:44:43.371+0000] {logging_mixin.py:120} INFO - [2023-12-21T16:44:43.371+0000] {dagbag.py:537} INFO - Filling up the DagBag from /home/airflow/.local/lib/python3.7/site-packages/airflow/example_dags/example_short_circuit_decorator.py
[2023-12-21T16:44:43.392+0000] {processor.py:766} INFO - DAG(s) dict_keys(['example_short_circuit_decorator']) retrieved from /home/airflow/.local/lib/python3.7/site-packages/airflow/example_dags/example_short_circuit_decorator.py
[2023-12-21T16:44:43.437+0000] {logging_mixin.py:120} INFO - [2023-12-21T16:44:43.437+0000] {dag.py:2585} INFO - Sync 1 DAGs
[2023-12-21T16:44:43.467+0000] {logging_mixin.py:120} INFO - [2023-12-21T16:44:43.467+0000] {dag.py:3340} INFO - Setting next_dagrun for example_short_circuit_decorator to 2023-12-20T16:44:43.466974+00:00, run_after=2023-12-21T16:44:43.466974+00:00
[2023-12-21T16:44:43.497+0000] {processor.py:176} INFO - Processing /home/airflow/.local/lib/python3.7/site-packages/airflow/example_dags/example_short_circuit_decorator.py took 0.129 seconds
[2023-12-21T16:45:14.294+0000] {processor.py:154} INFO - Started process (PID=1153) to work on /home/airflow/.local/lib/python3.7/site-packages/airflow/example_dags/example_short_circuit_decorator.py
[2023-12-21T16:45:14.295+0000] {processor.py:756} INFO - Processing file /home/airflow/.local/lib/python3.7/site-packages/airflow/example_dags/example_short_circuit_decorator.py for tasks to queue
[2023-12-21T16:45:14.295+0000] {logging_mixin.py:120} INFO - [2023-12-21T16:45:14.295+0000] {dagbag.py:537} INFO - Filling up the DagBag from /home/airflow/.local/lib/python3.7/site-packages/airflow/example_dags/example_short_circuit_decorator.py
[2023-12-21T16:45:14.325+0000] {processor.py:766} INFO - DAG(s) dict_keys(['example_short_circuit_decorator']) retrieved from /home/airflow/.local/lib/python3.7/site-packages/airflow/example_dags/example_short_circuit_decorator.py
[2023-12-21T16:45:14.363+0000] {logging_mixin.py:120} INFO - [2023-12-21T16:45:14.363+0000] {dag.py:2585} INFO - Sync 1 DAGs
[2023-12-21T16:45:14.387+0000] {logging_mixin.py:120} INFO - [2023-12-21T16:45:14.387+0000] {dag.py:3340} INFO - Setting next_dagrun for example_short_circuit_decorator to 2023-12-20T16:45:14.386846+00:00, run_after=2023-12-21T16:45:14.386846+00:00
[2023-12-21T16:45:14.414+0000] {processor.py:176} INFO - Processing /home/airflow/.local/lib/python3.7/site-packages/airflow/example_dags/example_short_circuit_decorator.py took 0.123 seconds
[2023-12-21T16:45:44.777+0000] {processor.py:154} INFO - Started process (PID=1215) to work on /home/airflow/.local/lib/python3.7/site-packages/airflow/example_dags/example_short_circuit_decorator.py
[2023-12-21T16:45:44.778+0000] {processor.py:756} INFO - Processing file /home/airflow/.local/lib/python3.7/site-packages/airflow/example_dags/example_short_circuit_decorator.py for tasks to queue
[2023-12-21T16:45:44.778+0000] {logging_mixin.py:120} INFO - [2023-12-21T16:45:44.778+0000] {dagbag.py:537} INFO - Filling up the DagBag from /home/airflow/.local/lib/python3.7/site-packages/airflow/example_dags/example_short_circuit_decorator.py
[2023-12-21T16:45:44.799+0000] {processor.py:766} INFO - DAG(s) dict_keys(['example_short_circuit_decorator']) retrieved from /home/airflow/.local/lib/python3.7/site-packages/airflow/example_dags/example_short_circuit_decorator.py
[2023-12-21T16:45:44.838+0000] {logging_mixin.py:120} INFO - [2023-12-21T16:45:44.838+0000] {dag.py:2585} INFO - Sync 1 DAGs
[2023-12-21T16:45:44.861+0000] {logging_mixin.py:120} INFO - [2023-12-21T16:45:44.861+0000] {dag.py:3340} INFO - Setting next_dagrun for example_short_circuit_decorator to 2023-12-20T16:45:44.861359+00:00, run_after=2023-12-21T16:45:44.861359+00:00
[2023-12-21T16:45:44.885+0000] {processor.py:176} INFO - Processing /home/airflow/.local/lib/python3.7/site-packages/airflow/example_dags/example_short_circuit_decorator.py took 0.110 seconds
[2023-12-21T16:46:15.627+0000] {processor.py:154} INFO - Started process (PID=1278) to work on /home/airflow/.local/lib/python3.7/site-packages/airflow/example_dags/example_short_circuit_decorator.py
[2023-12-21T16:46:15.628+0000] {processor.py:756} INFO - Processing file /home/airflow/.local/lib/python3.7/site-packages/airflow/example_dags/example_short_circuit_decorator.py for tasks to queue
[2023-12-21T16:46:15.628+0000] {logging_mixin.py:120} INFO - [2023-12-21T16:46:15.628+0000] {dagbag.py:537} INFO - Filling up the DagBag from /home/airflow/.local/lib/python3.7/site-packages/airflow/example_dags/example_short_circuit_decorator.py
[2023-12-21T16:46:15.650+0000] {processor.py:766} INFO - DAG(s) dict_keys(['example_short_circuit_decorator']) retrieved from /home/airflow/.local/lib/python3.7/site-packages/airflow/example_dags/example_short_circuit_decorator.py
[2023-12-21T16:46:15.695+0000] {logging_mixin.py:120} INFO - [2023-12-21T16:46:15.694+0000] {dag.py:2585} INFO - Sync 1 DAGs
[2023-12-21T16:46:15.719+0000] {logging_mixin.py:120} INFO - [2023-12-21T16:46:15.718+0000] {dag.py:3340} INFO - Setting next_dagrun for example_short_circuit_decorator to 2023-12-20T16:46:15.718781+00:00, run_after=2023-12-21T16:46:15.718781+00:00
[2023-12-21T16:46:15.743+0000] {processor.py:176} INFO - Processing /home/airflow/.local/lib/python3.7/site-packages/airflow/example_dags/example_short_circuit_decorator.py took 0.118 seconds
[2023-12-21T16:46:46.622+0000] {processor.py:154} INFO - Started process (PID=1340) to work on /home/airflow/.local/lib/python3.7/site-packages/airflow/example_dags/example_short_circuit_decorator.py
[2023-12-21T16:46:46.622+0000] {processor.py:756} INFO - Processing file /home/airflow/.local/lib/python3.7/site-packages/airflow/example_dags/example_short_circuit_decorator.py for tasks to queue
[2023-12-21T16:46:46.623+0000] {logging_mixin.py:120} INFO - [2023-12-21T16:46:46.623+0000] {dagbag.py:537} INFO - Filling up the DagBag from /home/airflow/.local/lib/python3.7/site-packages/airflow/example_dags/example_short_circuit_decorator.py
[2023-12-21T16:46:46.644+0000] {processor.py:766} INFO - DAG(s) dict_keys(['example_short_circuit_decorator']) retrieved from /home/airflow/.local/lib/python3.7/site-packages/airflow/example_dags/example_short_circuit_decorator.py
[2023-12-21T16:46:46.680+0000] {logging_mixin.py:120} INFO - [2023-12-21T16:46:46.680+0000] {dag.py:2585} INFO - Sync 1 DAGs
[2023-12-21T16:46:46.701+0000] {logging_mixin.py:120} INFO - [2023-12-21T16:46:46.701+0000] {dag.py:3340} INFO - Setting next_dagrun for example_short_circuit_decorator to 2023-12-20T16:46:46.701396+00:00, run_after=2023-12-21T16:46:46.701396+00:00
[2023-12-21T16:46:46.724+0000] {processor.py:176} INFO - Processing /home/airflow/.local/lib/python3.7/site-packages/airflow/example_dags/example_short_circuit_decorator.py took 0.105 seconds
[2023-12-21T16:47:16.805+0000] {processor.py:154} INFO - Started process (PID=1394) to work on /home/airflow/.local/lib/python3.7/site-packages/airflow/example_dags/example_short_circuit_decorator.py
[2023-12-21T16:47:16.805+0000] {processor.py:756} INFO - Processing file /home/airflow/.local/lib/python3.7/site-packages/airflow/example_dags/example_short_circuit_decorator.py for tasks to queue
[2023-12-21T16:47:16.806+0000] {logging_mixin.py:120} INFO - [2023-12-21T16:47:16.806+0000] {dagbag.py:537} INFO - Filling up the DagBag from /home/airflow/.local/lib/python3.7/site-packages/airflow/example_dags/example_short_circuit_decorator.py
[2023-12-21T16:47:16.827+0000] {processor.py:766} INFO - DAG(s) dict_keys(['example_short_circuit_decorator']) retrieved from /home/airflow/.local/lib/python3.7/site-packages/airflow/example_dags/example_short_circuit_decorator.py
[2023-12-21T16:47:16.863+0000] {logging_mixin.py:120} INFO - [2023-12-21T16:47:16.863+0000] {dag.py:2585} INFO - Sync 1 DAGs
[2023-12-21T16:47:16.886+0000] {logging_mixin.py:120} INFO - [2023-12-21T16:47:16.886+0000] {dag.py:3340} INFO - Setting next_dagrun for example_short_circuit_decorator to 2023-12-20T16:47:16.886361+00:00, run_after=2023-12-21T16:47:16.886361+00:00
[2023-12-21T16:47:16.909+0000] {processor.py:176} INFO - Processing /home/airflow/.local/lib/python3.7/site-packages/airflow/example_dags/example_short_circuit_decorator.py took 0.107 seconds
[2023-12-21T16:47:47.631+0000] {processor.py:154} INFO - Started process (PID=1456) to work on /home/airflow/.local/lib/python3.7/site-packages/airflow/example_dags/example_short_circuit_decorator.py
[2023-12-21T16:47:47.632+0000] {processor.py:756} INFO - Processing file /home/airflow/.local/lib/python3.7/site-packages/airflow/example_dags/example_short_circuit_decorator.py for tasks to queue
[2023-12-21T16:47:47.632+0000] {logging_mixin.py:120} INFO - [2023-12-21T16:47:47.632+0000] {dagbag.py:537} INFO - Filling up the DagBag from /home/airflow/.local/lib/python3.7/site-packages/airflow/example_dags/example_short_circuit_decorator.py
[2023-12-21T16:47:47.652+0000] {processor.py:766} INFO - DAG(s) dict_keys(['example_short_circuit_decorator']) retrieved from /home/airflow/.local/lib/python3.7/site-packages/airflow/example_dags/example_short_circuit_decorator.py
[2023-12-21T16:47:47.695+0000] {logging_mixin.py:120} INFO - [2023-12-21T16:47:47.694+0000] {dag.py:2585} INFO - Sync 1 DAGs
[2023-12-21T16:47:47.718+0000] {logging_mixin.py:120} INFO - [2023-12-21T16:47:47.717+0000] {dag.py:3340} INFO - Setting next_dagrun for example_short_circuit_decorator to 2023-12-20T16:47:47.717660+00:00, run_after=2023-12-21T16:47:47.717660+00:00
[2023-12-21T16:47:47.746+0000] {processor.py:176} INFO - Processing /home/airflow/.local/lib/python3.7/site-packages/airflow/example_dags/example_short_circuit_decorator.py took 0.118 seconds
[2023-12-21T16:48:18.445+0000] {processor.py:154} INFO - Started process (PID=1520) to work on /home/airflow/.local/lib/python3.7/site-packages/airflow/example_dags/example_short_circuit_decorator.py
[2023-12-21T16:48:18.446+0000] {processor.py:756} INFO - Processing file /home/airflow/.local/lib/python3.7/site-packages/airflow/example_dags/example_short_circuit_decorator.py for tasks to queue
[2023-12-21T16:48:18.447+0000] {logging_mixin.py:120} INFO - [2023-12-21T16:48:18.446+0000] {dagbag.py:537} INFO - Filling up the DagBag from /home/airflow/.local/lib/python3.7/site-packages/airflow/example_dags/example_short_circuit_decorator.py
[2023-12-21T16:48:18.475+0000] {processor.py:766} INFO - DAG(s) dict_keys(['example_short_circuit_decorator']) retrieved from /home/airflow/.local/lib/python3.7/site-packages/airflow/example_dags/example_short_circuit_decorator.py
[2023-12-21T16:48:18.518+0000] {logging_mixin.py:120} INFO - [2023-12-21T16:48:18.518+0000] {dag.py:2585} INFO - Sync 1 DAGs
[2023-12-21T16:48:18.551+0000] {logging_mixin.py:120} INFO - [2023-12-21T16:48:18.551+0000] {dag.py:3340} INFO - Setting next_dagrun for example_short_circuit_decorator to 2023-12-20T16:48:18.551183+00:00, run_after=2023-12-21T16:48:18.551183+00:00
[2023-12-21T16:48:18.590+0000] {processor.py:176} INFO - Processing /home/airflow/.local/lib/python3.7/site-packages/airflow/example_dags/example_short_circuit_decorator.py took 0.148 seconds
[2023-12-21T16:48:49.188+0000] {processor.py:154} INFO - Started process (PID=1574) to work on /home/airflow/.local/lib/python3.7/site-packages/airflow/example_dags/example_short_circuit_decorator.py
[2023-12-21T16:48:49.189+0000] {processor.py:756} INFO - Processing file /home/airflow/.local/lib/python3.7/site-packages/airflow/example_dags/example_short_circuit_decorator.py for tasks to queue
[2023-12-21T16:48:49.189+0000] {logging_mixin.py:120} INFO - [2023-12-21T16:48:49.189+0000] {dagbag.py:537} INFO - Filling up the DagBag from /home/airflow/.local/lib/python3.7/site-packages/airflow/example_dags/example_short_circuit_decorator.py
[2023-12-21T16:48:49.211+0000] {processor.py:766} INFO - DAG(s) dict_keys(['example_short_circuit_decorator']) retrieved from /home/airflow/.local/lib/python3.7/site-packages/airflow/example_dags/example_short_circuit_decorator.py
[2023-12-21T16:48:49.250+0000] {logging_mixin.py:120} INFO - [2023-12-21T16:48:49.250+0000] {dag.py:2585} INFO - Sync 1 DAGs
[2023-12-21T16:48:49.278+0000] {logging_mixin.py:120} INFO - [2023-12-21T16:48:49.278+0000] {dag.py:3340} INFO - Setting next_dagrun for example_short_circuit_decorator to 2023-12-20T16:48:49.278248+00:00, run_after=2023-12-21T16:48:49.278248+00:00
[2023-12-21T16:48:49.305+0000] {processor.py:176} INFO - Processing /home/airflow/.local/lib/python3.7/site-packages/airflow/example_dags/example_short_circuit_decorator.py took 0.119 seconds
[2023-12-21T16:49:20.063+0000] {processor.py:154} INFO - Started process (PID=1637) to work on /home/airflow/.local/lib/python3.7/site-packages/airflow/example_dags/example_short_circuit_decorator.py
[2023-12-21T16:49:20.063+0000] {processor.py:756} INFO - Processing file /home/airflow/.local/lib/python3.7/site-packages/airflow/example_dags/example_short_circuit_decorator.py for tasks to queue
[2023-12-21T16:49:20.064+0000] {logging_mixin.py:120} INFO - [2023-12-21T16:49:20.064+0000] {dagbag.py:537} INFO - Filling up the DagBag from /home/airflow/.local/lib/python3.7/site-packages/airflow/example_dags/example_short_circuit_decorator.py
[2023-12-21T16:49:20.088+0000] {processor.py:766} INFO - DAG(s) dict_keys(['example_short_circuit_decorator']) retrieved from /home/airflow/.local/lib/python3.7/site-packages/airflow/example_dags/example_short_circuit_decorator.py
[2023-12-21T16:49:20.125+0000] {logging_mixin.py:120} INFO - [2023-12-21T16:49:20.124+0000] {dag.py:2585} INFO - Sync 1 DAGs
[2023-12-21T16:49:20.156+0000] {logging_mixin.py:120} INFO - [2023-12-21T16:49:20.155+0000] {dag.py:3340} INFO - Setting next_dagrun for example_short_circuit_decorator to 2023-12-20T16:49:20.155502+00:00, run_after=2023-12-21T16:49:20.155502+00:00
[2023-12-21T16:49:20.180+0000] {processor.py:176} INFO - Processing /home/airflow/.local/lib/python3.7/site-packages/airflow/example_dags/example_short_circuit_decorator.py took 0.120 seconds
[2023-12-21T16:49:50.847+0000] {processor.py:154} INFO - Started process (PID=1700) to work on /home/airflow/.local/lib/python3.7/site-packages/airflow/example_dags/example_short_circuit_decorator.py
[2023-12-21T16:49:50.848+0000] {processor.py:756} INFO - Processing file /home/airflow/.local/lib/python3.7/site-packages/airflow/example_dags/example_short_circuit_decorator.py for tasks to queue
[2023-12-21T16:49:50.848+0000] {logging_mixin.py:120} INFO - [2023-12-21T16:49:50.848+0000] {dagbag.py:537} INFO - Filling up the DagBag from /home/airflow/.local/lib/python3.7/site-packages/airflow/example_dags/example_short_circuit_decorator.py
[2023-12-21T16:49:50.873+0000] {processor.py:766} INFO - DAG(s) dict_keys(['example_short_circuit_decorator']) retrieved from /home/airflow/.local/lib/python3.7/site-packages/airflow/example_dags/example_short_circuit_decorator.py
[2023-12-21T16:49:50.918+0000] {logging_mixin.py:120} INFO - [2023-12-21T16:49:50.918+0000] {dag.py:2585} INFO - Sync 1 DAGs
[2023-12-21T16:49:50.945+0000] {logging_mixin.py:120} INFO - [2023-12-21T16:49:50.945+0000] {dag.py:3340} INFO - Setting next_dagrun for example_short_circuit_decorator to 2023-12-20T16:49:50.945234+00:00, run_after=2023-12-21T16:49:50.945234+00:00
[2023-12-21T16:49:50.971+0000] {processor.py:176} INFO - Processing /home/airflow/.local/lib/python3.7/site-packages/airflow/example_dags/example_short_circuit_decorator.py took 0.127 seconds
[2023-12-21T16:50:21.540+0000] {processor.py:154} INFO - Started process (PID=1763) to work on /home/airflow/.local/lib/python3.7/site-packages/airflow/example_dags/example_short_circuit_decorator.py
[2023-12-21T16:50:21.540+0000] {processor.py:756} INFO - Processing file /home/airflow/.local/lib/python3.7/site-packages/airflow/example_dags/example_short_circuit_decorator.py for tasks to queue
[2023-12-21T16:50:21.541+0000] {logging_mixin.py:120} INFO - [2023-12-21T16:50:21.541+0000] {dagbag.py:537} INFO - Filling up the DagBag from /home/airflow/.local/lib/python3.7/site-packages/airflow/example_dags/example_short_circuit_decorator.py
[2023-12-21T16:50:21.564+0000] {processor.py:766} INFO - DAG(s) dict_keys(['example_short_circuit_decorator']) retrieved from /home/airflow/.local/lib/python3.7/site-packages/airflow/example_dags/example_short_circuit_decorator.py
[2023-12-21T16:50:21.606+0000] {logging_mixin.py:120} INFO - [2023-12-21T16:50:21.606+0000] {dag.py:2585} INFO - Sync 1 DAGs
[2023-12-21T16:50:21.634+0000] {logging_mixin.py:120} INFO - [2023-12-21T16:50:21.634+0000] {dag.py:3340} INFO - Setting next_dagrun for example_short_circuit_decorator to 2023-12-20T16:50:21.633899+00:00, run_after=2023-12-21T16:50:21.633899+00:00
[2023-12-21T16:50:21.657+0000] {processor.py:176} INFO - Processing /home/airflow/.local/lib/python3.7/site-packages/airflow/example_dags/example_short_circuit_decorator.py took 0.120 seconds
[2023-12-21T16:50:52.137+0000] {processor.py:154} INFO - Started process (PID=1817) to work on /home/airflow/.local/lib/python3.7/site-packages/airflow/example_dags/example_short_circuit_decorator.py
[2023-12-21T16:50:52.138+0000] {processor.py:756} INFO - Processing file /home/airflow/.local/lib/python3.7/site-packages/airflow/example_dags/example_short_circuit_decorator.py for tasks to queue
[2023-12-21T16:50:52.138+0000] {logging_mixin.py:120} INFO - [2023-12-21T16:50:52.138+0000] {dagbag.py:537} INFO - Filling up the DagBag from /home/airflow/.local/lib/python3.7/site-packages/airflow/example_dags/example_short_circuit_decorator.py
[2023-12-21T16:50:52.160+0000] {processor.py:766} INFO - DAG(s) dict_keys(['example_short_circuit_decorator']) retrieved from /home/airflow/.local/lib/python3.7/site-packages/airflow/example_dags/example_short_circuit_decorator.py
[2023-12-21T16:50:52.206+0000] {logging_mixin.py:120} INFO - [2023-12-21T16:50:52.206+0000] {dag.py:2585} INFO - Sync 1 DAGs
[2023-12-21T16:50:52.235+0000] {logging_mixin.py:120} INFO - [2023-12-21T16:50:52.235+0000] {dag.py:3340} INFO - Setting next_dagrun for example_short_circuit_decorator to 2023-12-20T16:50:52.235420+00:00, run_after=2023-12-21T16:50:52.235420+00:00
[2023-12-21T16:50:52.262+0000] {processor.py:176} INFO - Processing /home/airflow/.local/lib/python3.7/site-packages/airflow/example_dags/example_short_circuit_decorator.py took 0.128 seconds
[2023-12-21T16:51:22.785+0000] {processor.py:154} INFO - Started process (PID=1881) to work on /home/airflow/.local/lib/python3.7/site-packages/airflow/example_dags/example_short_circuit_decorator.py
[2023-12-21T16:51:22.786+0000] {processor.py:756} INFO - Processing file /home/airflow/.local/lib/python3.7/site-packages/airflow/example_dags/example_short_circuit_decorator.py for tasks to queue
[2023-12-21T16:51:22.786+0000] {logging_mixin.py:120} INFO - [2023-12-21T16:51:22.786+0000] {dagbag.py:537} INFO - Filling up the DagBag from /home/airflow/.local/lib/python3.7/site-packages/airflow/example_dags/example_short_circuit_decorator.py
[2023-12-21T16:51:22.806+0000] {processor.py:766} INFO - DAG(s) dict_keys(['example_short_circuit_decorator']) retrieved from /home/airflow/.local/lib/python3.7/site-packages/airflow/example_dags/example_short_circuit_decorator.py
[2023-12-21T16:51:22.841+0000] {logging_mixin.py:120} INFO - [2023-12-21T16:51:22.841+0000] {dag.py:2585} INFO - Sync 1 DAGs
[2023-12-21T16:51:22.864+0000] {logging_mixin.py:120} INFO - [2023-12-21T16:51:22.864+0000] {dag.py:3340} INFO - Setting next_dagrun for example_short_circuit_decorator to 2023-12-20T16:51:22.864061+00:00, run_after=2023-12-21T16:51:22.864061+00:00
[2023-12-21T16:51:22.886+0000] {processor.py:176} INFO - Processing /home/airflow/.local/lib/python3.7/site-packages/airflow/example_dags/example_short_circuit_decorator.py took 0.104 seconds
[2023-12-21T16:51:53.738+0000] {processor.py:154} INFO - Started process (PID=1944) to work on /home/airflow/.local/lib/python3.7/site-packages/airflow/example_dags/example_short_circuit_decorator.py
[2023-12-21T16:51:53.740+0000] {processor.py:756} INFO - Processing file /home/airflow/.local/lib/python3.7/site-packages/airflow/example_dags/example_short_circuit_decorator.py for tasks to queue
[2023-12-21T16:51:53.740+0000] {logging_mixin.py:120} INFO - [2023-12-21T16:51:53.740+0000] {dagbag.py:537} INFO - Filling up the DagBag from /home/airflow/.local/lib/python3.7/site-packages/airflow/example_dags/example_short_circuit_decorator.py
[2023-12-21T16:51:53.768+0000] {processor.py:766} INFO - DAG(s) dict_keys(['example_short_circuit_decorator']) retrieved from /home/airflow/.local/lib/python3.7/site-packages/airflow/example_dags/example_short_circuit_decorator.py
[2023-12-21T16:51:53.815+0000] {logging_mixin.py:120} INFO - [2023-12-21T16:51:53.815+0000] {dag.py:2585} INFO - Sync 1 DAGs
[2023-12-21T16:51:53.846+0000] {logging_mixin.py:120} INFO - [2023-12-21T16:51:53.845+0000] {dag.py:3340} INFO - Setting next_dagrun for example_short_circuit_decorator to 2023-12-20T16:51:53.845589+00:00, run_after=2023-12-21T16:51:53.845589+00:00
[2023-12-21T16:51:53.877+0000] {processor.py:176} INFO - Processing /home/airflow/.local/lib/python3.7/site-packages/airflow/example_dags/example_short_circuit_decorator.py took 0.142 seconds
[2023-12-21T16:52:24.560+0000] {processor.py:154} INFO - Started process (PID=2008) to work on /home/airflow/.local/lib/python3.7/site-packages/airflow/example_dags/example_short_circuit_decorator.py
[2023-12-21T16:52:24.560+0000] {processor.py:756} INFO - Processing file /home/airflow/.local/lib/python3.7/site-packages/airflow/example_dags/example_short_circuit_decorator.py for tasks to queue
[2023-12-21T16:52:24.561+0000] {logging_mixin.py:120} INFO - [2023-12-21T16:52:24.561+0000] {dagbag.py:537} INFO - Filling up the DagBag from /home/airflow/.local/lib/python3.7/site-packages/airflow/example_dags/example_short_circuit_decorator.py
[2023-12-21T16:52:24.583+0000] {processor.py:766} INFO - DAG(s) dict_keys(['example_short_circuit_decorator']) retrieved from /home/airflow/.local/lib/python3.7/site-packages/airflow/example_dags/example_short_circuit_decorator.py
[2023-12-21T16:52:24.622+0000] {logging_mixin.py:120} INFO - [2023-12-21T16:52:24.622+0000] {dag.py:2585} INFO - Sync 1 DAGs
[2023-12-21T16:52:24.643+0000] {logging_mixin.py:120} INFO - [2023-12-21T16:52:24.643+0000] {dag.py:3340} INFO - Setting next_dagrun for example_short_circuit_decorator to 2023-12-20T16:52:24.643242+00:00, run_after=2023-12-21T16:52:24.643242+00:00
[2023-12-21T16:52:24.671+0000] {processor.py:176} INFO - Processing /home/airflow/.local/lib/python3.7/site-packages/airflow/example_dags/example_short_circuit_decorator.py took 0.114 seconds
[2023-12-21T16:52:55.274+0000] {processor.py:154} INFO - Started process (PID=2062) to work on /home/airflow/.local/lib/python3.7/site-packages/airflow/example_dags/example_short_circuit_decorator.py
[2023-12-21T16:52:55.274+0000] {processor.py:756} INFO - Processing file /home/airflow/.local/lib/python3.7/site-packages/airflow/example_dags/example_short_circuit_decorator.py for tasks to queue
[2023-12-21T16:52:55.275+0000] {logging_mixin.py:120} INFO - [2023-12-21T16:52:55.275+0000] {dagbag.py:537} INFO - Filling up the DagBag from /home/airflow/.local/lib/python3.7/site-packages/airflow/example_dags/example_short_circuit_decorator.py
[2023-12-21T16:52:55.296+0000] {processor.py:766} INFO - DAG(s) dict_keys(['example_short_circuit_decorator']) retrieved from /home/airflow/.local/lib/python3.7/site-packages/airflow/example_dags/example_short_circuit_decorator.py
[2023-12-21T16:52:55.333+0000] {logging_mixin.py:120} INFO - [2023-12-21T16:52:55.333+0000] {dag.py:2585} INFO - Sync 1 DAGs
[2023-12-21T16:52:55.356+0000] {logging_mixin.py:120} INFO - [2023-12-21T16:52:55.356+0000] {dag.py:3340} INFO - Setting next_dagrun for example_short_circuit_decorator to 2023-12-20T16:52:55.356430+00:00, run_after=2023-12-21T16:52:55.356430+00:00
[2023-12-21T16:52:55.379+0000] {processor.py:176} INFO - Processing /home/airflow/.local/lib/python3.7/site-packages/airflow/example_dags/example_short_circuit_decorator.py took 0.108 seconds
[2023-12-21T16:53:26.177+0000] {processor.py:154} INFO - Started process (PID=2125) to work on /home/airflow/.local/lib/python3.7/site-packages/airflow/example_dags/example_short_circuit_decorator.py
[2023-12-21T16:53:26.178+0000] {processor.py:756} INFO - Processing file /home/airflow/.local/lib/python3.7/site-packages/airflow/example_dags/example_short_circuit_decorator.py for tasks to queue
[2023-12-21T16:53:26.179+0000] {logging_mixin.py:120} INFO - [2023-12-21T16:53:26.179+0000] {dagbag.py:537} INFO - Filling up the DagBag from /home/airflow/.local/lib/python3.7/site-packages/airflow/example_dags/example_short_circuit_decorator.py
[2023-12-21T16:53:26.215+0000] {processor.py:766} INFO - DAG(s) dict_keys(['example_short_circuit_decorator']) retrieved from /home/airflow/.local/lib/python3.7/site-packages/airflow/example_dags/example_short_circuit_decorator.py
[2023-12-21T16:53:26.255+0000] {logging_mixin.py:120} INFO - [2023-12-21T16:53:26.255+0000] {dag.py:2585} INFO - Sync 1 DAGs
[2023-12-21T16:53:26.276+0000] {logging_mixin.py:120} INFO - [2023-12-21T16:53:26.276+0000] {dag.py:3340} INFO - Setting next_dagrun for example_short_circuit_decorator to 2023-12-20T16:53:26.276488+00:00, run_after=2023-12-21T16:53:26.276488+00:00
[2023-12-21T16:53:26.303+0000] {processor.py:176} INFO - Processing /home/airflow/.local/lib/python3.7/site-packages/airflow/example_dags/example_short_circuit_decorator.py took 0.129 seconds
[2023-12-21T16:53:57.041+0000] {processor.py:154} INFO - Started process (PID=2189) to work on /home/airflow/.local/lib/python3.7/site-packages/airflow/example_dags/example_short_circuit_decorator.py
[2023-12-21T16:53:57.041+0000] {processor.py:756} INFO - Processing file /home/airflow/.local/lib/python3.7/site-packages/airflow/example_dags/example_short_circuit_decorator.py for tasks to queue
[2023-12-21T16:53:57.042+0000] {logging_mixin.py:120} INFO - [2023-12-21T16:53:57.042+0000] {dagbag.py:537} INFO - Filling up the DagBag from /home/airflow/.local/lib/python3.7/site-packages/airflow/example_dags/example_short_circuit_decorator.py
[2023-12-21T16:53:57.062+0000] {processor.py:766} INFO - DAG(s) dict_keys(['example_short_circuit_decorator']) retrieved from /home/airflow/.local/lib/python3.7/site-packages/airflow/example_dags/example_short_circuit_decorator.py
[2023-12-21T16:53:57.107+0000] {logging_mixin.py:120} INFO - [2023-12-21T16:53:57.107+0000] {dag.py:2585} INFO - Sync 1 DAGs
[2023-12-21T16:53:57.136+0000] {logging_mixin.py:120} INFO - [2023-12-21T16:53:57.136+0000] {dag.py:3340} INFO - Setting next_dagrun for example_short_circuit_decorator to 2023-12-20T16:53:57.136450+00:00, run_after=2023-12-21T16:53:57.136450+00:00
[2023-12-21T16:53:57.165+0000] {processor.py:176} INFO - Processing /home/airflow/.local/lib/python3.7/site-packages/airflow/example_dags/example_short_circuit_decorator.py took 0.127 seconds
[2023-12-21T16:54:27.830+0000] {processor.py:154} INFO - Started process (PID=2252) to work on /home/airflow/.local/lib/python3.7/site-packages/airflow/example_dags/example_short_circuit_decorator.py
[2023-12-21T16:54:27.830+0000] {processor.py:756} INFO - Processing file /home/airflow/.local/lib/python3.7/site-packages/airflow/example_dags/example_short_circuit_decorator.py for tasks to queue
[2023-12-21T16:54:27.831+0000] {logging_mixin.py:120} INFO - [2023-12-21T16:54:27.831+0000] {dagbag.py:537} INFO - Filling up the DagBag from /home/airflow/.local/lib/python3.7/site-packages/airflow/example_dags/example_short_circuit_decorator.py
[2023-12-21T16:54:27.852+0000] {processor.py:766} INFO - DAG(s) dict_keys(['example_short_circuit_decorator']) retrieved from /home/airflow/.local/lib/python3.7/site-packages/airflow/example_dags/example_short_circuit_decorator.py
[2023-12-21T16:54:27.894+0000] {logging_mixin.py:120} INFO - [2023-12-21T16:54:27.894+0000] {dag.py:2585} INFO - Sync 1 DAGs
[2023-12-21T16:54:27.916+0000] {logging_mixin.py:120} INFO - [2023-12-21T16:54:27.916+0000] {dag.py:3340} INFO - Setting next_dagrun for example_short_circuit_decorator to 2023-12-20T16:54:27.916038+00:00, run_after=2023-12-21T16:54:27.916038+00:00
[2023-12-21T16:54:27.949+0000] {processor.py:176} INFO - Processing /home/airflow/.local/lib/python3.7/site-packages/airflow/example_dags/example_short_circuit_decorator.py took 0.121 seconds
[2023-12-21T16:54:58.685+0000] {processor.py:154} INFO - Started process (PID=2306) to work on /home/airflow/.local/lib/python3.7/site-packages/airflow/example_dags/example_short_circuit_decorator.py
[2023-12-21T16:54:58.686+0000] {processor.py:756} INFO - Processing file /home/airflow/.local/lib/python3.7/site-packages/airflow/example_dags/example_short_circuit_decorator.py for tasks to queue
[2023-12-21T16:54:58.686+0000] {logging_mixin.py:120} INFO - [2023-12-21T16:54:58.686+0000] {dagbag.py:537} INFO - Filling up the DagBag from /home/airflow/.local/lib/python3.7/site-packages/airflow/example_dags/example_short_circuit_decorator.py
[2023-12-21T16:54:58.707+0000] {processor.py:766} INFO - DAG(s) dict_keys(['example_short_circuit_decorator']) retrieved from /home/airflow/.local/lib/python3.7/site-packages/airflow/example_dags/example_short_circuit_decorator.py
[2023-12-21T16:54:58.744+0000] {logging_mixin.py:120} INFO - [2023-12-21T16:54:58.744+0000] {dag.py:2585} INFO - Sync 1 DAGs
[2023-12-21T16:54:58.766+0000] {logging_mixin.py:120} INFO - [2023-12-21T16:54:58.766+0000] {dag.py:3340} INFO - Setting next_dagrun for example_short_circuit_decorator to 2023-12-20T16:54:58.765817+00:00, run_after=2023-12-21T16:54:58.765817+00:00
[2023-12-21T16:54:58.791+0000] {processor.py:176} INFO - Processing /home/airflow/.local/lib/python3.7/site-packages/airflow/example_dags/example_short_circuit_decorator.py took 0.108 seconds
[2023-12-21T16:55:29.372+0000] {processor.py:154} INFO - Started process (PID=2369) to work on /home/airflow/.local/lib/python3.7/site-packages/airflow/example_dags/example_short_circuit_decorator.py
[2023-12-21T16:55:29.373+0000] {processor.py:756} INFO - Processing file /home/airflow/.local/lib/python3.7/site-packages/airflow/example_dags/example_short_circuit_decorator.py for tasks to queue
[2023-12-21T16:55:29.373+0000] {logging_mixin.py:120} INFO - [2023-12-21T16:55:29.373+0000] {dagbag.py:537} INFO - Filling up the DagBag from /home/airflow/.local/lib/python3.7/site-packages/airflow/example_dags/example_short_circuit_decorator.py
[2023-12-21T16:55:29.403+0000] {processor.py:766} INFO - DAG(s) dict_keys(['example_short_circuit_decorator']) retrieved from /home/airflow/.local/lib/python3.7/site-packages/airflow/example_dags/example_short_circuit_decorator.py
[2023-12-21T16:55:29.462+0000] {logging_mixin.py:120} INFO - [2023-12-21T16:55:29.462+0000] {dag.py:2585} INFO - Sync 1 DAGs
[2023-12-21T16:55:29.503+0000] {logging_mixin.py:120} INFO - [2023-12-21T16:55:29.503+0000] {dag.py:3340} INFO - Setting next_dagrun for example_short_circuit_decorator to 2023-12-20T16:55:29.503138+00:00, run_after=2023-12-21T16:55:29.503138+00:00
[2023-12-21T16:55:29.533+0000] {processor.py:176} INFO - Processing /home/airflow/.local/lib/python3.7/site-packages/airflow/example_dags/example_short_circuit_decorator.py took 0.164 seconds
[2023-12-21T16:56:00.189+0000] {processor.py:154} INFO - Started process (PID=2432) to work on /home/airflow/.local/lib/python3.7/site-packages/airflow/example_dags/example_short_circuit_decorator.py
[2023-12-21T16:56:00.190+0000] {processor.py:756} INFO - Processing file /home/airflow/.local/lib/python3.7/site-packages/airflow/example_dags/example_short_circuit_decorator.py for tasks to queue
[2023-12-21T16:56:00.190+0000] {logging_mixin.py:120} INFO - [2023-12-21T16:56:00.190+0000] {dagbag.py:537} INFO - Filling up the DagBag from /home/airflow/.local/lib/python3.7/site-packages/airflow/example_dags/example_short_circuit_decorator.py
[2023-12-21T16:56:00.211+0000] {processor.py:766} INFO - DAG(s) dict_keys(['example_short_circuit_decorator']) retrieved from /home/airflow/.local/lib/python3.7/site-packages/airflow/example_dags/example_short_circuit_decorator.py
[2023-12-21T16:56:00.250+0000] {logging_mixin.py:120} INFO - [2023-12-21T16:56:00.250+0000] {dag.py:2585} INFO - Sync 1 DAGs
[2023-12-21T16:56:00.273+0000] {logging_mixin.py:120} INFO - [2023-12-21T16:56:00.272+0000] {dag.py:3340} INFO - Setting next_dagrun for example_short_circuit_decorator to 2023-12-20T16:56:00.272710+00:00, run_after=2023-12-21T16:56:00.272710+00:00
[2023-12-21T16:56:00.296+0000] {processor.py:176} INFO - Processing /home/airflow/.local/lib/python3.7/site-packages/airflow/example_dags/example_short_circuit_decorator.py took 0.110 seconds
[2023-12-21T16:56:30.843+0000] {processor.py:154} INFO - Started process (PID=2495) to work on /home/airflow/.local/lib/python3.7/site-packages/airflow/example_dags/example_short_circuit_decorator.py
[2023-12-21T16:56:30.844+0000] {processor.py:756} INFO - Processing file /home/airflow/.local/lib/python3.7/site-packages/airflow/example_dags/example_short_circuit_decorator.py for tasks to queue
[2023-12-21T16:56:30.844+0000] {logging_mixin.py:120} INFO - [2023-12-21T16:56:30.844+0000] {dagbag.py:537} INFO - Filling up the DagBag from /home/airflow/.local/lib/python3.7/site-packages/airflow/example_dags/example_short_circuit_decorator.py
[2023-12-21T16:56:30.873+0000] {processor.py:766} INFO - DAG(s) dict_keys(['example_short_circuit_decorator']) retrieved from /home/airflow/.local/lib/python3.7/site-packages/airflow/example_dags/example_short_circuit_decorator.py
[2023-12-21T16:56:30.922+0000] {logging_mixin.py:120} INFO - [2023-12-21T16:56:30.922+0000] {dag.py:2585} INFO - Sync 1 DAGs
[2023-12-21T16:56:30.954+0000] {logging_mixin.py:120} INFO - [2023-12-21T16:56:30.954+0000] {dag.py:3340} INFO - Setting next_dagrun for example_short_circuit_decorator to 2023-12-20T16:56:30.954166+00:00, run_after=2023-12-21T16:56:30.954166+00:00
[2023-12-21T16:56:30.983+0000] {processor.py:176} INFO - Processing /home/airflow/.local/lib/python3.7/site-packages/airflow/example_dags/example_short_circuit_decorator.py took 0.143 seconds
[2023-12-21T16:57:01.488+0000] {processor.py:154} INFO - Started process (PID=2550) to work on /home/airflow/.local/lib/python3.7/site-packages/airflow/example_dags/example_short_circuit_decorator.py
[2023-12-21T16:57:01.488+0000] {processor.py:756} INFO - Processing file /home/airflow/.local/lib/python3.7/site-packages/airflow/example_dags/example_short_circuit_decorator.py for tasks to queue
[2023-12-21T16:57:01.489+0000] {logging_mixin.py:120} INFO - [2023-12-21T16:57:01.489+0000] {dagbag.py:537} INFO - Filling up the DagBag from /home/airflow/.local/lib/python3.7/site-packages/airflow/example_dags/example_short_circuit_decorator.py
[2023-12-21T16:57:01.520+0000] {processor.py:766} INFO - DAG(s) dict_keys(['example_short_circuit_decorator']) retrieved from /home/airflow/.local/lib/python3.7/site-packages/airflow/example_dags/example_short_circuit_decorator.py
[2023-12-21T16:57:01.580+0000] {logging_mixin.py:120} INFO - [2023-12-21T16:57:01.580+0000] {dag.py:2585} INFO - Sync 1 DAGs
[2023-12-21T16:57:01.613+0000] {logging_mixin.py:120} INFO - [2023-12-21T16:57:01.613+0000] {dag.py:3340} INFO - Setting next_dagrun for example_short_circuit_decorator to 2023-12-20T16:57:01.613496+00:00, run_after=2023-12-21T16:57:01.613496+00:00
[2023-12-21T16:57:01.693+0000] {processor.py:176} INFO - Processing /home/airflow/.local/lib/python3.7/site-packages/airflow/example_dags/example_short_circuit_decorator.py took 0.209 seconds
[2023-12-21T16:59:48.371+0000] {processor.py:154} INFO - Started process (PID=64) to work on /home/airflow/.local/lib/python3.7/site-packages/airflow/example_dags/example_short_circuit_decorator.py
[2023-12-21T16:59:48.376+0000] {processor.py:756} INFO - Processing file /home/airflow/.local/lib/python3.7/site-packages/airflow/example_dags/example_short_circuit_decorator.py for tasks to queue
[2023-12-21T16:59:48.377+0000] {logging_mixin.py:120} INFO - [2023-12-21T16:59:48.377+0000] {dagbag.py:537} INFO - Filling up the DagBag from /home/airflow/.local/lib/python3.7/site-packages/airflow/example_dags/example_short_circuit_decorator.py
[2023-12-21T16:59:48.403+0000] {processor.py:766} INFO - DAG(s) dict_keys(['example_short_circuit_decorator']) retrieved from /home/airflow/.local/lib/python3.7/site-packages/airflow/example_dags/example_short_circuit_decorator.py
[2023-12-21T16:59:48.494+0000] {logging_mixin.py:120} INFO - [2023-12-21T16:59:48.494+0000] {dag.py:2585} INFO - Sync 1 DAGs
[2023-12-21T16:59:48.525+0000] {logging_mixin.py:120} INFO - [2023-12-21T16:59:48.525+0000] {dag.py:3340} INFO - Setting next_dagrun for example_short_circuit_decorator to 2023-12-20T16:59:48.525064+00:00, run_after=2023-12-21T16:59:48.525064+00:00
[2023-12-21T16:59:48.555+0000] {processor.py:176} INFO - Processing /home/airflow/.local/lib/python3.7/site-packages/airflow/example_dags/example_short_circuit_decorator.py took 0.187 seconds
