[2023-12-21T16:35:59.846+0000] {processor.py:154} INFO - Started process (PID=56) to work on /home/airflow/.local/lib/python3.7/site-packages/airflow/example_dags/example_local_kubernetes_executor.py
[2023-12-21T16:35:59.846+0000] {processor.py:756} INFO - Processing file /home/airflow/.local/lib/python3.7/site-packages/airflow/example_dags/example_local_kubernetes_executor.py for tasks to queue
[2023-12-21T16:35:59.847+0000] {logging_mixin.py:120} INFO - [2023-12-21T16:35:59.847+0000] {dagbag.py:537} INFO - Filling up the DagBag from /home/airflow/.local/lib/python3.7/site-packages/airflow/example_dags/example_local_kubernetes_executor.py
[2023-12-21T16:35:59.877+0000] {processor.py:766} INFO - DAG(s) dict_keys(['example_local_kubernetes_executor']) retrieved from /home/airflow/.local/lib/python3.7/site-packages/airflow/example_dags/example_local_kubernetes_executor.py
[2023-12-21T16:36:00.146+0000] {logging_mixin.py:120} INFO - [2023-12-21T16:36:00.146+0000] {manager.py:507} INFO - Created Permission View: can read on DAG:example_local_kubernetes_executor
[2023-12-21T16:36:00.178+0000] {logging_mixin.py:120} INFO - [2023-12-21T16:36:00.178+0000] {manager.py:507} INFO - Created Permission View: can delete on DAG:example_local_kubernetes_executor
[2023-12-21T16:36:00.194+0000] {logging_mixin.py:120} INFO - [2023-12-21T16:36:00.194+0000] {manager.py:507} INFO - Created Permission View: can edit on DAG:example_local_kubernetes_executor
[2023-12-21T16:36:00.194+0000] {logging_mixin.py:120} INFO - [2023-12-21T16:36:00.194+0000] {dag.py:2585} INFO - Sync 1 DAGs
[2023-12-21T16:36:00.215+0000] {logging_mixin.py:120} INFO - [2023-12-21T16:36:00.214+0000] {dag.py:2606} INFO - Creating ORM DAG for example_local_kubernetes_executor
[2023-12-21T16:36:00.244+0000] {logging_mixin.py:120} INFO - [2023-12-21T16:36:00.244+0000] {dag.py:3340} INFO - Setting next_dagrun for example_local_kubernetes_executor to None, run_after=None
[2023-12-21T16:36:00.288+0000] {processor.py:176} INFO - Processing /home/airflow/.local/lib/python3.7/site-packages/airflow/example_dags/example_local_kubernetes_executor.py took 0.446 seconds
[2023-12-21T16:36:30.681+0000] {processor.py:154} INFO - Started process (PID=119) to work on /home/airflow/.local/lib/python3.7/site-packages/airflow/example_dags/example_local_kubernetes_executor.py
[2023-12-21T16:36:30.682+0000] {processor.py:756} INFO - Processing file /home/airflow/.local/lib/python3.7/site-packages/airflow/example_dags/example_local_kubernetes_executor.py for tasks to queue
[2023-12-21T16:36:30.683+0000] {logging_mixin.py:120} INFO - [2023-12-21T16:36:30.683+0000] {dagbag.py:537} INFO - Filling up the DagBag from /home/airflow/.local/lib/python3.7/site-packages/airflow/example_dags/example_local_kubernetes_executor.py
[2023-12-21T16:36:30.713+0000] {processor.py:766} INFO - DAG(s) dict_keys(['example_local_kubernetes_executor']) retrieved from /home/airflow/.local/lib/python3.7/site-packages/airflow/example_dags/example_local_kubernetes_executor.py
[2023-12-21T16:36:30.763+0000] {logging_mixin.py:120} INFO - [2023-12-21T16:36:30.763+0000] {dag.py:2585} INFO - Sync 1 DAGs
[2023-12-21T16:36:30.804+0000] {logging_mixin.py:120} INFO - [2023-12-21T16:36:30.803+0000] {dag.py:3340} INFO - Setting next_dagrun for example_local_kubernetes_executor to None, run_after=None
[2023-12-21T16:36:30.837+0000] {processor.py:176} INFO - Processing /home/airflow/.local/lib/python3.7/site-packages/airflow/example_dags/example_local_kubernetes_executor.py took 0.159 seconds
[2023-12-21T16:37:01.464+0000] {processor.py:154} INFO - Started process (PID=174) to work on /home/airflow/.local/lib/python3.7/site-packages/airflow/example_dags/example_local_kubernetes_executor.py
[2023-12-21T16:37:01.464+0000] {processor.py:756} INFO - Processing file /home/airflow/.local/lib/python3.7/site-packages/airflow/example_dags/example_local_kubernetes_executor.py for tasks to queue
[2023-12-21T16:37:01.465+0000] {logging_mixin.py:120} INFO - [2023-12-21T16:37:01.465+0000] {dagbag.py:537} INFO - Filling up the DagBag from /home/airflow/.local/lib/python3.7/site-packages/airflow/example_dags/example_local_kubernetes_executor.py
[2023-12-21T16:37:01.494+0000] {processor.py:766} INFO - DAG(s) dict_keys(['example_local_kubernetes_executor']) retrieved from /home/airflow/.local/lib/python3.7/site-packages/airflow/example_dags/example_local_kubernetes_executor.py
[2023-12-21T16:37:01.526+0000] {logging_mixin.py:120} INFO - [2023-12-21T16:37:01.526+0000] {dag.py:2585} INFO - Sync 1 DAGs
[2023-12-21T16:37:01.548+0000] {logging_mixin.py:120} INFO - [2023-12-21T16:37:01.548+0000] {dag.py:3340} INFO - Setting next_dagrun for example_local_kubernetes_executor to None, run_after=None
[2023-12-21T16:37:01.574+0000] {processor.py:176} INFO - Processing /home/airflow/.local/lib/python3.7/site-packages/airflow/example_dags/example_local_kubernetes_executor.py took 0.116 seconds
[2023-12-21T16:37:32.190+0000] {processor.py:154} INFO - Started process (PID=237) to work on /home/airflow/.local/lib/python3.7/site-packages/airflow/example_dags/example_local_kubernetes_executor.py
[2023-12-21T16:37:32.191+0000] {processor.py:756} INFO - Processing file /home/airflow/.local/lib/python3.7/site-packages/airflow/example_dags/example_local_kubernetes_executor.py for tasks to queue
[2023-12-21T16:37:32.191+0000] {logging_mixin.py:120} INFO - [2023-12-21T16:37:32.191+0000] {dagbag.py:537} INFO - Filling up the DagBag from /home/airflow/.local/lib/python3.7/site-packages/airflow/example_dags/example_local_kubernetes_executor.py
[2023-12-21T16:37:32.213+0000] {processor.py:766} INFO - DAG(s) dict_keys(['example_local_kubernetes_executor']) retrieved from /home/airflow/.local/lib/python3.7/site-packages/airflow/example_dags/example_local_kubernetes_executor.py
[2023-12-21T16:37:32.252+0000] {logging_mixin.py:120} INFO - [2023-12-21T16:37:32.251+0000] {dag.py:2585} INFO - Sync 1 DAGs
[2023-12-21T16:37:32.272+0000] {logging_mixin.py:120} INFO - [2023-12-21T16:37:32.272+0000] {dag.py:3340} INFO - Setting next_dagrun for example_local_kubernetes_executor to None, run_after=None
[2023-12-21T16:37:32.293+0000] {processor.py:176} INFO - Processing /home/airflow/.local/lib/python3.7/site-packages/airflow/example_dags/example_local_kubernetes_executor.py took 0.106 seconds
[2023-12-21T16:38:02.949+0000] {processor.py:154} INFO - Started process (PID=301) to work on /home/airflow/.local/lib/python3.7/site-packages/airflow/example_dags/example_local_kubernetes_executor.py
[2023-12-21T16:38:02.949+0000] {processor.py:756} INFO - Processing file /home/airflow/.local/lib/python3.7/site-packages/airflow/example_dags/example_local_kubernetes_executor.py for tasks to queue
[2023-12-21T16:38:02.950+0000] {logging_mixin.py:120} INFO - [2023-12-21T16:38:02.950+0000] {dagbag.py:537} INFO - Filling up the DagBag from /home/airflow/.local/lib/python3.7/site-packages/airflow/example_dags/example_local_kubernetes_executor.py
[2023-12-21T16:38:02.973+0000] {processor.py:766} INFO - DAG(s) dict_keys(['example_local_kubernetes_executor']) retrieved from /home/airflow/.local/lib/python3.7/site-packages/airflow/example_dags/example_local_kubernetes_executor.py
[2023-12-21T16:38:03.007+0000] {logging_mixin.py:120} INFO - [2023-12-21T16:38:03.007+0000] {dag.py:2585} INFO - Sync 1 DAGs
[2023-12-21T16:38:03.027+0000] {logging_mixin.py:120} INFO - [2023-12-21T16:38:03.027+0000] {dag.py:3340} INFO - Setting next_dagrun for example_local_kubernetes_executor to None, run_after=None
[2023-12-21T16:38:03.047+0000] {processor.py:176} INFO - Processing /home/airflow/.local/lib/python3.7/site-packages/airflow/example_dags/example_local_kubernetes_executor.py took 0.101 seconds
[2023-12-21T16:38:33.884+0000] {processor.py:154} INFO - Started process (PID=364) to work on /home/airflow/.local/lib/python3.7/site-packages/airflow/example_dags/example_local_kubernetes_executor.py
[2023-12-21T16:38:33.885+0000] {processor.py:756} INFO - Processing file /home/airflow/.local/lib/python3.7/site-packages/airflow/example_dags/example_local_kubernetes_executor.py for tasks to queue
[2023-12-21T16:38:33.885+0000] {logging_mixin.py:120} INFO - [2023-12-21T16:38:33.885+0000] {dagbag.py:537} INFO - Filling up the DagBag from /home/airflow/.local/lib/python3.7/site-packages/airflow/example_dags/example_local_kubernetes_executor.py
[2023-12-21T16:38:33.914+0000] {processor.py:766} INFO - DAG(s) dict_keys(['example_local_kubernetes_executor']) retrieved from /home/airflow/.local/lib/python3.7/site-packages/airflow/example_dags/example_local_kubernetes_executor.py
[2023-12-21T16:38:33.966+0000] {logging_mixin.py:120} INFO - [2023-12-21T16:38:33.965+0000] {dag.py:2585} INFO - Sync 1 DAGs
[2023-12-21T16:38:34.004+0000] {logging_mixin.py:120} INFO - [2023-12-21T16:38:34.004+0000] {dag.py:3340} INFO - Setting next_dagrun for example_local_kubernetes_executor to None, run_after=None
[2023-12-21T16:38:34.035+0000] {processor.py:176} INFO - Processing /home/airflow/.local/lib/python3.7/site-packages/airflow/example_dags/example_local_kubernetes_executor.py took 0.154 seconds
[2023-12-21T16:39:04.240+0000] {processor.py:154} INFO - Started process (PID=418) to work on /home/airflow/.local/lib/python3.7/site-packages/airflow/example_dags/example_local_kubernetes_executor.py
[2023-12-21T16:39:04.241+0000] {processor.py:756} INFO - Processing file /home/airflow/.local/lib/python3.7/site-packages/airflow/example_dags/example_local_kubernetes_executor.py for tasks to queue
[2023-12-21T16:39:04.241+0000] {logging_mixin.py:120} INFO - [2023-12-21T16:39:04.241+0000] {dagbag.py:537} INFO - Filling up the DagBag from /home/airflow/.local/lib/python3.7/site-packages/airflow/example_dags/example_local_kubernetes_executor.py
[2023-12-21T16:39:04.264+0000] {processor.py:766} INFO - DAG(s) dict_keys(['example_local_kubernetes_executor']) retrieved from /home/airflow/.local/lib/python3.7/site-packages/airflow/example_dags/example_local_kubernetes_executor.py
[2023-12-21T16:39:04.320+0000] {logging_mixin.py:120} INFO - [2023-12-21T16:39:04.319+0000] {dag.py:2585} INFO - Sync 1 DAGs
[2023-12-21T16:39:04.349+0000] {logging_mixin.py:120} INFO - [2023-12-21T16:39:04.349+0000] {dag.py:3340} INFO - Setting next_dagrun for example_local_kubernetes_executor to None, run_after=None
[2023-12-21T16:39:04.370+0000] {processor.py:176} INFO - Processing /home/airflow/.local/lib/python3.7/site-packages/airflow/example_dags/example_local_kubernetes_executor.py took 0.132 seconds
[2023-12-21T16:39:34.997+0000] {processor.py:154} INFO - Started process (PID=481) to work on /home/airflow/.local/lib/python3.7/site-packages/airflow/example_dags/example_local_kubernetes_executor.py
[2023-12-21T16:39:34.998+0000] {processor.py:756} INFO - Processing file /home/airflow/.local/lib/python3.7/site-packages/airflow/example_dags/example_local_kubernetes_executor.py for tasks to queue
[2023-12-21T16:39:34.998+0000] {logging_mixin.py:120} INFO - [2023-12-21T16:39:34.998+0000] {dagbag.py:537} INFO - Filling up the DagBag from /home/airflow/.local/lib/python3.7/site-packages/airflow/example_dags/example_local_kubernetes_executor.py
[2023-12-21T16:39:35.018+0000] {processor.py:766} INFO - DAG(s) dict_keys(['example_local_kubernetes_executor']) retrieved from /home/airflow/.local/lib/python3.7/site-packages/airflow/example_dags/example_local_kubernetes_executor.py
[2023-12-21T16:39:35.050+0000] {logging_mixin.py:120} INFO - [2023-12-21T16:39:35.050+0000] {dag.py:2585} INFO - Sync 1 DAGs
[2023-12-21T16:39:35.069+0000] {logging_mixin.py:120} INFO - [2023-12-21T16:39:35.069+0000] {dag.py:3340} INFO - Setting next_dagrun for example_local_kubernetes_executor to None, run_after=None
[2023-12-21T16:39:35.089+0000] {processor.py:176} INFO - Processing /home/airflow/.local/lib/python3.7/site-packages/airflow/example_dags/example_local_kubernetes_executor.py took 0.094 seconds
[2023-12-21T16:40:05.559+0000] {processor.py:154} INFO - Started process (PID=544) to work on /home/airflow/.local/lib/python3.7/site-packages/airflow/example_dags/example_local_kubernetes_executor.py
[2023-12-21T16:40:05.561+0000] {processor.py:756} INFO - Processing file /home/airflow/.local/lib/python3.7/site-packages/airflow/example_dags/example_local_kubernetes_executor.py for tasks to queue
[2023-12-21T16:40:05.562+0000] {logging_mixin.py:120} INFO - [2023-12-21T16:40:05.562+0000] {dagbag.py:537} INFO - Filling up the DagBag from /home/airflow/.local/lib/python3.7/site-packages/airflow/example_dags/example_local_kubernetes_executor.py
[2023-12-21T16:40:05.586+0000] {processor.py:766} INFO - DAG(s) dict_keys(['example_local_kubernetes_executor']) retrieved from /home/airflow/.local/lib/python3.7/site-packages/airflow/example_dags/example_local_kubernetes_executor.py
[2023-12-21T16:40:05.630+0000] {logging_mixin.py:120} INFO - [2023-12-21T16:40:05.629+0000] {dag.py:2585} INFO - Sync 1 DAGs
[2023-12-21T16:40:05.660+0000] {logging_mixin.py:120} INFO - [2023-12-21T16:40:05.660+0000] {dag.py:3340} INFO - Setting next_dagrun for example_local_kubernetes_executor to None, run_after=None
[2023-12-21T16:40:05.685+0000] {processor.py:176} INFO - Processing /home/airflow/.local/lib/python3.7/site-packages/airflow/example_dags/example_local_kubernetes_executor.py took 0.129 seconds
[2023-12-21T16:40:36.269+0000] {processor.py:154} INFO - Started process (PID=607) to work on /home/airflow/.local/lib/python3.7/site-packages/airflow/example_dags/example_local_kubernetes_executor.py
[2023-12-21T16:40:36.270+0000] {processor.py:756} INFO - Processing file /home/airflow/.local/lib/python3.7/site-packages/airflow/example_dags/example_local_kubernetes_executor.py for tasks to queue
[2023-12-21T16:40:36.270+0000] {logging_mixin.py:120} INFO - [2023-12-21T16:40:36.270+0000] {dagbag.py:537} INFO - Filling up the DagBag from /home/airflow/.local/lib/python3.7/site-packages/airflow/example_dags/example_local_kubernetes_executor.py
[2023-12-21T16:40:36.289+0000] {processor.py:766} INFO - DAG(s) dict_keys(['example_local_kubernetes_executor']) retrieved from /home/airflow/.local/lib/python3.7/site-packages/airflow/example_dags/example_local_kubernetes_executor.py
[2023-12-21T16:40:36.323+0000] {logging_mixin.py:120} INFO - [2023-12-21T16:40:36.322+0000] {dag.py:2585} INFO - Sync 1 DAGs
[2023-12-21T16:40:36.343+0000] {logging_mixin.py:120} INFO - [2023-12-21T16:40:36.343+0000] {dag.py:3340} INFO - Setting next_dagrun for example_local_kubernetes_executor to None, run_after=None
[2023-12-21T16:40:36.363+0000] {processor.py:176} INFO - Processing /home/airflow/.local/lib/python3.7/site-packages/airflow/example_dags/example_local_kubernetes_executor.py took 0.097 seconds
[2023-12-21T16:41:07.038+0000] {processor.py:154} INFO - Started process (PID=661) to work on /home/airflow/.local/lib/python3.7/site-packages/airflow/example_dags/example_local_kubernetes_executor.py
[2023-12-21T16:41:07.039+0000] {processor.py:756} INFO - Processing file /home/airflow/.local/lib/python3.7/site-packages/airflow/example_dags/example_local_kubernetes_executor.py for tasks to queue
[2023-12-21T16:41:07.039+0000] {logging_mixin.py:120} INFO - [2023-12-21T16:41:07.039+0000] {dagbag.py:537} INFO - Filling up the DagBag from /home/airflow/.local/lib/python3.7/site-packages/airflow/example_dags/example_local_kubernetes_executor.py
[2023-12-21T16:41:07.060+0000] {processor.py:766} INFO - DAG(s) dict_keys(['example_local_kubernetes_executor']) retrieved from /home/airflow/.local/lib/python3.7/site-packages/airflow/example_dags/example_local_kubernetes_executor.py
[2023-12-21T16:41:07.094+0000] {logging_mixin.py:120} INFO - [2023-12-21T16:41:07.094+0000] {dag.py:2585} INFO - Sync 1 DAGs
[2023-12-21T16:41:07.114+0000] {logging_mixin.py:120} INFO - [2023-12-21T16:41:07.114+0000] {dag.py:3340} INFO - Setting next_dagrun for example_local_kubernetes_executor to None, run_after=None
[2023-12-21T16:41:07.134+0000] {processor.py:176} INFO - Processing /home/airflow/.local/lib/python3.7/site-packages/airflow/example_dags/example_local_kubernetes_executor.py took 0.099 seconds
[2023-12-21T16:41:37.738+0000] {processor.py:154} INFO - Started process (PID=724) to work on /home/airflow/.local/lib/python3.7/site-packages/airflow/example_dags/example_local_kubernetes_executor.py
[2023-12-21T16:41:37.739+0000] {processor.py:756} INFO - Processing file /home/airflow/.local/lib/python3.7/site-packages/airflow/example_dags/example_local_kubernetes_executor.py for tasks to queue
[2023-12-21T16:41:37.739+0000] {logging_mixin.py:120} INFO - [2023-12-21T16:41:37.739+0000] {dagbag.py:537} INFO - Filling up the DagBag from /home/airflow/.local/lib/python3.7/site-packages/airflow/example_dags/example_local_kubernetes_executor.py
[2023-12-21T16:41:37.760+0000] {processor.py:766} INFO - DAG(s) dict_keys(['example_local_kubernetes_executor']) retrieved from /home/airflow/.local/lib/python3.7/site-packages/airflow/example_dags/example_local_kubernetes_executor.py
[2023-12-21T16:41:37.793+0000] {logging_mixin.py:120} INFO - [2023-12-21T16:41:37.793+0000] {dag.py:2585} INFO - Sync 1 DAGs
[2023-12-21T16:41:37.814+0000] {logging_mixin.py:120} INFO - [2023-12-21T16:41:37.814+0000] {dag.py:3340} INFO - Setting next_dagrun for example_local_kubernetes_executor to None, run_after=None
[2023-12-21T16:41:37.837+0000] {processor.py:176} INFO - Processing /home/airflow/.local/lib/python3.7/site-packages/airflow/example_dags/example_local_kubernetes_executor.py took 0.101 seconds
[2023-12-21T16:42:08.379+0000] {processor.py:154} INFO - Started process (PID=788) to work on /home/airflow/.local/lib/python3.7/site-packages/airflow/example_dags/example_local_kubernetes_executor.py
[2023-12-21T16:42:08.379+0000] {processor.py:756} INFO - Processing file /home/airflow/.local/lib/python3.7/site-packages/airflow/example_dags/example_local_kubernetes_executor.py for tasks to queue
[2023-12-21T16:42:08.380+0000] {logging_mixin.py:120} INFO - [2023-12-21T16:42:08.379+0000] {dagbag.py:537} INFO - Filling up the DagBag from /home/airflow/.local/lib/python3.7/site-packages/airflow/example_dags/example_local_kubernetes_executor.py
[2023-12-21T16:42:08.399+0000] {processor.py:766} INFO - DAG(s) dict_keys(['example_local_kubernetes_executor']) retrieved from /home/airflow/.local/lib/python3.7/site-packages/airflow/example_dags/example_local_kubernetes_executor.py
[2023-12-21T16:42:08.438+0000] {logging_mixin.py:120} INFO - [2023-12-21T16:42:08.438+0000] {dag.py:2585} INFO - Sync 1 DAGs
[2023-12-21T16:42:08.460+0000] {logging_mixin.py:120} INFO - [2023-12-21T16:42:08.459+0000] {dag.py:3340} INFO - Setting next_dagrun for example_local_kubernetes_executor to None, run_after=None
[2023-12-21T16:42:08.481+0000] {processor.py:176} INFO - Processing /home/airflow/.local/lib/python3.7/site-packages/airflow/example_dags/example_local_kubernetes_executor.py took 0.105 seconds
[2023-12-21T16:42:39.314+0000] {processor.py:154} INFO - Started process (PID=851) to work on /home/airflow/.local/lib/python3.7/site-packages/airflow/example_dags/example_local_kubernetes_executor.py
[2023-12-21T16:42:39.315+0000] {processor.py:756} INFO - Processing file /home/airflow/.local/lib/python3.7/site-packages/airflow/example_dags/example_local_kubernetes_executor.py for tasks to queue
[2023-12-21T16:42:39.315+0000] {logging_mixin.py:120} INFO - [2023-12-21T16:42:39.315+0000] {dagbag.py:537} INFO - Filling up the DagBag from /home/airflow/.local/lib/python3.7/site-packages/airflow/example_dags/example_local_kubernetes_executor.py
[2023-12-21T16:42:39.350+0000] {processor.py:766} INFO - DAG(s) dict_keys(['example_local_kubernetes_executor']) retrieved from /home/airflow/.local/lib/python3.7/site-packages/airflow/example_dags/example_local_kubernetes_executor.py
[2023-12-21T16:42:39.385+0000] {logging_mixin.py:120} INFO - [2023-12-21T16:42:39.385+0000] {dag.py:2585} INFO - Sync 1 DAGs
[2023-12-21T16:42:39.407+0000] {logging_mixin.py:120} INFO - [2023-12-21T16:42:39.407+0000] {dag.py:3340} INFO - Setting next_dagrun for example_local_kubernetes_executor to None, run_after=None
[2023-12-21T16:42:39.429+0000] {processor.py:176} INFO - Processing /home/airflow/.local/lib/python3.7/site-packages/airflow/example_dags/example_local_kubernetes_executor.py took 0.121 seconds
[2023-12-21T16:43:10.048+0000] {processor.py:154} INFO - Started process (PID=905) to work on /home/airflow/.local/lib/python3.7/site-packages/airflow/example_dags/example_local_kubernetes_executor.py
[2023-12-21T16:43:10.049+0000] {processor.py:756} INFO - Processing file /home/airflow/.local/lib/python3.7/site-packages/airflow/example_dags/example_local_kubernetes_executor.py for tasks to queue
[2023-12-21T16:43:10.049+0000] {logging_mixin.py:120} INFO - [2023-12-21T16:43:10.049+0000] {dagbag.py:537} INFO - Filling up the DagBag from /home/airflow/.local/lib/python3.7/site-packages/airflow/example_dags/example_local_kubernetes_executor.py
[2023-12-21T16:43:10.070+0000] {processor.py:766} INFO - DAG(s) dict_keys(['example_local_kubernetes_executor']) retrieved from /home/airflow/.local/lib/python3.7/site-packages/airflow/example_dags/example_local_kubernetes_executor.py
[2023-12-21T16:43:10.102+0000] {logging_mixin.py:120} INFO - [2023-12-21T16:43:10.102+0000] {dag.py:2585} INFO - Sync 1 DAGs
[2023-12-21T16:43:10.124+0000] {logging_mixin.py:120} INFO - [2023-12-21T16:43:10.124+0000] {dag.py:3340} INFO - Setting next_dagrun for example_local_kubernetes_executor to None, run_after=None
[2023-12-21T16:43:10.146+0000] {processor.py:176} INFO - Processing /home/airflow/.local/lib/python3.7/site-packages/airflow/example_dags/example_local_kubernetes_executor.py took 0.101 seconds
[2023-12-21T16:43:40.540+0000] {processor.py:154} INFO - Started process (PID=968) to work on /home/airflow/.local/lib/python3.7/site-packages/airflow/example_dags/example_local_kubernetes_executor.py
[2023-12-21T16:43:40.541+0000] {processor.py:756} INFO - Processing file /home/airflow/.local/lib/python3.7/site-packages/airflow/example_dags/example_local_kubernetes_executor.py for tasks to queue
[2023-12-21T16:43:40.541+0000] {logging_mixin.py:120} INFO - [2023-12-21T16:43:40.541+0000] {dagbag.py:537} INFO - Filling up the DagBag from /home/airflow/.local/lib/python3.7/site-packages/airflow/example_dags/example_local_kubernetes_executor.py
[2023-12-21T16:43:40.568+0000] {processor.py:766} INFO - DAG(s) dict_keys(['example_local_kubernetes_executor']) retrieved from /home/airflow/.local/lib/python3.7/site-packages/airflow/example_dags/example_local_kubernetes_executor.py
[2023-12-21T16:43:40.619+0000] {logging_mixin.py:120} INFO - [2023-12-21T16:43:40.619+0000] {dag.py:2585} INFO - Sync 1 DAGs
[2023-12-21T16:43:40.651+0000] {logging_mixin.py:120} INFO - [2023-12-21T16:43:40.651+0000] {dag.py:3340} INFO - Setting next_dagrun for example_local_kubernetes_executor to None, run_after=None
[2023-12-21T16:43:40.678+0000] {processor.py:176} INFO - Processing /home/airflow/.local/lib/python3.7/site-packages/airflow/example_dags/example_local_kubernetes_executor.py took 0.142 seconds
[2023-12-21T16:44:11.255+0000] {processor.py:154} INFO - Started process (PID=1031) to work on /home/airflow/.local/lib/python3.7/site-packages/airflow/example_dags/example_local_kubernetes_executor.py
[2023-12-21T16:44:11.255+0000] {processor.py:756} INFO - Processing file /home/airflow/.local/lib/python3.7/site-packages/airflow/example_dags/example_local_kubernetes_executor.py for tasks to queue
[2023-12-21T16:44:11.256+0000] {logging_mixin.py:120} INFO - [2023-12-21T16:44:11.256+0000] {dagbag.py:537} INFO - Filling up the DagBag from /home/airflow/.local/lib/python3.7/site-packages/airflow/example_dags/example_local_kubernetes_executor.py
[2023-12-21T16:44:11.274+0000] {processor.py:766} INFO - DAG(s) dict_keys(['example_local_kubernetes_executor']) retrieved from /home/airflow/.local/lib/python3.7/site-packages/airflow/example_dags/example_local_kubernetes_executor.py
[2023-12-21T16:44:11.309+0000] {logging_mixin.py:120} INFO - [2023-12-21T16:44:11.309+0000] {dag.py:2585} INFO - Sync 1 DAGs
[2023-12-21T16:44:11.334+0000] {logging_mixin.py:120} INFO - [2023-12-21T16:44:11.334+0000] {dag.py:3340} INFO - Setting next_dagrun for example_local_kubernetes_executor to None, run_after=None
[2023-12-21T16:44:11.361+0000] {processor.py:176} INFO - Processing /home/airflow/.local/lib/python3.7/site-packages/airflow/example_dags/example_local_kubernetes_executor.py took 0.108 seconds
[2023-12-21T16:44:42.116+0000] {processor.py:154} INFO - Started process (PID=1095) to work on /home/airflow/.local/lib/python3.7/site-packages/airflow/example_dags/example_local_kubernetes_executor.py
[2023-12-21T16:44:42.117+0000] {processor.py:756} INFO - Processing file /home/airflow/.local/lib/python3.7/site-packages/airflow/example_dags/example_local_kubernetes_executor.py for tasks to queue
[2023-12-21T16:44:42.117+0000] {logging_mixin.py:120} INFO - [2023-12-21T16:44:42.117+0000] {dagbag.py:537} INFO - Filling up the DagBag from /home/airflow/.local/lib/python3.7/site-packages/airflow/example_dags/example_local_kubernetes_executor.py
[2023-12-21T16:44:42.138+0000] {processor.py:766} INFO - DAG(s) dict_keys(['example_local_kubernetes_executor']) retrieved from /home/airflow/.local/lib/python3.7/site-packages/airflow/example_dags/example_local_kubernetes_executor.py
[2023-12-21T16:44:42.175+0000] {logging_mixin.py:120} INFO - [2023-12-21T16:44:42.175+0000] {dag.py:2585} INFO - Sync 1 DAGs
[2023-12-21T16:44:42.206+0000] {logging_mixin.py:120} INFO - [2023-12-21T16:44:42.206+0000] {dag.py:3340} INFO - Setting next_dagrun for example_local_kubernetes_executor to None, run_after=None
[2023-12-21T16:44:42.236+0000] {processor.py:176} INFO - Processing /home/airflow/.local/lib/python3.7/site-packages/airflow/example_dags/example_local_kubernetes_executor.py took 0.122 seconds
[2023-12-21T16:45:13.039+0000] {processor.py:154} INFO - Started process (PID=1149) to work on /home/airflow/.local/lib/python3.7/site-packages/airflow/example_dags/example_local_kubernetes_executor.py
[2023-12-21T16:45:13.039+0000] {processor.py:756} INFO - Processing file /home/airflow/.local/lib/python3.7/site-packages/airflow/example_dags/example_local_kubernetes_executor.py for tasks to queue
[2023-12-21T16:45:13.040+0000] {logging_mixin.py:120} INFO - [2023-12-21T16:45:13.040+0000] {dagbag.py:537} INFO - Filling up the DagBag from /home/airflow/.local/lib/python3.7/site-packages/airflow/example_dags/example_local_kubernetes_executor.py
[2023-12-21T16:45:13.066+0000] {processor.py:766} INFO - DAG(s) dict_keys(['example_local_kubernetes_executor']) retrieved from /home/airflow/.local/lib/python3.7/site-packages/airflow/example_dags/example_local_kubernetes_executor.py
[2023-12-21T16:45:13.103+0000] {logging_mixin.py:120} INFO - [2023-12-21T16:45:13.102+0000] {dag.py:2585} INFO - Sync 1 DAGs
[2023-12-21T16:45:13.132+0000] {logging_mixin.py:120} INFO - [2023-12-21T16:45:13.132+0000] {dag.py:3340} INFO - Setting next_dagrun for example_local_kubernetes_executor to None, run_after=None
[2023-12-21T16:45:13.159+0000] {processor.py:176} INFO - Processing /home/airflow/.local/lib/python3.7/site-packages/airflow/example_dags/example_local_kubernetes_executor.py took 0.123 seconds
[2023-12-21T16:45:43.521+0000] {processor.py:154} INFO - Started process (PID=1211) to work on /home/airflow/.local/lib/python3.7/site-packages/airflow/example_dags/example_local_kubernetes_executor.py
[2023-12-21T16:45:43.522+0000] {processor.py:756} INFO - Processing file /home/airflow/.local/lib/python3.7/site-packages/airflow/example_dags/example_local_kubernetes_executor.py for tasks to queue
[2023-12-21T16:45:43.523+0000] {logging_mixin.py:120} INFO - [2023-12-21T16:45:43.522+0000] {dagbag.py:537} INFO - Filling up the DagBag from /home/airflow/.local/lib/python3.7/site-packages/airflow/example_dags/example_local_kubernetes_executor.py
[2023-12-21T16:45:43.541+0000] {processor.py:766} INFO - DAG(s) dict_keys(['example_local_kubernetes_executor']) retrieved from /home/airflow/.local/lib/python3.7/site-packages/airflow/example_dags/example_local_kubernetes_executor.py
[2023-12-21T16:45:43.577+0000] {logging_mixin.py:120} INFO - [2023-12-21T16:45:43.576+0000] {dag.py:2585} INFO - Sync 1 DAGs
[2023-12-21T16:45:43.597+0000] {logging_mixin.py:120} INFO - [2023-12-21T16:45:43.597+0000] {dag.py:3340} INFO - Setting next_dagrun for example_local_kubernetes_executor to None, run_after=None
[2023-12-21T16:45:43.621+0000] {processor.py:176} INFO - Processing /home/airflow/.local/lib/python3.7/site-packages/airflow/example_dags/example_local_kubernetes_executor.py took 0.102 seconds
[2023-12-21T16:46:14.360+0000] {processor.py:154} INFO - Started process (PID=1274) to work on /home/airflow/.local/lib/python3.7/site-packages/airflow/example_dags/example_local_kubernetes_executor.py
[2023-12-21T16:46:14.361+0000] {processor.py:756} INFO - Processing file /home/airflow/.local/lib/python3.7/site-packages/airflow/example_dags/example_local_kubernetes_executor.py for tasks to queue
[2023-12-21T16:46:14.361+0000] {logging_mixin.py:120} INFO - [2023-12-21T16:46:14.361+0000] {dagbag.py:537} INFO - Filling up the DagBag from /home/airflow/.local/lib/python3.7/site-packages/airflow/example_dags/example_local_kubernetes_executor.py
[2023-12-21T16:46:14.385+0000] {processor.py:766} INFO - DAG(s) dict_keys(['example_local_kubernetes_executor']) retrieved from /home/airflow/.local/lib/python3.7/site-packages/airflow/example_dags/example_local_kubernetes_executor.py
[2023-12-21T16:46:14.429+0000] {logging_mixin.py:120} INFO - [2023-12-21T16:46:14.429+0000] {dag.py:2585} INFO - Sync 1 DAGs
[2023-12-21T16:46:14.457+0000] {logging_mixin.py:120} INFO - [2023-12-21T16:46:14.457+0000] {dag.py:3340} INFO - Setting next_dagrun for example_local_kubernetes_executor to None, run_after=None
[2023-12-21T16:46:14.483+0000] {processor.py:176} INFO - Processing /home/airflow/.local/lib/python3.7/site-packages/airflow/example_dags/example_local_kubernetes_executor.py took 0.125 seconds
[2023-12-21T16:46:45.284+0000] {processor.py:154} INFO - Started process (PID=1336) to work on /home/airflow/.local/lib/python3.7/site-packages/airflow/example_dags/example_local_kubernetes_executor.py
[2023-12-21T16:46:45.285+0000] {processor.py:756} INFO - Processing file /home/airflow/.local/lib/python3.7/site-packages/airflow/example_dags/example_local_kubernetes_executor.py for tasks to queue
[2023-12-21T16:46:45.286+0000] {logging_mixin.py:120} INFO - [2023-12-21T16:46:45.285+0000] {dagbag.py:537} INFO - Filling up the DagBag from /home/airflow/.local/lib/python3.7/site-packages/airflow/example_dags/example_local_kubernetes_executor.py
[2023-12-21T16:46:45.315+0000] {processor.py:766} INFO - DAG(s) dict_keys(['example_local_kubernetes_executor']) retrieved from /home/airflow/.local/lib/python3.7/site-packages/airflow/example_dags/example_local_kubernetes_executor.py
[2023-12-21T16:46:45.366+0000] {logging_mixin.py:120} INFO - [2023-12-21T16:46:45.366+0000] {dag.py:2585} INFO - Sync 1 DAGs
[2023-12-21T16:46:45.397+0000] {logging_mixin.py:120} INFO - [2023-12-21T16:46:45.397+0000] {dag.py:3340} INFO - Setting next_dagrun for example_local_kubernetes_executor to None, run_after=None
[2023-12-21T16:46:45.427+0000] {processor.py:176} INFO - Processing /home/airflow/.local/lib/python3.7/site-packages/airflow/example_dags/example_local_kubernetes_executor.py took 0.147 seconds
[2023-12-21T16:47:15.541+0000] {processor.py:154} INFO - Started process (PID=1390) to work on /home/airflow/.local/lib/python3.7/site-packages/airflow/example_dags/example_local_kubernetes_executor.py
[2023-12-21T16:47:15.541+0000] {processor.py:756} INFO - Processing file /home/airflow/.local/lib/python3.7/site-packages/airflow/example_dags/example_local_kubernetes_executor.py for tasks to queue
[2023-12-21T16:47:15.542+0000] {logging_mixin.py:120} INFO - [2023-12-21T16:47:15.542+0000] {dagbag.py:537} INFO - Filling up the DagBag from /home/airflow/.local/lib/python3.7/site-packages/airflow/example_dags/example_local_kubernetes_executor.py
[2023-12-21T16:47:15.561+0000] {processor.py:766} INFO - DAG(s) dict_keys(['example_local_kubernetes_executor']) retrieved from /home/airflow/.local/lib/python3.7/site-packages/airflow/example_dags/example_local_kubernetes_executor.py
[2023-12-21T16:47:15.594+0000] {logging_mixin.py:120} INFO - [2023-12-21T16:47:15.594+0000] {dag.py:2585} INFO - Sync 1 DAGs
[2023-12-21T16:47:15.616+0000] {logging_mixin.py:120} INFO - [2023-12-21T16:47:15.615+0000] {dag.py:3340} INFO - Setting next_dagrun for example_local_kubernetes_executor to None, run_after=None
[2023-12-21T16:47:15.640+0000] {processor.py:176} INFO - Processing /home/airflow/.local/lib/python3.7/site-packages/airflow/example_dags/example_local_kubernetes_executor.py took 0.102 seconds
