[2023-12-21T16:35:58.049+0000] {processor.py:154} INFO - Started process (PID=48) to work on /home/airflow/.local/lib/python3.7/site-packages/airflow/example_dags/example_latest_only_with_trigger.py
[2023-12-21T16:35:58.052+0000] {processor.py:756} INFO - Processing file /home/airflow/.local/lib/python3.7/site-packages/airflow/example_dags/example_latest_only_with_trigger.py for tasks to queue
[2023-12-21T16:35:58.053+0000] {logging_mixin.py:120} INFO - [2023-12-21T16:35:58.053+0000] {dagbag.py:537} INFO - Filling up the DagBag from /home/airflow/.local/lib/python3.7/site-packages/airflow/example_dags/example_latest_only_with_trigger.py
[2023-12-21T16:35:58.070+0000] {processor.py:766} INFO - DAG(s) dict_keys(['latest_only_with_trigger']) retrieved from /home/airflow/.local/lib/python3.7/site-packages/airflow/example_dags/example_latest_only_with_trigger.py
[2023-12-21T16:35:58.236+0000] {logging_mixin.py:120} INFO - [2023-12-21T16:35:58.235+0000] {manager.py:507} INFO - Created Permission View: can read on DAG:latest_only_with_trigger
[2023-12-21T16:35:58.253+0000] {logging_mixin.py:120} INFO - [2023-12-21T16:35:58.253+0000] {manager.py:507} INFO - Created Permission View: can delete on DAG:latest_only_with_trigger
[2023-12-21T16:35:58.265+0000] {logging_mixin.py:120} INFO - [2023-12-21T16:35:58.264+0000] {manager.py:507} INFO - Created Permission View: can edit on DAG:latest_only_with_trigger
[2023-12-21T16:35:58.265+0000] {logging_mixin.py:120} INFO - [2023-12-21T16:35:58.265+0000] {dag.py:2585} INFO - Sync 1 DAGs
[2023-12-21T16:35:58.279+0000] {logging_mixin.py:120} INFO - [2023-12-21T16:35:58.279+0000] {dag.py:2606} INFO - Creating ORM DAG for latest_only_with_trigger
[2023-12-21T16:35:58.292+0000] {logging_mixin.py:120} INFO - [2023-12-21T16:35:58.292+0000] {dag.py:3340} INFO - Setting next_dagrun for latest_only_with_trigger to 2023-12-21T12:35:58.291866+00:00, run_after=2023-12-21T16:35:58.291866+00:00
[2023-12-21T16:35:58.321+0000] {processor.py:176} INFO - Processing /home/airflow/.local/lib/python3.7/site-packages/airflow/example_dags/example_latest_only_with_trigger.py took 0.276 seconds
[2023-12-21T16:36:29.003+0000] {processor.py:154} INFO - Started process (PID=102) to work on /home/airflow/.local/lib/python3.7/site-packages/airflow/example_dags/example_latest_only_with_trigger.py
[2023-12-21T16:36:29.003+0000] {processor.py:756} INFO - Processing file /home/airflow/.local/lib/python3.7/site-packages/airflow/example_dags/example_latest_only_with_trigger.py for tasks to queue
[2023-12-21T16:36:29.004+0000] {logging_mixin.py:120} INFO - [2023-12-21T16:36:29.004+0000] {dagbag.py:537} INFO - Filling up the DagBag from /home/airflow/.local/lib/python3.7/site-packages/airflow/example_dags/example_latest_only_with_trigger.py
[2023-12-21T16:36:29.018+0000] {processor.py:766} INFO - DAG(s) dict_keys(['latest_only_with_trigger']) retrieved from /home/airflow/.local/lib/python3.7/site-packages/airflow/example_dags/example_latest_only_with_trigger.py
[2023-12-21T16:36:29.051+0000] {logging_mixin.py:120} INFO - [2023-12-21T16:36:29.051+0000] {dag.py:2585} INFO - Sync 1 DAGs
[2023-12-21T16:36:29.075+0000] {logging_mixin.py:120} INFO - [2023-12-21T16:36:29.075+0000] {dag.py:3340} INFO - Setting next_dagrun for latest_only_with_trigger to 2023-12-21T12:36:29.074839+00:00, run_after=2023-12-21T16:36:29.074839+00:00
[2023-12-21T16:36:29.096+0000] {processor.py:176} INFO - Processing /home/airflow/.local/lib/python3.7/site-packages/airflow/example_dags/example_latest_only_with_trigger.py took 0.096 seconds
[2023-12-21T16:36:59.806+0000] {processor.py:154} INFO - Started process (PID=166) to work on /home/airflow/.local/lib/python3.7/site-packages/airflow/example_dags/example_latest_only_with_trigger.py
[2023-12-21T16:36:59.807+0000] {processor.py:756} INFO - Processing file /home/airflow/.local/lib/python3.7/site-packages/airflow/example_dags/example_latest_only_with_trigger.py for tasks to queue
[2023-12-21T16:36:59.807+0000] {logging_mixin.py:120} INFO - [2023-12-21T16:36:59.807+0000] {dagbag.py:537} INFO - Filling up the DagBag from /home/airflow/.local/lib/python3.7/site-packages/airflow/example_dags/example_latest_only_with_trigger.py
[2023-12-21T16:36:59.820+0000] {processor.py:766} INFO - DAG(s) dict_keys(['latest_only_with_trigger']) retrieved from /home/airflow/.local/lib/python3.7/site-packages/airflow/example_dags/example_latest_only_with_trigger.py
[2023-12-21T16:36:59.861+0000] {logging_mixin.py:120} INFO - [2023-12-21T16:36:59.860+0000] {dag.py:2585} INFO - Sync 1 DAGs
[2023-12-21T16:36:59.891+0000] {logging_mixin.py:120} INFO - [2023-12-21T16:36:59.891+0000] {dag.py:3340} INFO - Setting next_dagrun for latest_only_with_trigger to 2023-12-21T12:36:59.890784+00:00, run_after=2023-12-21T16:36:59.890784+00:00
[2023-12-21T16:36:59.914+0000] {processor.py:176} INFO - Processing /home/airflow/.local/lib/python3.7/site-packages/airflow/example_dags/example_latest_only_with_trigger.py took 0.110 seconds
[2023-12-21T16:37:30.676+0000] {processor.py:154} INFO - Started process (PID=229) to work on /home/airflow/.local/lib/python3.7/site-packages/airflow/example_dags/example_latest_only_with_trigger.py
[2023-12-21T16:37:30.676+0000] {processor.py:756} INFO - Processing file /home/airflow/.local/lib/python3.7/site-packages/airflow/example_dags/example_latest_only_with_trigger.py for tasks to queue
[2023-12-21T16:37:30.677+0000] {logging_mixin.py:120} INFO - [2023-12-21T16:37:30.677+0000] {dagbag.py:537} INFO - Filling up the DagBag from /home/airflow/.local/lib/python3.7/site-packages/airflow/example_dags/example_latest_only_with_trigger.py
[2023-12-21T16:37:30.689+0000] {processor.py:766} INFO - DAG(s) dict_keys(['latest_only_with_trigger']) retrieved from /home/airflow/.local/lib/python3.7/site-packages/airflow/example_dags/example_latest_only_with_trigger.py
[2023-12-21T16:37:30.722+0000] {logging_mixin.py:120} INFO - [2023-12-21T16:37:30.722+0000] {dag.py:2585} INFO - Sync 1 DAGs
[2023-12-21T16:37:30.746+0000] {logging_mixin.py:120} INFO - [2023-12-21T16:37:30.746+0000] {dag.py:3340} INFO - Setting next_dagrun for latest_only_with_trigger to 2023-12-21T12:37:30.746098+00:00, run_after=2023-12-21T16:37:30.746098+00:00
[2023-12-21T16:37:30.767+0000] {processor.py:176} INFO - Processing /home/airflow/.local/lib/python3.7/site-packages/airflow/example_dags/example_latest_only_with_trigger.py took 0.094 seconds
[2023-12-21T16:38:01.289+0000] {processor.py:154} INFO - Started process (PID=293) to work on /home/airflow/.local/lib/python3.7/site-packages/airflow/example_dags/example_latest_only_with_trigger.py
[2023-12-21T16:38:01.290+0000] {processor.py:756} INFO - Processing file /home/airflow/.local/lib/python3.7/site-packages/airflow/example_dags/example_latest_only_with_trigger.py for tasks to queue
[2023-12-21T16:38:01.290+0000] {logging_mixin.py:120} INFO - [2023-12-21T16:38:01.290+0000] {dagbag.py:537} INFO - Filling up the DagBag from /home/airflow/.local/lib/python3.7/site-packages/airflow/example_dags/example_latest_only_with_trigger.py
[2023-12-21T16:38:01.305+0000] {processor.py:766} INFO - DAG(s) dict_keys(['latest_only_with_trigger']) retrieved from /home/airflow/.local/lib/python3.7/site-packages/airflow/example_dags/example_latest_only_with_trigger.py
[2023-12-21T16:38:01.339+0000] {logging_mixin.py:120} INFO - [2023-12-21T16:38:01.338+0000] {dag.py:2585} INFO - Sync 1 DAGs
[2023-12-21T16:38:01.359+0000] {logging_mixin.py:120} INFO - [2023-12-21T16:38:01.358+0000] {dag.py:3340} INFO - Setting next_dagrun for latest_only_with_trigger to 2023-12-21T12:38:01.358628+00:00, run_after=2023-12-21T16:38:01.358628+00:00
[2023-12-21T16:38:01.379+0000] {processor.py:176} INFO - Processing /home/airflow/.local/lib/python3.7/site-packages/airflow/example_dags/example_latest_only_with_trigger.py took 0.092 seconds
[2023-12-21T16:38:32.187+0000] {processor.py:154} INFO - Started process (PID=354) to work on /home/airflow/.local/lib/python3.7/site-packages/airflow/example_dags/example_latest_only_with_trigger.py
[2023-12-21T16:38:32.212+0000] {processor.py:756} INFO - Processing file /home/airflow/.local/lib/python3.7/site-packages/airflow/example_dags/example_latest_only_with_trigger.py for tasks to queue
[2023-12-21T16:38:32.212+0000] {logging_mixin.py:120} INFO - [2023-12-21T16:38:32.212+0000] {dagbag.py:537} INFO - Filling up the DagBag from /home/airflow/.local/lib/python3.7/site-packages/airflow/example_dags/example_latest_only_with_trigger.py
[2023-12-21T16:38:32.232+0000] {processor.py:766} INFO - DAG(s) dict_keys(['latest_only_with_trigger']) retrieved from /home/airflow/.local/lib/python3.7/site-packages/airflow/example_dags/example_latest_only_with_trigger.py
[2023-12-21T16:38:32.271+0000] {logging_mixin.py:120} INFO - [2023-12-21T16:38:32.270+0000] {dag.py:2585} INFO - Sync 1 DAGs
[2023-12-21T16:38:32.311+0000] {logging_mixin.py:120} INFO - [2023-12-21T16:38:32.311+0000] {dag.py:3340} INFO - Setting next_dagrun for latest_only_with_trigger to 2023-12-21T12:38:32.310927+00:00, run_after=2023-12-21T16:38:32.310927+00:00
[2023-12-21T16:38:32.351+0000] {processor.py:176} INFO - Processing /home/airflow/.local/lib/python3.7/site-packages/airflow/example_dags/example_latest_only_with_trigger.py took 0.172 seconds
[2023-12-21T16:39:02.590+0000] {processor.py:154} INFO - Started process (PID=410) to work on /home/airflow/.local/lib/python3.7/site-packages/airflow/example_dags/example_latest_only_with_trigger.py
[2023-12-21T16:39:02.590+0000] {processor.py:756} INFO - Processing file /home/airflow/.local/lib/python3.7/site-packages/airflow/example_dags/example_latest_only_with_trigger.py for tasks to queue
[2023-12-21T16:39:02.591+0000] {logging_mixin.py:120} INFO - [2023-12-21T16:39:02.591+0000] {dagbag.py:537} INFO - Filling up the DagBag from /home/airflow/.local/lib/python3.7/site-packages/airflow/example_dags/example_latest_only_with_trigger.py
[2023-12-21T16:39:02.605+0000] {processor.py:766} INFO - DAG(s) dict_keys(['latest_only_with_trigger']) retrieved from /home/airflow/.local/lib/python3.7/site-packages/airflow/example_dags/example_latest_only_with_trigger.py
[2023-12-21T16:39:02.642+0000] {logging_mixin.py:120} INFO - [2023-12-21T16:39:02.642+0000] {dag.py:2585} INFO - Sync 1 DAGs
[2023-12-21T16:39:02.664+0000] {logging_mixin.py:120} INFO - [2023-12-21T16:39:02.664+0000] {dag.py:3340} INFO - Setting next_dagrun for latest_only_with_trigger to 2023-12-21T12:39:02.664370+00:00, run_after=2023-12-21T16:39:02.664370+00:00
[2023-12-21T16:39:02.692+0000] {processor.py:176} INFO - Processing /home/airflow/.local/lib/python3.7/site-packages/airflow/example_dags/example_latest_only_with_trigger.py took 0.105 seconds
[2023-12-21T16:39:33.381+0000] {processor.py:154} INFO - Started process (PID=473) to work on /home/airflow/.local/lib/python3.7/site-packages/airflow/example_dags/example_latest_only_with_trigger.py
[2023-12-21T16:39:33.382+0000] {processor.py:756} INFO - Processing file /home/airflow/.local/lib/python3.7/site-packages/airflow/example_dags/example_latest_only_with_trigger.py for tasks to queue
[2023-12-21T16:39:33.383+0000] {logging_mixin.py:120} INFO - [2023-12-21T16:39:33.382+0000] {dagbag.py:537} INFO - Filling up the DagBag from /home/airflow/.local/lib/python3.7/site-packages/airflow/example_dags/example_latest_only_with_trigger.py
[2023-12-21T16:39:33.397+0000] {processor.py:766} INFO - DAG(s) dict_keys(['latest_only_with_trigger']) retrieved from /home/airflow/.local/lib/python3.7/site-packages/airflow/example_dags/example_latest_only_with_trigger.py
[2023-12-21T16:39:33.436+0000] {logging_mixin.py:120} INFO - [2023-12-21T16:39:33.436+0000] {dag.py:2585} INFO - Sync 1 DAGs
[2023-12-21T16:39:33.463+0000] {logging_mixin.py:120} INFO - [2023-12-21T16:39:33.463+0000] {dag.py:3340} INFO - Setting next_dagrun for latest_only_with_trigger to 2023-12-21T12:39:33.462988+00:00, run_after=2023-12-21T16:39:33.462988+00:00
[2023-12-21T16:39:33.486+0000] {processor.py:176} INFO - Processing /home/airflow/.local/lib/python3.7/site-packages/airflow/example_dags/example_latest_only_with_trigger.py took 0.108 seconds
[2023-12-21T16:40:04.015+0000] {processor.py:154} INFO - Started process (PID=536) to work on /home/airflow/.local/lib/python3.7/site-packages/airflow/example_dags/example_latest_only_with_trigger.py
[2023-12-21T16:40:04.016+0000] {processor.py:756} INFO - Processing file /home/airflow/.local/lib/python3.7/site-packages/airflow/example_dags/example_latest_only_with_trigger.py for tasks to queue
[2023-12-21T16:40:04.016+0000] {logging_mixin.py:120} INFO - [2023-12-21T16:40:04.016+0000] {dagbag.py:537} INFO - Filling up the DagBag from /home/airflow/.local/lib/python3.7/site-packages/airflow/example_dags/example_latest_only_with_trigger.py
[2023-12-21T16:40:04.030+0000] {processor.py:766} INFO - DAG(s) dict_keys(['latest_only_with_trigger']) retrieved from /home/airflow/.local/lib/python3.7/site-packages/airflow/example_dags/example_latest_only_with_trigger.py
[2023-12-21T16:40:04.066+0000] {logging_mixin.py:120} INFO - [2023-12-21T16:40:04.066+0000] {dag.py:2585} INFO - Sync 1 DAGs
[2023-12-21T16:40:04.086+0000] {logging_mixin.py:120} INFO - [2023-12-21T16:40:04.086+0000] {dag.py:3340} INFO - Setting next_dagrun for latest_only_with_trigger to 2023-12-21T12:40:04.086646+00:00, run_after=2023-12-21T16:40:04.086646+00:00
[2023-12-21T16:40:04.106+0000] {processor.py:176} INFO - Processing /home/airflow/.local/lib/python3.7/site-packages/airflow/example_dags/example_latest_only_with_trigger.py took 0.094 seconds
[2023-12-21T16:40:34.635+0000] {processor.py:154} INFO - Started process (PID=590) to work on /home/airflow/.local/lib/python3.7/site-packages/airflow/example_dags/example_latest_only_with_trigger.py
[2023-12-21T16:40:34.635+0000] {processor.py:756} INFO - Processing file /home/airflow/.local/lib/python3.7/site-packages/airflow/example_dags/example_latest_only_with_trigger.py for tasks to queue
[2023-12-21T16:40:34.636+0000] {logging_mixin.py:120} INFO - [2023-12-21T16:40:34.636+0000] {dagbag.py:537} INFO - Filling up the DagBag from /home/airflow/.local/lib/python3.7/site-packages/airflow/example_dags/example_latest_only_with_trigger.py
[2023-12-21T16:40:34.649+0000] {processor.py:766} INFO - DAG(s) dict_keys(['latest_only_with_trigger']) retrieved from /home/airflow/.local/lib/python3.7/site-packages/airflow/example_dags/example_latest_only_with_trigger.py
[2023-12-21T16:40:34.685+0000] {logging_mixin.py:120} INFO - [2023-12-21T16:40:34.684+0000] {dag.py:2585} INFO - Sync 1 DAGs
[2023-12-21T16:40:34.704+0000] {logging_mixin.py:120} INFO - [2023-12-21T16:40:34.704+0000] {dag.py:3340} INFO - Setting next_dagrun for latest_only_with_trigger to 2023-12-21T12:40:34.704084+00:00, run_after=2023-12-21T16:40:34.704084+00:00
[2023-12-21T16:40:34.725+0000] {processor.py:176} INFO - Processing /home/airflow/.local/lib/python3.7/site-packages/airflow/example_dags/example_latest_only_with_trigger.py took 0.093 seconds
[2023-12-21T16:41:05.377+0000] {processor.py:154} INFO - Started process (PID=653) to work on /home/airflow/.local/lib/python3.7/site-packages/airflow/example_dags/example_latest_only_with_trigger.py
[2023-12-21T16:41:05.378+0000] {processor.py:756} INFO - Processing file /home/airflow/.local/lib/python3.7/site-packages/airflow/example_dags/example_latest_only_with_trigger.py for tasks to queue
[2023-12-21T16:41:05.379+0000] {logging_mixin.py:120} INFO - [2023-12-21T16:41:05.378+0000] {dagbag.py:537} INFO - Filling up the DagBag from /home/airflow/.local/lib/python3.7/site-packages/airflow/example_dags/example_latest_only_with_trigger.py
[2023-12-21T16:41:05.394+0000] {processor.py:766} INFO - DAG(s) dict_keys(['latest_only_with_trigger']) retrieved from /home/airflow/.local/lib/python3.7/site-packages/airflow/example_dags/example_latest_only_with_trigger.py
[2023-12-21T16:41:05.432+0000] {logging_mixin.py:120} INFO - [2023-12-21T16:41:05.432+0000] {dag.py:2585} INFO - Sync 1 DAGs
[2023-12-21T16:41:05.454+0000] {logging_mixin.py:120} INFO - [2023-12-21T16:41:05.454+0000] {dag.py:3340} INFO - Setting next_dagrun for latest_only_with_trigger to 2023-12-21T12:41:05.454196+00:00, run_after=2023-12-21T16:41:05.454196+00:00
[2023-12-21T16:41:05.477+0000] {processor.py:176} INFO - Processing /home/airflow/.local/lib/python3.7/site-packages/airflow/example_dags/example_latest_only_with_trigger.py took 0.103 seconds
[2023-12-21T16:41:36.165+0000] {processor.py:154} INFO - Started process (PID=716) to work on /home/airflow/.local/lib/python3.7/site-packages/airflow/example_dags/example_latest_only_with_trigger.py
[2023-12-21T16:41:36.166+0000] {processor.py:756} INFO - Processing file /home/airflow/.local/lib/python3.7/site-packages/airflow/example_dags/example_latest_only_with_trigger.py for tasks to queue
[2023-12-21T16:41:36.166+0000] {logging_mixin.py:120} INFO - [2023-12-21T16:41:36.166+0000] {dagbag.py:537} INFO - Filling up the DagBag from /home/airflow/.local/lib/python3.7/site-packages/airflow/example_dags/example_latest_only_with_trigger.py
[2023-12-21T16:41:36.180+0000] {processor.py:766} INFO - DAG(s) dict_keys(['latest_only_with_trigger']) retrieved from /home/airflow/.local/lib/python3.7/site-packages/airflow/example_dags/example_latest_only_with_trigger.py
[2023-12-21T16:41:36.228+0000] {logging_mixin.py:120} INFO - [2023-12-21T16:41:36.228+0000] {dag.py:2585} INFO - Sync 1 DAGs
[2023-12-21T16:41:36.264+0000] {logging_mixin.py:120} INFO - [2023-12-21T16:41:36.264+0000] {dag.py:3340} INFO - Setting next_dagrun for latest_only_with_trigger to 2023-12-21T12:41:36.264189+00:00, run_after=2023-12-21T16:41:36.264189+00:00
[2023-12-21T16:41:36.297+0000] {processor.py:176} INFO - Processing /home/airflow/.local/lib/python3.7/site-packages/airflow/example_dags/example_latest_only_with_trigger.py took 0.135 seconds
[2023-12-21T16:42:06.822+0000] {processor.py:154} INFO - Started process (PID=780) to work on /home/airflow/.local/lib/python3.7/site-packages/airflow/example_dags/example_latest_only_with_trigger.py
[2023-12-21T16:42:06.822+0000] {processor.py:756} INFO - Processing file /home/airflow/.local/lib/python3.7/site-packages/airflow/example_dags/example_latest_only_with_trigger.py for tasks to queue
[2023-12-21T16:42:06.823+0000] {logging_mixin.py:120} INFO - [2023-12-21T16:42:06.823+0000] {dagbag.py:537} INFO - Filling up the DagBag from /home/airflow/.local/lib/python3.7/site-packages/airflow/example_dags/example_latest_only_with_trigger.py
[2023-12-21T16:42:06.835+0000] {processor.py:766} INFO - DAG(s) dict_keys(['latest_only_with_trigger']) retrieved from /home/airflow/.local/lib/python3.7/site-packages/airflow/example_dags/example_latest_only_with_trigger.py
[2023-12-21T16:42:06.872+0000] {logging_mixin.py:120} INFO - [2023-12-21T16:42:06.872+0000] {dag.py:2585} INFO - Sync 1 DAGs
[2023-12-21T16:42:06.891+0000] {logging_mixin.py:120} INFO - [2023-12-21T16:42:06.891+0000] {dag.py:3340} INFO - Setting next_dagrun for latest_only_with_trigger to 2023-12-21T12:42:06.891689+00:00, run_after=2023-12-21T16:42:06.891689+00:00
[2023-12-21T16:42:06.912+0000] {processor.py:176} INFO - Processing /home/airflow/.local/lib/python3.7/site-packages/airflow/example_dags/example_latest_only_with_trigger.py took 0.094 seconds
[2023-12-21T16:42:37.650+0000] {processor.py:154} INFO - Started process (PID=834) to work on /home/airflow/.local/lib/python3.7/site-packages/airflow/example_dags/example_latest_only_with_trigger.py
[2023-12-21T16:42:37.651+0000] {processor.py:756} INFO - Processing file /home/airflow/.local/lib/python3.7/site-packages/airflow/example_dags/example_latest_only_with_trigger.py for tasks to queue
[2023-12-21T16:42:37.651+0000] {logging_mixin.py:120} INFO - [2023-12-21T16:42:37.651+0000] {dagbag.py:537} INFO - Filling up the DagBag from /home/airflow/.local/lib/python3.7/site-packages/airflow/example_dags/example_latest_only_with_trigger.py
[2023-12-21T16:42:37.667+0000] {processor.py:766} INFO - DAG(s) dict_keys(['latest_only_with_trigger']) retrieved from /home/airflow/.local/lib/python3.7/site-packages/airflow/example_dags/example_latest_only_with_trigger.py
[2023-12-21T16:42:37.709+0000] {logging_mixin.py:120} INFO - [2023-12-21T16:42:37.709+0000] {dag.py:2585} INFO - Sync 1 DAGs
[2023-12-21T16:42:37.733+0000] {logging_mixin.py:120} INFO - [2023-12-21T16:42:37.733+0000] {dag.py:3340} INFO - Setting next_dagrun for latest_only_with_trigger to 2023-12-21T12:42:37.733404+00:00, run_after=2023-12-21T16:42:37.733404+00:00
[2023-12-21T16:42:37.755+0000] {processor.py:176} INFO - Processing /home/airflow/.local/lib/python3.7/site-packages/airflow/example_dags/example_latest_only_with_trigger.py took 0.108 seconds
[2023-12-21T16:43:08.410+0000] {processor.py:154} INFO - Started process (PID=897) to work on /home/airflow/.local/lib/python3.7/site-packages/airflow/example_dags/example_latest_only_with_trigger.py
[2023-12-21T16:43:08.411+0000] {processor.py:756} INFO - Processing file /home/airflow/.local/lib/python3.7/site-packages/airflow/example_dags/example_latest_only_with_trigger.py for tasks to queue
[2023-12-21T16:43:08.411+0000] {logging_mixin.py:120} INFO - [2023-12-21T16:43:08.411+0000] {dagbag.py:537} INFO - Filling up the DagBag from /home/airflow/.local/lib/python3.7/site-packages/airflow/example_dags/example_latest_only_with_trigger.py
[2023-12-21T16:43:08.423+0000] {processor.py:766} INFO - DAG(s) dict_keys(['latest_only_with_trigger']) retrieved from /home/airflow/.local/lib/python3.7/site-packages/airflow/example_dags/example_latest_only_with_trigger.py
[2023-12-21T16:43:08.464+0000] {logging_mixin.py:120} INFO - [2023-12-21T16:43:08.464+0000] {dag.py:2585} INFO - Sync 1 DAGs
[2023-12-21T16:43:08.496+0000] {logging_mixin.py:120} INFO - [2023-12-21T16:43:08.496+0000] {dag.py:3340} INFO - Setting next_dagrun for latest_only_with_trigger to 2023-12-21T12:43:08.496041+00:00, run_after=2023-12-21T16:43:08.496041+00:00
[2023-12-21T16:43:08.522+0000] {processor.py:176} INFO - Processing /home/airflow/.local/lib/python3.7/site-packages/airflow/example_dags/example_latest_only_with_trigger.py took 0.114 seconds
[2023-12-21T16:43:38.963+0000] {processor.py:154} INFO - Started process (PID=960) to work on /home/airflow/.local/lib/python3.7/site-packages/airflow/example_dags/example_latest_only_with_trigger.py
[2023-12-21T16:43:38.964+0000] {processor.py:756} INFO - Processing file /home/airflow/.local/lib/python3.7/site-packages/airflow/example_dags/example_latest_only_with_trigger.py for tasks to queue
[2023-12-21T16:43:38.965+0000] {logging_mixin.py:120} INFO - [2023-12-21T16:43:38.965+0000] {dagbag.py:537} INFO - Filling up the DagBag from /home/airflow/.local/lib/python3.7/site-packages/airflow/example_dags/example_latest_only_with_trigger.py
[2023-12-21T16:43:38.981+0000] {processor.py:766} INFO - DAG(s) dict_keys(['latest_only_with_trigger']) retrieved from /home/airflow/.local/lib/python3.7/site-packages/airflow/example_dags/example_latest_only_with_trigger.py
[2023-12-21T16:43:39.019+0000] {logging_mixin.py:120} INFO - [2023-12-21T16:43:39.019+0000] {dag.py:2585} INFO - Sync 1 DAGs
[2023-12-21T16:43:39.042+0000] {logging_mixin.py:120} INFO - [2023-12-21T16:43:39.042+0000] {dag.py:3340} INFO - Setting next_dagrun for latest_only_with_trigger to 2023-12-21T12:43:39.042089+00:00, run_after=2023-12-21T16:43:39.042089+00:00
[2023-12-21T16:43:39.064+0000] {processor.py:176} INFO - Processing /home/airflow/.local/lib/python3.7/site-packages/airflow/example_dags/example_latest_only_with_trigger.py took 0.104 seconds
[2023-12-21T16:44:09.696+0000] {processor.py:154} INFO - Started process (PID=1023) to work on /home/airflow/.local/lib/python3.7/site-packages/airflow/example_dags/example_latest_only_with_trigger.py
[2023-12-21T16:44:09.697+0000] {processor.py:756} INFO - Processing file /home/airflow/.local/lib/python3.7/site-packages/airflow/example_dags/example_latest_only_with_trigger.py for tasks to queue
[2023-12-21T16:44:09.697+0000] {logging_mixin.py:120} INFO - [2023-12-21T16:44:09.697+0000] {dagbag.py:537} INFO - Filling up the DagBag from /home/airflow/.local/lib/python3.7/site-packages/airflow/example_dags/example_latest_only_with_trigger.py
[2023-12-21T16:44:09.711+0000] {processor.py:766} INFO - DAG(s) dict_keys(['latest_only_with_trigger']) retrieved from /home/airflow/.local/lib/python3.7/site-packages/airflow/example_dags/example_latest_only_with_trigger.py
[2023-12-21T16:44:09.746+0000] {logging_mixin.py:120} INFO - [2023-12-21T16:44:09.746+0000] {dag.py:2585} INFO - Sync 1 DAGs
[2023-12-21T16:44:09.767+0000] {logging_mixin.py:120} INFO - [2023-12-21T16:44:09.767+0000] {dag.py:3340} INFO - Setting next_dagrun for latest_only_with_trigger to 2023-12-21T12:44:09.766979+00:00, run_after=2023-12-21T16:44:09.766979+00:00
[2023-12-21T16:44:09.790+0000] {processor.py:176} INFO - Processing /home/airflow/.local/lib/python3.7/site-packages/airflow/example_dags/example_latest_only_with_trigger.py took 0.096 seconds
[2023-12-21T16:44:40.431+0000] {processor.py:154} INFO - Started process (PID=1077) to work on /home/airflow/.local/lib/python3.7/site-packages/airflow/example_dags/example_latest_only_with_trigger.py
[2023-12-21T16:44:40.431+0000] {processor.py:756} INFO - Processing file /home/airflow/.local/lib/python3.7/site-packages/airflow/example_dags/example_latest_only_with_trigger.py for tasks to queue
[2023-12-21T16:44:40.432+0000] {logging_mixin.py:120} INFO - [2023-12-21T16:44:40.432+0000] {dagbag.py:537} INFO - Filling up the DagBag from /home/airflow/.local/lib/python3.7/site-packages/airflow/example_dags/example_latest_only_with_trigger.py
[2023-12-21T16:44:40.447+0000] {processor.py:766} INFO - DAG(s) dict_keys(['latest_only_with_trigger']) retrieved from /home/airflow/.local/lib/python3.7/site-packages/airflow/example_dags/example_latest_only_with_trigger.py
[2023-12-21T16:44:40.481+0000] {logging_mixin.py:120} INFO - [2023-12-21T16:44:40.481+0000] {dag.py:2585} INFO - Sync 1 DAGs
[2023-12-21T16:44:40.503+0000] {logging_mixin.py:120} INFO - [2023-12-21T16:44:40.503+0000] {dag.py:3340} INFO - Setting next_dagrun for latest_only_with_trigger to 2023-12-21T12:44:40.503301+00:00, run_after=2023-12-21T16:44:40.503301+00:00
[2023-12-21T16:44:40.527+0000] {processor.py:176} INFO - Processing /home/airflow/.local/lib/python3.7/site-packages/airflow/example_dags/example_latest_only_with_trigger.py took 0.099 seconds
[2023-12-21T16:45:11.283+0000] {processor.py:154} INFO - Started process (PID=1141) to work on /home/airflow/.local/lib/python3.7/site-packages/airflow/example_dags/example_latest_only_with_trigger.py
[2023-12-21T16:45:11.283+0000] {processor.py:756} INFO - Processing file /home/airflow/.local/lib/python3.7/site-packages/airflow/example_dags/example_latest_only_with_trigger.py for tasks to queue
[2023-12-21T16:45:11.284+0000] {logging_mixin.py:120} INFO - [2023-12-21T16:45:11.284+0000] {dagbag.py:537} INFO - Filling up the DagBag from /home/airflow/.local/lib/python3.7/site-packages/airflow/example_dags/example_latest_only_with_trigger.py
[2023-12-21T16:45:11.297+0000] {processor.py:766} INFO - DAG(s) dict_keys(['latest_only_with_trigger']) retrieved from /home/airflow/.local/lib/python3.7/site-packages/airflow/example_dags/example_latest_only_with_trigger.py
[2023-12-21T16:45:11.335+0000] {logging_mixin.py:120} INFO - [2023-12-21T16:45:11.335+0000] {dag.py:2585} INFO - Sync 1 DAGs
[2023-12-21T16:45:11.360+0000] {logging_mixin.py:120} INFO - [2023-12-21T16:45:11.360+0000] {dag.py:3340} INFO - Setting next_dagrun for latest_only_with_trigger to 2023-12-21T12:45:11.360615+00:00, run_after=2023-12-21T16:45:11.360615+00:00
[2023-12-21T16:45:11.382+0000] {processor.py:176} INFO - Processing /home/airflow/.local/lib/python3.7/site-packages/airflow/example_dags/example_latest_only_with_trigger.py took 0.102 seconds
[2023-12-21T16:45:41.945+0000] {processor.py:154} INFO - Started process (PID=1203) to work on /home/airflow/.local/lib/python3.7/site-packages/airflow/example_dags/example_latest_only_with_trigger.py
[2023-12-21T16:45:41.945+0000] {processor.py:756} INFO - Processing file /home/airflow/.local/lib/python3.7/site-packages/airflow/example_dags/example_latest_only_with_trigger.py for tasks to queue
[2023-12-21T16:45:41.946+0000] {logging_mixin.py:120} INFO - [2023-12-21T16:45:41.946+0000] {dagbag.py:537} INFO - Filling up the DagBag from /home/airflow/.local/lib/python3.7/site-packages/airflow/example_dags/example_latest_only_with_trigger.py
[2023-12-21T16:45:41.960+0000] {processor.py:766} INFO - DAG(s) dict_keys(['latest_only_with_trigger']) retrieved from /home/airflow/.local/lib/python3.7/site-packages/airflow/example_dags/example_latest_only_with_trigger.py
[2023-12-21T16:45:41.997+0000] {logging_mixin.py:120} INFO - [2023-12-21T16:45:41.997+0000] {dag.py:2585} INFO - Sync 1 DAGs
[2023-12-21T16:45:42.031+0000] {logging_mixin.py:120} INFO - [2023-12-21T16:45:42.031+0000] {dag.py:3340} INFO - Setting next_dagrun for latest_only_with_trigger to 2023-12-21T12:45:42.031124+00:00, run_after=2023-12-21T16:45:42.031124+00:00
[2023-12-21T16:45:42.056+0000] {processor.py:176} INFO - Processing /home/airflow/.local/lib/python3.7/site-packages/airflow/example_dags/example_latest_only_with_trigger.py took 0.114 seconds
[2023-12-21T16:46:12.795+0000] {processor.py:154} INFO - Started process (PID=1266) to work on /home/airflow/.local/lib/python3.7/site-packages/airflow/example_dags/example_latest_only_with_trigger.py
[2023-12-21T16:46:12.796+0000] {processor.py:756} INFO - Processing file /home/airflow/.local/lib/python3.7/site-packages/airflow/example_dags/example_latest_only_with_trigger.py for tasks to queue
[2023-12-21T16:46:12.796+0000] {logging_mixin.py:120} INFO - [2023-12-21T16:46:12.796+0000] {dagbag.py:537} INFO - Filling up the DagBag from /home/airflow/.local/lib/python3.7/site-packages/airflow/example_dags/example_latest_only_with_trigger.py
[2023-12-21T16:46:12.811+0000] {processor.py:766} INFO - DAG(s) dict_keys(['latest_only_with_trigger']) retrieved from /home/airflow/.local/lib/python3.7/site-packages/airflow/example_dags/example_latest_only_with_trigger.py
[2023-12-21T16:46:12.847+0000] {logging_mixin.py:120} INFO - [2023-12-21T16:46:12.847+0000] {dag.py:2585} INFO - Sync 1 DAGs
[2023-12-21T16:46:12.870+0000] {logging_mixin.py:120} INFO - [2023-12-21T16:46:12.870+0000] {dag.py:3340} INFO - Setting next_dagrun for latest_only_with_trigger to 2023-12-21T12:46:12.870101+00:00, run_after=2023-12-21T16:46:12.870101+00:00
[2023-12-21T16:46:12.891+0000] {processor.py:176} INFO - Processing /home/airflow/.local/lib/python3.7/site-packages/airflow/example_dags/example_latest_only_with_trigger.py took 0.100 seconds
[2023-12-21T16:46:43.524+0000] {processor.py:154} INFO - Started process (PID=1320) to work on /home/airflow/.local/lib/python3.7/site-packages/airflow/example_dags/example_latest_only_with_trigger.py
[2023-12-21T16:46:43.525+0000] {processor.py:756} INFO - Processing file /home/airflow/.local/lib/python3.7/site-packages/airflow/example_dags/example_latest_only_with_trigger.py for tasks to queue
[2023-12-21T16:46:43.525+0000] {logging_mixin.py:120} INFO - [2023-12-21T16:46:43.525+0000] {dagbag.py:537} INFO - Filling up the DagBag from /home/airflow/.local/lib/python3.7/site-packages/airflow/example_dags/example_latest_only_with_trigger.py
[2023-12-21T16:46:43.554+0000] {processor.py:766} INFO - DAG(s) dict_keys(['latest_only_with_trigger']) retrieved from /home/airflow/.local/lib/python3.7/site-packages/airflow/example_dags/example_latest_only_with_trigger.py
[2023-12-21T16:46:43.645+0000] {logging_mixin.py:120} INFO - [2023-12-21T16:46:43.644+0000] {dag.py:2585} INFO - Sync 1 DAGs
[2023-12-21T16:46:43.690+0000] {logging_mixin.py:120} INFO - [2023-12-21T16:46:43.689+0000] {dag.py:3340} INFO - Setting next_dagrun for latest_only_with_trigger to 2023-12-21T12:46:43.689685+00:00, run_after=2023-12-21T16:46:43.689685+00:00
[2023-12-21T16:46:43.720+0000] {processor.py:176} INFO - Processing /home/airflow/.local/lib/python3.7/site-packages/airflow/example_dags/example_latest_only_with_trigger.py took 0.200 seconds
[2023-12-21T16:47:13.898+0000] {processor.py:154} INFO - Started process (PID=1382) to work on /home/airflow/.local/lib/python3.7/site-packages/airflow/example_dags/example_latest_only_with_trigger.py
[2023-12-21T16:47:13.898+0000] {processor.py:756} INFO - Processing file /home/airflow/.local/lib/python3.7/site-packages/airflow/example_dags/example_latest_only_with_trigger.py for tasks to queue
[2023-12-21T16:47:13.899+0000] {logging_mixin.py:120} INFO - [2023-12-21T16:47:13.899+0000] {dagbag.py:537} INFO - Filling up the DagBag from /home/airflow/.local/lib/python3.7/site-packages/airflow/example_dags/example_latest_only_with_trigger.py
[2023-12-21T16:47:13.919+0000] {processor.py:766} INFO - DAG(s) dict_keys(['latest_only_with_trigger']) retrieved from /home/airflow/.local/lib/python3.7/site-packages/airflow/example_dags/example_latest_only_with_trigger.py
[2023-12-21T16:47:13.961+0000] {logging_mixin.py:120} INFO - [2023-12-21T16:47:13.961+0000] {dag.py:2585} INFO - Sync 1 DAGs
[2023-12-21T16:47:13.984+0000] {logging_mixin.py:120} INFO - [2023-12-21T16:47:13.984+0000] {dag.py:3340} INFO - Setting next_dagrun for latest_only_with_trigger to 2023-12-21T12:47:13.983956+00:00, run_after=2023-12-21T16:47:13.983956+00:00
[2023-12-21T16:47:14.007+0000] {processor.py:176} INFO - Processing /home/airflow/.local/lib/python3.7/site-packages/airflow/example_dags/example_latest_only_with_trigger.py took 0.112 seconds
[2023-12-21T16:47:44.676+0000] {processor.py:154} INFO - Started process (PID=1444) to work on /home/airflow/.local/lib/python3.7/site-packages/airflow/example_dags/example_latest_only_with_trigger.py
[2023-12-21T16:47:44.676+0000] {processor.py:756} INFO - Processing file /home/airflow/.local/lib/python3.7/site-packages/airflow/example_dags/example_latest_only_with_trigger.py for tasks to queue
[2023-12-21T16:47:44.677+0000] {logging_mixin.py:120} INFO - [2023-12-21T16:47:44.677+0000] {dagbag.py:537} INFO - Filling up the DagBag from /home/airflow/.local/lib/python3.7/site-packages/airflow/example_dags/example_latest_only_with_trigger.py
[2023-12-21T16:47:44.690+0000] {processor.py:766} INFO - DAG(s) dict_keys(['latest_only_with_trigger']) retrieved from /home/airflow/.local/lib/python3.7/site-packages/airflow/example_dags/example_latest_only_with_trigger.py
[2023-12-21T16:47:44.729+0000] {logging_mixin.py:120} INFO - [2023-12-21T16:47:44.729+0000] {dag.py:2585} INFO - Sync 1 DAGs
[2023-12-21T16:47:44.753+0000] {logging_mixin.py:120} INFO - [2023-12-21T16:47:44.753+0000] {dag.py:3340} INFO - Setting next_dagrun for latest_only_with_trigger to 2023-12-21T12:47:44.752809+00:00, run_after=2023-12-21T16:47:44.752809+00:00
[2023-12-21T16:47:44.774+0000] {processor.py:176} INFO - Processing /home/airflow/.local/lib/python3.7/site-packages/airflow/example_dags/example_latest_only_with_trigger.py took 0.101 seconds
