[2023-12-21T16:35:57.965+0000] {processor.py:154} INFO - Started process (PID=47) to work on /home/airflow/.local/lib/python3.7/site-packages/airflow/example_dags/example_trigger_target_dag.py
[2023-12-21T16:35:57.966+0000] {processor.py:756} INFO - Processing file /home/airflow/.local/lib/python3.7/site-packages/airflow/example_dags/example_trigger_target_dag.py for tasks to queue
[2023-12-21T16:35:57.967+0000] {logging_mixin.py:120} INFO - [2023-12-21T16:35:57.967+0000] {dagbag.py:537} INFO - Filling up the DagBag from /home/airflow/.local/lib/python3.7/site-packages/airflow/example_dags/example_trigger_target_dag.py
[2023-12-21T16:35:58.017+0000] {processor.py:766} INFO - DAG(s) dict_keys(['example_trigger_target_dag']) retrieved from /home/airflow/.local/lib/python3.7/site-packages/airflow/example_dags/example_trigger_target_dag.py
[2023-12-21T16:35:58.241+0000] {logging_mixin.py:120} INFO - [2023-12-21T16:35:58.241+0000] {manager.py:507} INFO - Created Permission View: can read on DAG:example_trigger_target_dag
[2023-12-21T16:35:58.259+0000] {logging_mixin.py:120} INFO - [2023-12-21T16:35:58.259+0000] {manager.py:507} INFO - Created Permission View: can delete on DAG:example_trigger_target_dag
[2023-12-21T16:35:58.270+0000] {logging_mixin.py:120} INFO - [2023-12-21T16:35:58.270+0000] {manager.py:507} INFO - Created Permission View: can edit on DAG:example_trigger_target_dag
[2023-12-21T16:35:58.271+0000] {logging_mixin.py:120} INFO - [2023-12-21T16:35:58.271+0000] {dag.py:2585} INFO - Sync 1 DAGs
[2023-12-21T16:35:58.286+0000] {logging_mixin.py:120} INFO - [2023-12-21T16:35:58.286+0000] {dag.py:2606} INFO - Creating ORM DAG for example_trigger_target_dag
[2023-12-21T16:35:58.300+0000] {logging_mixin.py:120} INFO - [2023-12-21T16:35:58.300+0000] {dag.py:3340} INFO - Setting next_dagrun for example_trigger_target_dag to None, run_after=None
[2023-12-21T16:35:58.330+0000] {processor.py:176} INFO - Processing /home/airflow/.local/lib/python3.7/site-packages/airflow/example_dags/example_trigger_target_dag.py took 0.368 seconds
[2023-12-21T16:36:28.882+0000] {processor.py:154} INFO - Started process (PID=101) to work on /home/airflow/.local/lib/python3.7/site-packages/airflow/example_dags/example_trigger_target_dag.py
[2023-12-21T16:36:28.883+0000] {processor.py:756} INFO - Processing file /home/airflow/.local/lib/python3.7/site-packages/airflow/example_dags/example_trigger_target_dag.py for tasks to queue
[2023-12-21T16:36:28.883+0000] {logging_mixin.py:120} INFO - [2023-12-21T16:36:28.883+0000] {dagbag.py:537} INFO - Filling up the DagBag from /home/airflow/.local/lib/python3.7/site-packages/airflow/example_dags/example_trigger_target_dag.py
[2023-12-21T16:36:28.901+0000] {processor.py:766} INFO - DAG(s) dict_keys(['example_trigger_target_dag']) retrieved from /home/airflow/.local/lib/python3.7/site-packages/airflow/example_dags/example_trigger_target_dag.py
[2023-12-21T16:36:28.933+0000] {logging_mixin.py:120} INFO - [2023-12-21T16:36:28.933+0000] {dag.py:2585} INFO - Sync 1 DAGs
[2023-12-21T16:36:28.955+0000] {logging_mixin.py:120} INFO - [2023-12-21T16:36:28.955+0000] {dag.py:3340} INFO - Setting next_dagrun for example_trigger_target_dag to None, run_after=None
[2023-12-21T16:36:28.979+0000] {processor.py:176} INFO - Processing /home/airflow/.local/lib/python3.7/site-packages/airflow/example_dags/example_trigger_target_dag.py took 0.098 seconds
[2023-12-21T16:36:59.693+0000] {processor.py:154} INFO - Started process (PID=165) to work on /home/airflow/.local/lib/python3.7/site-packages/airflow/example_dags/example_trigger_target_dag.py
[2023-12-21T16:36:59.694+0000] {processor.py:756} INFO - Processing file /home/airflow/.local/lib/python3.7/site-packages/airflow/example_dags/example_trigger_target_dag.py for tasks to queue
[2023-12-21T16:36:59.694+0000] {logging_mixin.py:120} INFO - [2023-12-21T16:36:59.694+0000] {dagbag.py:537} INFO - Filling up the DagBag from /home/airflow/.local/lib/python3.7/site-packages/airflow/example_dags/example_trigger_target_dag.py
[2023-12-21T16:36:59.712+0000] {processor.py:766} INFO - DAG(s) dict_keys(['example_trigger_target_dag']) retrieved from /home/airflow/.local/lib/python3.7/site-packages/airflow/example_dags/example_trigger_target_dag.py
[2023-12-21T16:36:59.746+0000] {logging_mixin.py:120} INFO - [2023-12-21T16:36:59.746+0000] {dag.py:2585} INFO - Sync 1 DAGs
[2023-12-21T16:36:59.765+0000] {logging_mixin.py:120} INFO - [2023-12-21T16:36:59.765+0000] {dag.py:3340} INFO - Setting next_dagrun for example_trigger_target_dag to None, run_after=None
[2023-12-21T16:36:59.786+0000] {processor.py:176} INFO - Processing /home/airflow/.local/lib/python3.7/site-packages/airflow/example_dags/example_trigger_target_dag.py took 0.096 seconds
[2023-12-21T16:37:30.558+0000] {processor.py:154} INFO - Started process (PID=228) to work on /home/airflow/.local/lib/python3.7/site-packages/airflow/example_dags/example_trigger_target_dag.py
[2023-12-21T16:37:30.559+0000] {processor.py:756} INFO - Processing file /home/airflow/.local/lib/python3.7/site-packages/airflow/example_dags/example_trigger_target_dag.py for tasks to queue
[2023-12-21T16:37:30.559+0000] {logging_mixin.py:120} INFO - [2023-12-21T16:37:30.559+0000] {dagbag.py:537} INFO - Filling up the DagBag from /home/airflow/.local/lib/python3.7/site-packages/airflow/example_dags/example_trigger_target_dag.py
[2023-12-21T16:37:30.577+0000] {processor.py:766} INFO - DAG(s) dict_keys(['example_trigger_target_dag']) retrieved from /home/airflow/.local/lib/python3.7/site-packages/airflow/example_dags/example_trigger_target_dag.py
[2023-12-21T16:37:30.613+0000] {logging_mixin.py:120} INFO - [2023-12-21T16:37:30.613+0000] {dag.py:2585} INFO - Sync 1 DAGs
[2023-12-21T16:37:30.633+0000] {logging_mixin.py:120} INFO - [2023-12-21T16:37:30.633+0000] {dag.py:3340} INFO - Setting next_dagrun for example_trigger_target_dag to None, run_after=None
[2023-12-21T16:37:30.655+0000] {processor.py:176} INFO - Processing /home/airflow/.local/lib/python3.7/site-packages/airflow/example_dags/example_trigger_target_dag.py took 0.099 seconds
[2023-12-21T16:38:01.137+0000] {processor.py:154} INFO - Started process (PID=292) to work on /home/airflow/.local/lib/python3.7/site-packages/airflow/example_dags/example_trigger_target_dag.py
[2023-12-21T16:38:01.138+0000] {processor.py:756} INFO - Processing file /home/airflow/.local/lib/python3.7/site-packages/airflow/example_dags/example_trigger_target_dag.py for tasks to queue
[2023-12-21T16:38:01.138+0000] {logging_mixin.py:120} INFO - [2023-12-21T16:38:01.138+0000] {dagbag.py:537} INFO - Filling up the DagBag from /home/airflow/.local/lib/python3.7/site-packages/airflow/example_dags/example_trigger_target_dag.py
[2023-12-21T16:38:01.164+0000] {processor.py:766} INFO - DAG(s) dict_keys(['example_trigger_target_dag']) retrieved from /home/airflow/.local/lib/python3.7/site-packages/airflow/example_dags/example_trigger_target_dag.py
[2023-12-21T16:38:01.211+0000] {logging_mixin.py:120} INFO - [2023-12-21T16:38:01.211+0000] {dag.py:2585} INFO - Sync 1 DAGs
[2023-12-21T16:38:01.239+0000] {logging_mixin.py:120} INFO - [2023-12-21T16:38:01.239+0000] {dag.py:3340} INFO - Setting next_dagrun for example_trigger_target_dag to None, run_after=None
[2023-12-21T16:38:01.264+0000] {processor.py:176} INFO - Processing /home/airflow/.local/lib/python3.7/site-packages/airflow/example_dags/example_trigger_target_dag.py took 0.130 seconds
[2023-12-21T16:38:31.957+0000] {processor.py:154} INFO - Started process (PID=346) to work on /home/airflow/.local/lib/python3.7/site-packages/airflow/example_dags/example_trigger_target_dag.py
[2023-12-21T16:38:31.958+0000] {processor.py:756} INFO - Processing file /home/airflow/.local/lib/python3.7/site-packages/airflow/example_dags/example_trigger_target_dag.py for tasks to queue
[2023-12-21T16:38:31.958+0000] {logging_mixin.py:120} INFO - [2023-12-21T16:38:31.958+0000] {dagbag.py:537} INFO - Filling up the DagBag from /home/airflow/.local/lib/python3.7/site-packages/airflow/example_dags/example_trigger_target_dag.py
[2023-12-21T16:38:31.993+0000] {processor.py:766} INFO - DAG(s) dict_keys(['example_trigger_target_dag']) retrieved from /home/airflow/.local/lib/python3.7/site-packages/airflow/example_dags/example_trigger_target_dag.py
[2023-12-21T16:38:32.059+0000] {logging_mixin.py:120} INFO - [2023-12-21T16:38:32.059+0000] {dag.py:2585} INFO - Sync 1 DAGs
[2023-12-21T16:38:32.094+0000] {logging_mixin.py:120} INFO - [2023-12-21T16:38:32.094+0000] {dag.py:3340} INFO - Setting next_dagrun for example_trigger_target_dag to None, run_after=None
[2023-12-21T16:38:32.134+0000] {processor.py:176} INFO - Processing /home/airflow/.local/lib/python3.7/site-packages/airflow/example_dags/example_trigger_target_dag.py took 0.181 seconds
[2023-12-21T16:39:02.471+0000] {processor.py:154} INFO - Started process (PID=409) to work on /home/airflow/.local/lib/python3.7/site-packages/airflow/example_dags/example_trigger_target_dag.py
[2023-12-21T16:39:02.472+0000] {processor.py:756} INFO - Processing file /home/airflow/.local/lib/python3.7/site-packages/airflow/example_dags/example_trigger_target_dag.py for tasks to queue
[2023-12-21T16:39:02.472+0000] {logging_mixin.py:120} INFO - [2023-12-21T16:39:02.472+0000] {dagbag.py:537} INFO - Filling up the DagBag from /home/airflow/.local/lib/python3.7/site-packages/airflow/example_dags/example_trigger_target_dag.py
[2023-12-21T16:39:02.490+0000] {processor.py:766} INFO - DAG(s) dict_keys(['example_trigger_target_dag']) retrieved from /home/airflow/.local/lib/python3.7/site-packages/airflow/example_dags/example_trigger_target_dag.py
[2023-12-21T16:39:02.526+0000] {logging_mixin.py:120} INFO - [2023-12-21T16:39:02.526+0000] {dag.py:2585} INFO - Sync 1 DAGs
[2023-12-21T16:39:02.546+0000] {logging_mixin.py:120} INFO - [2023-12-21T16:39:02.546+0000] {dag.py:3340} INFO - Setting next_dagrun for example_trigger_target_dag to None, run_after=None
[2023-12-21T16:39:02.567+0000] {processor.py:176} INFO - Processing /home/airflow/.local/lib/python3.7/site-packages/airflow/example_dags/example_trigger_target_dag.py took 0.098 seconds
[2023-12-21T16:39:33.259+0000] {processor.py:154} INFO - Started process (PID=472) to work on /home/airflow/.local/lib/python3.7/site-packages/airflow/example_dags/example_trigger_target_dag.py
[2023-12-21T16:39:33.259+0000] {processor.py:756} INFO - Processing file /home/airflow/.local/lib/python3.7/site-packages/airflow/example_dags/example_trigger_target_dag.py for tasks to queue
[2023-12-21T16:39:33.260+0000] {logging_mixin.py:120} INFO - [2023-12-21T16:39:33.259+0000] {dagbag.py:537} INFO - Filling up the DagBag from /home/airflow/.local/lib/python3.7/site-packages/airflow/example_dags/example_trigger_target_dag.py
[2023-12-21T16:39:33.277+0000] {processor.py:766} INFO - DAG(s) dict_keys(['example_trigger_target_dag']) retrieved from /home/airflow/.local/lib/python3.7/site-packages/airflow/example_dags/example_trigger_target_dag.py
[2023-12-21T16:39:33.311+0000] {logging_mixin.py:120} INFO - [2023-12-21T16:39:33.311+0000] {dag.py:2585} INFO - Sync 1 DAGs
[2023-12-21T16:39:33.333+0000] {logging_mixin.py:120} INFO - [2023-12-21T16:39:33.333+0000] {dag.py:3340} INFO - Setting next_dagrun for example_trigger_target_dag to None, run_after=None
[2023-12-21T16:39:33.356+0000] {processor.py:176} INFO - Processing /home/airflow/.local/lib/python3.7/site-packages/airflow/example_dags/example_trigger_target_dag.py took 0.100 seconds
[2023-12-21T16:40:03.903+0000] {processor.py:154} INFO - Started process (PID=535) to work on /home/airflow/.local/lib/python3.7/site-packages/airflow/example_dags/example_trigger_target_dag.py
[2023-12-21T16:40:03.904+0000] {processor.py:756} INFO - Processing file /home/airflow/.local/lib/python3.7/site-packages/airflow/example_dags/example_trigger_target_dag.py for tasks to queue
[2023-12-21T16:40:03.904+0000] {logging_mixin.py:120} INFO - [2023-12-21T16:40:03.904+0000] {dagbag.py:537} INFO - Filling up the DagBag from /home/airflow/.local/lib/python3.7/site-packages/airflow/example_dags/example_trigger_target_dag.py
[2023-12-21T16:40:03.921+0000] {processor.py:766} INFO - DAG(s) dict_keys(['example_trigger_target_dag']) retrieved from /home/airflow/.local/lib/python3.7/site-packages/airflow/example_dags/example_trigger_target_dag.py
[2023-12-21T16:40:03.954+0000] {logging_mixin.py:120} INFO - [2023-12-21T16:40:03.954+0000] {dag.py:2585} INFO - Sync 1 DAGs
[2023-12-21T16:40:03.974+0000] {logging_mixin.py:120} INFO - [2023-12-21T16:40:03.974+0000] {dag.py:3340} INFO - Setting next_dagrun for example_trigger_target_dag to None, run_after=None
[2023-12-21T16:40:03.994+0000] {processor.py:176} INFO - Processing /home/airflow/.local/lib/python3.7/site-packages/airflow/example_dags/example_trigger_target_dag.py took 0.094 seconds
[2023-12-21T16:40:34.517+0000] {processor.py:154} INFO - Started process (PID=589) to work on /home/airflow/.local/lib/python3.7/site-packages/airflow/example_dags/example_trigger_target_dag.py
[2023-12-21T16:40:34.517+0000] {processor.py:756} INFO - Processing file /home/airflow/.local/lib/python3.7/site-packages/airflow/example_dags/example_trigger_target_dag.py for tasks to queue
[2023-12-21T16:40:34.518+0000] {logging_mixin.py:120} INFO - [2023-12-21T16:40:34.518+0000] {dagbag.py:537} INFO - Filling up the DagBag from /home/airflow/.local/lib/python3.7/site-packages/airflow/example_dags/example_trigger_target_dag.py
[2023-12-21T16:40:34.535+0000] {processor.py:766} INFO - DAG(s) dict_keys(['example_trigger_target_dag']) retrieved from /home/airflow/.local/lib/python3.7/site-packages/airflow/example_dags/example_trigger_target_dag.py
[2023-12-21T16:40:34.569+0000] {logging_mixin.py:120} INFO - [2023-12-21T16:40:34.569+0000] {dag.py:2585} INFO - Sync 1 DAGs
[2023-12-21T16:40:34.589+0000] {logging_mixin.py:120} INFO - [2023-12-21T16:40:34.589+0000] {dag.py:3340} INFO - Setting next_dagrun for example_trigger_target_dag to None, run_after=None
[2023-12-21T16:40:34.612+0000] {processor.py:176} INFO - Processing /home/airflow/.local/lib/python3.7/site-packages/airflow/example_dags/example_trigger_target_dag.py took 0.098 seconds
[2023-12-21T16:41:05.240+0000] {processor.py:154} INFO - Started process (PID=652) to work on /home/airflow/.local/lib/python3.7/site-packages/airflow/example_dags/example_trigger_target_dag.py
[2023-12-21T16:41:05.240+0000] {processor.py:756} INFO - Processing file /home/airflow/.local/lib/python3.7/site-packages/airflow/example_dags/example_trigger_target_dag.py for tasks to queue
[2023-12-21T16:41:05.241+0000] {logging_mixin.py:120} INFO - [2023-12-21T16:41:05.241+0000] {dagbag.py:537} INFO - Filling up the DagBag from /home/airflow/.local/lib/python3.7/site-packages/airflow/example_dags/example_trigger_target_dag.py
[2023-12-21T16:41:05.258+0000] {processor.py:766} INFO - DAG(s) dict_keys(['example_trigger_target_dag']) retrieved from /home/airflow/.local/lib/python3.7/site-packages/airflow/example_dags/example_trigger_target_dag.py
[2023-12-21T16:41:05.297+0000] {logging_mixin.py:120} INFO - [2023-12-21T16:41:05.297+0000] {dag.py:2585} INFO - Sync 1 DAGs
[2023-12-21T16:41:05.327+0000] {logging_mixin.py:120} INFO - [2023-12-21T16:41:05.327+0000] {dag.py:3340} INFO - Setting next_dagrun for example_trigger_target_dag to None, run_after=None
[2023-12-21T16:41:05.352+0000] {processor.py:176} INFO - Processing /home/airflow/.local/lib/python3.7/site-packages/airflow/example_dags/example_trigger_target_dag.py took 0.115 seconds
[2023-12-21T16:41:35.994+0000] {processor.py:154} INFO - Started process (PID=715) to work on /home/airflow/.local/lib/python3.7/site-packages/airflow/example_dags/example_trigger_target_dag.py
[2023-12-21T16:41:35.995+0000] {processor.py:756} INFO - Processing file /home/airflow/.local/lib/python3.7/site-packages/airflow/example_dags/example_trigger_target_dag.py for tasks to queue
[2023-12-21T16:41:35.996+0000] {logging_mixin.py:120} INFO - [2023-12-21T16:41:35.996+0000] {dagbag.py:537} INFO - Filling up the DagBag from /home/airflow/.local/lib/python3.7/site-packages/airflow/example_dags/example_trigger_target_dag.py
[2023-12-21T16:41:36.023+0000] {processor.py:766} INFO - DAG(s) dict_keys(['example_trigger_target_dag']) retrieved from /home/airflow/.local/lib/python3.7/site-packages/airflow/example_dags/example_trigger_target_dag.py
[2023-12-21T16:41:36.076+0000] {logging_mixin.py:120} INFO - [2023-12-21T16:41:36.075+0000] {dag.py:2585} INFO - Sync 1 DAGs
[2023-12-21T16:41:36.108+0000] {logging_mixin.py:120} INFO - [2023-12-21T16:41:36.108+0000] {dag.py:3340} INFO - Setting next_dagrun for example_trigger_target_dag to None, run_after=None
[2023-12-21T16:41:36.137+0000] {processor.py:176} INFO - Processing /home/airflow/.local/lib/python3.7/site-packages/airflow/example_dags/example_trigger_target_dag.py took 0.147 seconds
[2023-12-21T16:42:06.687+0000] {processor.py:154} INFO - Started process (PID=779) to work on /home/airflow/.local/lib/python3.7/site-packages/airflow/example_dags/example_trigger_target_dag.py
[2023-12-21T16:42:06.687+0000] {processor.py:756} INFO - Processing file /home/airflow/.local/lib/python3.7/site-packages/airflow/example_dags/example_trigger_target_dag.py for tasks to queue
[2023-12-21T16:42:06.688+0000] {logging_mixin.py:120} INFO - [2023-12-21T16:42:06.688+0000] {dagbag.py:537} INFO - Filling up the DagBag from /home/airflow/.local/lib/python3.7/site-packages/airflow/example_dags/example_trigger_target_dag.py
[2023-12-21T16:42:06.707+0000] {processor.py:766} INFO - DAG(s) dict_keys(['example_trigger_target_dag']) retrieved from /home/airflow/.local/lib/python3.7/site-packages/airflow/example_dags/example_trigger_target_dag.py
[2023-12-21T16:42:06.746+0000] {logging_mixin.py:120} INFO - [2023-12-21T16:42:06.746+0000] {dag.py:2585} INFO - Sync 1 DAGs
[2023-12-21T16:42:06.776+0000] {logging_mixin.py:120} INFO - [2023-12-21T16:42:06.775+0000] {dag.py:3340} INFO - Setting next_dagrun for example_trigger_target_dag to None, run_after=None
[2023-12-21T16:42:06.799+0000] {processor.py:176} INFO - Processing /home/airflow/.local/lib/python3.7/site-packages/airflow/example_dags/example_trigger_target_dag.py took 0.116 seconds
[2023-12-21T16:42:37.514+0000] {processor.py:154} INFO - Started process (PID=833) to work on /home/airflow/.local/lib/python3.7/site-packages/airflow/example_dags/example_trigger_target_dag.py
[2023-12-21T16:42:37.515+0000] {processor.py:756} INFO - Processing file /home/airflow/.local/lib/python3.7/site-packages/airflow/example_dags/example_trigger_target_dag.py for tasks to queue
[2023-12-21T16:42:37.516+0000] {logging_mixin.py:120} INFO - [2023-12-21T16:42:37.515+0000] {dagbag.py:537} INFO - Filling up the DagBag from /home/airflow/.local/lib/python3.7/site-packages/airflow/example_dags/example_trigger_target_dag.py
[2023-12-21T16:42:37.534+0000] {processor.py:766} INFO - DAG(s) dict_keys(['example_trigger_target_dag']) retrieved from /home/airflow/.local/lib/python3.7/site-packages/airflow/example_dags/example_trigger_target_dag.py
[2023-12-21T16:42:37.572+0000] {logging_mixin.py:120} INFO - [2023-12-21T16:42:37.572+0000] {dag.py:2585} INFO - Sync 1 DAGs
[2023-12-21T16:42:37.601+0000] {logging_mixin.py:120} INFO - [2023-12-21T16:42:37.601+0000] {dag.py:3340} INFO - Setting next_dagrun for example_trigger_target_dag to None, run_after=None
[2023-12-21T16:42:37.626+0000] {processor.py:176} INFO - Processing /home/airflow/.local/lib/python3.7/site-packages/airflow/example_dags/example_trigger_target_dag.py took 0.114 seconds
[2023-12-21T16:43:08.298+0000] {processor.py:154} INFO - Started process (PID=896) to work on /home/airflow/.local/lib/python3.7/site-packages/airflow/example_dags/example_trigger_target_dag.py
[2023-12-21T16:43:08.299+0000] {processor.py:756} INFO - Processing file /home/airflow/.local/lib/python3.7/site-packages/airflow/example_dags/example_trigger_target_dag.py for tasks to queue
[2023-12-21T16:43:08.299+0000] {logging_mixin.py:120} INFO - [2023-12-21T16:43:08.299+0000] {dagbag.py:537} INFO - Filling up the DagBag from /home/airflow/.local/lib/python3.7/site-packages/airflow/example_dags/example_trigger_target_dag.py
[2023-12-21T16:43:08.318+0000] {processor.py:766} INFO - DAG(s) dict_keys(['example_trigger_target_dag']) retrieved from /home/airflow/.local/lib/python3.7/site-packages/airflow/example_dags/example_trigger_target_dag.py
[2023-12-21T16:43:08.351+0000] {logging_mixin.py:120} INFO - [2023-12-21T16:43:08.350+0000] {dag.py:2585} INFO - Sync 1 DAGs
[2023-12-21T16:43:08.371+0000] {logging_mixin.py:120} INFO - [2023-12-21T16:43:08.371+0000] {dag.py:3340} INFO - Setting next_dagrun for example_trigger_target_dag to None, run_after=None
[2023-12-21T16:43:08.390+0000] {processor.py:176} INFO - Processing /home/airflow/.local/lib/python3.7/site-packages/airflow/example_dags/example_trigger_target_dag.py took 0.095 seconds
[2023-12-21T16:43:38.834+0000] {processor.py:154} INFO - Started process (PID=959) to work on /home/airflow/.local/lib/python3.7/site-packages/airflow/example_dags/example_trigger_target_dag.py
[2023-12-21T16:43:38.834+0000] {processor.py:756} INFO - Processing file /home/airflow/.local/lib/python3.7/site-packages/airflow/example_dags/example_trigger_target_dag.py for tasks to queue
[2023-12-21T16:43:38.835+0000] {logging_mixin.py:120} INFO - [2023-12-21T16:43:38.835+0000] {dagbag.py:537} INFO - Filling up the DagBag from /home/airflow/.local/lib/python3.7/site-packages/airflow/example_dags/example_trigger_target_dag.py
[2023-12-21T16:43:38.852+0000] {processor.py:766} INFO - DAG(s) dict_keys(['example_trigger_target_dag']) retrieved from /home/airflow/.local/lib/python3.7/site-packages/airflow/example_dags/example_trigger_target_dag.py
[2023-12-21T16:43:38.895+0000] {logging_mixin.py:120} INFO - [2023-12-21T16:43:38.895+0000] {dag.py:2585} INFO - Sync 1 DAGs
[2023-12-21T16:43:38.918+0000] {logging_mixin.py:120} INFO - [2023-12-21T16:43:38.918+0000] {dag.py:3340} INFO - Setting next_dagrun for example_trigger_target_dag to None, run_after=None
[2023-12-21T16:43:38.939+0000] {processor.py:176} INFO - Processing /home/airflow/.local/lib/python3.7/site-packages/airflow/example_dags/example_trigger_target_dag.py took 0.108 seconds
[2023-12-21T16:44:09.563+0000] {processor.py:154} INFO - Started process (PID=1022) to work on /home/airflow/.local/lib/python3.7/site-packages/airflow/example_dags/example_trigger_target_dag.py
[2023-12-21T16:44:09.564+0000] {processor.py:756} INFO - Processing file /home/airflow/.local/lib/python3.7/site-packages/airflow/example_dags/example_trigger_target_dag.py for tasks to queue
[2023-12-21T16:44:09.564+0000] {logging_mixin.py:120} INFO - [2023-12-21T16:44:09.564+0000] {dagbag.py:537} INFO - Filling up the DagBag from /home/airflow/.local/lib/python3.7/site-packages/airflow/example_dags/example_trigger_target_dag.py
[2023-12-21T16:44:09.582+0000] {processor.py:766} INFO - DAG(s) dict_keys(['example_trigger_target_dag']) retrieved from /home/airflow/.local/lib/python3.7/site-packages/airflow/example_dags/example_trigger_target_dag.py
[2023-12-21T16:44:09.624+0000] {logging_mixin.py:120} INFO - [2023-12-21T16:44:09.624+0000] {dag.py:2585} INFO - Sync 1 DAGs
[2023-12-21T16:44:09.653+0000] {logging_mixin.py:120} INFO - [2023-12-21T16:44:09.653+0000] {dag.py:3340} INFO - Setting next_dagrun for example_trigger_target_dag to None, run_after=None
[2023-12-21T16:44:09.674+0000] {processor.py:176} INFO - Processing /home/airflow/.local/lib/python3.7/site-packages/airflow/example_dags/example_trigger_target_dag.py took 0.114 seconds
[2023-12-21T16:44:40.292+0000] {processor.py:154} INFO - Started process (PID=1076) to work on /home/airflow/.local/lib/python3.7/site-packages/airflow/example_dags/example_trigger_target_dag.py
[2023-12-21T16:44:40.293+0000] {processor.py:756} INFO - Processing file /home/airflow/.local/lib/python3.7/site-packages/airflow/example_dags/example_trigger_target_dag.py for tasks to queue
[2023-12-21T16:44:40.293+0000] {logging_mixin.py:120} INFO - [2023-12-21T16:44:40.293+0000] {dagbag.py:537} INFO - Filling up the DagBag from /home/airflow/.local/lib/python3.7/site-packages/airflow/example_dags/example_trigger_target_dag.py
[2023-12-21T16:44:40.312+0000] {processor.py:766} INFO - DAG(s) dict_keys(['example_trigger_target_dag']) retrieved from /home/airflow/.local/lib/python3.7/site-packages/airflow/example_dags/example_trigger_target_dag.py
[2023-12-21T16:44:40.355+0000] {logging_mixin.py:120} INFO - [2023-12-21T16:44:40.355+0000] {dag.py:2585} INFO - Sync 1 DAGs
[2023-12-21T16:44:40.378+0000] {logging_mixin.py:120} INFO - [2023-12-21T16:44:40.378+0000] {dag.py:3340} INFO - Setting next_dagrun for example_trigger_target_dag to None, run_after=None
[2023-12-21T16:44:40.407+0000] {processor.py:176} INFO - Processing /home/airflow/.local/lib/python3.7/site-packages/airflow/example_dags/example_trigger_target_dag.py took 0.117 seconds
[2023-12-21T16:45:11.131+0000] {processor.py:154} INFO - Started process (PID=1140) to work on /home/airflow/.local/lib/python3.7/site-packages/airflow/example_dags/example_trigger_target_dag.py
[2023-12-21T16:45:11.132+0000] {processor.py:756} INFO - Processing file /home/airflow/.local/lib/python3.7/site-packages/airflow/example_dags/example_trigger_target_dag.py for tasks to queue
[2023-12-21T16:45:11.132+0000] {logging_mixin.py:120} INFO - [2023-12-21T16:45:11.132+0000] {dagbag.py:537} INFO - Filling up the DagBag from /home/airflow/.local/lib/python3.7/site-packages/airflow/example_dags/example_trigger_target_dag.py
[2023-12-21T16:45:11.152+0000] {processor.py:766} INFO - DAG(s) dict_keys(['example_trigger_target_dag']) retrieved from /home/airflow/.local/lib/python3.7/site-packages/airflow/example_dags/example_trigger_target_dag.py
[2023-12-21T16:45:11.197+0000] {logging_mixin.py:120} INFO - [2023-12-21T16:45:11.196+0000] {dag.py:2585} INFO - Sync 1 DAGs
[2023-12-21T16:45:11.231+0000] {logging_mixin.py:120} INFO - [2023-12-21T16:45:11.230+0000] {dag.py:3340} INFO - Setting next_dagrun for example_trigger_target_dag to None, run_after=None
[2023-12-21T16:45:11.258+0000] {processor.py:176} INFO - Processing /home/airflow/.local/lib/python3.7/site-packages/airflow/example_dags/example_trigger_target_dag.py took 0.130 seconds
[2023-12-21T16:45:41.818+0000] {processor.py:154} INFO - Started process (PID=1202) to work on /home/airflow/.local/lib/python3.7/site-packages/airflow/example_dags/example_trigger_target_dag.py
[2023-12-21T16:45:41.819+0000] {processor.py:756} INFO - Processing file /home/airflow/.local/lib/python3.7/site-packages/airflow/example_dags/example_trigger_target_dag.py for tasks to queue
[2023-12-21T16:45:41.819+0000] {logging_mixin.py:120} INFO - [2023-12-21T16:45:41.819+0000] {dagbag.py:537} INFO - Filling up the DagBag from /home/airflow/.local/lib/python3.7/site-packages/airflow/example_dags/example_trigger_target_dag.py
[2023-12-21T16:45:41.839+0000] {processor.py:766} INFO - DAG(s) dict_keys(['example_trigger_target_dag']) retrieved from /home/airflow/.local/lib/python3.7/site-packages/airflow/example_dags/example_trigger_target_dag.py
[2023-12-21T16:45:41.877+0000] {logging_mixin.py:120} INFO - [2023-12-21T16:45:41.877+0000] {dag.py:2585} INFO - Sync 1 DAGs
[2023-12-21T16:45:41.899+0000] {logging_mixin.py:120} INFO - [2023-12-21T16:45:41.899+0000] {dag.py:3340} INFO - Setting next_dagrun for example_trigger_target_dag to None, run_after=None
[2023-12-21T16:45:41.923+0000] {processor.py:176} INFO - Processing /home/airflow/.local/lib/python3.7/site-packages/airflow/example_dags/example_trigger_target_dag.py took 0.107 seconds
[2023-12-21T16:46:12.675+0000] {processor.py:154} INFO - Started process (PID=1265) to work on /home/airflow/.local/lib/python3.7/site-packages/airflow/example_dags/example_trigger_target_dag.py
[2023-12-21T16:46:12.676+0000] {processor.py:756} INFO - Processing file /home/airflow/.local/lib/python3.7/site-packages/airflow/example_dags/example_trigger_target_dag.py for tasks to queue
[2023-12-21T16:46:12.676+0000] {logging_mixin.py:120} INFO - [2023-12-21T16:46:12.676+0000] {dagbag.py:537} INFO - Filling up the DagBag from /home/airflow/.local/lib/python3.7/site-packages/airflow/example_dags/example_trigger_target_dag.py
[2023-12-21T16:46:12.696+0000] {processor.py:766} INFO - DAG(s) dict_keys(['example_trigger_target_dag']) retrieved from /home/airflow/.local/lib/python3.7/site-packages/airflow/example_dags/example_trigger_target_dag.py
[2023-12-21T16:46:12.732+0000] {logging_mixin.py:120} INFO - [2023-12-21T16:46:12.732+0000] {dag.py:2585} INFO - Sync 1 DAGs
[2023-12-21T16:46:12.753+0000] {logging_mixin.py:120} INFO - [2023-12-21T16:46:12.753+0000] {dag.py:3340} INFO - Setting next_dagrun for example_trigger_target_dag to None, run_after=None
[2023-12-21T16:46:12.773+0000] {processor.py:176} INFO - Processing /home/airflow/.local/lib/python3.7/site-packages/airflow/example_dags/example_trigger_target_dag.py took 0.100 seconds
[2023-12-21T16:46:43.347+0000] {processor.py:154} INFO - Started process (PID=1319) to work on /home/airflow/.local/lib/python3.7/site-packages/airflow/example_dags/example_trigger_target_dag.py
[2023-12-21T16:46:43.348+0000] {processor.py:756} INFO - Processing file /home/airflow/.local/lib/python3.7/site-packages/airflow/example_dags/example_trigger_target_dag.py for tasks to queue
[2023-12-21T16:46:43.349+0000] {logging_mixin.py:120} INFO - [2023-12-21T16:46:43.349+0000] {dagbag.py:537} INFO - Filling up the DagBag from /home/airflow/.local/lib/python3.7/site-packages/airflow/example_dags/example_trigger_target_dag.py
[2023-12-21T16:46:43.376+0000] {processor.py:766} INFO - DAG(s) dict_keys(['example_trigger_target_dag']) retrieved from /home/airflow/.local/lib/python3.7/site-packages/airflow/example_dags/example_trigger_target_dag.py
[2023-12-21T16:46:43.427+0000] {logging_mixin.py:120} INFO - [2023-12-21T16:46:43.427+0000] {dag.py:2585} INFO - Sync 1 DAGs
[2023-12-21T16:46:43.464+0000] {logging_mixin.py:120} INFO - [2023-12-21T16:46:43.464+0000] {dag.py:3340} INFO - Setting next_dagrun for example_trigger_target_dag to None, run_after=None
[2023-12-21T16:46:43.491+0000] {processor.py:176} INFO - Processing /home/airflow/.local/lib/python3.7/site-packages/airflow/example_dags/example_trigger_target_dag.py took 0.148 seconds
[2023-12-21T16:47:13.523+0000] {processor.py:154} INFO - Started process (PID=1380) to work on /home/airflow/.local/lib/python3.7/site-packages/airflow/example_dags/example_trigger_target_dag.py
[2023-12-21T16:47:13.524+0000] {processor.py:756} INFO - Processing file /home/airflow/.local/lib/python3.7/site-packages/airflow/example_dags/example_trigger_target_dag.py for tasks to queue
[2023-12-21T16:47:13.524+0000] {logging_mixin.py:120} INFO - [2023-12-21T16:47:13.524+0000] {dagbag.py:537} INFO - Filling up the DagBag from /home/airflow/.local/lib/python3.7/site-packages/airflow/example_dags/example_trigger_target_dag.py
[2023-12-21T16:47:13.543+0000] {processor.py:766} INFO - DAG(s) dict_keys(['example_trigger_target_dag']) retrieved from /home/airflow/.local/lib/python3.7/site-packages/airflow/example_dags/example_trigger_target_dag.py
[2023-12-21T16:47:13.577+0000] {logging_mixin.py:120} INFO - [2023-12-21T16:47:13.576+0000] {dag.py:2585} INFO - Sync 1 DAGs
[2023-12-21T16:47:13.597+0000] {logging_mixin.py:120} INFO - [2023-12-21T16:47:13.597+0000] {dag.py:3340} INFO - Setting next_dagrun for example_trigger_target_dag to None, run_after=None
[2023-12-21T16:47:13.618+0000] {processor.py:176} INFO - Processing /home/airflow/.local/lib/python3.7/site-packages/airflow/example_dags/example_trigger_target_dag.py took 0.097 seconds
[2023-12-21T16:47:43.664+0000] {processor.py:154} INFO - Started process (PID=1442) to work on /home/airflow/.local/lib/python3.7/site-packages/airflow/example_dags/example_trigger_target_dag.py
[2023-12-21T16:47:43.665+0000] {processor.py:756} INFO - Processing file /home/airflow/.local/lib/python3.7/site-packages/airflow/example_dags/example_trigger_target_dag.py for tasks to queue
[2023-12-21T16:47:43.666+0000] {logging_mixin.py:120} INFO - [2023-12-21T16:47:43.666+0000] {dagbag.py:537} INFO - Filling up the DagBag from /home/airflow/.local/lib/python3.7/site-packages/airflow/example_dags/example_trigger_target_dag.py
[2023-12-21T16:47:43.689+0000] {processor.py:766} INFO - DAG(s) dict_keys(['example_trigger_target_dag']) retrieved from /home/airflow/.local/lib/python3.7/site-packages/airflow/example_dags/example_trigger_target_dag.py
[2023-12-21T16:47:43.725+0000] {logging_mixin.py:120} INFO - [2023-12-21T16:47:43.725+0000] {dag.py:2585} INFO - Sync 1 DAGs
[2023-12-21T16:47:43.744+0000] {logging_mixin.py:120} INFO - [2023-12-21T16:47:43.744+0000] {dag.py:3340} INFO - Setting next_dagrun for example_trigger_target_dag to None, run_after=None
[2023-12-21T16:47:43.764+0000] {processor.py:176} INFO - Processing /home/airflow/.local/lib/python3.7/site-packages/airflow/example_dags/example_trigger_target_dag.py took 0.104 seconds
[2023-12-21T16:48:14.426+0000] {processor.py:154} INFO - Started process (PID=1496) to work on /home/airflow/.local/lib/python3.7/site-packages/airflow/example_dags/example_trigger_target_dag.py
[2023-12-21T16:48:14.427+0000] {processor.py:756} INFO - Processing file /home/airflow/.local/lib/python3.7/site-packages/airflow/example_dags/example_trigger_target_dag.py for tasks to queue
[2023-12-21T16:48:14.427+0000] {logging_mixin.py:120} INFO - [2023-12-21T16:48:14.427+0000] {dagbag.py:537} INFO - Filling up the DagBag from /home/airflow/.local/lib/python3.7/site-packages/airflow/example_dags/example_trigger_target_dag.py
[2023-12-21T16:48:14.463+0000] {processor.py:766} INFO - DAG(s) dict_keys(['example_trigger_target_dag']) retrieved from /home/airflow/.local/lib/python3.7/site-packages/airflow/example_dags/example_trigger_target_dag.py
[2023-12-21T16:48:14.512+0000] {logging_mixin.py:120} INFO - [2023-12-21T16:48:14.512+0000] {dag.py:2585} INFO - Sync 1 DAGs
[2023-12-21T16:48:14.544+0000] {logging_mixin.py:120} INFO - [2023-12-21T16:48:14.544+0000] {dag.py:3340} INFO - Setting next_dagrun for example_trigger_target_dag to None, run_after=None
[2023-12-21T16:48:14.569+0000] {processor.py:176} INFO - Processing /home/airflow/.local/lib/python3.7/site-packages/airflow/example_dags/example_trigger_target_dag.py took 0.146 seconds
[2023-12-21T16:48:45.201+0000] {processor.py:154} INFO - Started process (PID=1560) to work on /home/airflow/.local/lib/python3.7/site-packages/airflow/example_dags/example_trigger_target_dag.py
[2023-12-21T16:48:45.202+0000] {processor.py:756} INFO - Processing file /home/airflow/.local/lib/python3.7/site-packages/airflow/example_dags/example_trigger_target_dag.py for tasks to queue
[2023-12-21T16:48:45.202+0000] {logging_mixin.py:120} INFO - [2023-12-21T16:48:45.202+0000] {dagbag.py:537} INFO - Filling up the DagBag from /home/airflow/.local/lib/python3.7/site-packages/airflow/example_dags/example_trigger_target_dag.py
[2023-12-21T16:48:45.219+0000] {processor.py:766} INFO - DAG(s) dict_keys(['example_trigger_target_dag']) retrieved from /home/airflow/.local/lib/python3.7/site-packages/airflow/example_dags/example_trigger_target_dag.py
[2023-12-21T16:48:45.256+0000] {logging_mixin.py:120} INFO - [2023-12-21T16:48:45.256+0000] {dag.py:2585} INFO - Sync 1 DAGs
[2023-12-21T16:48:45.285+0000] {logging_mixin.py:120} INFO - [2023-12-21T16:48:45.285+0000] {dag.py:3340} INFO - Setting next_dagrun for example_trigger_target_dag to None, run_after=None
[2023-12-21T16:48:45.312+0000] {processor.py:176} INFO - Processing /home/airflow/.local/lib/python3.7/site-packages/airflow/example_dags/example_trigger_target_dag.py took 0.114 seconds
[2023-12-21T16:49:15.991+0000] {processor.py:154} INFO - Started process (PID=1623) to work on /home/airflow/.local/lib/python3.7/site-packages/airflow/example_dags/example_trigger_target_dag.py
[2023-12-21T16:49:15.992+0000] {processor.py:756} INFO - Processing file /home/airflow/.local/lib/python3.7/site-packages/airflow/example_dags/example_trigger_target_dag.py for tasks to queue
[2023-12-21T16:49:15.992+0000] {logging_mixin.py:120} INFO - [2023-12-21T16:49:15.992+0000] {dagbag.py:537} INFO - Filling up the DagBag from /home/airflow/.local/lib/python3.7/site-packages/airflow/example_dags/example_trigger_target_dag.py
[2023-12-21T16:49:16.012+0000] {processor.py:766} INFO - DAG(s) dict_keys(['example_trigger_target_dag']) retrieved from /home/airflow/.local/lib/python3.7/site-packages/airflow/example_dags/example_trigger_target_dag.py
[2023-12-21T16:49:16.047+0000] {logging_mixin.py:120} INFO - [2023-12-21T16:49:16.047+0000] {dag.py:2585} INFO - Sync 1 DAGs
[2023-12-21T16:49:16.068+0000] {logging_mixin.py:120} INFO - [2023-12-21T16:49:16.068+0000] {dag.py:3340} INFO - Setting next_dagrun for example_trigger_target_dag to None, run_after=None
[2023-12-21T16:49:16.092+0000] {processor.py:176} INFO - Processing /home/airflow/.local/lib/python3.7/site-packages/airflow/example_dags/example_trigger_target_dag.py took 0.103 seconds
[2023-12-21T16:49:46.665+0000] {processor.py:154} INFO - Started process (PID=1677) to work on /home/airflow/.local/lib/python3.7/site-packages/airflow/example_dags/example_trigger_target_dag.py
[2023-12-21T16:49:46.666+0000] {processor.py:756} INFO - Processing file /home/airflow/.local/lib/python3.7/site-packages/airflow/example_dags/example_trigger_target_dag.py for tasks to queue
[2023-12-21T16:49:46.666+0000] {logging_mixin.py:120} INFO - [2023-12-21T16:49:46.666+0000] {dagbag.py:537} INFO - Filling up the DagBag from /home/airflow/.local/lib/python3.7/site-packages/airflow/example_dags/example_trigger_target_dag.py
[2023-12-21T16:49:46.686+0000] {processor.py:766} INFO - DAG(s) dict_keys(['example_trigger_target_dag']) retrieved from /home/airflow/.local/lib/python3.7/site-packages/airflow/example_dags/example_trigger_target_dag.py
[2023-12-21T16:49:46.720+0000] {logging_mixin.py:120} INFO - [2023-12-21T16:49:46.720+0000] {dag.py:2585} INFO - Sync 1 DAGs
[2023-12-21T16:49:46.740+0000] {logging_mixin.py:120} INFO - [2023-12-21T16:49:46.740+0000] {dag.py:3340} INFO - Setting next_dagrun for example_trigger_target_dag to None, run_after=None
[2023-12-21T16:49:46.766+0000] {processor.py:176} INFO - Processing /home/airflow/.local/lib/python3.7/site-packages/airflow/example_dags/example_trigger_target_dag.py took 0.103 seconds
[2023-12-21T16:50:17.425+0000] {processor.py:154} INFO - Started process (PID=1740) to work on /home/airflow/.local/lib/python3.7/site-packages/airflow/example_dags/example_trigger_target_dag.py
[2023-12-21T16:50:17.425+0000] {processor.py:756} INFO - Processing file /home/airflow/.local/lib/python3.7/site-packages/airflow/example_dags/example_trigger_target_dag.py for tasks to queue
[2023-12-21T16:50:17.426+0000] {logging_mixin.py:120} INFO - [2023-12-21T16:50:17.426+0000] {dagbag.py:537} INFO - Filling up the DagBag from /home/airflow/.local/lib/python3.7/site-packages/airflow/example_dags/example_trigger_target_dag.py
[2023-12-21T16:50:17.451+0000] {processor.py:766} INFO - DAG(s) dict_keys(['example_trigger_target_dag']) retrieved from /home/airflow/.local/lib/python3.7/site-packages/airflow/example_dags/example_trigger_target_dag.py
[2023-12-21T16:50:17.495+0000] {logging_mixin.py:120} INFO - [2023-12-21T16:50:17.494+0000] {dag.py:2585} INFO - Sync 1 DAGs
[2023-12-21T16:50:17.515+0000] {logging_mixin.py:120} INFO - [2023-12-21T16:50:17.515+0000] {dag.py:3340} INFO - Setting next_dagrun for example_trigger_target_dag to None, run_after=None
[2023-12-21T16:50:17.536+0000] {processor.py:176} INFO - Processing /home/airflow/.local/lib/python3.7/site-packages/airflow/example_dags/example_trigger_target_dag.py took 0.114 seconds
[2023-12-21T16:50:48.186+0000] {processor.py:154} INFO - Started process (PID=1803) to work on /home/airflow/.local/lib/python3.7/site-packages/airflow/example_dags/example_trigger_target_dag.py
[2023-12-21T16:50:48.187+0000] {processor.py:756} INFO - Processing file /home/airflow/.local/lib/python3.7/site-packages/airflow/example_dags/example_trigger_target_dag.py for tasks to queue
[2023-12-21T16:50:48.187+0000] {logging_mixin.py:120} INFO - [2023-12-21T16:50:48.187+0000] {dagbag.py:537} INFO - Filling up the DagBag from /home/airflow/.local/lib/python3.7/site-packages/airflow/example_dags/example_trigger_target_dag.py
[2023-12-21T16:50:48.208+0000] {processor.py:766} INFO - DAG(s) dict_keys(['example_trigger_target_dag']) retrieved from /home/airflow/.local/lib/python3.7/site-packages/airflow/example_dags/example_trigger_target_dag.py
[2023-12-21T16:50:48.242+0000] {logging_mixin.py:120} INFO - [2023-12-21T16:50:48.242+0000] {dag.py:2585} INFO - Sync 1 DAGs
[2023-12-21T16:50:48.263+0000] {logging_mixin.py:120} INFO - [2023-12-21T16:50:48.262+0000] {dag.py:3340} INFO - Setting next_dagrun for example_trigger_target_dag to None, run_after=None
[2023-12-21T16:50:48.285+0000] {processor.py:176} INFO - Processing /home/airflow/.local/lib/python3.7/site-packages/airflow/example_dags/example_trigger_target_dag.py took 0.102 seconds
[2023-12-21T16:51:18.852+0000] {processor.py:154} INFO - Started process (PID=1867) to work on /home/airflow/.local/lib/python3.7/site-packages/airflow/example_dags/example_trigger_target_dag.py
[2023-12-21T16:51:18.852+0000] {processor.py:756} INFO - Processing file /home/airflow/.local/lib/python3.7/site-packages/airflow/example_dags/example_trigger_target_dag.py for tasks to queue
[2023-12-21T16:51:18.853+0000] {logging_mixin.py:120} INFO - [2023-12-21T16:51:18.853+0000] {dagbag.py:537} INFO - Filling up the DagBag from /home/airflow/.local/lib/python3.7/site-packages/airflow/example_dags/example_trigger_target_dag.py
[2023-12-21T16:51:18.879+0000] {processor.py:766} INFO - DAG(s) dict_keys(['example_trigger_target_dag']) retrieved from /home/airflow/.local/lib/python3.7/site-packages/airflow/example_dags/example_trigger_target_dag.py
[2023-12-21T16:51:18.927+0000] {logging_mixin.py:120} INFO - [2023-12-21T16:51:18.927+0000] {dag.py:2585} INFO - Sync 1 DAGs
[2023-12-21T16:51:18.961+0000] {logging_mixin.py:120} INFO - [2023-12-21T16:51:18.961+0000] {dag.py:3340} INFO - Setting next_dagrun for example_trigger_target_dag to None, run_after=None
[2023-12-21T16:51:18.984+0000] {processor.py:176} INFO - Processing /home/airflow/.local/lib/python3.7/site-packages/airflow/example_dags/example_trigger_target_dag.py took 0.136 seconds
[2023-12-21T16:51:49.549+0000] {processor.py:154} INFO - Started process (PID=1921) to work on /home/airflow/.local/lib/python3.7/site-packages/airflow/example_dags/example_trigger_target_dag.py
[2023-12-21T16:51:49.549+0000] {processor.py:756} INFO - Processing file /home/airflow/.local/lib/python3.7/site-packages/airflow/example_dags/example_trigger_target_dag.py for tasks to queue
[2023-12-21T16:51:49.550+0000] {logging_mixin.py:120} INFO - [2023-12-21T16:51:49.550+0000] {dagbag.py:537} INFO - Filling up the DagBag from /home/airflow/.local/lib/python3.7/site-packages/airflow/example_dags/example_trigger_target_dag.py
[2023-12-21T16:51:49.575+0000] {processor.py:766} INFO - DAG(s) dict_keys(['example_trigger_target_dag']) retrieved from /home/airflow/.local/lib/python3.7/site-packages/airflow/example_dags/example_trigger_target_dag.py
[2023-12-21T16:51:49.622+0000] {logging_mixin.py:120} INFO - [2023-12-21T16:51:49.622+0000] {dag.py:2585} INFO - Sync 1 DAGs
[2023-12-21T16:51:49.651+0000] {logging_mixin.py:120} INFO - [2023-12-21T16:51:49.650+0000] {dag.py:3340} INFO - Setting next_dagrun for example_trigger_target_dag to None, run_after=None
[2023-12-21T16:51:49.677+0000] {processor.py:176} INFO - Processing /home/airflow/.local/lib/python3.7/site-packages/airflow/example_dags/example_trigger_target_dag.py took 0.131 seconds
[2023-12-21T16:52:20.447+0000] {processor.py:154} INFO - Started process (PID=1984) to work on /home/airflow/.local/lib/python3.7/site-packages/airflow/example_dags/example_trigger_target_dag.py
[2023-12-21T16:52:20.447+0000] {processor.py:756} INFO - Processing file /home/airflow/.local/lib/python3.7/site-packages/airflow/example_dags/example_trigger_target_dag.py for tasks to queue
[2023-12-21T16:52:20.448+0000] {logging_mixin.py:120} INFO - [2023-12-21T16:52:20.448+0000] {dagbag.py:537} INFO - Filling up the DagBag from /home/airflow/.local/lib/python3.7/site-packages/airflow/example_dags/example_trigger_target_dag.py
[2023-12-21T16:52:20.473+0000] {processor.py:766} INFO - DAG(s) dict_keys(['example_trigger_target_dag']) retrieved from /home/airflow/.local/lib/python3.7/site-packages/airflow/example_dags/example_trigger_target_dag.py
[2023-12-21T16:52:20.521+0000] {logging_mixin.py:120} INFO - [2023-12-21T16:52:20.521+0000] {dag.py:2585} INFO - Sync 1 DAGs
[2023-12-21T16:52:20.552+0000] {logging_mixin.py:120} INFO - [2023-12-21T16:52:20.552+0000] {dag.py:3340} INFO - Setting next_dagrun for example_trigger_target_dag to None, run_after=None
[2023-12-21T16:52:20.579+0000] {processor.py:176} INFO - Processing /home/airflow/.local/lib/python3.7/site-packages/airflow/example_dags/example_trigger_target_dag.py took 0.135 seconds
[2023-12-21T16:52:51.286+0000] {processor.py:154} INFO - Started process (PID=2048) to work on /home/airflow/.local/lib/python3.7/site-packages/airflow/example_dags/example_trigger_target_dag.py
[2023-12-21T16:52:51.287+0000] {processor.py:756} INFO - Processing file /home/airflow/.local/lib/python3.7/site-packages/airflow/example_dags/example_trigger_target_dag.py for tasks to queue
[2023-12-21T16:52:51.287+0000] {logging_mixin.py:120} INFO - [2023-12-21T16:52:51.287+0000] {dagbag.py:537} INFO - Filling up the DagBag from /home/airflow/.local/lib/python3.7/site-packages/airflow/example_dags/example_trigger_target_dag.py
[2023-12-21T16:52:51.305+0000] {processor.py:766} INFO - DAG(s) dict_keys(['example_trigger_target_dag']) retrieved from /home/airflow/.local/lib/python3.7/site-packages/airflow/example_dags/example_trigger_target_dag.py
[2023-12-21T16:52:51.345+0000] {logging_mixin.py:120} INFO - [2023-12-21T16:52:51.345+0000] {dag.py:2585} INFO - Sync 1 DAGs
[2023-12-21T16:52:51.375+0000] {logging_mixin.py:120} INFO - [2023-12-21T16:52:51.375+0000] {dag.py:3340} INFO - Setting next_dagrun for example_trigger_target_dag to None, run_after=None
[2023-12-21T16:52:51.404+0000] {processor.py:176} INFO - Processing /home/airflow/.local/lib/python3.7/site-packages/airflow/example_dags/example_trigger_target_dag.py took 0.120 seconds
[2023-12-21T16:53:21.952+0000] {processor.py:154} INFO - Started process (PID=2111) to work on /home/airflow/.local/lib/python3.7/site-packages/airflow/example_dags/example_trigger_target_dag.py
[2023-12-21T16:53:21.953+0000] {processor.py:756} INFO - Processing file /home/airflow/.local/lib/python3.7/site-packages/airflow/example_dags/example_trigger_target_dag.py for tasks to queue
[2023-12-21T16:53:21.953+0000] {logging_mixin.py:120} INFO - [2023-12-21T16:53:21.953+0000] {dagbag.py:537} INFO - Filling up the DagBag from /home/airflow/.local/lib/python3.7/site-packages/airflow/example_dags/example_trigger_target_dag.py
[2023-12-21T16:53:21.971+0000] {processor.py:766} INFO - DAG(s) dict_keys(['example_trigger_target_dag']) retrieved from /home/airflow/.local/lib/python3.7/site-packages/airflow/example_dags/example_trigger_target_dag.py
[2023-12-21T16:53:22.011+0000] {logging_mixin.py:120} INFO - [2023-12-21T16:53:22.011+0000] {dag.py:2585} INFO - Sync 1 DAGs
[2023-12-21T16:53:22.040+0000] {logging_mixin.py:120} INFO - [2023-12-21T16:53:22.039+0000] {dag.py:3340} INFO - Setting next_dagrun for example_trigger_target_dag to None, run_after=None
[2023-12-21T16:53:22.067+0000] {processor.py:176} INFO - Processing /home/airflow/.local/lib/python3.7/site-packages/airflow/example_dags/example_trigger_target_dag.py took 0.117 seconds
[2023-12-21T16:53:52.915+0000] {processor.py:154} INFO - Started process (PID=2165) to work on /home/airflow/.local/lib/python3.7/site-packages/airflow/example_dags/example_trigger_target_dag.py
[2023-12-21T16:53:52.916+0000] {processor.py:756} INFO - Processing file /home/airflow/.local/lib/python3.7/site-packages/airflow/example_dags/example_trigger_target_dag.py for tasks to queue
[2023-12-21T16:53:52.917+0000] {logging_mixin.py:120} INFO - [2023-12-21T16:53:52.916+0000] {dagbag.py:537} INFO - Filling up the DagBag from /home/airflow/.local/lib/python3.7/site-packages/airflow/example_dags/example_trigger_target_dag.py
[2023-12-21T16:53:52.937+0000] {processor.py:766} INFO - DAG(s) dict_keys(['example_trigger_target_dag']) retrieved from /home/airflow/.local/lib/python3.7/site-packages/airflow/example_dags/example_trigger_target_dag.py
[2023-12-21T16:53:52.978+0000] {logging_mixin.py:120} INFO - [2023-12-21T16:53:52.977+0000] {dag.py:2585} INFO - Sync 1 DAGs
[2023-12-21T16:53:53.007+0000] {logging_mixin.py:120} INFO - [2023-12-21T16:53:53.007+0000] {dag.py:3340} INFO - Setting next_dagrun for example_trigger_target_dag to None, run_after=None
[2023-12-21T16:53:53.036+0000] {processor.py:176} INFO - Processing /home/airflow/.local/lib/python3.7/site-packages/airflow/example_dags/example_trigger_target_dag.py took 0.124 seconds
[2023-12-21T16:54:23.657+0000] {processor.py:154} INFO - Started process (PID=2229) to work on /home/airflow/.local/lib/python3.7/site-packages/airflow/example_dags/example_trigger_target_dag.py
[2023-12-21T16:54:23.658+0000] {processor.py:756} INFO - Processing file /home/airflow/.local/lib/python3.7/site-packages/airflow/example_dags/example_trigger_target_dag.py for tasks to queue
[2023-12-21T16:54:23.659+0000] {logging_mixin.py:120} INFO - [2023-12-21T16:54:23.658+0000] {dagbag.py:537} INFO - Filling up the DagBag from /home/airflow/.local/lib/python3.7/site-packages/airflow/example_dags/example_trigger_target_dag.py
[2023-12-21T16:54:23.684+0000] {processor.py:766} INFO - DAG(s) dict_keys(['example_trigger_target_dag']) retrieved from /home/airflow/.local/lib/python3.7/site-packages/airflow/example_dags/example_trigger_target_dag.py
[2023-12-21T16:54:23.732+0000] {logging_mixin.py:120} INFO - [2023-12-21T16:54:23.732+0000] {dag.py:2585} INFO - Sync 1 DAGs
[2023-12-21T16:54:23.765+0000] {logging_mixin.py:120} INFO - [2023-12-21T16:54:23.765+0000] {dag.py:3340} INFO - Setting next_dagrun for example_trigger_target_dag to None, run_after=None
[2023-12-21T16:54:23.791+0000] {processor.py:176} INFO - Processing /home/airflow/.local/lib/python3.7/site-packages/airflow/example_dags/example_trigger_target_dag.py took 0.137 seconds
[2023-12-21T16:54:54.468+0000] {processor.py:154} INFO - Started process (PID=2292) to work on /home/airflow/.local/lib/python3.7/site-packages/airflow/example_dags/example_trigger_target_dag.py
[2023-12-21T16:54:54.468+0000] {processor.py:756} INFO - Processing file /home/airflow/.local/lib/python3.7/site-packages/airflow/example_dags/example_trigger_target_dag.py for tasks to queue
[2023-12-21T16:54:54.469+0000] {logging_mixin.py:120} INFO - [2023-12-21T16:54:54.469+0000] {dagbag.py:537} INFO - Filling up the DagBag from /home/airflow/.local/lib/python3.7/site-packages/airflow/example_dags/example_trigger_target_dag.py
[2023-12-21T16:54:54.494+0000] {processor.py:766} INFO - DAG(s) dict_keys(['example_trigger_target_dag']) retrieved from /home/airflow/.local/lib/python3.7/site-packages/airflow/example_dags/example_trigger_target_dag.py
[2023-12-21T16:54:54.536+0000] {logging_mixin.py:120} INFO - [2023-12-21T16:54:54.536+0000] {dag.py:2585} INFO - Sync 1 DAGs
[2023-12-21T16:54:54.565+0000] {logging_mixin.py:120} INFO - [2023-12-21T16:54:54.564+0000] {dag.py:3340} INFO - Setting next_dagrun for example_trigger_target_dag to None, run_after=None
[2023-12-21T16:54:54.592+0000] {processor.py:176} INFO - Processing /home/airflow/.local/lib/python3.7/site-packages/airflow/example_dags/example_trigger_target_dag.py took 0.128 seconds
[2023-12-21T16:55:25.233+0000] {processor.py:154} INFO - Started process (PID=2355) to work on /home/airflow/.local/lib/python3.7/site-packages/airflow/example_dags/example_trigger_target_dag.py
[2023-12-21T16:55:25.233+0000] {processor.py:756} INFO - Processing file /home/airflow/.local/lib/python3.7/site-packages/airflow/example_dags/example_trigger_target_dag.py for tasks to queue
[2023-12-21T16:55:25.234+0000] {logging_mixin.py:120} INFO - [2023-12-21T16:55:25.234+0000] {dagbag.py:537} INFO - Filling up the DagBag from /home/airflow/.local/lib/python3.7/site-packages/airflow/example_dags/example_trigger_target_dag.py
[2023-12-21T16:55:25.252+0000] {processor.py:766} INFO - DAG(s) dict_keys(['example_trigger_target_dag']) retrieved from /home/airflow/.local/lib/python3.7/site-packages/airflow/example_dags/example_trigger_target_dag.py
[2023-12-21T16:55:25.293+0000] {logging_mixin.py:120} INFO - [2023-12-21T16:55:25.293+0000] {dag.py:2585} INFO - Sync 1 DAGs
[2023-12-21T16:55:25.322+0000] {logging_mixin.py:120} INFO - [2023-12-21T16:55:25.321+0000] {dag.py:3340} INFO - Setting next_dagrun for example_trigger_target_dag to None, run_after=None
[2023-12-21T16:55:25.353+0000] {processor.py:176} INFO - Processing /home/airflow/.local/lib/python3.7/site-packages/airflow/example_dags/example_trigger_target_dag.py took 0.123 seconds
[2023-12-21T16:55:55.972+0000] {processor.py:154} INFO - Started process (PID=2409) to work on /home/airflow/.local/lib/python3.7/site-packages/airflow/example_dags/example_trigger_target_dag.py
[2023-12-21T16:55:55.972+0000] {processor.py:756} INFO - Processing file /home/airflow/.local/lib/python3.7/site-packages/airflow/example_dags/example_trigger_target_dag.py for tasks to queue
[2023-12-21T16:55:55.973+0000] {logging_mixin.py:120} INFO - [2023-12-21T16:55:55.973+0000] {dagbag.py:537} INFO - Filling up the DagBag from /home/airflow/.local/lib/python3.7/site-packages/airflow/example_dags/example_trigger_target_dag.py
[2023-12-21T16:55:55.991+0000] {processor.py:766} INFO - DAG(s) dict_keys(['example_trigger_target_dag']) retrieved from /home/airflow/.local/lib/python3.7/site-packages/airflow/example_dags/example_trigger_target_dag.py
[2023-12-21T16:55:56.028+0000] {logging_mixin.py:120} INFO - [2023-12-21T16:55:56.028+0000] {dag.py:2585} INFO - Sync 1 DAGs
[2023-12-21T16:55:56.048+0000] {logging_mixin.py:120} INFO - [2023-12-21T16:55:56.048+0000] {dag.py:3340} INFO - Setting next_dagrun for example_trigger_target_dag to None, run_after=None
[2023-12-21T16:55:56.069+0000] {processor.py:176} INFO - Processing /home/airflow/.local/lib/python3.7/site-packages/airflow/example_dags/example_trigger_target_dag.py took 0.099 seconds
[2023-12-21T16:56:26.862+0000] {processor.py:154} INFO - Started process (PID=2472) to work on /home/airflow/.local/lib/python3.7/site-packages/airflow/example_dags/example_trigger_target_dag.py
[2023-12-21T16:56:26.864+0000] {processor.py:756} INFO - Processing file /home/airflow/.local/lib/python3.7/site-packages/airflow/example_dags/example_trigger_target_dag.py for tasks to queue
[2023-12-21T16:56:26.865+0000] {logging_mixin.py:120} INFO - [2023-12-21T16:56:26.865+0000] {dagbag.py:537} INFO - Filling up the DagBag from /home/airflow/.local/lib/python3.7/site-packages/airflow/example_dags/example_trigger_target_dag.py
[2023-12-21T16:56:26.910+0000] {processor.py:766} INFO - DAG(s) dict_keys(['example_trigger_target_dag']) retrieved from /home/airflow/.local/lib/python3.7/site-packages/airflow/example_dags/example_trigger_target_dag.py
[2023-12-21T16:56:26.979+0000] {logging_mixin.py:120} INFO - [2023-12-21T16:56:26.979+0000] {dag.py:2585} INFO - Sync 1 DAGs
[2023-12-21T16:56:27.008+0000] {logging_mixin.py:120} INFO - [2023-12-21T16:56:27.008+0000] {dag.py:3340} INFO - Setting next_dagrun for example_trigger_target_dag to None, run_after=None
[2023-12-21T16:56:27.034+0000] {processor.py:176} INFO - Processing /home/airflow/.local/lib/python3.7/site-packages/airflow/example_dags/example_trigger_target_dag.py took 0.179 seconds
[2023-12-21T16:56:57.490+0000] {processor.py:154} INFO - Started process (PID=2536) to work on /home/airflow/.local/lib/python3.7/site-packages/airflow/example_dags/example_trigger_target_dag.py
[2023-12-21T16:56:57.491+0000] {processor.py:756} INFO - Processing file /home/airflow/.local/lib/python3.7/site-packages/airflow/example_dags/example_trigger_target_dag.py for tasks to queue
[2023-12-21T16:56:57.491+0000] {logging_mixin.py:120} INFO - [2023-12-21T16:56:57.491+0000] {dagbag.py:537} INFO - Filling up the DagBag from /home/airflow/.local/lib/python3.7/site-packages/airflow/example_dags/example_trigger_target_dag.py
[2023-12-21T16:56:57.509+0000] {processor.py:766} INFO - DAG(s) dict_keys(['example_trigger_target_dag']) retrieved from /home/airflow/.local/lib/python3.7/site-packages/airflow/example_dags/example_trigger_target_dag.py
[2023-12-21T16:56:57.548+0000] {logging_mixin.py:120} INFO - [2023-12-21T16:56:57.548+0000] {dag.py:2585} INFO - Sync 1 DAGs
[2023-12-21T16:56:57.577+0000] {logging_mixin.py:120} INFO - [2023-12-21T16:56:57.577+0000] {dag.py:3340} INFO - Setting next_dagrun for example_trigger_target_dag to None, run_after=None
[2023-12-21T16:56:57.602+0000] {processor.py:176} INFO - Processing /home/airflow/.local/lib/python3.7/site-packages/airflow/example_dags/example_trigger_target_dag.py took 0.114 seconds
[2023-12-21T16:59:47.112+0000] {processor.py:154} INFO - Started process (PID=51) to work on /home/airflow/.local/lib/python3.7/site-packages/airflow/example_dags/example_trigger_target_dag.py
[2023-12-21T16:59:47.119+0000] {processor.py:756} INFO - Processing file /home/airflow/.local/lib/python3.7/site-packages/airflow/example_dags/example_trigger_target_dag.py for tasks to queue
[2023-12-21T16:59:47.120+0000] {logging_mixin.py:120} INFO - [2023-12-21T16:59:47.120+0000] {dagbag.py:537} INFO - Filling up the DagBag from /home/airflow/.local/lib/python3.7/site-packages/airflow/example_dags/example_trigger_target_dag.py
[2023-12-21T16:59:47.148+0000] {processor.py:766} INFO - DAG(s) dict_keys(['example_trigger_target_dag']) retrieved from /home/airflow/.local/lib/python3.7/site-packages/airflow/example_dags/example_trigger_target_dag.py
[2023-12-21T16:59:47.186+0000] {logging_mixin.py:120} INFO - [2023-12-21T16:59:47.186+0000] {dag.py:2585} INFO - Sync 1 DAGs
[2023-12-21T16:59:47.208+0000] {logging_mixin.py:120} INFO - [2023-12-21T16:59:47.208+0000] {dag.py:3340} INFO - Setting next_dagrun for example_trigger_target_dag to None, run_after=None
[2023-12-21T16:59:47.236+0000] {processor.py:176} INFO - Processing /home/airflow/.local/lib/python3.7/site-packages/airflow/example_dags/example_trigger_target_dag.py took 0.127 seconds
[2023-12-21T17:00:18.489+0000] {processor.py:154} INFO - Started process (PID=111) to work on /home/airflow/.local/lib/python3.7/site-packages/airflow/example_dags/example_trigger_target_dag.py
[2023-12-21T17:00:18.493+0000] {processor.py:756} INFO - Processing file /home/airflow/.local/lib/python3.7/site-packages/airflow/example_dags/example_trigger_target_dag.py for tasks to queue
[2023-12-21T17:00:18.494+0000] {logging_mixin.py:120} INFO - [2023-12-21T17:00:18.494+0000] {dagbag.py:537} INFO - Filling up the DagBag from /home/airflow/.local/lib/python3.7/site-packages/airflow/example_dags/example_trigger_target_dag.py
[2023-12-21T17:00:18.544+0000] {processor.py:766} INFO - DAG(s) dict_keys(['example_trigger_target_dag']) retrieved from /home/airflow/.local/lib/python3.7/site-packages/airflow/example_dags/example_trigger_target_dag.py
[2023-12-21T17:00:18.611+0000] {logging_mixin.py:120} INFO - [2023-12-21T17:00:18.611+0000] {dag.py:2585} INFO - Sync 1 DAGs
[2023-12-21T17:00:18.662+0000] {logging_mixin.py:120} INFO - [2023-12-21T17:00:18.662+0000] {dag.py:3340} INFO - Setting next_dagrun for example_trigger_target_dag to None, run_after=None
[2023-12-21T17:00:19.794+0000] {logging_mixin.py:120} INFO - [2023-12-21T17:00:19.794+0000] {process_utils.py:256} INFO - Waiting up to 5 seconds for processes to exit...
