[2023-12-21T16:36:02.813+0000] {processor.py:154} INFO - Started process (PID=67) to work on /home/airflow/.local/lib/python3.7/site-packages/airflow/example_dags/example_kubernetes_executor.py
[2023-12-21T16:36:02.814+0000] {processor.py:756} INFO - Processing file /home/airflow/.local/lib/python3.7/site-packages/airflow/example_dags/example_kubernetes_executor.py for tasks to queue
[2023-12-21T16:36:02.815+0000] {logging_mixin.py:120} INFO - [2023-12-21T16:36:02.815+0000] {dagbag.py:537} INFO - Filling up the DagBag from /home/airflow/.local/lib/python3.7/site-packages/airflow/example_dags/example_kubernetes_executor.py
[2023-12-21T16:36:02.856+0000] {processor.py:766} INFO - DAG(s) dict_keys(['example_kubernetes_executor']) retrieved from /home/airflow/.local/lib/python3.7/site-packages/airflow/example_dags/example_kubernetes_executor.py
[2023-12-21T16:36:03.081+0000] {logging_mixin.py:120} INFO - [2023-12-21T16:36:03.081+0000] {manager.py:507} INFO - Created Permission View: can read on DAG:example_kubernetes_executor
[2023-12-21T16:36:03.100+0000] {logging_mixin.py:120} INFO - [2023-12-21T16:36:03.100+0000] {manager.py:507} INFO - Created Permission View: can delete on DAG:example_kubernetes_executor
[2023-12-21T16:36:03.119+0000] {logging_mixin.py:120} INFO - [2023-12-21T16:36:03.119+0000] {manager.py:507} INFO - Created Permission View: can edit on DAG:example_kubernetes_executor
[2023-12-21T16:36:03.120+0000] {logging_mixin.py:120} INFO - [2023-12-21T16:36:03.120+0000] {dag.py:2585} INFO - Sync 1 DAGs
[2023-12-21T16:36:03.146+0000] {logging_mixin.py:120} INFO - [2023-12-21T16:36:03.146+0000] {dag.py:2606} INFO - Creating ORM DAG for example_kubernetes_executor
[2023-12-21T16:36:03.172+0000] {logging_mixin.py:120} INFO - [2023-12-21T16:36:03.172+0000] {dag.py:3340} INFO - Setting next_dagrun for example_kubernetes_executor to None, run_after=None
[2023-12-21T16:36:03.203+0000] {processor.py:176} INFO - Processing /home/airflow/.local/lib/python3.7/site-packages/airflow/example_dags/example_kubernetes_executor.py took 0.393 seconds
[2023-12-21T16:36:33.476+0000] {processor.py:154} INFO - Started process (PID=130) to work on /home/airflow/.local/lib/python3.7/site-packages/airflow/example_dags/example_kubernetes_executor.py
[2023-12-21T16:36:33.477+0000] {processor.py:756} INFO - Processing file /home/airflow/.local/lib/python3.7/site-packages/airflow/example_dags/example_kubernetes_executor.py for tasks to queue
[2023-12-21T16:36:33.478+0000] {logging_mixin.py:120} INFO - [2023-12-21T16:36:33.478+0000] {dagbag.py:537} INFO - Filling up the DagBag from /home/airflow/.local/lib/python3.7/site-packages/airflow/example_dags/example_kubernetes_executor.py
[2023-12-21T16:36:33.508+0000] {processor.py:766} INFO - DAG(s) dict_keys(['example_kubernetes_executor']) retrieved from /home/airflow/.local/lib/python3.7/site-packages/airflow/example_dags/example_kubernetes_executor.py
[2023-12-21T16:36:33.542+0000] {logging_mixin.py:120} INFO - [2023-12-21T16:36:33.542+0000] {dag.py:2585} INFO - Sync 1 DAGs
[2023-12-21T16:36:33.561+0000] {logging_mixin.py:120} INFO - [2023-12-21T16:36:33.561+0000] {dag.py:3340} INFO - Setting next_dagrun for example_kubernetes_executor to None, run_after=None
[2023-12-21T16:36:33.581+0000] {processor.py:176} INFO - Processing /home/airflow/.local/lib/python3.7/site-packages/airflow/example_dags/example_kubernetes_executor.py took 0.109 seconds
[2023-12-21T16:37:04.323+0000] {processor.py:154} INFO - Started process (PID=194) to work on /home/airflow/.local/lib/python3.7/site-packages/airflow/example_dags/example_kubernetes_executor.py
[2023-12-21T16:37:04.324+0000] {processor.py:756} INFO - Processing file /home/airflow/.local/lib/python3.7/site-packages/airflow/example_dags/example_kubernetes_executor.py for tasks to queue
[2023-12-21T16:37:04.324+0000] {logging_mixin.py:120} INFO - [2023-12-21T16:37:04.324+0000] {dagbag.py:537} INFO - Filling up the DagBag from /home/airflow/.local/lib/python3.7/site-packages/airflow/example_dags/example_kubernetes_executor.py
[2023-12-21T16:37:04.348+0000] {processor.py:766} INFO - DAG(s) dict_keys(['example_kubernetes_executor']) retrieved from /home/airflow/.local/lib/python3.7/site-packages/airflow/example_dags/example_kubernetes_executor.py
[2023-12-21T16:37:04.385+0000] {logging_mixin.py:120} INFO - [2023-12-21T16:37:04.385+0000] {dag.py:2585} INFO - Sync 1 DAGs
[2023-12-21T16:37:04.405+0000] {logging_mixin.py:120} INFO - [2023-12-21T16:37:04.404+0000] {dag.py:3340} INFO - Setting next_dagrun for example_kubernetes_executor to None, run_after=None
[2023-12-21T16:37:04.427+0000] {processor.py:176} INFO - Processing /home/airflow/.local/lib/python3.7/site-packages/airflow/example_dags/example_kubernetes_executor.py took 0.107 seconds
[2023-12-21T16:37:34.916+0000] {processor.py:154} INFO - Started process (PID=248) to work on /home/airflow/.local/lib/python3.7/site-packages/airflow/example_dags/example_kubernetes_executor.py
[2023-12-21T16:37:34.917+0000] {processor.py:756} INFO - Processing file /home/airflow/.local/lib/python3.7/site-packages/airflow/example_dags/example_kubernetes_executor.py for tasks to queue
[2023-12-21T16:37:34.917+0000] {logging_mixin.py:120} INFO - [2023-12-21T16:37:34.917+0000] {dagbag.py:537} INFO - Filling up the DagBag from /home/airflow/.local/lib/python3.7/site-packages/airflow/example_dags/example_kubernetes_executor.py
[2023-12-21T16:37:34.941+0000] {processor.py:766} INFO - DAG(s) dict_keys(['example_kubernetes_executor']) retrieved from /home/airflow/.local/lib/python3.7/site-packages/airflow/example_dags/example_kubernetes_executor.py
[2023-12-21T16:37:34.977+0000] {logging_mixin.py:120} INFO - [2023-12-21T16:37:34.977+0000] {dag.py:2585} INFO - Sync 1 DAGs
[2023-12-21T16:37:34.997+0000] {logging_mixin.py:120} INFO - [2023-12-21T16:37:34.997+0000] {dag.py:3340} INFO - Setting next_dagrun for example_kubernetes_executor to None, run_after=None
[2023-12-21T16:37:35.021+0000] {processor.py:176} INFO - Processing /home/airflow/.local/lib/python3.7/site-packages/airflow/example_dags/example_kubernetes_executor.py took 0.108 seconds
[2023-12-21T16:38:05.716+0000] {processor.py:154} INFO - Started process (PID=312) to work on /home/airflow/.local/lib/python3.7/site-packages/airflow/example_dags/example_kubernetes_executor.py
[2023-12-21T16:38:05.717+0000] {processor.py:756} INFO - Processing file /home/airflow/.local/lib/python3.7/site-packages/airflow/example_dags/example_kubernetes_executor.py for tasks to queue
[2023-12-21T16:38:05.717+0000] {logging_mixin.py:120} INFO - [2023-12-21T16:38:05.717+0000] {dagbag.py:537} INFO - Filling up the DagBag from /home/airflow/.local/lib/python3.7/site-packages/airflow/example_dags/example_kubernetes_executor.py
[2023-12-21T16:38:05.741+0000] {processor.py:766} INFO - DAG(s) dict_keys(['example_kubernetes_executor']) retrieved from /home/airflow/.local/lib/python3.7/site-packages/airflow/example_dags/example_kubernetes_executor.py
[2023-12-21T16:38:05.776+0000] {logging_mixin.py:120} INFO - [2023-12-21T16:38:05.776+0000] {dag.py:2585} INFO - Sync 1 DAGs
[2023-12-21T16:38:05.797+0000] {logging_mixin.py:120} INFO - [2023-12-21T16:38:05.797+0000] {dag.py:3340} INFO - Setting next_dagrun for example_kubernetes_executor to None, run_after=None
[2023-12-21T16:38:05.819+0000] {processor.py:176} INFO - Processing /home/airflow/.local/lib/python3.7/site-packages/airflow/example_dags/example_kubernetes_executor.py took 0.106 seconds
[2023-12-21T16:38:36.239+0000] {processor.py:154} INFO - Started process (PID=375) to work on /home/airflow/.local/lib/python3.7/site-packages/airflow/example_dags/example_kubernetes_executor.py
[2023-12-21T16:38:36.240+0000] {processor.py:756} INFO - Processing file /home/airflow/.local/lib/python3.7/site-packages/airflow/example_dags/example_kubernetes_executor.py for tasks to queue
[2023-12-21T16:38:36.242+0000] {logging_mixin.py:120} INFO - [2023-12-21T16:38:36.242+0000] {dagbag.py:537} INFO - Filling up the DagBag from /home/airflow/.local/lib/python3.7/site-packages/airflow/example_dags/example_kubernetes_executor.py
[2023-12-21T16:38:36.281+0000] {processor.py:766} INFO - DAG(s) dict_keys(['example_kubernetes_executor']) retrieved from /home/airflow/.local/lib/python3.7/site-packages/airflow/example_dags/example_kubernetes_executor.py
[2023-12-21T16:38:36.337+0000] {logging_mixin.py:120} INFO - [2023-12-21T16:38:36.336+0000] {dag.py:2585} INFO - Sync 1 DAGs
[2023-12-21T16:38:36.372+0000] {logging_mixin.py:120} INFO - [2023-12-21T16:38:36.372+0000] {dag.py:3340} INFO - Setting next_dagrun for example_kubernetes_executor to None, run_after=None
[2023-12-21T16:38:36.401+0000] {processor.py:176} INFO - Processing /home/airflow/.local/lib/python3.7/site-packages/airflow/example_dags/example_kubernetes_executor.py took 0.165 seconds
[2023-12-21T16:39:06.960+0000] {processor.py:154} INFO - Started process (PID=438) to work on /home/airflow/.local/lib/python3.7/site-packages/airflow/example_dags/example_kubernetes_executor.py
[2023-12-21T16:39:06.960+0000] {processor.py:756} INFO - Processing file /home/airflow/.local/lib/python3.7/site-packages/airflow/example_dags/example_kubernetes_executor.py for tasks to queue
[2023-12-21T16:39:06.961+0000] {logging_mixin.py:120} INFO - [2023-12-21T16:39:06.961+0000] {dagbag.py:537} INFO - Filling up the DagBag from /home/airflow/.local/lib/python3.7/site-packages/airflow/example_dags/example_kubernetes_executor.py
[2023-12-21T16:39:06.987+0000] {processor.py:766} INFO - DAG(s) dict_keys(['example_kubernetes_executor']) retrieved from /home/airflow/.local/lib/python3.7/site-packages/airflow/example_dags/example_kubernetes_executor.py
[2023-12-21T16:39:07.035+0000] {logging_mixin.py:120} INFO - [2023-12-21T16:39:07.035+0000] {dag.py:2585} INFO - Sync 1 DAGs
[2023-12-21T16:39:07.070+0000] {logging_mixin.py:120} INFO - [2023-12-21T16:39:07.070+0000] {dag.py:3340} INFO - Setting next_dagrun for example_kubernetes_executor to None, run_after=None
[2023-12-21T16:39:07.099+0000] {processor.py:176} INFO - Processing /home/airflow/.local/lib/python3.7/site-packages/airflow/example_dags/example_kubernetes_executor.py took 0.143 seconds
[2023-12-21T16:39:37.744+0000] {processor.py:154} INFO - Started process (PID=492) to work on /home/airflow/.local/lib/python3.7/site-packages/airflow/example_dags/example_kubernetes_executor.py
[2023-12-21T16:39:37.745+0000] {processor.py:756} INFO - Processing file /home/airflow/.local/lib/python3.7/site-packages/airflow/example_dags/example_kubernetes_executor.py for tasks to queue
[2023-12-21T16:39:37.745+0000] {logging_mixin.py:120} INFO - [2023-12-21T16:39:37.745+0000] {dagbag.py:537} INFO - Filling up the DagBag from /home/airflow/.local/lib/python3.7/site-packages/airflow/example_dags/example_kubernetes_executor.py
[2023-12-21T16:39:37.777+0000] {processor.py:766} INFO - DAG(s) dict_keys(['example_kubernetes_executor']) retrieved from /home/airflow/.local/lib/python3.7/site-packages/airflow/example_dags/example_kubernetes_executor.py
[2023-12-21T16:39:37.831+0000] {logging_mixin.py:120} INFO - [2023-12-21T16:39:37.830+0000] {dag.py:2585} INFO - Sync 1 DAGs
[2023-12-21T16:39:37.862+0000] {logging_mixin.py:120} INFO - [2023-12-21T16:39:37.862+0000] {dag.py:3340} INFO - Setting next_dagrun for example_kubernetes_executor to None, run_after=None
[2023-12-21T16:39:37.888+0000] {processor.py:176} INFO - Processing /home/airflow/.local/lib/python3.7/site-packages/airflow/example_dags/example_kubernetes_executor.py took 0.148 seconds
[2023-12-21T16:40:08.293+0000] {processor.py:154} INFO - Started process (PID=555) to work on /home/airflow/.local/lib/python3.7/site-packages/airflow/example_dags/example_kubernetes_executor.py
[2023-12-21T16:40:08.294+0000] {processor.py:756} INFO - Processing file /home/airflow/.local/lib/python3.7/site-packages/airflow/example_dags/example_kubernetes_executor.py for tasks to queue
[2023-12-21T16:40:08.294+0000] {logging_mixin.py:120} INFO - [2023-12-21T16:40:08.294+0000] {dagbag.py:537} INFO - Filling up the DagBag from /home/airflow/.local/lib/python3.7/site-packages/airflow/example_dags/example_kubernetes_executor.py
[2023-12-21T16:40:08.317+0000] {processor.py:766} INFO - DAG(s) dict_keys(['example_kubernetes_executor']) retrieved from /home/airflow/.local/lib/python3.7/site-packages/airflow/example_dags/example_kubernetes_executor.py
[2023-12-21T16:40:08.350+0000] {logging_mixin.py:120} INFO - [2023-12-21T16:40:08.350+0000] {dag.py:2585} INFO - Sync 1 DAGs
[2023-12-21T16:40:08.370+0000] {logging_mixin.py:120} INFO - [2023-12-21T16:40:08.370+0000] {dag.py:3340} INFO - Setting next_dagrun for example_kubernetes_executor to None, run_after=None
[2023-12-21T16:40:08.389+0000] {processor.py:176} INFO - Processing /home/airflow/.local/lib/python3.7/site-packages/airflow/example_dags/example_kubernetes_executor.py took 0.099 seconds
[2023-12-21T16:40:39.086+0000] {processor.py:154} INFO - Started process (PID=618) to work on /home/airflow/.local/lib/python3.7/site-packages/airflow/example_dags/example_kubernetes_executor.py
[2023-12-21T16:40:39.086+0000] {processor.py:756} INFO - Processing file /home/airflow/.local/lib/python3.7/site-packages/airflow/example_dags/example_kubernetes_executor.py for tasks to queue
[2023-12-21T16:40:39.087+0000] {logging_mixin.py:120} INFO - [2023-12-21T16:40:39.087+0000] {dagbag.py:537} INFO - Filling up the DagBag from /home/airflow/.local/lib/python3.7/site-packages/airflow/example_dags/example_kubernetes_executor.py
[2023-12-21T16:40:39.112+0000] {processor.py:766} INFO - DAG(s) dict_keys(['example_kubernetes_executor']) retrieved from /home/airflow/.local/lib/python3.7/site-packages/airflow/example_dags/example_kubernetes_executor.py
[2023-12-21T16:40:39.148+0000] {logging_mixin.py:120} INFO - [2023-12-21T16:40:39.148+0000] {dag.py:2585} INFO - Sync 1 DAGs
[2023-12-21T16:40:39.168+0000] {logging_mixin.py:120} INFO - [2023-12-21T16:40:39.168+0000] {dag.py:3340} INFO - Setting next_dagrun for example_kubernetes_executor to None, run_after=None
[2023-12-21T16:40:39.187+0000] {processor.py:176} INFO - Processing /home/airflow/.local/lib/python3.7/site-packages/airflow/example_dags/example_kubernetes_executor.py took 0.105 seconds
[2023-12-21T16:41:09.762+0000] {processor.py:154} INFO - Started process (PID=681) to work on /home/airflow/.local/lib/python3.7/site-packages/airflow/example_dags/example_kubernetes_executor.py
[2023-12-21T16:41:09.763+0000] {processor.py:756} INFO - Processing file /home/airflow/.local/lib/python3.7/site-packages/airflow/example_dags/example_kubernetes_executor.py for tasks to queue
[2023-12-21T16:41:09.763+0000] {logging_mixin.py:120} INFO - [2023-12-21T16:41:09.763+0000] {dagbag.py:537} INFO - Filling up the DagBag from /home/airflow/.local/lib/python3.7/site-packages/airflow/example_dags/example_kubernetes_executor.py
[2023-12-21T16:41:09.790+0000] {processor.py:766} INFO - DAG(s) dict_keys(['example_kubernetes_executor']) retrieved from /home/airflow/.local/lib/python3.7/site-packages/airflow/example_dags/example_kubernetes_executor.py
[2023-12-21T16:41:09.835+0000] {logging_mixin.py:120} INFO - [2023-12-21T16:41:09.835+0000] {dag.py:2585} INFO - Sync 1 DAGs
[2023-12-21T16:41:09.859+0000] {logging_mixin.py:120} INFO - [2023-12-21T16:41:09.859+0000] {dag.py:3340} INFO - Setting next_dagrun for example_kubernetes_executor to None, run_after=None
[2023-12-21T16:41:09.885+0000] {processor.py:176} INFO - Processing /home/airflow/.local/lib/python3.7/site-packages/airflow/example_dags/example_kubernetes_executor.py took 0.126 seconds
[2023-12-21T16:41:40.393+0000] {processor.py:154} INFO - Started process (PID=735) to work on /home/airflow/.local/lib/python3.7/site-packages/airflow/example_dags/example_kubernetes_executor.py
[2023-12-21T16:41:40.394+0000] {processor.py:756} INFO - Processing file /home/airflow/.local/lib/python3.7/site-packages/airflow/example_dags/example_kubernetes_executor.py for tasks to queue
[2023-12-21T16:41:40.395+0000] {logging_mixin.py:120} INFO - [2023-12-21T16:41:40.395+0000] {dagbag.py:537} INFO - Filling up the DagBag from /home/airflow/.local/lib/python3.7/site-packages/airflow/example_dags/example_kubernetes_executor.py
[2023-12-21T16:41:40.423+0000] {processor.py:766} INFO - DAG(s) dict_keys(['example_kubernetes_executor']) retrieved from /home/airflow/.local/lib/python3.7/site-packages/airflow/example_dags/example_kubernetes_executor.py
[2023-12-21T16:41:40.467+0000] {logging_mixin.py:120} INFO - [2023-12-21T16:41:40.467+0000] {dag.py:2585} INFO - Sync 1 DAGs
[2023-12-21T16:41:40.491+0000] {logging_mixin.py:120} INFO - [2023-12-21T16:41:40.491+0000] {dag.py:3340} INFO - Setting next_dagrun for example_kubernetes_executor to None, run_after=None
[2023-12-21T16:41:40.517+0000] {processor.py:176} INFO - Processing /home/airflow/.local/lib/python3.7/site-packages/airflow/example_dags/example_kubernetes_executor.py took 0.127 seconds
[2023-12-21T16:42:11.263+0000] {processor.py:154} INFO - Started process (PID=799) to work on /home/airflow/.local/lib/python3.7/site-packages/airflow/example_dags/example_kubernetes_executor.py
[2023-12-21T16:42:11.264+0000] {processor.py:756} INFO - Processing file /home/airflow/.local/lib/python3.7/site-packages/airflow/example_dags/example_kubernetes_executor.py for tasks to queue
[2023-12-21T16:42:11.265+0000] {logging_mixin.py:120} INFO - [2023-12-21T16:42:11.264+0000] {dagbag.py:537} INFO - Filling up the DagBag from /home/airflow/.local/lib/python3.7/site-packages/airflow/example_dags/example_kubernetes_executor.py
[2023-12-21T16:42:11.289+0000] {processor.py:766} INFO - DAG(s) dict_keys(['example_kubernetes_executor']) retrieved from /home/airflow/.local/lib/python3.7/site-packages/airflow/example_dags/example_kubernetes_executor.py
[2023-12-21T16:42:11.329+0000] {logging_mixin.py:120} INFO - [2023-12-21T16:42:11.328+0000] {dag.py:2585} INFO - Sync 1 DAGs
[2023-12-21T16:42:11.349+0000] {logging_mixin.py:120} INFO - [2023-12-21T16:42:11.349+0000] {dag.py:3340} INFO - Setting next_dagrun for example_kubernetes_executor to None, run_after=None
[2023-12-21T16:42:11.368+0000] {processor.py:176} INFO - Processing /home/airflow/.local/lib/python3.7/site-packages/airflow/example_dags/example_kubernetes_executor.py took 0.108 seconds
[2023-12-21T16:42:42.081+0000] {processor.py:154} INFO - Started process (PID=862) to work on /home/airflow/.local/lib/python3.7/site-packages/airflow/example_dags/example_kubernetes_executor.py
[2023-12-21T16:42:42.082+0000] {processor.py:756} INFO - Processing file /home/airflow/.local/lib/python3.7/site-packages/airflow/example_dags/example_kubernetes_executor.py for tasks to queue
[2023-12-21T16:42:42.083+0000] {logging_mixin.py:120} INFO - [2023-12-21T16:42:42.083+0000] {dagbag.py:537} INFO - Filling up the DagBag from /home/airflow/.local/lib/python3.7/site-packages/airflow/example_dags/example_kubernetes_executor.py
[2023-12-21T16:42:42.107+0000] {processor.py:766} INFO - DAG(s) dict_keys(['example_kubernetes_executor']) retrieved from /home/airflow/.local/lib/python3.7/site-packages/airflow/example_dags/example_kubernetes_executor.py
[2023-12-21T16:42:42.147+0000] {logging_mixin.py:120} INFO - [2023-12-21T16:42:42.147+0000] {dag.py:2585} INFO - Sync 1 DAGs
[2023-12-21T16:42:42.176+0000] {logging_mixin.py:120} INFO - [2023-12-21T16:42:42.175+0000] {dag.py:3340} INFO - Setting next_dagrun for example_kubernetes_executor to None, run_after=None
[2023-12-21T16:42:42.198+0000] {processor.py:176} INFO - Processing /home/airflow/.local/lib/python3.7/site-packages/airflow/example_dags/example_kubernetes_executor.py took 0.119 seconds
[2023-12-21T16:43:12.719+0000] {processor.py:154} INFO - Started process (PID=925) to work on /home/airflow/.local/lib/python3.7/site-packages/airflow/example_dags/example_kubernetes_executor.py
[2023-12-21T16:43:12.720+0000] {processor.py:756} INFO - Processing file /home/airflow/.local/lib/python3.7/site-packages/airflow/example_dags/example_kubernetes_executor.py for tasks to queue
[2023-12-21T16:43:12.721+0000] {logging_mixin.py:120} INFO - [2023-12-21T16:43:12.720+0000] {dagbag.py:537} INFO - Filling up the DagBag from /home/airflow/.local/lib/python3.7/site-packages/airflow/example_dags/example_kubernetes_executor.py
[2023-12-21T16:43:12.754+0000] {processor.py:766} INFO - DAG(s) dict_keys(['example_kubernetes_executor']) retrieved from /home/airflow/.local/lib/python3.7/site-packages/airflow/example_dags/example_kubernetes_executor.py
[2023-12-21T16:43:12.803+0000] {logging_mixin.py:120} INFO - [2023-12-21T16:43:12.803+0000] {dag.py:2585} INFO - Sync 1 DAGs
[2023-12-21T16:43:12.834+0000] {logging_mixin.py:120} INFO - [2023-12-21T16:43:12.833+0000] {dag.py:3340} INFO - Setting next_dagrun for example_kubernetes_executor to None, run_after=None
[2023-12-21T16:43:12.859+0000] {processor.py:176} INFO - Processing /home/airflow/.local/lib/python3.7/site-packages/airflow/example_dags/example_kubernetes_executor.py took 0.143 seconds
[2023-12-21T16:43:43.323+0000] {processor.py:154} INFO - Started process (PID=979) to work on /home/airflow/.local/lib/python3.7/site-packages/airflow/example_dags/example_kubernetes_executor.py
[2023-12-21T16:43:43.324+0000] {processor.py:756} INFO - Processing file /home/airflow/.local/lib/python3.7/site-packages/airflow/example_dags/example_kubernetes_executor.py for tasks to queue
[2023-12-21T16:43:43.324+0000] {logging_mixin.py:120} INFO - [2023-12-21T16:43:43.324+0000] {dagbag.py:537} INFO - Filling up the DagBag from /home/airflow/.local/lib/python3.7/site-packages/airflow/example_dags/example_kubernetes_executor.py
[2023-12-21T16:43:43.353+0000] {processor.py:766} INFO - DAG(s) dict_keys(['example_kubernetes_executor']) retrieved from /home/airflow/.local/lib/python3.7/site-packages/airflow/example_dags/example_kubernetes_executor.py
[2023-12-21T16:43:43.391+0000] {logging_mixin.py:120} INFO - [2023-12-21T16:43:43.391+0000] {dag.py:2585} INFO - Sync 1 DAGs
[2023-12-21T16:43:43.421+0000] {logging_mixin.py:120} INFO - [2023-12-21T16:43:43.421+0000] {dag.py:3340} INFO - Setting next_dagrun for example_kubernetes_executor to None, run_after=None
[2023-12-21T16:43:43.449+0000] {processor.py:176} INFO - Processing /home/airflow/.local/lib/python3.7/site-packages/airflow/example_dags/example_kubernetes_executor.py took 0.128 seconds
[2023-12-21T16:44:14.060+0000] {processor.py:154} INFO - Started process (PID=1042) to work on /home/airflow/.local/lib/python3.7/site-packages/airflow/example_dags/example_kubernetes_executor.py
[2023-12-21T16:44:14.061+0000] {processor.py:756} INFO - Processing file /home/airflow/.local/lib/python3.7/site-packages/airflow/example_dags/example_kubernetes_executor.py for tasks to queue
[2023-12-21T16:44:14.061+0000] {logging_mixin.py:120} INFO - [2023-12-21T16:44:14.061+0000] {dagbag.py:537} INFO - Filling up the DagBag from /home/airflow/.local/lib/python3.7/site-packages/airflow/example_dags/example_kubernetes_executor.py
[2023-12-21T16:44:14.087+0000] {processor.py:766} INFO - DAG(s) dict_keys(['example_kubernetes_executor']) retrieved from /home/airflow/.local/lib/python3.7/site-packages/airflow/example_dags/example_kubernetes_executor.py
[2023-12-21T16:44:14.123+0000] {logging_mixin.py:120} INFO - [2023-12-21T16:44:14.123+0000] {dag.py:2585} INFO - Sync 1 DAGs
[2023-12-21T16:44:14.143+0000] {logging_mixin.py:120} INFO - [2023-12-21T16:44:14.143+0000] {dag.py:3340} INFO - Setting next_dagrun for example_kubernetes_executor to None, run_after=None
[2023-12-21T16:44:14.162+0000] {processor.py:176} INFO - Processing /home/airflow/.local/lib/python3.7/site-packages/airflow/example_dags/example_kubernetes_executor.py took 0.104 seconds
[2023-12-21T16:44:44.970+0000] {processor.py:154} INFO - Started process (PID=1106) to work on /home/airflow/.local/lib/python3.7/site-packages/airflow/example_dags/example_kubernetes_executor.py
[2023-12-21T16:44:44.971+0000] {processor.py:756} INFO - Processing file /home/airflow/.local/lib/python3.7/site-packages/airflow/example_dags/example_kubernetes_executor.py for tasks to queue
[2023-12-21T16:44:44.971+0000] {logging_mixin.py:120} INFO - [2023-12-21T16:44:44.971+0000] {dagbag.py:537} INFO - Filling up the DagBag from /home/airflow/.local/lib/python3.7/site-packages/airflow/example_dags/example_kubernetes_executor.py
[2023-12-21T16:44:44.997+0000] {processor.py:766} INFO - DAG(s) dict_keys(['example_kubernetes_executor']) retrieved from /home/airflow/.local/lib/python3.7/site-packages/airflow/example_dags/example_kubernetes_executor.py
[2023-12-21T16:44:45.041+0000] {logging_mixin.py:120} INFO - [2023-12-21T16:44:45.041+0000] {dag.py:2585} INFO - Sync 1 DAGs
[2023-12-21T16:44:45.064+0000] {logging_mixin.py:120} INFO - [2023-12-21T16:44:45.064+0000] {dag.py:3340} INFO - Setting next_dagrun for example_kubernetes_executor to None, run_after=None
[2023-12-21T16:44:45.086+0000] {processor.py:176} INFO - Processing /home/airflow/.local/lib/python3.7/site-packages/airflow/example_dags/example_kubernetes_executor.py took 0.118 seconds
[2023-12-21T16:45:15.804+0000] {processor.py:154} INFO - Started process (PID=1169) to work on /home/airflow/.local/lib/python3.7/site-packages/airflow/example_dags/example_kubernetes_executor.py
[2023-12-21T16:45:15.805+0000] {processor.py:756} INFO - Processing file /home/airflow/.local/lib/python3.7/site-packages/airflow/example_dags/example_kubernetes_executor.py for tasks to queue
[2023-12-21T16:45:15.805+0000] {logging_mixin.py:120} INFO - [2023-12-21T16:45:15.805+0000] {dagbag.py:537} INFO - Filling up the DagBag from /home/airflow/.local/lib/python3.7/site-packages/airflow/example_dags/example_kubernetes_executor.py
[2023-12-21T16:45:15.829+0000] {processor.py:766} INFO - DAG(s) dict_keys(['example_kubernetes_executor']) retrieved from /home/airflow/.local/lib/python3.7/site-packages/airflow/example_dags/example_kubernetes_executor.py
[2023-12-21T16:45:15.867+0000] {logging_mixin.py:120} INFO - [2023-12-21T16:45:15.867+0000] {dag.py:2585} INFO - Sync 1 DAGs
[2023-12-21T16:45:15.890+0000] {logging_mixin.py:120} INFO - [2023-12-21T16:45:15.890+0000] {dag.py:3340} INFO - Setting next_dagrun for example_kubernetes_executor to None, run_after=None
[2023-12-21T16:45:15.916+0000] {processor.py:176} INFO - Processing /home/airflow/.local/lib/python3.7/site-packages/airflow/example_dags/example_kubernetes_executor.py took 0.114 seconds
[2023-12-21T16:45:46.300+0000] {processor.py:154} INFO - Started process (PID=1222) to work on /home/airflow/.local/lib/python3.7/site-packages/airflow/example_dags/example_kubernetes_executor.py
[2023-12-21T16:45:46.301+0000] {processor.py:756} INFO - Processing file /home/airflow/.local/lib/python3.7/site-packages/airflow/example_dags/example_kubernetes_executor.py for tasks to queue
[2023-12-21T16:45:46.302+0000] {logging_mixin.py:120} INFO - [2023-12-21T16:45:46.302+0000] {dagbag.py:537} INFO - Filling up the DagBag from /home/airflow/.local/lib/python3.7/site-packages/airflow/example_dags/example_kubernetes_executor.py
[2023-12-21T16:45:46.334+0000] {processor.py:766} INFO - DAG(s) dict_keys(['example_kubernetes_executor']) retrieved from /home/airflow/.local/lib/python3.7/site-packages/airflow/example_dags/example_kubernetes_executor.py
[2023-12-21T16:45:46.375+0000] {logging_mixin.py:120} INFO - [2023-12-21T16:45:46.375+0000] {dag.py:2585} INFO - Sync 1 DAGs
[2023-12-21T16:45:46.408+0000] {logging_mixin.py:120} INFO - [2023-12-21T16:45:46.408+0000] {dag.py:3340} INFO - Setting next_dagrun for example_kubernetes_executor to None, run_after=None
[2023-12-21T16:45:46.432+0000] {processor.py:176} INFO - Processing /home/airflow/.local/lib/python3.7/site-packages/airflow/example_dags/example_kubernetes_executor.py took 0.135 seconds
[2023-12-21T16:46:17.165+0000] {processor.py:154} INFO - Started process (PID=1285) to work on /home/airflow/.local/lib/python3.7/site-packages/airflow/example_dags/example_kubernetes_executor.py
[2023-12-21T16:46:17.166+0000] {processor.py:756} INFO - Processing file /home/airflow/.local/lib/python3.7/site-packages/airflow/example_dags/example_kubernetes_executor.py for tasks to queue
[2023-12-21T16:46:17.166+0000] {logging_mixin.py:120} INFO - [2023-12-21T16:46:17.166+0000] {dagbag.py:537} INFO - Filling up the DagBag from /home/airflow/.local/lib/python3.7/site-packages/airflow/example_dags/example_kubernetes_executor.py
[2023-12-21T16:46:17.190+0000] {processor.py:766} INFO - DAG(s) dict_keys(['example_kubernetes_executor']) retrieved from /home/airflow/.local/lib/python3.7/site-packages/airflow/example_dags/example_kubernetes_executor.py
[2023-12-21T16:46:17.225+0000] {logging_mixin.py:120} INFO - [2023-12-21T16:46:17.225+0000] {dag.py:2585} INFO - Sync 1 DAGs
[2023-12-21T16:46:17.244+0000] {logging_mixin.py:120} INFO - [2023-12-21T16:46:17.244+0000] {dag.py:3340} INFO - Setting next_dagrun for example_kubernetes_executor to None, run_after=None
[2023-12-21T16:46:17.265+0000] {processor.py:176} INFO - Processing /home/airflow/.local/lib/python3.7/site-packages/airflow/example_dags/example_kubernetes_executor.py took 0.103 seconds
[2023-12-21T16:46:48.174+0000] {processor.py:154} INFO - Started process (PID=1347) to work on /home/airflow/.local/lib/python3.7/site-packages/airflow/example_dags/example_kubernetes_executor.py
[2023-12-21T16:46:48.175+0000] {processor.py:756} INFO - Processing file /home/airflow/.local/lib/python3.7/site-packages/airflow/example_dags/example_kubernetes_executor.py for tasks to queue
[2023-12-21T16:46:48.175+0000] {logging_mixin.py:120} INFO - [2023-12-21T16:46:48.175+0000] {dagbag.py:537} INFO - Filling up the DagBag from /home/airflow/.local/lib/python3.7/site-packages/airflow/example_dags/example_kubernetes_executor.py
[2023-12-21T16:46:48.202+0000] {processor.py:766} INFO - DAG(s) dict_keys(['example_kubernetes_executor']) retrieved from /home/airflow/.local/lib/python3.7/site-packages/airflow/example_dags/example_kubernetes_executor.py
[2023-12-21T16:46:48.238+0000] {logging_mixin.py:120} INFO - [2023-12-21T16:46:48.238+0000] {dag.py:2585} INFO - Sync 1 DAGs
[2023-12-21T16:46:48.262+0000] {logging_mixin.py:120} INFO - [2023-12-21T16:46:48.262+0000] {dag.py:3340} INFO - Setting next_dagrun for example_kubernetes_executor to None, run_after=None
[2023-12-21T16:46:48.291+0000] {processor.py:176} INFO - Processing /home/airflow/.local/lib/python3.7/site-packages/airflow/example_dags/example_kubernetes_executor.py took 0.120 seconds
[2023-12-21T16:47:18.437+0000] {processor.py:154} INFO - Started process (PID=1401) to work on /home/airflow/.local/lib/python3.7/site-packages/airflow/example_dags/example_kubernetes_executor.py
[2023-12-21T16:47:18.438+0000] {processor.py:756} INFO - Processing file /home/airflow/.local/lib/python3.7/site-packages/airflow/example_dags/example_kubernetes_executor.py for tasks to queue
[2023-12-21T16:47:18.439+0000] {logging_mixin.py:120} INFO - [2023-12-21T16:47:18.439+0000] {dagbag.py:537} INFO - Filling up the DagBag from /home/airflow/.local/lib/python3.7/site-packages/airflow/example_dags/example_kubernetes_executor.py
[2023-12-21T16:47:18.467+0000] {processor.py:766} INFO - DAG(s) dict_keys(['example_kubernetes_executor']) retrieved from /home/airflow/.local/lib/python3.7/site-packages/airflow/example_dags/example_kubernetes_executor.py
[2023-12-21T16:47:18.503+0000] {logging_mixin.py:120} INFO - [2023-12-21T16:47:18.503+0000] {dag.py:2585} INFO - Sync 1 DAGs
[2023-12-21T16:47:18.526+0000] {logging_mixin.py:120} INFO - [2023-12-21T16:47:18.526+0000] {dag.py:3340} INFO - Setting next_dagrun for example_kubernetes_executor to None, run_after=None
[2023-12-21T16:47:18.554+0000] {processor.py:176} INFO - Processing /home/airflow/.local/lib/python3.7/site-packages/airflow/example_dags/example_kubernetes_executor.py took 0.120 seconds
