[2023-12-21T16:36:04.615+0000] {processor.py:154} INFO - Started process (PID=74) to work on /home/airflow/.local/lib/python3.7/site-packages/airflow/example_dags/example_trigger_controller_dag.py
[2023-12-21T16:36:04.624+0000] {processor.py:756} INFO - Processing file /home/airflow/.local/lib/python3.7/site-packages/airflow/example_dags/example_trigger_controller_dag.py for tasks to queue
[2023-12-21T16:36:04.625+0000] {logging_mixin.py:120} INFO - [2023-12-21T16:36:04.624+0000] {dagbag.py:537} INFO - Filling up the DagBag from /home/airflow/.local/lib/python3.7/site-packages/airflow/example_dags/example_trigger_controller_dag.py
[2023-12-21T16:36:04.647+0000] {processor.py:766} INFO - DAG(s) dict_keys(['example_trigger_controller_dag']) retrieved from /home/airflow/.local/lib/python3.7/site-packages/airflow/example_dags/example_trigger_controller_dag.py
[2023-12-21T16:36:04.977+0000] {logging_mixin.py:120} INFO - [2023-12-21T16:36:04.977+0000] {manager.py:507} INFO - Created Permission View: can read on DAG:example_trigger_controller_dag
[2023-12-21T16:36:04.996+0000] {logging_mixin.py:120} INFO - [2023-12-21T16:36:04.996+0000] {manager.py:507} INFO - Created Permission View: can delete on DAG:example_trigger_controller_dag
[2023-12-21T16:36:05.014+0000] {logging_mixin.py:120} INFO - [2023-12-21T16:36:05.014+0000] {manager.py:507} INFO - Created Permission View: can edit on DAG:example_trigger_controller_dag
[2023-12-21T16:36:05.015+0000] {logging_mixin.py:120} INFO - [2023-12-21T16:36:05.015+0000] {dag.py:2585} INFO - Sync 1 DAGs
[2023-12-21T16:36:05.049+0000] {logging_mixin.py:120} INFO - [2023-12-21T16:36:05.048+0000] {dag.py:2606} INFO - Creating ORM DAG for example_trigger_controller_dag
[2023-12-21T16:36:05.065+0000] {logging_mixin.py:120} INFO - [2023-12-21T16:36:05.065+0000] {dag.py:3340} INFO - Setting next_dagrun for example_trigger_controller_dag to 2021-01-01T00:00:00+00:00, run_after=2021-01-01T00:00:00+00:00
[2023-12-21T16:36:05.101+0000] {processor.py:176} INFO - Processing /home/airflow/.local/lib/python3.7/site-packages/airflow/example_dags/example_trigger_controller_dag.py took 0.490 seconds
[2023-12-21T16:36:35.959+0000] {processor.py:154} INFO - Started process (PID=137) to work on /home/airflow/.local/lib/python3.7/site-packages/airflow/example_dags/example_trigger_controller_dag.py
[2023-12-21T16:36:35.960+0000] {processor.py:756} INFO - Processing file /home/airflow/.local/lib/python3.7/site-packages/airflow/example_dags/example_trigger_controller_dag.py for tasks to queue
[2023-12-21T16:36:35.960+0000] {logging_mixin.py:120} INFO - [2023-12-21T16:36:35.960+0000] {dagbag.py:537} INFO - Filling up the DagBag from /home/airflow/.local/lib/python3.7/site-packages/airflow/example_dags/example_trigger_controller_dag.py
[2023-12-21T16:36:35.971+0000] {processor.py:766} INFO - DAG(s) dict_keys(['example_trigger_controller_dag']) retrieved from /home/airflow/.local/lib/python3.7/site-packages/airflow/example_dags/example_trigger_controller_dag.py
[2023-12-21T16:36:36.008+0000] {logging_mixin.py:120} INFO - [2023-12-21T16:36:36.008+0000] {dag.py:2585} INFO - Sync 1 DAGs
[2023-12-21T16:36:36.028+0000] {logging_mixin.py:120} INFO - [2023-12-21T16:36:36.028+0000] {dag.py:3340} INFO - Setting next_dagrun for example_trigger_controller_dag to 2021-01-01T00:00:00+00:00, run_after=2021-01-01T00:00:00+00:00
[2023-12-21T16:36:36.050+0000] {processor.py:176} INFO - Processing /home/airflow/.local/lib/python3.7/site-packages/airflow/example_dags/example_trigger_controller_dag.py took 0.093 seconds
[2023-12-21T16:37:06.830+0000] {processor.py:154} INFO - Started process (PID=201) to work on /home/airflow/.local/lib/python3.7/site-packages/airflow/example_dags/example_trigger_controller_dag.py
[2023-12-21T16:37:06.830+0000] {processor.py:756} INFO - Processing file /home/airflow/.local/lib/python3.7/site-packages/airflow/example_dags/example_trigger_controller_dag.py for tasks to queue
[2023-12-21T16:37:06.831+0000] {logging_mixin.py:120} INFO - [2023-12-21T16:37:06.831+0000] {dagbag.py:537} INFO - Filling up the DagBag from /home/airflow/.local/lib/python3.7/site-packages/airflow/example_dags/example_trigger_controller_dag.py
[2023-12-21T16:37:06.845+0000] {processor.py:766} INFO - DAG(s) dict_keys(['example_trigger_controller_dag']) retrieved from /home/airflow/.local/lib/python3.7/site-packages/airflow/example_dags/example_trigger_controller_dag.py
[2023-12-21T16:37:06.894+0000] {logging_mixin.py:120} INFO - [2023-12-21T16:37:06.894+0000] {dag.py:2585} INFO - Sync 1 DAGs
[2023-12-21T16:37:06.923+0000] {logging_mixin.py:120} INFO - [2023-12-21T16:37:06.923+0000] {dag.py:3340} INFO - Setting next_dagrun for example_trigger_controller_dag to 2021-01-01T00:00:00+00:00, run_after=2021-01-01T00:00:00+00:00
[2023-12-21T16:37:06.949+0000] {processor.py:176} INFO - Processing /home/airflow/.local/lib/python3.7/site-packages/airflow/example_dags/example_trigger_controller_dag.py took 0.122 seconds
[2023-12-21T16:37:37.447+0000] {processor.py:154} INFO - Started process (PID=265) to work on /home/airflow/.local/lib/python3.7/site-packages/airflow/example_dags/example_trigger_controller_dag.py
[2023-12-21T16:37:37.447+0000] {processor.py:756} INFO - Processing file /home/airflow/.local/lib/python3.7/site-packages/airflow/example_dags/example_trigger_controller_dag.py for tasks to queue
[2023-12-21T16:37:37.448+0000] {logging_mixin.py:120} INFO - [2023-12-21T16:37:37.448+0000] {dagbag.py:537} INFO - Filling up the DagBag from /home/airflow/.local/lib/python3.7/site-packages/airflow/example_dags/example_trigger_controller_dag.py
[2023-12-21T16:37:37.461+0000] {processor.py:766} INFO - DAG(s) dict_keys(['example_trigger_controller_dag']) retrieved from /home/airflow/.local/lib/python3.7/site-packages/airflow/example_dags/example_trigger_controller_dag.py
[2023-12-21T16:37:37.502+0000] {logging_mixin.py:120} INFO - [2023-12-21T16:37:37.502+0000] {dag.py:2585} INFO - Sync 1 DAGs
[2023-12-21T16:37:37.523+0000] {logging_mixin.py:120} INFO - [2023-12-21T16:37:37.523+0000] {dag.py:3340} INFO - Setting next_dagrun for example_trigger_controller_dag to 2021-01-01T00:00:00+00:00, run_after=2021-01-01T00:00:00+00:00
[2023-12-21T16:37:37.544+0000] {processor.py:176} INFO - Processing /home/airflow/.local/lib/python3.7/site-packages/airflow/example_dags/example_trigger_controller_dag.py took 0.100 seconds
[2023-12-21T16:38:08.130+0000] {processor.py:154} INFO - Started process (PID=319) to work on /home/airflow/.local/lib/python3.7/site-packages/airflow/example_dags/example_trigger_controller_dag.py
[2023-12-21T16:38:08.131+0000] {processor.py:756} INFO - Processing file /home/airflow/.local/lib/python3.7/site-packages/airflow/example_dags/example_trigger_controller_dag.py for tasks to queue
[2023-12-21T16:38:08.131+0000] {logging_mixin.py:120} INFO - [2023-12-21T16:38:08.131+0000] {dagbag.py:537} INFO - Filling up the DagBag from /home/airflow/.local/lib/python3.7/site-packages/airflow/example_dags/example_trigger_controller_dag.py
[2023-12-21T16:38:08.143+0000] {processor.py:766} INFO - DAG(s) dict_keys(['example_trigger_controller_dag']) retrieved from /home/airflow/.local/lib/python3.7/site-packages/airflow/example_dags/example_trigger_controller_dag.py
[2023-12-21T16:38:08.182+0000] {logging_mixin.py:120} INFO - [2023-12-21T16:38:08.182+0000] {dag.py:2585} INFO - Sync 1 DAGs
[2023-12-21T16:38:08.208+0000] {logging_mixin.py:120} INFO - [2023-12-21T16:38:08.208+0000] {dag.py:3340} INFO - Setting next_dagrun for example_trigger_controller_dag to 2021-01-01T00:00:00+00:00, run_after=2021-01-01T00:00:00+00:00
[2023-12-21T16:38:08.235+0000] {processor.py:176} INFO - Processing /home/airflow/.local/lib/python3.7/site-packages/airflow/example_dags/example_trigger_controller_dag.py took 0.108 seconds
[2023-12-21T16:38:38.756+0000] {processor.py:154} INFO - Started process (PID=382) to work on /home/airflow/.local/lib/python3.7/site-packages/airflow/example_dags/example_trigger_controller_dag.py
[2023-12-21T16:38:38.757+0000] {processor.py:756} INFO - Processing file /home/airflow/.local/lib/python3.7/site-packages/airflow/example_dags/example_trigger_controller_dag.py for tasks to queue
[2023-12-21T16:38:38.758+0000] {logging_mixin.py:120} INFO - [2023-12-21T16:38:38.758+0000] {dagbag.py:537} INFO - Filling up the DagBag from /home/airflow/.local/lib/python3.7/site-packages/airflow/example_dags/example_trigger_controller_dag.py
[2023-12-21T16:38:38.769+0000] {processor.py:766} INFO - DAG(s) dict_keys(['example_trigger_controller_dag']) retrieved from /home/airflow/.local/lib/python3.7/site-packages/airflow/example_dags/example_trigger_controller_dag.py
[2023-12-21T16:38:38.807+0000] {logging_mixin.py:120} INFO - [2023-12-21T16:38:38.807+0000] {dag.py:2585} INFO - Sync 1 DAGs
[2023-12-21T16:38:38.845+0000] {logging_mixin.py:120} INFO - [2023-12-21T16:38:38.845+0000] {dag.py:3340} INFO - Setting next_dagrun for example_trigger_controller_dag to 2021-01-01T00:00:00+00:00, run_after=2021-01-01T00:00:00+00:00
[2023-12-21T16:38:38.872+0000] {processor.py:176} INFO - Processing /home/airflow/.local/lib/python3.7/site-packages/airflow/example_dags/example_trigger_controller_dag.py took 0.119 seconds
[2023-12-21T16:39:09.509+0000] {processor.py:154} INFO - Started process (PID=445) to work on /home/airflow/.local/lib/python3.7/site-packages/airflow/example_dags/example_trigger_controller_dag.py
[2023-12-21T16:39:09.510+0000] {processor.py:756} INFO - Processing file /home/airflow/.local/lib/python3.7/site-packages/airflow/example_dags/example_trigger_controller_dag.py for tasks to queue
[2023-12-21T16:39:09.510+0000] {logging_mixin.py:120} INFO - [2023-12-21T16:39:09.510+0000] {dagbag.py:537} INFO - Filling up the DagBag from /home/airflow/.local/lib/python3.7/site-packages/airflow/example_dags/example_trigger_controller_dag.py
[2023-12-21T16:39:09.523+0000] {processor.py:766} INFO - DAG(s) dict_keys(['example_trigger_controller_dag']) retrieved from /home/airflow/.local/lib/python3.7/site-packages/airflow/example_dags/example_trigger_controller_dag.py
[2023-12-21T16:39:09.567+0000] {logging_mixin.py:120} INFO - [2023-12-21T16:39:09.567+0000] {dag.py:2585} INFO - Sync 1 DAGs
[2023-12-21T16:39:09.598+0000] {logging_mixin.py:120} INFO - [2023-12-21T16:39:09.597+0000] {dag.py:3340} INFO - Setting next_dagrun for example_trigger_controller_dag to 2021-01-01T00:00:00+00:00, run_after=2021-01-01T00:00:00+00:00
[2023-12-21T16:39:09.620+0000] {processor.py:176} INFO - Processing /home/airflow/.local/lib/python3.7/site-packages/airflow/example_dags/example_trigger_controller_dag.py took 0.114 seconds
[2023-12-21T16:39:40.166+0000] {processor.py:154} INFO - Started process (PID=508) to work on /home/airflow/.local/lib/python3.7/site-packages/airflow/example_dags/example_trigger_controller_dag.py
[2023-12-21T16:39:40.167+0000] {processor.py:756} INFO - Processing file /home/airflow/.local/lib/python3.7/site-packages/airflow/example_dags/example_trigger_controller_dag.py for tasks to queue
[2023-12-21T16:39:40.168+0000] {logging_mixin.py:120} INFO - [2023-12-21T16:39:40.168+0000] {dagbag.py:537} INFO - Filling up the DagBag from /home/airflow/.local/lib/python3.7/site-packages/airflow/example_dags/example_trigger_controller_dag.py
[2023-12-21T16:39:40.182+0000] {processor.py:766} INFO - DAG(s) dict_keys(['example_trigger_controller_dag']) retrieved from /home/airflow/.local/lib/python3.7/site-packages/airflow/example_dags/example_trigger_controller_dag.py
[2023-12-21T16:39:40.232+0000] {logging_mixin.py:120} INFO - [2023-12-21T16:39:40.232+0000] {dag.py:2585} INFO - Sync 1 DAGs
[2023-12-21T16:39:40.265+0000] {logging_mixin.py:120} INFO - [2023-12-21T16:39:40.265+0000] {dag.py:3340} INFO - Setting next_dagrun for example_trigger_controller_dag to 2021-01-01T00:00:00+00:00, run_after=2021-01-01T00:00:00+00:00
[2023-12-21T16:39:40.293+0000] {processor.py:176} INFO - Processing /home/airflow/.local/lib/python3.7/site-packages/airflow/example_dags/example_trigger_controller_dag.py took 0.130 seconds
[2023-12-21T16:40:10.808+0000] {processor.py:154} INFO - Started process (PID=562) to work on /home/airflow/.local/lib/python3.7/site-packages/airflow/example_dags/example_trigger_controller_dag.py
[2023-12-21T16:40:10.809+0000] {processor.py:756} INFO - Processing file /home/airflow/.local/lib/python3.7/site-packages/airflow/example_dags/example_trigger_controller_dag.py for tasks to queue
[2023-12-21T16:40:10.810+0000] {logging_mixin.py:120} INFO - [2023-12-21T16:40:10.809+0000] {dagbag.py:537} INFO - Filling up the DagBag from /home/airflow/.local/lib/python3.7/site-packages/airflow/example_dags/example_trigger_controller_dag.py
[2023-12-21T16:40:10.821+0000] {processor.py:766} INFO - DAG(s) dict_keys(['example_trigger_controller_dag']) retrieved from /home/airflow/.local/lib/python3.7/site-packages/airflow/example_dags/example_trigger_controller_dag.py
[2023-12-21T16:40:10.856+0000] {logging_mixin.py:120} INFO - [2023-12-21T16:40:10.856+0000] {dag.py:2585} INFO - Sync 1 DAGs
[2023-12-21T16:40:10.879+0000] {logging_mixin.py:120} INFO - [2023-12-21T16:40:10.879+0000] {dag.py:3340} INFO - Setting next_dagrun for example_trigger_controller_dag to 2021-01-01T00:00:00+00:00, run_after=2021-01-01T00:00:00+00:00
[2023-12-21T16:40:10.899+0000] {processor.py:176} INFO - Processing /home/airflow/.local/lib/python3.7/site-packages/airflow/example_dags/example_trigger_controller_dag.py took 0.094 seconds
[2023-12-21T16:40:41.549+0000] {processor.py:154} INFO - Started process (PID=625) to work on /home/airflow/.local/lib/python3.7/site-packages/airflow/example_dags/example_trigger_controller_dag.py
[2023-12-21T16:40:41.550+0000] {processor.py:756} INFO - Processing file /home/airflow/.local/lib/python3.7/site-packages/airflow/example_dags/example_trigger_controller_dag.py for tasks to queue
[2023-12-21T16:40:41.550+0000] {logging_mixin.py:120} INFO - [2023-12-21T16:40:41.550+0000] {dagbag.py:537} INFO - Filling up the DagBag from /home/airflow/.local/lib/python3.7/site-packages/airflow/example_dags/example_trigger_controller_dag.py
[2023-12-21T16:40:41.560+0000] {processor.py:766} INFO - DAG(s) dict_keys(['example_trigger_controller_dag']) retrieved from /home/airflow/.local/lib/python3.7/site-packages/airflow/example_dags/example_trigger_controller_dag.py
[2023-12-21T16:40:41.598+0000] {logging_mixin.py:120} INFO - [2023-12-21T16:40:41.598+0000] {dag.py:2585} INFO - Sync 1 DAGs
[2023-12-21T16:40:41.622+0000] {logging_mixin.py:120} INFO - [2023-12-21T16:40:41.622+0000] {dag.py:3340} INFO - Setting next_dagrun for example_trigger_controller_dag to 2021-01-01T00:00:00+00:00, run_after=2021-01-01T00:00:00+00:00
[2023-12-21T16:40:41.644+0000] {processor.py:176} INFO - Processing /home/airflow/.local/lib/python3.7/site-packages/airflow/example_dags/example_trigger_controller_dag.py took 0.098 seconds
[2023-12-21T16:41:12.307+0000] {processor.py:154} INFO - Started process (PID=688) to work on /home/airflow/.local/lib/python3.7/site-packages/airflow/example_dags/example_trigger_controller_dag.py
[2023-12-21T16:41:12.307+0000] {processor.py:756} INFO - Processing file /home/airflow/.local/lib/python3.7/site-packages/airflow/example_dags/example_trigger_controller_dag.py for tasks to queue
[2023-12-21T16:41:12.308+0000] {logging_mixin.py:120} INFO - [2023-12-21T16:41:12.307+0000] {dagbag.py:537} INFO - Filling up the DagBag from /home/airflow/.local/lib/python3.7/site-packages/airflow/example_dags/example_trigger_controller_dag.py
[2023-12-21T16:41:12.317+0000] {processor.py:766} INFO - DAG(s) dict_keys(['example_trigger_controller_dag']) retrieved from /home/airflow/.local/lib/python3.7/site-packages/airflow/example_dags/example_trigger_controller_dag.py
[2023-12-21T16:41:12.353+0000] {logging_mixin.py:120} INFO - [2023-12-21T16:41:12.353+0000] {dag.py:2585} INFO - Sync 1 DAGs
[2023-12-21T16:41:12.382+0000] {logging_mixin.py:120} INFO - [2023-12-21T16:41:12.382+0000] {dag.py:3340} INFO - Setting next_dagrun for example_trigger_controller_dag to 2021-01-01T00:00:00+00:00, run_after=2021-01-01T00:00:00+00:00
[2023-12-21T16:41:12.406+0000] {processor.py:176} INFO - Processing /home/airflow/.local/lib/python3.7/site-packages/airflow/example_dags/example_trigger_controller_dag.py took 0.102 seconds
[2023-12-21T16:41:42.940+0000] {processor.py:154} INFO - Started process (PID=751) to work on /home/airflow/.local/lib/python3.7/site-packages/airflow/example_dags/example_trigger_controller_dag.py
[2023-12-21T16:41:42.940+0000] {processor.py:756} INFO - Processing file /home/airflow/.local/lib/python3.7/site-packages/airflow/example_dags/example_trigger_controller_dag.py for tasks to queue
[2023-12-21T16:41:42.941+0000] {logging_mixin.py:120} INFO - [2023-12-21T16:41:42.941+0000] {dagbag.py:537} INFO - Filling up the DagBag from /home/airflow/.local/lib/python3.7/site-packages/airflow/example_dags/example_trigger_controller_dag.py
[2023-12-21T16:41:42.954+0000] {processor.py:766} INFO - DAG(s) dict_keys(['example_trigger_controller_dag']) retrieved from /home/airflow/.local/lib/python3.7/site-packages/airflow/example_dags/example_trigger_controller_dag.py
[2023-12-21T16:41:43.000+0000] {logging_mixin.py:120} INFO - [2023-12-21T16:41:43.000+0000] {dag.py:2585} INFO - Sync 1 DAGs
[2023-12-21T16:41:43.033+0000] {logging_mixin.py:120} INFO - [2023-12-21T16:41:43.032+0000] {dag.py:3340} INFO - Setting next_dagrun for example_trigger_controller_dag to 2021-01-01T00:00:00+00:00, run_after=2021-01-01T00:00:00+00:00
[2023-12-21T16:41:43.058+0000] {processor.py:176} INFO - Processing /home/airflow/.local/lib/python3.7/site-packages/airflow/example_dags/example_trigger_controller_dag.py took 0.121 seconds
[2023-12-21T16:42:13.777+0000] {processor.py:154} INFO - Started process (PID=806) to work on /home/airflow/.local/lib/python3.7/site-packages/airflow/example_dags/example_trigger_controller_dag.py
[2023-12-21T16:42:13.778+0000] {processor.py:756} INFO - Processing file /home/airflow/.local/lib/python3.7/site-packages/airflow/example_dags/example_trigger_controller_dag.py for tasks to queue
[2023-12-21T16:42:13.778+0000] {logging_mixin.py:120} INFO - [2023-12-21T16:42:13.778+0000] {dagbag.py:537} INFO - Filling up the DagBag from /home/airflow/.local/lib/python3.7/site-packages/airflow/example_dags/example_trigger_controller_dag.py
[2023-12-21T16:42:13.791+0000] {processor.py:766} INFO - DAG(s) dict_keys(['example_trigger_controller_dag']) retrieved from /home/airflow/.local/lib/python3.7/site-packages/airflow/example_dags/example_trigger_controller_dag.py
[2023-12-21T16:42:13.842+0000] {logging_mixin.py:120} INFO - [2023-12-21T16:42:13.842+0000] {dag.py:2585} INFO - Sync 1 DAGs
[2023-12-21T16:42:13.872+0000] {logging_mixin.py:120} INFO - [2023-12-21T16:42:13.872+0000] {dag.py:3340} INFO - Setting next_dagrun for example_trigger_controller_dag to 2021-01-01T00:00:00+00:00, run_after=2021-01-01T00:00:00+00:00
[2023-12-21T16:42:13.893+0000] {processor.py:176} INFO - Processing /home/airflow/.local/lib/python3.7/site-packages/airflow/example_dags/example_trigger_controller_dag.py took 0.120 seconds
[2023-12-21T16:42:44.583+0000] {processor.py:154} INFO - Started process (PID=869) to work on /home/airflow/.local/lib/python3.7/site-packages/airflow/example_dags/example_trigger_controller_dag.py
[2023-12-21T16:42:44.583+0000] {processor.py:756} INFO - Processing file /home/airflow/.local/lib/python3.7/site-packages/airflow/example_dags/example_trigger_controller_dag.py for tasks to queue
[2023-12-21T16:42:44.584+0000] {logging_mixin.py:120} INFO - [2023-12-21T16:42:44.584+0000] {dagbag.py:537} INFO - Filling up the DagBag from /home/airflow/.local/lib/python3.7/site-packages/airflow/example_dags/example_trigger_controller_dag.py
[2023-12-21T16:42:44.593+0000] {processor.py:766} INFO - DAG(s) dict_keys(['example_trigger_controller_dag']) retrieved from /home/airflow/.local/lib/python3.7/site-packages/airflow/example_dags/example_trigger_controller_dag.py
[2023-12-21T16:42:44.627+0000] {logging_mixin.py:120} INFO - [2023-12-21T16:42:44.626+0000] {dag.py:2585} INFO - Sync 1 DAGs
[2023-12-21T16:42:44.652+0000] {logging_mixin.py:120} INFO - [2023-12-21T16:42:44.652+0000] {dag.py:3340} INFO - Setting next_dagrun for example_trigger_controller_dag to 2021-01-01T00:00:00+00:00, run_after=2021-01-01T00:00:00+00:00
[2023-12-21T16:42:44.681+0000] {processor.py:176} INFO - Processing /home/airflow/.local/lib/python3.7/site-packages/airflow/example_dags/example_trigger_controller_dag.py took 0.102 seconds
[2023-12-21T16:43:15.155+0000] {processor.py:154} INFO - Started process (PID=932) to work on /home/airflow/.local/lib/python3.7/site-packages/airflow/example_dags/example_trigger_controller_dag.py
[2023-12-21T16:43:15.156+0000] {processor.py:756} INFO - Processing file /home/airflow/.local/lib/python3.7/site-packages/airflow/example_dags/example_trigger_controller_dag.py for tasks to queue
[2023-12-21T16:43:15.156+0000] {logging_mixin.py:120} INFO - [2023-12-21T16:43:15.156+0000] {dagbag.py:537} INFO - Filling up the DagBag from /home/airflow/.local/lib/python3.7/site-packages/airflow/example_dags/example_trigger_controller_dag.py
[2023-12-21T16:43:15.169+0000] {processor.py:766} INFO - DAG(s) dict_keys(['example_trigger_controller_dag']) retrieved from /home/airflow/.local/lib/python3.7/site-packages/airflow/example_dags/example_trigger_controller_dag.py
[2023-12-21T16:43:15.207+0000] {logging_mixin.py:120} INFO - [2023-12-21T16:43:15.207+0000] {dag.py:2585} INFO - Sync 1 DAGs
[2023-12-21T16:43:15.229+0000] {logging_mixin.py:120} INFO - [2023-12-21T16:43:15.229+0000] {dag.py:3340} INFO - Setting next_dagrun for example_trigger_controller_dag to 2021-01-01T00:00:00+00:00, run_after=2021-01-01T00:00:00+00:00
[2023-12-21T16:43:15.249+0000] {processor.py:176} INFO - Processing /home/airflow/.local/lib/python3.7/site-packages/airflow/example_dags/example_trigger_controller_dag.py took 0.097 seconds
[2023-12-21T16:43:45.771+0000] {processor.py:154} INFO - Started process (PID=995) to work on /home/airflow/.local/lib/python3.7/site-packages/airflow/example_dags/example_trigger_controller_dag.py
[2023-12-21T16:43:45.771+0000] {processor.py:756} INFO - Processing file /home/airflow/.local/lib/python3.7/site-packages/airflow/example_dags/example_trigger_controller_dag.py for tasks to queue
[2023-12-21T16:43:45.772+0000] {logging_mixin.py:120} INFO - [2023-12-21T16:43:45.772+0000] {dagbag.py:537} INFO - Filling up the DagBag from /home/airflow/.local/lib/python3.7/site-packages/airflow/example_dags/example_trigger_controller_dag.py
[2023-12-21T16:43:45.785+0000] {processor.py:766} INFO - DAG(s) dict_keys(['example_trigger_controller_dag']) retrieved from /home/airflow/.local/lib/python3.7/site-packages/airflow/example_dags/example_trigger_controller_dag.py
[2023-12-21T16:43:45.838+0000] {logging_mixin.py:120} INFO - [2023-12-21T16:43:45.838+0000] {dag.py:2585} INFO - Sync 1 DAGs
[2023-12-21T16:43:45.874+0000] {logging_mixin.py:120} INFO - [2023-12-21T16:43:45.874+0000] {dag.py:3340} INFO - Setting next_dagrun for example_trigger_controller_dag to 2021-01-01T00:00:00+00:00, run_after=2021-01-01T00:00:00+00:00
[2023-12-21T16:43:45.902+0000] {processor.py:176} INFO - Processing /home/airflow/.local/lib/python3.7/site-packages/airflow/example_dags/example_trigger_controller_dag.py took 0.134 seconds
[2023-12-21T16:44:16.539+0000] {processor.py:154} INFO - Started process (PID=1049) to work on /home/airflow/.local/lib/python3.7/site-packages/airflow/example_dags/example_trigger_controller_dag.py
[2023-12-21T16:44:16.540+0000] {processor.py:756} INFO - Processing file /home/airflow/.local/lib/python3.7/site-packages/airflow/example_dags/example_trigger_controller_dag.py for tasks to queue
[2023-12-21T16:44:16.541+0000] {logging_mixin.py:120} INFO - [2023-12-21T16:44:16.541+0000] {dagbag.py:537} INFO - Filling up the DagBag from /home/airflow/.local/lib/python3.7/site-packages/airflow/example_dags/example_trigger_controller_dag.py
[2023-12-21T16:44:16.553+0000] {processor.py:766} INFO - DAG(s) dict_keys(['example_trigger_controller_dag']) retrieved from /home/airflow/.local/lib/python3.7/site-packages/airflow/example_dags/example_trigger_controller_dag.py
[2023-12-21T16:44:16.596+0000] {logging_mixin.py:120} INFO - [2023-12-21T16:44:16.596+0000] {dag.py:2585} INFO - Sync 1 DAGs
[2023-12-21T16:44:16.619+0000] {logging_mixin.py:120} INFO - [2023-12-21T16:44:16.619+0000] {dag.py:3340} INFO - Setting next_dagrun for example_trigger_controller_dag to 2021-01-01T00:00:00+00:00, run_after=2021-01-01T00:00:00+00:00
[2023-12-21T16:44:16.646+0000] {processor.py:176} INFO - Processing /home/airflow/.local/lib/python3.7/site-packages/airflow/example_dags/example_trigger_controller_dag.py took 0.109 seconds
[2023-12-21T16:44:47.400+0000] {processor.py:154} INFO - Started process (PID=1113) to work on /home/airflow/.local/lib/python3.7/site-packages/airflow/example_dags/example_trigger_controller_dag.py
[2023-12-21T16:44:47.400+0000] {processor.py:756} INFO - Processing file /home/airflow/.local/lib/python3.7/site-packages/airflow/example_dags/example_trigger_controller_dag.py for tasks to queue
[2023-12-21T16:44:47.401+0000] {logging_mixin.py:120} INFO - [2023-12-21T16:44:47.401+0000] {dagbag.py:537} INFO - Filling up the DagBag from /home/airflow/.local/lib/python3.7/site-packages/airflow/example_dags/example_trigger_controller_dag.py
[2023-12-21T16:44:47.412+0000] {processor.py:766} INFO - DAG(s) dict_keys(['example_trigger_controller_dag']) retrieved from /home/airflow/.local/lib/python3.7/site-packages/airflow/example_dags/example_trigger_controller_dag.py
[2023-12-21T16:44:47.468+0000] {logging_mixin.py:120} INFO - [2023-12-21T16:44:47.467+0000] {dag.py:2585} INFO - Sync 1 DAGs
[2023-12-21T16:44:47.499+0000] {logging_mixin.py:120} INFO - [2023-12-21T16:44:47.499+0000] {dag.py:3340} INFO - Setting next_dagrun for example_trigger_controller_dag to 2021-01-01T00:00:00+00:00, run_after=2021-01-01T00:00:00+00:00
[2023-12-21T16:44:47.536+0000] {processor.py:176} INFO - Processing /home/airflow/.local/lib/python3.7/site-packages/airflow/example_dags/example_trigger_controller_dag.py took 0.140 seconds
[2023-12-21T16:45:18.254+0000] {processor.py:154} INFO - Started process (PID=1176) to work on /home/airflow/.local/lib/python3.7/site-packages/airflow/example_dags/example_trigger_controller_dag.py
[2023-12-21T16:45:18.254+0000] {processor.py:756} INFO - Processing file /home/airflow/.local/lib/python3.7/site-packages/airflow/example_dags/example_trigger_controller_dag.py for tasks to queue
[2023-12-21T16:45:18.255+0000] {logging_mixin.py:120} INFO - [2023-12-21T16:45:18.255+0000] {dagbag.py:537} INFO - Filling up the DagBag from /home/airflow/.local/lib/python3.7/site-packages/airflow/example_dags/example_trigger_controller_dag.py
[2023-12-21T16:45:18.268+0000] {processor.py:766} INFO - DAG(s) dict_keys(['example_trigger_controller_dag']) retrieved from /home/airflow/.local/lib/python3.7/site-packages/airflow/example_dags/example_trigger_controller_dag.py
[2023-12-21T16:45:18.308+0000] {logging_mixin.py:120} INFO - [2023-12-21T16:45:18.308+0000] {dag.py:2585} INFO - Sync 1 DAGs
[2023-12-21T16:45:18.331+0000] {logging_mixin.py:120} INFO - [2023-12-21T16:45:18.331+0000] {dag.py:3340} INFO - Setting next_dagrun for example_trigger_controller_dag to 2021-01-01T00:00:00+00:00, run_after=2021-01-01T00:00:00+00:00
[2023-12-21T16:45:18.354+0000] {processor.py:176} INFO - Processing /home/airflow/.local/lib/python3.7/site-packages/airflow/example_dags/example_trigger_controller_dag.py took 0.103 seconds
[2023-12-21T16:45:48.926+0000] {processor.py:154} INFO - Started process (PID=1236) to work on /home/airflow/.local/lib/python3.7/site-packages/airflow/example_dags/example_trigger_controller_dag.py
[2023-12-21T16:45:48.927+0000] {processor.py:756} INFO - Processing file /home/airflow/.local/lib/python3.7/site-packages/airflow/example_dags/example_trigger_controller_dag.py for tasks to queue
[2023-12-21T16:45:48.927+0000] {logging_mixin.py:120} INFO - [2023-12-21T16:45:48.927+0000] {dagbag.py:537} INFO - Filling up the DagBag from /home/airflow/.local/lib/python3.7/site-packages/airflow/example_dags/example_trigger_controller_dag.py
[2023-12-21T16:45:48.941+0000] {processor.py:766} INFO - DAG(s) dict_keys(['example_trigger_controller_dag']) retrieved from /home/airflow/.local/lib/python3.7/site-packages/airflow/example_dags/example_trigger_controller_dag.py
[2023-12-21T16:45:48.989+0000] {logging_mixin.py:120} INFO - [2023-12-21T16:45:48.989+0000] {dag.py:2585} INFO - Sync 1 DAGs
[2023-12-21T16:45:49.024+0000] {logging_mixin.py:120} INFO - [2023-12-21T16:45:49.024+0000] {dag.py:3340} INFO - Setting next_dagrun for example_trigger_controller_dag to 2021-01-01T00:00:00+00:00, run_after=2021-01-01T00:00:00+00:00
[2023-12-21T16:45:49.053+0000] {processor.py:176} INFO - Processing /home/airflow/.local/lib/python3.7/site-packages/airflow/example_dags/example_trigger_controller_dag.py took 0.129 seconds
[2023-12-21T16:46:19.604+0000] {processor.py:154} INFO - Started process (PID=1292) to work on /home/airflow/.local/lib/python3.7/site-packages/airflow/example_dags/example_trigger_controller_dag.py
[2023-12-21T16:46:19.605+0000] {processor.py:756} INFO - Processing file /home/airflow/.local/lib/python3.7/site-packages/airflow/example_dags/example_trigger_controller_dag.py for tasks to queue
[2023-12-21T16:46:19.605+0000] {logging_mixin.py:120} INFO - [2023-12-21T16:46:19.605+0000] {dagbag.py:537} INFO - Filling up the DagBag from /home/airflow/.local/lib/python3.7/site-packages/airflow/example_dags/example_trigger_controller_dag.py
[2023-12-21T16:46:19.616+0000] {processor.py:766} INFO - DAG(s) dict_keys(['example_trigger_controller_dag']) retrieved from /home/airflow/.local/lib/python3.7/site-packages/airflow/example_dags/example_trigger_controller_dag.py
[2023-12-21T16:46:19.657+0000] {logging_mixin.py:120} INFO - [2023-12-21T16:46:19.656+0000] {dag.py:2585} INFO - Sync 1 DAGs
[2023-12-21T16:46:19.680+0000] {logging_mixin.py:120} INFO - [2023-12-21T16:46:19.680+0000] {dag.py:3340} INFO - Setting next_dagrun for example_trigger_controller_dag to 2021-01-01T00:00:00+00:00, run_after=2021-01-01T00:00:00+00:00
[2023-12-21T16:46:19.703+0000] {processor.py:176} INFO - Processing /home/airflow/.local/lib/python3.7/site-packages/airflow/example_dags/example_trigger_controller_dag.py took 0.101 seconds
[2023-12-21T16:46:49.748+0000] {processor.py:154} INFO - Started process (PID=1354) to work on /home/airflow/.local/lib/python3.7/site-packages/airflow/example_dags/example_trigger_controller_dag.py
[2023-12-21T16:46:49.748+0000] {processor.py:756} INFO - Processing file /home/airflow/.local/lib/python3.7/site-packages/airflow/example_dags/example_trigger_controller_dag.py for tasks to queue
[2023-12-21T16:46:49.749+0000] {logging_mixin.py:120} INFO - [2023-12-21T16:46:49.749+0000] {dagbag.py:537} INFO - Filling up the DagBag from /home/airflow/.local/lib/python3.7/site-packages/airflow/example_dags/example_trigger_controller_dag.py
[2023-12-21T16:46:49.759+0000] {processor.py:766} INFO - DAG(s) dict_keys(['example_trigger_controller_dag']) retrieved from /home/airflow/.local/lib/python3.7/site-packages/airflow/example_dags/example_trigger_controller_dag.py
[2023-12-21T16:46:49.793+0000] {logging_mixin.py:120} INFO - [2023-12-21T16:46:49.793+0000] {dag.py:2585} INFO - Sync 1 DAGs
[2023-12-21T16:46:49.814+0000] {logging_mixin.py:120} INFO - [2023-12-21T16:46:49.814+0000] {dag.py:3340} INFO - Setting next_dagrun for example_trigger_controller_dag to 2021-01-01T00:00:00+00:00, run_after=2021-01-01T00:00:00+00:00
[2023-12-21T16:46:49.836+0000] {processor.py:176} INFO - Processing /home/airflow/.local/lib/python3.7/site-packages/airflow/example_dags/example_trigger_controller_dag.py took 0.090 seconds
[2023-12-21T16:47:19.905+0000] {processor.py:154} INFO - Started process (PID=1416) to work on /home/airflow/.local/lib/python3.7/site-packages/airflow/example_dags/example_trigger_controller_dag.py
[2023-12-21T16:47:19.906+0000] {processor.py:756} INFO - Processing file /home/airflow/.local/lib/python3.7/site-packages/airflow/example_dags/example_trigger_controller_dag.py for tasks to queue
[2023-12-21T16:47:19.906+0000] {logging_mixin.py:120} INFO - [2023-12-21T16:47:19.906+0000] {dagbag.py:537} INFO - Filling up the DagBag from /home/airflow/.local/lib/python3.7/site-packages/airflow/example_dags/example_trigger_controller_dag.py
[2023-12-21T16:47:19.916+0000] {processor.py:766} INFO - DAG(s) dict_keys(['example_trigger_controller_dag']) retrieved from /home/airflow/.local/lib/python3.7/site-packages/airflow/example_dags/example_trigger_controller_dag.py
[2023-12-21T16:47:19.953+0000] {logging_mixin.py:120} INFO - [2023-12-21T16:47:19.953+0000] {dag.py:2585} INFO - Sync 1 DAGs
[2023-12-21T16:47:19.980+0000] {logging_mixin.py:120} INFO - [2023-12-21T16:47:19.980+0000] {dag.py:3340} INFO - Setting next_dagrun for example_trigger_controller_dag to 2021-01-01T00:00:00+00:00, run_after=2021-01-01T00:00:00+00:00
[2023-12-21T16:47:20.008+0000] {processor.py:176} INFO - Processing /home/airflow/.local/lib/python3.7/site-packages/airflow/example_dags/example_trigger_controller_dag.py took 0.106 seconds
