[2023-12-21T16:35:56.418+0000] {processor.py:154} INFO - Started process (PID=42) to work on /home/airflow/.local/lib/python3.7/site-packages/airflow/example_dags/example_external_task_marker_dag.py
[2023-12-21T16:35:56.419+0000] {processor.py:756} INFO - Processing file /home/airflow/.local/lib/python3.7/site-packages/airflow/example_dags/example_external_task_marker_dag.py for tasks to queue
[2023-12-21T16:35:56.419+0000] {logging_mixin.py:120} INFO - [2023-12-21T16:35:56.419+0000] {dagbag.py:537} INFO - Filling up the DagBag from /home/airflow/.local/lib/python3.7/site-packages/airflow/example_dags/example_external_task_marker_dag.py
[2023-12-21T16:35:56.529+0000] {processor.py:766} INFO - DAG(s) dict_keys(['example_external_task_marker_parent', 'example_external_task_marker_child']) retrieved from /home/airflow/.local/lib/python3.7/site-packages/airflow/example_dags/example_external_task_marker_dag.py
[2023-12-21T16:35:56.878+0000] {logging_mixin.py:120} INFO - [2023-12-21T16:35:56.878+0000] {manager.py:507} INFO - Created Permission View: can read on DAG:example_external_task_marker_parent
[2023-12-21T16:35:56.898+0000] {logging_mixin.py:120} INFO - [2023-12-21T16:35:56.898+0000] {manager.py:507} INFO - Created Permission View: can delete on DAG:example_external_task_marker_parent
[2023-12-21T16:35:56.912+0000] {logging_mixin.py:120} INFO - [2023-12-21T16:35:56.912+0000] {manager.py:507} INFO - Created Permission View: can edit on DAG:example_external_task_marker_parent
[2023-12-21T16:35:57.209+0000] {logging_mixin.py:120} INFO - [2023-12-21T16:35:57.208+0000] {manager.py:507} INFO - Created Permission View: can read on DAG:example_external_task_marker_child
[2023-12-21T16:35:57.224+0000] {logging_mixin.py:120} INFO - [2023-12-21T16:35:57.224+0000] {manager.py:507} INFO - Created Permission View: can delete on DAG:example_external_task_marker_child
[2023-12-21T16:35:57.241+0000] {logging_mixin.py:120} INFO - [2023-12-21T16:35:57.241+0000] {manager.py:507} INFO - Created Permission View: can edit on DAG:example_external_task_marker_child
[2023-12-21T16:35:57.241+0000] {logging_mixin.py:120} INFO - [2023-12-21T16:35:57.241+0000] {dag.py:2585} INFO - Sync 2 DAGs
[2023-12-21T16:35:57.257+0000] {logging_mixin.py:120} INFO - [2023-12-21T16:35:57.256+0000] {dag.py:2606} INFO - Creating ORM DAG for example_external_task_marker_parent
[2023-12-21T16:35:57.257+0000] {logging_mixin.py:120} INFO - [2023-12-21T16:35:57.257+0000] {dag.py:2606} INFO - Creating ORM DAG for example_external_task_marker_child
[2023-12-21T16:35:57.269+0000] {logging_mixin.py:120} INFO - [2023-12-21T16:35:57.269+0000] {dag.py:3340} INFO - Setting next_dagrun for example_external_task_marker_child to None, run_after=None
[2023-12-21T16:35:57.270+0000] {logging_mixin.py:120} INFO - [2023-12-21T16:35:57.270+0000] {dag.py:3340} INFO - Setting next_dagrun for example_external_task_marker_parent to None, run_after=None
[2023-12-21T16:35:57.304+0000] {processor.py:176} INFO - Processing /home/airflow/.local/lib/python3.7/site-packages/airflow/example_dags/example_external_task_marker_dag.py took 0.897 seconds
[2023-12-21T16:36:27.373+0000] {processor.py:154} INFO - Started process (PID=97) to work on /home/airflow/.local/lib/python3.7/site-packages/airflow/example_dags/example_external_task_marker_dag.py
[2023-12-21T16:36:27.373+0000] {processor.py:756} INFO - Processing file /home/airflow/.local/lib/python3.7/site-packages/airflow/example_dags/example_external_task_marker_dag.py for tasks to queue
[2023-12-21T16:36:27.374+0000] {logging_mixin.py:120} INFO - [2023-12-21T16:36:27.374+0000] {dagbag.py:537} INFO - Filling up the DagBag from /home/airflow/.local/lib/python3.7/site-packages/airflow/example_dags/example_external_task_marker_dag.py
[2023-12-21T16:36:27.401+0000] {processor.py:766} INFO - DAG(s) dict_keys(['example_external_task_marker_child', 'example_external_task_marker_parent']) retrieved from /home/airflow/.local/lib/python3.7/site-packages/airflow/example_dags/example_external_task_marker_dag.py
[2023-12-21T16:36:27.666+0000] {logging_mixin.py:120} INFO - [2023-12-21T16:36:27.666+0000] {dag.py:2585} INFO - Sync 2 DAGs
[2023-12-21T16:36:27.697+0000] {logging_mixin.py:120} INFO - [2023-12-21T16:36:27.697+0000] {dag.py:3340} INFO - Setting next_dagrun for example_external_task_marker_child to None, run_after=None
[2023-12-21T16:36:27.701+0000] {logging_mixin.py:120} INFO - [2023-12-21T16:36:27.701+0000] {dag.py:3340} INFO - Setting next_dagrun for example_external_task_marker_parent to None, run_after=None
[2023-12-21T16:36:27.725+0000] {processor.py:176} INFO - Processing /home/airflow/.local/lib/python3.7/site-packages/airflow/example_dags/example_external_task_marker_dag.py took 0.356 seconds
[2023-12-21T16:36:58.232+0000] {processor.py:154} INFO - Started process (PID=160) to work on /home/airflow/.local/lib/python3.7/site-packages/airflow/example_dags/example_external_task_marker_dag.py
[2023-12-21T16:36:58.233+0000] {processor.py:756} INFO - Processing file /home/airflow/.local/lib/python3.7/site-packages/airflow/example_dags/example_external_task_marker_dag.py for tasks to queue
[2023-12-21T16:36:58.234+0000] {logging_mixin.py:120} INFO - [2023-12-21T16:36:58.234+0000] {dagbag.py:537} INFO - Filling up the DagBag from /home/airflow/.local/lib/python3.7/site-packages/airflow/example_dags/example_external_task_marker_dag.py
[2023-12-21T16:36:58.250+0000] {processor.py:766} INFO - DAG(s) dict_keys(['example_external_task_marker_parent', 'example_external_task_marker_child']) retrieved from /home/airflow/.local/lib/python3.7/site-packages/airflow/example_dags/example_external_task_marker_dag.py
[2023-12-21T16:36:58.539+0000] {logging_mixin.py:120} INFO - [2023-12-21T16:36:58.539+0000] {dag.py:2585} INFO - Sync 2 DAGs
[2023-12-21T16:36:58.569+0000] {logging_mixin.py:120} INFO - [2023-12-21T16:36:58.568+0000] {dag.py:3340} INFO - Setting next_dagrun for example_external_task_marker_child to None, run_after=None
[2023-12-21T16:36:58.572+0000] {logging_mixin.py:120} INFO - [2023-12-21T16:36:58.572+0000] {dag.py:3340} INFO - Setting next_dagrun for example_external_task_marker_parent to None, run_after=None
[2023-12-21T16:36:58.594+0000] {processor.py:176} INFO - Processing /home/airflow/.local/lib/python3.7/site-packages/airflow/example_dags/example_external_task_marker_dag.py took 0.365 seconds
[2023-12-21T16:37:29.136+0000] {processor.py:154} INFO - Started process (PID=223) to work on /home/airflow/.local/lib/python3.7/site-packages/airflow/example_dags/example_external_task_marker_dag.py
[2023-12-21T16:37:29.136+0000] {processor.py:756} INFO - Processing file /home/airflow/.local/lib/python3.7/site-packages/airflow/example_dags/example_external_task_marker_dag.py for tasks to queue
[2023-12-21T16:37:29.137+0000] {logging_mixin.py:120} INFO - [2023-12-21T16:37:29.137+0000] {dagbag.py:537} INFO - Filling up the DagBag from /home/airflow/.local/lib/python3.7/site-packages/airflow/example_dags/example_external_task_marker_dag.py
[2023-12-21T16:37:29.152+0000] {processor.py:766} INFO - DAG(s) dict_keys(['example_external_task_marker_child', 'example_external_task_marker_parent']) retrieved from /home/airflow/.local/lib/python3.7/site-packages/airflow/example_dags/example_external_task_marker_dag.py
[2023-12-21T16:37:29.330+0000] {logging_mixin.py:120} INFO - [2023-12-21T16:37:29.330+0000] {dag.py:2585} INFO - Sync 2 DAGs
[2023-12-21T16:37:29.350+0000] {logging_mixin.py:120} INFO - [2023-12-21T16:37:29.350+0000] {dag.py:3340} INFO - Setting next_dagrun for example_external_task_marker_child to None, run_after=None
[2023-12-21T16:37:29.353+0000] {logging_mixin.py:120} INFO - [2023-12-21T16:37:29.353+0000] {dag.py:3340} INFO - Setting next_dagrun for example_external_task_marker_parent to None, run_after=None
[2023-12-21T16:37:29.374+0000] {processor.py:176} INFO - Processing /home/airflow/.local/lib/python3.7/site-packages/airflow/example_dags/example_external_task_marker_dag.py took 0.241 seconds
[2023-12-21T16:37:59.714+0000] {processor.py:154} INFO - Started process (PID=287) to work on /home/airflow/.local/lib/python3.7/site-packages/airflow/example_dags/example_external_task_marker_dag.py
[2023-12-21T16:37:59.714+0000] {processor.py:756} INFO - Processing file /home/airflow/.local/lib/python3.7/site-packages/airflow/example_dags/example_external_task_marker_dag.py for tasks to queue
[2023-12-21T16:37:59.715+0000] {logging_mixin.py:120} INFO - [2023-12-21T16:37:59.715+0000] {dagbag.py:537} INFO - Filling up the DagBag from /home/airflow/.local/lib/python3.7/site-packages/airflow/example_dags/example_external_task_marker_dag.py
[2023-12-21T16:37:59.727+0000] {processor.py:766} INFO - DAG(s) dict_keys(['example_external_task_marker_child', 'example_external_task_marker_parent']) retrieved from /home/airflow/.local/lib/python3.7/site-packages/airflow/example_dags/example_external_task_marker_dag.py
[2023-12-21T16:37:59.896+0000] {logging_mixin.py:120} INFO - [2023-12-21T16:37:59.896+0000] {dag.py:2585} INFO - Sync 2 DAGs
[2023-12-21T16:37:59.915+0000] {logging_mixin.py:120} INFO - [2023-12-21T16:37:59.915+0000] {dag.py:3340} INFO - Setting next_dagrun for example_external_task_marker_child to None, run_after=None
[2023-12-21T16:37:59.918+0000] {logging_mixin.py:120} INFO - [2023-12-21T16:37:59.918+0000] {dag.py:3340} INFO - Setting next_dagrun for example_external_task_marker_parent to None, run_after=None
[2023-12-21T16:37:59.945+0000] {processor.py:176} INFO - Processing /home/airflow/.local/lib/python3.7/site-packages/airflow/example_dags/example_external_task_marker_dag.py took 0.233 seconds
[2023-12-21T16:38:30.429+0000] {processor.py:154} INFO - Started process (PID=341) to work on /home/airflow/.local/lib/python3.7/site-packages/airflow/example_dags/example_external_task_marker_dag.py
[2023-12-21T16:38:30.430+0000] {processor.py:756} INFO - Processing file /home/airflow/.local/lib/python3.7/site-packages/airflow/example_dags/example_external_task_marker_dag.py for tasks to queue
[2023-12-21T16:38:30.430+0000] {logging_mixin.py:120} INFO - [2023-12-21T16:38:30.430+0000] {dagbag.py:537} INFO - Filling up the DagBag from /home/airflow/.local/lib/python3.7/site-packages/airflow/example_dags/example_external_task_marker_dag.py
[2023-12-21T16:38:30.446+0000] {processor.py:766} INFO - DAG(s) dict_keys(['example_external_task_marker_parent', 'example_external_task_marker_child']) retrieved from /home/airflow/.local/lib/python3.7/site-packages/airflow/example_dags/example_external_task_marker_dag.py
[2023-12-21T16:38:30.696+0000] {logging_mixin.py:120} INFO - [2023-12-21T16:38:30.695+0000] {dag.py:2585} INFO - Sync 2 DAGs
[2023-12-21T16:38:30.722+0000] {logging_mixin.py:120} INFO - [2023-12-21T16:38:30.722+0000] {dag.py:3340} INFO - Setting next_dagrun for example_external_task_marker_child to None, run_after=None
[2023-12-21T16:38:30.726+0000] {logging_mixin.py:120} INFO - [2023-12-21T16:38:30.726+0000] {dag.py:3340} INFO - Setting next_dagrun for example_external_task_marker_parent to None, run_after=None
[2023-12-21T16:38:30.753+0000] {processor.py:176} INFO - Processing /home/airflow/.local/lib/python3.7/site-packages/airflow/example_dags/example_external_task_marker_dag.py took 0.326 seconds
[2023-12-21T16:39:01.068+0000] {processor.py:154} INFO - Started process (PID=404) to work on /home/airflow/.local/lib/python3.7/site-packages/airflow/example_dags/example_external_task_marker_dag.py
[2023-12-21T16:39:01.069+0000] {processor.py:756} INFO - Processing file /home/airflow/.local/lib/python3.7/site-packages/airflow/example_dags/example_external_task_marker_dag.py for tasks to queue
[2023-12-21T16:39:01.069+0000] {logging_mixin.py:120} INFO - [2023-12-21T16:39:01.069+0000] {dagbag.py:537} INFO - Filling up the DagBag from /home/airflow/.local/lib/python3.7/site-packages/airflow/example_dags/example_external_task_marker_dag.py
[2023-12-21T16:39:01.082+0000] {processor.py:766} INFO - DAG(s) dict_keys(['example_external_task_marker_parent', 'example_external_task_marker_child']) retrieved from /home/airflow/.local/lib/python3.7/site-packages/airflow/example_dags/example_external_task_marker_dag.py
[2023-12-21T16:39:01.280+0000] {logging_mixin.py:120} INFO - [2023-12-21T16:39:01.280+0000] {dag.py:2585} INFO - Sync 2 DAGs
[2023-12-21T16:39:01.303+0000] {logging_mixin.py:120} INFO - [2023-12-21T16:39:01.303+0000] {dag.py:3340} INFO - Setting next_dagrun for example_external_task_marker_child to None, run_after=None
[2023-12-21T16:39:01.305+0000] {logging_mixin.py:120} INFO - [2023-12-21T16:39:01.305+0000] {dag.py:3340} INFO - Setting next_dagrun for example_external_task_marker_parent to None, run_after=None
[2023-12-21T16:39:01.326+0000] {processor.py:176} INFO - Processing /home/airflow/.local/lib/python3.7/site-packages/airflow/example_dags/example_external_task_marker_dag.py took 0.261 seconds
[2023-12-21T16:39:31.851+0000] {processor.py:154} INFO - Started process (PID=467) to work on /home/airflow/.local/lib/python3.7/site-packages/airflow/example_dags/example_external_task_marker_dag.py
[2023-12-21T16:39:31.851+0000] {processor.py:756} INFO - Processing file /home/airflow/.local/lib/python3.7/site-packages/airflow/example_dags/example_external_task_marker_dag.py for tasks to queue
[2023-12-21T16:39:31.852+0000] {logging_mixin.py:120} INFO - [2023-12-21T16:39:31.852+0000] {dagbag.py:537} INFO - Filling up the DagBag from /home/airflow/.local/lib/python3.7/site-packages/airflow/example_dags/example_external_task_marker_dag.py
[2023-12-21T16:39:31.867+0000] {processor.py:766} INFO - DAG(s) dict_keys(['example_external_task_marker_child', 'example_external_task_marker_parent']) retrieved from /home/airflow/.local/lib/python3.7/site-packages/airflow/example_dags/example_external_task_marker_dag.py
[2023-12-21T16:39:32.064+0000] {logging_mixin.py:120} INFO - [2023-12-21T16:39:32.063+0000] {dag.py:2585} INFO - Sync 2 DAGs
[2023-12-21T16:39:32.088+0000] {logging_mixin.py:120} INFO - [2023-12-21T16:39:32.088+0000] {dag.py:3340} INFO - Setting next_dagrun for example_external_task_marker_child to None, run_after=None
[2023-12-21T16:39:32.091+0000] {logging_mixin.py:120} INFO - [2023-12-21T16:39:32.091+0000] {dag.py:3340} INFO - Setting next_dagrun for example_external_task_marker_parent to None, run_after=None
[2023-12-21T16:39:32.111+0000] {processor.py:176} INFO - Processing /home/airflow/.local/lib/python3.7/site-packages/airflow/example_dags/example_external_task_marker_dag.py took 0.263 seconds
[2023-12-21T16:40:02.471+0000] {processor.py:154} INFO - Started process (PID=530) to work on /home/airflow/.local/lib/python3.7/site-packages/airflow/example_dags/example_external_task_marker_dag.py
[2023-12-21T16:40:02.472+0000] {processor.py:756} INFO - Processing file /home/airflow/.local/lib/python3.7/site-packages/airflow/example_dags/example_external_task_marker_dag.py for tasks to queue
[2023-12-21T16:40:02.473+0000] {logging_mixin.py:120} INFO - [2023-12-21T16:40:02.473+0000] {dagbag.py:537} INFO - Filling up the DagBag from /home/airflow/.local/lib/python3.7/site-packages/airflow/example_dags/example_external_task_marker_dag.py
[2023-12-21T16:40:02.489+0000] {processor.py:766} INFO - DAG(s) dict_keys(['example_external_task_marker_parent', 'example_external_task_marker_child']) retrieved from /home/airflow/.local/lib/python3.7/site-packages/airflow/example_dags/example_external_task_marker_dag.py
[2023-12-21T16:40:02.735+0000] {logging_mixin.py:120} INFO - [2023-12-21T16:40:02.735+0000] {dag.py:2585} INFO - Sync 2 DAGs
[2023-12-21T16:40:02.765+0000] {logging_mixin.py:120} INFO - [2023-12-21T16:40:02.764+0000] {dag.py:3340} INFO - Setting next_dagrun for example_external_task_marker_child to None, run_after=None
[2023-12-21T16:40:02.768+0000] {logging_mixin.py:120} INFO - [2023-12-21T16:40:02.768+0000] {dag.py:3340} INFO - Setting next_dagrun for example_external_task_marker_parent to None, run_after=None
[2023-12-21T16:40:02.791+0000] {processor.py:176} INFO - Processing /home/airflow/.local/lib/python3.7/site-packages/airflow/example_dags/example_external_task_marker_dag.py took 0.323 seconds
[2023-12-21T16:40:33.082+0000] {processor.py:154} INFO - Started process (PID=584) to work on /home/airflow/.local/lib/python3.7/site-packages/airflow/example_dags/example_external_task_marker_dag.py
[2023-12-21T16:40:33.082+0000] {processor.py:756} INFO - Processing file /home/airflow/.local/lib/python3.7/site-packages/airflow/example_dags/example_external_task_marker_dag.py for tasks to queue
[2023-12-21T16:40:33.083+0000] {logging_mixin.py:120} INFO - [2023-12-21T16:40:33.083+0000] {dagbag.py:537} INFO - Filling up the DagBag from /home/airflow/.local/lib/python3.7/site-packages/airflow/example_dags/example_external_task_marker_dag.py
[2023-12-21T16:40:33.095+0000] {processor.py:766} INFO - DAG(s) dict_keys(['example_external_task_marker_child', 'example_external_task_marker_parent']) retrieved from /home/airflow/.local/lib/python3.7/site-packages/airflow/example_dags/example_external_task_marker_dag.py
[2023-12-21T16:40:33.301+0000] {logging_mixin.py:120} INFO - [2023-12-21T16:40:33.301+0000] {dag.py:2585} INFO - Sync 2 DAGs
[2023-12-21T16:40:33.328+0000] {logging_mixin.py:120} INFO - [2023-12-21T16:40:33.328+0000] {dag.py:3340} INFO - Setting next_dagrun for example_external_task_marker_child to None, run_after=None
[2023-12-21T16:40:33.331+0000] {logging_mixin.py:120} INFO - [2023-12-21T16:40:33.330+0000] {dag.py:3340} INFO - Setting next_dagrun for example_external_task_marker_parent to None, run_after=None
[2023-12-21T16:40:33.350+0000] {processor.py:176} INFO - Processing /home/airflow/.local/lib/python3.7/site-packages/airflow/example_dags/example_external_task_marker_dag.py took 0.271 seconds
[2023-12-21T16:41:03.815+0000] {processor.py:154} INFO - Started process (PID=647) to work on /home/airflow/.local/lib/python3.7/site-packages/airflow/example_dags/example_external_task_marker_dag.py
[2023-12-21T16:41:03.815+0000] {processor.py:756} INFO - Processing file /home/airflow/.local/lib/python3.7/site-packages/airflow/example_dags/example_external_task_marker_dag.py for tasks to queue
[2023-12-21T16:41:03.816+0000] {logging_mixin.py:120} INFO - [2023-12-21T16:41:03.816+0000] {dagbag.py:537} INFO - Filling up the DagBag from /home/airflow/.local/lib/python3.7/site-packages/airflow/example_dags/example_external_task_marker_dag.py
[2023-12-21T16:41:03.828+0000] {processor.py:766} INFO - DAG(s) dict_keys(['example_external_task_marker_parent', 'example_external_task_marker_child']) retrieved from /home/airflow/.local/lib/python3.7/site-packages/airflow/example_dags/example_external_task_marker_dag.py
[2023-12-21T16:41:04.025+0000] {logging_mixin.py:120} INFO - [2023-12-21T16:41:04.025+0000] {dag.py:2585} INFO - Sync 2 DAGs
[2023-12-21T16:41:04.064+0000] {logging_mixin.py:120} INFO - [2023-12-21T16:41:04.064+0000] {dag.py:3340} INFO - Setting next_dagrun for example_external_task_marker_child to None, run_after=None
[2023-12-21T16:41:04.068+0000] {logging_mixin.py:120} INFO - [2023-12-21T16:41:04.068+0000] {dag.py:3340} INFO - Setting next_dagrun for example_external_task_marker_parent to None, run_after=None
[2023-12-21T16:41:04.093+0000] {processor.py:176} INFO - Processing /home/airflow/.local/lib/python3.7/site-packages/airflow/example_dags/example_external_task_marker_dag.py took 0.281 seconds
[2023-12-21T16:41:34.563+0000] {processor.py:154} INFO - Started process (PID=710) to work on /home/airflow/.local/lib/python3.7/site-packages/airflow/example_dags/example_external_task_marker_dag.py
[2023-12-21T16:41:34.564+0000] {processor.py:756} INFO - Processing file /home/airflow/.local/lib/python3.7/site-packages/airflow/example_dags/example_external_task_marker_dag.py for tasks to queue
[2023-12-21T16:41:34.565+0000] {logging_mixin.py:120} INFO - [2023-12-21T16:41:34.564+0000] {dagbag.py:537} INFO - Filling up the DagBag from /home/airflow/.local/lib/python3.7/site-packages/airflow/example_dags/example_external_task_marker_dag.py
[2023-12-21T16:41:34.577+0000] {processor.py:766} INFO - DAG(s) dict_keys(['example_external_task_marker_parent', 'example_external_task_marker_child']) retrieved from /home/airflow/.local/lib/python3.7/site-packages/airflow/example_dags/example_external_task_marker_dag.py
[2023-12-21T16:41:34.768+0000] {logging_mixin.py:120} INFO - [2023-12-21T16:41:34.768+0000] {dag.py:2585} INFO - Sync 2 DAGs
[2023-12-21T16:41:34.795+0000] {logging_mixin.py:120} INFO - [2023-12-21T16:41:34.794+0000] {dag.py:3340} INFO - Setting next_dagrun for example_external_task_marker_child to None, run_after=None
[2023-12-21T16:41:34.797+0000] {logging_mixin.py:120} INFO - [2023-12-21T16:41:34.797+0000] {dag.py:3340} INFO - Setting next_dagrun for example_external_task_marker_parent to None, run_after=None
[2023-12-21T16:41:34.817+0000] {processor.py:176} INFO - Processing /home/airflow/.local/lib/python3.7/site-packages/airflow/example_dags/example_external_task_marker_dag.py took 0.256 seconds
[2023-12-21T16:42:05.225+0000] {processor.py:154} INFO - Started process (PID=774) to work on /home/airflow/.local/lib/python3.7/site-packages/airflow/example_dags/example_external_task_marker_dag.py
[2023-12-21T16:42:05.225+0000] {processor.py:756} INFO - Processing file /home/airflow/.local/lib/python3.7/site-packages/airflow/example_dags/example_external_task_marker_dag.py for tasks to queue
[2023-12-21T16:42:05.226+0000] {logging_mixin.py:120} INFO - [2023-12-21T16:42:05.226+0000] {dagbag.py:537} INFO - Filling up the DagBag from /home/airflow/.local/lib/python3.7/site-packages/airflow/example_dags/example_external_task_marker_dag.py
[2023-12-21T16:42:05.242+0000] {processor.py:766} INFO - DAG(s) dict_keys(['example_external_task_marker_parent', 'example_external_task_marker_child']) retrieved from /home/airflow/.local/lib/python3.7/site-packages/airflow/example_dags/example_external_task_marker_dag.py
[2023-12-21T16:42:05.446+0000] {logging_mixin.py:120} INFO - [2023-12-21T16:42:05.446+0000] {dag.py:2585} INFO - Sync 2 DAGs
[2023-12-21T16:42:05.474+0000] {logging_mixin.py:120} INFO - [2023-12-21T16:42:05.473+0000] {dag.py:3340} INFO - Setting next_dagrun for example_external_task_marker_child to None, run_after=None
[2023-12-21T16:42:05.478+0000] {logging_mixin.py:120} INFO - [2023-12-21T16:42:05.478+0000] {dag.py:3340} INFO - Setting next_dagrun for example_external_task_marker_parent to None, run_after=None
[2023-12-21T16:42:05.502+0000] {processor.py:176} INFO - Processing /home/airflow/.local/lib/python3.7/site-packages/airflow/example_dags/example_external_task_marker_dag.py took 0.280 seconds
[2023-12-21T16:42:36.053+0000] {processor.py:154} INFO - Started process (PID=828) to work on /home/airflow/.local/lib/python3.7/site-packages/airflow/example_dags/example_external_task_marker_dag.py
[2023-12-21T16:42:36.054+0000] {processor.py:756} INFO - Processing file /home/airflow/.local/lib/python3.7/site-packages/airflow/example_dags/example_external_task_marker_dag.py for tasks to queue
[2023-12-21T16:42:36.054+0000] {logging_mixin.py:120} INFO - [2023-12-21T16:42:36.054+0000] {dagbag.py:537} INFO - Filling up the DagBag from /home/airflow/.local/lib/python3.7/site-packages/airflow/example_dags/example_external_task_marker_dag.py
[2023-12-21T16:42:36.070+0000] {processor.py:766} INFO - DAG(s) dict_keys(['example_external_task_marker_parent', 'example_external_task_marker_child']) retrieved from /home/airflow/.local/lib/python3.7/site-packages/airflow/example_dags/example_external_task_marker_dag.py
[2023-12-21T16:42:36.295+0000] {logging_mixin.py:120} INFO - [2023-12-21T16:42:36.295+0000] {dag.py:2585} INFO - Sync 2 DAGs
[2023-12-21T16:42:36.325+0000] {logging_mixin.py:120} INFO - [2023-12-21T16:42:36.325+0000] {dag.py:3340} INFO - Setting next_dagrun for example_external_task_marker_child to None, run_after=None
[2023-12-21T16:42:36.329+0000] {logging_mixin.py:120} INFO - [2023-12-21T16:42:36.328+0000] {dag.py:3340} INFO - Setting next_dagrun for example_external_task_marker_parent to None, run_after=None
[2023-12-21T16:42:36.347+0000] {processor.py:176} INFO - Processing /home/airflow/.local/lib/python3.7/site-packages/airflow/example_dags/example_external_task_marker_dag.py took 0.297 seconds
[2023-12-21T16:43:06.868+0000] {processor.py:154} INFO - Started process (PID=891) to work on /home/airflow/.local/lib/python3.7/site-packages/airflow/example_dags/example_external_task_marker_dag.py
[2023-12-21T16:43:06.869+0000] {processor.py:756} INFO - Processing file /home/airflow/.local/lib/python3.7/site-packages/airflow/example_dags/example_external_task_marker_dag.py for tasks to queue
[2023-12-21T16:43:06.870+0000] {logging_mixin.py:120} INFO - [2023-12-21T16:43:06.870+0000] {dagbag.py:537} INFO - Filling up the DagBag from /home/airflow/.local/lib/python3.7/site-packages/airflow/example_dags/example_external_task_marker_dag.py
[2023-12-21T16:43:06.886+0000] {processor.py:766} INFO - DAG(s) dict_keys(['example_external_task_marker_child', 'example_external_task_marker_parent']) retrieved from /home/airflow/.local/lib/python3.7/site-packages/airflow/example_dags/example_external_task_marker_dag.py
[2023-12-21T16:43:07.083+0000] {logging_mixin.py:120} INFO - [2023-12-21T16:43:07.083+0000] {dag.py:2585} INFO - Sync 2 DAGs
[2023-12-21T16:43:07.117+0000] {logging_mixin.py:120} INFO - [2023-12-21T16:43:07.117+0000] {dag.py:3340} INFO - Setting next_dagrun for example_external_task_marker_child to None, run_after=None
[2023-12-21T16:43:07.121+0000] {logging_mixin.py:120} INFO - [2023-12-21T16:43:07.121+0000] {dag.py:3340} INFO - Setting next_dagrun for example_external_task_marker_parent to None, run_after=None
[2023-12-21T16:43:07.147+0000] {processor.py:176} INFO - Processing /home/airflow/.local/lib/python3.7/site-packages/airflow/example_dags/example_external_task_marker_dag.py took 0.282 seconds
[2023-12-21T16:43:37.423+0000] {processor.py:154} INFO - Started process (PID=954) to work on /home/airflow/.local/lib/python3.7/site-packages/airflow/example_dags/example_external_task_marker_dag.py
[2023-12-21T16:43:37.424+0000] {processor.py:756} INFO - Processing file /home/airflow/.local/lib/python3.7/site-packages/airflow/example_dags/example_external_task_marker_dag.py for tasks to queue
[2023-12-21T16:43:37.424+0000] {logging_mixin.py:120} INFO - [2023-12-21T16:43:37.424+0000] {dagbag.py:537} INFO - Filling up the DagBag from /home/airflow/.local/lib/python3.7/site-packages/airflow/example_dags/example_external_task_marker_dag.py
[2023-12-21T16:43:37.437+0000] {processor.py:766} INFO - DAG(s) dict_keys(['example_external_task_marker_parent', 'example_external_task_marker_child']) retrieved from /home/airflow/.local/lib/python3.7/site-packages/airflow/example_dags/example_external_task_marker_dag.py
[2023-12-21T16:43:37.639+0000] {logging_mixin.py:120} INFO - [2023-12-21T16:43:37.639+0000] {dag.py:2585} INFO - Sync 2 DAGs
[2023-12-21T16:43:37.666+0000] {logging_mixin.py:120} INFO - [2023-12-21T16:43:37.666+0000] {dag.py:3340} INFO - Setting next_dagrun for example_external_task_marker_child to None, run_after=None
[2023-12-21T16:43:37.669+0000] {logging_mixin.py:120} INFO - [2023-12-21T16:43:37.669+0000] {dag.py:3340} INFO - Setting next_dagrun for example_external_task_marker_parent to None, run_after=None
[2023-12-21T16:43:37.688+0000] {processor.py:176} INFO - Processing /home/airflow/.local/lib/python3.7/site-packages/airflow/example_dags/example_external_task_marker_dag.py took 0.267 seconds
[2023-12-21T16:44:08.067+0000] {processor.py:154} INFO - Started process (PID=1017) to work on /home/airflow/.local/lib/python3.7/site-packages/airflow/example_dags/example_external_task_marker_dag.py
[2023-12-21T16:44:08.068+0000] {processor.py:756} INFO - Processing file /home/airflow/.local/lib/python3.7/site-packages/airflow/example_dags/example_external_task_marker_dag.py for tasks to queue
[2023-12-21T16:44:08.069+0000] {logging_mixin.py:120} INFO - [2023-12-21T16:44:08.068+0000] {dagbag.py:537} INFO - Filling up the DagBag from /home/airflow/.local/lib/python3.7/site-packages/airflow/example_dags/example_external_task_marker_dag.py
[2023-12-21T16:44:08.084+0000] {processor.py:766} INFO - DAG(s) dict_keys(['example_external_task_marker_child', 'example_external_task_marker_parent']) retrieved from /home/airflow/.local/lib/python3.7/site-packages/airflow/example_dags/example_external_task_marker_dag.py
[2023-12-21T16:44:08.322+0000] {logging_mixin.py:120} INFO - [2023-12-21T16:44:08.322+0000] {dag.py:2585} INFO - Sync 2 DAGs
[2023-12-21T16:44:08.354+0000] {logging_mixin.py:120} INFO - [2023-12-21T16:44:08.354+0000] {dag.py:3340} INFO - Setting next_dagrun for example_external_task_marker_child to None, run_after=None
[2023-12-21T16:44:08.358+0000] {logging_mixin.py:120} INFO - [2023-12-21T16:44:08.358+0000] {dag.py:3340} INFO - Setting next_dagrun for example_external_task_marker_parent to None, run_after=None
[2023-12-21T16:44:08.401+0000] {processor.py:176} INFO - Processing /home/airflow/.local/lib/python3.7/site-packages/airflow/example_dags/example_external_task_marker_dag.py took 0.337 seconds
[2023-12-21T16:44:38.843+0000] {processor.py:154} INFO - Started process (PID=1071) to work on /home/airflow/.local/lib/python3.7/site-packages/airflow/example_dags/example_external_task_marker_dag.py
[2023-12-21T16:44:38.844+0000] {processor.py:756} INFO - Processing file /home/airflow/.local/lib/python3.7/site-packages/airflow/example_dags/example_external_task_marker_dag.py for tasks to queue
[2023-12-21T16:44:38.844+0000] {logging_mixin.py:120} INFO - [2023-12-21T16:44:38.844+0000] {dagbag.py:537} INFO - Filling up the DagBag from /home/airflow/.local/lib/python3.7/site-packages/airflow/example_dags/example_external_task_marker_dag.py
[2023-12-21T16:44:38.859+0000] {processor.py:766} INFO - DAG(s) dict_keys(['example_external_task_marker_child', 'example_external_task_marker_parent']) retrieved from /home/airflow/.local/lib/python3.7/site-packages/airflow/example_dags/example_external_task_marker_dag.py
[2023-12-21T16:44:39.046+0000] {logging_mixin.py:120} INFO - [2023-12-21T16:44:39.046+0000] {dag.py:2585} INFO - Sync 2 DAGs
[2023-12-21T16:44:39.076+0000] {logging_mixin.py:120} INFO - [2023-12-21T16:44:39.076+0000] {dag.py:3340} INFO - Setting next_dagrun for example_external_task_marker_child to None, run_after=None
[2023-12-21T16:44:39.079+0000] {logging_mixin.py:120} INFO - [2023-12-21T16:44:39.079+0000] {dag.py:3340} INFO - Setting next_dagrun for example_external_task_marker_parent to None, run_after=None
[2023-12-21T16:44:39.101+0000] {processor.py:176} INFO - Processing /home/airflow/.local/lib/python3.7/site-packages/airflow/example_dags/example_external_task_marker_dag.py took 0.261 seconds
[2023-12-21T16:45:09.712+0000] {processor.py:154} INFO - Started process (PID=1135) to work on /home/airflow/.local/lib/python3.7/site-packages/airflow/example_dags/example_external_task_marker_dag.py
[2023-12-21T16:45:09.712+0000] {processor.py:756} INFO - Processing file /home/airflow/.local/lib/python3.7/site-packages/airflow/example_dags/example_external_task_marker_dag.py for tasks to queue
[2023-12-21T16:45:09.713+0000] {logging_mixin.py:120} INFO - [2023-12-21T16:45:09.713+0000] {dagbag.py:537} INFO - Filling up the DagBag from /home/airflow/.local/lib/python3.7/site-packages/airflow/example_dags/example_external_task_marker_dag.py
[2023-12-21T16:45:09.725+0000] {processor.py:766} INFO - DAG(s) dict_keys(['example_external_task_marker_child', 'example_external_task_marker_parent']) retrieved from /home/airflow/.local/lib/python3.7/site-packages/airflow/example_dags/example_external_task_marker_dag.py
[2023-12-21T16:45:09.926+0000] {logging_mixin.py:120} INFO - [2023-12-21T16:45:09.926+0000] {dag.py:2585} INFO - Sync 2 DAGs
[2023-12-21T16:45:09.954+0000] {logging_mixin.py:120} INFO - [2023-12-21T16:45:09.954+0000] {dag.py:3340} INFO - Setting next_dagrun for example_external_task_marker_child to None, run_after=None
[2023-12-21T16:45:09.957+0000] {logging_mixin.py:120} INFO - [2023-12-21T16:45:09.957+0000] {dag.py:3340} INFO - Setting next_dagrun for example_external_task_marker_parent to None, run_after=None
[2023-12-21T16:45:09.978+0000] {processor.py:176} INFO - Processing /home/airflow/.local/lib/python3.7/site-packages/airflow/example_dags/example_external_task_marker_dag.py took 0.269 seconds
[2023-12-21T16:45:40.536+0000] {processor.py:154} INFO - Started process (PID=1197) to work on /home/airflow/.local/lib/python3.7/site-packages/airflow/example_dags/example_external_task_marker_dag.py
[2023-12-21T16:45:40.537+0000] {processor.py:756} INFO - Processing file /home/airflow/.local/lib/python3.7/site-packages/airflow/example_dags/example_external_task_marker_dag.py for tasks to queue
[2023-12-21T16:45:40.537+0000] {logging_mixin.py:120} INFO - [2023-12-21T16:45:40.537+0000] {dagbag.py:537} INFO - Filling up the DagBag from /home/airflow/.local/lib/python3.7/site-packages/airflow/example_dags/example_external_task_marker_dag.py
[2023-12-21T16:45:40.550+0000] {processor.py:766} INFO - DAG(s) dict_keys(['example_external_task_marker_parent', 'example_external_task_marker_child']) retrieved from /home/airflow/.local/lib/python3.7/site-packages/airflow/example_dags/example_external_task_marker_dag.py
[2023-12-21T16:45:40.757+0000] {logging_mixin.py:120} INFO - [2023-12-21T16:45:40.757+0000] {dag.py:2585} INFO - Sync 2 DAGs
[2023-12-21T16:45:40.784+0000] {logging_mixin.py:120} INFO - [2023-12-21T16:45:40.784+0000] {dag.py:3340} INFO - Setting next_dagrun for example_external_task_marker_child to None, run_after=None
[2023-12-21T16:45:40.788+0000] {logging_mixin.py:120} INFO - [2023-12-21T16:45:40.787+0000] {dag.py:3340} INFO - Setting next_dagrun for example_external_task_marker_parent to None, run_after=None
[2023-12-21T16:45:40.809+0000] {processor.py:176} INFO - Processing /home/airflow/.local/lib/python3.7/site-packages/airflow/example_dags/example_external_task_marker_dag.py took 0.276 seconds
[2023-12-21T16:46:11.245+0000] {processor.py:154} INFO - Started process (PID=1251) to work on /home/airflow/.local/lib/python3.7/site-packages/airflow/example_dags/example_external_task_marker_dag.py
[2023-12-21T16:46:11.246+0000] {processor.py:756} INFO - Processing file /home/airflow/.local/lib/python3.7/site-packages/airflow/example_dags/example_external_task_marker_dag.py for tasks to queue
[2023-12-21T16:46:11.247+0000] {logging_mixin.py:120} INFO - [2023-12-21T16:46:11.247+0000] {dagbag.py:537} INFO - Filling up the DagBag from /home/airflow/.local/lib/python3.7/site-packages/airflow/example_dags/example_external_task_marker_dag.py
[2023-12-21T16:46:11.263+0000] {processor.py:766} INFO - DAG(s) dict_keys(['example_external_task_marker_child', 'example_external_task_marker_parent']) retrieved from /home/airflow/.local/lib/python3.7/site-packages/airflow/example_dags/example_external_task_marker_dag.py
[2023-12-21T16:46:11.473+0000] {logging_mixin.py:120} INFO - [2023-12-21T16:46:11.473+0000] {dag.py:2585} INFO - Sync 2 DAGs
[2023-12-21T16:46:11.494+0000] {logging_mixin.py:120} INFO - [2023-12-21T16:46:11.494+0000] {dag.py:3340} INFO - Setting next_dagrun for example_external_task_marker_child to None, run_after=None
[2023-12-21T16:46:11.497+0000] {logging_mixin.py:120} INFO - [2023-12-21T16:46:11.497+0000] {dag.py:3340} INFO - Setting next_dagrun for example_external_task_marker_parent to None, run_after=None
[2023-12-21T16:46:11.516+0000] {processor.py:176} INFO - Processing /home/airflow/.local/lib/python3.7/site-packages/airflow/example_dags/example_external_task_marker_dag.py took 0.275 seconds
[2023-12-21T16:46:41.884+0000] {processor.py:154} INFO - Started process (PID=1314) to work on /home/airflow/.local/lib/python3.7/site-packages/airflow/example_dags/example_external_task_marker_dag.py
[2023-12-21T16:46:41.884+0000] {processor.py:756} INFO - Processing file /home/airflow/.local/lib/python3.7/site-packages/airflow/example_dags/example_external_task_marker_dag.py for tasks to queue
[2023-12-21T16:46:41.885+0000] {logging_mixin.py:120} INFO - [2023-12-21T16:46:41.885+0000] {dagbag.py:537} INFO - Filling up the DagBag from /home/airflow/.local/lib/python3.7/site-packages/airflow/example_dags/example_external_task_marker_dag.py
[2023-12-21T16:46:41.897+0000] {processor.py:766} INFO - DAG(s) dict_keys(['example_external_task_marker_parent', 'example_external_task_marker_child']) retrieved from /home/airflow/.local/lib/python3.7/site-packages/airflow/example_dags/example_external_task_marker_dag.py
[2023-12-21T16:46:42.076+0000] {logging_mixin.py:120} INFO - [2023-12-21T16:46:42.075+0000] {dag.py:2585} INFO - Sync 2 DAGs
[2023-12-21T16:46:42.100+0000] {logging_mixin.py:120} INFO - [2023-12-21T16:46:42.100+0000] {dag.py:3340} INFO - Setting next_dagrun for example_external_task_marker_child to None, run_after=None
[2023-12-21T16:46:42.103+0000] {logging_mixin.py:120} INFO - [2023-12-21T16:46:42.103+0000] {dag.py:3340} INFO - Setting next_dagrun for example_external_task_marker_parent to None, run_after=None
[2023-12-21T16:46:42.123+0000] {processor.py:176} INFO - Processing /home/airflow/.local/lib/python3.7/site-packages/airflow/example_dags/example_external_task_marker_dag.py took 0.242 seconds
[2023-12-21T16:47:12.156+0000] {processor.py:154} INFO - Started process (PID=1377) to work on /home/airflow/.local/lib/python3.7/site-packages/airflow/example_dags/example_external_task_marker_dag.py
[2023-12-21T16:47:12.156+0000] {processor.py:756} INFO - Processing file /home/airflow/.local/lib/python3.7/site-packages/airflow/example_dags/example_external_task_marker_dag.py for tasks to queue
[2023-12-21T16:47:12.157+0000] {logging_mixin.py:120} INFO - [2023-12-21T16:47:12.157+0000] {dagbag.py:537} INFO - Filling up the DagBag from /home/airflow/.local/lib/python3.7/site-packages/airflow/example_dags/example_external_task_marker_dag.py
[2023-12-21T16:47:12.169+0000] {processor.py:766} INFO - DAG(s) dict_keys(['example_external_task_marker_child', 'example_external_task_marker_parent']) retrieved from /home/airflow/.local/lib/python3.7/site-packages/airflow/example_dags/example_external_task_marker_dag.py
[2023-12-21T16:47:12.342+0000] {logging_mixin.py:120} INFO - [2023-12-21T16:47:12.342+0000] {dag.py:2585} INFO - Sync 2 DAGs
[2023-12-21T16:47:12.366+0000] {logging_mixin.py:120} INFO - [2023-12-21T16:47:12.366+0000] {dag.py:3340} INFO - Setting next_dagrun for example_external_task_marker_child to None, run_after=None
[2023-12-21T16:47:12.370+0000] {logging_mixin.py:120} INFO - [2023-12-21T16:47:12.370+0000] {dag.py:3340} INFO - Setting next_dagrun for example_external_task_marker_parent to None, run_after=None
[2023-12-21T16:47:12.389+0000] {processor.py:176} INFO - Processing /home/airflow/.local/lib/python3.7/site-packages/airflow/example_dags/example_external_task_marker_dag.py took 0.236 seconds
[2023-12-21T16:47:42.531+0000] {processor.py:154} INFO - Started process (PID=1440) to work on /home/airflow/.local/lib/python3.7/site-packages/airflow/example_dags/example_external_task_marker_dag.py
[2023-12-21T16:47:42.532+0000] {processor.py:756} INFO - Processing file /home/airflow/.local/lib/python3.7/site-packages/airflow/example_dags/example_external_task_marker_dag.py for tasks to queue
[2023-12-21T16:47:42.533+0000] {logging_mixin.py:120} INFO - [2023-12-21T16:47:42.532+0000] {dagbag.py:537} INFO - Filling up the DagBag from /home/airflow/.local/lib/python3.7/site-packages/airflow/example_dags/example_external_task_marker_dag.py
[2023-12-21T16:47:42.551+0000] {processor.py:766} INFO - DAG(s) dict_keys(['example_external_task_marker_child', 'example_external_task_marker_parent']) retrieved from /home/airflow/.local/lib/python3.7/site-packages/airflow/example_dags/example_external_task_marker_dag.py
[2023-12-21T16:47:42.734+0000] {logging_mixin.py:120} INFO - [2023-12-21T16:47:42.734+0000] {dag.py:2585} INFO - Sync 2 DAGs
[2023-12-21T16:47:42.755+0000] {logging_mixin.py:120} INFO - [2023-12-21T16:47:42.754+0000] {dag.py:3340} INFO - Setting next_dagrun for example_external_task_marker_child to None, run_after=None
[2023-12-21T16:47:42.757+0000] {logging_mixin.py:120} INFO - [2023-12-21T16:47:42.757+0000] {dag.py:3340} INFO - Setting next_dagrun for example_external_task_marker_parent to None, run_after=None
[2023-12-21T16:47:42.778+0000] {processor.py:176} INFO - Processing /home/airflow/.local/lib/python3.7/site-packages/airflow/example_dags/example_external_task_marker_dag.py took 0.250 seconds
