[2023-12-21T16:36:01.361+0000] {processor.py:154} INFO - Started process (PID=61) to work on /home/airflow/.local/lib/python3.7/site-packages/airflow/example_dags/example_task_group.py
[2023-12-21T16:36:01.362+0000] {processor.py:756} INFO - Processing file /home/airflow/.local/lib/python3.7/site-packages/airflow/example_dags/example_task_group.py for tasks to queue
[2023-12-21T16:36:01.362+0000] {logging_mixin.py:120} INFO - [2023-12-21T16:36:01.362+0000] {dagbag.py:537} INFO - Filling up the DagBag from /home/airflow/.local/lib/python3.7/site-packages/airflow/example_dags/example_task_group.py
[2023-12-21T16:36:01.389+0000] {processor.py:766} INFO - DAG(s) dict_keys(['example_task_group']) retrieved from /home/airflow/.local/lib/python3.7/site-packages/airflow/example_dags/example_task_group.py
[2023-12-21T16:36:01.592+0000] {logging_mixin.py:120} INFO - [2023-12-21T16:36:01.592+0000] {manager.py:507} INFO - Created Permission View: can read on DAG:example_task_group
[2023-12-21T16:36:01.615+0000] {logging_mixin.py:120} INFO - [2023-12-21T16:36:01.615+0000] {manager.py:507} INFO - Created Permission View: can delete on DAG:example_task_group
[2023-12-21T16:36:01.628+0000] {logging_mixin.py:120} INFO - [2023-12-21T16:36:01.628+0000] {manager.py:507} INFO - Created Permission View: can edit on DAG:example_task_group
[2023-12-21T16:36:01.629+0000] {logging_mixin.py:120} INFO - [2023-12-21T16:36:01.629+0000] {dag.py:2585} INFO - Sync 1 DAGs
[2023-12-21T16:36:01.652+0000] {logging_mixin.py:120} INFO - [2023-12-21T16:36:01.652+0000] {dag.py:2606} INFO - Creating ORM DAG for example_task_group
[2023-12-21T16:36:01.694+0000] {logging_mixin.py:120} INFO - [2023-12-21T16:36:01.693+0000] {dag.py:3340} INFO - Setting next_dagrun for example_task_group to 2023-12-20T16:36:01.693583+00:00, run_after=2023-12-21T16:36:01.693583+00:00
[2023-12-21T16:36:01.750+0000] {processor.py:176} INFO - Processing /home/airflow/.local/lib/python3.7/site-packages/airflow/example_dags/example_task_group.py took 0.395 seconds
[2023-12-21T16:36:32.009+0000] {processor.py:154} INFO - Started process (PID=124) to work on /home/airflow/.local/lib/python3.7/site-packages/airflow/example_dags/example_task_group.py
[2023-12-21T16:36:32.010+0000] {processor.py:756} INFO - Processing file /home/airflow/.local/lib/python3.7/site-packages/airflow/example_dags/example_task_group.py for tasks to queue
[2023-12-21T16:36:32.010+0000] {logging_mixin.py:120} INFO - [2023-12-21T16:36:32.010+0000] {dagbag.py:537} INFO - Filling up the DagBag from /home/airflow/.local/lib/python3.7/site-packages/airflow/example_dags/example_task_group.py
[2023-12-21T16:36:32.026+0000] {processor.py:766} INFO - DAG(s) dict_keys(['example_task_group']) retrieved from /home/airflow/.local/lib/python3.7/site-packages/airflow/example_dags/example_task_group.py
[2023-12-21T16:36:32.062+0000] {logging_mixin.py:120} INFO - [2023-12-21T16:36:32.061+0000] {dag.py:2585} INFO - Sync 1 DAGs
[2023-12-21T16:36:32.081+0000] {logging_mixin.py:120} INFO - [2023-12-21T16:36:32.081+0000] {dag.py:3340} INFO - Setting next_dagrun for example_task_group to 2023-12-20T16:36:32.080915+00:00, run_after=2023-12-21T16:36:32.080915+00:00
[2023-12-21T16:36:32.103+0000] {processor.py:176} INFO - Processing /home/airflow/.local/lib/python3.7/site-packages/airflow/example_dags/example_task_group.py took 0.097 seconds
[2023-12-21T16:37:02.754+0000] {processor.py:154} INFO - Started process (PID=179) to work on /home/airflow/.local/lib/python3.7/site-packages/airflow/example_dags/example_task_group.py
[2023-12-21T16:37:02.755+0000] {processor.py:756} INFO - Processing file /home/airflow/.local/lib/python3.7/site-packages/airflow/example_dags/example_task_group.py for tasks to queue
[2023-12-21T16:37:02.755+0000] {logging_mixin.py:120} INFO - [2023-12-21T16:37:02.755+0000] {dagbag.py:537} INFO - Filling up the DagBag from /home/airflow/.local/lib/python3.7/site-packages/airflow/example_dags/example_task_group.py
[2023-12-21T16:37:02.771+0000] {processor.py:766} INFO - DAG(s) dict_keys(['example_task_group']) retrieved from /home/airflow/.local/lib/python3.7/site-packages/airflow/example_dags/example_task_group.py
[2023-12-21T16:37:02.808+0000] {logging_mixin.py:120} INFO - [2023-12-21T16:37:02.807+0000] {dag.py:2585} INFO - Sync 1 DAGs
[2023-12-21T16:37:02.829+0000] {logging_mixin.py:120} INFO - [2023-12-21T16:37:02.828+0000] {dag.py:3340} INFO - Setting next_dagrun for example_task_group to 2023-12-20T16:37:02.828738+00:00, run_after=2023-12-21T16:37:02.828738+00:00
[2023-12-21T16:37:02.849+0000] {processor.py:176} INFO - Processing /home/airflow/.local/lib/python3.7/site-packages/airflow/example_dags/example_task_group.py took 0.098 seconds
[2023-12-21T16:37:33.485+0000] {processor.py:154} INFO - Started process (PID=242) to work on /home/airflow/.local/lib/python3.7/site-packages/airflow/example_dags/example_task_group.py
[2023-12-21T16:37:33.486+0000] {processor.py:756} INFO - Processing file /home/airflow/.local/lib/python3.7/site-packages/airflow/example_dags/example_task_group.py for tasks to queue
[2023-12-21T16:37:33.486+0000] {logging_mixin.py:120} INFO - [2023-12-21T16:37:33.486+0000] {dagbag.py:537} INFO - Filling up the DagBag from /home/airflow/.local/lib/python3.7/site-packages/airflow/example_dags/example_task_group.py
[2023-12-21T16:37:33.501+0000] {processor.py:766} INFO - DAG(s) dict_keys(['example_task_group']) retrieved from /home/airflow/.local/lib/python3.7/site-packages/airflow/example_dags/example_task_group.py
[2023-12-21T16:37:33.536+0000] {logging_mixin.py:120} INFO - [2023-12-21T16:37:33.535+0000] {dag.py:2585} INFO - Sync 1 DAGs
[2023-12-21T16:37:33.556+0000] {logging_mixin.py:120} INFO - [2023-12-21T16:37:33.556+0000] {dag.py:3340} INFO - Setting next_dagrun for example_task_group to 2023-12-20T16:37:33.556587+00:00, run_after=2023-12-21T16:37:33.556587+00:00
[2023-12-21T16:37:33.577+0000] {processor.py:176} INFO - Processing /home/airflow/.local/lib/python3.7/site-packages/airflow/example_dags/example_task_group.py took 0.094 seconds
[2023-12-21T16:38:04.211+0000] {processor.py:154} INFO - Started process (PID=306) to work on /home/airflow/.local/lib/python3.7/site-packages/airflow/example_dags/example_task_group.py
[2023-12-21T16:38:04.212+0000] {processor.py:756} INFO - Processing file /home/airflow/.local/lib/python3.7/site-packages/airflow/example_dags/example_task_group.py for tasks to queue
[2023-12-21T16:38:04.212+0000] {logging_mixin.py:120} INFO - [2023-12-21T16:38:04.212+0000] {dagbag.py:537} INFO - Filling up the DagBag from /home/airflow/.local/lib/python3.7/site-packages/airflow/example_dags/example_task_group.py
[2023-12-21T16:38:04.227+0000] {processor.py:766} INFO - DAG(s) dict_keys(['example_task_group']) retrieved from /home/airflow/.local/lib/python3.7/site-packages/airflow/example_dags/example_task_group.py
[2023-12-21T16:38:04.261+0000] {logging_mixin.py:120} INFO - [2023-12-21T16:38:04.261+0000] {dag.py:2585} INFO - Sync 1 DAGs
[2023-12-21T16:38:04.281+0000] {logging_mixin.py:120} INFO - [2023-12-21T16:38:04.280+0000] {dag.py:3340} INFO - Setting next_dagrun for example_task_group to 2023-12-20T16:38:04.280773+00:00, run_after=2023-12-21T16:38:04.280773+00:00
[2023-12-21T16:38:04.301+0000] {processor.py:176} INFO - Processing /home/airflow/.local/lib/python3.7/site-packages/airflow/example_dags/example_task_group.py took 0.093 seconds
[2023-12-21T16:38:34.567+0000] {processor.py:154} INFO - Started process (PID=369) to work on /home/airflow/.local/lib/python3.7/site-packages/airflow/example_dags/example_task_group.py
[2023-12-21T16:38:34.567+0000] {processor.py:756} INFO - Processing file /home/airflow/.local/lib/python3.7/site-packages/airflow/example_dags/example_task_group.py for tasks to queue
[2023-12-21T16:38:34.568+0000] {logging_mixin.py:120} INFO - [2023-12-21T16:38:34.568+0000] {dagbag.py:537} INFO - Filling up the DagBag from /home/airflow/.local/lib/python3.7/site-packages/airflow/example_dags/example_task_group.py
[2023-12-21T16:38:34.588+0000] {processor.py:766} INFO - DAG(s) dict_keys(['example_task_group']) retrieved from /home/airflow/.local/lib/python3.7/site-packages/airflow/example_dags/example_task_group.py
[2023-12-21T16:38:34.646+0000] {logging_mixin.py:120} INFO - [2023-12-21T16:38:34.645+0000] {dag.py:2585} INFO - Sync 1 DAGs
[2023-12-21T16:38:34.682+0000] {logging_mixin.py:120} INFO - [2023-12-21T16:38:34.681+0000] {dag.py:3340} INFO - Setting next_dagrun for example_task_group to 2023-12-20T16:38:34.681533+00:00, run_after=2023-12-21T16:38:34.681533+00:00
[2023-12-21T16:38:34.711+0000] {processor.py:176} INFO - Processing /home/airflow/.local/lib/python3.7/site-packages/airflow/example_dags/example_task_group.py took 0.147 seconds
[2023-12-21T16:39:05.584+0000] {processor.py:154} INFO - Started process (PID=423) to work on /home/airflow/.local/lib/python3.7/site-packages/airflow/example_dags/example_task_group.py
[2023-12-21T16:39:05.585+0000] {processor.py:756} INFO - Processing file /home/airflow/.local/lib/python3.7/site-packages/airflow/example_dags/example_task_group.py for tasks to queue
[2023-12-21T16:39:05.586+0000] {logging_mixin.py:120} INFO - [2023-12-21T16:39:05.586+0000] {dagbag.py:537} INFO - Filling up the DagBag from /home/airflow/.local/lib/python3.7/site-packages/airflow/example_dags/example_task_group.py
[2023-12-21T16:39:05.602+0000] {processor.py:766} INFO - DAG(s) dict_keys(['example_task_group']) retrieved from /home/airflow/.local/lib/python3.7/site-packages/airflow/example_dags/example_task_group.py
[2023-12-21T16:39:05.634+0000] {logging_mixin.py:120} INFO - [2023-12-21T16:39:05.634+0000] {dag.py:2585} INFO - Sync 1 DAGs
[2023-12-21T16:39:05.656+0000] {logging_mixin.py:120} INFO - [2023-12-21T16:39:05.655+0000] {dag.py:3340} INFO - Setting next_dagrun for example_task_group to 2023-12-20T16:39:05.655629+00:00, run_after=2023-12-21T16:39:05.655629+00:00
[2023-12-21T16:39:05.676+0000] {processor.py:176} INFO - Processing /home/airflow/.local/lib/python3.7/site-packages/airflow/example_dags/example_task_group.py took 0.094 seconds
[2023-12-21T16:39:36.359+0000] {processor.py:154} INFO - Started process (PID=486) to work on /home/airflow/.local/lib/python3.7/site-packages/airflow/example_dags/example_task_group.py
[2023-12-21T16:39:36.360+0000] {processor.py:756} INFO - Processing file /home/airflow/.local/lib/python3.7/site-packages/airflow/example_dags/example_task_group.py for tasks to queue
[2023-12-21T16:39:36.360+0000] {logging_mixin.py:120} INFO - [2023-12-21T16:39:36.360+0000] {dagbag.py:537} INFO - Filling up the DagBag from /home/airflow/.local/lib/python3.7/site-packages/airflow/example_dags/example_task_group.py
[2023-12-21T16:39:36.377+0000] {processor.py:766} INFO - DAG(s) dict_keys(['example_task_group']) retrieved from /home/airflow/.local/lib/python3.7/site-packages/airflow/example_dags/example_task_group.py
[2023-12-21T16:39:36.412+0000] {logging_mixin.py:120} INFO - [2023-12-21T16:39:36.412+0000] {dag.py:2585} INFO - Sync 1 DAGs
[2023-12-21T16:39:36.431+0000] {logging_mixin.py:120} INFO - [2023-12-21T16:39:36.431+0000] {dag.py:3340} INFO - Setting next_dagrun for example_task_group to 2023-12-20T16:39:36.431720+00:00, run_after=2023-12-21T16:39:36.431720+00:00
[2023-12-21T16:39:36.451+0000] {processor.py:176} INFO - Processing /home/airflow/.local/lib/python3.7/site-packages/airflow/example_dags/example_task_group.py took 0.095 seconds
[2023-12-21T16:40:06.864+0000] {processor.py:154} INFO - Started process (PID=549) to work on /home/airflow/.local/lib/python3.7/site-packages/airflow/example_dags/example_task_group.py
[2023-12-21T16:40:06.865+0000] {processor.py:756} INFO - Processing file /home/airflow/.local/lib/python3.7/site-packages/airflow/example_dags/example_task_group.py for tasks to queue
[2023-12-21T16:40:06.866+0000] {logging_mixin.py:120} INFO - [2023-12-21T16:40:06.865+0000] {dagbag.py:537} INFO - Filling up the DagBag from /home/airflow/.local/lib/python3.7/site-packages/airflow/example_dags/example_task_group.py
[2023-12-21T16:40:06.879+0000] {processor.py:766} INFO - DAG(s) dict_keys(['example_task_group']) retrieved from /home/airflow/.local/lib/python3.7/site-packages/airflow/example_dags/example_task_group.py
[2023-12-21T16:40:06.911+0000] {logging_mixin.py:120} INFO - [2023-12-21T16:40:06.911+0000] {dag.py:2585} INFO - Sync 1 DAGs
[2023-12-21T16:40:06.931+0000] {logging_mixin.py:120} INFO - [2023-12-21T16:40:06.931+0000] {dag.py:3340} INFO - Setting next_dagrun for example_task_group to 2023-12-20T16:40:06.931031+00:00, run_after=2023-12-21T16:40:06.931031+00:00
[2023-12-21T16:40:06.951+0000] {processor.py:176} INFO - Processing /home/airflow/.local/lib/python3.7/site-packages/airflow/example_dags/example_task_group.py took 0.090 seconds
[2023-12-21T16:40:37.662+0000] {processor.py:154} INFO - Started process (PID=612) to work on /home/airflow/.local/lib/python3.7/site-packages/airflow/example_dags/example_task_group.py
[2023-12-21T16:40:37.663+0000] {processor.py:756} INFO - Processing file /home/airflow/.local/lib/python3.7/site-packages/airflow/example_dags/example_task_group.py for tasks to queue
[2023-12-21T16:40:37.663+0000] {logging_mixin.py:120} INFO - [2023-12-21T16:40:37.663+0000] {dagbag.py:537} INFO - Filling up the DagBag from /home/airflow/.local/lib/python3.7/site-packages/airflow/example_dags/example_task_group.py
[2023-12-21T16:40:37.677+0000] {processor.py:766} INFO - DAG(s) dict_keys(['example_task_group']) retrieved from /home/airflow/.local/lib/python3.7/site-packages/airflow/example_dags/example_task_group.py
[2023-12-21T16:40:37.709+0000] {logging_mixin.py:120} INFO - [2023-12-21T16:40:37.709+0000] {dag.py:2585} INFO - Sync 1 DAGs
[2023-12-21T16:40:37.728+0000] {logging_mixin.py:120} INFO - [2023-12-21T16:40:37.728+0000] {dag.py:3340} INFO - Setting next_dagrun for example_task_group to 2023-12-20T16:40:37.728392+00:00, run_after=2023-12-21T16:40:37.728392+00:00
[2023-12-21T16:40:37.748+0000] {processor.py:176} INFO - Processing /home/airflow/.local/lib/python3.7/site-packages/airflow/example_dags/example_task_group.py took 0.089 seconds
[2023-12-21T16:41:08.402+0000] {processor.py:154} INFO - Started process (PID=666) to work on /home/airflow/.local/lib/python3.7/site-packages/airflow/example_dags/example_task_group.py
[2023-12-21T16:41:08.402+0000] {processor.py:756} INFO - Processing file /home/airflow/.local/lib/python3.7/site-packages/airflow/example_dags/example_task_group.py for tasks to queue
[2023-12-21T16:41:08.403+0000] {logging_mixin.py:120} INFO - [2023-12-21T16:41:08.403+0000] {dagbag.py:537} INFO - Filling up the DagBag from /home/airflow/.local/lib/python3.7/site-packages/airflow/example_dags/example_task_group.py
[2023-12-21T16:41:08.418+0000] {processor.py:766} INFO - DAG(s) dict_keys(['example_task_group']) retrieved from /home/airflow/.local/lib/python3.7/site-packages/airflow/example_dags/example_task_group.py
[2023-12-21T16:41:08.449+0000] {logging_mixin.py:120} INFO - [2023-12-21T16:41:08.449+0000] {dag.py:2585} INFO - Sync 1 DAGs
[2023-12-21T16:41:08.469+0000] {logging_mixin.py:120} INFO - [2023-12-21T16:41:08.469+0000] {dag.py:3340} INFO - Setting next_dagrun for example_task_group to 2023-12-20T16:41:08.469159+00:00, run_after=2023-12-21T16:41:08.469159+00:00
[2023-12-21T16:41:08.489+0000] {processor.py:176} INFO - Processing /home/airflow/.local/lib/python3.7/site-packages/airflow/example_dags/example_task_group.py took 0.090 seconds
[2023-12-21T16:41:39.037+0000] {processor.py:154} INFO - Started process (PID=729) to work on /home/airflow/.local/lib/python3.7/site-packages/airflow/example_dags/example_task_group.py
[2023-12-21T16:41:39.037+0000] {processor.py:756} INFO - Processing file /home/airflow/.local/lib/python3.7/site-packages/airflow/example_dags/example_task_group.py for tasks to queue
[2023-12-21T16:41:39.038+0000] {logging_mixin.py:120} INFO - [2023-12-21T16:41:39.037+0000] {dagbag.py:537} INFO - Filling up the DagBag from /home/airflow/.local/lib/python3.7/site-packages/airflow/example_dags/example_task_group.py
[2023-12-21T16:41:39.053+0000] {processor.py:766} INFO - DAG(s) dict_keys(['example_task_group']) retrieved from /home/airflow/.local/lib/python3.7/site-packages/airflow/example_dags/example_task_group.py
[2023-12-21T16:41:39.085+0000] {logging_mixin.py:120} INFO - [2023-12-21T16:41:39.084+0000] {dag.py:2585} INFO - Sync 1 DAGs
[2023-12-21T16:41:39.105+0000] {logging_mixin.py:120} INFO - [2023-12-21T16:41:39.104+0000] {dag.py:3340} INFO - Setting next_dagrun for example_task_group to 2023-12-20T16:41:39.104785+00:00, run_after=2023-12-21T16:41:39.104785+00:00
[2023-12-21T16:41:39.124+0000] {processor.py:176} INFO - Processing /home/airflow/.local/lib/python3.7/site-packages/airflow/example_dags/example_task_group.py took 0.090 seconds
[2023-12-21T16:42:09.771+0000] {processor.py:154} INFO - Started process (PID=793) to work on /home/airflow/.local/lib/python3.7/site-packages/airflow/example_dags/example_task_group.py
[2023-12-21T16:42:09.772+0000] {processor.py:756} INFO - Processing file /home/airflow/.local/lib/python3.7/site-packages/airflow/example_dags/example_task_group.py for tasks to queue
[2023-12-21T16:42:09.772+0000] {logging_mixin.py:120} INFO - [2023-12-21T16:42:09.772+0000] {dagbag.py:537} INFO - Filling up the DagBag from /home/airflow/.local/lib/python3.7/site-packages/airflow/example_dags/example_task_group.py
[2023-12-21T16:42:09.788+0000] {processor.py:766} INFO - DAG(s) dict_keys(['example_task_group']) retrieved from /home/airflow/.local/lib/python3.7/site-packages/airflow/example_dags/example_task_group.py
[2023-12-21T16:42:09.832+0000] {logging_mixin.py:120} INFO - [2023-12-21T16:42:09.832+0000] {dag.py:2585} INFO - Sync 1 DAGs
[2023-12-21T16:42:09.855+0000] {logging_mixin.py:120} INFO - [2023-12-21T16:42:09.855+0000] {dag.py:3340} INFO - Setting next_dagrun for example_task_group to 2023-12-20T16:42:09.855328+00:00, run_after=2023-12-21T16:42:09.855328+00:00
[2023-12-21T16:42:09.878+0000] {processor.py:176} INFO - Processing /home/airflow/.local/lib/python3.7/site-packages/airflow/example_dags/example_task_group.py took 0.109 seconds
[2023-12-21T16:42:40.654+0000] {processor.py:154} INFO - Started process (PID=856) to work on /home/airflow/.local/lib/python3.7/site-packages/airflow/example_dags/example_task_group.py
[2023-12-21T16:42:40.654+0000] {processor.py:756} INFO - Processing file /home/airflow/.local/lib/python3.7/site-packages/airflow/example_dags/example_task_group.py for tasks to queue
[2023-12-21T16:42:40.655+0000] {logging_mixin.py:120} INFO - [2023-12-21T16:42:40.655+0000] {dagbag.py:537} INFO - Filling up the DagBag from /home/airflow/.local/lib/python3.7/site-packages/airflow/example_dags/example_task_group.py
[2023-12-21T16:42:40.669+0000] {processor.py:766} INFO - DAG(s) dict_keys(['example_task_group']) retrieved from /home/airflow/.local/lib/python3.7/site-packages/airflow/example_dags/example_task_group.py
[2023-12-21T16:42:40.703+0000] {logging_mixin.py:120} INFO - [2023-12-21T16:42:40.703+0000] {dag.py:2585} INFO - Sync 1 DAGs
[2023-12-21T16:42:40.724+0000] {logging_mixin.py:120} INFO - [2023-12-21T16:42:40.724+0000] {dag.py:3340} INFO - Setting next_dagrun for example_task_group to 2023-12-20T16:42:40.724453+00:00, run_after=2023-12-21T16:42:40.724453+00:00
[2023-12-21T16:42:40.746+0000] {processor.py:176} INFO - Processing /home/airflow/.local/lib/python3.7/site-packages/airflow/example_dags/example_task_group.py took 0.095 seconds
[2023-12-21T16:43:11.381+0000] {processor.py:154} INFO - Started process (PID=910) to work on /home/airflow/.local/lib/python3.7/site-packages/airflow/example_dags/example_task_group.py
[2023-12-21T16:43:11.382+0000] {processor.py:756} INFO - Processing file /home/airflow/.local/lib/python3.7/site-packages/airflow/example_dags/example_task_group.py for tasks to queue
[2023-12-21T16:43:11.383+0000] {logging_mixin.py:120} INFO - [2023-12-21T16:43:11.383+0000] {dagbag.py:537} INFO - Filling up the DagBag from /home/airflow/.local/lib/python3.7/site-packages/airflow/example_dags/example_task_group.py
[2023-12-21T16:43:11.396+0000] {processor.py:766} INFO - DAG(s) dict_keys(['example_task_group']) retrieved from /home/airflow/.local/lib/python3.7/site-packages/airflow/example_dags/example_task_group.py
[2023-12-21T16:43:11.430+0000] {logging_mixin.py:120} INFO - [2023-12-21T16:43:11.429+0000] {dag.py:2585} INFO - Sync 1 DAGs
[2023-12-21T16:43:11.450+0000] {logging_mixin.py:120} INFO - [2023-12-21T16:43:11.450+0000] {dag.py:3340} INFO - Setting next_dagrun for example_task_group to 2023-12-20T16:43:11.450509+00:00, run_after=2023-12-21T16:43:11.450509+00:00
[2023-12-21T16:43:11.473+0000] {processor.py:176} INFO - Processing /home/airflow/.local/lib/python3.7/site-packages/airflow/example_dags/example_task_group.py took 0.094 seconds
[2023-12-21T16:43:41.890+0000] {processor.py:154} INFO - Started process (PID=973) to work on /home/airflow/.local/lib/python3.7/site-packages/airflow/example_dags/example_task_group.py
[2023-12-21T16:43:41.891+0000] {processor.py:756} INFO - Processing file /home/airflow/.local/lib/python3.7/site-packages/airflow/example_dags/example_task_group.py for tasks to queue
[2023-12-21T16:43:41.891+0000] {logging_mixin.py:120} INFO - [2023-12-21T16:43:41.891+0000] {dagbag.py:537} INFO - Filling up the DagBag from /home/airflow/.local/lib/python3.7/site-packages/airflow/example_dags/example_task_group.py
[2023-12-21T16:43:41.905+0000] {processor.py:766} INFO - DAG(s) dict_keys(['example_task_group']) retrieved from /home/airflow/.local/lib/python3.7/site-packages/airflow/example_dags/example_task_group.py
[2023-12-21T16:43:41.955+0000] {logging_mixin.py:120} INFO - [2023-12-21T16:43:41.955+0000] {dag.py:2585} INFO - Sync 1 DAGs
[2023-12-21T16:43:41.982+0000] {logging_mixin.py:120} INFO - [2023-12-21T16:43:41.982+0000] {dag.py:3340} INFO - Setting next_dagrun for example_task_group to 2023-12-20T16:43:41.981946+00:00, run_after=2023-12-21T16:43:41.981946+00:00
[2023-12-21T16:43:42.004+0000] {processor.py:176} INFO - Processing /home/airflow/.local/lib/python3.7/site-packages/airflow/example_dags/example_task_group.py took 0.117 seconds
[2023-12-21T16:44:12.656+0000] {processor.py:154} INFO - Started process (PID=1036) to work on /home/airflow/.local/lib/python3.7/site-packages/airflow/example_dags/example_task_group.py
[2023-12-21T16:44:12.657+0000] {processor.py:756} INFO - Processing file /home/airflow/.local/lib/python3.7/site-packages/airflow/example_dags/example_task_group.py for tasks to queue
[2023-12-21T16:44:12.657+0000] {logging_mixin.py:120} INFO - [2023-12-21T16:44:12.657+0000] {dagbag.py:537} INFO - Filling up the DagBag from /home/airflow/.local/lib/python3.7/site-packages/airflow/example_dags/example_task_group.py
[2023-12-21T16:44:12.673+0000] {processor.py:766} INFO - DAG(s) dict_keys(['example_task_group']) retrieved from /home/airflow/.local/lib/python3.7/site-packages/airflow/example_dags/example_task_group.py
[2023-12-21T16:44:12.707+0000] {logging_mixin.py:120} INFO - [2023-12-21T16:44:12.707+0000] {dag.py:2585} INFO - Sync 1 DAGs
[2023-12-21T16:44:12.728+0000] {logging_mixin.py:120} INFO - [2023-12-21T16:44:12.727+0000] {dag.py:3340} INFO - Setting next_dagrun for example_task_group to 2023-12-20T16:44:12.727718+00:00, run_after=2023-12-21T16:44:12.727718+00:00
[2023-12-21T16:44:12.750+0000] {processor.py:176} INFO - Processing /home/airflow/.local/lib/python3.7/site-packages/airflow/example_dags/example_task_group.py took 0.097 seconds
[2023-12-21T16:44:43.518+0000] {processor.py:154} INFO - Started process (PID=1100) to work on /home/airflow/.local/lib/python3.7/site-packages/airflow/example_dags/example_task_group.py
[2023-12-21T16:44:43.519+0000] {processor.py:756} INFO - Processing file /home/airflow/.local/lib/python3.7/site-packages/airflow/example_dags/example_task_group.py for tasks to queue
[2023-12-21T16:44:43.519+0000] {logging_mixin.py:120} INFO - [2023-12-21T16:44:43.519+0000] {dagbag.py:537} INFO - Filling up the DagBag from /home/airflow/.local/lib/python3.7/site-packages/airflow/example_dags/example_task_group.py
[2023-12-21T16:44:43.533+0000] {processor.py:766} INFO - DAG(s) dict_keys(['example_task_group']) retrieved from /home/airflow/.local/lib/python3.7/site-packages/airflow/example_dags/example_task_group.py
[2023-12-21T16:44:43.566+0000] {logging_mixin.py:120} INFO - [2023-12-21T16:44:43.566+0000] {dag.py:2585} INFO - Sync 1 DAGs
[2023-12-21T16:44:43.586+0000] {logging_mixin.py:120} INFO - [2023-12-21T16:44:43.585+0000] {dag.py:3340} INFO - Setting next_dagrun for example_task_group to 2023-12-20T16:44:43.585727+00:00, run_after=2023-12-21T16:44:43.585727+00:00
[2023-12-21T16:44:43.608+0000] {processor.py:176} INFO - Processing /home/airflow/.local/lib/python3.7/site-packages/airflow/example_dags/example_task_group.py took 0.093 seconds
[2023-12-21T16:45:14.436+0000] {processor.py:154} INFO - Started process (PID=1154) to work on /home/airflow/.local/lib/python3.7/site-packages/airflow/example_dags/example_task_group.py
[2023-12-21T16:45:14.437+0000] {processor.py:756} INFO - Processing file /home/airflow/.local/lib/python3.7/site-packages/airflow/example_dags/example_task_group.py for tasks to queue
[2023-12-21T16:45:14.437+0000] {logging_mixin.py:120} INFO - [2023-12-21T16:45:14.437+0000] {dagbag.py:537} INFO - Filling up the DagBag from /home/airflow/.local/lib/python3.7/site-packages/airflow/example_dags/example_task_group.py
[2023-12-21T16:45:14.453+0000] {processor.py:766} INFO - DAG(s) dict_keys(['example_task_group']) retrieved from /home/airflow/.local/lib/python3.7/site-packages/airflow/example_dags/example_task_group.py
[2023-12-21T16:45:14.486+0000] {logging_mixin.py:120} INFO - [2023-12-21T16:45:14.486+0000] {dag.py:2585} INFO - Sync 1 DAGs
[2023-12-21T16:45:14.508+0000] {logging_mixin.py:120} INFO - [2023-12-21T16:45:14.508+0000] {dag.py:3340} INFO - Setting next_dagrun for example_task_group to 2023-12-20T16:45:14.508389+00:00, run_after=2023-12-21T16:45:14.508389+00:00
[2023-12-21T16:45:14.530+0000] {processor.py:176} INFO - Processing /home/airflow/.local/lib/python3.7/site-packages/airflow/example_dags/example_task_group.py took 0.097 seconds
[2023-12-21T16:45:44.907+0000] {processor.py:154} INFO - Started process (PID=1216) to work on /home/airflow/.local/lib/python3.7/site-packages/airflow/example_dags/example_task_group.py
[2023-12-21T16:45:44.908+0000] {processor.py:756} INFO - Processing file /home/airflow/.local/lib/python3.7/site-packages/airflow/example_dags/example_task_group.py for tasks to queue
[2023-12-21T16:45:44.909+0000] {logging_mixin.py:120} INFO - [2023-12-21T16:45:44.908+0000] {dagbag.py:537} INFO - Filling up the DagBag from /home/airflow/.local/lib/python3.7/site-packages/airflow/example_dags/example_task_group.py
[2023-12-21T16:45:44.923+0000] {processor.py:766} INFO - DAG(s) dict_keys(['example_task_group']) retrieved from /home/airflow/.local/lib/python3.7/site-packages/airflow/example_dags/example_task_group.py
[2023-12-21T16:45:44.958+0000] {logging_mixin.py:120} INFO - [2023-12-21T16:45:44.958+0000] {dag.py:2585} INFO - Sync 1 DAGs
[2023-12-21T16:45:44.979+0000] {logging_mixin.py:120} INFO - [2023-12-21T16:45:44.979+0000] {dag.py:3340} INFO - Setting next_dagrun for example_task_group to 2023-12-20T16:45:44.978988+00:00, run_after=2023-12-21T16:45:44.978988+00:00
[2023-12-21T16:45:45.000+0000] {processor.py:176} INFO - Processing /home/airflow/.local/lib/python3.7/site-packages/airflow/example_dags/example_task_group.py took 0.096 seconds
[2023-12-21T16:46:15.765+0000] {processor.py:154} INFO - Started process (PID=1279) to work on /home/airflow/.local/lib/python3.7/site-packages/airflow/example_dags/example_task_group.py
[2023-12-21T16:46:15.765+0000] {processor.py:756} INFO - Processing file /home/airflow/.local/lib/python3.7/site-packages/airflow/example_dags/example_task_group.py for tasks to queue
[2023-12-21T16:46:15.766+0000] {logging_mixin.py:120} INFO - [2023-12-21T16:46:15.766+0000] {dagbag.py:537} INFO - Filling up the DagBag from /home/airflow/.local/lib/python3.7/site-packages/airflow/example_dags/example_task_group.py
[2023-12-21T16:46:15.781+0000] {processor.py:766} INFO - DAG(s) dict_keys(['example_task_group']) retrieved from /home/airflow/.local/lib/python3.7/site-packages/airflow/example_dags/example_task_group.py
[2023-12-21T16:46:15.815+0000] {logging_mixin.py:120} INFO - [2023-12-21T16:46:15.814+0000] {dag.py:2585} INFO - Sync 1 DAGs
[2023-12-21T16:46:15.835+0000] {logging_mixin.py:120} INFO - [2023-12-21T16:46:15.834+0000] {dag.py:3340} INFO - Setting next_dagrun for example_task_group to 2023-12-20T16:46:15.834724+00:00, run_after=2023-12-21T16:46:15.834724+00:00
[2023-12-21T16:46:15.856+0000] {processor.py:176} INFO - Processing /home/airflow/.local/lib/python3.7/site-packages/airflow/example_dags/example_task_group.py took 0.093 seconds
[2023-12-21T16:46:46.746+0000] {processor.py:154} INFO - Started process (PID=1341) to work on /home/airflow/.local/lib/python3.7/site-packages/airflow/example_dags/example_task_group.py
[2023-12-21T16:46:46.748+0000] {processor.py:756} INFO - Processing file /home/airflow/.local/lib/python3.7/site-packages/airflow/example_dags/example_task_group.py for tasks to queue
[2023-12-21T16:46:46.748+0000] {logging_mixin.py:120} INFO - [2023-12-21T16:46:46.748+0000] {dagbag.py:537} INFO - Filling up the DagBag from /home/airflow/.local/lib/python3.7/site-packages/airflow/example_dags/example_task_group.py
[2023-12-21T16:46:46.763+0000] {processor.py:766} INFO - DAG(s) dict_keys(['example_task_group']) retrieved from /home/airflow/.local/lib/python3.7/site-packages/airflow/example_dags/example_task_group.py
[2023-12-21T16:46:46.797+0000] {logging_mixin.py:120} INFO - [2023-12-21T16:46:46.797+0000] {dag.py:2585} INFO - Sync 1 DAGs
[2023-12-21T16:46:46.818+0000] {logging_mixin.py:120} INFO - [2023-12-21T16:46:46.818+0000] {dag.py:3340} INFO - Setting next_dagrun for example_task_group to 2023-12-20T16:46:46.818618+00:00, run_after=2023-12-21T16:46:46.818618+00:00
[2023-12-21T16:46:46.842+0000] {processor.py:176} INFO - Processing /home/airflow/.local/lib/python3.7/site-packages/airflow/example_dags/example_task_group.py took 0.098 seconds
[2023-12-21T16:47:16.933+0000] {processor.py:154} INFO - Started process (PID=1395) to work on /home/airflow/.local/lib/python3.7/site-packages/airflow/example_dags/example_task_group.py
[2023-12-21T16:47:16.934+0000] {processor.py:756} INFO - Processing file /home/airflow/.local/lib/python3.7/site-packages/airflow/example_dags/example_task_group.py for tasks to queue
[2023-12-21T16:47:16.934+0000] {logging_mixin.py:120} INFO - [2023-12-21T16:47:16.934+0000] {dagbag.py:537} INFO - Filling up the DagBag from /home/airflow/.local/lib/python3.7/site-packages/airflow/example_dags/example_task_group.py
[2023-12-21T16:47:16.953+0000] {processor.py:766} INFO - DAG(s) dict_keys(['example_task_group']) retrieved from /home/airflow/.local/lib/python3.7/site-packages/airflow/example_dags/example_task_group.py
[2023-12-21T16:47:17.007+0000] {logging_mixin.py:120} INFO - [2023-12-21T16:47:17.007+0000] {dag.py:2585} INFO - Sync 1 DAGs
[2023-12-21T16:47:17.035+0000] {logging_mixin.py:120} INFO - [2023-12-21T16:47:17.034+0000] {dag.py:3340} INFO - Setting next_dagrun for example_task_group to 2023-12-20T16:47:17.034660+00:00, run_after=2023-12-21T16:47:17.034660+00:00
[2023-12-21T16:47:17.059+0000] {processor.py:176} INFO - Processing /home/airflow/.local/lib/python3.7/site-packages/airflow/example_dags/example_task_group.py took 0.128 seconds
