[2023-12-21T16:35:59.288+0000] {processor.py:154} INFO - Started process (PID=53) to work on /home/airflow/.local/lib/python3.7/site-packages/airflow/example_dags/tutorial_dag.py
[2023-12-21T16:35:59.289+0000] {processor.py:756} INFO - Processing file /home/airflow/.local/lib/python3.7/site-packages/airflow/example_dags/tutorial_dag.py for tasks to queue
[2023-12-21T16:35:59.289+0000] {logging_mixin.py:120} INFO - [2023-12-21T16:35:59.289+0000] {dagbag.py:537} INFO - Filling up the DagBag from /home/airflow/.local/lib/python3.7/site-packages/airflow/example_dags/tutorial_dag.py
[2023-12-21T16:35:59.307+0000] {processor.py:766} INFO - DAG(s) dict_keys(['tutorial_dag']) retrieved from /home/airflow/.local/lib/python3.7/site-packages/airflow/example_dags/tutorial_dag.py
[2023-12-21T16:35:59.478+0000] {logging_mixin.py:120} INFO - [2023-12-21T16:35:59.478+0000] {manager.py:507} INFO - Created Permission View: can read on DAG:tutorial_dag
[2023-12-21T16:35:59.493+0000] {logging_mixin.py:120} INFO - [2023-12-21T16:35:59.493+0000] {manager.py:507} INFO - Created Permission View: can delete on DAG:tutorial_dag
[2023-12-21T16:35:59.504+0000] {logging_mixin.py:120} INFO - [2023-12-21T16:35:59.504+0000] {manager.py:507} INFO - Created Permission View: can edit on DAG:tutorial_dag
[2023-12-21T16:35:59.504+0000] {logging_mixin.py:120} INFO - [2023-12-21T16:35:59.504+0000] {dag.py:2585} INFO - Sync 1 DAGs
[2023-12-21T16:35:59.517+0000] {logging_mixin.py:120} INFO - [2023-12-21T16:35:59.517+0000] {dag.py:2606} INFO - Creating ORM DAG for tutorial_dag
[2023-12-21T16:35:59.528+0000] {logging_mixin.py:120} INFO - [2023-12-21T16:35:59.528+0000] {dag.py:3340} INFO - Setting next_dagrun for tutorial_dag to None, run_after=None
[2023-12-21T16:35:59.550+0000] {processor.py:176} INFO - Processing /home/airflow/.local/lib/python3.7/site-packages/airflow/example_dags/tutorial_dag.py took 0.265 seconds
[2023-12-21T16:36:30.361+0000] {processor.py:154} INFO - Started process (PID=116) to work on /home/airflow/.local/lib/python3.7/site-packages/airflow/example_dags/tutorial_dag.py
[2023-12-21T16:36:30.376+0000] {processor.py:756} INFO - Processing file /home/airflow/.local/lib/python3.7/site-packages/airflow/example_dags/tutorial_dag.py for tasks to queue
[2023-12-21T16:36:30.377+0000] {logging_mixin.py:120} INFO - [2023-12-21T16:36:30.377+0000] {dagbag.py:537} INFO - Filling up the DagBag from /home/airflow/.local/lib/python3.7/site-packages/airflow/example_dags/tutorial_dag.py
[2023-12-21T16:36:30.395+0000] {processor.py:766} INFO - DAG(s) dict_keys(['tutorial_dag']) retrieved from /home/airflow/.local/lib/python3.7/site-packages/airflow/example_dags/tutorial_dag.py
[2023-12-21T16:36:30.445+0000] {logging_mixin.py:120} INFO - [2023-12-21T16:36:30.445+0000] {dag.py:2585} INFO - Sync 1 DAGs
[2023-12-21T16:36:30.482+0000] {logging_mixin.py:120} INFO - [2023-12-21T16:36:30.481+0000] {dag.py:3340} INFO - Setting next_dagrun for tutorial_dag to None, run_after=None
[2023-12-21T16:36:30.514+0000] {processor.py:176} INFO - Processing /home/airflow/.local/lib/python3.7/site-packages/airflow/example_dags/tutorial_dag.py took 0.158 seconds
[2023-12-21T16:37:01.177+0000] {processor.py:154} INFO - Started process (PID=171) to work on /home/airflow/.local/lib/python3.7/site-packages/airflow/example_dags/tutorial_dag.py
[2023-12-21T16:37:01.177+0000] {processor.py:756} INFO - Processing file /home/airflow/.local/lib/python3.7/site-packages/airflow/example_dags/tutorial_dag.py for tasks to queue
[2023-12-21T16:37:01.178+0000] {logging_mixin.py:120} INFO - [2023-12-21T16:37:01.178+0000] {dagbag.py:537} INFO - Filling up the DagBag from /home/airflow/.local/lib/python3.7/site-packages/airflow/example_dags/tutorial_dag.py
[2023-12-21T16:37:01.194+0000] {processor.py:766} INFO - DAG(s) dict_keys(['tutorial_dag']) retrieved from /home/airflow/.local/lib/python3.7/site-packages/airflow/example_dags/tutorial_dag.py
[2023-12-21T16:37:01.241+0000] {logging_mixin.py:120} INFO - [2023-12-21T16:37:01.241+0000] {dag.py:2585} INFO - Sync 1 DAGs
[2023-12-21T16:37:01.270+0000] {logging_mixin.py:120} INFO - [2023-12-21T16:37:01.270+0000] {dag.py:3340} INFO - Setting next_dagrun for tutorial_dag to None, run_after=None
[2023-12-21T16:37:01.296+0000] {processor.py:176} INFO - Processing /home/airflow/.local/lib/python3.7/site-packages/airflow/example_dags/tutorial_dag.py took 0.123 seconds
[2023-12-21T16:37:31.939+0000] {processor.py:154} INFO - Started process (PID=234) to work on /home/airflow/.local/lib/python3.7/site-packages/airflow/example_dags/tutorial_dag.py
[2023-12-21T16:37:31.940+0000] {processor.py:756} INFO - Processing file /home/airflow/.local/lib/python3.7/site-packages/airflow/example_dags/tutorial_dag.py for tasks to queue
[2023-12-21T16:37:31.940+0000] {logging_mixin.py:120} INFO - [2023-12-21T16:37:31.940+0000] {dagbag.py:537} INFO - Filling up the DagBag from /home/airflow/.local/lib/python3.7/site-packages/airflow/example_dags/tutorial_dag.py
[2023-12-21T16:37:31.951+0000] {processor.py:766} INFO - DAG(s) dict_keys(['tutorial_dag']) retrieved from /home/airflow/.local/lib/python3.7/site-packages/airflow/example_dags/tutorial_dag.py
[2023-12-21T16:37:31.986+0000] {logging_mixin.py:120} INFO - [2023-12-21T16:37:31.986+0000] {dag.py:2585} INFO - Sync 1 DAGs
[2023-12-21T16:37:32.008+0000] {logging_mixin.py:120} INFO - [2023-12-21T16:37:32.008+0000] {dag.py:3340} INFO - Setting next_dagrun for tutorial_dag to None, run_after=None
[2023-12-21T16:37:32.028+0000] {processor.py:176} INFO - Processing /home/airflow/.local/lib/python3.7/site-packages/airflow/example_dags/tutorial_dag.py took 0.092 seconds
[2023-12-21T16:38:02.676+0000] {processor.py:154} INFO - Started process (PID=298) to work on /home/airflow/.local/lib/python3.7/site-packages/airflow/example_dags/tutorial_dag.py
[2023-12-21T16:38:02.677+0000] {processor.py:756} INFO - Processing file /home/airflow/.local/lib/python3.7/site-packages/airflow/example_dags/tutorial_dag.py for tasks to queue
[2023-12-21T16:38:02.677+0000] {logging_mixin.py:120} INFO - [2023-12-21T16:38:02.677+0000] {dagbag.py:537} INFO - Filling up the DagBag from /home/airflow/.local/lib/python3.7/site-packages/airflow/example_dags/tutorial_dag.py
[2023-12-21T16:38:02.689+0000] {processor.py:766} INFO - DAG(s) dict_keys(['tutorial_dag']) retrieved from /home/airflow/.local/lib/python3.7/site-packages/airflow/example_dags/tutorial_dag.py
[2023-12-21T16:38:02.727+0000] {logging_mixin.py:120} INFO - [2023-12-21T16:38:02.726+0000] {dag.py:2585} INFO - Sync 1 DAGs
[2023-12-21T16:38:02.749+0000] {logging_mixin.py:120} INFO - [2023-12-21T16:38:02.749+0000] {dag.py:3340} INFO - Setting next_dagrun for tutorial_dag to None, run_after=None
[2023-12-21T16:38:02.770+0000] {processor.py:176} INFO - Processing /home/airflow/.local/lib/python3.7/site-packages/airflow/example_dags/tutorial_dag.py took 0.096 seconds
[2023-12-21T16:38:33.613+0000] {processor.py:154} INFO - Started process (PID=361) to work on /home/airflow/.local/lib/python3.7/site-packages/airflow/example_dags/tutorial_dag.py
[2023-12-21T16:38:33.614+0000] {processor.py:756} INFO - Processing file /home/airflow/.local/lib/python3.7/site-packages/airflow/example_dags/tutorial_dag.py for tasks to queue
[2023-12-21T16:38:33.614+0000] {logging_mixin.py:120} INFO - [2023-12-21T16:38:33.614+0000] {dagbag.py:537} INFO - Filling up the DagBag from /home/airflow/.local/lib/python3.7/site-packages/airflow/example_dags/tutorial_dag.py
[2023-12-21T16:38:33.626+0000] {processor.py:766} INFO - DAG(s) dict_keys(['tutorial_dag']) retrieved from /home/airflow/.local/lib/python3.7/site-packages/airflow/example_dags/tutorial_dag.py
[2023-12-21T16:38:33.663+0000] {logging_mixin.py:120} INFO - [2023-12-21T16:38:33.663+0000] {dag.py:2585} INFO - Sync 1 DAGs
[2023-12-21T16:38:33.686+0000] {logging_mixin.py:120} INFO - [2023-12-21T16:38:33.685+0000] {dag.py:3340} INFO - Setting next_dagrun for tutorial_dag to None, run_after=None
[2023-12-21T16:38:33.711+0000] {processor.py:176} INFO - Processing /home/airflow/.local/lib/python3.7/site-packages/airflow/example_dags/tutorial_dag.py took 0.100 seconds
[2023-12-21T16:39:03.912+0000] {processor.py:154} INFO - Started process (PID=415) to work on /home/airflow/.local/lib/python3.7/site-packages/airflow/example_dags/tutorial_dag.py
[2023-12-21T16:39:03.913+0000] {processor.py:756} INFO - Processing file /home/airflow/.local/lib/python3.7/site-packages/airflow/example_dags/tutorial_dag.py for tasks to queue
[2023-12-21T16:39:03.914+0000] {logging_mixin.py:120} INFO - [2023-12-21T16:39:03.914+0000] {dagbag.py:537} INFO - Filling up the DagBag from /home/airflow/.local/lib/python3.7/site-packages/airflow/example_dags/tutorial_dag.py
[2023-12-21T16:39:03.929+0000] {processor.py:766} INFO - DAG(s) dict_keys(['tutorial_dag']) retrieved from /home/airflow/.local/lib/python3.7/site-packages/airflow/example_dags/tutorial_dag.py
[2023-12-21T16:39:03.976+0000] {logging_mixin.py:120} INFO - [2023-12-21T16:39:03.976+0000] {dag.py:2585} INFO - Sync 1 DAGs
[2023-12-21T16:39:04.012+0000] {logging_mixin.py:120} INFO - [2023-12-21T16:39:04.012+0000] {dag.py:3340} INFO - Setting next_dagrun for tutorial_dag to None, run_after=None
[2023-12-21T16:39:04.035+0000] {processor.py:176} INFO - Processing /home/airflow/.local/lib/python3.7/site-packages/airflow/example_dags/tutorial_dag.py took 0.127 seconds
[2023-12-21T16:39:34.724+0000] {processor.py:154} INFO - Started process (PID=478) to work on /home/airflow/.local/lib/python3.7/site-packages/airflow/example_dags/tutorial_dag.py
[2023-12-21T16:39:34.724+0000] {processor.py:756} INFO - Processing file /home/airflow/.local/lib/python3.7/site-packages/airflow/example_dags/tutorial_dag.py for tasks to queue
[2023-12-21T16:39:34.725+0000] {logging_mixin.py:120} INFO - [2023-12-21T16:39:34.725+0000] {dagbag.py:537} INFO - Filling up the DagBag from /home/airflow/.local/lib/python3.7/site-packages/airflow/example_dags/tutorial_dag.py
[2023-12-21T16:39:34.736+0000] {processor.py:766} INFO - DAG(s) dict_keys(['tutorial_dag']) retrieved from /home/airflow/.local/lib/python3.7/site-packages/airflow/example_dags/tutorial_dag.py
[2023-12-21T16:39:34.776+0000] {logging_mixin.py:120} INFO - [2023-12-21T16:39:34.775+0000] {dag.py:2585} INFO - Sync 1 DAGs
[2023-12-21T16:39:34.808+0000] {logging_mixin.py:120} INFO - [2023-12-21T16:39:34.808+0000] {dag.py:3340} INFO - Setting next_dagrun for tutorial_dag to None, run_after=None
[2023-12-21T16:39:34.835+0000] {processor.py:176} INFO - Processing /home/airflow/.local/lib/python3.7/site-packages/airflow/example_dags/tutorial_dag.py took 0.113 seconds
[2023-12-21T16:40:05.292+0000] {processor.py:154} INFO - Started process (PID=541) to work on /home/airflow/.local/lib/python3.7/site-packages/airflow/example_dags/tutorial_dag.py
[2023-12-21T16:40:05.293+0000] {processor.py:756} INFO - Processing file /home/airflow/.local/lib/python3.7/site-packages/airflow/example_dags/tutorial_dag.py for tasks to queue
[2023-12-21T16:40:05.293+0000] {logging_mixin.py:120} INFO - [2023-12-21T16:40:05.293+0000] {dagbag.py:537} INFO - Filling up the DagBag from /home/airflow/.local/lib/python3.7/site-packages/airflow/example_dags/tutorial_dag.py
[2023-12-21T16:40:05.304+0000] {processor.py:766} INFO - DAG(s) dict_keys(['tutorial_dag']) retrieved from /home/airflow/.local/lib/python3.7/site-packages/airflow/example_dags/tutorial_dag.py
[2023-12-21T16:40:05.338+0000] {logging_mixin.py:120} INFO - [2023-12-21T16:40:05.337+0000] {dag.py:2585} INFO - Sync 1 DAGs
[2023-12-21T16:40:05.357+0000] {logging_mixin.py:120} INFO - [2023-12-21T16:40:05.357+0000] {dag.py:3340} INFO - Setting next_dagrun for tutorial_dag to None, run_after=None
[2023-12-21T16:40:05.377+0000] {processor.py:176} INFO - Processing /home/airflow/.local/lib/python3.7/site-packages/airflow/example_dags/tutorial_dag.py took 0.088 seconds
[2023-12-21T16:40:35.972+0000] {processor.py:154} INFO - Started process (PID=604) to work on /home/airflow/.local/lib/python3.7/site-packages/airflow/example_dags/tutorial_dag.py
[2023-12-21T16:40:35.972+0000] {processor.py:756} INFO - Processing file /home/airflow/.local/lib/python3.7/site-packages/airflow/example_dags/tutorial_dag.py for tasks to queue
[2023-12-21T16:40:35.973+0000] {logging_mixin.py:120} INFO - [2023-12-21T16:40:35.973+0000] {dagbag.py:537} INFO - Filling up the DagBag from /home/airflow/.local/lib/python3.7/site-packages/airflow/example_dags/tutorial_dag.py
[2023-12-21T16:40:35.989+0000] {processor.py:766} INFO - DAG(s) dict_keys(['tutorial_dag']) retrieved from /home/airflow/.local/lib/python3.7/site-packages/airflow/example_dags/tutorial_dag.py
[2023-12-21T16:40:36.039+0000] {logging_mixin.py:120} INFO - [2023-12-21T16:40:36.039+0000] {dag.py:2585} INFO - Sync 1 DAGs
[2023-12-21T16:40:36.068+0000] {logging_mixin.py:120} INFO - [2023-12-21T16:40:36.068+0000] {dag.py:3340} INFO - Setting next_dagrun for tutorial_dag to None, run_after=None
[2023-12-21T16:40:36.092+0000] {processor.py:176} INFO - Processing /home/airflow/.local/lib/python3.7/site-packages/airflow/example_dags/tutorial_dag.py took 0.124 seconds
[2023-12-21T16:41:06.718+0000] {processor.py:154} INFO - Started process (PID=658) to work on /home/airflow/.local/lib/python3.7/site-packages/airflow/example_dags/tutorial_dag.py
[2023-12-21T16:41:06.719+0000] {processor.py:756} INFO - Processing file /home/airflow/.local/lib/python3.7/site-packages/airflow/example_dags/tutorial_dag.py for tasks to queue
[2023-12-21T16:41:06.719+0000] {logging_mixin.py:120} INFO - [2023-12-21T16:41:06.719+0000] {dagbag.py:537} INFO - Filling up the DagBag from /home/airflow/.local/lib/python3.7/site-packages/airflow/example_dags/tutorial_dag.py
[2023-12-21T16:41:06.735+0000] {processor.py:766} INFO - DAG(s) dict_keys(['tutorial_dag']) retrieved from /home/airflow/.local/lib/python3.7/site-packages/airflow/example_dags/tutorial_dag.py
[2023-12-21T16:41:06.784+0000] {logging_mixin.py:120} INFO - [2023-12-21T16:41:06.784+0000] {dag.py:2585} INFO - Sync 1 DAGs
[2023-12-21T16:41:06.820+0000] {logging_mixin.py:120} INFO - [2023-12-21T16:41:06.820+0000] {dag.py:3340} INFO - Setting next_dagrun for tutorial_dag to None, run_after=None
[2023-12-21T16:41:06.845+0000] {processor.py:176} INFO - Processing /home/airflow/.local/lib/python3.7/site-packages/airflow/example_dags/tutorial_dag.py took 0.130 seconds
[2023-12-21T16:41:37.491+0000] {processor.py:154} INFO - Started process (PID=721) to work on /home/airflow/.local/lib/python3.7/site-packages/airflow/example_dags/tutorial_dag.py
[2023-12-21T16:41:37.491+0000] {processor.py:756} INFO - Processing file /home/airflow/.local/lib/python3.7/site-packages/airflow/example_dags/tutorial_dag.py for tasks to queue
[2023-12-21T16:41:37.492+0000] {logging_mixin.py:120} INFO - [2023-12-21T16:41:37.492+0000] {dagbag.py:537} INFO - Filling up the DagBag from /home/airflow/.local/lib/python3.7/site-packages/airflow/example_dags/tutorial_dag.py
[2023-12-21T16:41:37.505+0000] {processor.py:766} INFO - DAG(s) dict_keys(['tutorial_dag']) retrieved from /home/airflow/.local/lib/python3.7/site-packages/airflow/example_dags/tutorial_dag.py
[2023-12-21T16:41:37.544+0000] {logging_mixin.py:120} INFO - [2023-12-21T16:41:37.544+0000] {dag.py:2585} INFO - Sync 1 DAGs
[2023-12-21T16:41:37.567+0000] {logging_mixin.py:120} INFO - [2023-12-21T16:41:37.567+0000] {dag.py:3340} INFO - Setting next_dagrun for tutorial_dag to None, run_after=None
[2023-12-21T16:41:37.590+0000] {processor.py:176} INFO - Processing /home/airflow/.local/lib/python3.7/site-packages/airflow/example_dags/tutorial_dag.py took 0.102 seconds
[2023-12-21T16:42:08.118+0000] {processor.py:154} INFO - Started process (PID=785) to work on /home/airflow/.local/lib/python3.7/site-packages/airflow/example_dags/tutorial_dag.py
[2023-12-21T16:42:08.119+0000] {processor.py:756} INFO - Processing file /home/airflow/.local/lib/python3.7/site-packages/airflow/example_dags/tutorial_dag.py for tasks to queue
[2023-12-21T16:42:08.119+0000] {logging_mixin.py:120} INFO - [2023-12-21T16:42:08.119+0000] {dagbag.py:537} INFO - Filling up the DagBag from /home/airflow/.local/lib/python3.7/site-packages/airflow/example_dags/tutorial_dag.py
[2023-12-21T16:42:08.132+0000] {processor.py:766} INFO - DAG(s) dict_keys(['tutorial_dag']) retrieved from /home/airflow/.local/lib/python3.7/site-packages/airflow/example_dags/tutorial_dag.py
[2023-12-21T16:42:08.173+0000] {logging_mixin.py:120} INFO - [2023-12-21T16:42:08.173+0000] {dag.py:2585} INFO - Sync 1 DAGs
[2023-12-21T16:42:08.199+0000] {logging_mixin.py:120} INFO - [2023-12-21T16:42:08.199+0000] {dag.py:3340} INFO - Setting next_dagrun for tutorial_dag to None, run_after=None
[2023-12-21T16:42:08.225+0000] {processor.py:176} INFO - Processing /home/airflow/.local/lib/python3.7/site-packages/airflow/example_dags/tutorial_dag.py took 0.109 seconds
[2023-12-21T16:42:39.009+0000] {processor.py:154} INFO - Started process (PID=848) to work on /home/airflow/.local/lib/python3.7/site-packages/airflow/example_dags/tutorial_dag.py
[2023-12-21T16:42:39.010+0000] {processor.py:756} INFO - Processing file /home/airflow/.local/lib/python3.7/site-packages/airflow/example_dags/tutorial_dag.py for tasks to queue
[2023-12-21T16:42:39.011+0000] {logging_mixin.py:120} INFO - [2023-12-21T16:42:39.011+0000] {dagbag.py:537} INFO - Filling up the DagBag from /home/airflow/.local/lib/python3.7/site-packages/airflow/example_dags/tutorial_dag.py
[2023-12-21T16:42:39.025+0000] {processor.py:766} INFO - DAG(s) dict_keys(['tutorial_dag']) retrieved from /home/airflow/.local/lib/python3.7/site-packages/airflow/example_dags/tutorial_dag.py
[2023-12-21T16:42:39.073+0000] {logging_mixin.py:120} INFO - [2023-12-21T16:42:39.073+0000] {dag.py:2585} INFO - Sync 1 DAGs
[2023-12-21T16:42:39.107+0000] {logging_mixin.py:120} INFO - [2023-12-21T16:42:39.107+0000] {dag.py:3340} INFO - Setting next_dagrun for tutorial_dag to None, run_after=None
[2023-12-21T16:42:39.138+0000] {processor.py:176} INFO - Processing /home/airflow/.local/lib/python3.7/site-packages/airflow/example_dags/tutorial_dag.py took 0.132 seconds
[2023-12-21T16:43:09.776+0000] {processor.py:154} INFO - Started process (PID=902) to work on /home/airflow/.local/lib/python3.7/site-packages/airflow/example_dags/tutorial_dag.py
[2023-12-21T16:43:09.777+0000] {processor.py:756} INFO - Processing file /home/airflow/.local/lib/python3.7/site-packages/airflow/example_dags/tutorial_dag.py for tasks to queue
[2023-12-21T16:43:09.777+0000] {logging_mixin.py:120} INFO - [2023-12-21T16:43:09.777+0000] {dagbag.py:537} INFO - Filling up the DagBag from /home/airflow/.local/lib/python3.7/site-packages/airflow/example_dags/tutorial_dag.py
[2023-12-21T16:43:09.793+0000] {processor.py:766} INFO - DAG(s) dict_keys(['tutorial_dag']) retrieved from /home/airflow/.local/lib/python3.7/site-packages/airflow/example_dags/tutorial_dag.py
[2023-12-21T16:43:09.843+0000] {logging_mixin.py:120} INFO - [2023-12-21T16:43:09.843+0000] {dag.py:2585} INFO - Sync 1 DAGs
[2023-12-21T16:43:09.870+0000] {logging_mixin.py:120} INFO - [2023-12-21T16:43:09.870+0000] {dag.py:3340} INFO - Setting next_dagrun for tutorial_dag to None, run_after=None
[2023-12-21T16:43:09.893+0000] {processor.py:176} INFO - Processing /home/airflow/.local/lib/python3.7/site-packages/airflow/example_dags/tutorial_dag.py took 0.120 seconds
[2023-12-21T16:43:40.272+0000] {processor.py:154} INFO - Started process (PID=965) to work on /home/airflow/.local/lib/python3.7/site-packages/airflow/example_dags/tutorial_dag.py
[2023-12-21T16:43:40.273+0000] {processor.py:756} INFO - Processing file /home/airflow/.local/lib/python3.7/site-packages/airflow/example_dags/tutorial_dag.py for tasks to queue
[2023-12-21T16:43:40.274+0000] {logging_mixin.py:120} INFO - [2023-12-21T16:43:40.274+0000] {dagbag.py:537} INFO - Filling up the DagBag from /home/airflow/.local/lib/python3.7/site-packages/airflow/example_dags/tutorial_dag.py
[2023-12-21T16:43:40.290+0000] {processor.py:766} INFO - DAG(s) dict_keys(['tutorial_dag']) retrieved from /home/airflow/.local/lib/python3.7/site-packages/airflow/example_dags/tutorial_dag.py
[2023-12-21T16:43:40.333+0000] {logging_mixin.py:120} INFO - [2023-12-21T16:43:40.333+0000] {dag.py:2585} INFO - Sync 1 DAGs
[2023-12-21T16:43:40.355+0000] {logging_mixin.py:120} INFO - [2023-12-21T16:43:40.355+0000] {dag.py:3340} INFO - Setting next_dagrun for tutorial_dag to None, run_after=None
[2023-12-21T16:43:40.377+0000] {processor.py:176} INFO - Processing /home/airflow/.local/lib/python3.7/site-packages/airflow/example_dags/tutorial_dag.py took 0.108 seconds
[2023-12-21T16:44:11.022+0000] {processor.py:154} INFO - Started process (PID=1028) to work on /home/airflow/.local/lib/python3.7/site-packages/airflow/example_dags/tutorial_dag.py
[2023-12-21T16:44:11.023+0000] {processor.py:756} INFO - Processing file /home/airflow/.local/lib/python3.7/site-packages/airflow/example_dags/tutorial_dag.py for tasks to queue
[2023-12-21T16:44:11.023+0000] {logging_mixin.py:120} INFO - [2023-12-21T16:44:11.023+0000] {dagbag.py:537} INFO - Filling up the DagBag from /home/airflow/.local/lib/python3.7/site-packages/airflow/example_dags/tutorial_dag.py
[2023-12-21T16:44:11.034+0000] {processor.py:766} INFO - DAG(s) dict_keys(['tutorial_dag']) retrieved from /home/airflow/.local/lib/python3.7/site-packages/airflow/example_dags/tutorial_dag.py
[2023-12-21T16:44:11.071+0000] {logging_mixin.py:120} INFO - [2023-12-21T16:44:11.071+0000] {dag.py:2585} INFO - Sync 1 DAGs
[2023-12-21T16:44:11.091+0000] {logging_mixin.py:120} INFO - [2023-12-21T16:44:11.091+0000] {dag.py:3340} INFO - Setting next_dagrun for tutorial_dag to None, run_after=None
[2023-12-21T16:44:11.111+0000] {processor.py:176} INFO - Processing /home/airflow/.local/lib/python3.7/site-packages/airflow/example_dags/tutorial_dag.py took 0.091 seconds
[2023-12-21T16:44:41.863+0000] {processor.py:154} INFO - Started process (PID=1092) to work on /home/airflow/.local/lib/python3.7/site-packages/airflow/example_dags/tutorial_dag.py
[2023-12-21T16:44:41.864+0000] {processor.py:756} INFO - Processing file /home/airflow/.local/lib/python3.7/site-packages/airflow/example_dags/tutorial_dag.py for tasks to queue
[2023-12-21T16:44:41.865+0000] {logging_mixin.py:120} INFO - [2023-12-21T16:44:41.864+0000] {dagbag.py:537} INFO - Filling up the DagBag from /home/airflow/.local/lib/python3.7/site-packages/airflow/example_dags/tutorial_dag.py
[2023-12-21T16:44:41.880+0000] {processor.py:766} INFO - DAG(s) dict_keys(['tutorial_dag']) retrieved from /home/airflow/.local/lib/python3.7/site-packages/airflow/example_dags/tutorial_dag.py
[2023-12-21T16:44:41.932+0000] {logging_mixin.py:120} INFO - [2023-12-21T16:44:41.932+0000] {dag.py:2585} INFO - Sync 1 DAGs
[2023-12-21T16:44:41.965+0000] {logging_mixin.py:120} INFO - [2023-12-21T16:44:41.965+0000] {dag.py:3340} INFO - Setting next_dagrun for tutorial_dag to None, run_after=None
[2023-12-21T16:44:41.993+0000] {processor.py:176} INFO - Processing /home/airflow/.local/lib/python3.7/site-packages/airflow/example_dags/tutorial_dag.py took 0.134 seconds
[2023-12-21T16:45:12.671+0000] {processor.py:154} INFO - Started process (PID=1146) to work on /home/airflow/.local/lib/python3.7/site-packages/airflow/example_dags/tutorial_dag.py
[2023-12-21T16:45:12.672+0000] {processor.py:756} INFO - Processing file /home/airflow/.local/lib/python3.7/site-packages/airflow/example_dags/tutorial_dag.py for tasks to queue
[2023-12-21T16:45:12.672+0000] {logging_mixin.py:120} INFO - [2023-12-21T16:45:12.672+0000] {dagbag.py:537} INFO - Filling up the DagBag from /home/airflow/.local/lib/python3.7/site-packages/airflow/example_dags/tutorial_dag.py
[2023-12-21T16:45:12.695+0000] {processor.py:766} INFO - DAG(s) dict_keys(['tutorial_dag']) retrieved from /home/airflow/.local/lib/python3.7/site-packages/airflow/example_dags/tutorial_dag.py
[2023-12-21T16:45:12.746+0000] {logging_mixin.py:120} INFO - [2023-12-21T16:45:12.746+0000] {dag.py:2585} INFO - Sync 1 DAGs
[2023-12-21T16:45:12.779+0000] {logging_mixin.py:120} INFO - [2023-12-21T16:45:12.779+0000] {dag.py:3340} INFO - Setting next_dagrun for tutorial_dag to None, run_after=None
[2023-12-21T16:45:12.809+0000] {processor.py:176} INFO - Processing /home/airflow/.local/lib/python3.7/site-packages/airflow/example_dags/tutorial_dag.py took 0.142 seconds
[2023-12-21T16:45:43.262+0000] {processor.py:154} INFO - Started process (PID=1208) to work on /home/airflow/.local/lib/python3.7/site-packages/airflow/example_dags/tutorial_dag.py
[2023-12-21T16:45:43.262+0000] {processor.py:756} INFO - Processing file /home/airflow/.local/lib/python3.7/site-packages/airflow/example_dags/tutorial_dag.py for tasks to queue
[2023-12-21T16:45:43.263+0000] {logging_mixin.py:120} INFO - [2023-12-21T16:45:43.263+0000] {dagbag.py:537} INFO - Filling up the DagBag from /home/airflow/.local/lib/python3.7/site-packages/airflow/example_dags/tutorial_dag.py
[2023-12-21T16:45:43.274+0000] {processor.py:766} INFO - DAG(s) dict_keys(['tutorial_dag']) retrieved from /home/airflow/.local/lib/python3.7/site-packages/airflow/example_dags/tutorial_dag.py
[2023-12-21T16:45:43.310+0000] {logging_mixin.py:120} INFO - [2023-12-21T16:45:43.310+0000] {dag.py:2585} INFO - Sync 1 DAGs
[2023-12-21T16:45:43.332+0000] {logging_mixin.py:120} INFO - [2023-12-21T16:45:43.332+0000] {dag.py:3340} INFO - Setting next_dagrun for tutorial_dag to None, run_after=None
[2023-12-21T16:45:43.355+0000] {processor.py:176} INFO - Processing /home/airflow/.local/lib/python3.7/site-packages/airflow/example_dags/tutorial_dag.py took 0.096 seconds
[2023-12-21T16:46:14.122+0000] {processor.py:154} INFO - Started process (PID=1271) to work on /home/airflow/.local/lib/python3.7/site-packages/airflow/example_dags/tutorial_dag.py
[2023-12-21T16:46:14.123+0000] {processor.py:756} INFO - Processing file /home/airflow/.local/lib/python3.7/site-packages/airflow/example_dags/tutorial_dag.py for tasks to queue
[2023-12-21T16:46:14.123+0000] {logging_mixin.py:120} INFO - [2023-12-21T16:46:14.123+0000] {dagbag.py:537} INFO - Filling up the DagBag from /home/airflow/.local/lib/python3.7/site-packages/airflow/example_dags/tutorial_dag.py
[2023-12-21T16:46:14.135+0000] {processor.py:766} INFO - DAG(s) dict_keys(['tutorial_dag']) retrieved from /home/airflow/.local/lib/python3.7/site-packages/airflow/example_dags/tutorial_dag.py
[2023-12-21T16:46:14.172+0000] {logging_mixin.py:120} INFO - [2023-12-21T16:46:14.172+0000] {dag.py:2585} INFO - Sync 1 DAGs
[2023-12-21T16:46:14.193+0000] {logging_mixin.py:120} INFO - [2023-12-21T16:46:14.193+0000] {dag.py:3340} INFO - Setting next_dagrun for tutorial_dag to None, run_after=None
[2023-12-21T16:46:14.214+0000] {processor.py:176} INFO - Processing /home/airflow/.local/lib/python3.7/site-packages/airflow/example_dags/tutorial_dag.py took 0.095 seconds
[2023-12-21T16:46:44.971+0000] {processor.py:154} INFO - Started process (PID=1331) to work on /home/airflow/.local/lib/python3.7/site-packages/airflow/example_dags/tutorial_dag.py
[2023-12-21T16:46:44.971+0000] {processor.py:756} INFO - Processing file /home/airflow/.local/lib/python3.7/site-packages/airflow/example_dags/tutorial_dag.py for tasks to queue
[2023-12-21T16:46:44.972+0000] {logging_mixin.py:120} INFO - [2023-12-21T16:46:44.972+0000] {dagbag.py:537} INFO - Filling up the DagBag from /home/airflow/.local/lib/python3.7/site-packages/airflow/example_dags/tutorial_dag.py
[2023-12-21T16:46:44.988+0000] {processor.py:766} INFO - DAG(s) dict_keys(['tutorial_dag']) retrieved from /home/airflow/.local/lib/python3.7/site-packages/airflow/example_dags/tutorial_dag.py
[2023-12-21T16:46:45.039+0000] {logging_mixin.py:120} INFO - [2023-12-21T16:46:45.039+0000] {dag.py:2585} INFO - Sync 1 DAGs
[2023-12-21T16:46:45.068+0000] {logging_mixin.py:120} INFO - [2023-12-21T16:46:45.068+0000] {dag.py:3340} INFO - Setting next_dagrun for tutorial_dag to None, run_after=None
[2023-12-21T16:46:45.092+0000] {processor.py:176} INFO - Processing /home/airflow/.local/lib/python3.7/site-packages/airflow/example_dags/tutorial_dag.py took 0.125 seconds
[2023-12-21T16:47:15.183+0000] {processor.py:154} INFO - Started process (PID=1387) to work on /home/airflow/.local/lib/python3.7/site-packages/airflow/example_dags/tutorial_dag.py
[2023-12-21T16:47:15.183+0000] {processor.py:756} INFO - Processing file /home/airflow/.local/lib/python3.7/site-packages/airflow/example_dags/tutorial_dag.py for tasks to queue
[2023-12-21T16:47:15.184+0000] {logging_mixin.py:120} INFO - [2023-12-21T16:47:15.184+0000] {dagbag.py:537} INFO - Filling up the DagBag from /home/airflow/.local/lib/python3.7/site-packages/airflow/example_dags/tutorial_dag.py
[2023-12-21T16:47:15.195+0000] {processor.py:766} INFO - DAG(s) dict_keys(['tutorial_dag']) retrieved from /home/airflow/.local/lib/python3.7/site-packages/airflow/example_dags/tutorial_dag.py
[2023-12-21T16:47:15.230+0000] {logging_mixin.py:120} INFO - [2023-12-21T16:47:15.230+0000] {dag.py:2585} INFO - Sync 1 DAGs
[2023-12-21T16:47:15.251+0000] {logging_mixin.py:120} INFO - [2023-12-21T16:47:15.251+0000] {dag.py:3340} INFO - Setting next_dagrun for tutorial_dag to None, run_after=None
[2023-12-21T16:47:15.273+0000] {processor.py:176} INFO - Processing /home/airflow/.local/lib/python3.7/site-packages/airflow/example_dags/tutorial_dag.py took 0.093 seconds
[2023-12-21T16:47:46.109+0000] {processor.py:154} INFO - Started process (PID=1449) to work on /home/airflow/.local/lib/python3.7/site-packages/airflow/example_dags/tutorial_dag.py
[2023-12-21T16:47:46.110+0000] {processor.py:756} INFO - Processing file /home/airflow/.local/lib/python3.7/site-packages/airflow/example_dags/tutorial_dag.py for tasks to queue
[2023-12-21T16:47:46.110+0000] {logging_mixin.py:120} INFO - [2023-12-21T16:47:46.110+0000] {dagbag.py:537} INFO - Filling up the DagBag from /home/airflow/.local/lib/python3.7/site-packages/airflow/example_dags/tutorial_dag.py
[2023-12-21T16:47:46.122+0000] {processor.py:766} INFO - DAG(s) dict_keys(['tutorial_dag']) retrieved from /home/airflow/.local/lib/python3.7/site-packages/airflow/example_dags/tutorial_dag.py
[2023-12-21T16:47:46.158+0000] {logging_mixin.py:120} INFO - [2023-12-21T16:47:46.158+0000] {dag.py:2585} INFO - Sync 1 DAGs
[2023-12-21T16:47:46.181+0000] {logging_mixin.py:120} INFO - [2023-12-21T16:47:46.181+0000] {dag.py:3340} INFO - Setting next_dagrun for tutorial_dag to None, run_after=None
[2023-12-21T16:47:46.203+0000] {processor.py:176} INFO - Processing /home/airflow/.local/lib/python3.7/site-packages/airflow/example_dags/tutorial_dag.py took 0.097 seconds
[2023-12-21T16:48:16.375+0000] {processor.py:154} INFO - Started process (PID=1513) to work on /home/airflow/.local/lib/python3.7/site-packages/airflow/example_dags/tutorial_dag.py
[2023-12-21T16:48:16.375+0000] {processor.py:756} INFO - Processing file /home/airflow/.local/lib/python3.7/site-packages/airflow/example_dags/tutorial_dag.py for tasks to queue
[2023-12-21T16:48:16.376+0000] {logging_mixin.py:120} INFO - [2023-12-21T16:48:16.376+0000] {dagbag.py:537} INFO - Filling up the DagBag from /home/airflow/.local/lib/python3.7/site-packages/airflow/example_dags/tutorial_dag.py
[2023-12-21T16:48:16.404+0000] {processor.py:766} INFO - DAG(s) dict_keys(['tutorial_dag']) retrieved from /home/airflow/.local/lib/python3.7/site-packages/airflow/example_dags/tutorial_dag.py
[2023-12-21T16:48:16.474+0000] {logging_mixin.py:120} INFO - [2023-12-21T16:48:16.474+0000] {dag.py:2585} INFO - Sync 1 DAGs
[2023-12-21T16:48:16.520+0000] {logging_mixin.py:120} INFO - [2023-12-21T16:48:16.520+0000] {dag.py:3340} INFO - Setting next_dagrun for tutorial_dag to None, run_after=None
[2023-12-21T16:48:16.572+0000] {processor.py:176} INFO - Processing /home/airflow/.local/lib/python3.7/site-packages/airflow/example_dags/tutorial_dag.py took 0.209 seconds
[2023-12-21T16:48:46.665+0000] {processor.py:154} INFO - Started process (PID=1566) to work on /home/airflow/.local/lib/python3.7/site-packages/airflow/example_dags/tutorial_dag.py
[2023-12-21T16:48:46.666+0000] {processor.py:756} INFO - Processing file /home/airflow/.local/lib/python3.7/site-packages/airflow/example_dags/tutorial_dag.py for tasks to queue
[2023-12-21T16:48:46.666+0000] {logging_mixin.py:120} INFO - [2023-12-21T16:48:46.666+0000] {dagbag.py:537} INFO - Filling up the DagBag from /home/airflow/.local/lib/python3.7/site-packages/airflow/example_dags/tutorial_dag.py
[2023-12-21T16:48:46.678+0000] {processor.py:766} INFO - DAG(s) dict_keys(['tutorial_dag']) retrieved from /home/airflow/.local/lib/python3.7/site-packages/airflow/example_dags/tutorial_dag.py
[2023-12-21T16:48:46.714+0000] {logging_mixin.py:120} INFO - [2023-12-21T16:48:46.714+0000] {dag.py:2585} INFO - Sync 1 DAGs
[2023-12-21T16:48:46.734+0000] {logging_mixin.py:120} INFO - [2023-12-21T16:48:46.734+0000] {dag.py:3340} INFO - Setting next_dagrun for tutorial_dag to None, run_after=None
[2023-12-21T16:48:46.754+0000] {processor.py:176} INFO - Processing /home/airflow/.local/lib/python3.7/site-packages/airflow/example_dags/tutorial_dag.py took 0.092 seconds
[2023-12-21T16:49:17.530+0000] {processor.py:154} INFO - Started process (PID=1629) to work on /home/airflow/.local/lib/python3.7/site-packages/airflow/example_dags/tutorial_dag.py
[2023-12-21T16:49:17.531+0000] {processor.py:756} INFO - Processing file /home/airflow/.local/lib/python3.7/site-packages/airflow/example_dags/tutorial_dag.py for tasks to queue
[2023-12-21T16:49:17.532+0000] {logging_mixin.py:120} INFO - [2023-12-21T16:49:17.532+0000] {dagbag.py:537} INFO - Filling up the DagBag from /home/airflow/.local/lib/python3.7/site-packages/airflow/example_dags/tutorial_dag.py
[2023-12-21T16:49:17.543+0000] {processor.py:766} INFO - DAG(s) dict_keys(['tutorial_dag']) retrieved from /home/airflow/.local/lib/python3.7/site-packages/airflow/example_dags/tutorial_dag.py
[2023-12-21T16:49:17.579+0000] {logging_mixin.py:120} INFO - [2023-12-21T16:49:17.578+0000] {dag.py:2585} INFO - Sync 1 DAGs
[2023-12-21T16:49:17.600+0000] {logging_mixin.py:120} INFO - [2023-12-21T16:49:17.600+0000] {dag.py:3340} INFO - Setting next_dagrun for tutorial_dag to None, run_after=None
[2023-12-21T16:49:17.621+0000] {processor.py:176} INFO - Processing /home/airflow/.local/lib/python3.7/site-packages/airflow/example_dags/tutorial_dag.py took 0.094 seconds
[2023-12-21T16:49:48.287+0000] {processor.py:154} INFO - Started process (PID=1692) to work on /home/airflow/.local/lib/python3.7/site-packages/airflow/example_dags/tutorial_dag.py
[2023-12-21T16:49:48.287+0000] {processor.py:756} INFO - Processing file /home/airflow/.local/lib/python3.7/site-packages/airflow/example_dags/tutorial_dag.py for tasks to queue
[2023-12-21T16:49:48.288+0000] {logging_mixin.py:120} INFO - [2023-12-21T16:49:48.288+0000] {dagbag.py:537} INFO - Filling up the DagBag from /home/airflow/.local/lib/python3.7/site-packages/airflow/example_dags/tutorial_dag.py
[2023-12-21T16:49:48.300+0000] {processor.py:766} INFO - DAG(s) dict_keys(['tutorial_dag']) retrieved from /home/airflow/.local/lib/python3.7/site-packages/airflow/example_dags/tutorial_dag.py
[2023-12-21T16:49:48.334+0000] {logging_mixin.py:120} INFO - [2023-12-21T16:49:48.334+0000] {dag.py:2585} INFO - Sync 1 DAGs
[2023-12-21T16:49:48.354+0000] {logging_mixin.py:120} INFO - [2023-12-21T16:49:48.353+0000] {dag.py:3340} INFO - Setting next_dagrun for tutorial_dag to None, run_after=None
[2023-12-21T16:49:48.375+0000] {processor.py:176} INFO - Processing /home/airflow/.local/lib/python3.7/site-packages/airflow/example_dags/tutorial_dag.py took 0.090 seconds
[2023-12-21T16:50:18.962+0000] {processor.py:154} INFO - Started process (PID=1746) to work on /home/airflow/.local/lib/python3.7/site-packages/airflow/example_dags/tutorial_dag.py
[2023-12-21T16:50:18.963+0000] {processor.py:756} INFO - Processing file /home/airflow/.local/lib/python3.7/site-packages/airflow/example_dags/tutorial_dag.py for tasks to queue
[2023-12-21T16:50:18.963+0000] {logging_mixin.py:120} INFO - [2023-12-21T16:50:18.963+0000] {dagbag.py:537} INFO - Filling up the DagBag from /home/airflow/.local/lib/python3.7/site-packages/airflow/example_dags/tutorial_dag.py
[2023-12-21T16:50:18.975+0000] {processor.py:766} INFO - DAG(s) dict_keys(['tutorial_dag']) retrieved from /home/airflow/.local/lib/python3.7/site-packages/airflow/example_dags/tutorial_dag.py
[2023-12-21T16:50:19.009+0000] {logging_mixin.py:120} INFO - [2023-12-21T16:50:19.009+0000] {dag.py:2585} INFO - Sync 1 DAGs
[2023-12-21T16:50:19.029+0000] {logging_mixin.py:120} INFO - [2023-12-21T16:50:19.029+0000] {dag.py:3340} INFO - Setting next_dagrun for tutorial_dag to None, run_after=None
[2023-12-21T16:50:19.049+0000] {processor.py:176} INFO - Processing /home/airflow/.local/lib/python3.7/site-packages/airflow/example_dags/tutorial_dag.py took 0.089 seconds
[2023-12-21T16:50:49.583+0000] {processor.py:154} INFO - Started process (PID=1809) to work on /home/airflow/.local/lib/python3.7/site-packages/airflow/example_dags/tutorial_dag.py
[2023-12-21T16:50:49.583+0000] {processor.py:756} INFO - Processing file /home/airflow/.local/lib/python3.7/site-packages/airflow/example_dags/tutorial_dag.py for tasks to queue
[2023-12-21T16:50:49.584+0000] {logging_mixin.py:120} INFO - [2023-12-21T16:50:49.584+0000] {dagbag.py:537} INFO - Filling up the DagBag from /home/airflow/.local/lib/python3.7/site-packages/airflow/example_dags/tutorial_dag.py
[2023-12-21T16:50:49.596+0000] {processor.py:766} INFO - DAG(s) dict_keys(['tutorial_dag']) retrieved from /home/airflow/.local/lib/python3.7/site-packages/airflow/example_dags/tutorial_dag.py
[2023-12-21T16:50:49.630+0000] {logging_mixin.py:120} INFO - [2023-12-21T16:50:49.630+0000] {dag.py:2585} INFO - Sync 1 DAGs
[2023-12-21T16:50:49.649+0000] {logging_mixin.py:120} INFO - [2023-12-21T16:50:49.649+0000] {dag.py:3340} INFO - Setting next_dagrun for tutorial_dag to None, run_after=None
[2023-12-21T16:50:49.669+0000] {processor.py:176} INFO - Processing /home/airflow/.local/lib/python3.7/site-packages/airflow/example_dags/tutorial_dag.py took 0.088 seconds
[2023-12-21T16:51:20.333+0000] {processor.py:154} INFO - Started process (PID=1873) to work on /home/airflow/.local/lib/python3.7/site-packages/airflow/example_dags/tutorial_dag.py
[2023-12-21T16:51:20.334+0000] {processor.py:756} INFO - Processing file /home/airflow/.local/lib/python3.7/site-packages/airflow/example_dags/tutorial_dag.py for tasks to queue
[2023-12-21T16:51:20.335+0000] {logging_mixin.py:120} INFO - [2023-12-21T16:51:20.334+0000] {dagbag.py:537} INFO - Filling up the DagBag from /home/airflow/.local/lib/python3.7/site-packages/airflow/example_dags/tutorial_dag.py
[2023-12-21T16:51:20.348+0000] {processor.py:766} INFO - DAG(s) dict_keys(['tutorial_dag']) retrieved from /home/airflow/.local/lib/python3.7/site-packages/airflow/example_dags/tutorial_dag.py
[2023-12-21T16:51:20.382+0000] {logging_mixin.py:120} INFO - [2023-12-21T16:51:20.381+0000] {dag.py:2585} INFO - Sync 1 DAGs
[2023-12-21T16:51:20.401+0000] {logging_mixin.py:120} INFO - [2023-12-21T16:51:20.401+0000] {dag.py:3340} INFO - Setting next_dagrun for tutorial_dag to None, run_after=None
[2023-12-21T16:51:20.422+0000] {processor.py:176} INFO - Processing /home/airflow/.local/lib/python3.7/site-packages/airflow/example_dags/tutorial_dag.py took 0.091 seconds
[2023-12-21T16:51:51.149+0000] {processor.py:154} INFO - Started process (PID=1936) to work on /home/airflow/.local/lib/python3.7/site-packages/airflow/example_dags/tutorial_dag.py
[2023-12-21T16:51:51.150+0000] {processor.py:756} INFO - Processing file /home/airflow/.local/lib/python3.7/site-packages/airflow/example_dags/tutorial_dag.py for tasks to queue
[2023-12-21T16:51:51.150+0000] {logging_mixin.py:120} INFO - [2023-12-21T16:51:51.150+0000] {dagbag.py:537} INFO - Filling up the DagBag from /home/airflow/.local/lib/python3.7/site-packages/airflow/example_dags/tutorial_dag.py
[2023-12-21T16:51:51.165+0000] {processor.py:766} INFO - DAG(s) dict_keys(['tutorial_dag']) retrieved from /home/airflow/.local/lib/python3.7/site-packages/airflow/example_dags/tutorial_dag.py
[2023-12-21T16:51:51.200+0000] {logging_mixin.py:120} INFO - [2023-12-21T16:51:51.200+0000] {dag.py:2585} INFO - Sync 1 DAGs
[2023-12-21T16:51:51.220+0000] {logging_mixin.py:120} INFO - [2023-12-21T16:51:51.220+0000] {dag.py:3340} INFO - Setting next_dagrun for tutorial_dag to None, run_after=None
[2023-12-21T16:51:51.243+0000] {processor.py:176} INFO - Processing /home/airflow/.local/lib/python3.7/site-packages/airflow/example_dags/tutorial_dag.py took 0.097 seconds
[2023-12-21T16:52:21.972+0000] {processor.py:154} INFO - Started process (PID=1990) to work on /home/airflow/.local/lib/python3.7/site-packages/airflow/example_dags/tutorial_dag.py
[2023-12-21T16:52:21.973+0000] {processor.py:756} INFO - Processing file /home/airflow/.local/lib/python3.7/site-packages/airflow/example_dags/tutorial_dag.py for tasks to queue
[2023-12-21T16:52:21.973+0000] {logging_mixin.py:120} INFO - [2023-12-21T16:52:21.973+0000] {dagbag.py:537} INFO - Filling up the DagBag from /home/airflow/.local/lib/python3.7/site-packages/airflow/example_dags/tutorial_dag.py
[2023-12-21T16:52:21.986+0000] {processor.py:766} INFO - DAG(s) dict_keys(['tutorial_dag']) retrieved from /home/airflow/.local/lib/python3.7/site-packages/airflow/example_dags/tutorial_dag.py
[2023-12-21T16:52:22.021+0000] {logging_mixin.py:120} INFO - [2023-12-21T16:52:22.020+0000] {dag.py:2585} INFO - Sync 1 DAGs
[2023-12-21T16:52:22.041+0000] {logging_mixin.py:120} INFO - [2023-12-21T16:52:22.041+0000] {dag.py:3340} INFO - Setting next_dagrun for tutorial_dag to None, run_after=None
[2023-12-21T16:52:22.061+0000] {processor.py:176} INFO - Processing /home/airflow/.local/lib/python3.7/site-packages/airflow/example_dags/tutorial_dag.py took 0.092 seconds
[2023-12-21T16:52:52.717+0000] {processor.py:154} INFO - Started process (PID=2054) to work on /home/airflow/.local/lib/python3.7/site-packages/airflow/example_dags/tutorial_dag.py
[2023-12-21T16:52:52.718+0000] {processor.py:756} INFO - Processing file /home/airflow/.local/lib/python3.7/site-packages/airflow/example_dags/tutorial_dag.py for tasks to queue
[2023-12-21T16:52:52.718+0000] {logging_mixin.py:120} INFO - [2023-12-21T16:52:52.718+0000] {dagbag.py:537} INFO - Filling up the DagBag from /home/airflow/.local/lib/python3.7/site-packages/airflow/example_dags/tutorial_dag.py
[2023-12-21T16:52:52.733+0000] {processor.py:766} INFO - DAG(s) dict_keys(['tutorial_dag']) retrieved from /home/airflow/.local/lib/python3.7/site-packages/airflow/example_dags/tutorial_dag.py
[2023-12-21T16:52:52.772+0000] {logging_mixin.py:120} INFO - [2023-12-21T16:52:52.772+0000] {dag.py:2585} INFO - Sync 1 DAGs
[2023-12-21T16:52:52.792+0000] {logging_mixin.py:120} INFO - [2023-12-21T16:52:52.792+0000] {dag.py:3340} INFO - Setting next_dagrun for tutorial_dag to None, run_after=None
[2023-12-21T16:52:52.814+0000] {processor.py:176} INFO - Processing /home/airflow/.local/lib/python3.7/site-packages/airflow/example_dags/tutorial_dag.py took 0.100 seconds
[2023-12-21T16:53:23.486+0000] {processor.py:154} INFO - Started process (PID=2117) to work on /home/airflow/.local/lib/python3.7/site-packages/airflow/example_dags/tutorial_dag.py
[2023-12-21T16:53:23.487+0000] {processor.py:756} INFO - Processing file /home/airflow/.local/lib/python3.7/site-packages/airflow/example_dags/tutorial_dag.py for tasks to queue
[2023-12-21T16:53:23.488+0000] {logging_mixin.py:120} INFO - [2023-12-21T16:53:23.488+0000] {dagbag.py:537} INFO - Filling up the DagBag from /home/airflow/.local/lib/python3.7/site-packages/airflow/example_dags/tutorial_dag.py
[2023-12-21T16:53:23.502+0000] {processor.py:766} INFO - DAG(s) dict_keys(['tutorial_dag']) retrieved from /home/airflow/.local/lib/python3.7/site-packages/airflow/example_dags/tutorial_dag.py
[2023-12-21T16:53:23.543+0000] {logging_mixin.py:120} INFO - [2023-12-21T16:53:23.542+0000] {dag.py:2585} INFO - Sync 1 DAGs
[2023-12-21T16:53:23.565+0000] {logging_mixin.py:120} INFO - [2023-12-21T16:53:23.564+0000] {dag.py:3340} INFO - Setting next_dagrun for tutorial_dag to None, run_after=None
[2023-12-21T16:53:23.587+0000] {processor.py:176} INFO - Processing /home/airflow/.local/lib/python3.7/site-packages/airflow/example_dags/tutorial_dag.py took 0.104 seconds
[2023-12-21T16:53:54.486+0000] {processor.py:154} INFO - Started process (PID=2181) to work on /home/airflow/.local/lib/python3.7/site-packages/airflow/example_dags/tutorial_dag.py
[2023-12-21T16:53:54.487+0000] {processor.py:756} INFO - Processing file /home/airflow/.local/lib/python3.7/site-packages/airflow/example_dags/tutorial_dag.py for tasks to queue
[2023-12-21T16:53:54.488+0000] {logging_mixin.py:120} INFO - [2023-12-21T16:53:54.488+0000] {dagbag.py:537} INFO - Filling up the DagBag from /home/airflow/.local/lib/python3.7/site-packages/airflow/example_dags/tutorial_dag.py
[2023-12-21T16:53:54.501+0000] {processor.py:766} INFO - DAG(s) dict_keys(['tutorial_dag']) retrieved from /home/airflow/.local/lib/python3.7/site-packages/airflow/example_dags/tutorial_dag.py
[2023-12-21T16:53:54.535+0000] {logging_mixin.py:120} INFO - [2023-12-21T16:53:54.534+0000] {dag.py:2585} INFO - Sync 1 DAGs
[2023-12-21T16:53:54.558+0000] {logging_mixin.py:120} INFO - [2023-12-21T16:53:54.557+0000] {dag.py:3340} INFO - Setting next_dagrun for tutorial_dag to None, run_after=None
[2023-12-21T16:53:54.578+0000] {processor.py:176} INFO - Processing /home/airflow/.local/lib/python3.7/site-packages/airflow/example_dags/tutorial_dag.py took 0.095 seconds
[2023-12-21T16:54:25.202+0000] {processor.py:154} INFO - Started process (PID=2235) to work on /home/airflow/.local/lib/python3.7/site-packages/airflow/example_dags/tutorial_dag.py
[2023-12-21T16:54:25.203+0000] {processor.py:756} INFO - Processing file /home/airflow/.local/lib/python3.7/site-packages/airflow/example_dags/tutorial_dag.py for tasks to queue
[2023-12-21T16:54:25.204+0000] {logging_mixin.py:120} INFO - [2023-12-21T16:54:25.203+0000] {dagbag.py:537} INFO - Filling up the DagBag from /home/airflow/.local/lib/python3.7/site-packages/airflow/example_dags/tutorial_dag.py
[2023-12-21T16:54:25.218+0000] {processor.py:766} INFO - DAG(s) dict_keys(['tutorial_dag']) retrieved from /home/airflow/.local/lib/python3.7/site-packages/airflow/example_dags/tutorial_dag.py
[2023-12-21T16:54:25.255+0000] {logging_mixin.py:120} INFO - [2023-12-21T16:54:25.255+0000] {dag.py:2585} INFO - Sync 1 DAGs
[2023-12-21T16:54:25.275+0000] {logging_mixin.py:120} INFO - [2023-12-21T16:54:25.275+0000] {dag.py:3340} INFO - Setting next_dagrun for tutorial_dag to None, run_after=None
[2023-12-21T16:54:25.297+0000] {processor.py:176} INFO - Processing /home/airflow/.local/lib/python3.7/site-packages/airflow/example_dags/tutorial_dag.py took 0.098 seconds
[2023-12-21T16:54:56.085+0000] {processor.py:154} INFO - Started process (PID=2298) to work on /home/airflow/.local/lib/python3.7/site-packages/airflow/example_dags/tutorial_dag.py
[2023-12-21T16:54:56.086+0000] {processor.py:756} INFO - Processing file /home/airflow/.local/lib/python3.7/site-packages/airflow/example_dags/tutorial_dag.py for tasks to queue
[2023-12-21T16:54:56.087+0000] {logging_mixin.py:120} INFO - [2023-12-21T16:54:56.087+0000] {dagbag.py:537} INFO - Filling up the DagBag from /home/airflow/.local/lib/python3.7/site-packages/airflow/example_dags/tutorial_dag.py
[2023-12-21T16:54:56.103+0000] {processor.py:766} INFO - DAG(s) dict_keys(['tutorial_dag']) retrieved from /home/airflow/.local/lib/python3.7/site-packages/airflow/example_dags/tutorial_dag.py
[2023-12-21T16:54:56.156+0000] {logging_mixin.py:120} INFO - [2023-12-21T16:54:56.156+0000] {dag.py:2585} INFO - Sync 1 DAGs
[2023-12-21T16:54:56.178+0000] {logging_mixin.py:120} INFO - [2023-12-21T16:54:56.178+0000] {dag.py:3340} INFO - Setting next_dagrun for tutorial_dag to None, run_after=None
[2023-12-21T16:54:56.201+0000] {processor.py:176} INFO - Processing /home/airflow/.local/lib/python3.7/site-packages/airflow/example_dags/tutorial_dag.py took 0.120 seconds
[2023-12-21T16:55:26.755+0000] {processor.py:154} INFO - Started process (PID=2361) to work on /home/airflow/.local/lib/python3.7/site-packages/airflow/example_dags/tutorial_dag.py
[2023-12-21T16:55:26.755+0000] {processor.py:756} INFO - Processing file /home/airflow/.local/lib/python3.7/site-packages/airflow/example_dags/tutorial_dag.py for tasks to queue
[2023-12-21T16:55:26.756+0000] {logging_mixin.py:120} INFO - [2023-12-21T16:55:26.756+0000] {dagbag.py:537} INFO - Filling up the DagBag from /home/airflow/.local/lib/python3.7/site-packages/airflow/example_dags/tutorial_dag.py
[2023-12-21T16:55:26.769+0000] {processor.py:766} INFO - DAG(s) dict_keys(['tutorial_dag']) retrieved from /home/airflow/.local/lib/python3.7/site-packages/airflow/example_dags/tutorial_dag.py
[2023-12-21T16:55:26.809+0000] {logging_mixin.py:120} INFO - [2023-12-21T16:55:26.809+0000] {dag.py:2585} INFO - Sync 1 DAGs
[2023-12-21T16:55:26.831+0000] {logging_mixin.py:120} INFO - [2023-12-21T16:55:26.831+0000] {dag.py:3340} INFO - Setting next_dagrun for tutorial_dag to None, run_after=None
[2023-12-21T16:55:26.854+0000] {processor.py:176} INFO - Processing /home/airflow/.local/lib/python3.7/site-packages/airflow/example_dags/tutorial_dag.py took 0.102 seconds
[2023-12-21T16:55:57.555+0000] {processor.py:154} INFO - Started process (PID=2424) to work on /home/airflow/.local/lib/python3.7/site-packages/airflow/example_dags/tutorial_dag.py
[2023-12-21T16:55:57.556+0000] {processor.py:756} INFO - Processing file /home/airflow/.local/lib/python3.7/site-packages/airflow/example_dags/tutorial_dag.py for tasks to queue
[2023-12-21T16:55:57.556+0000] {logging_mixin.py:120} INFO - [2023-12-21T16:55:57.556+0000] {dagbag.py:537} INFO - Filling up the DagBag from /home/airflow/.local/lib/python3.7/site-packages/airflow/example_dags/tutorial_dag.py
[2023-12-21T16:55:57.570+0000] {processor.py:766} INFO - DAG(s) dict_keys(['tutorial_dag']) retrieved from /home/airflow/.local/lib/python3.7/site-packages/airflow/example_dags/tutorial_dag.py
[2023-12-21T16:55:57.617+0000] {logging_mixin.py:120} INFO - [2023-12-21T16:55:57.616+0000] {dag.py:2585} INFO - Sync 1 DAGs
[2023-12-21T16:55:57.650+0000] {logging_mixin.py:120} INFO - [2023-12-21T16:55:57.649+0000] {dag.py:3340} INFO - Setting next_dagrun for tutorial_dag to None, run_after=None
[2023-12-21T16:55:57.673+0000] {processor.py:176} INFO - Processing /home/airflow/.local/lib/python3.7/site-packages/airflow/example_dags/tutorial_dag.py took 0.121 seconds
[2023-12-21T16:56:28.422+0000] {processor.py:154} INFO - Started process (PID=2478) to work on /home/airflow/.local/lib/python3.7/site-packages/airflow/example_dags/tutorial_dag.py
[2023-12-21T16:56:28.423+0000] {processor.py:756} INFO - Processing file /home/airflow/.local/lib/python3.7/site-packages/airflow/example_dags/tutorial_dag.py for tasks to queue
[2023-12-21T16:56:28.423+0000] {logging_mixin.py:120} INFO - [2023-12-21T16:56:28.423+0000] {dagbag.py:537} INFO - Filling up the DagBag from /home/airflow/.local/lib/python3.7/site-packages/airflow/example_dags/tutorial_dag.py
[2023-12-21T16:56:28.435+0000] {processor.py:766} INFO - DAG(s) dict_keys(['tutorial_dag']) retrieved from /home/airflow/.local/lib/python3.7/site-packages/airflow/example_dags/tutorial_dag.py
[2023-12-21T16:56:28.470+0000] {logging_mixin.py:120} INFO - [2023-12-21T16:56:28.470+0000] {dag.py:2585} INFO - Sync 1 DAGs
[2023-12-21T16:56:28.489+0000] {logging_mixin.py:120} INFO - [2023-12-21T16:56:28.489+0000] {dag.py:3340} INFO - Setting next_dagrun for tutorial_dag to None, run_after=None
[2023-12-21T16:56:28.514+0000] {processor.py:176} INFO - Processing /home/airflow/.local/lib/python3.7/site-packages/airflow/example_dags/tutorial_dag.py took 0.094 seconds
[2023-12-21T16:56:58.965+0000] {processor.py:154} INFO - Started process (PID=2542) to work on /home/airflow/.local/lib/python3.7/site-packages/airflow/example_dags/tutorial_dag.py
[2023-12-21T16:56:58.966+0000] {processor.py:756} INFO - Processing file /home/airflow/.local/lib/python3.7/site-packages/airflow/example_dags/tutorial_dag.py for tasks to queue
[2023-12-21T16:56:58.966+0000] {logging_mixin.py:120} INFO - [2023-12-21T16:56:58.966+0000] {dagbag.py:537} INFO - Filling up the DagBag from /home/airflow/.local/lib/python3.7/site-packages/airflow/example_dags/tutorial_dag.py
[2023-12-21T16:56:58.978+0000] {processor.py:766} INFO - DAG(s) dict_keys(['tutorial_dag']) retrieved from /home/airflow/.local/lib/python3.7/site-packages/airflow/example_dags/tutorial_dag.py
[2023-12-21T16:56:59.014+0000] {logging_mixin.py:120} INFO - [2023-12-21T16:56:59.014+0000] {dag.py:2585} INFO - Sync 1 DAGs
[2023-12-21T16:56:59.034+0000] {logging_mixin.py:120} INFO - [2023-12-21T16:56:59.034+0000] {dag.py:3340} INFO - Setting next_dagrun for tutorial_dag to None, run_after=None
[2023-12-21T16:56:59.056+0000] {processor.py:176} INFO - Processing /home/airflow/.local/lib/python3.7/site-packages/airflow/example_dags/tutorial_dag.py took 0.093 seconds
[2023-12-21T16:59:47.750+0000] {processor.py:154} INFO - Started process (PID=57) to work on /home/airflow/.local/lib/python3.7/site-packages/airflow/example_dags/tutorial_dag.py
[2023-12-21T16:59:47.758+0000] {processor.py:756} INFO - Processing file /home/airflow/.local/lib/python3.7/site-packages/airflow/example_dags/tutorial_dag.py for tasks to queue
[2023-12-21T16:59:47.759+0000] {logging_mixin.py:120} INFO - [2023-12-21T16:59:47.759+0000] {dagbag.py:537} INFO - Filling up the DagBag from /home/airflow/.local/lib/python3.7/site-packages/airflow/example_dags/tutorial_dag.py
[2023-12-21T16:59:47.775+0000] {processor.py:766} INFO - DAG(s) dict_keys(['tutorial_dag']) retrieved from /home/airflow/.local/lib/python3.7/site-packages/airflow/example_dags/tutorial_dag.py
[2023-12-21T16:59:47.820+0000] {logging_mixin.py:120} INFO - [2023-12-21T16:59:47.819+0000] {dag.py:2585} INFO - Sync 1 DAGs
[2023-12-21T16:59:47.850+0000] {logging_mixin.py:120} INFO - [2023-12-21T16:59:47.850+0000] {dag.py:3340} INFO - Setting next_dagrun for tutorial_dag to None, run_after=None
[2023-12-21T16:59:47.882+0000] {processor.py:176} INFO - Processing /home/airflow/.local/lib/python3.7/site-packages/airflow/example_dags/tutorial_dag.py took 0.136 seconds
