[2023-12-21T16:36:00.848+0000] {processor.py:154} INFO - Started process (PID=59) to work on /home/airflow/.local/lib/python3.7/site-packages/airflow/example_dags/tutorial.py
[2023-12-21T16:36:00.849+0000] {processor.py:756} INFO - Processing file /home/airflow/.local/lib/python3.7/site-packages/airflow/example_dags/tutorial.py for tasks to queue
[2023-12-21T16:36:00.850+0000] {logging_mixin.py:120} INFO - [2023-12-21T16:36:00.850+0000] {dagbag.py:537} INFO - Filling up the DagBag from /home/airflow/.local/lib/python3.7/site-packages/airflow/example_dags/tutorial.py
[2023-12-21T16:36:00.866+0000] {processor.py:766} INFO - DAG(s) dict_keys(['tutorial']) retrieved from /home/airflow/.local/lib/python3.7/site-packages/airflow/example_dags/tutorial.py
[2023-12-21T16:36:01.107+0000] {logging_mixin.py:120} INFO - [2023-12-21T16:36:01.107+0000] {manager.py:507} INFO - Created Permission View: can read on DAG:tutorial
[2023-12-21T16:36:01.134+0000] {logging_mixin.py:120} INFO - [2023-12-21T16:36:01.134+0000] {manager.py:507} INFO - Created Permission View: can delete on DAG:tutorial
[2023-12-21T16:36:01.149+0000] {logging_mixin.py:120} INFO - [2023-12-21T16:36:01.149+0000] {manager.py:507} INFO - Created Permission View: can edit on DAG:tutorial
[2023-12-21T16:36:01.150+0000] {logging_mixin.py:120} INFO - [2023-12-21T16:36:01.150+0000] {dag.py:2585} INFO - Sync 1 DAGs
[2023-12-21T16:36:01.171+0000] {logging_mixin.py:120} INFO - [2023-12-21T16:36:01.170+0000] {dag.py:2606} INFO - Creating ORM DAG for tutorial
[2023-12-21T16:36:01.189+0000] {logging_mixin.py:120} INFO - [2023-12-21T16:36:01.188+0000] {dag.py:3340} INFO - Setting next_dagrun for tutorial to 2023-12-20T16:36:01.188670+00:00, run_after=2023-12-21T16:36:01.188670+00:00
[2023-12-21T16:36:01.229+0000] {processor.py:176} INFO - Processing /home/airflow/.local/lib/python3.7/site-packages/airflow/example_dags/tutorial.py took 0.383 seconds
[2023-12-21T16:36:31.871+0000] {processor.py:154} INFO - Started process (PID=122) to work on /home/airflow/.local/lib/python3.7/site-packages/airflow/example_dags/tutorial.py
[2023-12-21T16:36:31.871+0000] {processor.py:756} INFO - Processing file /home/airflow/.local/lib/python3.7/site-packages/airflow/example_dags/tutorial.py for tasks to queue
[2023-12-21T16:36:31.872+0000] {logging_mixin.py:120} INFO - [2023-12-21T16:36:31.872+0000] {dagbag.py:537} INFO - Filling up the DagBag from /home/airflow/.local/lib/python3.7/site-packages/airflow/example_dags/tutorial.py
[2023-12-21T16:36:31.883+0000] {processor.py:766} INFO - DAG(s) dict_keys(['tutorial']) retrieved from /home/airflow/.local/lib/python3.7/site-packages/airflow/example_dags/tutorial.py
[2023-12-21T16:36:31.916+0000] {logging_mixin.py:120} INFO - [2023-12-21T16:36:31.916+0000] {dag.py:2585} INFO - Sync 1 DAGs
[2023-12-21T16:36:31.938+0000] {logging_mixin.py:120} INFO - [2023-12-21T16:36:31.937+0000] {dag.py:3340} INFO - Setting next_dagrun for tutorial to 2023-12-20T16:36:31.937764+00:00, run_after=2023-12-21T16:36:31.937764+00:00
[2023-12-21T16:36:31.960+0000] {processor.py:176} INFO - Processing /home/airflow/.local/lib/python3.7/site-packages/airflow/example_dags/tutorial.py took 0.092 seconds
[2023-12-21T16:37:02.607+0000] {processor.py:154} INFO - Started process (PID=177) to work on /home/airflow/.local/lib/python3.7/site-packages/airflow/example_dags/tutorial.py
[2023-12-21T16:37:02.608+0000] {processor.py:756} INFO - Processing file /home/airflow/.local/lib/python3.7/site-packages/airflow/example_dags/tutorial.py for tasks to queue
[2023-12-21T16:37:02.609+0000] {logging_mixin.py:120} INFO - [2023-12-21T16:37:02.608+0000] {dagbag.py:537} INFO - Filling up the DagBag from /home/airflow/.local/lib/python3.7/site-packages/airflow/example_dags/tutorial.py
[2023-12-21T16:37:02.625+0000] {processor.py:766} INFO - DAG(s) dict_keys(['tutorial']) retrieved from /home/airflow/.local/lib/python3.7/site-packages/airflow/example_dags/tutorial.py
[2023-12-21T16:37:02.662+0000] {logging_mixin.py:120} INFO - [2023-12-21T16:37:02.662+0000] {dag.py:2585} INFO - Sync 1 DAGs
[2023-12-21T16:37:02.682+0000] {logging_mixin.py:120} INFO - [2023-12-21T16:37:02.682+0000] {dag.py:3340} INFO - Setting next_dagrun for tutorial to 2023-12-20T16:37:02.682253+00:00, run_after=2023-12-21T16:37:02.682253+00:00
[2023-12-21T16:37:02.702+0000] {processor.py:176} INFO - Processing /home/airflow/.local/lib/python3.7/site-packages/airflow/example_dags/tutorial.py took 0.098 seconds
[2023-12-21T16:37:33.322+0000] {processor.py:154} INFO - Started process (PID=240) to work on /home/airflow/.local/lib/python3.7/site-packages/airflow/example_dags/tutorial.py
[2023-12-21T16:37:33.323+0000] {processor.py:756} INFO - Processing file /home/airflow/.local/lib/python3.7/site-packages/airflow/example_dags/tutorial.py for tasks to queue
[2023-12-21T16:37:33.323+0000] {logging_mixin.py:120} INFO - [2023-12-21T16:37:33.323+0000] {dagbag.py:537} INFO - Filling up the DagBag from /home/airflow/.local/lib/python3.7/site-packages/airflow/example_dags/tutorial.py
[2023-12-21T16:37:33.335+0000] {processor.py:766} INFO - DAG(s) dict_keys(['tutorial']) retrieved from /home/airflow/.local/lib/python3.7/site-packages/airflow/example_dags/tutorial.py
[2023-12-21T16:37:33.371+0000] {logging_mixin.py:120} INFO - [2023-12-21T16:37:33.371+0000] {dag.py:2585} INFO - Sync 1 DAGs
[2023-12-21T16:37:33.402+0000] {logging_mixin.py:120} INFO - [2023-12-21T16:37:33.401+0000] {dag.py:3340} INFO - Setting next_dagrun for tutorial to 2023-12-20T16:37:33.401570+00:00, run_after=2023-12-21T16:37:33.401570+00:00
[2023-12-21T16:37:33.432+0000] {processor.py:176} INFO - Processing /home/airflow/.local/lib/python3.7/site-packages/airflow/example_dags/tutorial.py took 0.112 seconds
[2023-12-21T16:38:04.077+0000] {processor.py:154} INFO - Started process (PID=304) to work on /home/airflow/.local/lib/python3.7/site-packages/airflow/example_dags/tutorial.py
[2023-12-21T16:38:04.077+0000] {processor.py:756} INFO - Processing file /home/airflow/.local/lib/python3.7/site-packages/airflow/example_dags/tutorial.py for tasks to queue
[2023-12-21T16:38:04.078+0000] {logging_mixin.py:120} INFO - [2023-12-21T16:38:04.078+0000] {dagbag.py:537} INFO - Filling up the DagBag from /home/airflow/.local/lib/python3.7/site-packages/airflow/example_dags/tutorial.py
[2023-12-21T16:38:04.090+0000] {processor.py:766} INFO - DAG(s) dict_keys(['tutorial']) retrieved from /home/airflow/.local/lib/python3.7/site-packages/airflow/example_dags/tutorial.py
[2023-12-21T16:38:04.122+0000] {logging_mixin.py:120} INFO - [2023-12-21T16:38:04.122+0000] {dag.py:2585} INFO - Sync 1 DAGs
[2023-12-21T16:38:04.142+0000] {logging_mixin.py:120} INFO - [2023-12-21T16:38:04.141+0000] {dag.py:3340} INFO - Setting next_dagrun for tutorial to 2023-12-20T16:38:04.141754+00:00, run_after=2023-12-21T16:38:04.141754+00:00
[2023-12-21T16:38:04.163+0000] {processor.py:176} INFO - Processing /home/airflow/.local/lib/python3.7/site-packages/airflow/example_dags/tutorial.py took 0.088 seconds
[2023-12-21T16:38:34.206+0000] {processor.py:154} INFO - Started process (PID=366) to work on /home/airflow/.local/lib/python3.7/site-packages/airflow/example_dags/tutorial.py
[2023-12-21T16:38:34.207+0000] {processor.py:756} INFO - Processing file /home/airflow/.local/lib/python3.7/site-packages/airflow/example_dags/tutorial.py for tasks to queue
[2023-12-21T16:38:34.207+0000] {logging_mixin.py:120} INFO - [2023-12-21T16:38:34.207+0000] {dagbag.py:537} INFO - Filling up the DagBag from /home/airflow/.local/lib/python3.7/site-packages/airflow/example_dags/tutorial.py
[2023-12-21T16:38:34.221+0000] {processor.py:766} INFO - DAG(s) dict_keys(['tutorial']) retrieved from /home/airflow/.local/lib/python3.7/site-packages/airflow/example_dags/tutorial.py
[2023-12-21T16:38:34.259+0000] {logging_mixin.py:120} INFO - [2023-12-21T16:38:34.259+0000] {dag.py:2585} INFO - Sync 1 DAGs
[2023-12-21T16:38:34.293+0000] {logging_mixin.py:120} INFO - [2023-12-21T16:38:34.293+0000] {dag.py:3340} INFO - Setting next_dagrun for tutorial to 2023-12-20T16:38:34.293306+00:00, run_after=2023-12-21T16:38:34.293306+00:00
[2023-12-21T16:38:34.323+0000] {processor.py:176} INFO - Processing /home/airflow/.local/lib/python3.7/site-packages/airflow/example_dags/tutorial.py took 0.119 seconds
[2023-12-21T16:39:04.398+0000] {processor.py:154} INFO - Started process (PID=420) to work on /home/airflow/.local/lib/python3.7/site-packages/airflow/example_dags/tutorial.py
[2023-12-21T16:39:04.399+0000] {processor.py:756} INFO - Processing file /home/airflow/.local/lib/python3.7/site-packages/airflow/example_dags/tutorial.py for tasks to queue
[2023-12-21T16:39:04.399+0000] {logging_mixin.py:120} INFO - [2023-12-21T16:39:04.399+0000] {dagbag.py:537} INFO - Filling up the DagBag from /home/airflow/.local/lib/python3.7/site-packages/airflow/example_dags/tutorial.py
[2023-12-21T16:39:04.414+0000] {processor.py:766} INFO - DAG(s) dict_keys(['tutorial']) retrieved from /home/airflow/.local/lib/python3.7/site-packages/airflow/example_dags/tutorial.py
[2023-12-21T16:39:04.456+0000] {logging_mixin.py:120} INFO - [2023-12-21T16:39:04.456+0000] {dag.py:2585} INFO - Sync 1 DAGs
[2023-12-21T16:39:04.483+0000] {logging_mixin.py:120} INFO - [2023-12-21T16:39:04.483+0000] {dag.py:3340} INFO - Setting next_dagrun for tutorial to 2023-12-20T16:39:04.482831+00:00, run_after=2023-12-21T16:39:04.482831+00:00
[2023-12-21T16:39:04.505+0000] {processor.py:176} INFO - Processing /home/airflow/.local/lib/python3.7/site-packages/airflow/example_dags/tutorial.py took 0.109 seconds
[2023-12-21T16:39:35.112+0000] {processor.py:154} INFO - Started process (PID=483) to work on /home/airflow/.local/lib/python3.7/site-packages/airflow/example_dags/tutorial.py
[2023-12-21T16:39:35.113+0000] {processor.py:756} INFO - Processing file /home/airflow/.local/lib/python3.7/site-packages/airflow/example_dags/tutorial.py for tasks to queue
[2023-12-21T16:39:35.113+0000] {logging_mixin.py:120} INFO - [2023-12-21T16:39:35.113+0000] {dagbag.py:537} INFO - Filling up the DagBag from /home/airflow/.local/lib/python3.7/site-packages/airflow/example_dags/tutorial.py
[2023-12-21T16:39:35.125+0000] {processor.py:766} INFO - DAG(s) dict_keys(['tutorial']) retrieved from /home/airflow/.local/lib/python3.7/site-packages/airflow/example_dags/tutorial.py
[2023-12-21T16:39:35.162+0000] {logging_mixin.py:120} INFO - [2023-12-21T16:39:35.161+0000] {dag.py:2585} INFO - Sync 1 DAGs
[2023-12-21T16:39:35.183+0000] {logging_mixin.py:120} INFO - [2023-12-21T16:39:35.183+0000] {dag.py:3340} INFO - Setting next_dagrun for tutorial to 2023-12-20T16:39:35.183574+00:00, run_after=2023-12-21T16:39:35.183574+00:00
[2023-12-21T16:39:35.205+0000] {processor.py:176} INFO - Processing /home/airflow/.local/lib/python3.7/site-packages/airflow/example_dags/tutorial.py took 0.095 seconds
[2023-12-21T16:40:05.709+0000] {processor.py:154} INFO - Started process (PID=546) to work on /home/airflow/.local/lib/python3.7/site-packages/airflow/example_dags/tutorial.py
[2023-12-21T16:40:05.709+0000] {processor.py:756} INFO - Processing file /home/airflow/.local/lib/python3.7/site-packages/airflow/example_dags/tutorial.py for tasks to queue
[2023-12-21T16:40:05.710+0000] {logging_mixin.py:120} INFO - [2023-12-21T16:40:05.710+0000] {dagbag.py:537} INFO - Filling up the DagBag from /home/airflow/.local/lib/python3.7/site-packages/airflow/example_dags/tutorial.py
[2023-12-21T16:40:05.725+0000] {processor.py:766} INFO - DAG(s) dict_keys(['tutorial']) retrieved from /home/airflow/.local/lib/python3.7/site-packages/airflow/example_dags/tutorial.py
[2023-12-21T16:40:05.762+0000] {logging_mixin.py:120} INFO - [2023-12-21T16:40:05.762+0000] {dag.py:2585} INFO - Sync 1 DAGs
[2023-12-21T16:40:05.781+0000] {logging_mixin.py:120} INFO - [2023-12-21T16:40:05.781+0000] {dag.py:3340} INFO - Setting next_dagrun for tutorial to 2023-12-20T16:40:05.781325+00:00, run_after=2023-12-21T16:40:05.781325+00:00
[2023-12-21T16:40:05.803+0000] {processor.py:176} INFO - Processing /home/airflow/.local/lib/python3.7/site-packages/airflow/example_dags/tutorial.py took 0.097 seconds
[2023-12-21T16:40:36.509+0000] {processor.py:154} INFO - Started process (PID=609) to work on /home/airflow/.local/lib/python3.7/site-packages/airflow/example_dags/tutorial.py
[2023-12-21T16:40:36.510+0000] {processor.py:756} INFO - Processing file /home/airflow/.local/lib/python3.7/site-packages/airflow/example_dags/tutorial.py for tasks to queue
[2023-12-21T16:40:36.510+0000] {logging_mixin.py:120} INFO - [2023-12-21T16:40:36.510+0000] {dagbag.py:537} INFO - Filling up the DagBag from /home/airflow/.local/lib/python3.7/site-packages/airflow/example_dags/tutorial.py
[2023-12-21T16:40:36.523+0000] {processor.py:766} INFO - DAG(s) dict_keys(['tutorial']) retrieved from /home/airflow/.local/lib/python3.7/site-packages/airflow/example_dags/tutorial.py
[2023-12-21T16:40:36.558+0000] {logging_mixin.py:120} INFO - [2023-12-21T16:40:36.558+0000] {dag.py:2585} INFO - Sync 1 DAGs
[2023-12-21T16:40:36.579+0000] {logging_mixin.py:120} INFO - [2023-12-21T16:40:36.579+0000] {dag.py:3340} INFO - Setting next_dagrun for tutorial to 2023-12-20T16:40:36.579423+00:00, run_after=2023-12-21T16:40:36.579423+00:00
[2023-12-21T16:40:36.603+0000] {processor.py:176} INFO - Processing /home/airflow/.local/lib/python3.7/site-packages/airflow/example_dags/tutorial.py took 0.096 seconds
[2023-12-21T16:41:07.274+0000] {processor.py:154} INFO - Started process (PID=663) to work on /home/airflow/.local/lib/python3.7/site-packages/airflow/example_dags/tutorial.py
[2023-12-21T16:41:07.274+0000] {processor.py:756} INFO - Processing file /home/airflow/.local/lib/python3.7/site-packages/airflow/example_dags/tutorial.py for tasks to queue
[2023-12-21T16:41:07.275+0000] {logging_mixin.py:120} INFO - [2023-12-21T16:41:07.274+0000] {dagbag.py:537} INFO - Filling up the DagBag from /home/airflow/.local/lib/python3.7/site-packages/airflow/example_dags/tutorial.py
[2023-12-21T16:41:07.287+0000] {processor.py:766} INFO - DAG(s) dict_keys(['tutorial']) retrieved from /home/airflow/.local/lib/python3.7/site-packages/airflow/example_dags/tutorial.py
[2023-12-21T16:41:07.321+0000] {logging_mixin.py:120} INFO - [2023-12-21T16:41:07.321+0000] {dag.py:2585} INFO - Sync 1 DAGs
[2023-12-21T16:41:07.342+0000] {logging_mixin.py:120} INFO - [2023-12-21T16:41:07.342+0000] {dag.py:3340} INFO - Setting next_dagrun for tutorial to 2023-12-20T16:41:07.342633+00:00, run_after=2023-12-21T16:41:07.342633+00:00
[2023-12-21T16:41:07.363+0000] {processor.py:176} INFO - Processing /home/airflow/.local/lib/python3.7/site-packages/airflow/example_dags/tutorial.py took 0.092 seconds
[2023-12-21T16:41:37.860+0000] {processor.py:154} INFO - Started process (PID=726) to work on /home/airflow/.local/lib/python3.7/site-packages/airflow/example_dags/tutorial.py
[2023-12-21T16:41:37.860+0000] {processor.py:756} INFO - Processing file /home/airflow/.local/lib/python3.7/site-packages/airflow/example_dags/tutorial.py for tasks to queue
[2023-12-21T16:41:37.861+0000] {logging_mixin.py:120} INFO - [2023-12-21T16:41:37.861+0000] {dagbag.py:537} INFO - Filling up the DagBag from /home/airflow/.local/lib/python3.7/site-packages/airflow/example_dags/tutorial.py
[2023-12-21T16:41:37.874+0000] {processor.py:766} INFO - DAG(s) dict_keys(['tutorial']) retrieved from /home/airflow/.local/lib/python3.7/site-packages/airflow/example_dags/tutorial.py
[2023-12-21T16:41:37.907+0000] {logging_mixin.py:120} INFO - [2023-12-21T16:41:37.907+0000] {dag.py:2585} INFO - Sync 1 DAGs
[2023-12-21T16:41:37.928+0000] {logging_mixin.py:120} INFO - [2023-12-21T16:41:37.927+0000] {dag.py:3340} INFO - Setting next_dagrun for tutorial to 2023-12-20T16:41:37.927714+00:00, run_after=2023-12-21T16:41:37.927714+00:00
[2023-12-21T16:41:37.947+0000] {processor.py:176} INFO - Processing /home/airflow/.local/lib/python3.7/site-packages/airflow/example_dags/tutorial.py took 0.090 seconds
[2023-12-21T16:42:08.623+0000] {processor.py:154} INFO - Started process (PID=790) to work on /home/airflow/.local/lib/python3.7/site-packages/airflow/example_dags/tutorial.py
[2023-12-21T16:42:08.624+0000] {processor.py:756} INFO - Processing file /home/airflow/.local/lib/python3.7/site-packages/airflow/example_dags/tutorial.py for tasks to queue
[2023-12-21T16:42:08.624+0000] {logging_mixin.py:120} INFO - [2023-12-21T16:42:08.624+0000] {dagbag.py:537} INFO - Filling up the DagBag from /home/airflow/.local/lib/python3.7/site-packages/airflow/example_dags/tutorial.py
[2023-12-21T16:42:08.636+0000] {processor.py:766} INFO - DAG(s) dict_keys(['tutorial']) retrieved from /home/airflow/.local/lib/python3.7/site-packages/airflow/example_dags/tutorial.py
[2023-12-21T16:42:08.670+0000] {logging_mixin.py:120} INFO - [2023-12-21T16:42:08.670+0000] {dag.py:2585} INFO - Sync 1 DAGs
[2023-12-21T16:42:08.690+0000] {logging_mixin.py:120} INFO - [2023-12-21T16:42:08.690+0000] {dag.py:3340} INFO - Setting next_dagrun for tutorial to 2023-12-20T16:42:08.690197+00:00, run_after=2023-12-21T16:42:08.690197+00:00
[2023-12-21T16:42:08.711+0000] {processor.py:176} INFO - Processing /home/airflow/.local/lib/python3.7/site-packages/airflow/example_dags/tutorial.py took 0.090 seconds
[2023-12-21T16:42:39.450+0000] {processor.py:154} INFO - Started process (PID=853) to work on /home/airflow/.local/lib/python3.7/site-packages/airflow/example_dags/tutorial.py
[2023-12-21T16:42:39.451+0000] {processor.py:756} INFO - Processing file /home/airflow/.local/lib/python3.7/site-packages/airflow/example_dags/tutorial.py for tasks to queue
[2023-12-21T16:42:39.452+0000] {logging_mixin.py:120} INFO - [2023-12-21T16:42:39.452+0000] {dagbag.py:537} INFO - Filling up the DagBag from /home/airflow/.local/lib/python3.7/site-packages/airflow/example_dags/tutorial.py
[2023-12-21T16:42:39.467+0000] {processor.py:766} INFO - DAG(s) dict_keys(['tutorial']) retrieved from /home/airflow/.local/lib/python3.7/site-packages/airflow/example_dags/tutorial.py
[2023-12-21T16:42:39.505+0000] {logging_mixin.py:120} INFO - [2023-12-21T16:42:39.505+0000] {dag.py:2585} INFO - Sync 1 DAGs
[2023-12-21T16:42:39.524+0000] {logging_mixin.py:120} INFO - [2023-12-21T16:42:39.524+0000] {dag.py:3340} INFO - Setting next_dagrun for tutorial to 2023-12-20T16:42:39.524672+00:00, run_after=2023-12-21T16:42:39.524672+00:00
[2023-12-21T16:42:39.544+0000] {processor.py:176} INFO - Processing /home/airflow/.local/lib/python3.7/site-packages/airflow/example_dags/tutorial.py took 0.097 seconds
[2023-12-21T16:43:10.168+0000] {processor.py:154} INFO - Started process (PID=907) to work on /home/airflow/.local/lib/python3.7/site-packages/airflow/example_dags/tutorial.py
[2023-12-21T16:43:10.168+0000] {processor.py:756} INFO - Processing file /home/airflow/.local/lib/python3.7/site-packages/airflow/example_dags/tutorial.py for tasks to queue
[2023-12-21T16:43:10.169+0000] {logging_mixin.py:120} INFO - [2023-12-21T16:43:10.169+0000] {dagbag.py:537} INFO - Filling up the DagBag from /home/airflow/.local/lib/python3.7/site-packages/airflow/example_dags/tutorial.py
[2023-12-21T16:43:10.181+0000] {processor.py:766} INFO - DAG(s) dict_keys(['tutorial']) retrieved from /home/airflow/.local/lib/python3.7/site-packages/airflow/example_dags/tutorial.py
[2023-12-21T16:43:10.218+0000] {logging_mixin.py:120} INFO - [2023-12-21T16:43:10.218+0000] {dag.py:2585} INFO - Sync 1 DAGs
[2023-12-21T16:43:10.242+0000] {logging_mixin.py:120} INFO - [2023-12-21T16:43:10.242+0000] {dag.py:3340} INFO - Setting next_dagrun for tutorial to 2023-12-20T16:43:10.242404+00:00, run_after=2023-12-21T16:43:10.242404+00:00
[2023-12-21T16:43:10.270+0000] {processor.py:176} INFO - Processing /home/airflow/.local/lib/python3.7/site-packages/airflow/example_dags/tutorial.py took 0.105 seconds
[2023-12-21T16:43:40.706+0000] {processor.py:154} INFO - Started process (PID=970) to work on /home/airflow/.local/lib/python3.7/site-packages/airflow/example_dags/tutorial.py
[2023-12-21T16:43:40.706+0000] {processor.py:756} INFO - Processing file /home/airflow/.local/lib/python3.7/site-packages/airflow/example_dags/tutorial.py for tasks to queue
[2023-12-21T16:43:40.707+0000] {logging_mixin.py:120} INFO - [2023-12-21T16:43:40.707+0000] {dagbag.py:537} INFO - Filling up the DagBag from /home/airflow/.local/lib/python3.7/site-packages/airflow/example_dags/tutorial.py
[2023-12-21T16:43:40.720+0000] {processor.py:766} INFO - DAG(s) dict_keys(['tutorial']) retrieved from /home/airflow/.local/lib/python3.7/site-packages/airflow/example_dags/tutorial.py
[2023-12-21T16:43:40.757+0000] {logging_mixin.py:120} INFO - [2023-12-21T16:43:40.756+0000] {dag.py:2585} INFO - Sync 1 DAGs
[2023-12-21T16:43:40.779+0000] {logging_mixin.py:120} INFO - [2023-12-21T16:43:40.779+0000] {dag.py:3340} INFO - Setting next_dagrun for tutorial to 2023-12-20T16:43:40.779503+00:00, run_after=2023-12-21T16:43:40.779503+00:00
[2023-12-21T16:43:40.802+0000] {processor.py:176} INFO - Processing /home/airflow/.local/lib/python3.7/site-packages/airflow/example_dags/tutorial.py took 0.099 seconds
[2023-12-21T16:44:11.395+0000] {processor.py:154} INFO - Started process (PID=1033) to work on /home/airflow/.local/lib/python3.7/site-packages/airflow/example_dags/tutorial.py
[2023-12-21T16:44:11.395+0000] {processor.py:756} INFO - Processing file /home/airflow/.local/lib/python3.7/site-packages/airflow/example_dags/tutorial.py for tasks to queue
[2023-12-21T16:44:11.396+0000] {logging_mixin.py:120} INFO - [2023-12-21T16:44:11.396+0000] {dagbag.py:537} INFO - Filling up the DagBag from /home/airflow/.local/lib/python3.7/site-packages/airflow/example_dags/tutorial.py
[2023-12-21T16:44:11.413+0000] {processor.py:766} INFO - DAG(s) dict_keys(['tutorial']) retrieved from /home/airflow/.local/lib/python3.7/site-packages/airflow/example_dags/tutorial.py
[2023-12-21T16:44:11.452+0000] {logging_mixin.py:120} INFO - [2023-12-21T16:44:11.452+0000] {dag.py:2585} INFO - Sync 1 DAGs
[2023-12-21T16:44:11.472+0000] {logging_mixin.py:120} INFO - [2023-12-21T16:44:11.472+0000] {dag.py:3340} INFO - Setting next_dagrun for tutorial to 2023-12-20T16:44:11.472265+00:00, run_after=2023-12-21T16:44:11.472265+00:00
[2023-12-21T16:44:11.494+0000] {processor.py:176} INFO - Processing /home/airflow/.local/lib/python3.7/site-packages/airflow/example_dags/tutorial.py took 0.103 seconds
[2023-12-21T16:44:42.263+0000] {processor.py:154} INFO - Started process (PID=1097) to work on /home/airflow/.local/lib/python3.7/site-packages/airflow/example_dags/tutorial.py
[2023-12-21T16:44:42.263+0000] {processor.py:756} INFO - Processing file /home/airflow/.local/lib/python3.7/site-packages/airflow/example_dags/tutorial.py for tasks to queue
[2023-12-21T16:44:42.264+0000] {logging_mixin.py:120} INFO - [2023-12-21T16:44:42.264+0000] {dagbag.py:537} INFO - Filling up the DagBag from /home/airflow/.local/lib/python3.7/site-packages/airflow/example_dags/tutorial.py
[2023-12-21T16:44:42.281+0000] {processor.py:766} INFO - DAG(s) dict_keys(['tutorial']) retrieved from /home/airflow/.local/lib/python3.7/site-packages/airflow/example_dags/tutorial.py
[2023-12-21T16:44:42.332+0000] {logging_mixin.py:120} INFO - [2023-12-21T16:44:42.332+0000] {dag.py:2585} INFO - Sync 1 DAGs
[2023-12-21T16:44:42.362+0000] {logging_mixin.py:120} INFO - [2023-12-21T16:44:42.362+0000] {dag.py:3340} INFO - Setting next_dagrun for tutorial to 2023-12-20T16:44:42.362353+00:00, run_after=2023-12-21T16:44:42.362353+00:00
[2023-12-21T16:44:42.390+0000] {processor.py:176} INFO - Processing /home/airflow/.local/lib/python3.7/site-packages/airflow/example_dags/tutorial.py took 0.131 seconds
[2023-12-21T16:45:13.189+0000] {processor.py:154} INFO - Started process (PID=1151) to work on /home/airflow/.local/lib/python3.7/site-packages/airflow/example_dags/tutorial.py
[2023-12-21T16:45:13.190+0000] {processor.py:756} INFO - Processing file /home/airflow/.local/lib/python3.7/site-packages/airflow/example_dags/tutorial.py for tasks to queue
[2023-12-21T16:45:13.190+0000] {logging_mixin.py:120} INFO - [2023-12-21T16:45:13.190+0000] {dagbag.py:537} INFO - Filling up the DagBag from /home/airflow/.local/lib/python3.7/site-packages/airflow/example_dags/tutorial.py
[2023-12-21T16:45:13.207+0000] {processor.py:766} INFO - DAG(s) dict_keys(['tutorial']) retrieved from /home/airflow/.local/lib/python3.7/site-packages/airflow/example_dags/tutorial.py
[2023-12-21T16:45:13.256+0000] {logging_mixin.py:120} INFO - [2023-12-21T16:45:13.256+0000] {dag.py:2585} INFO - Sync 1 DAGs
[2023-12-21T16:45:13.290+0000] {logging_mixin.py:120} INFO - [2023-12-21T16:45:13.290+0000] {dag.py:3340} INFO - Setting next_dagrun for tutorial to 2023-12-20T16:45:13.289832+00:00, run_after=2023-12-21T16:45:13.289832+00:00
[2023-12-21T16:45:13.315+0000] {processor.py:176} INFO - Processing /home/airflow/.local/lib/python3.7/site-packages/airflow/example_dags/tutorial.py took 0.129 seconds
[2023-12-21T16:45:43.763+0000] {processor.py:154} INFO - Started process (PID=1213) to work on /home/airflow/.local/lib/python3.7/site-packages/airflow/example_dags/tutorial.py
[2023-12-21T16:45:43.764+0000] {processor.py:756} INFO - Processing file /home/airflow/.local/lib/python3.7/site-packages/airflow/example_dags/tutorial.py for tasks to queue
[2023-12-21T16:45:43.765+0000] {logging_mixin.py:120} INFO - [2023-12-21T16:45:43.764+0000] {dagbag.py:537} INFO - Filling up the DagBag from /home/airflow/.local/lib/python3.7/site-packages/airflow/example_dags/tutorial.py
[2023-12-21T16:45:43.777+0000] {processor.py:766} INFO - DAG(s) dict_keys(['tutorial']) retrieved from /home/airflow/.local/lib/python3.7/site-packages/airflow/example_dags/tutorial.py
[2023-12-21T16:45:43.811+0000] {logging_mixin.py:120} INFO - [2023-12-21T16:45:43.811+0000] {dag.py:2585} INFO - Sync 1 DAGs
[2023-12-21T16:45:43.833+0000] {logging_mixin.py:120} INFO - [2023-12-21T16:45:43.833+0000] {dag.py:3340} INFO - Setting next_dagrun for tutorial to 2023-12-20T16:45:43.833530+00:00, run_after=2023-12-21T16:45:43.833530+00:00
[2023-12-21T16:45:43.854+0000] {processor.py:176} INFO - Processing /home/airflow/.local/lib/python3.7/site-packages/airflow/example_dags/tutorial.py took 0.094 seconds
[2023-12-21T16:46:14.614+0000] {processor.py:154} INFO - Started process (PID=1276) to work on /home/airflow/.local/lib/python3.7/site-packages/airflow/example_dags/tutorial.py
[2023-12-21T16:46:14.614+0000] {processor.py:756} INFO - Processing file /home/airflow/.local/lib/python3.7/site-packages/airflow/example_dags/tutorial.py for tasks to queue
[2023-12-21T16:46:14.615+0000] {logging_mixin.py:120} INFO - [2023-12-21T16:46:14.615+0000] {dagbag.py:537} INFO - Filling up the DagBag from /home/airflow/.local/lib/python3.7/site-packages/airflow/example_dags/tutorial.py
[2023-12-21T16:46:14.629+0000] {processor.py:766} INFO - DAG(s) dict_keys(['tutorial']) retrieved from /home/airflow/.local/lib/python3.7/site-packages/airflow/example_dags/tutorial.py
[2023-12-21T16:46:14.666+0000] {logging_mixin.py:120} INFO - [2023-12-21T16:46:14.666+0000] {dag.py:2585} INFO - Sync 1 DAGs
[2023-12-21T16:46:14.686+0000] {logging_mixin.py:120} INFO - [2023-12-21T16:46:14.686+0000] {dag.py:3340} INFO - Setting next_dagrun for tutorial to 2023-12-20T16:46:14.686109+00:00, run_after=2023-12-21T16:46:14.686109+00:00
[2023-12-21T16:46:14.706+0000] {processor.py:176} INFO - Processing /home/airflow/.local/lib/python3.7/site-packages/airflow/example_dags/tutorial.py took 0.095 seconds
[2023-12-21T16:46:45.457+0000] {processor.py:154} INFO - Started process (PID=1338) to work on /home/airflow/.local/lib/python3.7/site-packages/airflow/example_dags/tutorial.py
[2023-12-21T16:46:45.458+0000] {processor.py:756} INFO - Processing file /home/airflow/.local/lib/python3.7/site-packages/airflow/example_dags/tutorial.py for tasks to queue
[2023-12-21T16:46:45.458+0000] {logging_mixin.py:120} INFO - [2023-12-21T16:46:45.458+0000] {dagbag.py:537} INFO - Filling up the DagBag from /home/airflow/.local/lib/python3.7/site-packages/airflow/example_dags/tutorial.py
[2023-12-21T16:46:45.476+0000] {processor.py:766} INFO - DAG(s) dict_keys(['tutorial']) retrieved from /home/airflow/.local/lib/python3.7/site-packages/airflow/example_dags/tutorial.py
[2023-12-21T16:46:45.524+0000] {logging_mixin.py:120} INFO - [2023-12-21T16:46:45.524+0000] {dag.py:2585} INFO - Sync 1 DAGs
[2023-12-21T16:46:45.571+0000] {logging_mixin.py:120} INFO - [2023-12-21T16:46:45.571+0000] {dag.py:3340} INFO - Setting next_dagrun for tutorial to 2023-12-20T16:46:45.571451+00:00, run_after=2023-12-21T16:46:45.571451+00:00
[2023-12-21T16:46:45.597+0000] {processor.py:176} INFO - Processing /home/airflow/.local/lib/python3.7/site-packages/airflow/example_dags/tutorial.py took 0.144 seconds
[2023-12-21T16:47:15.668+0000] {processor.py:154} INFO - Started process (PID=1392) to work on /home/airflow/.local/lib/python3.7/site-packages/airflow/example_dags/tutorial.py
[2023-12-21T16:47:15.669+0000] {processor.py:756} INFO - Processing file /home/airflow/.local/lib/python3.7/site-packages/airflow/example_dags/tutorial.py for tasks to queue
[2023-12-21T16:47:15.669+0000] {logging_mixin.py:120} INFO - [2023-12-21T16:47:15.669+0000] {dagbag.py:537} INFO - Filling up the DagBag from /home/airflow/.local/lib/python3.7/site-packages/airflow/example_dags/tutorial.py
[2023-12-21T16:47:15.682+0000] {processor.py:766} INFO - DAG(s) dict_keys(['tutorial']) retrieved from /home/airflow/.local/lib/python3.7/site-packages/airflow/example_dags/tutorial.py
[2023-12-21T16:47:15.720+0000] {logging_mixin.py:120} INFO - [2023-12-21T16:47:15.720+0000] {dag.py:2585} INFO - Sync 1 DAGs
[2023-12-21T16:47:15.747+0000] {logging_mixin.py:120} INFO - [2023-12-21T16:47:15.747+0000] {dag.py:3340} INFO - Setting next_dagrun for tutorial to 2023-12-20T16:47:15.747043+00:00, run_after=2023-12-21T16:47:15.747043+00:00
[2023-12-21T16:47:15.770+0000] {processor.py:176} INFO - Processing /home/airflow/.local/lib/python3.7/site-packages/airflow/example_dags/tutorial.py took 0.104 seconds
