[2023-12-25T19:24:50.681+0000] {processor.py:154} INFO - Started process (PID=4672) to work on /opt/airflow/dags/branch_week_dag.py
[2023-12-25T19:24:50.682+0000] {processor.py:756} INFO - Processing file /opt/airflow/dags/branch_week_dag.py for tasks to queue
[2023-12-25T19:24:50.683+0000] {logging_mixin.py:120} INFO - [2023-12-25T19:24:50.683+0000] {dagbag.py:537} INFO - Filling up the DagBag from /opt/airflow/dags/branch_week_dag.py
[2023-12-25T19:24:50.684+0000] {logging_mixin.py:120} INFO - [2023-12-25T19:24:50.684+0000] {dagbag.py:342} ERROR - Failed to import: /opt/airflow/dags/branch_week_dag.py
Traceback (most recent call last):
  File "/home/airflow/.local/lib/python3.7/site-packages/airflow/models/dagbag.py", line 338, in parse
    loader.exec_module(new_module)
  File "<frozen importlib._bootstrap_external>", line 724, in exec_module
  File "<frozen importlib._bootstrap_external>", line 860, in get_code
  File "<frozen importlib._bootstrap_external>", line 791, in source_to_code
  File "<frozen importlib._bootstrap>", line 219, in _call_with_frames_removed
  File "/opt/airflow/dags/branch_week_dag.py", line 17
    is_wednesday =
                  ^
SyntaxError: invalid syntax
[2023-12-25T19:24:50.685+0000] {processor.py:768} WARNING - No viable dags retrieved from /opt/airflow/dags/branch_week_dag.py
[2023-12-25T19:24:50.707+0000] {processor.py:176} INFO - Processing /opt/airflow/dags/branch_week_dag.py took 0.028 seconds
[2023-12-25T19:24:56.851+0000] {processor.py:154} INFO - Started process (PID=4683) to work on /opt/airflow/dags/branch_week_dag.py
[2023-12-25T19:24:56.852+0000] {processor.py:756} INFO - Processing file /opt/airflow/dags/branch_week_dag.py for tasks to queue
[2023-12-25T19:24:56.852+0000] {logging_mixin.py:120} INFO - [2023-12-25T19:24:56.852+0000] {dagbag.py:537} INFO - Filling up the DagBag from /opt/airflow/dags/branch_week_dag.py
[2023-12-25T19:24:56.854+0000] {logging_mixin.py:120} INFO - [2023-12-25T19:24:56.853+0000] {dagbag.py:342} ERROR - Failed to import: /opt/airflow/dags/branch_week_dag.py
Traceback (most recent call last):
  File "/home/airflow/.local/lib/python3.7/site-packages/airflow/models/dagbag.py", line 338, in parse
    loader.exec_module(new_module)
  File "<frozen importlib._bootstrap_external>", line 724, in exec_module
  File "<frozen importlib._bootstrap_external>", line 860, in get_code
  File "<frozen importlib._bootstrap_external>", line 791, in source_to_code
  File "<frozen importlib._bootstrap>", line 219, in _call_with_frames_removed
  File "/opt/airflow/dags/branch_week_dag.py", line 17
    is_wednesday =
                  ^
SyntaxError: invalid syntax
[2023-12-25T19:24:56.854+0000] {processor.py:768} WARNING - No viable dags retrieved from /opt/airflow/dags/branch_week_dag.py
[2023-12-25T19:24:56.875+0000] {processor.py:176} INFO - Processing /opt/airflow/dags/branch_week_dag.py took 0.026 seconds
[2023-12-25T19:25:01.878+0000] {processor.py:154} INFO - Started process (PID=4684) to work on /opt/airflow/dags/branch_week_dag.py
[2023-12-25T19:25:01.879+0000] {processor.py:756} INFO - Processing file /opt/airflow/dags/branch_week_dag.py for tasks to queue
[2023-12-25T19:25:01.879+0000] {logging_mixin.py:120} INFO - [2023-12-25T19:25:01.879+0000] {dagbag.py:537} INFO - Filling up the DagBag from /opt/airflow/dags/branch_week_dag.py
[2023-12-25T19:25:01.895+0000] {processor.py:766} INFO - DAG(s) dict_keys(['my_BranchDayOfWeekOperator_dag']) retrieved from /opt/airflow/dags/branch_week_dag.py
[2023-12-25T19:25:02.016+0000] {logging_mixin.py:120} INFO - [2023-12-25T19:25:02.015+0000] {manager.py:507} INFO - Created Permission View: can delete on DAG:my_BranchDayOfWeekOperator_dag
[2023-12-25T19:25:02.028+0000] {logging_mixin.py:120} INFO - [2023-12-25T19:25:02.028+0000] {manager.py:507} INFO - Created Permission View: can read on DAG:my_BranchDayOfWeekOperator_dag
[2023-12-25T19:25:02.038+0000] {logging_mixin.py:120} INFO - [2023-12-25T19:25:02.038+0000] {manager.py:507} INFO - Created Permission View: can edit on DAG:my_BranchDayOfWeekOperator_dag
[2023-12-25T19:25:02.038+0000] {logging_mixin.py:120} INFO - [2023-12-25T19:25:02.038+0000] {dag.py:2585} INFO - Sync 1 DAGs
[2023-12-25T19:25:02.050+0000] {logging_mixin.py:120} WARNING - /home/airflow/.local/lib/python3.7/site-packages/airflow/configuration.py:549 DeprecationWarning: The dag_concurrency option in [core] has been renamed to max_active_tasks_per_dag - the old setting has been used, but please update your config.
[2023-12-25T19:25:02.050+0000] {logging_mixin.py:120} INFO - [2023-12-25T19:25:02.050+0000] {dag.py:2606} INFO - Creating ORM DAG for my_BranchDayOfWeekOperator_dag
[2023-12-25T19:25:02.060+0000] {logging_mixin.py:120} INFO - [2023-12-25T19:25:02.060+0000] {dag.py:3340} INFO - Setting next_dagrun for my_BranchDayOfWeekOperator_dag to 2023-12-24T00:00:00+00:00, run_after=2023-12-25T00:00:00+00:00
[2023-12-25T19:25:02.083+0000] {processor.py:176} INFO - Processing /opt/airflow/dags/branch_week_dag.py took 0.208 seconds
[2023-12-25T19:25:03.920+0000] {processor.py:154} INFO - Started process (PID=4694) to work on /opt/airflow/dags/branch_week_dag.py
[2023-12-25T19:25:03.921+0000] {processor.py:756} INFO - Processing file /opt/airflow/dags/branch_week_dag.py for tasks to queue
[2023-12-25T19:25:03.921+0000] {logging_mixin.py:120} INFO - [2023-12-25T19:25:03.921+0000] {dagbag.py:537} INFO - Filling up the DagBag from /opt/airflow/dags/branch_week_dag.py
[2023-12-25T19:25:03.931+0000] {logging_mixin.py:120} INFO - [2023-12-25T19:25:03.929+0000] {dagbag.py:342} ERROR - Failed to import: /opt/airflow/dags/branch_week_dag.py
Traceback (most recent call last):
  File "/home/airflow/.local/lib/python3.7/site-packages/airflow/models/dagbag.py", line 338, in parse
    loader.exec_module(new_module)
  File "<frozen importlib._bootstrap_external>", line 728, in exec_module
  File "<frozen importlib._bootstrap>", line 219, in _call_with_frames_removed
  File "/opt/airflow/dags/branch_week_dag.py", line 17, in <module>
    is_wednesday = BranchDayOfWeekOperator(
  File "/home/airflow/.local/lib/python3.7/site-packages/airflow/models/baseoperator.py", line 394, in apply_defaults
    raise AirflowException(f"missing keyword arguments {display}")
airflow.exceptions.AirflowException: missing keyword arguments 'follow_task_ids_if_false', 'follow_task_ids_if_true', 'week_day'
[2023-12-25T19:25:03.931+0000] {processor.py:768} WARNING - No viable dags retrieved from /opt/airflow/dags/branch_week_dag.py
[2023-12-25T19:25:03.955+0000] {processor.py:176} INFO - Processing /opt/airflow/dags/branch_week_dag.py took 0.039 seconds
[2023-12-25T19:25:15.502+0000] {processor.py:154} INFO - Started process (PID=4712) to work on /opt/airflow/dags/branch_week_dag.py
[2023-12-25T19:25:15.503+0000] {processor.py:756} INFO - Processing file /opt/airflow/dags/branch_week_dag.py for tasks to queue
[2023-12-25T19:25:15.503+0000] {logging_mixin.py:120} INFO - [2023-12-25T19:25:15.503+0000] {dagbag.py:537} INFO - Filling up the DagBag from /opt/airflow/dags/branch_week_dag.py
[2023-12-25T19:25:15.512+0000] {logging_mixin.py:120} INFO - [2023-12-25T19:25:15.511+0000] {dagbag.py:342} ERROR - Failed to import: /opt/airflow/dags/branch_week_dag.py
Traceback (most recent call last):
  File "/home/airflow/.local/lib/python3.7/site-packages/airflow/models/dagbag.py", line 338, in parse
    loader.exec_module(new_module)
  File "<frozen importlib._bootstrap_external>", line 728, in exec_module
  File "<frozen importlib._bootstrap>", line 219, in _call_with_frames_removed
  File "/opt/airflow/dags/branch_week_dag.py", line 18, in <module>
    task_id=""
  File "/home/airflow/.local/lib/python3.7/site-packages/airflow/models/baseoperator.py", line 394, in apply_defaults
    raise AirflowException(f"missing keyword arguments {display}")
airflow.exceptions.AirflowException: missing keyword arguments 'follow_task_ids_if_false', 'follow_task_ids_if_true', 'week_day'
[2023-12-25T19:25:15.512+0000] {processor.py:768} WARNING - No viable dags retrieved from /opt/airflow/dags/branch_week_dag.py
[2023-12-25T19:25:15.534+0000] {processor.py:176} INFO - Processing /opt/airflow/dags/branch_week_dag.py took 0.035 seconds
[2023-12-25T19:25:19.521+0000] {processor.py:154} INFO - Started process (PID=4713) to work on /opt/airflow/dags/branch_week_dag.py
[2023-12-25T19:25:19.522+0000] {processor.py:756} INFO - Processing file /opt/airflow/dags/branch_week_dag.py for tasks to queue
[2023-12-25T19:25:19.522+0000] {logging_mixin.py:120} INFO - [2023-12-25T19:25:19.522+0000] {dagbag.py:537} INFO - Filling up the DagBag from /opt/airflow/dags/branch_week_dag.py
[2023-12-25T19:25:19.531+0000] {logging_mixin.py:120} INFO - [2023-12-25T19:25:19.530+0000] {dagbag.py:342} ERROR - Failed to import: /opt/airflow/dags/branch_week_dag.py
Traceback (most recent call last):
  File "/home/airflow/.local/lib/python3.7/site-packages/airflow/models/dagbag.py", line 338, in parse
    loader.exec_module(new_module)
  File "<frozen importlib._bootstrap_external>", line 728, in exec_module
  File "<frozen importlib._bootstrap>", line 219, in _call_with_frames_removed
  File "/opt/airflow/dags/branch_week_dag.py", line 18, in <module>
    task_id="is_wednesday"
  File "/home/airflow/.local/lib/python3.7/site-packages/airflow/models/baseoperator.py", line 394, in apply_defaults
    raise AirflowException(f"missing keyword arguments {display}")
airflow.exceptions.AirflowException: missing keyword arguments 'follow_task_ids_if_false', 'follow_task_ids_if_true', 'week_day'
[2023-12-25T19:25:19.532+0000] {processor.py:768} WARNING - No viable dags retrieved from /opt/airflow/dags/branch_week_dag.py
[2023-12-25T19:25:19.553+0000] {processor.py:176} INFO - Processing /opt/airflow/dags/branch_week_dag.py took 0.034 seconds
[2023-12-25T19:25:22.587+0000] {processor.py:154} INFO - Started process (PID=4715) to work on /opt/airflow/dags/branch_week_dag.py
[2023-12-25T19:25:22.588+0000] {processor.py:756} INFO - Processing file /opt/airflow/dags/branch_week_dag.py for tasks to queue
[2023-12-25T19:25:22.588+0000] {logging_mixin.py:120} INFO - [2023-12-25T19:25:22.588+0000] {dagbag.py:537} INFO - Filling up the DagBag from /opt/airflow/dags/branch_week_dag.py
[2023-12-25T19:25:22.598+0000] {logging_mixin.py:120} INFO - [2023-12-25T19:25:22.597+0000] {dagbag.py:342} ERROR - Failed to import: /opt/airflow/dags/branch_week_dag.py
Traceback (most recent call last):
  File "/home/airflow/.local/lib/python3.7/site-packages/airflow/models/dagbag.py", line 338, in parse
    loader.exec_module(new_module)
  File "<frozen importlib._bootstrap_external>", line 728, in exec_module
  File "<frozen importlib._bootstrap>", line 219, in _call_with_frames_removed
  File "/opt/airflow/dags/branch_week_dag.py", line 18, in <module>
    task_id="is_wednesday",
  File "/home/airflow/.local/lib/python3.7/site-packages/airflow/models/baseoperator.py", line 394, in apply_defaults
    raise AirflowException(f"missing keyword arguments {display}")
airflow.exceptions.AirflowException: missing keyword arguments 'follow_task_ids_if_false', 'follow_task_ids_if_true', 'week_day'
[2023-12-25T19:25:22.598+0000] {processor.py:768} WARNING - No viable dags retrieved from /opt/airflow/dags/branch_week_dag.py
[2023-12-25T19:25:22.617+0000] {processor.py:176} INFO - Processing /opt/airflow/dags/branch_week_dag.py took 0.033 seconds
[2023-12-25T19:25:32.631+0000] {processor.py:154} INFO - Started process (PID=4725) to work on /opt/airflow/dags/branch_week_dag.py
[2023-12-25T19:25:32.631+0000] {processor.py:756} INFO - Processing file /opt/airflow/dags/branch_week_dag.py for tasks to queue
[2023-12-25T19:25:32.632+0000] {logging_mixin.py:120} INFO - [2023-12-25T19:25:32.632+0000] {dagbag.py:537} INFO - Filling up the DagBag from /opt/airflow/dags/branch_week_dag.py
[2023-12-25T19:25:32.634+0000] {logging_mixin.py:120} INFO - [2023-12-25T19:25:32.633+0000] {dagbag.py:342} ERROR - Failed to import: /opt/airflow/dags/branch_week_dag.py
Traceback (most recent call last):
  File "/home/airflow/.local/lib/python3.7/site-packages/airflow/models/dagbag.py", line 338, in parse
    loader.exec_module(new_module)
  File "<frozen importlib._bootstrap_external>", line 724, in exec_module
  File "<frozen importlib._bootstrap_external>", line 860, in get_code
  File "<frozen importlib._bootstrap_external>", line 791, in source_to_code
  File "<frozen importlib._bootstrap>", line 219, in _call_with_frames_removed
  File "/opt/airflow/dags/branch_week_dag.py", line 19
    follow_task_ids_if
    ^
SyntaxError: positional argument follows keyword argument
[2023-12-25T19:25:32.634+0000] {processor.py:768} WARNING - No viable dags retrieved from /opt/airflow/dags/branch_week_dag.py
[2023-12-25T19:25:32.658+0000] {processor.py:176} INFO - Processing /opt/airflow/dags/branch_week_dag.py took 0.031 seconds
[2023-12-25T19:25:35.884+0000] {processor.py:154} INFO - Started process (PID=4728) to work on /opt/airflow/dags/branch_week_dag.py
[2023-12-25T19:25:35.885+0000] {processor.py:756} INFO - Processing file /opt/airflow/dags/branch_week_dag.py for tasks to queue
[2023-12-25T19:25:35.886+0000] {logging_mixin.py:120} INFO - [2023-12-25T19:25:35.885+0000] {dagbag.py:537} INFO - Filling up the DagBag from /opt/airflow/dags/branch_week_dag.py
[2023-12-25T19:25:35.895+0000] {logging_mixin.py:120} INFO - [2023-12-25T19:25:35.894+0000] {dagbag.py:342} ERROR - Failed to import: /opt/airflow/dags/branch_week_dag.py
Traceback (most recent call last):
  File "/home/airflow/.local/lib/python3.7/site-packages/airflow/models/dagbag.py", line 338, in parse
    loader.exec_module(new_module)
  File "<frozen importlib._bootstrap_external>", line 728, in exec_module
  File "<frozen importlib._bootstrap>", line 219, in _call_with_frames_removed
  File "/opt/airflow/dags/branch_week_dag.py", line 19, in <module>
    follow_task_ids_if_tru=[]
  File "/home/airflow/.local/lib/python3.7/site-packages/airflow/models/baseoperator.py", line 394, in apply_defaults
    raise AirflowException(f"missing keyword arguments {display}")
airflow.exceptions.AirflowException: missing keyword arguments 'follow_task_ids_if_false', 'follow_task_ids_if_true', 'week_day'
[2023-12-25T19:25:35.896+0000] {processor.py:768} WARNING - No viable dags retrieved from /opt/airflow/dags/branch_week_dag.py
[2023-12-25T19:25:35.917+0000] {processor.py:176} INFO - Processing /opt/airflow/dags/branch_week_dag.py took 0.036 seconds
[2023-12-25T19:25:37.916+0000] {processor.py:154} INFO - Started process (PID=4738) to work on /opt/airflow/dags/branch_week_dag.py
[2023-12-25T19:25:37.916+0000] {processor.py:756} INFO - Processing file /opt/airflow/dags/branch_week_dag.py for tasks to queue
[2023-12-25T19:25:37.917+0000] {logging_mixin.py:120} INFO - [2023-12-25T19:25:37.917+0000] {dagbag.py:537} INFO - Filling up the DagBag from /opt/airflow/dags/branch_week_dag.py
[2023-12-25T19:25:37.926+0000] {logging_mixin.py:120} INFO - [2023-12-25T19:25:37.925+0000] {dagbag.py:342} ERROR - Failed to import: /opt/airflow/dags/branch_week_dag.py
Traceback (most recent call last):
  File "/home/airflow/.local/lib/python3.7/site-packages/airflow/models/dagbag.py", line 338, in parse
    loader.exec_module(new_module)
  File "<frozen importlib._bootstrap_external>", line 728, in exec_module
  File "<frozen importlib._bootstrap>", line 219, in _call_with_frames_removed
  File "/opt/airflow/dags/branch_week_dag.py", line 19, in <module>
    follow_task_ids_if_tru=["task_c"]
  File "/home/airflow/.local/lib/python3.7/site-packages/airflow/models/baseoperator.py", line 394, in apply_defaults
    raise AirflowException(f"missing keyword arguments {display}")
airflow.exceptions.AirflowException: missing keyword arguments 'follow_task_ids_if_false', 'follow_task_ids_if_true', 'week_day'
[2023-12-25T19:25:37.927+0000] {processor.py:768} WARNING - No viable dags retrieved from /opt/airflow/dags/branch_week_dag.py
[2023-12-25T19:25:37.952+0000] {processor.py:176} INFO - Processing /opt/airflow/dags/branch_week_dag.py took 0.039 seconds
[2023-12-25T19:25:40.073+0000] {processor.py:154} INFO - Started process (PID=4740) to work on /opt/airflow/dags/branch_week_dag.py
[2023-12-25T19:25:40.074+0000] {processor.py:756} INFO - Processing file /opt/airflow/dags/branch_week_dag.py for tasks to queue
[2023-12-25T19:25:40.074+0000] {logging_mixin.py:120} INFO - [2023-12-25T19:25:40.074+0000] {dagbag.py:537} INFO - Filling up the DagBag from /opt/airflow/dags/branch_week_dag.py
[2023-12-25T19:25:40.085+0000] {logging_mixin.py:120} INFO - [2023-12-25T19:25:40.084+0000] {dagbag.py:342} ERROR - Failed to import: /opt/airflow/dags/branch_week_dag.py
Traceback (most recent call last):
  File "/home/airflow/.local/lib/python3.7/site-packages/airflow/models/dagbag.py", line 338, in parse
    loader.exec_module(new_module)
  File "<frozen importlib._bootstrap_external>", line 728, in exec_module
  File "<frozen importlib._bootstrap>", line 219, in _call_with_frames_removed
  File "/opt/airflow/dags/branch_week_dag.py", line 19, in <module>
    follow_task_ids_if_tru=["task_c"],
  File "/home/airflow/.local/lib/python3.7/site-packages/airflow/models/baseoperator.py", line 394, in apply_defaults
    raise AirflowException(f"missing keyword arguments {display}")
airflow.exceptions.AirflowException: missing keyword arguments 'follow_task_ids_if_false', 'follow_task_ids_if_true', 'week_day'
[2023-12-25T19:25:40.085+0000] {processor.py:768} WARNING - No viable dags retrieved from /opt/airflow/dags/branch_week_dag.py
[2023-12-25T19:25:40.110+0000] {processor.py:176} INFO - Processing /opt/airflow/dags/branch_week_dag.py took 0.040 seconds
[2023-12-25T19:25:44.093+0000] {processor.py:154} INFO - Started process (PID=4741) to work on /opt/airflow/dags/branch_week_dag.py
[2023-12-25T19:25:44.093+0000] {processor.py:756} INFO - Processing file /opt/airflow/dags/branch_week_dag.py for tasks to queue
[2023-12-25T19:25:44.094+0000] {logging_mixin.py:120} INFO - [2023-12-25T19:25:44.094+0000] {dagbag.py:537} INFO - Filling up the DagBag from /opt/airflow/dags/branch_week_dag.py
[2023-12-25T19:25:44.096+0000] {logging_mixin.py:120} INFO - [2023-12-25T19:25:44.095+0000] {dagbag.py:342} ERROR - Failed to import: /opt/airflow/dags/branch_week_dag.py
Traceback (most recent call last):
  File "/home/airflow/.local/lib/python3.7/site-packages/airflow/models/dagbag.py", line 338, in parse
    loader.exec_module(new_module)
  File "<frozen importlib._bootstrap_external>", line 724, in exec_module
  File "<frozen importlib._bootstrap_external>", line 860, in get_code
  File "<frozen importlib._bootstrap_external>", line 791, in source_to_code
  File "<frozen importlib._bootstrap>", line 219, in _call_with_frames_removed
  File "/opt/airflow/dags/branch_week_dag.py", line 20
    follow_task_ids_if_tru=["task_c"],
    ^
SyntaxError: keyword argument repeated
[2023-12-25T19:25:44.096+0000] {processor.py:768} WARNING - No viable dags retrieved from /opt/airflow/dags/branch_week_dag.py
[2023-12-25T19:25:44.118+0000] {processor.py:176} INFO - Processing /opt/airflow/dags/branch_week_dag.py took 0.029 seconds
[2023-12-25T19:25:46.536+0000] {processor.py:154} INFO - Started process (PID=4747) to work on /opt/airflow/dags/branch_week_dag.py
[2023-12-25T19:25:46.537+0000] {processor.py:756} INFO - Processing file /opt/airflow/dags/branch_week_dag.py for tasks to queue
[2023-12-25T19:25:46.537+0000] {logging_mixin.py:120} INFO - [2023-12-25T19:25:46.537+0000] {dagbag.py:537} INFO - Filling up the DagBag from /opt/airflow/dags/branch_week_dag.py
[2023-12-25T19:25:46.558+0000] {logging_mixin.py:120} INFO - [2023-12-25T19:25:46.555+0000] {dagbag.py:342} ERROR - Failed to import: /opt/airflow/dags/branch_week_dag.py
Traceback (most recent call last):
  File "/home/airflow/.local/lib/python3.7/site-packages/airflow/models/dagbag.py", line 338, in parse
    loader.exec_module(new_module)
  File "<frozen importlib._bootstrap_external>", line 728, in exec_module
  File "<frozen importlib._bootstrap>", line 219, in _call_with_frames_removed
  File "/opt/airflow/dags/branch_week_dag.py", line 20, in <module>
    follow_task_ids_if_tru=["task_c"],
  File "/home/airflow/.local/lib/python3.7/site-packages/airflow/models/baseoperator.py", line 394, in apply_defaults
    raise AirflowException(f"missing keyword arguments {display}")
airflow.exceptions.AirflowException: missing keyword arguments 'follow_task_ids_if_false', 'week_day'
[2023-12-25T19:25:46.558+0000] {processor.py:768} WARNING - No viable dags retrieved from /opt/airflow/dags/branch_week_dag.py
[2023-12-25T19:25:46.589+0000] {processor.py:176} INFO - Processing /opt/airflow/dags/branch_week_dag.py took 0.057 seconds
[2023-12-25T19:25:48.560+0000] {processor.py:154} INFO - Started process (PID=4757) to work on /opt/airflow/dags/branch_week_dag.py
[2023-12-25T19:25:48.561+0000] {processor.py:756} INFO - Processing file /opt/airflow/dags/branch_week_dag.py for tasks to queue
[2023-12-25T19:25:48.562+0000] {logging_mixin.py:120} INFO - [2023-12-25T19:25:48.562+0000] {dagbag.py:537} INFO - Filling up the DagBag from /opt/airflow/dags/branch_week_dag.py
[2023-12-25T19:25:48.575+0000] {logging_mixin.py:120} INFO - [2023-12-25T19:25:48.574+0000] {dagbag.py:342} ERROR - Failed to import: /opt/airflow/dags/branch_week_dag.py
Traceback (most recent call last):
  File "/home/airflow/.local/lib/python3.7/site-packages/airflow/models/dagbag.py", line 338, in parse
    loader.exec_module(new_module)
  File "<frozen importlib._bootstrap_external>", line 728, in exec_module
  File "<frozen importlib._bootstrap>", line 219, in _call_with_frames_removed
  File "/opt/airflow/dags/branch_week_dag.py", line 20, in <module>
    follow_task_ids_if_=["task_c"],
  File "/home/airflow/.local/lib/python3.7/site-packages/airflow/models/baseoperator.py", line 394, in apply_defaults
    raise AirflowException(f"missing keyword arguments {display}")
airflow.exceptions.AirflowException: missing keyword arguments 'follow_task_ids_if_false', 'week_day'
[2023-12-25T19:25:48.576+0000] {processor.py:768} WARNING - No viable dags retrieved from /opt/airflow/dags/branch_week_dag.py
[2023-12-25T19:25:48.605+0000] {processor.py:176} INFO - Processing /opt/airflow/dags/branch_week_dag.py took 0.049 seconds
[2023-12-25T19:25:51.572+0000] {processor.py:154} INFO - Started process (PID=4758) to work on /opt/airflow/dags/branch_week_dag.py
[2023-12-25T19:25:51.573+0000] {processor.py:756} INFO - Processing file /opt/airflow/dags/branch_week_dag.py for tasks to queue
[2023-12-25T19:25:51.574+0000] {logging_mixin.py:120} INFO - [2023-12-25T19:25:51.573+0000] {dagbag.py:537} INFO - Filling up the DagBag from /opt/airflow/dags/branch_week_dag.py
[2023-12-25T19:25:51.583+0000] {logging_mixin.py:120} INFO - [2023-12-25T19:25:51.582+0000] {dagbag.py:342} ERROR - Failed to import: /opt/airflow/dags/branch_week_dag.py
Traceback (most recent call last):
  File "/home/airflow/.local/lib/python3.7/site-packages/airflow/models/dagbag.py", line 338, in parse
    loader.exec_module(new_module)
  File "<frozen importlib._bootstrap_external>", line 728, in exec_module
  File "<frozen importlib._bootstrap>", line 219, in _call_with_frames_removed
  File "/opt/airflow/dags/branch_week_dag.py", line 20, in <module>
    follow_task_ids_if_false=["task_c"],
  File "/home/airflow/.local/lib/python3.7/site-packages/airflow/models/baseoperator.py", line 391, in apply_defaults
    raise AirflowException(f"missing keyword argument {missing_args.pop()!r}")
airflow.exceptions.AirflowException: missing keyword argument 'week_day'
[2023-12-25T19:25:51.583+0000] {processor.py:768} WARNING - No viable dags retrieved from /opt/airflow/dags/branch_week_dag.py
[2023-12-25T19:25:51.607+0000] {processor.py:176} INFO - Processing /opt/airflow/dags/branch_week_dag.py took 0.037 seconds
[2023-12-25T19:25:55.643+0000] {processor.py:154} INFO - Started process (PID=4760) to work on /opt/airflow/dags/branch_week_dag.py
[2023-12-25T19:25:55.643+0000] {processor.py:756} INFO - Processing file /opt/airflow/dags/branch_week_dag.py for tasks to queue
[2023-12-25T19:25:55.644+0000] {logging_mixin.py:120} INFO - [2023-12-25T19:25:55.644+0000] {dagbag.py:537} INFO - Filling up the DagBag from /opt/airflow/dags/branch_week_dag.py
[2023-12-25T19:25:55.653+0000] {logging_mixin.py:120} INFO - [2023-12-25T19:25:55.652+0000] {dagbag.py:342} ERROR - Failed to import: /opt/airflow/dags/branch_week_dag.py
Traceback (most recent call last):
  File "/home/airflow/.local/lib/python3.7/site-packages/airflow/models/dagbag.py", line 338, in parse
    loader.exec_module(new_module)
  File "<frozen importlib._bootstrap_external>", line 728, in exec_module
  File "<frozen importlib._bootstrap>", line 219, in _call_with_frames_removed
  File "/opt/airflow/dags/branch_week_dag.py", line 20, in <module>
    follow_task_ids_if_false=["end"],
  File "/home/airflow/.local/lib/python3.7/site-packages/airflow/models/baseoperator.py", line 391, in apply_defaults
    raise AirflowException(f"missing keyword argument {missing_args.pop()!r}")
airflow.exceptions.AirflowException: missing keyword argument 'week_day'
[2023-12-25T19:25:55.653+0000] {processor.py:768} WARNING - No viable dags retrieved from /opt/airflow/dags/branch_week_dag.py
[2023-12-25T19:25:55.676+0000] {processor.py:176} INFO - Processing /opt/airflow/dags/branch_week_dag.py took 0.036 seconds
[2023-12-25T19:26:05.686+0000] {processor.py:154} INFO - Started process (PID=4771) to work on /opt/airflow/dags/branch_week_dag.py
[2023-12-25T19:26:05.687+0000] {processor.py:756} INFO - Processing file /opt/airflow/dags/branch_week_dag.py for tasks to queue
[2023-12-25T19:26:05.688+0000] {logging_mixin.py:120} INFO - [2023-12-25T19:26:05.687+0000] {dagbag.py:537} INFO - Filling up the DagBag from /opt/airflow/dags/branch_week_dag.py
[2023-12-25T19:26:05.701+0000] {logging_mixin.py:120} INFO - [2023-12-25T19:26:05.700+0000] {dagbag.py:342} ERROR - Failed to import: /opt/airflow/dags/branch_week_dag.py
Traceback (most recent call last):
  File "/home/airflow/.local/lib/python3.7/site-packages/airflow/models/dagbag.py", line 338, in parse
    loader.exec_module(new_module)
  File "<frozen importlib._bootstrap_external>", line 728, in exec_module
  File "<frozen importlib._bootstrap>", line 219, in _call_with_frames_removed
  File "/opt/airflow/dags/branch_week_dag.py", line 20, in <module>
    follow_task_ids_if_false=["end"],
  File "/home/airflow/.local/lib/python3.7/site-packages/airflow/models/baseoperator.py", line 391, in apply_defaults
    raise AirflowException(f"missing keyword argument {missing_args.pop()!r}")
airflow.exceptions.AirflowException: missing keyword argument 'week_day'
[2023-12-25T19:26:05.702+0000] {processor.py:768} WARNING - No viable dags retrieved from /opt/airflow/dags/branch_week_dag.py
[2023-12-25T19:26:05.731+0000] {processor.py:176} INFO - Processing /opt/airflow/dags/branch_week_dag.py took 0.049 seconds
[2023-12-25T19:26:11.931+0000] {processor.py:154} INFO - Started process (PID=4784) to work on /opt/airflow/dags/branch_week_dag.py
[2023-12-25T19:26:11.931+0000] {processor.py:756} INFO - Processing file /opt/airflow/dags/branch_week_dag.py for tasks to queue
[2023-12-25T19:26:11.932+0000] {logging_mixin.py:120} INFO - [2023-12-25T19:26:11.932+0000] {dagbag.py:537} INFO - Filling up the DagBag from /opt/airflow/dags/branch_week_dag.py
[2023-12-25T19:26:11.933+0000] {logging_mixin.py:120} INFO - [2023-12-25T19:26:11.933+0000] {dagbag.py:342} ERROR - Failed to import: /opt/airflow/dags/branch_week_dag.py
Traceback (most recent call last):
  File "/home/airflow/.local/lib/python3.7/site-packages/airflow/models/dagbag.py", line 338, in parse
    loader.exec_module(new_module)
  File "<frozen importlib._bootstrap_external>", line 724, in exec_module
  File "<frozen importlib._bootstrap_external>", line 860, in get_code
  File "<frozen importlib._bootstrap_external>", line 791, in source_to_code
  File "<frozen importlib._bootstrap>", line 219, in _call_with_frames_removed
  File "/opt/airflow/dags/branch_week_dag.py", line 22
    )
    ^
SyntaxError: invalid syntax
[2023-12-25T19:26:11.934+0000] {processor.py:768} WARNING - No viable dags retrieved from /opt/airflow/dags/branch_week_dag.py
[2023-12-25T19:26:11.956+0000] {processor.py:176} INFO - Processing /opt/airflow/dags/branch_week_dag.py took 0.028 seconds
[2023-12-25T19:26:16.270+0000] {processor.py:154} INFO - Started process (PID=4790) to work on /opt/airflow/dags/branch_week_dag.py
[2023-12-25T19:26:16.271+0000] {processor.py:756} INFO - Processing file /opt/airflow/dags/branch_week_dag.py for tasks to queue
[2023-12-25T19:26:16.271+0000] {logging_mixin.py:120} INFO - [2023-12-25T19:26:16.271+0000] {dagbag.py:537} INFO - Filling up the DagBag from /opt/airflow/dags/branch_week_dag.py
[2023-12-25T19:26:16.286+0000] {processor.py:766} INFO - DAG(s) dict_keys(['my_BranchDayOfWeekOperator_dag']) retrieved from /opt/airflow/dags/branch_week_dag.py
[2023-12-25T19:26:16.347+0000] {logging_mixin.py:120} INFO - [2023-12-25T19:26:16.347+0000] {dag.py:2585} INFO - Sync 1 DAGs
[2023-12-25T19:26:16.371+0000] {logging_mixin.py:120} INFO - [2023-12-25T19:26:16.371+0000] {dag.py:3340} INFO - Setting next_dagrun for my_BranchDayOfWeekOperator_dag to 2023-12-24T00:00:00+00:00, run_after=2023-12-25T00:00:00+00:00
[2023-12-25T19:26:16.398+0000] {processor.py:176} INFO - Processing /opt/airflow/dags/branch_week_dag.py took 0.131 seconds
[2023-12-25T19:26:24.443+0000] {processor.py:154} INFO - Started process (PID=4801) to work on /opt/airflow/dags/branch_week_dag.py
[2023-12-25T19:26:24.443+0000] {processor.py:756} INFO - Processing file /opt/airflow/dags/branch_week_dag.py for tasks to queue
[2023-12-25T19:26:24.444+0000] {logging_mixin.py:120} INFO - [2023-12-25T19:26:24.444+0000] {dagbag.py:537} INFO - Filling up the DagBag from /opt/airflow/dags/branch_week_dag.py
[2023-12-25T19:26:24.449+0000] {logging_mixin.py:120} INFO - [2023-12-25T19:26:24.448+0000] {dagbag.py:342} ERROR - Failed to import: /opt/airflow/dags/branch_week_dag.py
Traceback (most recent call last):
  File "/home/airflow/.local/lib/python3.7/site-packages/airflow/models/dagbag.py", line 338, in parse
    loader.exec_module(new_module)
  File "<frozen importlib._bootstrap_external>", line 728, in exec_module
  File "<frozen importlib._bootstrap>", line 219, in _call_with_frames_removed
  File "/opt/airflow/dags/branch_week_dag.py", line 4, in <module>
    fd
NameError: name 'fd' is not defined
[2023-12-25T19:26:24.449+0000] {processor.py:768} WARNING - No viable dags retrieved from /opt/airflow/dags/branch_week_dag.py
[2023-12-25T19:26:24.473+0000] {processor.py:176} INFO - Processing /opt/airflow/dags/branch_week_dag.py took 0.032 seconds
[2023-12-25T19:26:36.525+0000] {processor.py:154} INFO - Started process (PID=4811) to work on /opt/airflow/dags/branch_week_dag.py
[2023-12-25T19:26:36.526+0000] {processor.py:756} INFO - Processing file /opt/airflow/dags/branch_week_dag.py for tasks to queue
[2023-12-25T19:26:36.527+0000] {logging_mixin.py:120} INFO - [2023-12-25T19:26:36.527+0000] {dagbag.py:537} INFO - Filling up the DagBag from /opt/airflow/dags/branch_week_dag.py
[2023-12-25T19:26:36.546+0000] {processor.py:766} INFO - DAG(s) dict_keys(['my_BranchDayOfWeekOperator_dag']) retrieved from /opt/airflow/dags/branch_week_dag.py
[2023-12-25T19:26:36.577+0000] {logging_mixin.py:120} INFO - [2023-12-25T19:26:36.577+0000] {dag.py:2585} INFO - Sync 1 DAGs
[2023-12-25T19:26:36.613+0000] {logging_mixin.py:120} INFO - [2023-12-25T19:26:36.613+0000] {dag.py:3340} INFO - Setting next_dagrun for my_BranchDayOfWeekOperator_dag to 2023-12-24T00:00:00+00:00, run_after=2023-12-25T00:00:00+00:00
[2023-12-25T19:26:36.645+0000] {processor.py:176} INFO - Processing /opt/airflow/dags/branch_week_dag.py took 0.122 seconds
[2023-12-25T19:26:51.152+0000] {processor.py:154} INFO - Started process (PID=4829) to work on /opt/airflow/dags/branch_week_dag.py
[2023-12-25T19:26:51.152+0000] {processor.py:756} INFO - Processing file /opt/airflow/dags/branch_week_dag.py for tasks to queue
[2023-12-25T19:26:51.153+0000] {logging_mixin.py:120} INFO - [2023-12-25T19:26:51.153+0000] {dagbag.py:537} INFO - Filling up the DagBag from /opt/airflow/dags/branch_week_dag.py
[2023-12-25T19:26:51.161+0000] {logging_mixin.py:120} INFO - [2023-12-25T19:26:51.161+0000] {dagbag.py:342} ERROR - Failed to import: /opt/airflow/dags/branch_week_dag.py
Traceback (most recent call last):
  File "/home/airflow/.local/lib/python3.7/site-packages/airflow/models/dagbag.py", line 338, in parse
    loader.exec_module(new_module)
  File "<frozen importlib._bootstrap_external>", line 728, in exec_module
  File "<frozen importlib._bootstrap>", line 219, in _call_with_frames_removed
  File "/opt/airflow/dags/branch_week_dag.py", line 22, in <module>
    week_day = Week
NameError: name 'Week' is not defined
[2023-12-25T19:26:51.162+0000] {processor.py:768} WARNING - No viable dags retrieved from /opt/airflow/dags/branch_week_dag.py
[2023-12-25T19:26:51.183+0000] {processor.py:176} INFO - Processing /opt/airflow/dags/branch_week_dag.py took 0.034 seconds
[2023-12-25T19:26:54.168+0000] {processor.py:154} INFO - Started process (PID=4830) to work on /opt/airflow/dags/branch_week_dag.py
[2023-12-25T19:26:54.169+0000] {processor.py:756} INFO - Processing file /opt/airflow/dags/branch_week_dag.py for tasks to queue
[2023-12-25T19:26:54.170+0000] {logging_mixin.py:120} INFO - [2023-12-25T19:26:54.169+0000] {dagbag.py:537} INFO - Filling up the DagBag from /opt/airflow/dags/branch_week_dag.py
[2023-12-25T19:26:54.179+0000] {logging_mixin.py:120} INFO - [2023-12-25T19:26:54.178+0000] {dagbag.py:342} ERROR - Failed to import: /opt/airflow/dags/branch_week_dag.py
Traceback (most recent call last):
  File "/home/airflow/.local/lib/python3.7/site-packages/airflow/models/dagbag.py", line 338, in parse
    loader.exec_module(new_module)
  File "<frozen importlib._bootstrap_external>", line 728, in exec_module
  File "<frozen importlib._bootstrap>", line 219, in _call_with_frames_removed
  File "/opt/airflow/dags/branch_week_dag.py", line 22, in <module>
    week_day = WeekDay.WED
  File "/usr/local/lib/python3.7/enum.py", line 354, in __getattr__
    raise AttributeError(name) from None
AttributeError: WED
[2023-12-25T19:26:54.179+0000] {processor.py:768} WARNING - No viable dags retrieved from /opt/airflow/dags/branch_week_dag.py
[2023-12-25T19:26:54.201+0000] {processor.py:176} INFO - Processing /opt/airflow/dags/branch_week_dag.py took 0.036 seconds
[2023-12-25T19:26:57.232+0000] {processor.py:154} INFO - Started process (PID=4841) to work on /opt/airflow/dags/branch_week_dag.py
[2023-12-25T19:26:57.232+0000] {processor.py:756} INFO - Processing file /opt/airflow/dags/branch_week_dag.py for tasks to queue
[2023-12-25T19:26:57.233+0000] {logging_mixin.py:120} INFO - [2023-12-25T19:26:57.233+0000] {dagbag.py:537} INFO - Filling up the DagBag from /opt/airflow/dags/branch_week_dag.py
[2023-12-25T19:26:57.247+0000] {processor.py:766} INFO - DAG(s) dict_keys(['my_BranchDayOfWeekOperator_dag']) retrieved from /opt/airflow/dags/branch_week_dag.py
[2023-12-25T19:26:57.279+0000] {logging_mixin.py:120} INFO - [2023-12-25T19:26:57.279+0000] {dag.py:2585} INFO - Sync 1 DAGs
[2023-12-25T19:26:57.300+0000] {logging_mixin.py:120} INFO - [2023-12-25T19:26:57.300+0000] {dag.py:3340} INFO - Setting next_dagrun for my_BranchDayOfWeekOperator_dag to 2023-12-24T00:00:00+00:00, run_after=2023-12-25T00:00:00+00:00
[2023-12-25T19:26:57.332+0000] {processor.py:176} INFO - Processing /opt/airflow/dags/branch_week_dag.py took 0.103 seconds
[2023-12-25T19:27:02.327+0000] {processor.py:154} INFO - Started process (PID=4842) to work on /opt/airflow/dags/branch_week_dag.py
[2023-12-25T19:27:02.328+0000] {processor.py:756} INFO - Processing file /opt/airflow/dags/branch_week_dag.py for tasks to queue
[2023-12-25T19:27:02.328+0000] {logging_mixin.py:120} INFO - [2023-12-25T19:27:02.328+0000] {dagbag.py:537} INFO - Filling up the DagBag from /opt/airflow/dags/branch_week_dag.py
[2023-12-25T19:27:02.343+0000] {processor.py:766} INFO - DAG(s) dict_keys(['my_BranchDayOfWeekOperator_dag']) retrieved from /opt/airflow/dags/branch_week_dag.py
[2023-12-25T19:27:02.376+0000] {logging_mixin.py:120} INFO - [2023-12-25T19:27:02.376+0000] {dag.py:2585} INFO - Sync 1 DAGs
[2023-12-25T19:27:02.396+0000] {logging_mixin.py:120} INFO - [2023-12-25T19:27:02.396+0000] {dag.py:3340} INFO - Setting next_dagrun for my_BranchDayOfWeekOperator_dag to 2023-12-24T00:00:00+00:00, run_after=2023-12-25T00:00:00+00:00
[2023-12-25T19:27:02.415+0000] {processor.py:176} INFO - Processing /opt/airflow/dags/branch_week_dag.py took 0.091 seconds
[2023-12-25T19:27:05.383+0000] {processor.py:154} INFO - Started process (PID=4843) to work on /opt/airflow/dags/branch_week_dag.py
[2023-12-25T19:27:05.388+0000] {processor.py:756} INFO - Processing file /opt/airflow/dags/branch_week_dag.py for tasks to queue
[2023-12-25T19:27:05.388+0000] {logging_mixin.py:120} INFO - [2023-12-25T19:27:05.388+0000] {dagbag.py:537} INFO - Filling up the DagBag from /opt/airflow/dags/branch_week_dag.py
[2023-12-25T19:27:05.407+0000] {processor.py:766} INFO - DAG(s) dict_keys(['my_BranchDayOfWeekOperator_dag']) retrieved from /opt/airflow/dags/branch_week_dag.py
[2023-12-25T19:27:05.459+0000] {logging_mixin.py:120} INFO - [2023-12-25T19:27:05.459+0000] {dag.py:2585} INFO - Sync 1 DAGs
[2023-12-25T19:27:05.487+0000] {logging_mixin.py:120} INFO - [2023-12-25T19:27:05.487+0000] {dag.py:3340} INFO - Setting next_dagrun for my_BranchDayOfWeekOperator_dag to 2023-12-24T00:00:00+00:00, run_after=2023-12-25T00:00:00+00:00
[2023-12-25T19:27:05.513+0000] {processor.py:176} INFO - Processing /opt/airflow/dags/branch_week_dag.py took 0.134 seconds
[2023-12-25T19:27:09.865+0000] {processor.py:154} INFO - Started process (PID=4855) to work on /opt/airflow/dags/branch_week_dag.py
[2023-12-25T19:27:09.866+0000] {processor.py:756} INFO - Processing file /opt/airflow/dags/branch_week_dag.py for tasks to queue
[2023-12-25T19:27:09.866+0000] {logging_mixin.py:120} INFO - [2023-12-25T19:27:09.866+0000] {dagbag.py:537} INFO - Filling up the DagBag from /opt/airflow/dags/branch_week_dag.py
[2023-12-25T19:27:09.868+0000] {logging_mixin.py:120} INFO - [2023-12-25T19:27:09.868+0000] {dagbag.py:342} ERROR - Failed to import: /opt/airflow/dags/branch_week_dag.py
Traceback (most recent call last):
  File "/home/airflow/.local/lib/python3.7/site-packages/airflow/models/dagbag.py", line 338, in parse
    loader.exec_module(new_module)
  File "<frozen importlib._bootstrap_external>", line 724, in exec_module
  File "<frozen importlib._bootstrap_external>", line 860, in get_code
  File "<frozen importlib._bootstrap_external>", line 791, in source_to_code
  File "<frozen importlib._bootstrap>", line 219, in _call_with_frames_removed
  File "/opt/airflow/dags/branch_week_dag.py", line 27
    task_c = DummyOperator(task_id="task_c")
    ^
IndentationError: unexpected indent
[2023-12-25T19:27:09.869+0000] {processor.py:768} WARNING - No viable dags retrieved from /opt/airflow/dags/branch_week_dag.py
[2023-12-25T19:27:09.892+0000] {processor.py:176} INFO - Processing /opt/airflow/dags/branch_week_dag.py took 0.031 seconds
[2023-12-25T19:27:12.928+0000] {processor.py:154} INFO - Started process (PID=4857) to work on /opt/airflow/dags/branch_week_dag.py
[2023-12-25T19:27:12.928+0000] {processor.py:756} INFO - Processing file /opt/airflow/dags/branch_week_dag.py for tasks to queue
[2023-12-25T19:27:12.929+0000] {logging_mixin.py:120} INFO - [2023-12-25T19:27:12.929+0000] {dagbag.py:537} INFO - Filling up the DagBag from /opt/airflow/dags/branch_week_dag.py
[2023-12-25T19:27:12.939+0000] {logging_mixin.py:120} INFO - [2023-12-25T19:27:12.938+0000] {dagbag.py:342} ERROR - Failed to import: /opt/airflow/dags/branch_week_dag.py
Traceback (most recent call last):
  File "/home/airflow/.local/lib/python3.7/site-packages/airflow/models/dagbag.py", line 338, in parse
    loader.exec_module(new_module)
  File "<frozen importlib._bootstrap_external>", line 728, in exec_module
  File "<frozen importlib._bootstrap>", line 219, in _call_with_frames_removed
  File "/opt/airflow/dags/branch_week_dag.py", line 27, in <module>
    task_c = DummyOperator(task_id="task_c")
  File "/home/airflow/.local/lib/python3.7/site-packages/airflow/models/baseoperator.py", line 408, in apply_defaults
    result = func(self, **kwargs, default_args=default_args)
  File "/home/airflow/.local/lib/python3.7/site-packages/airflow/models/baseoperator.py", line 408, in apply_defaults
    result = func(self, **kwargs, default_args=default_args)
  File "/home/airflow/.local/lib/python3.7/site-packages/airflow/models/baseoperator.py", line 774, in __init__
    task_group.add(self)
  File "/home/airflow/.local/lib/python3.7/site-packages/airflow/utils/task_group.py", line 213, in add
    raise DuplicateTaskIdFound(f"{node_type} id '{key}' has already been added to the DAG")
airflow.exceptions.DuplicateTaskIdFound: Task id 'task_c' has already been added to the DAG
[2023-12-25T19:27:12.939+0000] {processor.py:768} WARNING - No viable dags retrieved from /opt/airflow/dags/branch_week_dag.py
[2023-12-25T19:27:12.960+0000] {processor.py:176} INFO - Processing /opt/airflow/dags/branch_week_dag.py took 0.035 seconds
[2023-12-25T19:27:14.939+0000] {processor.py:154} INFO - Started process (PID=4858) to work on /opt/airflow/dags/branch_week_dag.py
[2023-12-25T19:27:14.940+0000] {processor.py:756} INFO - Processing file /opt/airflow/dags/branch_week_dag.py for tasks to queue
[2023-12-25T19:27:14.940+0000] {logging_mixin.py:120} INFO - [2023-12-25T19:27:14.940+0000] {dagbag.py:537} INFO - Filling up the DagBag from /opt/airflow/dags/branch_week_dag.py
[2023-12-25T19:27:14.950+0000] {logging_mixin.py:120} INFO - [2023-12-25T19:27:14.949+0000] {dagbag.py:342} ERROR - Failed to import: /opt/airflow/dags/branch_week_dag.py
Traceback (most recent call last):
  File "/home/airflow/.local/lib/python3.7/site-packages/airflow/models/dagbag.py", line 338, in parse
    loader.exec_module(new_module)
  File "<frozen importlib._bootstrap_external>", line 728, in exec_module
  File "<frozen importlib._bootstrap>", line 219, in _call_with_frames_removed
  File "/opt/airflow/dags/branch_week_dag.py", line 27, in <module>
    END = DummyOperator(task_id="task_c")
  File "/home/airflow/.local/lib/python3.7/site-packages/airflow/models/baseoperator.py", line 408, in apply_defaults
    result = func(self, **kwargs, default_args=default_args)
  File "/home/airflow/.local/lib/python3.7/site-packages/airflow/models/baseoperator.py", line 408, in apply_defaults
    result = func(self, **kwargs, default_args=default_args)
  File "/home/airflow/.local/lib/python3.7/site-packages/airflow/models/baseoperator.py", line 774, in __init__
    task_group.add(self)
  File "/home/airflow/.local/lib/python3.7/site-packages/airflow/utils/task_group.py", line 213, in add
    raise DuplicateTaskIdFound(f"{node_type} id '{key}' has already been added to the DAG")
airflow.exceptions.DuplicateTaskIdFound: Task id 'task_c' has already been added to the DAG
[2023-12-25T19:27:14.951+0000] {processor.py:768} WARNING - No viable dags retrieved from /opt/airflow/dags/branch_week_dag.py
[2023-12-25T19:27:14.972+0000] {processor.py:176} INFO - Processing /opt/airflow/dags/branch_week_dag.py took 0.035 seconds
[2023-12-25T19:27:17.317+0000] {processor.py:154} INFO - Started process (PID=4864) to work on /opt/airflow/dags/branch_week_dag.py
[2023-12-25T19:27:17.317+0000] {processor.py:756} INFO - Processing file /opt/airflow/dags/branch_week_dag.py for tasks to queue
[2023-12-25T19:27:17.318+0000] {logging_mixin.py:120} INFO - [2023-12-25T19:27:17.318+0000] {dagbag.py:537} INFO - Filling up the DagBag from /opt/airflow/dags/branch_week_dag.py
[2023-12-25T19:27:17.334+0000] {processor.py:766} INFO - DAG(s) dict_keys(['my_BranchDayOfWeekOperator_dag']) retrieved from /opt/airflow/dags/branch_week_dag.py
[2023-12-25T19:27:17.418+0000] {logging_mixin.py:120} INFO - [2023-12-25T19:27:17.418+0000] {dag.py:2585} INFO - Sync 1 DAGs
[2023-12-25T19:27:17.440+0000] {logging_mixin.py:120} INFO - [2023-12-25T19:27:17.440+0000] {dag.py:3340} INFO - Setting next_dagrun for my_BranchDayOfWeekOperator_dag to 2023-12-24T00:00:00+00:00, run_after=2023-12-25T00:00:00+00:00
[2023-12-25T19:27:17.471+0000] {processor.py:176} INFO - Processing /opt/airflow/dags/branch_week_dag.py took 0.157 seconds
[2023-12-25T19:27:21.391+0000] {processor.py:154} INFO - Started process (PID=4874) to work on /opt/airflow/dags/branch_week_dag.py
[2023-12-25T19:27:21.392+0000] {processor.py:756} INFO - Processing file /opt/airflow/dags/branch_week_dag.py for tasks to queue
[2023-12-25T19:27:21.393+0000] {logging_mixin.py:120} INFO - [2023-12-25T19:27:21.393+0000] {dagbag.py:537} INFO - Filling up the DagBag from /opt/airflow/dags/branch_week_dag.py
[2023-12-25T19:27:21.408+0000] {processor.py:766} INFO - DAG(s) dict_keys(['my_BranchDayOfWeekOperator_dag']) retrieved from /opt/airflow/dags/branch_week_dag.py
[2023-12-25T19:27:21.428+0000] {logging_mixin.py:120} INFO - [2023-12-25T19:27:21.428+0000] {dag.py:2585} INFO - Sync 1 DAGs
[2023-12-25T19:27:21.448+0000] {logging_mixin.py:120} INFO - [2023-12-25T19:27:21.448+0000] {dag.py:3340} INFO - Setting next_dagrun for my_BranchDayOfWeekOperator_dag to 2023-12-24T00:00:00+00:00, run_after=2023-12-25T00:00:00+00:00
[2023-12-25T19:27:21.469+0000] {processor.py:176} INFO - Processing /opt/airflow/dags/branch_week_dag.py took 0.080 seconds
[2023-12-25T19:27:22.404+0000] {processor.py:154} INFO - Started process (PID=4875) to work on /opt/airflow/dags/branch_week_dag.py
[2023-12-25T19:27:22.405+0000] {processor.py:756} INFO - Processing file /opt/airflow/dags/branch_week_dag.py for tasks to queue
[2023-12-25T19:27:22.406+0000] {logging_mixin.py:120} INFO - [2023-12-25T19:27:22.405+0000] {dagbag.py:537} INFO - Filling up the DagBag from /opt/airflow/dags/branch_week_dag.py
[2023-12-25T19:27:22.421+0000] {processor.py:766} INFO - DAG(s) dict_keys(['my_BranchDayOfWeekOperator_dag']) retrieved from /opt/airflow/dags/branch_week_dag.py
[2023-12-25T19:27:22.442+0000] {logging_mixin.py:120} INFO - [2023-12-25T19:27:22.442+0000] {dag.py:2585} INFO - Sync 1 DAGs
[2023-12-25T19:27:22.463+0000] {logging_mixin.py:120} INFO - [2023-12-25T19:27:22.463+0000] {dag.py:3340} INFO - Setting next_dagrun for my_BranchDayOfWeekOperator_dag to 2023-12-24T00:00:00+00:00, run_after=2023-12-25T00:00:00+00:00
[2023-12-25T19:27:22.487+0000] {processor.py:176} INFO - Processing /opt/airflow/dags/branch_week_dag.py took 0.086 seconds
[2023-12-25T19:27:30.539+0000] {processor.py:154} INFO - Started process (PID=4887) to work on /opt/airflow/dags/branch_week_dag.py
[2023-12-25T19:27:30.540+0000] {processor.py:756} INFO - Processing file /opt/airflow/dags/branch_week_dag.py for tasks to queue
[2023-12-25T19:27:30.541+0000] {logging_mixin.py:120} INFO - [2023-12-25T19:27:30.541+0000] {dagbag.py:537} INFO - Filling up the DagBag from /opt/airflow/dags/branch_week_dag.py
[2023-12-25T19:27:30.543+0000] {logging_mixin.py:120} INFO - [2023-12-25T19:27:30.542+0000] {dagbag.py:342} ERROR - Failed to import: /opt/airflow/dags/branch_week_dag.py
Traceback (most recent call last):
  File "/home/airflow/.local/lib/python3.7/site-packages/airflow/models/dagbag.py", line 338, in parse
    loader.exec_module(new_module)
  File "<frozen importlib._bootstrap_external>", line 724, in exec_module
  File "<frozen importlib._bootstrap_external>", line 860, in get_code
  File "<frozen importlib._bootstrap_external>", line 791, in source_to_code
  File "<frozen importlib._bootstrap>", line 219, in _call_with_frames_removed
  File "/opt/airflow/dags/branch_week_dag.py", line 29
    task_a >> task_b >> is
                         ^
SyntaxError: invalid syntax
[2023-12-25T19:27:30.543+0000] {processor.py:768} WARNING - No viable dags retrieved from /opt/airflow/dags/branch_week_dag.py
[2023-12-25T19:27:30.570+0000] {processor.py:176} INFO - Processing /opt/airflow/dags/branch_week_dag.py took 0.034 seconds
[2023-12-25T19:27:34.556+0000] {processor.py:154} INFO - Started process (PID=4888) to work on /opt/airflow/dags/branch_week_dag.py
[2023-12-25T19:27:34.556+0000] {processor.py:756} INFO - Processing file /opt/airflow/dags/branch_week_dag.py for tasks to queue
[2023-12-25T19:27:34.557+0000] {logging_mixin.py:120} INFO - [2023-12-25T19:27:34.557+0000] {dagbag.py:537} INFO - Filling up the DagBag from /opt/airflow/dags/branch_week_dag.py
[2023-12-25T19:27:34.566+0000] {logging_mixin.py:120} INFO - [2023-12-25T19:27:34.566+0000] {dagbag.py:342} ERROR - Failed to import: /opt/airflow/dags/branch_week_dag.py
Traceback (most recent call last):
  File "/home/airflow/.local/lib/python3.7/site-packages/airflow/models/dagbag.py", line 338, in parse
    loader.exec_module(new_module)
  File "<frozen importlib._bootstrap_external>", line 728, in exec_module
  File "<frozen importlib._bootstrap>", line 219, in _call_with_frames_removed
  File "/opt/airflow/dags/branch_week_dag.py", line 29, in <module>
    task_a >> task_b >> is_wednesday >> [tas]
NameError: name 'tas' is not defined
[2023-12-25T19:27:34.567+0000] {processor.py:768} WARNING - No viable dags retrieved from /opt/airflow/dags/branch_week_dag.py
[2023-12-25T19:27:34.588+0000] {processor.py:176} INFO - Processing /opt/airflow/dags/branch_week_dag.py took 0.035 seconds
[2023-12-25T19:27:37.615+0000] {processor.py:154} INFO - Started process (PID=4889) to work on /opt/airflow/dags/branch_week_dag.py
[2023-12-25T19:27:37.615+0000] {processor.py:756} INFO - Processing file /opt/airflow/dags/branch_week_dag.py for tasks to queue
[2023-12-25T19:27:37.616+0000] {logging_mixin.py:120} INFO - [2023-12-25T19:27:37.616+0000] {dagbag.py:537} INFO - Filling up the DagBag from /opt/airflow/dags/branch_week_dag.py
[2023-12-25T19:27:37.626+0000] {logging_mixin.py:120} INFO - [2023-12-25T19:27:37.625+0000] {dagbag.py:342} ERROR - Failed to import: /opt/airflow/dags/branch_week_dag.py
Traceback (most recent call last):
  File "/home/airflow/.local/lib/python3.7/site-packages/airflow/models/dagbag.py", line 338, in parse
    loader.exec_module(new_module)
  File "<frozen importlib._bootstrap_external>", line 728, in exec_module
  File "<frozen importlib._bootstrap>", line 219, in _call_with_frames_removed
  File "/opt/airflow/dags/branch_week_dag.py", line 29, in <module>
    task_a >> task_b >> is_wednesday >> [task_c, end]
NameError: name 'end' is not defined
[2023-12-25T19:27:37.626+0000] {processor.py:768} WARNING - No viable dags retrieved from /opt/airflow/dags/branch_week_dag.py
[2023-12-25T19:27:37.648+0000] {processor.py:176} INFO - Processing /opt/airflow/dags/branch_week_dag.py took 0.036 seconds
[2023-12-25T19:27:40.827+0000] {processor.py:154} INFO - Started process (PID=4892) to work on /opt/airflow/dags/branch_week_dag.py
[2023-12-25T19:27:40.828+0000] {processor.py:756} INFO - Processing file /opt/airflow/dags/branch_week_dag.py for tasks to queue
[2023-12-25T19:27:40.829+0000] {logging_mixin.py:120} INFO - [2023-12-25T19:27:40.828+0000] {dagbag.py:537} INFO - Filling up the DagBag from /opt/airflow/dags/branch_week_dag.py
[2023-12-25T19:27:40.845+0000] {processor.py:766} INFO - DAG(s) dict_keys(['my_BranchDayOfWeekOperator_dag']) retrieved from /opt/airflow/dags/branch_week_dag.py
[2023-12-25T19:27:40.868+0000] {logging_mixin.py:120} INFO - [2023-12-25T19:27:40.867+0000] {dag.py:2585} INFO - Sync 1 DAGs
[2023-12-25T19:27:40.897+0000] {logging_mixin.py:120} INFO - [2023-12-25T19:27:40.897+0000] {dag.py:3340} INFO - Setting next_dagrun for my_BranchDayOfWeekOperator_dag to 2023-12-24T00:00:00+00:00, run_after=2023-12-25T00:00:00+00:00
[2023-12-25T19:27:40.923+0000] {processor.py:176} INFO - Processing /opt/airflow/dags/branch_week_dag.py took 0.100 seconds
[2023-12-25T19:27:53.293+0000] {processor.py:154} INFO - Started process (PID=4918) to work on /opt/airflow/dags/branch_week_dag.py
[2023-12-25T19:27:53.294+0000] {processor.py:756} INFO - Processing file /opt/airflow/dags/branch_week_dag.py for tasks to queue
[2023-12-25T19:27:53.295+0000] {logging_mixin.py:120} INFO - [2023-12-25T19:27:53.295+0000] {dagbag.py:537} INFO - Filling up the DagBag from /opt/airflow/dags/branch_week_dag.py
[2023-12-25T19:27:53.298+0000] {logging_mixin.py:120} INFO - [2023-12-25T19:27:53.296+0000] {dagbag.py:342} ERROR - Failed to import: /opt/airflow/dags/branch_week_dag.py
Traceback (most recent call last):
  File "/home/airflow/.local/lib/python3.7/site-packages/airflow/models/dagbag.py", line 338, in parse
    loader.exec_module(new_module)
  File "<frozen importlib._bootstrap_external>", line 724, in exec_module
  File "<frozen importlib._bootstrap_external>", line 860, in get_code
  File "<frozen importlib._bootstrap_external>", line 791, in source_to_code
  File "<frozen importlib._bootstrap>", line 219, in _call_with_frames_removed
  File "/opt/airflow/dags/branch_week_dag.py", line 23
    use_task_e
    ^
SyntaxError: positional argument follows keyword argument
[2023-12-25T19:27:53.298+0000] {processor.py:768} WARNING - No viable dags retrieved from /opt/airflow/dags/branch_week_dag.py
[2023-12-25T19:27:53.323+0000] {processor.py:176} INFO - Processing /opt/airflow/dags/branch_week_dag.py took 0.033 seconds
[2023-12-25T19:27:59.379+0000] {processor.py:154} INFO - Started process (PID=4920) to work on /opt/airflow/dags/branch_week_dag.py
[2023-12-25T19:27:59.379+0000] {processor.py:756} INFO - Processing file /opt/airflow/dags/branch_week_dag.py for tasks to queue
[2023-12-25T19:27:59.380+0000] {logging_mixin.py:120} INFO - [2023-12-25T19:27:59.380+0000] {dagbag.py:537} INFO - Filling up the DagBag from /opt/airflow/dags/branch_week_dag.py
[2023-12-25T19:27:59.400+0000] {processor.py:766} INFO - DAG(s) dict_keys(['my_BranchDayOfWeekOperator_dag']) retrieved from /opt/airflow/dags/branch_week_dag.py
[2023-12-25T19:27:59.466+0000] {logging_mixin.py:120} INFO - [2023-12-25T19:27:59.466+0000] {dag.py:2585} INFO - Sync 1 DAGs
[2023-12-25T19:27:59.485+0000] {logging_mixin.py:120} INFO - [2023-12-25T19:27:59.485+0000] {dag.py:3340} INFO - Setting next_dagrun for my_BranchDayOfWeekOperator_dag to 2023-12-24T00:00:00+00:00, run_after=2023-12-25T00:00:00+00:00
[2023-12-25T19:27:59.512+0000] {processor.py:176} INFO - Processing /opt/airflow/dags/branch_week_dag.py took 0.137 seconds
[2023-12-25T19:28:01.433+0000] {processor.py:154} INFO - Started process (PID=4921) to work on /opt/airflow/dags/branch_week_dag.py
[2023-12-25T19:28:01.433+0000] {processor.py:756} INFO - Processing file /opt/airflow/dags/branch_week_dag.py for tasks to queue
[2023-12-25T19:28:01.434+0000] {logging_mixin.py:120} INFO - [2023-12-25T19:28:01.434+0000] {dagbag.py:537} INFO - Filling up the DagBag from /opt/airflow/dags/branch_week_dag.py
[2023-12-25T19:28:01.453+0000] {processor.py:766} INFO - DAG(s) dict_keys(['my_BranchDayOfWeekOperator_dag']) retrieved from /opt/airflow/dags/branch_week_dag.py
[2023-12-25T19:28:01.474+0000] {logging_mixin.py:120} INFO - [2023-12-25T19:28:01.474+0000] {dag.py:2585} INFO - Sync 1 DAGs
[2023-12-25T19:28:01.495+0000] {logging_mixin.py:120} INFO - [2023-12-25T19:28:01.495+0000] {dag.py:3340} INFO - Setting next_dagrun for my_BranchDayOfWeekOperator_dag to 2023-12-24T00:00:00+00:00, run_after=2023-12-25T00:00:00+00:00
[2023-12-25T19:28:01.516+0000] {processor.py:176} INFO - Processing /opt/airflow/dags/branch_week_dag.py took 0.086 seconds
[2023-12-25T19:28:15.764+0000] {processor.py:154} INFO - Started process (PID=4944) to work on /opt/airflow/dags/branch_week_dag.py
[2023-12-25T19:28:15.765+0000] {processor.py:756} INFO - Processing file /opt/airflow/dags/branch_week_dag.py for tasks to queue
[2023-12-25T19:28:15.766+0000] {logging_mixin.py:120} INFO - [2023-12-25T19:28:15.766+0000] {dagbag.py:537} INFO - Filling up the DagBag from /opt/airflow/dags/branch_week_dag.py
[2023-12-25T19:28:15.788+0000] {processor.py:766} INFO - DAG(s) dict_keys(['my_BranchDayOfWeekOperator_dag']) retrieved from /opt/airflow/dags/branch_week_dag.py
[2023-12-25T19:28:15.819+0000] {logging_mixin.py:120} INFO - [2023-12-25T19:28:15.818+0000] {dag.py:2585} INFO - Sync 1 DAGs
[2023-12-25T19:28:15.853+0000] {logging_mixin.py:120} INFO - [2023-12-25T19:28:15.853+0000] {dag.py:3340} INFO - Setting next_dagrun for my_BranchDayOfWeekOperator_dag to 2023-12-24T00:00:00+00:00, run_after=2023-12-25T00:00:00+00:00
[2023-12-25T19:28:15.883+0000] {processor.py:176} INFO - Processing /opt/airflow/dags/branch_week_dag.py took 0.123 seconds
[2023-12-25T19:28:17.826+0000] {processor.py:154} INFO - Started process (PID=4945) to work on /opt/airflow/dags/branch_week_dag.py
[2023-12-25T19:28:17.826+0000] {processor.py:756} INFO - Processing file /opt/airflow/dags/branch_week_dag.py for tasks to queue
[2023-12-25T19:28:17.827+0000] {logging_mixin.py:120} INFO - [2023-12-25T19:28:17.827+0000] {dagbag.py:537} INFO - Filling up the DagBag from /opt/airflow/dags/branch_week_dag.py
[2023-12-25T19:28:17.849+0000] {processor.py:766} INFO - DAG(s) dict_keys(['my_BranchDayOfWeekOperator_dag']) retrieved from /opt/airflow/dags/branch_week_dag.py
[2023-12-25T19:28:17.875+0000] {logging_mixin.py:120} INFO - [2023-12-25T19:28:17.875+0000] {dag.py:2585} INFO - Sync 1 DAGs
[2023-12-25T19:28:17.896+0000] {logging_mixin.py:120} INFO - [2023-12-25T19:28:17.896+0000] {dag.py:3340} INFO - Setting next_dagrun for my_BranchDayOfWeekOperator_dag to 2023-12-24T00:00:00+00:00, run_after=2023-12-25T00:00:00+00:00
[2023-12-25T19:28:17.920+0000] {processor.py:176} INFO - Processing /opt/airflow/dags/branch_week_dag.py took 0.097 seconds
[2023-12-25T19:28:32.298+0000] {processor.py:154} INFO - Started process (PID=4961) to work on /opt/airflow/dags/branch_week_dag.py
[2023-12-25T19:28:32.299+0000] {processor.py:756} INFO - Processing file /opt/airflow/dags/branch_week_dag.py for tasks to queue
[2023-12-25T19:28:32.299+0000] {logging_mixin.py:120} INFO - [2023-12-25T19:28:32.299+0000] {dagbag.py:537} INFO - Filling up the DagBag from /opt/airflow/dags/branch_week_dag.py
[2023-12-25T19:28:32.315+0000] {processor.py:766} INFO - DAG(s) dict_keys(['my_BranchDayOfWeekOperator_dag']) retrieved from /opt/airflow/dags/branch_week_dag.py
[2023-12-25T19:28:32.346+0000] {logging_mixin.py:120} INFO - [2023-12-25T19:28:32.346+0000] {dag.py:2585} INFO - Sync 1 DAGs
[2023-12-25T19:28:32.369+0000] {logging_mixin.py:120} INFO - [2023-12-25T19:28:32.368+0000] {dag.py:3340} INFO - Setting next_dagrun for my_BranchDayOfWeekOperator_dag to 2023-12-24T00:00:00+00:00, run_after=2023-12-25T00:00:00+00:00
[2023-12-25T19:28:32.389+0000] {processor.py:176} INFO - Processing /opt/airflow/dags/branch_week_dag.py took 0.094 seconds
[2023-12-25T19:28:38.398+0000] {processor.py:154} INFO - Started process (PID=4971) to work on /opt/airflow/dags/branch_week_dag.py
[2023-12-25T19:28:38.399+0000] {processor.py:756} INFO - Processing file /opt/airflow/dags/branch_week_dag.py for tasks to queue
[2023-12-25T19:28:38.400+0000] {logging_mixin.py:120} INFO - [2023-12-25T19:28:38.400+0000] {dagbag.py:537} INFO - Filling up the DagBag from /opt/airflow/dags/branch_week_dag.py
[2023-12-25T19:28:38.420+0000] {processor.py:766} INFO - DAG(s) dict_keys(['my_BranchDayOfWeekOperator_dag']) retrieved from /opt/airflow/dags/branch_week_dag.py
[2023-12-25T19:28:38.466+0000] {logging_mixin.py:120} INFO - [2023-12-25T19:28:38.466+0000] {dag.py:2585} INFO - Sync 1 DAGs
[2023-12-25T19:28:38.504+0000] {logging_mixin.py:120} INFO - [2023-12-25T19:28:38.504+0000] {dag.py:3340} INFO - Setting next_dagrun for my_BranchDayOfWeekOperator_dag to 2023-12-24T00:00:00+00:00, run_after=2023-12-25T00:00:00+00:00
[2023-12-25T19:28:38.531+0000] {processor.py:176} INFO - Processing /opt/airflow/dags/branch_week_dag.py took 0.137 seconds
[2023-12-25T19:28:41.611+0000] {processor.py:154} INFO - Started process (PID=4974) to work on /opt/airflow/dags/branch_week_dag.py
[2023-12-25T19:28:41.611+0000] {processor.py:756} INFO - Processing file /opt/airflow/dags/branch_week_dag.py for tasks to queue
[2023-12-25T19:28:41.612+0000] {logging_mixin.py:120} INFO - [2023-12-25T19:28:41.612+0000] {dagbag.py:537} INFO - Filling up the DagBag from /opt/airflow/dags/branch_week_dag.py
[2023-12-25T19:28:41.627+0000] {processor.py:766} INFO - DAG(s) dict_keys(['my_BranchDayOfWeekOperator_dag']) retrieved from /opt/airflow/dags/branch_week_dag.py
[2023-12-25T19:28:41.659+0000] {logging_mixin.py:120} INFO - [2023-12-25T19:28:41.659+0000] {dag.py:2585} INFO - Sync 1 DAGs
[2023-12-25T19:28:41.679+0000] {logging_mixin.py:120} INFO - [2023-12-25T19:28:41.679+0000] {dag.py:3340} INFO - Setting next_dagrun for my_BranchDayOfWeekOperator_dag to 2023-12-24T00:00:00+00:00, run_after=2023-12-25T00:00:00+00:00
[2023-12-25T19:28:41.704+0000] {processor.py:176} INFO - Processing /opt/airflow/dags/branch_week_dag.py took 0.095 seconds
[2023-12-25T19:28:52.230+0000] {processor.py:154} INFO - Started process (PID=4990) to work on /opt/airflow/dags/branch_week_dag.py
[2023-12-25T19:28:52.230+0000] {processor.py:756} INFO - Processing file /opt/airflow/dags/branch_week_dag.py for tasks to queue
[2023-12-25T19:28:52.231+0000] {logging_mixin.py:120} INFO - [2023-12-25T19:28:52.231+0000] {dagbag.py:537} INFO - Filling up the DagBag from /opt/airflow/dags/branch_week_dag.py
[2023-12-25T19:28:52.247+0000] {processor.py:766} INFO - DAG(s) dict_keys(['my_BranchDayOfWeekOperator_dag']) retrieved from /opt/airflow/dags/branch_week_dag.py
[2023-12-25T19:28:52.281+0000] {logging_mixin.py:120} INFO - [2023-12-25T19:28:52.281+0000] {dag.py:2585} INFO - Sync 1 DAGs
[2023-12-25T19:28:52.304+0000] {logging_mixin.py:120} INFO - [2023-12-25T19:28:52.303+0000] {dag.py:3340} INFO - Setting next_dagrun for my_BranchDayOfWeekOperator_dag to 2023-12-24T00:00:00+00:00, run_after=2023-12-25T00:00:00+00:00
[2023-12-25T19:28:52.325+0000] {processor.py:176} INFO - Processing /opt/airflow/dags/branch_week_dag.py took 0.098 seconds
[2023-12-25T19:29:00.374+0000] {processor.py:154} INFO - Started process (PID=4992) to work on /opt/airflow/dags/branch_week_dag.py
[2023-12-25T19:29:00.375+0000] {processor.py:756} INFO - Processing file /opt/airflow/dags/branch_week_dag.py for tasks to queue
[2023-12-25T19:29:00.375+0000] {logging_mixin.py:120} INFO - [2023-12-25T19:29:00.375+0000] {dagbag.py:537} INFO - Filling up the DagBag from /opt/airflow/dags/branch_week_dag.py
[2023-12-25T19:29:00.391+0000] {processor.py:766} INFO - DAG(s) dict_keys(['my_BranchDayOfWeekOperator_dag']) retrieved from /opt/airflow/dags/branch_week_dag.py
[2023-12-25T19:29:00.436+0000] {logging_mixin.py:120} INFO - [2023-12-25T19:29:00.435+0000] {dag.py:2585} INFO - Sync 1 DAGs
[2023-12-25T19:29:00.497+0000] {logging_mixin.py:120} INFO - [2023-12-25T19:29:00.497+0000] {dag.py:3340} INFO - Setting next_dagrun for my_BranchDayOfWeekOperator_dag to 2023-12-24T00:00:00+00:00, run_after=2023-12-25T00:00:00+00:00
[2023-12-25T19:29:00.526+0000] {processor.py:176} INFO - Processing /opt/airflow/dags/branch_week_dag.py took 0.155 seconds
[2023-12-25T19:29:31.467+0000] {processor.py:154} INFO - Started process (PID=5030) to work on /opt/airflow/dags/branch_week_dag.py
[2023-12-25T19:29:31.468+0000] {processor.py:756} INFO - Processing file /opt/airflow/dags/branch_week_dag.py for tasks to queue
[2023-12-25T19:29:31.468+0000] {logging_mixin.py:120} INFO - [2023-12-25T19:29:31.468+0000] {dagbag.py:537} INFO - Filling up the DagBag from /opt/airflow/dags/branch_week_dag.py
[2023-12-25T19:29:31.483+0000] {processor.py:766} INFO - DAG(s) dict_keys(['my_BranchDayOfWeekOperator_dag']) retrieved from /opt/airflow/dags/branch_week_dag.py
[2023-12-25T19:29:31.514+0000] {logging_mixin.py:120} INFO - [2023-12-25T19:29:31.513+0000] {dag.py:2585} INFO - Sync 1 DAGs
[2023-12-25T19:29:31.534+0000] {logging_mixin.py:120} INFO - [2023-12-25T19:29:31.534+0000] {dag.py:3340} INFO - Setting next_dagrun for my_BranchDayOfWeekOperator_dag to 2023-12-24T00:00:00+00:00, run_after=2023-12-25T00:00:00+00:00
[2023-12-25T19:29:31.553+0000] {processor.py:176} INFO - Processing /opt/airflow/dags/branch_week_dag.py took 0.088 seconds
[2023-12-25T19:29:56.094+0000] {processor.py:154} INFO - Started process (PID=5055) to work on /opt/airflow/dags/branch_week_dag.py
[2023-12-25T19:29:56.094+0000] {processor.py:756} INFO - Processing file /opt/airflow/dags/branch_week_dag.py for tasks to queue
[2023-12-25T19:29:56.095+0000] {logging_mixin.py:120} INFO - [2023-12-25T19:29:56.095+0000] {dagbag.py:537} INFO - Filling up the DagBag from /opt/airflow/dags/branch_week_dag.py
[2023-12-25T19:29:56.111+0000] {processor.py:766} INFO - DAG(s) dict_keys(['my_BranchDayOfWeekOperator_dag']) retrieved from /opt/airflow/dags/branch_week_dag.py
[2023-12-25T19:29:56.144+0000] {logging_mixin.py:120} INFO - [2023-12-25T19:29:56.144+0000] {dag.py:2585} INFO - Sync 1 DAGs
[2023-12-25T19:29:56.165+0000] {logging_mixin.py:120} INFO - [2023-12-25T19:29:56.165+0000] {dag.py:3340} INFO - Setting next_dagrun for my_BranchDayOfWeekOperator_dag to 2023-12-24T00:00:00+00:00, run_after=2023-12-25T00:00:00+00:00
[2023-12-25T19:29:56.191+0000] {processor.py:176} INFO - Processing /opt/airflow/dags/branch_week_dag.py took 0.099 seconds
[2023-12-25T19:30:00.226+0000] {processor.py:154} INFO - Started process (PID=5066) to work on /opt/airflow/dags/branch_week_dag.py
[2023-12-25T19:30:00.226+0000] {processor.py:756} INFO - Processing file /opt/airflow/dags/branch_week_dag.py for tasks to queue
[2023-12-25T19:30:00.227+0000] {logging_mixin.py:120} INFO - [2023-12-25T19:30:00.227+0000] {dagbag.py:537} INFO - Filling up the DagBag from /opt/airflow/dags/branch_week_dag.py
[2023-12-25T19:30:00.236+0000] {logging_mixin.py:120} INFO - [2023-12-25T19:30:00.236+0000] {dagbag.py:342} ERROR - Failed to import: /opt/airflow/dags/branch_week_dag.py
Traceback (most recent call last):
  File "/home/airflow/.local/lib/python3.7/site-packages/airflow/models/dagbag.py", line 338, in parse
    loader.exec_module(new_module)
  File "<frozen importlib._bootstrap_external>", line 728, in exec_module
  File "<frozen importlib._bootstrap>", line 219, in _call_with_frames_removed
  File "/opt/airflow/dags/branch_week_dag.py", line 30, in <module>
    task_a >> task_b >> is_wednesday >> [task_c, end]
NameError: name 'task_c' is not defined
[2023-12-25T19:30:00.237+0000] {processor.py:768} WARNING - No viable dags retrieved from /opt/airflow/dags/branch_week_dag.py
[2023-12-25T19:30:00.257+0000] {processor.py:176} INFO - Processing /opt/airflow/dags/branch_week_dag.py took 0.034 seconds
[2023-12-25T19:30:01.236+0000] {processor.py:154} INFO - Started process (PID=5067) to work on /opt/airflow/dags/branch_week_dag.py
[2023-12-25T19:30:01.237+0000] {processor.py:756} INFO - Processing file /opt/airflow/dags/branch_week_dag.py for tasks to queue
[2023-12-25T19:30:01.238+0000] {logging_mixin.py:120} INFO - [2023-12-25T19:30:01.238+0000] {dagbag.py:537} INFO - Filling up the DagBag from /opt/airflow/dags/branch_week_dag.py
[2023-12-25T19:30:01.249+0000] {logging_mixin.py:120} INFO - [2023-12-25T19:30:01.248+0000] {dagbag.py:342} ERROR - Failed to import: /opt/airflow/dags/branch_week_dag.py
Traceback (most recent call last):
  File "/home/airflow/.local/lib/python3.7/site-packages/airflow/models/dagbag.py", line 338, in parse
    loader.exec_module(new_module)
  File "<frozen importlib._bootstrap_external>", line 728, in exec_module
  File "<frozen importlib._bootstrap>", line 219, in _call_with_frames_removed
  File "/opt/airflow/dags/branch_week_dag.py", line 30, in <module>
    task_a >> task_b >> is_wednesday >> [task_c, end]
NameError: name 'task_c' is not defined
[2023-12-25T19:30:01.249+0000] {processor.py:768} WARNING - No viable dags retrieved from /opt/airflow/dags/branch_week_dag.py
[2023-12-25T19:30:01.268+0000] {processor.py:176} INFO - Processing /opt/airflow/dags/branch_week_dag.py took 0.034 seconds
[2023-12-25T19:30:04.290+0000] {processor.py:154} INFO - Started process (PID=5068) to work on /opt/airflow/dags/branch_week_dag.py
[2023-12-25T19:30:04.291+0000] {processor.py:756} INFO - Processing file /opt/airflow/dags/branch_week_dag.py for tasks to queue
[2023-12-25T19:30:04.291+0000] {logging_mixin.py:120} INFO - [2023-12-25T19:30:04.291+0000] {dagbag.py:537} INFO - Filling up the DagBag from /opt/airflow/dags/branch_week_dag.py
[2023-12-25T19:30:04.306+0000] {processor.py:766} INFO - DAG(s) dict_keys(['my_BranchDayOfWeekOperator_dag']) retrieved from /opt/airflow/dags/branch_week_dag.py
[2023-12-25T19:30:04.366+0000] {logging_mixin.py:120} INFO - [2023-12-25T19:30:04.366+0000] {dag.py:2585} INFO - Sync 1 DAGs
[2023-12-25T19:30:04.386+0000] {logging_mixin.py:120} INFO - [2023-12-25T19:30:04.386+0000] {dag.py:3340} INFO - Setting next_dagrun for my_BranchDayOfWeekOperator_dag to 2023-12-24T00:00:00+00:00, run_after=2023-12-25T00:00:00+00:00
[2023-12-25T19:30:04.413+0000] {processor.py:176} INFO - Processing /opt/airflow/dags/branch_week_dag.py took 0.126 seconds
[2023-12-25T19:30:35.019+0000] {processor.py:154} INFO - Started process (PID=5104) to work on /opt/airflow/dags/branch_week_dag.py
[2023-12-25T19:30:35.020+0000] {processor.py:756} INFO - Processing file /opt/airflow/dags/branch_week_dag.py for tasks to queue
[2023-12-25T19:30:35.020+0000] {logging_mixin.py:120} INFO - [2023-12-25T19:30:35.020+0000] {dagbag.py:537} INFO - Filling up the DagBag from /opt/airflow/dags/branch_week_dag.py
[2023-12-25T19:30:35.022+0000] {logging_mixin.py:120} INFO - [2023-12-25T19:30:35.021+0000] {dagbag.py:342} ERROR - Failed to import: /opt/airflow/dags/branch_week_dag.py
Traceback (most recent call last):
  File "/home/airflow/.local/lib/python3.7/site-packages/airflow/models/dagbag.py", line 338, in parse
    loader.exec_module(new_module)
  File "<frozen importlib._bootstrap_external>", line 724, in exec_module
  File "<frozen importlib._bootstrap_external>", line 860, in get_code
  File "<frozen importlib._bootstrap_external>", line 791, in source_to_code
  File "<frozen importlib._bootstrap>", line 219, in _call_with_frames_removed
  File "/opt/airflow/dags/branch_week_dag.py", line 24
    use_task_execution_day=True
                          ^
SyntaxError: invalid syntax
[2023-12-25T19:30:35.022+0000] {processor.py:768} WARNING - No viable dags retrieved from /opt/airflow/dags/branch_week_dag.py
[2023-12-25T19:30:35.047+0000] {processor.py:176} INFO - Processing /opt/airflow/dags/branch_week_dag.py took 0.030 seconds
[2023-12-25T19:30:37.031+0000] {processor.py:154} INFO - Started process (PID=5105) to work on /opt/airflow/dags/branch_week_dag.py
[2023-12-25T19:30:37.032+0000] {processor.py:756} INFO - Processing file /opt/airflow/dags/branch_week_dag.py for tasks to queue
[2023-12-25T19:30:37.033+0000] {logging_mixin.py:120} INFO - [2023-12-25T19:30:37.032+0000] {dagbag.py:537} INFO - Filling up the DagBag from /opt/airflow/dags/branch_week_dag.py
[2023-12-25T19:30:37.047+0000] {processor.py:766} INFO - DAG(s) dict_keys(['my_BranchDayOfWeekOperator_dag']) retrieved from /opt/airflow/dags/branch_week_dag.py
[2023-12-25T19:30:37.080+0000] {logging_mixin.py:120} INFO - [2023-12-25T19:30:37.079+0000] {dag.py:2585} INFO - Sync 1 DAGs
[2023-12-25T19:30:37.101+0000] {logging_mixin.py:120} INFO - [2023-12-25T19:30:37.101+0000] {dag.py:3340} INFO - Setting next_dagrun for my_BranchDayOfWeekOperator_dag to 2023-12-24T00:00:00+00:00, run_after=2023-12-25T00:00:00+00:00
[2023-12-25T19:30:37.128+0000] {processor.py:176} INFO - Processing /opt/airflow/dags/branch_week_dag.py took 0.099 seconds
[2023-12-25T19:30:48.387+0000] {processor.py:154} INFO - Started process (PID=5118) to work on /opt/airflow/dags/branch_week_dag.py
[2023-12-25T19:30:48.388+0000] {processor.py:756} INFO - Processing file /opt/airflow/dags/branch_week_dag.py for tasks to queue
[2023-12-25T19:30:48.388+0000] {logging_mixin.py:120} INFO - [2023-12-25T19:30:48.388+0000] {dagbag.py:537} INFO - Filling up the DagBag from /opt/airflow/dags/branch_week_dag.py
[2023-12-25T19:30:48.390+0000] {logging_mixin.py:120} INFO - [2023-12-25T19:30:48.389+0000] {dagbag.py:342} ERROR - Failed to import: /opt/airflow/dags/branch_week_dag.py
Traceback (most recent call last):
  File "/home/airflow/.local/lib/python3.7/site-packages/airflow/models/dagbag.py", line 338, in parse
    loader.exec_module(new_module)
  File "<frozen importlib._bootstrap_external>", line 724, in exec_module
  File "<frozen importlib._bootstrap_external>", line 860, in get_code
  File "<frozen importlib._bootstrap_external>", line 791, in source_to_code
  File "<frozen importlib._bootstrap>", line 219, in _call_with_frames_removed
  File "/opt/airflow/dags/branch_week_dag.py", line 22
    week_day = {, WeekDay.WEDNESDAY},
                ^
SyntaxError: invalid syntax
[2023-12-25T19:30:48.390+0000] {processor.py:768} WARNING - No viable dags retrieved from /opt/airflow/dags/branch_week_dag.py
[2023-12-25T19:30:48.413+0000] {processor.py:176} INFO - Processing /opt/airflow/dags/branch_week_dag.py took 0.029 seconds
[2023-12-25T19:30:52.747+0000] {processor.py:154} INFO - Started process (PID=5124) to work on /opt/airflow/dags/branch_week_dag.py
[2023-12-25T19:30:52.748+0000] {processor.py:756} INFO - Processing file /opt/airflow/dags/branch_week_dag.py for tasks to queue
[2023-12-25T19:30:52.748+0000] {logging_mixin.py:120} INFO - [2023-12-25T19:30:52.748+0000] {dagbag.py:537} INFO - Filling up the DagBag from /opt/airflow/dags/branch_week_dag.py
[2023-12-25T19:30:52.765+0000] {processor.py:766} INFO - DAG(s) dict_keys(['my_BranchDayOfWeekOperator_dag']) retrieved from /opt/airflow/dags/branch_week_dag.py
[2023-12-25T19:30:52.803+0000] {logging_mixin.py:120} INFO - [2023-12-25T19:30:52.803+0000] {dag.py:2585} INFO - Sync 1 DAGs
[2023-12-25T19:30:52.834+0000] {logging_mixin.py:120} INFO - [2023-12-25T19:30:52.834+0000] {dag.py:3340} INFO - Setting next_dagrun for my_BranchDayOfWeekOperator_dag to 2023-12-24T00:00:00+00:00, run_after=2023-12-25T00:00:00+00:00
[2023-12-25T19:30:52.868+0000] {processor.py:176} INFO - Processing /opt/airflow/dags/branch_week_dag.py took 0.125 seconds
[2023-12-25T19:30:56.860+0000] {processor.py:154} INFO - Started process (PID=5136) to work on /opt/airflow/dags/branch_week_dag.py
[2023-12-25T19:30:56.863+0000] {processor.py:756} INFO - Processing file /opt/airflow/dags/branch_week_dag.py for tasks to queue
[2023-12-25T19:30:56.864+0000] {logging_mixin.py:120} INFO - [2023-12-25T19:30:56.864+0000] {dagbag.py:537} INFO - Filling up the DagBag from /opt/airflow/dags/branch_week_dag.py
[2023-12-25T19:30:56.888+0000] {processor.py:766} INFO - DAG(s) dict_keys(['my_BranchDayOfWeekOperator_dag']) retrieved from /opt/airflow/dags/branch_week_dag.py
[2023-12-25T19:30:56.939+0000] {logging_mixin.py:120} INFO - [2023-12-25T19:30:56.939+0000] {dag.py:2585} INFO - Sync 1 DAGs
[2023-12-25T19:30:56.975+0000] {logging_mixin.py:120} INFO - [2023-12-25T19:30:56.974+0000] {dag.py:3340} INFO - Setting next_dagrun for my_BranchDayOfWeekOperator_dag to 2023-12-24T00:00:00+00:00, run_after=2023-12-25T00:00:00+00:00
[2023-12-25T19:30:57.007+0000] {processor.py:176} INFO - Processing /opt/airflow/dags/branch_week_dag.py took 0.151 seconds
[2023-12-25T19:31:07.965+0000] {processor.py:154} INFO - Started process (PID=5147) to work on /opt/airflow/dags/branch_week_dag.py
[2023-12-25T19:31:07.966+0000] {processor.py:756} INFO - Processing file /opt/airflow/dags/branch_week_dag.py for tasks to queue
[2023-12-25T19:31:07.966+0000] {logging_mixin.py:120} INFO - [2023-12-25T19:31:07.966+0000] {dagbag.py:537} INFO - Filling up the DagBag from /opt/airflow/dags/branch_week_dag.py
[2023-12-25T19:31:07.982+0000] {logging_mixin.py:120} INFO - [2023-12-25T19:31:07.981+0000] {dagbag.py:342} ERROR - Failed to import: /opt/airflow/dags/branch_week_dag.py
Traceback (most recent call last):
  File "/home/airflow/.local/lib/python3.7/site-packages/airflow/models/dagbag.py", line 338, in parse
    loader.exec_module(new_module)
  File "<frozen importlib._bootstrap_external>", line 728, in exec_module
  File "<frozen importlib._bootstrap>", line 219, in _call_with_frames_removed
  File "/opt/airflow/dags/branch_week_dag.py", line 30, in <module>
    task_a >> task_b >> is_wednesday >> [wednesday_task, end]
NameError: name 'wednesday_task' is not defined
[2023-12-25T19:31:07.983+0000] {processor.py:768} WARNING - No viable dags retrieved from /opt/airflow/dags/branch_week_dag.py
[2023-12-25T19:31:08.013+0000] {processor.py:176} INFO - Processing /opt/airflow/dags/branch_week_dag.py took 0.052 seconds
[2023-12-25T19:31:10.983+0000] {processor.py:154} INFO - Started process (PID=5148) to work on /opt/airflow/dags/branch_week_dag.py
[2023-12-25T19:31:10.984+0000] {processor.py:756} INFO - Processing file /opt/airflow/dags/branch_week_dag.py for tasks to queue
[2023-12-25T19:31:10.985+0000] {logging_mixin.py:120} INFO - [2023-12-25T19:31:10.985+0000] {dagbag.py:537} INFO - Filling up the DagBag from /opt/airflow/dags/branch_week_dag.py
[2023-12-25T19:31:10.997+0000] {logging_mixin.py:120} INFO - [2023-12-25T19:31:10.997+0000] {dagbag.py:342} ERROR - Failed to import: /opt/airflow/dags/branch_week_dag.py
Traceback (most recent call last):
  File "/home/airflow/.local/lib/python3.7/site-packages/airflow/models/dagbag.py", line 338, in parse
    loader.exec_module(new_module)
  File "<frozen importlib._bootstrap_external>", line 728, in exec_module
  File "<frozen importlib._bootstrap>", line 219, in _call_with_frames_removed
  File "/opt/airflow/dags/branch_week_dag.py", line 30, in <module>
    task_a >> task_b >> is_wednesday >> [wednesday_task, end]
NameError: name 'wednesday_task' is not defined
[2023-12-25T19:31:10.998+0000] {processor.py:768} WARNING - No viable dags retrieved from /opt/airflow/dags/branch_week_dag.py
[2023-12-25T19:31:11.019+0000] {processor.py:176} INFO - Processing /opt/airflow/dags/branch_week_dag.py took 0.039 seconds
[2023-12-25T19:31:11.995+0000] {processor.py:154} INFO - Started process (PID=5149) to work on /opt/airflow/dags/branch_week_dag.py
[2023-12-25T19:31:11.996+0000] {processor.py:756} INFO - Processing file /opt/airflow/dags/branch_week_dag.py for tasks to queue
[2023-12-25T19:31:11.996+0000] {logging_mixin.py:120} INFO - [2023-12-25T19:31:11.996+0000] {dagbag.py:537} INFO - Filling up the DagBag from /opt/airflow/dags/branch_week_dag.py
[2023-12-25T19:31:12.006+0000] {logging_mixin.py:120} INFO - [2023-12-25T19:31:12.005+0000] {dagbag.py:342} ERROR - Failed to import: /opt/airflow/dags/branch_week_dag.py
Traceback (most recent call last):
  File "/home/airflow/.local/lib/python3.7/site-packages/airflow/models/dagbag.py", line 338, in parse
    loader.exec_module(new_module)
  File "<frozen importlib._bootstrap_external>", line 728, in exec_module
  File "<frozen importlib._bootstrap>", line 219, in _call_with_frames_removed
  File "/opt/airflow/dags/branch_week_dag.py", line 30, in <module>
    task_a >> task_b >> is_wednesday >> [wednesday_task, end]
NameError: name 'wednesday_task' is not defined
[2023-12-25T19:31:12.006+0000] {processor.py:768} WARNING - No viable dags retrieved from /opt/airflow/dags/branch_week_dag.py
[2023-12-25T19:31:12.028+0000] {processor.py:176} INFO - Processing /opt/airflow/dags/branch_week_dag.py took 0.036 seconds
[2023-12-25T19:31:42.723+0000] {processor.py:154} INFO - Started process (PID=5184) to work on /opt/airflow/dags/branch_week_dag.py
[2023-12-25T19:31:42.724+0000] {processor.py:756} INFO - Processing file /opt/airflow/dags/branch_week_dag.py for tasks to queue
[2023-12-25T19:31:42.724+0000] {logging_mixin.py:120} INFO - [2023-12-25T19:31:42.724+0000] {dagbag.py:537} INFO - Filling up the DagBag from /opt/airflow/dags/branch_week_dag.py
[2023-12-25T19:31:42.737+0000] {logging_mixin.py:120} INFO - [2023-12-25T19:31:42.736+0000] {dagbag.py:342} ERROR - Failed to import: /opt/airflow/dags/branch_week_dag.py
Traceback (most recent call last):
  File "/home/airflow/.local/lib/python3.7/site-packages/airflow/models/dagbag.py", line 338, in parse
    loader.exec_module(new_module)
  File "<frozen importlib._bootstrap_external>", line 728, in exec_module
  File "<frozen importlib._bootstrap>", line 219, in _call_with_frames_removed
  File "/opt/airflow/dags/branch_week_dag.py", line 30, in <module>
    task_a >> task_b >> is_wednesday >> [wednesday_task, end]
NameError: name 'wednesday_task' is not defined
[2023-12-25T19:31:42.737+0000] {processor.py:768} WARNING - No viable dags retrieved from /opt/airflow/dags/branch_week_dag.py
[2023-12-25T19:31:42.763+0000] {processor.py:176} INFO - Processing /opt/airflow/dags/branch_week_dag.py took 0.044 seconds
[2023-12-25T19:32:12.415+0000] {processor.py:154} INFO - Started process (PID=5214) to work on /opt/airflow/dags/branch_week_dag.py
[2023-12-25T19:32:12.416+0000] {processor.py:756} INFO - Processing file /opt/airflow/dags/branch_week_dag.py for tasks to queue
[2023-12-25T19:32:12.416+0000] {logging_mixin.py:120} INFO - [2023-12-25T19:32:12.416+0000] {dagbag.py:537} INFO - Filling up the DagBag from /opt/airflow/dags/branch_week_dag.py
[2023-12-25T19:32:12.425+0000] {logging_mixin.py:120} INFO - [2023-12-25T19:32:12.425+0000] {dagbag.py:342} ERROR - Failed to import: /opt/airflow/dags/branch_week_dag.py
Traceback (most recent call last):
  File "/home/airflow/.local/lib/python3.7/site-packages/airflow/models/dagbag.py", line 338, in parse
    loader.exec_module(new_module)
  File "<frozen importlib._bootstrap_external>", line 728, in exec_module
  File "<frozen importlib._bootstrap>", line 219, in _call_with_frames_removed
  File "/opt/airflow/dags/branch_week_dag.py", line 30, in <module>
    task_a >> task_b >> is_wednesday >> [wednesday_task, end]
NameError: name 'wednesday_task' is not defined
[2023-12-25T19:32:12.426+0000] {processor.py:768} WARNING - No viable dags retrieved from /opt/airflow/dags/branch_week_dag.py
[2023-12-25T19:32:12.446+0000] {processor.py:176} INFO - Processing /opt/airflow/dags/branch_week_dag.py took 0.033 seconds
[2023-12-25T19:32:22.786+0000] {processor.py:154} INFO - Started process (PID=5227) to work on /opt/airflow/dags/branch_week_dag.py
[2023-12-25T19:32:22.786+0000] {processor.py:756} INFO - Processing file /opt/airflow/dags/branch_week_dag.py for tasks to queue
[2023-12-25T19:32:22.787+0000] {logging_mixin.py:120} INFO - [2023-12-25T19:32:22.787+0000] {dagbag.py:537} INFO - Filling up the DagBag from /opt/airflow/dags/branch_week_dag.py
[2023-12-25T19:32:22.802+0000] {processor.py:766} INFO - DAG(s) dict_keys(['my_BranchDayOfWeekOperator_dag']) retrieved from /opt/airflow/dags/branch_week_dag.py
[2023-12-25T19:32:22.862+0000] {logging_mixin.py:120} INFO - [2023-12-25T19:32:22.862+0000] {dag.py:2585} INFO - Sync 1 DAGs
[2023-12-25T19:32:22.884+0000] {logging_mixin.py:120} INFO - [2023-12-25T19:32:22.883+0000] {dag.py:3340} INFO - Setting next_dagrun for my_BranchDayOfWeekOperator_dag to 2023-12-24T00:00:00+00:00, run_after=2023-12-25T00:00:00+00:00
[2023-12-25T19:32:22.910+0000] {processor.py:176} INFO - Processing /opt/airflow/dags/branch_week_dag.py took 0.127 seconds
[2023-12-25T19:32:53.526+0000] {processor.py:154} INFO - Started process (PID=5264) to work on /opt/airflow/dags/branch_week_dag.py
[2023-12-25T19:32:53.527+0000] {processor.py:756} INFO - Processing file /opt/airflow/dags/branch_week_dag.py for tasks to queue
[2023-12-25T19:32:53.528+0000] {logging_mixin.py:120} INFO - [2023-12-25T19:32:53.528+0000] {dagbag.py:537} INFO - Filling up the DagBag from /opt/airflow/dags/branch_week_dag.py
[2023-12-25T19:32:53.542+0000] {processor.py:766} INFO - DAG(s) dict_keys(['my_BranchDayOfWeekOperator_dag']) retrieved from /opt/airflow/dags/branch_week_dag.py
[2023-12-25T19:32:53.574+0000] {logging_mixin.py:120} INFO - [2023-12-25T19:32:53.574+0000] {dag.py:2585} INFO - Sync 1 DAGs
[2023-12-25T19:32:53.596+0000] {logging_mixin.py:120} INFO - [2023-12-25T19:32:53.595+0000] {dag.py:3340} INFO - Setting next_dagrun for my_BranchDayOfWeekOperator_dag to 2023-12-25T00:00:00+00:00, run_after=2023-12-26T00:00:00+00:00
[2023-12-25T19:32:53.616+0000] {processor.py:176} INFO - Processing /opt/airflow/dags/branch_week_dag.py took 0.093 seconds
[2023-12-25T19:33:24.294+0000] {processor.py:154} INFO - Started process (PID=5300) to work on /opt/airflow/dags/branch_week_dag.py
[2023-12-25T19:33:24.295+0000] {processor.py:756} INFO - Processing file /opt/airflow/dags/branch_week_dag.py for tasks to queue
[2023-12-25T19:33:24.295+0000] {logging_mixin.py:120} INFO - [2023-12-25T19:33:24.295+0000] {dagbag.py:537} INFO - Filling up the DagBag from /opt/airflow/dags/branch_week_dag.py
[2023-12-25T19:33:24.312+0000] {processor.py:766} INFO - DAG(s) dict_keys(['my_BranchDayOfWeekOperator_dag']) retrieved from /opt/airflow/dags/branch_week_dag.py
[2023-12-25T19:33:24.355+0000] {logging_mixin.py:120} INFO - [2023-12-25T19:33:24.355+0000] {dag.py:2585} INFO - Sync 1 DAGs
[2023-12-25T19:33:24.391+0000] {logging_mixin.py:120} INFO - [2023-12-25T19:33:24.391+0000] {dag.py:3340} INFO - Setting next_dagrun for my_BranchDayOfWeekOperator_dag to 2023-12-25T00:00:00+00:00, run_after=2023-12-26T00:00:00+00:00
[2023-12-25T19:33:24.415+0000] {processor.py:176} INFO - Processing /opt/airflow/dags/branch_week_dag.py took 0.124 seconds
[2023-12-25T19:33:43.767+0000] {processor.py:154} INFO - Started process (PID=5318) to work on /opt/airflow/dags/branch_week_dag.py
[2023-12-25T19:33:43.768+0000] {processor.py:756} INFO - Processing file /opt/airflow/dags/branch_week_dag.py for tasks to queue
[2023-12-25T19:33:43.768+0000] {logging_mixin.py:120} INFO - [2023-12-25T19:33:43.768+0000] {dagbag.py:537} INFO - Filling up the DagBag from /opt/airflow/dags/branch_week_dag.py
[2023-12-25T19:33:43.783+0000] {processor.py:766} INFO - DAG(s) dict_keys(['my_BranchDayOfWeekOperator_dag']) retrieved from /opt/airflow/dags/branch_week_dag.py
[2023-12-25T19:33:43.822+0000] {logging_mixin.py:120} INFO - [2023-12-25T19:33:43.822+0000] {dag.py:2585} INFO - Sync 1 DAGs
[2023-12-25T19:33:43.844+0000] {logging_mixin.py:120} INFO - [2023-12-25T19:33:43.843+0000] {dag.py:3340} INFO - Setting next_dagrun for my_BranchDayOfWeekOperator_dag to 2023-12-25T00:00:00+00:00, run_after=2023-12-26T00:00:00+00:00
[2023-12-25T19:33:43.864+0000] {processor.py:176} INFO - Processing /opt/airflow/dags/branch_week_dag.py took 0.099 seconds
[2023-12-25T19:33:46.884+0000] {processor.py:154} INFO - Started process (PID=5326) to work on /opt/airflow/dags/branch_week_dag.py
[2023-12-25T19:33:46.884+0000] {processor.py:756} INFO - Processing file /opt/airflow/dags/branch_week_dag.py for tasks to queue
[2023-12-25T19:33:46.885+0000] {logging_mixin.py:120} INFO - [2023-12-25T19:33:46.885+0000] {dagbag.py:537} INFO - Filling up the DagBag from /opt/airflow/dags/branch_week_dag.py
[2023-12-25T19:33:46.909+0000] {processor.py:766} INFO - DAG(s) dict_keys(['my_BranchDayOfWeekOperator_dag']) retrieved from /opt/airflow/dags/branch_week_dag.py
[2023-12-25T19:33:46.954+0000] {logging_mixin.py:120} INFO - [2023-12-25T19:33:46.953+0000] {dag.py:2585} INFO - Sync 1 DAGs
[2023-12-25T19:33:46.989+0000] {logging_mixin.py:120} INFO - [2023-12-25T19:33:46.989+0000] {dag.py:3340} INFO - Setting next_dagrun for my_BranchDayOfWeekOperator_dag to 2023-12-25T00:00:00+00:00, run_after=2023-12-26T00:00:00+00:00
[2023-12-25T19:33:47.009+0000] {processor.py:176} INFO - Processing /opt/airflow/dags/branch_week_dag.py took 0.128 seconds
[2023-12-25T19:33:56.152+0000] {processor.py:154} INFO - Started process (PID=5332) to work on /opt/airflow/dags/branch_week_dag.py
[2023-12-25T19:33:56.153+0000] {processor.py:756} INFO - Processing file /opt/airflow/dags/branch_week_dag.py for tasks to queue
[2023-12-25T19:33:56.154+0000] {logging_mixin.py:120} INFO - [2023-12-25T19:33:56.154+0000] {dagbag.py:537} INFO - Filling up the DagBag from /opt/airflow/dags/branch_week_dag.py
[2023-12-25T19:33:56.167+0000] {logging_mixin.py:120} INFO - [2023-12-25T19:33:56.166+0000] {dagbag.py:342} ERROR - Failed to import: /opt/airflow/dags/branch_week_dag.py
Traceback (most recent call last):
  File "/home/airflow/.local/lib/python3.7/site-packages/airflow/models/dagbag.py", line 338, in parse
    loader.exec_module(new_module)
  File "<frozen importlib._bootstrap_external>", line 728, in exec_module
  File "<frozen importlib._bootstrap>", line 219, in _call_with_frames_removed
  File "/opt/airflow/dags/branch_week_dag.py", line 30, in <module>
    task_a >> task_b >> is_wednesday >> [wed_sun_task, end]
NameError: name 'wed_sun_task' is not defined
[2023-12-25T19:33:56.167+0000] {processor.py:768} WARNING - No viable dags retrieved from /opt/airflow/dags/branch_week_dag.py
[2023-12-25T19:33:56.200+0000] {processor.py:176} INFO - Processing /opt/airflow/dags/branch_week_dag.py took 0.050 seconds
[2023-12-25T19:33:59.563+0000] {processor.py:154} INFO - Started process (PID=5347) to work on /opt/airflow/dags/branch_week_dag.py
[2023-12-25T19:33:59.563+0000] {processor.py:756} INFO - Processing file /opt/airflow/dags/branch_week_dag.py for tasks to queue
[2023-12-25T19:33:59.564+0000] {logging_mixin.py:120} INFO - [2023-12-25T19:33:59.564+0000] {dagbag.py:537} INFO - Filling up the DagBag from /opt/airflow/dags/branch_week_dag.py
[2023-12-25T19:33:59.573+0000] {logging_mixin.py:120} INFO - [2023-12-25T19:33:59.572+0000] {dagbag.py:342} ERROR - Failed to import: /opt/airflow/dags/branch_week_dag.py
Traceback (most recent call last):
  File "/home/airflow/.local/lib/python3.7/site-packages/airflow/models/dagbag.py", line 338, in parse
    loader.exec_module(new_module)
  File "<frozen importlib._bootstrap_external>", line 728, in exec_module
  File "<frozen importlib._bootstrap>", line 219, in _call_with_frames_removed
  File "/opt/airflow/dags/branch_week_dag.py", line 30, in <module>
    task_a >> task_b >> is_wednesday >> [wed_sun_task, end]
NameError: name 'wed_sun_task' is not defined
[2023-12-25T19:33:59.573+0000] {processor.py:768} WARNING - No viable dags retrieved from /opt/airflow/dags/branch_week_dag.py
[2023-12-25T19:33:59.596+0000] {processor.py:176} INFO - Processing /opt/airflow/dags/branch_week_dag.py took 0.035 seconds
[2023-12-25T19:34:03.582+0000] {processor.py:154} INFO - Started process (PID=5348) to work on /opt/airflow/dags/branch_week_dag.py
[2023-12-25T19:34:03.583+0000] {processor.py:756} INFO - Processing file /opt/airflow/dags/branch_week_dag.py for tasks to queue
[2023-12-25T19:34:03.583+0000] {logging_mixin.py:120} INFO - [2023-12-25T19:34:03.583+0000] {dagbag.py:537} INFO - Filling up the DagBag from /opt/airflow/dags/branch_week_dag.py
[2023-12-25T19:34:03.592+0000] {logging_mixin.py:120} INFO - [2023-12-25T19:34:03.592+0000] {dagbag.py:342} ERROR - Failed to import: /opt/airflow/dags/branch_week_dag.py
Traceback (most recent call last):
  File "/home/airflow/.local/lib/python3.7/site-packages/airflow/models/dagbag.py", line 338, in parse
    loader.exec_module(new_module)
  File "<frozen importlib._bootstrap_external>", line 728, in exec_module
  File "<frozen importlib._bootstrap>", line 219, in _call_with_frames_removed
  File "/opt/airflow/dags/branch_week_dag.py", line 30, in <module>
    task_a >> task_b >> is_wednesday >> [wed_sun_task, end]
NameError: name 'wed_sun_task' is not defined
[2023-12-25T19:34:03.593+0000] {processor.py:768} WARNING - No viable dags retrieved from /opt/airflow/dags/branch_week_dag.py
[2023-12-25T19:34:03.614+0000] {processor.py:176} INFO - Processing /opt/airflow/dags/branch_week_dag.py took 0.035 seconds
[2023-12-25T19:34:04.629+0000] {processor.py:154} INFO - Started process (PID=5349) to work on /opt/airflow/dags/branch_week_dag.py
[2023-12-25T19:34:04.629+0000] {processor.py:756} INFO - Processing file /opt/airflow/dags/branch_week_dag.py for tasks to queue
[2023-12-25T19:34:04.630+0000] {logging_mixin.py:120} INFO - [2023-12-25T19:34:04.630+0000] {dagbag.py:537} INFO - Filling up the DagBag from /opt/airflow/dags/branch_week_dag.py
[2023-12-25T19:34:04.639+0000] {logging_mixin.py:120} INFO - [2023-12-25T19:34:04.639+0000] {dagbag.py:342} ERROR - Failed to import: /opt/airflow/dags/branch_week_dag.py
Traceback (most recent call last):
  File "/home/airflow/.local/lib/python3.7/site-packages/airflow/models/dagbag.py", line 338, in parse
    loader.exec_module(new_module)
  File "<frozen importlib._bootstrap_external>", line 728, in exec_module
  File "<frozen importlib._bootstrap>", line 219, in _call_with_frames_removed
  File "/opt/airflow/dags/branch_week_dag.py", line 30, in <module>
    task_a >> task_b >> is_wednesday >> [wed_sun_task, end]
NameError: name 'wed_sun_task' is not defined
[2023-12-25T19:34:04.640+0000] {processor.py:768} WARNING - No viable dags retrieved from /opt/airflow/dags/branch_week_dag.py
[2023-12-25T19:34:04.661+0000] {processor.py:176} INFO - Processing /opt/airflow/dags/branch_week_dag.py took 0.036 seconds
[2023-12-25T19:34:05.686+0000] {processor.py:154} INFO - Started process (PID=5351) to work on /opt/airflow/dags/branch_week_dag.py
[2023-12-25T19:34:05.687+0000] {processor.py:756} INFO - Processing file /opt/airflow/dags/branch_week_dag.py for tasks to queue
[2023-12-25T19:34:05.687+0000] {logging_mixin.py:120} INFO - [2023-12-25T19:34:05.687+0000] {dagbag.py:537} INFO - Filling up the DagBag from /opt/airflow/dags/branch_week_dag.py
[2023-12-25T19:34:05.703+0000] {processor.py:766} INFO - DAG(s) dict_keys(['my_BranchDayOfWeekOperator_dag']) retrieved from /opt/airflow/dags/branch_week_dag.py
[2023-12-25T19:34:05.767+0000] {logging_mixin.py:120} INFO - [2023-12-25T19:34:05.767+0000] {dag.py:2585} INFO - Sync 1 DAGs
[2023-12-25T19:34:05.786+0000] {logging_mixin.py:120} INFO - [2023-12-25T19:34:05.786+0000] {dag.py:3340} INFO - Setting next_dagrun for my_BranchDayOfWeekOperator_dag to 2023-12-25T00:00:00+00:00, run_after=2023-12-26T00:00:00+00:00
[2023-12-25T19:34:05.815+0000] {processor.py:176} INFO - Processing /opt/airflow/dags/branch_week_dag.py took 0.132 seconds
[2023-12-25T19:34:36.599+0000] {processor.py:154} INFO - Started process (PID=5388) to work on /opt/airflow/dags/branch_week_dag.py
[2023-12-25T19:34:36.600+0000] {processor.py:756} INFO - Processing file /opt/airflow/dags/branch_week_dag.py for tasks to queue
[2023-12-25T19:34:36.600+0000] {logging_mixin.py:120} INFO - [2023-12-25T19:34:36.600+0000] {dagbag.py:537} INFO - Filling up the DagBag from /opt/airflow/dags/branch_week_dag.py
[2023-12-25T19:34:36.615+0000] {processor.py:766} INFO - DAG(s) dict_keys(['my_BranchDayOfWeekOperator_dag']) retrieved from /opt/airflow/dags/branch_week_dag.py
[2023-12-25T19:34:36.646+0000] {logging_mixin.py:120} INFO - [2023-12-25T19:34:36.646+0000] {dag.py:2585} INFO - Sync 1 DAGs
[2023-12-25T19:34:36.667+0000] {logging_mixin.py:120} INFO - [2023-12-25T19:34:36.667+0000] {dag.py:3340} INFO - Setting next_dagrun for my_BranchDayOfWeekOperator_dag to 2023-12-25T00:00:00+00:00, run_after=2023-12-26T00:00:00+00:00
[2023-12-25T19:34:36.688+0000] {processor.py:176} INFO - Processing /opt/airflow/dags/branch_week_dag.py took 0.092 seconds
[2023-12-25T19:35:07.626+0000] {processor.py:154} INFO - Started process (PID=5425) to work on /opt/airflow/dags/branch_week_dag.py
[2023-12-25T19:35:07.627+0000] {processor.py:756} INFO - Processing file /opt/airflow/dags/branch_week_dag.py for tasks to queue
[2023-12-25T19:35:07.627+0000] {logging_mixin.py:120} INFO - [2023-12-25T19:35:07.627+0000] {dagbag.py:537} INFO - Filling up the DagBag from /opt/airflow/dags/branch_week_dag.py
[2023-12-25T19:35:07.649+0000] {processor.py:766} INFO - DAG(s) dict_keys(['my_BranchDayOfWeekOperator_dag']) retrieved from /opt/airflow/dags/branch_week_dag.py
[2023-12-25T19:35:07.694+0000] {logging_mixin.py:120} INFO - [2023-12-25T19:35:07.694+0000] {dag.py:2585} INFO - Sync 1 DAGs
[2023-12-25T19:35:07.726+0000] {logging_mixin.py:120} INFO - [2023-12-25T19:35:07.726+0000] {dag.py:3340} INFO - Setting next_dagrun for my_BranchDayOfWeekOperator_dag to 2023-12-25T00:00:00+00:00, run_after=2023-12-26T00:00:00+00:00
[2023-12-25T19:35:07.751+0000] {processor.py:176} INFO - Processing /opt/airflow/dags/branch_week_dag.py took 0.128 seconds
[2023-12-25T19:35:37.818+0000] {processor.py:154} INFO - Started process (PID=5454) to work on /opt/airflow/dags/branch_week_dag.py
[2023-12-25T19:35:37.819+0000] {processor.py:756} INFO - Processing file /opt/airflow/dags/branch_week_dag.py for tasks to queue
[2023-12-25T19:35:37.819+0000] {logging_mixin.py:120} INFO - [2023-12-25T19:35:37.819+0000] {dagbag.py:537} INFO - Filling up the DagBag from /opt/airflow/dags/branch_week_dag.py
[2023-12-25T19:35:37.833+0000] {processor.py:766} INFO - DAG(s) dict_keys(['my_BranchDayOfWeekOperator_dag']) retrieved from /opt/airflow/dags/branch_week_dag.py
[2023-12-25T19:35:37.864+0000] {logging_mixin.py:120} INFO - [2023-12-25T19:35:37.864+0000] {dag.py:2585} INFO - Sync 1 DAGs
[2023-12-25T19:35:37.885+0000] {logging_mixin.py:120} INFO - [2023-12-25T19:35:37.885+0000] {dag.py:3340} INFO - Setting next_dagrun for my_BranchDayOfWeekOperator_dag to 2023-12-25T00:00:00+00:00, run_after=2023-12-26T00:00:00+00:00
[2023-12-25T19:35:37.906+0000] {processor.py:176} INFO - Processing /opt/airflow/dags/branch_week_dag.py took 0.091 seconds
[2023-12-25T19:36:08.537+0000] {processor.py:154} INFO - Started process (PID=5493) to work on /opt/airflow/dags/branch_week_dag.py
[2023-12-25T19:36:08.537+0000] {processor.py:756} INFO - Processing file /opt/airflow/dags/branch_week_dag.py for tasks to queue
[2023-12-25T19:36:08.538+0000] {logging_mixin.py:120} INFO - [2023-12-25T19:36:08.538+0000] {dagbag.py:537} INFO - Filling up the DagBag from /opt/airflow/dags/branch_week_dag.py
[2023-12-25T19:36:08.554+0000] {processor.py:766} INFO - DAG(s) dict_keys(['my_BranchDayOfWeekOperator_dag']) retrieved from /opt/airflow/dags/branch_week_dag.py
[2023-12-25T19:36:08.586+0000] {logging_mixin.py:120} INFO - [2023-12-25T19:36:08.585+0000] {dag.py:2585} INFO - Sync 1 DAGs
[2023-12-25T19:36:08.607+0000] {logging_mixin.py:120} INFO - [2023-12-25T19:36:08.607+0000] {dag.py:3340} INFO - Setting next_dagrun for my_BranchDayOfWeekOperator_dag to 2023-12-25T00:00:00+00:00, run_after=2023-12-26T00:00:00+00:00
[2023-12-25T19:36:08.630+0000] {processor.py:176} INFO - Processing /opt/airflow/dags/branch_week_dag.py took 0.097 seconds
