[2023-12-25T19:24:50.687+0000] {processor.py:154} INFO - Started process (PID=4673) to work on /opt/airflow/dags/my_BranchDateTimeOperator_dag.py
[2023-12-25T19:24:50.688+0000] {processor.py:756} INFO - Processing file /opt/airflow/dags/my_BranchDateTimeOperator_dag.py for tasks to queue
[2023-12-25T19:24:50.688+0000] {logging_mixin.py:120} INFO - [2023-12-25T19:24:50.688+0000] {dagbag.py:537} INFO - Filling up the DagBag from /opt/airflow/dags/my_BranchDateTimeOperator_dag.py
[2023-12-25T19:24:50.704+0000] {processor.py:766} INFO - DAG(s) dict_keys(['my_BranchDateTimeOperator_dag']) retrieved from /opt/airflow/dags/my_BranchDateTimeOperator_dag.py
[2023-12-25T19:24:50.769+0000] {logging_mixin.py:120} INFO - [2023-12-25T19:24:50.769+0000] {dag.py:2585} INFO - Sync 1 DAGs
[2023-12-25T19:24:50.792+0000] {logging_mixin.py:120} INFO - [2023-12-25T19:24:50.792+0000] {dag.py:3340} INFO - Setting next_dagrun for my_BranchDateTimeOperator_dag to 2023-12-24T00:00:00+00:00, run_after=2023-12-25T00:00:00+00:00
[2023-12-25T19:24:50.814+0000] {processor.py:176} INFO - Processing /opt/airflow/dags/my_BranchDateTimeOperator_dag.py took 0.129 seconds
[2023-12-25T19:25:21.576+0000] {processor.py:154} INFO - Started process (PID=4714) to work on /opt/airflow/dags/my_BranchDateTimeOperator_dag.py
[2023-12-25T19:25:21.577+0000] {processor.py:756} INFO - Processing file /opt/airflow/dags/my_BranchDateTimeOperator_dag.py for tasks to queue
[2023-12-25T19:25:21.578+0000] {logging_mixin.py:120} INFO - [2023-12-25T19:25:21.578+0000] {dagbag.py:537} INFO - Filling up the DagBag from /opt/airflow/dags/my_BranchDateTimeOperator_dag.py
[2023-12-25T19:25:21.592+0000] {processor.py:766} INFO - DAG(s) dict_keys(['my_BranchDateTimeOperator_dag']) retrieved from /opt/airflow/dags/my_BranchDateTimeOperator_dag.py
[2023-12-25T19:25:21.629+0000] {logging_mixin.py:120} INFO - [2023-12-25T19:25:21.629+0000] {dag.py:2585} INFO - Sync 1 DAGs
[2023-12-25T19:25:21.651+0000] {logging_mixin.py:120} INFO - [2023-12-25T19:25:21.650+0000] {dag.py:3340} INFO - Setting next_dagrun for my_BranchDateTimeOperator_dag to 2023-12-24T00:00:00+00:00, run_after=2023-12-25T00:00:00+00:00
[2023-12-25T19:25:21.670+0000] {processor.py:176} INFO - Processing /opt/airflow/dags/my_BranchDateTimeOperator_dag.py took 0.097 seconds
[2023-12-25T19:25:52.583+0000] {processor.py:154} INFO - Started process (PID=4759) to work on /opt/airflow/dags/my_BranchDateTimeOperator_dag.py
[2023-12-25T19:25:52.583+0000] {processor.py:756} INFO - Processing file /opt/airflow/dags/my_BranchDateTimeOperator_dag.py for tasks to queue
[2023-12-25T19:25:52.584+0000] {logging_mixin.py:120} INFO - [2023-12-25T19:25:52.584+0000] {dagbag.py:537} INFO - Filling up the DagBag from /opt/airflow/dags/my_BranchDateTimeOperator_dag.py
[2023-12-25T19:25:52.598+0000] {processor.py:766} INFO - DAG(s) dict_keys(['my_BranchDateTimeOperator_dag']) retrieved from /opt/airflow/dags/my_BranchDateTimeOperator_dag.py
[2023-12-25T19:25:52.630+0000] {logging_mixin.py:120} INFO - [2023-12-25T19:25:52.630+0000] {dag.py:2585} INFO - Sync 1 DAGs
[2023-12-25T19:25:52.652+0000] {logging_mixin.py:120} INFO - [2023-12-25T19:25:52.652+0000] {dag.py:3340} INFO - Setting next_dagrun for my_BranchDateTimeOperator_dag to 2023-12-24T00:00:00+00:00, run_after=2023-12-25T00:00:00+00:00
[2023-12-25T19:25:52.672+0000] {processor.py:176} INFO - Processing /opt/airflow/dags/my_BranchDateTimeOperator_dag.py took 0.093 seconds
[2023-12-25T19:26:23.366+0000] {processor.py:154} INFO - Started process (PID=4800) to work on /opt/airflow/dags/my_BranchDateTimeOperator_dag.py
[2023-12-25T19:26:23.367+0000] {processor.py:756} INFO - Processing file /opt/airflow/dags/my_BranchDateTimeOperator_dag.py for tasks to queue
[2023-12-25T19:26:23.367+0000] {logging_mixin.py:120} INFO - [2023-12-25T19:26:23.367+0000] {dagbag.py:537} INFO - Filling up the DagBag from /opt/airflow/dags/my_BranchDateTimeOperator_dag.py
[2023-12-25T19:26:23.381+0000] {processor.py:766} INFO - DAG(s) dict_keys(['my_BranchDateTimeOperator_dag']) retrieved from /opt/airflow/dags/my_BranchDateTimeOperator_dag.py
[2023-12-25T19:26:23.412+0000] {logging_mixin.py:120} INFO - [2023-12-25T19:26:23.412+0000] {dag.py:2585} INFO - Sync 1 DAGs
[2023-12-25T19:26:23.433+0000] {logging_mixin.py:120} INFO - [2023-12-25T19:26:23.432+0000] {dag.py:3340} INFO - Setting next_dagrun for my_BranchDateTimeOperator_dag to 2023-12-24T00:00:00+00:00, run_after=2023-12-25T00:00:00+00:00
[2023-12-25T19:26:23.453+0000] {processor.py:176} INFO - Processing /opt/airflow/dags/my_BranchDateTimeOperator_dag.py took 0.090 seconds
[2023-12-25T19:26:54.176+0000] {processor.py:154} INFO - Started process (PID=4831) to work on /opt/airflow/dags/my_BranchDateTimeOperator_dag.py
[2023-12-25T19:26:54.177+0000] {processor.py:756} INFO - Processing file /opt/airflow/dags/my_BranchDateTimeOperator_dag.py for tasks to queue
[2023-12-25T19:26:54.178+0000] {logging_mixin.py:120} INFO - [2023-12-25T19:26:54.178+0000] {dagbag.py:537} INFO - Filling up the DagBag from /opt/airflow/dags/my_BranchDateTimeOperator_dag.py
[2023-12-25T19:26:54.198+0000] {processor.py:766} INFO - DAG(s) dict_keys(['my_BranchDateTimeOperator_dag']) retrieved from /opt/airflow/dags/my_BranchDateTimeOperator_dag.py
[2023-12-25T19:26:54.235+0000] {logging_mixin.py:120} INFO - [2023-12-25T19:26:54.235+0000] {dag.py:2585} INFO - Sync 1 DAGs
[2023-12-25T19:26:54.256+0000] {logging_mixin.py:120} INFO - [2023-12-25T19:26:54.256+0000] {dag.py:3340} INFO - Setting next_dagrun for my_BranchDateTimeOperator_dag to 2023-12-24T00:00:00+00:00, run_after=2023-12-25T00:00:00+00:00
[2023-12-25T19:26:54.277+0000] {processor.py:176} INFO - Processing /opt/airflow/dags/my_BranchDateTimeOperator_dag.py took 0.104 seconds
[2023-12-25T19:27:24.502+0000] {processor.py:154} INFO - Started process (PID=4876) to work on /opt/airflow/dags/my_BranchDateTimeOperator_dag.py
[2023-12-25T19:27:24.502+0000] {processor.py:756} INFO - Processing file /opt/airflow/dags/my_BranchDateTimeOperator_dag.py for tasks to queue
[2023-12-25T19:27:24.503+0000] {logging_mixin.py:120} INFO - [2023-12-25T19:27:24.503+0000] {dagbag.py:537} INFO - Filling up the DagBag from /opt/airflow/dags/my_BranchDateTimeOperator_dag.py
[2023-12-25T19:27:24.520+0000] {processor.py:766} INFO - DAG(s) dict_keys(['my_BranchDateTimeOperator_dag']) retrieved from /opt/airflow/dags/my_BranchDateTimeOperator_dag.py
[2023-12-25T19:27:24.550+0000] {logging_mixin.py:120} INFO - [2023-12-25T19:27:24.550+0000] {dag.py:2585} INFO - Sync 1 DAGs
[2023-12-25T19:27:24.570+0000] {logging_mixin.py:120} INFO - [2023-12-25T19:27:24.570+0000] {dag.py:3340} INFO - Setting next_dagrun for my_BranchDateTimeOperator_dag to 2023-12-24T00:00:00+00:00, run_after=2023-12-25T00:00:00+00:00
[2023-12-25T19:27:24.589+0000] {processor.py:176} INFO - Processing /opt/airflow/dags/my_BranchDateTimeOperator_dag.py took 0.090 seconds
[2023-12-25T19:27:55.304+0000] {processor.py:154} INFO - Started process (PID=4919) to work on /opt/airflow/dags/my_BranchDateTimeOperator_dag.py
[2023-12-25T19:27:55.304+0000] {processor.py:756} INFO - Processing file /opt/airflow/dags/my_BranchDateTimeOperator_dag.py for tasks to queue
[2023-12-25T19:27:55.305+0000] {logging_mixin.py:120} INFO - [2023-12-25T19:27:55.305+0000] {dagbag.py:537} INFO - Filling up the DagBag from /opt/airflow/dags/my_BranchDateTimeOperator_dag.py
[2023-12-25T19:27:55.318+0000] {processor.py:766} INFO - DAG(s) dict_keys(['my_BranchDateTimeOperator_dag']) retrieved from /opt/airflow/dags/my_BranchDateTimeOperator_dag.py
[2023-12-25T19:27:55.349+0000] {logging_mixin.py:120} INFO - [2023-12-25T19:27:55.349+0000] {dag.py:2585} INFO - Sync 1 DAGs
[2023-12-25T19:27:55.372+0000] {logging_mixin.py:120} INFO - [2023-12-25T19:27:55.371+0000] {dag.py:3340} INFO - Setting next_dagrun for my_BranchDateTimeOperator_dag to 2023-12-24T00:00:00+00:00, run_after=2023-12-25T00:00:00+00:00
[2023-12-25T19:27:55.394+0000] {processor.py:176} INFO - Processing /opt/airflow/dags/my_BranchDateTimeOperator_dag.py took 0.093 seconds
[2023-12-25T19:28:26.212+0000] {processor.py:154} INFO - Started process (PID=4951) to work on /opt/airflow/dags/my_BranchDateTimeOperator_dag.py
[2023-12-25T19:28:26.213+0000] {processor.py:756} INFO - Processing file /opt/airflow/dags/my_BranchDateTimeOperator_dag.py for tasks to queue
[2023-12-25T19:28:26.214+0000] {logging_mixin.py:120} INFO - [2023-12-25T19:28:26.213+0000] {dagbag.py:537} INFO - Filling up the DagBag from /opt/airflow/dags/my_BranchDateTimeOperator_dag.py
[2023-12-25T19:28:26.231+0000] {processor.py:766} INFO - DAG(s) dict_keys(['my_BranchDateTimeOperator_dag']) retrieved from /opt/airflow/dags/my_BranchDateTimeOperator_dag.py
[2023-12-25T19:28:26.278+0000] {logging_mixin.py:120} INFO - [2023-12-25T19:28:26.278+0000] {dag.py:2585} INFO - Sync 1 DAGs
[2023-12-25T19:28:26.311+0000] {logging_mixin.py:120} INFO - [2023-12-25T19:28:26.311+0000] {dag.py:3340} INFO - Setting next_dagrun for my_BranchDateTimeOperator_dag to 2023-12-24T00:00:00+00:00, run_after=2023-12-25T00:00:00+00:00
[2023-12-25T19:28:26.336+0000] {processor.py:176} INFO - Processing /opt/airflow/dags/my_BranchDateTimeOperator_dag.py took 0.126 seconds
[2023-12-25T19:28:56.356+0000] {processor.py:154} INFO - Started process (PID=4991) to work on /opt/airflow/dags/my_BranchDateTimeOperator_dag.py
[2023-12-25T19:28:56.356+0000] {processor.py:756} INFO - Processing file /opt/airflow/dags/my_BranchDateTimeOperator_dag.py for tasks to queue
[2023-12-25T19:28:56.357+0000] {logging_mixin.py:120} INFO - [2023-12-25T19:28:56.357+0000] {dagbag.py:537} INFO - Filling up the DagBag from /opt/airflow/dags/my_BranchDateTimeOperator_dag.py
[2023-12-25T19:28:56.371+0000] {processor.py:766} INFO - DAG(s) dict_keys(['my_BranchDateTimeOperator_dag']) retrieved from /opt/airflow/dags/my_BranchDateTimeOperator_dag.py
[2023-12-25T19:28:56.410+0000] {logging_mixin.py:120} INFO - [2023-12-25T19:28:56.409+0000] {dag.py:2585} INFO - Sync 1 DAGs
[2023-12-25T19:28:56.430+0000] {logging_mixin.py:120} INFO - [2023-12-25T19:28:56.430+0000] {dag.py:3340} INFO - Setting next_dagrun for my_BranchDateTimeOperator_dag to 2023-12-24T00:00:00+00:00, run_after=2023-12-25T00:00:00+00:00
[2023-12-25T19:28:56.449+0000] {processor.py:176} INFO - Processing /opt/airflow/dags/my_BranchDateTimeOperator_dag.py took 0.096 seconds
[2023-12-25T19:29:27.360+0000] {processor.py:154} INFO - Started process (PID=5029) to work on /opt/airflow/dags/my_BranchDateTimeOperator_dag.py
[2023-12-25T19:29:27.361+0000] {processor.py:756} INFO - Processing file /opt/airflow/dags/my_BranchDateTimeOperator_dag.py for tasks to queue
[2023-12-25T19:29:27.362+0000] {logging_mixin.py:120} INFO - [2023-12-25T19:29:27.361+0000] {dagbag.py:537} INFO - Filling up the DagBag from /opt/airflow/dags/my_BranchDateTimeOperator_dag.py
[2023-12-25T19:29:27.380+0000] {processor.py:766} INFO - DAG(s) dict_keys(['my_BranchDateTimeOperator_dag']) retrieved from /opt/airflow/dags/my_BranchDateTimeOperator_dag.py
[2023-12-25T19:29:27.424+0000] {logging_mixin.py:120} INFO - [2023-12-25T19:29:27.424+0000] {dag.py:2585} INFO - Sync 1 DAGs
[2023-12-25T19:29:27.444+0000] {logging_mixin.py:120} INFO - [2023-12-25T19:29:27.444+0000] {dag.py:3340} INFO - Setting next_dagrun for my_BranchDateTimeOperator_dag to 2023-12-24T00:00:00+00:00, run_after=2023-12-25T00:00:00+00:00
[2023-12-25T19:29:27.464+0000] {processor.py:176} INFO - Processing /opt/airflow/dags/my_BranchDateTimeOperator_dag.py took 0.107 seconds
[2023-12-25T19:29:58.159+0000] {processor.py:154} INFO - Started process (PID=5065) to work on /opt/airflow/dags/my_BranchDateTimeOperator_dag.py
[2023-12-25T19:29:58.160+0000] {processor.py:756} INFO - Processing file /opt/airflow/dags/my_BranchDateTimeOperator_dag.py for tasks to queue
[2023-12-25T19:29:58.161+0000] {logging_mixin.py:120} INFO - [2023-12-25T19:29:58.161+0000] {dagbag.py:537} INFO - Filling up the DagBag from /opt/airflow/dags/my_BranchDateTimeOperator_dag.py
[2023-12-25T19:29:58.183+0000] {processor.py:766} INFO - DAG(s) dict_keys(['my_BranchDateTimeOperator_dag']) retrieved from /opt/airflow/dags/my_BranchDateTimeOperator_dag.py
[2023-12-25T19:29:58.230+0000] {logging_mixin.py:120} INFO - [2023-12-25T19:29:58.230+0000] {dag.py:2585} INFO - Sync 1 DAGs
[2023-12-25T19:29:58.266+0000] {logging_mixin.py:120} INFO - [2023-12-25T19:29:58.266+0000] {dag.py:3340} INFO - Setting next_dagrun for my_BranchDateTimeOperator_dag to 2023-12-24T00:00:00+00:00, run_after=2023-12-25T00:00:00+00:00
[2023-12-25T19:29:58.290+0000] {processor.py:176} INFO - Processing /opt/airflow/dags/my_BranchDateTimeOperator_dag.py took 0.134 seconds
[2023-12-25T19:30:28.991+0000] {processor.py:154} INFO - Started process (PID=5094) to work on /opt/airflow/dags/my_BranchDateTimeOperator_dag.py
[2023-12-25T19:30:28.992+0000] {processor.py:756} INFO - Processing file /opt/airflow/dags/my_BranchDateTimeOperator_dag.py for tasks to queue
[2023-12-25T19:30:28.992+0000] {logging_mixin.py:120} INFO - [2023-12-25T19:30:28.992+0000] {dagbag.py:537} INFO - Filling up the DagBag from /opt/airflow/dags/my_BranchDateTimeOperator_dag.py
[2023-12-25T19:30:29.007+0000] {processor.py:766} INFO - DAG(s) dict_keys(['my_BranchDateTimeOperator_dag']) retrieved from /opt/airflow/dags/my_BranchDateTimeOperator_dag.py
[2023-12-25T19:30:29.038+0000] {logging_mixin.py:120} INFO - [2023-12-25T19:30:29.037+0000] {dag.py:2585} INFO - Sync 1 DAGs
[2023-12-25T19:30:29.058+0000] {logging_mixin.py:120} INFO - [2023-12-25T19:30:29.058+0000] {dag.py:3340} INFO - Setting next_dagrun for my_BranchDateTimeOperator_dag to 2023-12-24T00:00:00+00:00, run_after=2023-12-25T00:00:00+00:00
[2023-12-25T19:30:29.079+0000] {processor.py:176} INFO - Processing /opt/airflow/dags/my_BranchDateTimeOperator_dag.py took 0.090 seconds
[2023-12-25T19:30:59.915+0000] {processor.py:154} INFO - Started process (PID=5137) to work on /opt/airflow/dags/my_BranchDateTimeOperator_dag.py
[2023-12-25T19:30:59.916+0000] {processor.py:756} INFO - Processing file /opt/airflow/dags/my_BranchDateTimeOperator_dag.py for tasks to queue
[2023-12-25T19:30:59.917+0000] {logging_mixin.py:120} INFO - [2023-12-25T19:30:59.917+0000] {dagbag.py:537} INFO - Filling up the DagBag from /opt/airflow/dags/my_BranchDateTimeOperator_dag.py
[2023-12-25T19:30:59.930+0000] {processor.py:766} INFO - DAG(s) dict_keys(['my_BranchDateTimeOperator_dag']) retrieved from /opt/airflow/dags/my_BranchDateTimeOperator_dag.py
[2023-12-25T19:30:59.961+0000] {logging_mixin.py:120} INFO - [2023-12-25T19:30:59.961+0000] {dag.py:2585} INFO - Sync 1 DAGs
[2023-12-25T19:30:59.982+0000] {logging_mixin.py:120} INFO - [2023-12-25T19:30:59.982+0000] {dag.py:3340} INFO - Setting next_dagrun for my_BranchDateTimeOperator_dag to 2023-12-24T00:00:00+00:00, run_after=2023-12-25T00:00:00+00:00
[2023-12-25T19:31:00.001+0000] {processor.py:176} INFO - Processing /opt/airflow/dags/my_BranchDateTimeOperator_dag.py took 0.089 seconds
[2023-12-25T19:31:30.608+0000] {processor.py:154} INFO - Started process (PID=5167) to work on /opt/airflow/dags/my_BranchDateTimeOperator_dag.py
[2023-12-25T19:31:30.609+0000] {processor.py:756} INFO - Processing file /opt/airflow/dags/my_BranchDateTimeOperator_dag.py for tasks to queue
[2023-12-25T19:31:30.609+0000] {logging_mixin.py:120} INFO - [2023-12-25T19:31:30.609+0000] {dagbag.py:537} INFO - Filling up the DagBag from /opt/airflow/dags/my_BranchDateTimeOperator_dag.py
[2023-12-25T19:31:30.623+0000] {processor.py:766} INFO - DAG(s) dict_keys(['my_BranchDateTimeOperator_dag']) retrieved from /opt/airflow/dags/my_BranchDateTimeOperator_dag.py
[2023-12-25T19:31:30.653+0000] {logging_mixin.py:120} INFO - [2023-12-25T19:31:30.653+0000] {dag.py:2585} INFO - Sync 1 DAGs
[2023-12-25T19:31:30.674+0000] {logging_mixin.py:120} INFO - [2023-12-25T19:31:30.674+0000] {dag.py:3340} INFO - Setting next_dagrun for my_BranchDateTimeOperator_dag to 2023-12-24T00:00:00+00:00, run_after=2023-12-25T00:00:00+00:00
[2023-12-25T19:31:30.693+0000] {processor.py:176} INFO - Processing /opt/airflow/dags/my_BranchDateTimeOperator_dag.py took 0.087 seconds
[2023-12-25T19:32:01.306+0000] {processor.py:154} INFO - Started process (PID=5204) to work on /opt/airflow/dags/my_BranchDateTimeOperator_dag.py
[2023-12-25T19:32:01.307+0000] {processor.py:756} INFO - Processing file /opt/airflow/dags/my_BranchDateTimeOperator_dag.py for tasks to queue
[2023-12-25T19:32:01.307+0000] {logging_mixin.py:120} INFO - [2023-12-25T19:32:01.307+0000] {dagbag.py:537} INFO - Filling up the DagBag from /opt/airflow/dags/my_BranchDateTimeOperator_dag.py
[2023-12-25T19:32:01.321+0000] {processor.py:766} INFO - DAG(s) dict_keys(['my_BranchDateTimeOperator_dag']) retrieved from /opt/airflow/dags/my_BranchDateTimeOperator_dag.py
[2023-12-25T19:32:01.353+0000] {logging_mixin.py:120} INFO - [2023-12-25T19:32:01.352+0000] {dag.py:2585} INFO - Sync 1 DAGs
[2023-12-25T19:32:01.373+0000] {logging_mixin.py:120} INFO - [2023-12-25T19:32:01.373+0000] {dag.py:3340} INFO - Setting next_dagrun for my_BranchDateTimeOperator_dag to 2023-12-24T00:00:00+00:00, run_after=2023-12-25T00:00:00+00:00
[2023-12-25T19:32:01.391+0000] {processor.py:176} INFO - Processing /opt/airflow/dags/my_BranchDateTimeOperator_dag.py took 0.088 seconds
[2023-12-25T19:32:32.163+0000] {processor.py:154} INFO - Started process (PID=5242) to work on /opt/airflow/dags/my_BranchDateTimeOperator_dag.py
[2023-12-25T19:32:32.164+0000] {processor.py:756} INFO - Processing file /opt/airflow/dags/my_BranchDateTimeOperator_dag.py for tasks to queue
[2023-12-25T19:32:32.165+0000] {logging_mixin.py:120} INFO - [2023-12-25T19:32:32.165+0000] {dagbag.py:537} INFO - Filling up the DagBag from /opt/airflow/dags/my_BranchDateTimeOperator_dag.py
[2023-12-25T19:32:32.182+0000] {processor.py:766} INFO - DAG(s) dict_keys(['my_BranchDateTimeOperator_dag']) retrieved from /opt/airflow/dags/my_BranchDateTimeOperator_dag.py
[2023-12-25T19:32:32.217+0000] {logging_mixin.py:120} INFO - [2023-12-25T19:32:32.217+0000] {dag.py:2585} INFO - Sync 1 DAGs
[2023-12-25T19:32:32.238+0000] {logging_mixin.py:120} INFO - [2023-12-25T19:32:32.238+0000] {dag.py:3340} INFO - Setting next_dagrun for my_BranchDateTimeOperator_dag to 2023-12-24T00:00:00+00:00, run_after=2023-12-25T00:00:00+00:00
[2023-12-25T19:32:32.257+0000] {processor.py:176} INFO - Processing /opt/airflow/dags/my_BranchDateTimeOperator_dag.py took 0.096 seconds
[2023-12-25T19:33:02.943+0000] {processor.py:154} INFO - Started process (PID=5280) to work on /opt/airflow/dags/my_BranchDateTimeOperator_dag.py
[2023-12-25T19:33:02.943+0000] {processor.py:756} INFO - Processing file /opt/airflow/dags/my_BranchDateTimeOperator_dag.py for tasks to queue
[2023-12-25T19:33:02.944+0000] {logging_mixin.py:120} INFO - [2023-12-25T19:33:02.944+0000] {dagbag.py:537} INFO - Filling up the DagBag from /opt/airflow/dags/my_BranchDateTimeOperator_dag.py
[2023-12-25T19:33:02.959+0000] {processor.py:766} INFO - DAG(s) dict_keys(['my_BranchDateTimeOperator_dag']) retrieved from /opt/airflow/dags/my_BranchDateTimeOperator_dag.py
[2023-12-25T19:33:03.001+0000] {logging_mixin.py:120} INFO - [2023-12-25T19:33:03.001+0000] {dag.py:2585} INFO - Sync 1 DAGs
[2023-12-25T19:33:03.036+0000] {logging_mixin.py:120} INFO - [2023-12-25T19:33:03.036+0000] {dag.py:3340} INFO - Setting next_dagrun for my_BranchDateTimeOperator_dag to 2023-12-24T00:00:00+00:00, run_after=2023-12-25T00:00:00+00:00
[2023-12-25T19:33:03.060+0000] {processor.py:176} INFO - Processing /opt/airflow/dags/my_BranchDateTimeOperator_dag.py took 0.120 seconds
[2023-12-25T19:33:33.728+0000] {processor.py:154} INFO - Started process (PID=5308) to work on /opt/airflow/dags/my_BranchDateTimeOperator_dag.py
[2023-12-25T19:33:33.729+0000] {processor.py:756} INFO - Processing file /opt/airflow/dags/my_BranchDateTimeOperator_dag.py for tasks to queue
[2023-12-25T19:33:33.730+0000] {logging_mixin.py:120} INFO - [2023-12-25T19:33:33.729+0000] {dagbag.py:537} INFO - Filling up the DagBag from /opt/airflow/dags/my_BranchDateTimeOperator_dag.py
[2023-12-25T19:33:33.743+0000] {processor.py:766} INFO - DAG(s) dict_keys(['my_BranchDateTimeOperator_dag']) retrieved from /opt/airflow/dags/my_BranchDateTimeOperator_dag.py
[2023-12-25T19:33:33.773+0000] {logging_mixin.py:120} INFO - [2023-12-25T19:33:33.773+0000] {dag.py:2585} INFO - Sync 1 DAGs
[2023-12-25T19:33:33.795+0000] {logging_mixin.py:120} INFO - [2023-12-25T19:33:33.795+0000] {dag.py:3340} INFO - Setting next_dagrun for my_BranchDateTimeOperator_dag to 2023-12-24T00:00:00+00:00, run_after=2023-12-25T00:00:00+00:00
[2023-12-25T19:33:33.814+0000] {processor.py:176} INFO - Processing /opt/airflow/dags/my_BranchDateTimeOperator_dag.py took 0.089 seconds
[2023-12-25T19:34:04.634+0000] {processor.py:154} INFO - Started process (PID=5350) to work on /opt/airflow/dags/my_BranchDateTimeOperator_dag.py
[2023-12-25T19:34:04.635+0000] {processor.py:756} INFO - Processing file /opt/airflow/dags/my_BranchDateTimeOperator_dag.py for tasks to queue
[2023-12-25T19:34:04.635+0000] {logging_mixin.py:120} INFO - [2023-12-25T19:34:04.635+0000] {dagbag.py:537} INFO - Filling up the DagBag from /opt/airflow/dags/my_BranchDateTimeOperator_dag.py
[2023-12-25T19:34:04.649+0000] {processor.py:766} INFO - DAG(s) dict_keys(['my_BranchDateTimeOperator_dag']) retrieved from /opt/airflow/dags/my_BranchDateTimeOperator_dag.py
[2023-12-25T19:34:04.682+0000] {logging_mixin.py:120} INFO - [2023-12-25T19:34:04.682+0000] {dag.py:2585} INFO - Sync 1 DAGs
[2023-12-25T19:34:04.703+0000] {logging_mixin.py:120} INFO - [2023-12-25T19:34:04.703+0000] {dag.py:3340} INFO - Setting next_dagrun for my_BranchDateTimeOperator_dag to 2023-12-24T00:00:00+00:00, run_after=2023-12-25T00:00:00+00:00
[2023-12-25T19:34:04.727+0000] {processor.py:176} INFO - Processing /opt/airflow/dags/my_BranchDateTimeOperator_dag.py took 0.095 seconds
[2023-12-25T19:34:35.535+0000] {processor.py:154} INFO - Started process (PID=5387) to work on /opt/airflow/dags/my_BranchDateTimeOperator_dag.py
[2023-12-25T19:34:35.536+0000] {processor.py:756} INFO - Processing file /opt/airflow/dags/my_BranchDateTimeOperator_dag.py for tasks to queue
[2023-12-25T19:34:35.536+0000] {logging_mixin.py:120} INFO - [2023-12-25T19:34:35.536+0000] {dagbag.py:537} INFO - Filling up the DagBag from /opt/airflow/dags/my_BranchDateTimeOperator_dag.py
[2023-12-25T19:34:35.551+0000] {processor.py:766} INFO - DAG(s) dict_keys(['my_BranchDateTimeOperator_dag']) retrieved from /opt/airflow/dags/my_BranchDateTimeOperator_dag.py
[2023-12-25T19:34:35.585+0000] {logging_mixin.py:120} INFO - [2023-12-25T19:34:35.585+0000] {dag.py:2585} INFO - Sync 1 DAGs
[2023-12-25T19:34:35.606+0000] {logging_mixin.py:120} INFO - [2023-12-25T19:34:35.606+0000] {dag.py:3340} INFO - Setting next_dagrun for my_BranchDateTimeOperator_dag to 2023-12-24T00:00:00+00:00, run_after=2023-12-25T00:00:00+00:00
[2023-12-25T19:34:35.627+0000] {processor.py:176} INFO - Processing /opt/airflow/dags/my_BranchDateTimeOperator_dag.py took 0.095 seconds
[2023-12-25T19:35:06.523+0000] {processor.py:154} INFO - Started process (PID=5424) to work on /opt/airflow/dags/my_BranchDateTimeOperator_dag.py
[2023-12-25T19:35:06.523+0000] {processor.py:756} INFO - Processing file /opt/airflow/dags/my_BranchDateTimeOperator_dag.py for tasks to queue
[2023-12-25T19:35:06.524+0000] {logging_mixin.py:120} INFO - [2023-12-25T19:35:06.524+0000] {dagbag.py:537} INFO - Filling up the DagBag from /opt/airflow/dags/my_BranchDateTimeOperator_dag.py
[2023-12-25T19:35:06.538+0000] {processor.py:766} INFO - DAG(s) dict_keys(['my_BranchDateTimeOperator_dag']) retrieved from /opt/airflow/dags/my_BranchDateTimeOperator_dag.py
[2023-12-25T19:35:06.577+0000] {logging_mixin.py:120} INFO - [2023-12-25T19:35:06.577+0000] {dag.py:2585} INFO - Sync 1 DAGs
[2023-12-25T19:35:06.610+0000] {logging_mixin.py:120} INFO - [2023-12-25T19:35:06.610+0000] {dag.py:3340} INFO - Setting next_dagrun for my_BranchDateTimeOperator_dag to 2023-12-24T00:00:00+00:00, run_after=2023-12-25T00:00:00+00:00
[2023-12-25T19:35:06.637+0000] {processor.py:176} INFO - Processing /opt/airflow/dags/my_BranchDateTimeOperator_dag.py took 0.116 seconds
[2023-12-25T19:35:36.710+0000] {processor.py:154} INFO - Started process (PID=5453) to work on /opt/airflow/dags/my_BranchDateTimeOperator_dag.py
[2023-12-25T19:35:36.711+0000] {processor.py:756} INFO - Processing file /opt/airflow/dags/my_BranchDateTimeOperator_dag.py for tasks to queue
[2023-12-25T19:35:36.712+0000] {logging_mixin.py:120} INFO - [2023-12-25T19:35:36.711+0000] {dagbag.py:537} INFO - Filling up the DagBag from /opt/airflow/dags/my_BranchDateTimeOperator_dag.py
[2023-12-25T19:35:36.725+0000] {processor.py:766} INFO - DAG(s) dict_keys(['my_BranchDateTimeOperator_dag']) retrieved from /opt/airflow/dags/my_BranchDateTimeOperator_dag.py
[2023-12-25T19:35:36.756+0000] {logging_mixin.py:120} INFO - [2023-12-25T19:35:36.756+0000] {dag.py:2585} INFO - Sync 1 DAGs
[2023-12-25T19:35:36.776+0000] {logging_mixin.py:120} INFO - [2023-12-25T19:35:36.776+0000] {dag.py:3340} INFO - Setting next_dagrun for my_BranchDateTimeOperator_dag to 2023-12-24T00:00:00+00:00, run_after=2023-12-25T00:00:00+00:00
[2023-12-25T19:35:36.795+0000] {processor.py:176} INFO - Processing /opt/airflow/dags/my_BranchDateTimeOperator_dag.py took 0.087 seconds
[2023-12-25T19:36:07.462+0000] {processor.py:154} INFO - Started process (PID=5492) to work on /opt/airflow/dags/my_BranchDateTimeOperator_dag.py
[2023-12-25T19:36:07.463+0000] {processor.py:756} INFO - Processing file /opt/airflow/dags/my_BranchDateTimeOperator_dag.py for tasks to queue
[2023-12-25T19:36:07.464+0000] {logging_mixin.py:120} INFO - [2023-12-25T19:36:07.463+0000] {dagbag.py:537} INFO - Filling up the DagBag from /opt/airflow/dags/my_BranchDateTimeOperator_dag.py
[2023-12-25T19:36:07.478+0000] {processor.py:766} INFO - DAG(s) dict_keys(['my_BranchDateTimeOperator_dag']) retrieved from /opt/airflow/dags/my_BranchDateTimeOperator_dag.py
[2023-12-25T19:36:07.511+0000] {logging_mixin.py:120} INFO - [2023-12-25T19:36:07.511+0000] {dag.py:2585} INFO - Sync 1 DAGs
[2023-12-25T19:36:07.535+0000] {logging_mixin.py:120} INFO - [2023-12-25T19:36:07.535+0000] {dag.py:3340} INFO - Setting next_dagrun for my_BranchDateTimeOperator_dag to 2023-12-24T00:00:00+00:00, run_after=2023-12-25T00:00:00+00:00
[2023-12-25T19:36:07.555+0000] {processor.py:176} INFO - Processing /opt/airflow/dags/my_BranchDateTimeOperator_dag.py took 0.095 seconds
