[2023-12-25T20:27:01.978+0000] {taskinstance.py:1165} INFO - Dependencies all met for <TaskInstance: parent_of_task_group.training_tasks.training_c scheduled__2023-12-24T00:00:00+00:00 [queued]>
[2023-12-25T20:27:01.987+0000] {taskinstance.py:1165} INFO - Dependencies all met for <TaskInstance: parent_of_task_group.training_tasks.training_c scheduled__2023-12-24T00:00:00+00:00 [queued]>
[2023-12-25T20:27:01.988+0000] {taskinstance.py:1362} INFO - 
--------------------------------------------------------------------------------
[2023-12-25T20:27:01.988+0000] {taskinstance.py:1363} INFO - Starting attempt 1 of 1
[2023-12-25T20:27:01.988+0000] {taskinstance.py:1364} INFO - 
--------------------------------------------------------------------------------
[2023-12-25T20:27:02.018+0000] {taskinstance.py:1383} INFO - Executing <Task(BashOperator): training_tasks.training_c> on 2023-12-24 00:00:00+00:00
[2023-12-25T20:27:02.029+0000] {standard_task_runner.py:55} INFO - Started process 6503 to run task
[2023-12-25T20:27:02.035+0000] {standard_task_runner.py:82} INFO - Running: ['***', 'tasks', 'run', 'parent_of_task_group', 'training_tasks.training_c', 'scheduled__2023-12-24T00:00:00+00:00', '--job-id', '143', '--raw', '--subdir', 'DAGS_FOLDER/parent_of_task_group.py', '--cfg-path', '/tmp/tmp7e2oqoko']
[2023-12-25T20:27:02.036+0000] {standard_task_runner.py:83} INFO - Job 143: Subtask training_tasks.training_c
[2023-12-25T20:27:02.068+0000] {warnings.py:110} WARNING - /home/***/.local/lib/python3.7/site-packages/***/configuration.py:549: DeprecationWarning: The sql_engine_encoding option in [core] has been moved to the sql_engine_encoding option in [database] - the old setting has been used, but please update your config.
  option = self._get_option_from_config_file(deprecated_key, deprecated_section, key, kwargs, section)

[2023-12-25T20:27:02.126+0000] {task_command.py:376} INFO - Running <TaskInstance: parent_of_task_group.training_tasks.training_c scheduled__2023-12-24T00:00:00+00:00 [running]> on host 4d1993f85b22
[2023-12-25T20:27:02.168+0000] {warnings.py:110} WARNING - /home/***/.local/lib/python3.7/site-packages/***/configuration.py:549: DeprecationWarning: The sensitive_variable_fields option in [admin] has been moved to the sensitive_var_conn_names option in [core] - the old setting has been used, but please update your config.
  option = self._get_option_from_config_file(deprecated_key, deprecated_section, key, kwargs, section)

[2023-12-25T20:27:02.212+0000] {taskinstance.py:1592} INFO - Exporting the following env vars:
AIRFLOW_CTX_DAG_OWNER=***
AIRFLOW_CTX_DAG_ID=parent_of_task_group
AIRFLOW_CTX_TASK_ID=training_tasks.training_c
AIRFLOW_CTX_EXECUTION_DATE=2023-12-24T00:00:00+00:00
AIRFLOW_CTX_TRY_NUMBER=1
AIRFLOW_CTX_DAG_RUN_ID=scheduled__2023-12-24T00:00:00+00:00
[2023-12-25T20:27:02.213+0000] {subprocess.py:63} INFO - Tmp dir root location: 
 /tmp
[2023-12-25T20:27:02.213+0000] {subprocess.py:75} INFO - Running command: ['/bin/bash', '-c', "echo 'training_c'"]
[2023-12-25T20:27:02.230+0000] {subprocess.py:86} INFO - Output:
[2023-12-25T20:27:02.231+0000] {subprocess.py:93} INFO - training_c
[2023-12-25T20:27:02.232+0000] {subprocess.py:97} INFO - Command exited with return code 0
[2023-12-25T20:27:02.261+0000] {taskinstance.py:1406} INFO - Marking task as SUCCESS. dag_id=parent_of_task_group, task_id=training_tasks.training_c, execution_date=20231224T000000, start_date=20231225T202701, end_date=20231225T202702
[2023-12-25T20:27:02.291+0000] {local_task_job.py:164} INFO - Task exited with return code 0
[2023-12-25T20:27:02.332+0000] {local_task_job.py:273} INFO - 0 downstream tasks scheduled from follow-on schedule check
