[2023-12-25T19:02:54.697+0000] {taskinstance.py:1165} INFO - Dependencies all met for <TaskInstance: branch_sql_dag.insert_data manual__2023-12-25T19:02:52.667257+00:00 [queued]>
[2023-12-25T19:02:54.704+0000] {taskinstance.py:1165} INFO - Dependencies all met for <TaskInstance: branch_sql_dag.insert_data manual__2023-12-25T19:02:52.667257+00:00 [queued]>
[2023-12-25T19:02:54.704+0000] {taskinstance.py:1362} INFO - 
--------------------------------------------------------------------------------
[2023-12-25T19:02:54.704+0000] {taskinstance.py:1363} INFO - Starting attempt 1 of 1
[2023-12-25T19:02:54.704+0000] {taskinstance.py:1364} INFO - 
--------------------------------------------------------------------------------
[2023-12-25T19:02:54.722+0000] {taskinstance.py:1383} INFO - Executing <Task(PostgresOperator): insert_data> on 2023-12-25 19:02:52.667257+00:00
[2023-12-25T19:02:54.727+0000] {standard_task_runner.py:55} INFO - Started process 2380 to run task
[2023-12-25T19:02:54.730+0000] {standard_task_runner.py:82} INFO - Running: ['***', 'tasks', 'run', 'branch_sql_dag', 'insert_data', 'manual__2023-12-25T19:02:52.667257+00:00', '--job-id', '102', '--raw', '--subdir', 'DAGS_FOLDER/branch_sql_dag.py', '--cfg-path', '/tmp/tmpqlbab_45']
[2023-12-25T19:02:54.730+0000] {standard_task_runner.py:83} INFO - Job 102: Subtask insert_data
[2023-12-25T19:02:54.786+0000] {task_command.py:376} INFO - Running <TaskInstance: branch_sql_dag.insert_data manual__2023-12-25T19:02:52.667257+00:00 [running]> on host 4d1993f85b22
[2023-12-25T19:02:54.819+0000] {warnings.py:110} WARNING - /home/***/.local/lib/python3.7/site-packages/***/configuration.py:549: DeprecationWarning: The sensitive_variable_fields option in [admin] has been moved to the sensitive_var_conn_names option in [core] - the old setting has been used, but please update your config.
  option = self._get_option_from_config_file(deprecated_key, deprecated_section, key, kwargs, section)

[2023-12-25T19:02:54.856+0000] {taskinstance.py:1592} INFO - Exporting the following env vars:
AIRFLOW_CTX_DAG_OWNER=***
AIRFLOW_CTX_DAG_ID=branch_sql_dag
AIRFLOW_CTX_TASK_ID=insert_data
AIRFLOW_CTX_EXECUTION_DATE=2023-12-25T19:02:52.667257+00:00
AIRFLOW_CTX_TRY_NUMBER=1
AIRFLOW_CTX_DAG_RUN_ID=manual__2023-12-25T19:02:52.667257+00:00
[2023-12-25T19:02:54.865+0000] {base.py:71} INFO - Using connection ID 'postgres' for task execution.
[2023-12-25T19:02:54.868+0000] {sql.py:315} INFO - Running statement: INSERT INTO partners (partner_name, partner_status) 
VALUES 
('A', FALSE),
('B', FALSE),
('C', FALSE)
ON CONFLICT(partner_name) DO NOTHING;, parameters: None
[2023-12-25T19:02:54.869+0000] {sql.py:324} INFO - Rows affected: 3
[2023-12-25T19:02:54.883+0000] {taskinstance.py:1406} INFO - Marking task as SUCCESS. dag_id=branch_sql_dag, task_id=insert_data, execution_date=20231225T190252, start_date=20231225T190254, end_date=20231225T190254
[2023-12-25T19:02:54.941+0000] {local_task_job.py:164} INFO - Task exited with return code 0
[2023-12-25T19:02:54.982+0000] {local_task_job.py:273} INFO - 1 downstream tasks scheduled from follow-on schedule check
