[2023-12-26T09:27:40.713+0000] {taskinstance.py:1165} INFO - Dependencies all met for <TaskInstance: shortcircuit_dag.is_tuesday manual__2023-12-26T09:27:36.214575+00:00 [queued]>
[2023-12-26T09:27:40.723+0000] {taskinstance.py:1165} INFO - Dependencies all met for <TaskInstance: shortcircuit_dag.is_tuesday manual__2023-12-26T09:27:36.214575+00:00 [queued]>
[2023-12-26T09:27:40.723+0000] {taskinstance.py:1362} INFO - 
--------------------------------------------------------------------------------
[2023-12-26T09:27:40.723+0000] {taskinstance.py:1363} INFO - Starting attempt 1 of 1
[2023-12-26T09:27:40.724+0000] {taskinstance.py:1364} INFO - 
--------------------------------------------------------------------------------
[2023-12-26T09:27:40.742+0000] {taskinstance.py:1383} INFO - Executing <Task(ShortCircuitOperator): is_tuesday> on 2023-12-26 09:27:36.214575+00:00
[2023-12-26T09:27:40.748+0000] {standard_task_runner.py:55} INFO - Started process 4141 to run task
[2023-12-26T09:27:40.750+0000] {standard_task_runner.py:82} INFO - Running: ['***', 'tasks', 'run', 'shortcircuit_dag', 'is_tuesday', 'manual__2023-12-26T09:27:36.214575+00:00', '--job-id', '208', '--raw', '--subdir', 'DAGS_FOLDER/shortcircuit_dag.py', '--cfg-path', '/tmp/tmp474_4qze']
[2023-12-26T09:27:40.751+0000] {standard_task_runner.py:83} INFO - Job 208: Subtask is_tuesday
[2023-12-26T09:27:40.808+0000] {task_command.py:376} INFO - Running <TaskInstance: shortcircuit_dag.is_tuesday manual__2023-12-26T09:27:36.214575+00:00 [running]> on host d2fc15a9183d
[2023-12-26T09:27:40.843+0000] {warnings.py:110} WARNING - /home/***/.local/lib/python3.7/site-packages/***/configuration.py:549: DeprecationWarning: The sensitive_variable_fields option in [admin] has been moved to the sensitive_var_conn_names option in [core] - the old setting has been used, but please update your config.
  option = self._get_option_from_config_file(deprecated_key, deprecated_section, key, kwargs, section)

[2023-12-26T09:27:40.883+0000] {taskinstance.py:1592} INFO - Exporting the following env vars:
AIRFLOW_CTX_DAG_OWNER=***
AIRFLOW_CTX_DAG_ID=shortcircuit_dag
AIRFLOW_CTX_TASK_ID=is_tuesday
AIRFLOW_CTX_EXECUTION_DATE=2023-12-26T09:27:36.214575+00:00
AIRFLOW_CTX_TRY_NUMBER=1
AIRFLOW_CTX_DAG_RUN_ID=manual__2023-12-26T09:27:36.214575+00:00
[2023-12-26T09:27:40.884+0000] {warnings.py:110} WARNING - /home/***/.local/lib/python3.7/site-packages/***/utils/context.py:204: AirflowContextDeprecationWarning: Accessing 'execution_date' from the template is deprecated and will be removed in a future version. Please use 'data_interval_start' or 'logical_date' instead.
  warnings.warn(_create_deprecation_warning(key, self._deprecation_replacements[key]))

[2023-12-26T09:27:40.884+0000] {logging_mixin.py:120} INFO - today's day is => 1
[2023-12-26T09:27:40.885+0000] {python.py:177} INFO - Done. Returned value was: False
[2023-12-26T09:27:40.886+0000] {python.py:263} INFO - Condition result is False
[2023-12-26T09:27:40.886+0000] {python.py:277} INFO - Skipping all downstream tasks...
[2023-12-26T09:27:40.916+0000] {python.py:285} INFO - Done.
[2023-12-26T09:27:40.926+0000] {taskinstance.py:1406} INFO - Marking task as SUCCESS. dag_id=shortcircuit_dag, task_id=is_tuesday, execution_date=20231226T092736, start_date=20231226T092740, end_date=20231226T092740
[2023-12-26T09:27:40.962+0000] {local_task_job.py:164} INFO - Task exited with return code 0
[2023-12-26T09:27:40.987+0000] {local_task_job.py:273} INFO - 0 downstream tasks scheduled from follow-on schedule check
