[2023-12-26T09:08:08.781+0000] {taskinstance.py:1165} INFO - Dependencies all met for <TaskInstance: shortcircuit_dag.is_monday manual__2023-12-26T09:08:04.375269+00:00 [queued]>
[2023-12-26T09:08:08.789+0000] {taskinstance.py:1165} INFO - Dependencies all met for <TaskInstance: shortcircuit_dag.is_monday manual__2023-12-26T09:08:04.375269+00:00 [queued]>
[2023-12-26T09:08:08.790+0000] {taskinstance.py:1362} INFO - 
--------------------------------------------------------------------------------
[2023-12-26T09:08:08.790+0000] {taskinstance.py:1363} INFO - Starting attempt 1 of 1
[2023-12-26T09:08:08.790+0000] {taskinstance.py:1364} INFO - 
--------------------------------------------------------------------------------
[2023-12-26T09:08:08.808+0000] {taskinstance.py:1383} INFO - Executing <Task(ShortCircuitOperator): is_monday> on 2023-12-26 09:08:04.375269+00:00
[2023-12-26T09:08:08.814+0000] {standard_task_runner.py:55} INFO - Started process 3122 to run task
[2023-12-26T09:08:08.817+0000] {standard_task_runner.py:82} INFO - Running: ['***', 'tasks', 'run', 'shortcircuit_dag', 'is_monday', 'manual__2023-12-26T09:08:04.375269+00:00', '--job-id', '177', '--raw', '--subdir', 'DAGS_FOLDER/shortcircuit_dag.py', '--cfg-path', '/tmp/tmpbut518oc']
[2023-12-26T09:08:08.818+0000] {standard_task_runner.py:83} INFO - Job 177: Subtask is_monday
[2023-12-26T09:08:08.873+0000] {task_command.py:376} INFO - Running <TaskInstance: shortcircuit_dag.is_monday manual__2023-12-26T09:08:04.375269+00:00 [running]> on host d2fc15a9183d
[2023-12-26T09:08:08.907+0000] {warnings.py:110} WARNING - /home/***/.local/lib/python3.7/site-packages/***/configuration.py:549: DeprecationWarning: The sensitive_variable_fields option in [admin] has been moved to the sensitive_var_conn_names option in [core] - the old setting has been used, but please update your config.
  option = self._get_option_from_config_file(deprecated_key, deprecated_section, key, kwargs, section)

[2023-12-26T09:08:08.949+0000] {taskinstance.py:1592} INFO - Exporting the following env vars:
AIRFLOW_CTX_DAG_OWNER=***
AIRFLOW_CTX_DAG_ID=shortcircuit_dag
AIRFLOW_CTX_TASK_ID=is_monday
AIRFLOW_CTX_EXECUTION_DATE=2023-12-26T09:08:04.375269+00:00
AIRFLOW_CTX_TRY_NUMBER=1
AIRFLOW_CTX_DAG_RUN_ID=manual__2023-12-26T09:08:04.375269+00:00
[2023-12-26T09:08:08.956+0000] {warnings.py:110} WARNING - /home/***/.local/lib/python3.7/site-packages/***/utils/context.py:204: AirflowContextDeprecationWarning: Accessing 'execution_date' from the template is deprecated and will be removed in a future version. Please use 'data_interval_start' or 'logical_date' instead.
  warnings.warn(_create_deprecation_warning(key, self._deprecation_replacements[key]))

[2023-12-26T09:08:08.956+0000] {python.py:177} INFO - Done. Returned value was: True
[2023-12-26T09:08:08.957+0000] {python.py:263} INFO - Condition result is True
[2023-12-26T09:08:08.957+0000] {python.py:266} INFO - Proceeding with downstream tasks...
[2023-12-26T09:08:08.985+0000] {taskinstance.py:1406} INFO - Marking task as SUCCESS. dag_id=shortcircuit_dag, task_id=is_monday, execution_date=20231226T090804, start_date=20231226T090808, end_date=20231226T090808
[2023-12-26T09:08:09.029+0000] {local_task_job.py:164} INFO - Task exited with return code 0
[2023-12-26T09:08:09.052+0000] {local_task_job.py:273} INFO - 0 downstream tasks scheduled from follow-on schedule check
