[2023-12-26T09:26:53.669+0000] {taskinstance.py:1165} INFO - Dependencies all met for <TaskInstance: shortcircuit_dag.task_a manual__2023-12-26T09:26:52.537125+00:00 [queued]>
[2023-12-26T09:26:53.682+0000] {taskinstance.py:1165} INFO - Dependencies all met for <TaskInstance: shortcircuit_dag.task_a manual__2023-12-26T09:26:52.537125+00:00 [queued]>
[2023-12-26T09:26:53.682+0000] {taskinstance.py:1362} INFO - 
--------------------------------------------------------------------------------
[2023-12-26T09:26:53.683+0000] {taskinstance.py:1363} INFO - Starting attempt 1 of 1
[2023-12-26T09:26:53.683+0000] {taskinstance.py:1364} INFO - 
--------------------------------------------------------------------------------
[2023-12-26T09:26:53.709+0000] {taskinstance.py:1383} INFO - Executing <Task(BashOperator): task_a> on 2023-12-26 09:26:52.537125+00:00
[2023-12-26T09:26:53.717+0000] {standard_task_runner.py:55} INFO - Started process 4084 to run task
[2023-12-26T09:26:53.720+0000] {standard_task_runner.py:82} INFO - Running: ['***', 'tasks', 'run', 'shortcircuit_dag', 'task_a', 'manual__2023-12-26T09:26:52.537125+00:00', '--job-id', '201', '--raw', '--subdir', 'DAGS_FOLDER/shortcircuit_dag.py', '--cfg-path', '/tmp/tmplmp06bej']
[2023-12-26T09:26:53.721+0000] {standard_task_runner.py:83} INFO - Job 201: Subtask task_a
[2023-12-26T09:26:53.783+0000] {task_command.py:376} INFO - Running <TaskInstance: shortcircuit_dag.task_a manual__2023-12-26T09:26:52.537125+00:00 [running]> on host d2fc15a9183d
[2023-12-26T09:26:53.821+0000] {warnings.py:110} WARNING - /home/***/.local/lib/python3.7/site-packages/***/configuration.py:549: DeprecationWarning: The sensitive_variable_fields option in [admin] has been moved to the sensitive_var_conn_names option in [core] - the old setting has been used, but please update your config.
  option = self._get_option_from_config_file(deprecated_key, deprecated_section, key, kwargs, section)

[2023-12-26T09:26:53.864+0000] {taskinstance.py:1592} INFO - Exporting the following env vars:
AIRFLOW_CTX_DAG_OWNER=***
AIRFLOW_CTX_DAG_ID=shortcircuit_dag
AIRFLOW_CTX_TASK_ID=task_a
AIRFLOW_CTX_EXECUTION_DATE=2023-12-26T09:26:52.537125+00:00
AIRFLOW_CTX_TRY_NUMBER=1
AIRFLOW_CTX_DAG_RUN_ID=manual__2023-12-26T09:26:52.537125+00:00
[2023-12-26T09:26:53.865+0000] {subprocess.py:63} INFO - Tmp dir root location: 
 /tmp
[2023-12-26T09:26:53.866+0000] {subprocess.py:75} INFO - Running command: ['/bin/bash', '-c', "echo 'task_a'"]
[2023-12-26T09:26:53.881+0000] {subprocess.py:86} INFO - Output:
[2023-12-26T09:26:53.883+0000] {subprocess.py:93} INFO - task_a
[2023-12-26T09:26:53.884+0000] {subprocess.py:97} INFO - Command exited with return code 0
[2023-12-26T09:26:53.913+0000] {taskinstance.py:1406} INFO - Marking task as SUCCESS. dag_id=shortcircuit_dag, task_id=task_a, execution_date=20231226T092652, start_date=20231226T092653, end_date=20231226T092653
[2023-12-26T09:26:53.972+0000] {local_task_job.py:164} INFO - Task exited with return code 0
[2023-12-26T09:26:54.019+0000] {local_task_job.py:273} INFO - 1 downstream tasks scheduled from follow-on schedule check
