[2023-12-25T20:02:01.961+0000] {taskinstance.py:1165} INFO - Dependencies all met for <TaskInstance: parent_of_subdag.group_training_tasks_3.training_b scheduled__2023-12-24T00:00:00+00:00 [queued]>
[2023-12-25T20:02:01.973+0000] {taskinstance.py:1165} INFO - Dependencies all met for <TaskInstance: parent_of_subdag.group_training_tasks_3.training_b scheduled__2023-12-24T00:00:00+00:00 [queued]>
[2023-12-25T20:02:01.974+0000] {taskinstance.py:1362} INFO - 
--------------------------------------------------------------------------------
[2023-12-25T20:02:01.974+0000] {taskinstance.py:1363} INFO - Starting attempt 1 of 1
[2023-12-25T20:02:01.974+0000] {taskinstance.py:1364} INFO - 
--------------------------------------------------------------------------------
[2023-12-25T20:02:01.995+0000] {taskinstance.py:1383} INFO - Executing <Task(BashOperator): training_b> on 2023-12-24 00:00:00+00:00
[2023-12-25T20:02:02.002+0000] {standard_task_runner.py:55} INFO - Started process 5263 to run task
[2023-12-25T20:02:02.004+0000] {standard_task_runner.py:82} INFO - Running: ['***', 'tasks', 'run', 'parent_of_subdag.group_training_tasks_3', 'training_b', 'scheduled__2023-12-24T00:00:00+00:00', '--job-id', '125', '--raw', '--subdir', 'DAGS_FOLDER/parent_of_subdag.py', '--cfg-path', '/tmp/tmp4d74gwjr']
[2023-12-25T20:02:02.005+0000] {standard_task_runner.py:83} INFO - Job 125: Subtask training_b
[2023-12-25T20:02:02.098+0000] {task_command.py:376} INFO - Running <TaskInstance: parent_of_subdag.group_training_tasks_3.training_b scheduled__2023-12-24T00:00:00+00:00 [running]> on host 4d1993f85b22
[2023-12-25T20:02:02.195+0000] {warnings.py:110} WARNING - /home/***/.local/lib/python3.7/site-packages/***/configuration.py:549: DeprecationWarning: The sensitive_variable_fields option in [admin] has been moved to the sensitive_var_conn_names option in [core] - the old setting has been used, but please update your config.
  option = self._get_option_from_config_file(deprecated_key, deprecated_section, key, kwargs, section)

[2023-12-25T20:02:02.326+0000] {taskinstance.py:1592} INFO - Exporting the following env vars:
AIRFLOW_CTX_DAG_OWNER=***
AIRFLOW_CTX_DAG_ID=parent_of_subdag.group_training_tasks_3
AIRFLOW_CTX_TASK_ID=training_b
AIRFLOW_CTX_EXECUTION_DATE=2023-12-24T00:00:00+00:00
AIRFLOW_CTX_TRY_NUMBER=1
AIRFLOW_CTX_DAG_RUN_ID=scheduled__2023-12-24T00:00:00+00:00
[2023-12-25T20:02:02.327+0000] {subprocess.py:63} INFO - Tmp dir root location: 
 /tmp
[2023-12-25T20:02:02.328+0000] {subprocess.py:75} INFO - Running command: ['/bin/bash', '-c', "echo 'training_b'"]
[2023-12-25T20:02:02.351+0000] {subprocess.py:86} INFO - Output:
[2023-12-25T20:02:02.352+0000] {subprocess.py:93} INFO - training_b
[2023-12-25T20:02:02.353+0000] {subprocess.py:97} INFO - Command exited with return code 0
[2023-12-25T20:02:02.425+0000] {taskinstance.py:1406} INFO - Marking task as SUCCESS. dag_id=parent_of_subdag.group_training_tasks_3, task_id=training_b, execution_date=20231224T000000, start_date=20231225T200201, end_date=20231225T200202
[2023-12-25T20:02:02.517+0000] {local_task_job.py:164} INFO - Task exited with return code 0
[2023-12-25T20:02:02.564+0000] {local_task_job.py:273} INFO - 0 downstream tasks scheduled from follow-on schedule check
