[2023-12-25T19:32:30.948+0000] {taskinstance.py:1165} INFO - Dependencies all met for <TaskInstance: my_BranchDayOfWeekOperator_dag.is_wednesday scheduled__2023-12-24T00:00:00+00:00 [queued]>
[2023-12-25T19:32:30.957+0000] {taskinstance.py:1165} INFO - Dependencies all met for <TaskInstance: my_BranchDayOfWeekOperator_dag.is_wednesday scheduled__2023-12-24T00:00:00+00:00 [queued]>
[2023-12-25T19:32:30.957+0000] {taskinstance.py:1362} INFO - 
--------------------------------------------------------------------------------
[2023-12-25T19:32:30.957+0000] {taskinstance.py:1363} INFO - Starting attempt 1 of 1
[2023-12-25T19:32:30.957+0000] {taskinstance.py:1364} INFO - 
--------------------------------------------------------------------------------
[2023-12-25T19:32:30.974+0000] {taskinstance.py:1383} INFO - Executing <Task(BranchDayOfWeekOperator): is_wednesday> on 2023-12-24 00:00:00+00:00
[2023-12-25T19:32:30.981+0000] {standard_task_runner.py:55} INFO - Started process 3798 to run task
[2023-12-25T19:32:30.983+0000] {standard_task_runner.py:82} INFO - Running: ['***', 'tasks', 'run', 'my_BranchDayOfWeekOperator_dag', 'is_wednesday', 'scheduled__2023-12-24T00:00:00+00:00', '--job-id', '104', '--raw', '--subdir', 'DAGS_FOLDER/branch_week_dag.py', '--cfg-path', '/tmp/tmpl26v980x']
[2023-12-25T19:32:30.984+0000] {standard_task_runner.py:83} INFO - Job 104: Subtask is_wednesday
[2023-12-25T19:32:31.001+0000] {warnings.py:110} WARNING - /home/***/.local/lib/python3.7/site-packages/***/configuration.py:549: DeprecationWarning: The sql_engine_encoding option in [core] has been moved to the sql_engine_encoding option in [database] - the old setting has been used, but please update your config.
  option = self._get_option_from_config_file(deprecated_key, deprecated_section, key, kwargs, section)

[2023-12-25T19:32:31.043+0000] {task_command.py:376} INFO - Running <TaskInstance: my_BranchDayOfWeekOperator_dag.is_wednesday scheduled__2023-12-24T00:00:00+00:00 [running]> on host 4d1993f85b22
[2023-12-25T19:32:31.119+0000] {taskinstance.py:1592} INFO - Exporting the following env vars:
AIRFLOW_CTX_DAG_OWNER=***
AIRFLOW_CTX_DAG_ID=my_BranchDayOfWeekOperator_dag
AIRFLOW_CTX_TASK_ID=is_wednesday
AIRFLOW_CTX_EXECUTION_DATE=2023-12-24T00:00:00+00:00
AIRFLOW_CTX_TRY_NUMBER=1
AIRFLOW_CTX_DAG_RUN_ID=scheduled__2023-12-24T00:00:00+00:00
[2023-12-25T19:32:31.119+0000] {skipmixin.py:155} INFO - Following branch ['end']
[2023-12-25T19:32:31.120+0000] {skipmixin.py:190} INFO - Skipping tasks ['wed_sun_task']
[2023-12-25T19:32:31.169+0000] {taskinstance.py:1406} INFO - Marking task as SUCCESS. dag_id=my_BranchDayOfWeekOperator_dag, task_id=is_wednesday, execution_date=20231224T000000, start_date=20231225T193230, end_date=20231225T193231
[2023-12-25T19:32:31.195+0000] {local_task_job.py:164} INFO - Task exited with return code 0
[2023-12-25T19:32:31.225+0000] {local_task_job.py:273} INFO - 1 downstream tasks scheduled from follow-on schedule check
