[2023-12-26T09:26:56.157+0000] {taskinstance.py:1165} INFO - Dependencies all met for <TaskInstance: shortcircuit_dag.task_c manual__2023-12-26T09:26:52.537125+00:00 [queued]>
[2023-12-26T09:26:56.169+0000] {taskinstance.py:1165} INFO - Dependencies all met for <TaskInstance: shortcircuit_dag.task_c manual__2023-12-26T09:26:52.537125+00:00 [queued]>
[2023-12-26T09:26:56.170+0000] {taskinstance.py:1362} INFO - 
--------------------------------------------------------------------------------
[2023-12-26T09:26:56.170+0000] {taskinstance.py:1363} INFO - Starting attempt 1 of 1
[2023-12-26T09:26:56.170+0000] {taskinstance.py:1364} INFO - 
--------------------------------------------------------------------------------
[2023-12-26T09:26:56.198+0000] {taskinstance.py:1383} INFO - Executing <Task(BashOperator): task_c> on 2023-12-26 09:26:52.537125+00:00
[2023-12-26T09:26:56.207+0000] {standard_task_runner.py:55} INFO - Started process 4100 to run task
[2023-12-26T09:26:56.213+0000] {standard_task_runner.py:82} INFO - Running: ['***', 'tasks', 'run', 'shortcircuit_dag', 'task_c', 'manual__2023-12-26T09:26:52.537125+00:00', '--job-id', '203', '--raw', '--subdir', 'DAGS_FOLDER/shortcircuit_dag.py', '--cfg-path', '/tmp/tmp63wyohqe']
[2023-12-26T09:26:56.213+0000] {standard_task_runner.py:83} INFO - Job 203: Subtask task_c
[2023-12-26T09:26:56.346+0000] {task_command.py:376} INFO - Running <TaskInstance: shortcircuit_dag.task_c manual__2023-12-26T09:26:52.537125+00:00 [running]> on host d2fc15a9183d
[2023-12-26T09:26:56.424+0000] {warnings.py:110} WARNING - /home/***/.local/lib/python3.7/site-packages/***/configuration.py:549: DeprecationWarning: The sensitive_variable_fields option in [admin] has been moved to the sensitive_var_conn_names option in [core] - the old setting has been used, but please update your config.
  option = self._get_option_from_config_file(deprecated_key, deprecated_section, key, kwargs, section)

[2023-12-26T09:26:56.509+0000] {taskinstance.py:1592} INFO - Exporting the following env vars:
AIRFLOW_CTX_DAG_OWNER=***
AIRFLOW_CTX_DAG_ID=shortcircuit_dag
AIRFLOW_CTX_TASK_ID=task_c
AIRFLOW_CTX_EXECUTION_DATE=2023-12-26T09:26:52.537125+00:00
AIRFLOW_CTX_TRY_NUMBER=1
AIRFLOW_CTX_DAG_RUN_ID=manual__2023-12-26T09:26:52.537125+00:00
[2023-12-26T09:26:56.510+0000] {subprocess.py:63} INFO - Tmp dir root location: 
 /tmp
[2023-12-26T09:26:56.511+0000] {subprocess.py:75} INFO - Running command: ['/bin/bash', '-c', "echo 'task_c'"]
[2023-12-26T09:26:56.544+0000] {subprocess.py:86} INFO - Output:
[2023-12-26T09:26:56.547+0000] {subprocess.py:93} INFO - task_c
[2023-12-26T09:26:56.547+0000] {subprocess.py:97} INFO - Command exited with return code 0
[2023-12-26T09:26:56.588+0000] {taskinstance.py:1406} INFO - Marking task as SUCCESS. dag_id=shortcircuit_dag, task_id=task_c, execution_date=20231226T092652, start_date=20231226T092656, end_date=20231226T092656
[2023-12-26T09:26:56.640+0000] {local_task_job.py:164} INFO - Task exited with return code 0
[2023-12-26T09:26:56.675+0000] {local_task_job.py:273} INFO - 1 downstream tasks scheduled from follow-on schedule check
