[2023-12-25T18:29:17.287+0000] {taskinstance.py:1165} INFO - Dependencies all met for <TaskInstance: my_BranchPythonOperator_dag.check_accuracy manual__2023-12-25T18:29:15.291200+00:00 [queued]>
[2023-12-25T18:29:17.294+0000] {taskinstance.py:1165} INFO - Dependencies all met for <TaskInstance: my_BranchPythonOperator_dag.check_accuracy manual__2023-12-25T18:29:15.291200+00:00 [queued]>
[2023-12-25T18:29:17.294+0000] {taskinstance.py:1362} INFO - 
--------------------------------------------------------------------------------
[2023-12-25T18:29:17.294+0000] {taskinstance.py:1363} INFO - Starting attempt 1 of 1
[2023-12-25T18:29:17.295+0000] {taskinstance.py:1364} INFO - 
--------------------------------------------------------------------------------
[2023-12-25T18:29:17.311+0000] {taskinstance.py:1383} INFO - Executing <Task(BranchPythonOperator): check_accuracy> on 2023-12-25 18:29:15.291200+00:00
[2023-12-25T18:29:17.316+0000] {standard_task_runner.py:55} INFO - Started process 757 to run task
[2023-12-25T18:29:17.318+0000] {standard_task_runner.py:82} INFO - Running: ['***', 'tasks', 'run', 'my_BranchPythonOperator_dag', 'check_accuracy', 'manual__2023-12-25T18:29:15.291200+00:00', '--job-id', '94', '--raw', '--subdir', 'DAGS_FOLDER/my_BranchPythonOperator_dag.py', '--cfg-path', '/tmp/tmp6maifz1p']
[2023-12-25T18:29:17.319+0000] {standard_task_runner.py:83} INFO - Job 94: Subtask check_accuracy
[2023-12-25T18:29:17.383+0000] {task_command.py:376} INFO - Running <TaskInstance: my_BranchPythonOperator_dag.check_accuracy manual__2023-12-25T18:29:15.291200+00:00 [running]> on host 4d1993f85b22
[2023-12-25T18:29:17.415+0000] {warnings.py:110} WARNING - /home/***/.local/lib/python3.7/site-packages/***/configuration.py:549: DeprecationWarning: The sensitive_variable_fields option in [admin] has been moved to the sensitive_var_conn_names option in [core] - the old setting has been used, but please update your config.
  option = self._get_option_from_config_file(deprecated_key, deprecated_section, key, kwargs, section)

[2023-12-25T18:29:17.453+0000] {taskinstance.py:1592} INFO - Exporting the following env vars:
AIRFLOW_CTX_DAG_OWNER=***
AIRFLOW_CTX_DAG_ID=my_BranchPythonOperator_dag
AIRFLOW_CTX_TASK_ID=check_accuracy
AIRFLOW_CTX_EXECUTION_DATE=2023-12-25T18:29:15.291200+00:00
AIRFLOW_CTX_TRY_NUMBER=1
AIRFLOW_CTX_DAG_RUN_ID=manual__2023-12-25T18:29:15.291200+00:00
[2023-12-25T18:29:17.454+0000] {python.py:177} INFO - Done. Returned value was: ['accurate', 'top_accurate']
[2023-12-25T18:29:17.454+0000] {skipmixin.py:155} INFO - Following branch ['accurate', 'top_accurate']
[2023-12-25T18:29:17.454+0000] {skipmixin.py:190} INFO - Skipping tasks ['inaccurate']
[2023-12-25T18:29:17.514+0000] {taskinstance.py:1406} INFO - Marking task as SUCCESS. dag_id=my_BranchPythonOperator_dag, task_id=check_accuracy, execution_date=20231225T182915, start_date=20231225T182917, end_date=20231225T182917
[2023-12-25T18:29:17.570+0000] {local_task_job.py:164} INFO - Task exited with return code 0
[2023-12-25T18:29:17.606+0000] {local_task_job.py:273} INFO - 1 downstream tasks scheduled from follow-on schedule check
