[2023-12-25T19:50:45.120+0000] {taskinstance.py:1165} INFO - Dependencies all met for <TaskInstance: parent_of_subdag.group_training_tasks scheduled__2023-12-24T00:00:00+00:00 [queued]>
[2023-12-25T19:50:45.131+0000] {taskinstance.py:1165} INFO - Dependencies all met for <TaskInstance: parent_of_subdag.group_training_tasks scheduled__2023-12-24T00:00:00+00:00 [queued]>
[2023-12-25T19:50:45.132+0000] {taskinstance.py:1362} INFO - 
--------------------------------------------------------------------------------
[2023-12-25T19:50:45.132+0000] {taskinstance.py:1363} INFO - Starting attempt 1 of 1
[2023-12-25T19:50:45.132+0000] {taskinstance.py:1364} INFO - 
--------------------------------------------------------------------------------
[2023-12-25T19:50:45.155+0000] {taskinstance.py:1383} INFO - Executing <Task(SubDagOperator): group_training_tasks> on 2023-12-24 00:00:00+00:00
[2023-12-25T19:50:45.163+0000] {standard_task_runner.py:55} INFO - Started process 4671 to run task
[2023-12-25T19:50:45.169+0000] {standard_task_runner.py:82} INFO - Running: ['***', 'tasks', 'run', 'parent_of_subdag', 'group_training_tasks', 'scheduled__2023-12-24T00:00:00+00:00', '--job-id', '107', '--raw', '--subdir', 'DAGS_FOLDER/parent_of_subdag.py', '--cfg-path', '/tmp/tmp9zsevbsr']
[2023-12-25T19:50:45.169+0000] {standard_task_runner.py:83} INFO - Job 107: Subtask group_training_tasks
[2023-12-25T19:50:45.188+0000] {warnings.py:110} WARNING - /home/***/.local/lib/python3.7/site-packages/***/configuration.py:549: DeprecationWarning: The sql_engine_encoding option in [core] has been moved to the sql_engine_encoding option in [database] - the old setting has been used, but please update your config.
  option = self._get_option_from_config_file(deprecated_key, deprecated_section, key, kwargs, section)

[2023-12-25T19:50:45.259+0000] {task_command.py:376} INFO - Running <TaskInstance: parent_of_subdag.group_training_tasks scheduled__2023-12-24T00:00:00+00:00 [running]> on host 4d1993f85b22
[2023-12-25T19:50:45.373+0000] {taskinstance.py:1592} INFO - Exporting the following env vars:
AIRFLOW_CTX_DAG_OWNER=***
AIRFLOW_CTX_DAG_ID=parent_of_subdag
AIRFLOW_CTX_TASK_ID=group_training_tasks
AIRFLOW_CTX_EXECUTION_DATE=2023-12-24T00:00:00+00:00
AIRFLOW_CTX_TRY_NUMBER=1
AIRFLOW_CTX_DAG_RUN_ID=scheduled__2023-12-24T00:00:00+00:00
[2023-12-25T19:50:45.383+0000] {warnings.py:110} WARNING - /home/***/.local/lib/python3.7/site-packages/***/utils/context.py:204: AirflowContextDeprecationWarning: Accessing 'execution_date' from the template is deprecated and will be removed in a future version. Please use 'data_interval_start' or 'logical_date' instead.
  warnings.warn(_create_deprecation_warning(key, self._deprecation_replacements[key]))

[2023-12-25T19:50:45.428+0000] {subdag.py:171} INFO - Created DagRun: scheduled__2023-12-24T00:00:00+00:00
[2023-12-25T19:51:30.599+0000] {local_task_job.py:228} WARNING - State of this instance has been externally set to failed. Terminating instance.
[2023-12-25T19:51:30.601+0000] {process_utils.py:133} INFO - Sending Signals.SIGTERM to group 4671. PIDs of all processes in the group: [4671]
[2023-12-25T19:51:30.601+0000] {process_utils.py:84} INFO - Sending the signal Signals.SIGTERM to group 4671
[2023-12-25T19:51:30.601+0000] {taskinstance.py:1562} ERROR - Received SIGTERM. Terminating subprocesses.
[2023-12-25T19:51:30.653+0000] {process_utils.py:79} INFO - Process psutil.Process(pid=4671, status='terminated', exitcode=0, started='19:50:44') (4671) terminated with exit code 0
