[2023-12-25T19:50:43.870+0000] {taskinstance.py:1165} INFO - Dependencies all met for <TaskInstance: parent_of_subdag.start scheduled__2023-12-24T00:00:00+00:00 [queued]>
[2023-12-25T19:50:43.877+0000] {taskinstance.py:1165} INFO - Dependencies all met for <TaskInstance: parent_of_subdag.start scheduled__2023-12-24T00:00:00+00:00 [queued]>
[2023-12-25T19:50:43.877+0000] {taskinstance.py:1362} INFO - 
--------------------------------------------------------------------------------
[2023-12-25T19:50:43.877+0000] {taskinstance.py:1363} INFO - Starting attempt 1 of 1
[2023-12-25T19:50:43.877+0000] {taskinstance.py:1364} INFO - 
--------------------------------------------------------------------------------
[2023-12-25T19:50:43.895+0000] {taskinstance.py:1383} INFO - Executing <Task(BashOperator): start> on 2023-12-24 00:00:00+00:00
[2023-12-25T19:50:43.901+0000] {standard_task_runner.py:55} INFO - Started process 4668 to run task
[2023-12-25T19:50:43.903+0000] {standard_task_runner.py:82} INFO - Running: ['***', 'tasks', 'run', 'parent_of_subdag', 'start', 'scheduled__2023-12-24T00:00:00+00:00', '--job-id', '106', '--raw', '--subdir', 'DAGS_FOLDER/parent_of_subdag.py', '--cfg-path', '/tmp/tmp_3urp77u']
[2023-12-25T19:50:43.904+0000] {standard_task_runner.py:83} INFO - Job 106: Subtask start
[2023-12-25T19:50:43.921+0000] {warnings.py:110} WARNING - /home/***/.local/lib/python3.7/site-packages/***/configuration.py:549: DeprecationWarning: The sql_engine_encoding option in [core] has been moved to the sql_engine_encoding option in [database] - the old setting has been used, but please update your config.
  option = self._get_option_from_config_file(deprecated_key, deprecated_section, key, kwargs, section)

[2023-12-25T19:50:43.959+0000] {task_command.py:376} INFO - Running <TaskInstance: parent_of_subdag.start scheduled__2023-12-24T00:00:00+00:00 [running]> on host 4d1993f85b22
[2023-12-25T19:50:43.997+0000] {warnings.py:110} WARNING - /home/***/.local/lib/python3.7/site-packages/***/configuration.py:549: DeprecationWarning: The sensitive_variable_fields option in [admin] has been moved to the sensitive_var_conn_names option in [core] - the old setting has been used, but please update your config.
  option = self._get_option_from_config_file(deprecated_key, deprecated_section, key, kwargs, section)

[2023-12-25T19:50:44.056+0000] {taskinstance.py:1592} INFO - Exporting the following env vars:
AIRFLOW_CTX_DAG_OWNER=***
AIRFLOW_CTX_DAG_ID=parent_of_subdag
AIRFLOW_CTX_TASK_ID=start
AIRFLOW_CTX_EXECUTION_DATE=2023-12-24T00:00:00+00:00
AIRFLOW_CTX_TRY_NUMBER=1
AIRFLOW_CTX_DAG_RUN_ID=scheduled__2023-12-24T00:00:00+00:00
[2023-12-25T19:50:44.057+0000] {subprocess.py:63} INFO - Tmp dir root location: 
 /tmp
[2023-12-25T19:50:44.060+0000] {subprocess.py:75} INFO - Running command: ['/bin/bash', '-c', "echo 'start'"]
[2023-12-25T19:50:44.096+0000] {subprocess.py:86} INFO - Output:
[2023-12-25T19:50:44.098+0000] {subprocess.py:93} INFO - start
[2023-12-25T19:50:44.099+0000] {subprocess.py:97} INFO - Command exited with return code 0
[2023-12-25T19:50:44.142+0000] {taskinstance.py:1406} INFO - Marking task as SUCCESS. dag_id=parent_of_subdag, task_id=start, execution_date=20231224T000000, start_date=20231225T195043, end_date=20231225T195044
[2023-12-25T19:50:44.197+0000] {local_task_job.py:164} INFO - Task exited with return code 0
[2023-12-25T19:50:44.252+0000] {local_task_job.py:273} INFO - 1 downstream tasks scheduled from follow-on schedule check
