[2023-12-25T20:02:01.929+0000] {taskinstance.py:1165} INFO - Dependencies all met for <TaskInstance: parent_of_subdag.group_training_tasks_3 manual__2023-12-25T20:01:58.403388+00:00 [queued]>
[2023-12-25T20:02:01.941+0000] {taskinstance.py:1165} INFO - Dependencies all met for <TaskInstance: parent_of_subdag.group_training_tasks_3 manual__2023-12-25T20:01:58.403388+00:00 [queued]>
[2023-12-25T20:02:01.942+0000] {taskinstance.py:1362} INFO - 
--------------------------------------------------------------------------------
[2023-12-25T20:02:01.942+0000] {taskinstance.py:1363} INFO - Starting attempt 1 of 1
[2023-12-25T20:02:01.942+0000] {taskinstance.py:1364} INFO - 
--------------------------------------------------------------------------------
[2023-12-25T20:02:01.965+0000] {taskinstance.py:1383} INFO - Executing <Task(SubDagOperator): group_training_tasks_3> on 2023-12-25 20:01:58.403388+00:00
[2023-12-25T20:02:01.974+0000] {standard_task_runner.py:55} INFO - Started process 5261 to run task
[2023-12-25T20:02:01.979+0000] {standard_task_runner.py:82} INFO - Running: ['***', 'tasks', 'run', 'parent_of_subdag', 'group_training_tasks_3', 'manual__2023-12-25T20:01:58.403388+00:00', '--job-id', '124', '--raw', '--subdir', 'DAGS_FOLDER/parent_of_subdag.py', '--cfg-path', '/tmp/tmp24yqam_y']
[2023-12-25T20:02:01.980+0000] {standard_task_runner.py:83} INFO - Job 124: Subtask group_training_tasks_3
[2023-12-25T20:02:02.065+0000] {task_command.py:376} INFO - Running <TaskInstance: parent_of_subdag.group_training_tasks_3 manual__2023-12-25T20:01:58.403388+00:00 [running]> on host 4d1993f85b22
[2023-12-25T20:02:02.324+0000] {taskinstance.py:1592} INFO - Exporting the following env vars:
AIRFLOW_CTX_DAG_OWNER=***
AIRFLOW_CTX_DAG_ID=parent_of_subdag
AIRFLOW_CTX_TASK_ID=group_training_tasks_3
AIRFLOW_CTX_EXECUTION_DATE=2023-12-25T20:01:58.403388+00:00
AIRFLOW_CTX_TRY_NUMBER=1
AIRFLOW_CTX_DAG_RUN_ID=manual__2023-12-25T20:01:58.403388+00:00
[2023-12-25T20:02:02.325+0000] {warnings.py:110} WARNING - /home/***/.local/lib/python3.7/site-packages/***/utils/context.py:204: AirflowContextDeprecationWarning: Accessing 'execution_date' from the template is deprecated and will be removed in a future version. Please use 'data_interval_start' or 'logical_date' instead.
  warnings.warn(_create_deprecation_warning(key, self._deprecation_replacements[key]))

[2023-12-25T20:02:02.403+0000] {subdag.py:171} INFO - Created DagRun: scheduled__2023-12-25T20:01:58.403388+00:00
[2023-12-25T20:02:02.503+0000] {taskinstance.py:1815} INFO - Rescheduling task, marking task as UP_FOR_RESCHEDULE
[2023-12-25T20:02:02.528+0000] {local_task_job.py:164} INFO - Task exited with return code 0
[2023-12-25T20:02:02.596+0000] {local_task_job.py:273} INFO - 0 downstream tasks scheduled from follow-on schedule check
[2023-12-25T20:03:03.414+0000] {taskinstance.py:1165} INFO - Dependencies all met for <TaskInstance: parent_of_subdag.group_training_tasks_3 manual__2023-12-25T20:01:58.403388+00:00 [queued]>
[2023-12-25T20:03:03.424+0000] {taskinstance.py:1165} INFO - Dependencies all met for <TaskInstance: parent_of_subdag.group_training_tasks_3 manual__2023-12-25T20:01:58.403388+00:00 [queued]>
[2023-12-25T20:03:03.424+0000] {taskinstance.py:1362} INFO - 
--------------------------------------------------------------------------------
[2023-12-25T20:03:03.424+0000] {taskinstance.py:1363} INFO - Starting attempt 1 of 1
[2023-12-25T20:03:03.424+0000] {taskinstance.py:1364} INFO - 
--------------------------------------------------------------------------------
[2023-12-25T20:03:03.446+0000] {taskinstance.py:1383} INFO - Executing <Task(SubDagOperator): group_training_tasks_3> on 2023-12-25 20:01:58.403388+00:00
[2023-12-25T20:03:03.454+0000] {standard_task_runner.py:55} INFO - Started process 5346 to run task
[2023-12-25T20:03:03.459+0000] {standard_task_runner.py:82} INFO - Running: ['***', 'tasks', 'run', 'parent_of_subdag', 'group_training_tasks_3', 'manual__2023-12-25T20:01:58.403388+00:00', '--job-id', '139', '--raw', '--subdir', 'DAGS_FOLDER/parent_of_subdag.py', '--cfg-path', '/tmp/tmp2fycdgz9']
[2023-12-25T20:03:03.459+0000] {standard_task_runner.py:83} INFO - Job 139: Subtask group_training_tasks_3
[2023-12-25T20:03:03.552+0000] {task_command.py:376} INFO - Running <TaskInstance: parent_of_subdag.group_training_tasks_3 manual__2023-12-25T20:01:58.403388+00:00 [running]> on host 4d1993f85b22
[2023-12-25T20:03:03.640+0000] {taskinstance.py:1592} INFO - Exporting the following env vars:
AIRFLOW_CTX_DAG_OWNER=***
AIRFLOW_CTX_DAG_ID=parent_of_subdag
AIRFLOW_CTX_TASK_ID=group_training_tasks_3
AIRFLOW_CTX_EXECUTION_DATE=2023-12-25T20:01:58.403388+00:00
AIRFLOW_CTX_TRY_NUMBER=1
AIRFLOW_CTX_DAG_RUN_ID=manual__2023-12-25T20:01:58.403388+00:00
[2023-12-25T20:03:03.641+0000] {warnings.py:110} WARNING - /home/***/.local/lib/python3.7/site-packages/***/utils/context.py:204: AirflowContextDeprecationWarning: Accessing 'execution_date' from the template is deprecated and will be removed in a future version. Please use 'data_interval_start' or 'logical_date' instead.
  warnings.warn(_create_deprecation_warning(key, self._deprecation_replacements[key]))

[2023-12-25T20:03:03.650+0000] {subdag.py:173} INFO - Found existing DagRun: scheduled__2023-12-25T20:01:58.403388+00:00
[2023-12-25T20:03:03.668+0000] {base.py:213} INFO - Success criteria met. Exiting.
[2023-12-25T20:03:03.676+0000] {subdag.py:186} INFO - Execution finished. State is success
[2023-12-25T20:03:03.687+0000] {taskinstance.py:1406} INFO - Marking task as SUCCESS. dag_id=parent_of_subdag, task_id=group_training_tasks_3, execution_date=20231225T200158, start_date=20231225T200303, end_date=20231225T200303
[2023-12-25T20:03:03.722+0000] {local_task_job.py:164} INFO - Task exited with return code 0
[2023-12-25T20:03:03.772+0000] {local_task_job.py:273} INFO - 0 downstream tasks scheduled from follow-on schedule check
