[2023-12-26T08:45:03.913+0000] {taskinstance.py:1165} INFO - Dependencies all met for <TaskInstance: sensor_target_dag.waiting_end_parent_dag scheduled__2023-12-26T07:15:00+00:00 [queued]>
[2023-12-26T08:45:03.920+0000] {taskinstance.py:1165} INFO - Dependencies all met for <TaskInstance: sensor_target_dag.waiting_end_parent_dag scheduled__2023-12-26T07:15:00+00:00 [queued]>
[2023-12-26T08:45:03.921+0000] {taskinstance.py:1362} INFO - 
--------------------------------------------------------------------------------
[2023-12-26T08:45:03.921+0000] {taskinstance.py:1363} INFO - Starting attempt 1 of 1
[2023-12-26T08:45:03.921+0000] {taskinstance.py:1364} INFO - 
--------------------------------------------------------------------------------
[2023-12-26T08:45:03.941+0000] {taskinstance.py:1383} INFO - Executing <Task(ExternalTaskSensor): waiting_end_parent_dag> on 2023-12-26 07:15:00+00:00
[2023-12-26T08:45:03.947+0000] {standard_task_runner.py:55} INFO - Started process 2003 to run task
[2023-12-26T08:45:03.949+0000] {standard_task_runner.py:82} INFO - Running: ['***', 'tasks', 'run', 'sensor_target_dag', 'waiting_end_parent_dag', 'scheduled__2023-12-26T07:15:00+00:00', '--job-id', '168', '--raw', '--subdir', 'DAGS_FOLDER/sensor_target_dag.py', '--cfg-path', '/tmp/tmpg6pmv2pv']
[2023-12-26T08:45:03.950+0000] {standard_task_runner.py:83} INFO - Job 168: Subtask waiting_end_parent_dag
[2023-12-26T08:45:03.966+0000] {warnings.py:110} WARNING - /home/***/.local/lib/python3.7/site-packages/***/configuration.py:549: DeprecationWarning: The sql_engine_encoding option in [core] has been moved to the sql_engine_encoding option in [database] - the old setting has been used, but please update your config.
  option = self._get_option_from_config_file(deprecated_key, deprecated_section, key, kwargs, section)

[2023-12-26T08:45:04.005+0000] {task_command.py:376} INFO - Running <TaskInstance: sensor_target_dag.waiting_end_parent_dag scheduled__2023-12-26T07:15:00+00:00 [running]> on host d2fc15a9183d
[2023-12-26T08:45:04.040+0000] {warnings.py:110} WARNING - /home/***/.local/lib/python3.7/site-packages/***/configuration.py:549: DeprecationWarning: The sensitive_variable_fields option in [admin] has been moved to the sensitive_var_conn_names option in [core] - the old setting has been used, but please update your config.
  option = self._get_option_from_config_file(deprecated_key, deprecated_section, key, kwargs, section)

[2023-12-26T08:45:04.079+0000] {taskinstance.py:1592} INFO - Exporting the following env vars:
AIRFLOW_CTX_DAG_OWNER=***
AIRFLOW_CTX_DAG_ID=sensor_target_dag
AIRFLOW_CTX_TASK_ID=waiting_end_parent_dag
AIRFLOW_CTX_EXECUTION_DATE=2023-12-26T07:15:00+00:00
AIRFLOW_CTX_TRY_NUMBER=1
AIRFLOW_CTX_DAG_RUN_ID=scheduled__2023-12-26T07:15:00+00:00
[2023-12-26T08:45:04.080+0000] {external_task.py:206} INFO - Poking for tasks ['end'] in dag sensor_parent_dag on 2023-12-26T07:10:00+00:00 ... 
[2023-12-26T08:46:04.147+0000] {external_task.py:206} INFO - Poking for tasks ['end'] in dag sensor_parent_dag on 2023-12-26T07:10:00+00:00 ... 
[2023-12-26T08:47:04.234+0000] {external_task.py:206} INFO - Poking for tasks ['end'] in dag sensor_parent_dag on 2023-12-26T07:10:00+00:00 ... 
[2023-12-26T08:47:04.246+0000] {base.py:213} INFO - Success criteria met. Exiting.
[2023-12-26T08:47:04.265+0000] {taskinstance.py:1406} INFO - Marking task as SUCCESS. dag_id=sensor_target_dag, task_id=waiting_end_parent_dag, execution_date=20231226T071500, start_date=20231226T084503, end_date=20231226T084704
[2023-12-26T08:47:04.305+0000] {local_task_job.py:164} INFO - Task exited with return code 0
[2023-12-26T08:47:04.351+0000] {local_task_job.py:273} INFO - 1 downstream tasks scheduled from follow-on schedule check
