[2023-12-26T08:40:48.181+0000] {taskinstance.py:1165} INFO - Dependencies all met for <TaskInstance: sensor_parent_dag.end manual__2023-12-26T08:40:46.252447+00:00 [queued]>
[2023-12-26T08:40:48.189+0000] {taskinstance.py:1165} INFO - Dependencies all met for <TaskInstance: sensor_parent_dag.end manual__2023-12-26T08:40:46.252447+00:00 [queued]>
[2023-12-26T08:40:48.189+0000] {taskinstance.py:1362} INFO - 
--------------------------------------------------------------------------------
[2023-12-26T08:40:48.189+0000] {taskinstance.py:1363} INFO - Starting attempt 1 of 1
[2023-12-26T08:40:48.189+0000] {taskinstance.py:1364} INFO - 
--------------------------------------------------------------------------------
[2023-12-26T08:40:48.207+0000] {taskinstance.py:1383} INFO - Executing <Task(BashOperator): end> on 2023-12-26 08:40:46.252447+00:00
[2023-12-26T08:40:48.214+0000] {standard_task_runner.py:55} INFO - Started process 1801 to run task
[2023-12-26T08:40:48.216+0000] {standard_task_runner.py:82} INFO - Running: ['***', 'tasks', 'run', 'sensor_parent_dag', 'end', 'manual__2023-12-26T08:40:46.252447+00:00', '--job-id', '167', '--raw', '--subdir', 'DAGS_FOLDER/sensor_parent_dag.py', '--cfg-path', '/tmp/tmpslgtucut']
[2023-12-26T08:40:48.217+0000] {standard_task_runner.py:83} INFO - Job 167: Subtask end
[2023-12-26T08:40:48.281+0000] {task_command.py:376} INFO - Running <TaskInstance: sensor_parent_dag.end manual__2023-12-26T08:40:46.252447+00:00 [running]> on host d2fc15a9183d
[2023-12-26T08:40:48.324+0000] {warnings.py:110} WARNING - /home/***/.local/lib/python3.7/site-packages/***/configuration.py:549: DeprecationWarning: The sensitive_variable_fields option in [admin] has been moved to the sensitive_var_conn_names option in [core] - the old setting has been used, but please update your config.
  option = self._get_option_from_config_file(deprecated_key, deprecated_section, key, kwargs, section)

[2023-12-26T08:40:48.390+0000] {taskinstance.py:1592} INFO - Exporting the following env vars:
AIRFLOW_CTX_DAG_OWNER=***
AIRFLOW_CTX_DAG_ID=sensor_parent_dag
AIRFLOW_CTX_TASK_ID=end
AIRFLOW_CTX_EXECUTION_DATE=2023-12-26T08:40:46.252447+00:00
AIRFLOW_CTX_TRY_NUMBER=1
AIRFLOW_CTX_DAG_RUN_ID=manual__2023-12-26T08:40:46.252447+00:00
[2023-12-26T08:40:48.395+0000] {subprocess.py:63} INFO - Tmp dir root location: 
 /tmp
[2023-12-26T08:40:48.395+0000] {subprocess.py:75} INFO - Running command: ['/bin/bash', '-c', "echo 'end'"]
[2023-12-26T08:40:48.415+0000] {subprocess.py:86} INFO - Output:
[2023-12-26T08:40:48.418+0000] {subprocess.py:93} INFO - end
[2023-12-26T08:40:48.419+0000] {subprocess.py:97} INFO - Command exited with return code 0
[2023-12-26T08:40:48.458+0000] {taskinstance.py:1406} INFO - Marking task as SUCCESS. dag_id=sensor_parent_dag, task_id=end, execution_date=20231226T084046, start_date=20231226T084048, end_date=20231226T084048
[2023-12-26T08:40:48.509+0000] {local_task_job.py:164} INFO - Task exited with return code 0
[2023-12-26T08:40:48.542+0000] {local_task_job.py:273} INFO - 0 downstream tasks scheduled from follow-on schedule check
