[2023-12-26T09:42:03.504+0000] {taskinstance.py:1165} INFO - Dependencies all met for <TaskInstance: newsletter_dag.is_latest scheduled__2023-12-23T00:00:00+00:00 [queued]>
[2023-12-26T09:42:03.520+0000] {taskinstance.py:1165} INFO - Dependencies all met for <TaskInstance: newsletter_dag.is_latest scheduled__2023-12-23T00:00:00+00:00 [queued]>
[2023-12-26T09:42:03.520+0000] {taskinstance.py:1362} INFO - 
--------------------------------------------------------------------------------
[2023-12-26T09:42:03.521+0000] {taskinstance.py:1363} INFO - Starting attempt 1 of 1
[2023-12-26T09:42:03.521+0000] {taskinstance.py:1364} INFO - 
--------------------------------------------------------------------------------
[2023-12-26T09:42:03.549+0000] {taskinstance.py:1383} INFO - Executing <Task(LatestOnlyOperator): is_latest> on 2023-12-23 00:00:00+00:00
[2023-12-26T09:42:03.560+0000] {standard_task_runner.py:55} INFO - Started process 4849 to run task
[2023-12-26T09:42:03.568+0000] {standard_task_runner.py:82} INFO - Running: ['***', 'tasks', 'run', 'newsletter_dag', 'is_latest', 'scheduled__2023-12-23T00:00:00+00:00', '--job-id', '214', '--raw', '--subdir', 'DAGS_FOLDER/newsletter_dag.py', '--cfg-path', '/tmp/tmpgiixb7dw']
[2023-12-26T09:42:03.569+0000] {standard_task_runner.py:83} INFO - Job 214: Subtask is_latest
[2023-12-26T09:42:03.641+0000] {warnings.py:110} WARNING - /home/***/.local/lib/python3.7/site-packages/***/configuration.py:549: DeprecationWarning: The sql_engine_encoding option in [core] has been moved to the sql_engine_encoding option in [database] - the old setting has been used, but please update your config.
  option = self._get_option_from_config_file(deprecated_key, deprecated_section, key, kwargs, section)

[2023-12-26T09:42:03.814+0000] {task_command.py:376} INFO - Running <TaskInstance: newsletter_dag.is_latest scheduled__2023-12-23T00:00:00+00:00 [running]> on host d2fc15a9183d
[2023-12-26T09:42:04.005+0000] {taskinstance.py:1592} INFO - Exporting the following env vars:
AIRFLOW_CTX_DAG_OWNER=***
AIRFLOW_CTX_DAG_ID=newsletter_dag
AIRFLOW_CTX_TASK_ID=is_latest
AIRFLOW_CTX_EXECUTION_DATE=2023-12-23T00:00:00+00:00
AIRFLOW_CTX_TRY_NUMBER=1
AIRFLOW_CTX_DAG_RUN_ID=scheduled__2023-12-23T00:00:00+00:00
[2023-12-26T09:42:04.007+0000] {latest_only.py:70} INFO - Checking latest only with left_window: 2023-12-24T00:00:00+00:00 right_window: 2023-12-25T00:00:00+00:00 now: 2023-12-26T09:42:04.007326+00:00
[2023-12-26T09:42:04.007+0000] {latest_only.py:74} INFO - Not latest execution, skipping downstream.
[2023-12-26T09:42:04.007+0000] {skipmixin.py:155} INFO - Following branch []
[2023-12-26T09:42:04.008+0000] {skipmixin.py:190} INFO - Skipping tasks ['sending_newsletter']
[2023-12-26T09:42:04.098+0000] {taskinstance.py:1406} INFO - Marking task as SUCCESS. dag_id=newsletter_dag, task_id=is_latest, execution_date=20231223T000000, start_date=20231226T094203, end_date=20231226T094204
[2023-12-26T09:42:04.161+0000] {local_task_job.py:164} INFO - Task exited with return code 0
[2023-12-26T09:42:04.188+0000] {local_task_job.py:273} INFO - 0 downstream tasks scheduled from follow-on schedule check
