[2023-12-26T09:10:05.255+0000] {taskinstance.py:1165} INFO - Dependencies all met for <TaskInstance: shortcircuit_dag.is_tuesday scheduled__2023-12-26T08:10:00+00:00 [queued]>
[2023-12-26T09:10:05.264+0000] {taskinstance.py:1165} INFO - Dependencies all met for <TaskInstance: shortcircuit_dag.is_tuesday scheduled__2023-12-26T08:10:00+00:00 [queued]>
[2023-12-26T09:10:05.264+0000] {taskinstance.py:1362} INFO - 
--------------------------------------------------------------------------------
[2023-12-26T09:10:05.264+0000] {taskinstance.py:1363} INFO - Starting attempt 1 of 1
[2023-12-26T09:10:05.264+0000] {taskinstance.py:1364} INFO - 
--------------------------------------------------------------------------------
[2023-12-26T09:10:05.287+0000] {taskinstance.py:1383} INFO - Executing <Task(ShortCircuitOperator): is_tuesday> on 2023-12-26 08:10:00+00:00
[2023-12-26T09:10:05.298+0000] {standard_task_runner.py:55} INFO - Started process 3233 to run task
[2023-12-26T09:10:05.302+0000] {standard_task_runner.py:82} INFO - Running: ['***', 'tasks', 'run', 'shortcircuit_dag', 'is_tuesday', 'scheduled__2023-12-26T08:10:00+00:00', '--job-id', '181', '--raw', '--subdir', 'DAGS_FOLDER/shortcircuit_dag.py', '--cfg-path', '/tmp/tmph_gd771e']
[2023-12-26T09:10:05.303+0000] {standard_task_runner.py:83} INFO - Job 181: Subtask is_tuesday
[2023-12-26T09:10:05.326+0000] {warnings.py:110} WARNING - /home/***/.local/lib/python3.7/site-packages/***/configuration.py:549: DeprecationWarning: The sql_engine_encoding option in [core] has been moved to the sql_engine_encoding option in [database] - the old setting has been used, but please update your config.
  option = self._get_option_from_config_file(deprecated_key, deprecated_section, key, kwargs, section)

[2023-12-26T09:10:05.394+0000] {task_command.py:376} INFO - Running <TaskInstance: shortcircuit_dag.is_tuesday scheduled__2023-12-26T08:10:00+00:00 [running]> on host d2fc15a9183d
[2023-12-26T09:10:05.442+0000] {warnings.py:110} WARNING - /home/***/.local/lib/python3.7/site-packages/***/configuration.py:549: DeprecationWarning: The sensitive_variable_fields option in [admin] has been moved to the sensitive_var_conn_names option in [core] - the old setting has been used, but please update your config.
  option = self._get_option_from_config_file(deprecated_key, deprecated_section, key, kwargs, section)

[2023-12-26T09:10:05.514+0000] {taskinstance.py:1592} INFO - Exporting the following env vars:
AIRFLOW_CTX_DAG_OWNER=***
AIRFLOW_CTX_DAG_ID=shortcircuit_dag
AIRFLOW_CTX_TASK_ID=is_tuesday
AIRFLOW_CTX_EXECUTION_DATE=2023-12-26T08:10:00+00:00
AIRFLOW_CTX_TRY_NUMBER=1
AIRFLOW_CTX_DAG_RUN_ID=scheduled__2023-12-26T08:10:00+00:00
[2023-12-26T09:10:05.515+0000] {warnings.py:110} WARNING - /home/***/.local/lib/python3.7/site-packages/***/utils/context.py:204: AirflowContextDeprecationWarning: Accessing 'execution_date' from the template is deprecated and will be removed in a future version. Please use 'data_interval_start' or 'logical_date' instead.
  warnings.warn(_create_deprecation_warning(key, self._deprecation_replacements[key]))

[2023-12-26T09:10:05.515+0000] {python.py:177} INFO - Done. Returned value was: False
[2023-12-26T09:10:05.517+0000] {python.py:263} INFO - Condition result is False
[2023-12-26T09:10:05.517+0000] {python.py:277} INFO - Skipping all downstream tasks...
[2023-12-26T09:10:05.577+0000] {python.py:285} INFO - Done.
[2023-12-26T09:10:05.597+0000] {taskinstance.py:1406} INFO - Marking task as SUCCESS. dag_id=shortcircuit_dag, task_id=is_tuesday, execution_date=20231226T081000, start_date=20231226T091005, end_date=20231226T091005
[2023-12-26T09:10:05.639+0000] {local_task_job.py:164} INFO - Task exited with return code 0
[2023-12-26T09:10:05.676+0000] {local_task_job.py:273} INFO - 0 downstream tasks scheduled from follow-on schedule check
