[2024-05-05T18:11:30.947+0000] {processor.py:154} INFO - Started process (PID=68) to work on /opt/airflow/dags/branch_week_dag.py
[2024-05-05T18:11:30.950+0000] {processor.py:756} INFO - Processing file /opt/airflow/dags/branch_week_dag.py for tasks to queue
[2024-05-05T18:11:30.951+0000] {logging_mixin.py:120} INFO - [2024-05-05T18:11:30.951+0000] {dagbag.py:537} INFO - Filling up the DagBag from /opt/airflow/dags/branch_week_dag.py
[2024-05-05T18:11:30.993+0000] {processor.py:766} INFO - DAG(s) dict_keys(['my_BranchDayOfWeekOperator_dag']) retrieved from /opt/airflow/dags/branch_week_dag.py
[2024-05-05T18:11:31.097+0000] {logging_mixin.py:120} INFO - [2024-05-05T18:11:31.097+0000] {dag.py:2585} INFO - Sync 1 DAGs
[2024-05-05T18:11:31.137+0000] {logging_mixin.py:120} INFO - [2024-05-05T18:11:31.137+0000] {dag.py:3340} INFO - Setting next_dagrun for my_BranchDayOfWeekOperator_dag to 2024-05-04T00:00:00+00:00, run_after=2024-05-05T00:00:00+00:00
[2024-05-05T18:11:31.169+0000] {processor.py:176} INFO - Processing /opt/airflow/dags/branch_week_dag.py took 0.225 seconds
[2024-05-05T18:13:31.215+0000] {processor.py:154} INFO - Started process (PID=45) to work on /opt/airflow/dags/branch_week_dag.py
[2024-05-05T18:13:31.215+0000] {processor.py:756} INFO - Processing file /opt/airflow/dags/branch_week_dag.py for tasks to queue
[2024-05-05T18:13:31.216+0000] {logging_mixin.py:120} INFO - [2024-05-05T18:13:31.216+0000] {dagbag.py:537} INFO - Filling up the DagBag from /opt/airflow/dags/branch_week_dag.py
[2024-05-05T18:13:31.299+0000] {processor.py:766} INFO - DAG(s) dict_keys(['my_BranchDayOfWeekOperator_dag']) retrieved from /opt/airflow/dags/branch_week_dag.py
[2024-05-05T18:13:31.411+0000] {logging_mixin.py:120} INFO - [2024-05-05T18:13:31.410+0000] {dag.py:2585} INFO - Sync 1 DAGs
[2024-05-05T18:13:31.445+0000] {logging_mixin.py:120} INFO - [2024-05-05T18:13:31.445+0000] {dag.py:3340} INFO - Setting next_dagrun for my_BranchDayOfWeekOperator_dag to 2024-05-04T00:00:00+00:00, run_after=2024-05-05T00:00:00+00:00
[2024-05-05T18:13:31.473+0000] {processor.py:176} INFO - Processing /opt/airflow/dags/branch_week_dag.py took 0.261 seconds
[2024-05-05T18:14:01.917+0000] {processor.py:154} INFO - Started process (PID=93) to work on /opt/airflow/dags/branch_week_dag.py
[2024-05-05T18:14:01.917+0000] {processor.py:756} INFO - Processing file /opt/airflow/dags/branch_week_dag.py for tasks to queue
[2024-05-05T18:14:01.918+0000] {logging_mixin.py:120} INFO - [2024-05-05T18:14:01.918+0000] {dagbag.py:537} INFO - Filling up the DagBag from /opt/airflow/dags/branch_week_dag.py
[2024-05-05T18:14:01.932+0000] {processor.py:766} INFO - DAG(s) dict_keys(['my_BranchDayOfWeekOperator_dag']) retrieved from /opt/airflow/dags/branch_week_dag.py
[2024-05-05T18:14:01.963+0000] {logging_mixin.py:120} INFO - [2024-05-05T18:14:01.963+0000] {dag.py:2585} INFO - Sync 1 DAGs
[2024-05-05T18:14:01.989+0000] {logging_mixin.py:120} INFO - [2024-05-05T18:14:01.988+0000] {dag.py:3340} INFO - Setting next_dagrun for my_BranchDayOfWeekOperator_dag to 2024-05-04T00:00:00+00:00, run_after=2024-05-05T00:00:00+00:00
[2024-05-05T18:14:02.012+0000] {processor.py:176} INFO - Processing /opt/airflow/dags/branch_week_dag.py took 0.097 seconds
[2024-05-05T18:14:32.758+0000] {processor.py:154} INFO - Started process (PID=143) to work on /opt/airflow/dags/branch_week_dag.py
[2024-05-05T18:14:32.759+0000] {processor.py:756} INFO - Processing file /opt/airflow/dags/branch_week_dag.py for tasks to queue
[2024-05-05T18:14:32.760+0000] {logging_mixin.py:120} INFO - [2024-05-05T18:14:32.760+0000] {dagbag.py:537} INFO - Filling up the DagBag from /opt/airflow/dags/branch_week_dag.py
[2024-05-05T18:14:32.781+0000] {processor.py:766} INFO - DAG(s) dict_keys(['my_BranchDayOfWeekOperator_dag']) retrieved from /opt/airflow/dags/branch_week_dag.py
[2024-05-05T18:14:32.828+0000] {logging_mixin.py:120} INFO - [2024-05-05T18:14:32.828+0000] {dag.py:2585} INFO - Sync 1 DAGs
[2024-05-05T18:14:32.863+0000] {logging_mixin.py:120} INFO - [2024-05-05T18:14:32.863+0000] {dag.py:3340} INFO - Setting next_dagrun for my_BranchDayOfWeekOperator_dag to 2024-05-04T00:00:00+00:00, run_after=2024-05-05T00:00:00+00:00
[2024-05-05T18:14:32.906+0000] {processor.py:176} INFO - Processing /opt/airflow/dags/branch_week_dag.py took 0.151 seconds
[2024-05-05T18:15:03.694+0000] {processor.py:154} INFO - Started process (PID=183) to work on /opt/airflow/dags/branch_week_dag.py
[2024-05-05T18:15:03.695+0000] {processor.py:756} INFO - Processing file /opt/airflow/dags/branch_week_dag.py for tasks to queue
[2024-05-05T18:15:03.696+0000] {logging_mixin.py:120} INFO - [2024-05-05T18:15:03.695+0000] {dagbag.py:537} INFO - Filling up the DagBag from /opt/airflow/dags/branch_week_dag.py
[2024-05-05T18:15:03.711+0000] {processor.py:766} INFO - DAG(s) dict_keys(['my_BranchDayOfWeekOperator_dag']) retrieved from /opt/airflow/dags/branch_week_dag.py
[2024-05-05T18:15:03.742+0000] {logging_mixin.py:120} INFO - [2024-05-05T18:15:03.742+0000] {dag.py:2585} INFO - Sync 1 DAGs
[2024-05-05T18:15:03.762+0000] {logging_mixin.py:120} INFO - [2024-05-05T18:15:03.762+0000] {dag.py:3340} INFO - Setting next_dagrun for my_BranchDayOfWeekOperator_dag to 2024-05-04T00:00:00+00:00, run_after=2024-05-05T00:00:00+00:00
[2024-05-05T18:15:03.785+0000] {processor.py:176} INFO - Processing /opt/airflow/dags/branch_week_dag.py took 0.093 seconds
[2024-05-05T18:15:34.548+0000] {processor.py:154} INFO - Started process (PID=231) to work on /opt/airflow/dags/branch_week_dag.py
[2024-05-05T18:15:34.549+0000] {processor.py:756} INFO - Processing file /opt/airflow/dags/branch_week_dag.py for tasks to queue
[2024-05-05T18:15:34.550+0000] {logging_mixin.py:120} INFO - [2024-05-05T18:15:34.549+0000] {dagbag.py:537} INFO - Filling up the DagBag from /opt/airflow/dags/branch_week_dag.py
[2024-05-05T18:15:34.570+0000] {processor.py:766} INFO - DAG(s) dict_keys(['my_BranchDayOfWeekOperator_dag']) retrieved from /opt/airflow/dags/branch_week_dag.py
[2024-05-05T18:15:34.609+0000] {logging_mixin.py:120} INFO - [2024-05-05T18:15:34.609+0000] {dag.py:2585} INFO - Sync 1 DAGs
[2024-05-05T18:15:34.634+0000] {logging_mixin.py:120} INFO - [2024-05-05T18:15:34.634+0000] {dag.py:3340} INFO - Setting next_dagrun for my_BranchDayOfWeekOperator_dag to 2024-05-04T00:00:00+00:00, run_after=2024-05-05T00:00:00+00:00
[2024-05-05T18:15:34.653+0000] {processor.py:176} INFO - Processing /opt/airflow/dags/branch_week_dag.py took 0.107 seconds
