[2024-05-05T18:11:29.752+0000] {processor.py:154} INFO - Started process (PID=57) to work on /opt/airflow/dags/dummy_dag.py
[2024-05-05T18:11:29.753+0000] {processor.py:756} INFO - Processing file /opt/airflow/dags/dummy_dag.py for tasks to queue
[2024-05-05T18:11:29.754+0000] {logging_mixin.py:120} INFO - [2024-05-05T18:11:29.753+0000] {dagbag.py:537} INFO - Filling up the DagBag from /opt/airflow/dags/dummy_dag.py
[2024-05-05T18:11:29.851+0000] {processor.py:766} INFO - DAG(s) dict_keys(['dummy_dag']) retrieved from /opt/airflow/dags/dummy_dag.py
[2024-05-05T18:11:29.992+0000] {logging_mixin.py:120} INFO - [2024-05-05T18:11:29.992+0000] {dag.py:2585} INFO - Sync 1 DAGs
[2024-05-05T18:11:30.051+0000] {logging_mixin.py:120} INFO - [2024-05-05T18:11:30.050+0000] {dag.py:3340} INFO - Setting next_dagrun for dummy_dag to 2024-05-02T00:00:00+00:00, run_after=2024-05-03T00:00:00+00:00
[2024-05-05T18:11:30.079+0000] {processor.py:176} INFO - Processing /opt/airflow/dags/dummy_dag.py took 0.330 seconds
[2024-05-05T18:12:56.721+0000] {processor.py:154} INFO - Started process (PID=56) to work on /opt/airflow/dags/dummy_dag.py
[2024-05-05T18:12:56.734+0000] {processor.py:756} INFO - Processing file /opt/airflow/dags/dummy_dag.py for tasks to queue
[2024-05-05T18:12:56.739+0000] {logging_mixin.py:120} INFO - [2024-05-05T18:12:56.739+0000] {dagbag.py:537} INFO - Filling up the DagBag from /opt/airflow/dags/dummy_dag.py
[2024-05-05T18:12:56.930+0000] {processor.py:766} INFO - DAG(s) dict_keys(['dummy_dag']) retrieved from /opt/airflow/dags/dummy_dag.py
[2024-05-05T18:12:57.249+0000] {logging_mixin.py:120} INFO - [2024-05-05T18:12:57.248+0000] {dag.py:2585} INFO - Sync 1 DAGs
[2024-05-05T18:12:57.468+0000] {logging_mixin.py:120} INFO - [2024-05-05T18:12:57.468+0000] {dag.py:3340} INFO - Setting next_dagrun for dummy_dag to 2024-05-02T00:00:00+00:00, run_after=2024-05-03T00:00:00+00:00
[2024-05-05T18:12:57.690+0000] {processor.py:176} INFO - Processing /opt/airflow/dags/dummy_dag.py took 0.975 seconds
[2024-05-05T18:13:29.965+0000] {processor.py:154} INFO - Started process (PID=34) to work on /opt/airflow/dags/dummy_dag.py
[2024-05-05T18:13:29.973+0000] {processor.py:756} INFO - Processing file /opt/airflow/dags/dummy_dag.py for tasks to queue
[2024-05-05T18:13:29.976+0000] {logging_mixin.py:120} INFO - [2024-05-05T18:13:29.976+0000] {dagbag.py:537} INFO - Filling up the DagBag from /opt/airflow/dags/dummy_dag.py
[2024-05-05T18:13:30.023+0000] {processor.py:766} INFO - DAG(s) dict_keys(['dummy_dag']) retrieved from /opt/airflow/dags/dummy_dag.py
[2024-05-05T18:13:30.075+0000] {logging_mixin.py:120} INFO - [2024-05-05T18:13:30.075+0000] {dag.py:2585} INFO - Sync 1 DAGs
[2024-05-05T18:13:30.109+0000] {logging_mixin.py:120} INFO - [2024-05-05T18:13:30.109+0000] {dag.py:3340} INFO - Setting next_dagrun for dummy_dag to 2024-05-02T00:00:00+00:00, run_after=2024-05-03T00:00:00+00:00
[2024-05-05T18:13:30.136+0000] {processor.py:176} INFO - Processing /opt/airflow/dags/dummy_dag.py took 0.175 seconds
[2024-05-05T18:14:00.165+0000] {processor.py:154} INFO - Started process (PID=82) to work on /opt/airflow/dags/dummy_dag.py
[2024-05-05T18:14:00.166+0000] {processor.py:756} INFO - Processing file /opt/airflow/dags/dummy_dag.py for tasks to queue
[2024-05-05T18:14:00.167+0000] {logging_mixin.py:120} INFO - [2024-05-05T18:14:00.167+0000] {dagbag.py:537} INFO - Filling up the DagBag from /opt/airflow/dags/dummy_dag.py
[2024-05-05T18:14:00.189+0000] {processor.py:766} INFO - DAG(s) dict_keys(['dummy_dag']) retrieved from /opt/airflow/dags/dummy_dag.py
[2024-05-05T18:14:00.235+0000] {logging_mixin.py:120} INFO - [2024-05-05T18:14:00.234+0000] {dag.py:2585} INFO - Sync 1 DAGs
[2024-05-05T18:14:00.269+0000] {logging_mixin.py:120} INFO - [2024-05-05T18:14:00.269+0000] {dag.py:3340} INFO - Setting next_dagrun for dummy_dag to 2024-05-02T00:00:00+00:00, run_after=2024-05-03T00:00:00+00:00
[2024-05-05T18:14:00.300+0000] {processor.py:176} INFO - Processing /opt/airflow/dags/dummy_dag.py took 0.138 seconds
[2024-05-05T18:14:30.715+0000] {processor.py:154} INFO - Started process (PID=122) to work on /opt/airflow/dags/dummy_dag.py
[2024-05-05T18:14:30.722+0000] {processor.py:756} INFO - Processing file /opt/airflow/dags/dummy_dag.py for tasks to queue
[2024-05-05T18:14:30.723+0000] {logging_mixin.py:120} INFO - [2024-05-05T18:14:30.723+0000] {dagbag.py:537} INFO - Filling up the DagBag from /opt/airflow/dags/dummy_dag.py
[2024-05-05T18:14:30.743+0000] {processor.py:766} INFO - DAG(s) dict_keys(['dummy_dag']) retrieved from /opt/airflow/dags/dummy_dag.py
[2024-05-05T18:14:30.789+0000] {logging_mixin.py:120} INFO - [2024-05-05T18:14:30.789+0000] {dag.py:2585} INFO - Sync 1 DAGs
[2024-05-05T18:14:30.822+0000] {logging_mixin.py:120} INFO - [2024-05-05T18:14:30.821+0000] {dag.py:3340} INFO - Setting next_dagrun for dummy_dag to 2024-05-02T00:00:00+00:00, run_after=2024-05-03T00:00:00+00:00
[2024-05-05T18:14:30.848+0000] {processor.py:176} INFO - Processing /opt/airflow/dags/dummy_dag.py took 0.136 seconds
[2024-05-05T18:15:00.997+0000] {processor.py:154} INFO - Started process (PID=172) to work on /opt/airflow/dags/dummy_dag.py
[2024-05-05T18:15:00.997+0000] {processor.py:756} INFO - Processing file /opt/airflow/dags/dummy_dag.py for tasks to queue
[2024-05-05T18:15:00.998+0000] {logging_mixin.py:120} INFO - [2024-05-05T18:15:00.998+0000] {dagbag.py:537} INFO - Filling up the DagBag from /opt/airflow/dags/dummy_dag.py
[2024-05-05T18:15:01.017+0000] {processor.py:766} INFO - DAG(s) dict_keys(['dummy_dag']) retrieved from /opt/airflow/dags/dummy_dag.py
[2024-05-05T18:15:01.052+0000] {logging_mixin.py:120} INFO - [2024-05-05T18:15:01.052+0000] {dag.py:2585} INFO - Sync 1 DAGs
[2024-05-05T18:15:01.074+0000] {logging_mixin.py:120} INFO - [2024-05-05T18:15:01.074+0000] {dag.py:3340} INFO - Setting next_dagrun for dummy_dag to 2024-05-02T00:00:00+00:00, run_after=2024-05-03T00:00:00+00:00
[2024-05-05T18:15:01.096+0000] {processor.py:176} INFO - Processing /opt/airflow/dags/dummy_dag.py took 0.103 seconds
