[2024-05-05T18:11:31.767+0000] {processor.py:154} INFO - Started process (PID=80) to work on /opt/airflow/dags/my_BranchPythonOperator_dag.py
[2024-05-05T18:11:31.768+0000] {processor.py:756} INFO - Processing file /opt/airflow/dags/my_BranchPythonOperator_dag.py for tasks to queue
[2024-05-05T18:11:31.769+0000] {logging_mixin.py:120} INFO - [2024-05-05T18:11:31.769+0000] {dagbag.py:537} INFO - Filling up the DagBag from /opt/airflow/dags/my_BranchPythonOperator_dag.py
[2024-05-05T18:11:31.784+0000] {logging_mixin.py:120} WARNING - /home/airflow/.local/lib/python3.7/site-packages/airflow/models/baseoperator.py:408 RemovedInAirflow3Warning: none_failed_or_skipped Trigger Rule is deprecated. Please use `none_failed_min_one_success`.
[2024-05-05T18:11:31.793+0000] {processor.py:766} INFO - DAG(s) dict_keys(['my_BranchPythonOperator_dag']) retrieved from /opt/airflow/dags/my_BranchPythonOperator_dag.py
[2024-05-05T18:11:31.850+0000] {logging_mixin.py:120} INFO - [2024-05-05T18:11:31.850+0000] {dag.py:2585} INFO - Sync 1 DAGs
[2024-05-05T18:11:31.894+0000] {logging_mixin.py:120} INFO - [2024-05-05T18:11:31.894+0000] {dag.py:3340} INFO - Setting next_dagrun for my_BranchPythonOperator_dag to 2024-05-04T00:00:00+00:00, run_after=2024-05-05T00:00:00+00:00
[2024-05-05T18:11:31.983+0000] {processor.py:176} INFO - Processing /opt/airflow/dags/my_BranchPythonOperator_dag.py took 0.220 seconds
[2024-05-05T18:13:32.011+0000] {processor.py:154} INFO - Started process (PID=56) to work on /opt/airflow/dags/my_BranchPythonOperator_dag.py
[2024-05-05T18:13:32.012+0000] {processor.py:756} INFO - Processing file /opt/airflow/dags/my_BranchPythonOperator_dag.py for tasks to queue
[2024-05-05T18:13:32.012+0000] {logging_mixin.py:120} INFO - [2024-05-05T18:13:32.012+0000] {dagbag.py:537} INFO - Filling up the DagBag from /opt/airflow/dags/my_BranchPythonOperator_dag.py
[2024-05-05T18:13:32.037+0000] {logging_mixin.py:120} WARNING - /home/airflow/.local/lib/python3.7/site-packages/airflow/models/baseoperator.py:408 RemovedInAirflow3Warning: none_failed_or_skipped Trigger Rule is deprecated. Please use `none_failed_min_one_success`.
[2024-05-05T18:13:32.049+0000] {processor.py:766} INFO - DAG(s) dict_keys(['my_BranchPythonOperator_dag']) retrieved from /opt/airflow/dags/my_BranchPythonOperator_dag.py
[2024-05-05T18:13:32.275+0000] {logging_mixin.py:120} INFO - [2024-05-05T18:13:32.275+0000] {dag.py:2585} INFO - Sync 1 DAGs
[2024-05-05T18:13:32.390+0000] {logging_mixin.py:120} INFO - [2024-05-05T18:13:32.390+0000] {dag.py:3340} INFO - Setting next_dagrun for my_BranchPythonOperator_dag to 2024-05-04T00:00:00+00:00, run_after=2024-05-05T00:00:00+00:00
[2024-05-05T18:13:32.439+0000] {processor.py:176} INFO - Processing /opt/airflow/dags/my_BranchPythonOperator_dag.py took 0.439 seconds
[2024-05-05T18:14:03.158+0000] {processor.py:154} INFO - Started process (PID=97) to work on /opt/airflow/dags/my_BranchPythonOperator_dag.py
[2024-05-05T18:14:03.159+0000] {processor.py:756} INFO - Processing file /opt/airflow/dags/my_BranchPythonOperator_dag.py for tasks to queue
[2024-05-05T18:14:03.159+0000] {logging_mixin.py:120} INFO - [2024-05-05T18:14:03.159+0000] {dagbag.py:537} INFO - Filling up the DagBag from /opt/airflow/dags/my_BranchPythonOperator_dag.py
[2024-05-05T18:14:03.169+0000] {logging_mixin.py:120} WARNING - /home/airflow/.local/lib/python3.7/site-packages/airflow/models/baseoperator.py:408 RemovedInAirflow3Warning: none_failed_or_skipped Trigger Rule is deprecated. Please use `none_failed_min_one_success`.
[2024-05-05T18:14:03.178+0000] {processor.py:766} INFO - DAG(s) dict_keys(['my_BranchPythonOperator_dag']) retrieved from /opt/airflow/dags/my_BranchPythonOperator_dag.py
[2024-05-05T18:14:03.217+0000] {logging_mixin.py:120} INFO - [2024-05-05T18:14:03.217+0000] {dag.py:2585} INFO - Sync 1 DAGs
[2024-05-05T18:14:03.250+0000] {logging_mixin.py:120} INFO - [2024-05-05T18:14:03.250+0000] {dag.py:3340} INFO - Setting next_dagrun for my_BranchPythonOperator_dag to 2024-05-04T00:00:00+00:00, run_after=2024-05-05T00:00:00+00:00
[2024-05-05T18:14:03.280+0000] {processor.py:176} INFO - Processing /opt/airflow/dags/my_BranchPythonOperator_dag.py took 0.125 seconds
[2024-05-05T18:14:33.327+0000] {processor.py:154} INFO - Started process (PID=147) to work on /opt/airflow/dags/my_BranchPythonOperator_dag.py
[2024-05-05T18:14:33.327+0000] {processor.py:756} INFO - Processing file /opt/airflow/dags/my_BranchPythonOperator_dag.py for tasks to queue
[2024-05-05T18:14:33.328+0000] {logging_mixin.py:120} INFO - [2024-05-05T18:14:33.328+0000] {dagbag.py:537} INFO - Filling up the DagBag from /opt/airflow/dags/my_BranchPythonOperator_dag.py
[2024-05-05T18:14:33.343+0000] {logging_mixin.py:120} WARNING - /home/airflow/.local/lib/python3.7/site-packages/airflow/models/baseoperator.py:408 RemovedInAirflow3Warning: none_failed_or_skipped Trigger Rule is deprecated. Please use `none_failed_min_one_success`.
[2024-05-05T18:14:33.351+0000] {processor.py:766} INFO - DAG(s) dict_keys(['my_BranchPythonOperator_dag']) retrieved from /opt/airflow/dags/my_BranchPythonOperator_dag.py
[2024-05-05T18:14:33.388+0000] {logging_mixin.py:120} INFO - [2024-05-05T18:14:33.387+0000] {dag.py:2585} INFO - Sync 1 DAGs
[2024-05-05T18:14:33.409+0000] {logging_mixin.py:120} INFO - [2024-05-05T18:14:33.409+0000] {dag.py:3340} INFO - Setting next_dagrun for my_BranchPythonOperator_dag to 2024-05-04T00:00:00+00:00, run_after=2024-05-05T00:00:00+00:00
[2024-05-05T18:14:33.427+0000] {processor.py:176} INFO - Processing /opt/airflow/dags/my_BranchPythonOperator_dag.py took 0.104 seconds
[2024-05-05T18:15:04.061+0000] {processor.py:154} INFO - Started process (PID=187) to work on /opt/airflow/dags/my_BranchPythonOperator_dag.py
[2024-05-05T18:15:04.062+0000] {processor.py:756} INFO - Processing file /opt/airflow/dags/my_BranchPythonOperator_dag.py for tasks to queue
[2024-05-05T18:15:04.063+0000] {logging_mixin.py:120} INFO - [2024-05-05T18:15:04.063+0000] {dagbag.py:537} INFO - Filling up the DagBag from /opt/airflow/dags/my_BranchPythonOperator_dag.py
[2024-05-05T18:15:04.073+0000] {logging_mixin.py:120} WARNING - /home/airflow/.local/lib/python3.7/site-packages/airflow/models/baseoperator.py:408 RemovedInAirflow3Warning: none_failed_or_skipped Trigger Rule is deprecated. Please use `none_failed_min_one_success`.
[2024-05-05T18:15:04.079+0000] {processor.py:766} INFO - DAG(s) dict_keys(['my_BranchPythonOperator_dag']) retrieved from /opt/airflow/dags/my_BranchPythonOperator_dag.py
[2024-05-05T18:15:04.112+0000] {logging_mixin.py:120} INFO - [2024-05-05T18:15:04.112+0000] {dag.py:2585} INFO - Sync 1 DAGs
[2024-05-05T18:15:04.134+0000] {logging_mixin.py:120} INFO - [2024-05-05T18:15:04.133+0000] {dag.py:3340} INFO - Setting next_dagrun for my_BranchPythonOperator_dag to 2024-05-04T00:00:00+00:00, run_after=2024-05-05T00:00:00+00:00
[2024-05-05T18:15:04.153+0000] {processor.py:176} INFO - Processing /opt/airflow/dags/my_BranchPythonOperator_dag.py took 0.095 seconds
