[2024-05-05T18:11:31.199+0000] {processor.py:154} INFO - Started process (PID=75) to work on /opt/airflow/dags/my_BranchDateTimeOperator_dag.py
[2024-05-05T18:11:31.199+0000] {processor.py:756} INFO - Processing file /opt/airflow/dags/my_BranchDateTimeOperator_dag.py for tasks to queue
[2024-05-05T18:11:31.201+0000] {logging_mixin.py:120} INFO - [2024-05-05T18:11:31.200+0000] {dagbag.py:537} INFO - Filling up the DagBag from /opt/airflow/dags/my_BranchDateTimeOperator_dag.py
[2024-05-05T18:11:31.224+0000] {processor.py:766} INFO - DAG(s) dict_keys(['my_BranchDateTimeOperator_dag']) retrieved from /opt/airflow/dags/my_BranchDateTimeOperator_dag.py
[2024-05-05T18:11:31.300+0000] {logging_mixin.py:120} INFO - [2024-05-05T18:11:31.300+0000] {dag.py:2585} INFO - Sync 1 DAGs
[2024-05-05T18:11:31.372+0000] {logging_mixin.py:120} INFO - [2024-05-05T18:11:31.363+0000] {dag.py:3340} INFO - Setting next_dagrun for my_BranchDateTimeOperator_dag to 2024-05-04T00:00:00+00:00, run_after=2024-05-05T00:00:00+00:00
[2024-05-05T18:11:31.453+0000] {processor.py:176} INFO - Processing /opt/airflow/dags/my_BranchDateTimeOperator_dag.py took 0.258 seconds
[2024-05-05T18:13:31.437+0000] {processor.py:154} INFO - Started process (PID=46) to work on /opt/airflow/dags/my_BranchDateTimeOperator_dag.py
[2024-05-05T18:13:31.439+0000] {processor.py:756} INFO - Processing file /opt/airflow/dags/my_BranchDateTimeOperator_dag.py for tasks to queue
[2024-05-05T18:13:31.440+0000] {logging_mixin.py:120} INFO - [2024-05-05T18:13:31.440+0000] {dagbag.py:537} INFO - Filling up the DagBag from /opt/airflow/dags/my_BranchDateTimeOperator_dag.py
[2024-05-05T18:13:31.477+0000] {processor.py:766} INFO - DAG(s) dict_keys(['my_BranchDateTimeOperator_dag']) retrieved from /opt/airflow/dags/my_BranchDateTimeOperator_dag.py
[2024-05-05T18:13:31.610+0000] {logging_mixin.py:120} INFO - [2024-05-05T18:13:31.610+0000] {dag.py:2585} INFO - Sync 1 DAGs
[2024-05-05T18:13:31.676+0000] {logging_mixin.py:120} INFO - [2024-05-05T18:13:31.676+0000] {dag.py:3340} INFO - Setting next_dagrun for my_BranchDateTimeOperator_dag to 2024-05-04T00:00:00+00:00, run_after=2024-05-05T00:00:00+00:00
[2024-05-05T18:13:31.725+0000] {processor.py:176} INFO - Processing /opt/airflow/dags/my_BranchDateTimeOperator_dag.py took 0.295 seconds
[2024-05-05T18:14:01.983+0000] {processor.py:154} INFO - Started process (PID=94) to work on /opt/airflow/dags/my_BranchDateTimeOperator_dag.py
[2024-05-05T18:14:01.984+0000] {processor.py:756} INFO - Processing file /opt/airflow/dags/my_BranchDateTimeOperator_dag.py for tasks to queue
[2024-05-05T18:14:01.984+0000] {logging_mixin.py:120} INFO - [2024-05-05T18:14:01.984+0000] {dagbag.py:537} INFO - Filling up the DagBag from /opt/airflow/dags/my_BranchDateTimeOperator_dag.py
[2024-05-05T18:14:01.999+0000] {processor.py:766} INFO - DAG(s) dict_keys(['my_BranchDateTimeOperator_dag']) retrieved from /opt/airflow/dags/my_BranchDateTimeOperator_dag.py
[2024-05-05T18:14:02.036+0000] {logging_mixin.py:120} INFO - [2024-05-05T18:14:02.036+0000] {dag.py:2585} INFO - Sync 1 DAGs
[2024-05-05T18:14:02.059+0000] {logging_mixin.py:120} INFO - [2024-05-05T18:14:02.059+0000] {dag.py:3340} INFO - Setting next_dagrun for my_BranchDateTimeOperator_dag to 2024-05-04T00:00:00+00:00, run_after=2024-05-05T00:00:00+00:00
[2024-05-05T18:14:02.082+0000] {processor.py:176} INFO - Processing /opt/airflow/dags/my_BranchDateTimeOperator_dag.py took 0.101 seconds
[2024-05-05T18:14:32.939+0000] {processor.py:154} INFO - Started process (PID=144) to work on /opt/airflow/dags/my_BranchDateTimeOperator_dag.py
[2024-05-05T18:14:32.942+0000] {processor.py:756} INFO - Processing file /opt/airflow/dags/my_BranchDateTimeOperator_dag.py for tasks to queue
[2024-05-05T18:14:32.948+0000] {logging_mixin.py:120} INFO - [2024-05-05T18:14:32.948+0000] {dagbag.py:537} INFO - Filling up the DagBag from /opt/airflow/dags/my_BranchDateTimeOperator_dag.py
[2024-05-05T18:14:32.979+0000] {processor.py:766} INFO - DAG(s) dict_keys(['my_BranchDateTimeOperator_dag']) retrieved from /opt/airflow/dags/my_BranchDateTimeOperator_dag.py
[2024-05-05T18:14:33.031+0000] {logging_mixin.py:120} INFO - [2024-05-05T18:14:33.031+0000] {dag.py:2585} INFO - Sync 1 DAGs
[2024-05-05T18:14:33.066+0000] {logging_mixin.py:120} INFO - [2024-05-05T18:14:33.066+0000] {dag.py:3340} INFO - Setting next_dagrun for my_BranchDateTimeOperator_dag to 2024-05-04T00:00:00+00:00, run_after=2024-05-05T00:00:00+00:00
[2024-05-05T18:14:33.091+0000] {processor.py:176} INFO - Processing /opt/airflow/dags/my_BranchDateTimeOperator_dag.py took 0.163 seconds
[2024-05-05T18:15:03.810+0000] {processor.py:154} INFO - Started process (PID=184) to work on /opt/airflow/dags/my_BranchDateTimeOperator_dag.py
[2024-05-05T18:15:03.811+0000] {processor.py:756} INFO - Processing file /opt/airflow/dags/my_BranchDateTimeOperator_dag.py for tasks to queue
[2024-05-05T18:15:03.811+0000] {logging_mixin.py:120} INFO - [2024-05-05T18:15:03.811+0000] {dagbag.py:537} INFO - Filling up the DagBag from /opt/airflow/dags/my_BranchDateTimeOperator_dag.py
[2024-05-05T18:15:03.829+0000] {processor.py:766} INFO - DAG(s) dict_keys(['my_BranchDateTimeOperator_dag']) retrieved from /opt/airflow/dags/my_BranchDateTimeOperator_dag.py
[2024-05-05T18:15:03.874+0000] {logging_mixin.py:120} INFO - [2024-05-05T18:15:03.874+0000] {dag.py:2585} INFO - Sync 1 DAGs
[2024-05-05T18:15:03.901+0000] {logging_mixin.py:120} INFO - [2024-05-05T18:15:03.901+0000] {dag.py:3340} INFO - Setting next_dagrun for my_BranchDateTimeOperator_dag to 2024-05-04T00:00:00+00:00, run_after=2024-05-05T00:00:00+00:00
[2024-05-05T18:15:03.921+0000] {processor.py:176} INFO - Processing /opt/airflow/dags/my_BranchDateTimeOperator_dag.py took 0.113 seconds
