[2024-05-05T18:11:32.282+0000] {processor.py:154} INFO - Started process (PID=84) to work on /opt/airflow/dags/my_python_dag.py
[2024-05-05T18:11:32.283+0000] {processor.py:756} INFO - Processing file /opt/airflow/dags/my_python_dag.py for tasks to queue
[2024-05-05T18:11:32.283+0000] {logging_mixin.py:120} INFO - [2024-05-05T18:11:32.283+0000] {dagbag.py:537} INFO - Filling up the DagBag from /opt/airflow/dags/my_python_dag.py
[2024-05-05T18:11:32.348+0000] {logging_mixin.py:120} WARNING - /home/airflow/.local/lib/python3.7/site-packages/airflow/configuration.py:549 DeprecationWarning: The sensitive_variable_fields option in [admin] has been moved to the sensitive_var_conn_names option in [core] - the old setting has been used, but please update your config.
[2024-05-05T18:11:32.358+0000] {processor.py:766} INFO - DAG(s) dict_keys(['my_python_dag']) retrieved from /opt/airflow/dags/my_python_dag.py
[2024-05-05T18:11:32.401+0000] {logging_mixin.py:120} INFO - [2024-05-05T18:11:32.400+0000] {dag.py:2585} INFO - Sync 1 DAGs
[2024-05-05T18:11:32.441+0000] {logging_mixin.py:120} INFO - [2024-05-05T18:11:32.441+0000] {dag.py:3340} INFO - Setting next_dagrun for my_python_dag to 2024-05-04T00:00:00+00:00, run_after=2024-05-05T00:00:00+00:00
[2024-05-05T18:11:32.472+0000] {processor.py:176} INFO - Processing /opt/airflow/dags/my_python_dag.py took 0.193 seconds
[2024-05-05T18:13:33.068+0000] {processor.py:154} INFO - Started process (PID=62) to work on /opt/airflow/dags/my_python_dag.py
[2024-05-05T18:13:33.082+0000] {processor.py:756} INFO - Processing file /opt/airflow/dags/my_python_dag.py for tasks to queue
[2024-05-05T18:13:33.083+0000] {logging_mixin.py:120} INFO - [2024-05-05T18:13:33.083+0000] {dagbag.py:537} INFO - Filling up the DagBag from /opt/airflow/dags/my_python_dag.py
[2024-05-05T18:13:33.136+0000] {logging_mixin.py:120} WARNING - /home/airflow/.local/lib/python3.7/site-packages/airflow/configuration.py:549 DeprecationWarning: The sensitive_variable_fields option in [admin] has been moved to the sensitive_var_conn_names option in [core] - the old setting has been used, but please update your config.
[2024-05-05T18:13:33.161+0000] {processor.py:766} INFO - DAG(s) dict_keys(['my_python_dag']) retrieved from /opt/airflow/dags/my_python_dag.py
[2024-05-05T18:13:33.321+0000] {logging_mixin.py:120} INFO - [2024-05-05T18:13:33.320+0000] {dag.py:2585} INFO - Sync 1 DAGs
[2024-05-05T18:13:33.397+0000] {logging_mixin.py:120} INFO - [2024-05-05T18:13:33.396+0000] {dag.py:3340} INFO - Setting next_dagrun for my_python_dag to 2024-05-04T00:00:00+00:00, run_after=2024-05-05T00:00:00+00:00
[2024-05-05T18:13:33.438+0000] {processor.py:176} INFO - Processing /opt/airflow/dags/my_python_dag.py took 0.381 seconds
[2024-05-05T18:14:03.466+0000] {processor.py:154} INFO - Started process (PID=100) to work on /opt/airflow/dags/my_python_dag.py
[2024-05-05T18:14:03.467+0000] {processor.py:756} INFO - Processing file /opt/airflow/dags/my_python_dag.py for tasks to queue
[2024-05-05T18:14:03.468+0000] {logging_mixin.py:120} INFO - [2024-05-05T18:14:03.468+0000] {dagbag.py:537} INFO - Filling up the DagBag from /opt/airflow/dags/my_python_dag.py
[2024-05-05T18:14:03.489+0000] {logging_mixin.py:120} WARNING - /home/airflow/.local/lib/python3.7/site-packages/airflow/configuration.py:549 DeprecationWarning: The sensitive_variable_fields option in [admin] has been moved to the sensitive_var_conn_names option in [core] - the old setting has been used, but please update your config.
[2024-05-05T18:14:03.497+0000] {processor.py:766} INFO - DAG(s) dict_keys(['my_python_dag']) retrieved from /opt/airflow/dags/my_python_dag.py
[2024-05-05T18:14:03.520+0000] {logging_mixin.py:120} INFO - [2024-05-05T18:14:03.520+0000] {dag.py:2585} INFO - Sync 1 DAGs
[2024-05-05T18:14:03.543+0000] {logging_mixin.py:120} INFO - [2024-05-05T18:14:03.542+0000] {dag.py:3340} INFO - Setting next_dagrun for my_python_dag to 2024-05-04T00:00:00+00:00, run_after=2024-05-05T00:00:00+00:00
[2024-05-05T18:14:03.561+0000] {processor.py:176} INFO - Processing /opt/airflow/dags/my_python_dag.py took 0.097 seconds
[2024-05-05T18:14:33.605+0000] {processor.py:154} INFO - Started process (PID=150) to work on /opt/airflow/dags/my_python_dag.py
[2024-05-05T18:14:33.606+0000] {processor.py:756} INFO - Processing file /opt/airflow/dags/my_python_dag.py for tasks to queue
[2024-05-05T18:14:33.606+0000] {logging_mixin.py:120} INFO - [2024-05-05T18:14:33.606+0000] {dagbag.py:537} INFO - Filling up the DagBag from /opt/airflow/dags/my_python_dag.py
[2024-05-05T18:14:33.625+0000] {logging_mixin.py:120} WARNING - /home/airflow/.local/lib/python3.7/site-packages/airflow/configuration.py:549 DeprecationWarning: The sensitive_variable_fields option in [admin] has been moved to the sensitive_var_conn_names option in [core] - the old setting has been used, but please update your config.
[2024-05-05T18:14:33.632+0000] {processor.py:766} INFO - DAG(s) dict_keys(['my_python_dag']) retrieved from /opt/airflow/dags/my_python_dag.py
[2024-05-05T18:14:33.656+0000] {logging_mixin.py:120} INFO - [2024-05-05T18:14:33.656+0000] {dag.py:2585} INFO - Sync 1 DAGs
[2024-05-05T18:14:33.688+0000] {logging_mixin.py:120} INFO - [2024-05-05T18:14:33.688+0000] {dag.py:3340} INFO - Setting next_dagrun for my_python_dag to 2024-05-04T00:00:00+00:00, run_after=2024-05-05T00:00:00+00:00
[2024-05-05T18:14:33.716+0000] {processor.py:176} INFO - Processing /opt/airflow/dags/my_python_dag.py took 0.113 seconds
[2024-05-05T18:15:04.281+0000] {processor.py:154} INFO - Started process (PID=190) to work on /opt/airflow/dags/my_python_dag.py
[2024-05-05T18:15:04.282+0000] {processor.py:756} INFO - Processing file /opt/airflow/dags/my_python_dag.py for tasks to queue
[2024-05-05T18:15:04.283+0000] {logging_mixin.py:120} INFO - [2024-05-05T18:15:04.283+0000] {dagbag.py:537} INFO - Filling up the DagBag from /opt/airflow/dags/my_python_dag.py
[2024-05-05T18:15:04.301+0000] {logging_mixin.py:120} WARNING - /home/airflow/.local/lib/python3.7/site-packages/airflow/configuration.py:549 DeprecationWarning: The sensitive_variable_fields option in [admin] has been moved to the sensitive_var_conn_names option in [core] - the old setting has been used, but please update your config.
[2024-05-05T18:15:04.307+0000] {processor.py:766} INFO - DAG(s) dict_keys(['my_python_dag']) retrieved from /opt/airflow/dags/my_python_dag.py
[2024-05-05T18:15:04.331+0000] {logging_mixin.py:120} INFO - [2024-05-05T18:15:04.331+0000] {dag.py:2585} INFO - Sync 1 DAGs
[2024-05-05T18:15:04.365+0000] {logging_mixin.py:120} INFO - [2024-05-05T18:15:04.364+0000] {dag.py:3340} INFO - Setting next_dagrun for my_python_dag to 2024-05-04T00:00:00+00:00, run_after=2024-05-05T00:00:00+00:00
[2024-05-05T18:15:04.389+0000] {processor.py:176} INFO - Processing /opt/airflow/dags/my_python_dag.py took 0.110 seconds
