[2024-05-05T18:11:32.171+0000] {processor.py:154} INFO - Started process (PID=83) to work on /opt/airflow/dags/my_python_TaskFlow_API_dag.py
[2024-05-05T18:11:32.180+0000] {processor.py:756} INFO - Processing file /opt/airflow/dags/my_python_TaskFlow_API_dag.py for tasks to queue
[2024-05-05T18:11:32.194+0000] {logging_mixin.py:120} INFO - [2024-05-05T18:11:32.194+0000] {dagbag.py:537} INFO - Filling up the DagBag from /opt/airflow/dags/my_python_TaskFlow_API_dag.py
[2024-05-05T18:11:32.348+0000] {logging_mixin.py:120} WARNING - /home/airflow/.local/lib/python3.7/site-packages/airflow/configuration.py:549 DeprecationWarning: The sensitive_variable_fields option in [admin] has been moved to the sensitive_var_conn_names option in [core] - the old setting has been used, but please update your config.
[2024-05-05T18:11:32.396+0000] {processor.py:766} INFO - DAG(s) dict_keys(['my_python_TaskFlow_API_dag']) retrieved from /opt/airflow/dags/my_python_TaskFlow_API_dag.py
[2024-05-05T18:11:32.512+0000] {logging_mixin.py:120} INFO - [2024-05-05T18:11:32.512+0000] {dag.py:2585} INFO - Sync 1 DAGs
[2024-05-05T18:11:32.556+0000] {logging_mixin.py:120} INFO - [2024-05-05T18:11:32.556+0000] {dag.py:3340} INFO - Setting next_dagrun for my_python_TaskFlow_API_dag to 2024-05-04T00:00:00+00:00, run_after=2024-05-05T00:00:00+00:00
[2024-05-05T18:11:32.607+0000] {processor.py:176} INFO - Processing /opt/airflow/dags/my_python_TaskFlow_API_dag.py took 0.440 seconds
[2024-05-05T18:13:32.986+0000] {processor.py:154} INFO - Started process (PID=61) to work on /opt/airflow/dags/my_python_TaskFlow_API_dag.py
[2024-05-05T18:13:32.987+0000] {processor.py:756} INFO - Processing file /opt/airflow/dags/my_python_TaskFlow_API_dag.py for tasks to queue
[2024-05-05T18:13:32.988+0000] {logging_mixin.py:120} INFO - [2024-05-05T18:13:32.988+0000] {dagbag.py:537} INFO - Filling up the DagBag from /opt/airflow/dags/my_python_TaskFlow_API_dag.py
[2024-05-05T18:13:33.170+0000] {logging_mixin.py:120} WARNING - /home/airflow/.local/lib/python3.7/site-packages/airflow/configuration.py:549 DeprecationWarning: The sensitive_variable_fields option in [admin] has been moved to the sensitive_var_conn_names option in [core] - the old setting has been used, but please update your config.
[2024-05-05T18:13:33.229+0000] {processor.py:766} INFO - DAG(s) dict_keys(['my_python_TaskFlow_API_dag']) retrieved from /opt/airflow/dags/my_python_TaskFlow_API_dag.py
[2024-05-05T18:13:33.375+0000] {logging_mixin.py:120} INFO - [2024-05-05T18:13:33.374+0000] {dag.py:2585} INFO - Sync 1 DAGs
[2024-05-05T18:13:33.440+0000] {logging_mixin.py:120} INFO - [2024-05-05T18:13:33.440+0000] {dag.py:3340} INFO - Setting next_dagrun for my_python_TaskFlow_API_dag to 2024-05-04T00:00:00+00:00, run_after=2024-05-05T00:00:00+00:00
[2024-05-05T18:13:33.551+0000] {processor.py:176} INFO - Processing /opt/airflow/dags/my_python_TaskFlow_API_dag.py took 0.591 seconds
[2024-05-05T18:14:04.474+0000] {processor.py:154} INFO - Started process (PID=101) to work on /opt/airflow/dags/my_python_TaskFlow_API_dag.py
[2024-05-05T18:14:04.475+0000] {processor.py:756} INFO - Processing file /opt/airflow/dags/my_python_TaskFlow_API_dag.py for tasks to queue
[2024-05-05T18:14:04.475+0000] {logging_mixin.py:120} INFO - [2024-05-05T18:14:04.475+0000] {dagbag.py:537} INFO - Filling up the DagBag from /opt/airflow/dags/my_python_TaskFlow_API_dag.py
[2024-05-05T18:14:04.508+0000] {logging_mixin.py:120} WARNING - /home/airflow/.local/lib/python3.7/site-packages/airflow/configuration.py:549 DeprecationWarning: The sensitive_variable_fields option in [admin] has been moved to the sensitive_var_conn_names option in [core] - the old setting has been used, but please update your config.
[2024-05-05T18:14:04.520+0000] {processor.py:766} INFO - DAG(s) dict_keys(['my_python_TaskFlow_API_dag']) retrieved from /opt/airflow/dags/my_python_TaskFlow_API_dag.py
[2024-05-05T18:14:04.550+0000] {logging_mixin.py:120} INFO - [2024-05-05T18:14:04.550+0000] {dag.py:2585} INFO - Sync 1 DAGs
[2024-05-05T18:14:04.582+0000] {logging_mixin.py:120} INFO - [2024-05-05T18:14:04.582+0000] {dag.py:3340} INFO - Setting next_dagrun for my_python_TaskFlow_API_dag to 2024-05-04T00:00:00+00:00, run_after=2024-05-05T00:00:00+00:00
[2024-05-05T18:14:04.604+0000] {processor.py:176} INFO - Processing /opt/airflow/dags/my_python_TaskFlow_API_dag.py took 0.133 seconds
[2024-05-05T18:14:34.735+0000] {processor.py:154} INFO - Started process (PID=151) to work on /opt/airflow/dags/my_python_TaskFlow_API_dag.py
[2024-05-05T18:14:34.735+0000] {processor.py:756} INFO - Processing file /opt/airflow/dags/my_python_TaskFlow_API_dag.py for tasks to queue
[2024-05-05T18:14:34.736+0000] {logging_mixin.py:120} INFO - [2024-05-05T18:14:34.736+0000] {dagbag.py:537} INFO - Filling up the DagBag from /opt/airflow/dags/my_python_TaskFlow_API_dag.py
[2024-05-05T18:14:34.774+0000] {logging_mixin.py:120} WARNING - /home/airflow/.local/lib/python3.7/site-packages/airflow/configuration.py:549 DeprecationWarning: The sensitive_variable_fields option in [admin] has been moved to the sensitive_var_conn_names option in [core] - the old setting has been used, but please update your config.
[2024-05-05T18:14:34.786+0000] {processor.py:766} INFO - DAG(s) dict_keys(['my_python_TaskFlow_API_dag']) retrieved from /opt/airflow/dags/my_python_TaskFlow_API_dag.py
[2024-05-05T18:14:34.823+0000] {logging_mixin.py:120} INFO - [2024-05-05T18:14:34.823+0000] {dag.py:2585} INFO - Sync 1 DAGs
[2024-05-05T18:14:34.858+0000] {logging_mixin.py:120} INFO - [2024-05-05T18:14:34.858+0000] {dag.py:3340} INFO - Setting next_dagrun for my_python_TaskFlow_API_dag to 2024-05-04T00:00:00+00:00, run_after=2024-05-05T00:00:00+00:00
[2024-05-05T18:14:34.885+0000] {processor.py:176} INFO - Processing /opt/airflow/dags/my_python_TaskFlow_API_dag.py took 0.153 seconds
[2024-05-05T18:15:05.301+0000] {processor.py:154} INFO - Started process (PID=191) to work on /opt/airflow/dags/my_python_TaskFlow_API_dag.py
[2024-05-05T18:15:05.302+0000] {processor.py:756} INFO - Processing file /opt/airflow/dags/my_python_TaskFlow_API_dag.py for tasks to queue
[2024-05-05T18:15:05.303+0000] {logging_mixin.py:120} INFO - [2024-05-05T18:15:05.303+0000] {dagbag.py:537} INFO - Filling up the DagBag from /opt/airflow/dags/my_python_TaskFlow_API_dag.py
[2024-05-05T18:15:05.340+0000] {logging_mixin.py:120} WARNING - /home/airflow/.local/lib/python3.7/site-packages/airflow/configuration.py:549 DeprecationWarning: The sensitive_variable_fields option in [admin] has been moved to the sensitive_var_conn_names option in [core] - the old setting has been used, but please update your config.
[2024-05-05T18:15:05.353+0000] {processor.py:766} INFO - DAG(s) dict_keys(['my_python_TaskFlow_API_dag']) retrieved from /opt/airflow/dags/my_python_TaskFlow_API_dag.py
[2024-05-05T18:15:05.388+0000] {logging_mixin.py:120} INFO - [2024-05-05T18:15:05.388+0000] {dag.py:2585} INFO - Sync 1 DAGs
[2024-05-05T18:15:05.417+0000] {logging_mixin.py:120} INFO - [2024-05-05T18:15:05.417+0000] {dag.py:3340} INFO - Setting next_dagrun for my_python_TaskFlow_API_dag to 2024-05-04T00:00:00+00:00, run_after=2024-05-05T00:00:00+00:00
[2024-05-05T18:15:05.439+0000] {processor.py:176} INFO - Processing /opt/airflow/dags/my_python_TaskFlow_API_dag.py took 0.141 seconds
[2024-05-05T18:15:36.139+0000] {processor.py:154} INFO - Started process (PID=239) to work on /opt/airflow/dags/my_python_TaskFlow_API_dag.py
[2024-05-05T18:15:36.140+0000] {processor.py:756} INFO - Processing file /opt/airflow/dags/my_python_TaskFlow_API_dag.py for tasks to queue
[2024-05-05T18:15:36.140+0000] {logging_mixin.py:120} INFO - [2024-05-05T18:15:36.140+0000] {dagbag.py:537} INFO - Filling up the DagBag from /opt/airflow/dags/my_python_TaskFlow_API_dag.py
[2024-05-05T18:15:36.167+0000] {logging_mixin.py:120} WARNING - /home/airflow/.local/lib/python3.7/site-packages/airflow/configuration.py:549 DeprecationWarning: The sensitive_variable_fields option in [admin] has been moved to the sensitive_var_conn_names option in [core] - the old setting has been used, but please update your config.
[2024-05-05T18:15:36.177+0000] {processor.py:766} INFO - DAG(s) dict_keys(['my_python_TaskFlow_API_dag']) retrieved from /opt/airflow/dags/my_python_TaskFlow_API_dag.py
[2024-05-05T18:15:36.200+0000] {logging_mixin.py:120} INFO - [2024-05-05T18:15:36.200+0000] {dag.py:2585} INFO - Sync 1 DAGs
[2024-05-05T18:15:36.225+0000] {logging_mixin.py:120} INFO - [2024-05-05T18:15:36.225+0000] {dag.py:3340} INFO - Setting next_dagrun for my_python_TaskFlow_API_dag to 2024-05-04T00:00:00+00:00, run_after=2024-05-05T00:00:00+00:00
[2024-05-05T18:15:36.249+0000] {processor.py:176} INFO - Processing /opt/airflow/dags/my_python_TaskFlow_API_dag.py took 0.112 seconds
