[2024-05-05T18:11:29.766+0000] {processor.py:154} INFO - Started process (PID=58) to work on /opt/airflow/dags/newsletter_dag.py
[2024-05-05T18:11:29.766+0000] {processor.py:756} INFO - Processing file /opt/airflow/dags/newsletter_dag.py for tasks to queue
[2024-05-05T18:11:29.767+0000] {logging_mixin.py:120} INFO - [2024-05-05T18:11:29.767+0000] {dagbag.py:537} INFO - Filling up the DagBag from /opt/airflow/dags/newsletter_dag.py
[2024-05-05T18:11:29.851+0000] {processor.py:766} INFO - DAG(s) dict_keys(['newsletter_dag']) retrieved from /opt/airflow/dags/newsletter_dag.py
[2024-05-05T18:11:29.994+0000] {logging_mixin.py:120} INFO - [2024-05-05T18:11:29.992+0000] {dag.py:2585} INFO - Sync 1 DAGs
[2024-05-05T18:11:30.057+0000] {logging_mixin.py:120} INFO - [2024-05-05T18:11:30.057+0000] {dag.py:3340} INFO - Setting next_dagrun for newsletter_dag to 2024-05-02T00:00:00+00:00, run_after=2024-05-03T00:00:00+00:00
[2024-05-05T18:11:30.092+0000] {processor.py:176} INFO - Processing /opt/airflow/dags/newsletter_dag.py took 0.329 seconds
[2024-05-05T18:12:56.764+0000] {processor.py:154} INFO - Started process (PID=57) to work on /opt/airflow/dags/newsletter_dag.py
[2024-05-05T18:12:56.772+0000] {processor.py:756} INFO - Processing file /opt/airflow/dags/newsletter_dag.py for tasks to queue
[2024-05-05T18:12:56.773+0000] {logging_mixin.py:120} INFO - [2024-05-05T18:12:56.773+0000] {dagbag.py:537} INFO - Filling up the DagBag from /opt/airflow/dags/newsletter_dag.py
[2024-05-05T18:12:56.967+0000] {processor.py:766} INFO - DAG(s) dict_keys(['newsletter_dag']) retrieved from /opt/airflow/dags/newsletter_dag.py
[2024-05-05T18:12:57.249+0000] {logging_mixin.py:120} INFO - [2024-05-05T18:12:57.248+0000] {dag.py:2585} INFO - Sync 1 DAGs
[2024-05-05T18:12:57.432+0000] {logging_mixin.py:120} INFO - [2024-05-05T18:12:57.432+0000] {dag.py:3340} INFO - Setting next_dagrun for newsletter_dag to 2024-05-02T00:00:00+00:00, run_after=2024-05-03T00:00:00+00:00
[2024-05-05T18:12:57.683+0000] {processor.py:176} INFO - Processing /opt/airflow/dags/newsletter_dag.py took 0.935 seconds
[2024-05-05T18:13:29.967+0000] {processor.py:154} INFO - Started process (PID=35) to work on /opt/airflow/dags/newsletter_dag.py
[2024-05-05T18:13:29.977+0000] {processor.py:756} INFO - Processing file /opt/airflow/dags/newsletter_dag.py for tasks to queue
[2024-05-05T18:13:29.978+0000] {logging_mixin.py:120} INFO - [2024-05-05T18:13:29.978+0000] {dagbag.py:537} INFO - Filling up the DagBag from /opt/airflow/dags/newsletter_dag.py
[2024-05-05T18:13:30.000+0000] {processor.py:766} INFO - DAG(s) dict_keys(['newsletter_dag']) retrieved from /opt/airflow/dags/newsletter_dag.py
[2024-05-05T18:13:30.049+0000] {logging_mixin.py:120} INFO - [2024-05-05T18:13:30.049+0000] {dag.py:2585} INFO - Sync 1 DAGs
[2024-05-05T18:13:30.084+0000] {logging_mixin.py:120} INFO - [2024-05-05T18:13:30.084+0000] {dag.py:3340} INFO - Setting next_dagrun for newsletter_dag to 2024-05-02T00:00:00+00:00, run_after=2024-05-03T00:00:00+00:00
[2024-05-05T18:13:30.118+0000] {processor.py:176} INFO - Processing /opt/airflow/dags/newsletter_dag.py took 0.154 seconds
[2024-05-05T18:14:00.177+0000] {processor.py:154} INFO - Started process (PID=83) to work on /opt/airflow/dags/newsletter_dag.py
[2024-05-05T18:14:00.178+0000] {processor.py:756} INFO - Processing file /opt/airflow/dags/newsletter_dag.py for tasks to queue
[2024-05-05T18:14:00.179+0000] {logging_mixin.py:120} INFO - [2024-05-05T18:14:00.179+0000] {dagbag.py:537} INFO - Filling up the DagBag from /opt/airflow/dags/newsletter_dag.py
[2024-05-05T18:14:00.198+0000] {processor.py:766} INFO - DAG(s) dict_keys(['newsletter_dag']) retrieved from /opt/airflow/dags/newsletter_dag.py
[2024-05-05T18:14:00.245+0000] {logging_mixin.py:120} INFO - [2024-05-05T18:14:00.245+0000] {dag.py:2585} INFO - Sync 1 DAGs
[2024-05-05T18:14:00.282+0000] {logging_mixin.py:120} INFO - [2024-05-05T18:14:00.282+0000] {dag.py:3340} INFO - Setting next_dagrun for newsletter_dag to 2024-05-02T00:00:00+00:00, run_after=2024-05-03T00:00:00+00:00
[2024-05-05T18:14:00.322+0000] {processor.py:176} INFO - Processing /opt/airflow/dags/newsletter_dag.py took 0.148 seconds
[2024-05-05T18:14:30.723+0000] {processor.py:154} INFO - Started process (PID=123) to work on /opt/airflow/dags/newsletter_dag.py
[2024-05-05T18:14:30.730+0000] {processor.py:756} INFO - Processing file /opt/airflow/dags/newsletter_dag.py for tasks to queue
[2024-05-05T18:14:30.731+0000] {logging_mixin.py:120} INFO - [2024-05-05T18:14:30.731+0000] {dagbag.py:537} INFO - Filling up the DagBag from /opt/airflow/dags/newsletter_dag.py
[2024-05-05T18:14:30.752+0000] {processor.py:766} INFO - DAG(s) dict_keys(['newsletter_dag']) retrieved from /opt/airflow/dags/newsletter_dag.py
[2024-05-05T18:14:30.824+0000] {logging_mixin.py:120} INFO - [2024-05-05T18:14:30.824+0000] {dag.py:2585} INFO - Sync 1 DAGs
[2024-05-05T18:14:30.859+0000] {logging_mixin.py:120} INFO - [2024-05-05T18:14:30.859+0000] {dag.py:3340} INFO - Setting next_dagrun for newsletter_dag to 2024-05-02T00:00:00+00:00, run_after=2024-05-03T00:00:00+00:00
[2024-05-05T18:14:30.885+0000] {processor.py:176} INFO - Processing /opt/airflow/dags/newsletter_dag.py took 0.166 seconds
[2024-05-05T18:15:01.003+0000] {processor.py:154} INFO - Started process (PID=173) to work on /opt/airflow/dags/newsletter_dag.py
[2024-05-05T18:15:01.003+0000] {processor.py:756} INFO - Processing file /opt/airflow/dags/newsletter_dag.py for tasks to queue
[2024-05-05T18:15:01.004+0000] {logging_mixin.py:120} INFO - [2024-05-05T18:15:01.004+0000] {dagbag.py:537} INFO - Filling up the DagBag from /opt/airflow/dags/newsletter_dag.py
[2024-05-05T18:15:01.023+0000] {processor.py:766} INFO - DAG(s) dict_keys(['newsletter_dag']) retrieved from /opt/airflow/dags/newsletter_dag.py
[2024-05-05T18:15:01.069+0000] {logging_mixin.py:120} INFO - [2024-05-05T18:15:01.069+0000] {dag.py:2585} INFO - Sync 1 DAGs
[2024-05-05T18:15:01.103+0000] {logging_mixin.py:120} INFO - [2024-05-05T18:15:01.103+0000] {dag.py:3340} INFO - Setting next_dagrun for newsletter_dag to 2024-05-02T00:00:00+00:00, run_after=2024-05-03T00:00:00+00:00
[2024-05-05T18:15:01.129+0000] {processor.py:176} INFO - Processing /opt/airflow/dags/newsletter_dag.py took 0.129 seconds
[2024-05-05T18:15:31.568+0000] {processor.py:154} INFO - Started process (PID=221) to work on /opt/airflow/dags/newsletter_dag.py
[2024-05-05T18:15:31.569+0000] {processor.py:756} INFO - Processing file /opt/airflow/dags/newsletter_dag.py for tasks to queue
[2024-05-05T18:15:31.570+0000] {logging_mixin.py:120} INFO - [2024-05-05T18:15:31.570+0000] {dagbag.py:537} INFO - Filling up the DagBag from /opt/airflow/dags/newsletter_dag.py
[2024-05-05T18:15:31.615+0000] {processor.py:766} INFO - DAG(s) dict_keys(['newsletter_dag']) retrieved from /opt/airflow/dags/newsletter_dag.py
[2024-05-05T18:15:31.758+0000] {logging_mixin.py:120} INFO - [2024-05-05T18:15:31.758+0000] {dag.py:2585} INFO - Sync 1 DAGs
[2024-05-05T18:15:31.823+0000] {logging_mixin.py:120} INFO - [2024-05-05T18:15:31.823+0000] {dag.py:3340} INFO - Setting next_dagrun for newsletter_dag to 2024-05-02T00:00:00+00:00, run_after=2024-05-03T00:00:00+00:00
[2024-05-05T18:15:31.867+0000] {processor.py:176} INFO - Processing /opt/airflow/dags/newsletter_dag.py took 0.303 seconds
[2024-05-05T18:16:02.373+0000] {processor.py:154} INFO - Started process (PID=267) to work on /opt/airflow/dags/newsletter_dag.py
[2024-05-05T18:16:02.374+0000] {processor.py:756} INFO - Processing file /opt/airflow/dags/newsletter_dag.py for tasks to queue
[2024-05-05T18:16:02.379+0000] {logging_mixin.py:120} INFO - [2024-05-05T18:16:02.379+0000] {dagbag.py:537} INFO - Filling up the DagBag from /opt/airflow/dags/newsletter_dag.py
[2024-05-05T18:16:02.414+0000] {processor.py:766} INFO - DAG(s) dict_keys(['newsletter_dag']) retrieved from /opt/airflow/dags/newsletter_dag.py
[2024-05-05T18:16:02.487+0000] {logging_mixin.py:120} INFO - [2024-05-05T18:16:02.486+0000] {dag.py:2585} INFO - Sync 1 DAGs
[2024-05-05T18:16:02.522+0000] {logging_mixin.py:120} INFO - [2024-05-05T18:16:02.522+0000] {dag.py:3340} INFO - Setting next_dagrun for newsletter_dag to 2024-05-02T00:00:00+00:00, run_after=2024-05-03T00:00:00+00:00
[2024-05-05T18:16:02.556+0000] {processor.py:176} INFO - Processing /opt/airflow/dags/newsletter_dag.py took 0.186 seconds
