[2024-05-05T18:11:30.667+0000] {processor.py:154} INFO - Started process (PID=65) to work on /opt/airflow/dags/parent_of_subdag.py
[2024-05-05T18:11:30.668+0000] {processor.py:756} INFO - Processing file /opt/airflow/dags/parent_of_subdag.py for tasks to queue
[2024-05-05T18:11:30.668+0000] {logging_mixin.py:120} INFO - [2024-05-05T18:11:30.668+0000] {dagbag.py:537} INFO - Filling up the DagBag from /opt/airflow/dags/parent_of_subdag.py
[2024-05-05T18:11:30.695+0000] {processor.py:766} INFO - DAG(s) dict_keys(['parent_of_subdag.group_training_tasks_3', 'parent_of_subdag.group_training_tasks_2', 'parent_of_subdag.group_training_tasks', 'parent_of_subdag']) retrieved from /opt/airflow/dags/parent_of_subdag.py
[2024-05-05T18:11:31.116+0000] {logging_mixin.py:120} INFO - [2024-05-05T18:11:31.116+0000] {dag.py:2585} INFO - Sync 4 DAGs
[2024-05-05T18:11:31.169+0000] {logging_mixin.py:120} INFO - [2024-05-05T18:11:31.168+0000] {dag.py:3340} INFO - Setting next_dagrun for parent_of_subdag to 2024-05-04T00:00:00+00:00, run_after=2024-05-05T00:00:00+00:00
[2024-05-05T18:11:31.175+0000] {logging_mixin.py:120} INFO - [2024-05-05T18:11:31.175+0000] {dag.py:3340} INFO - Setting next_dagrun for parent_of_subdag.group_training_tasks to None, run_after=None
[2024-05-05T18:11:31.176+0000] {logging_mixin.py:120} INFO - [2024-05-05T18:11:31.176+0000] {dag.py:3340} INFO - Setting next_dagrun for parent_of_subdag.group_training_tasks_2 to None, run_after=None
[2024-05-05T18:11:31.178+0000] {logging_mixin.py:120} INFO - [2024-05-05T18:11:31.177+0000] {dag.py:3340} INFO - Setting next_dagrun for parent_of_subdag.group_training_tasks_3 to None, run_after=None
[2024-05-05T18:11:31.187+0000] {logging_mixin.py:120} INFO - [2024-05-05T18:11:31.187+0000] {dag.py:2585} INFO - Sync 3 DAGs
[2024-05-05T18:11:31.194+0000] {logging_mixin.py:120} INFO - [2024-05-05T18:11:31.194+0000] {dag.py:3340} INFO - Setting next_dagrun for parent_of_subdag.group_training_tasks to None, run_after=None
[2024-05-05T18:11:31.194+0000] {logging_mixin.py:120} INFO - [2024-05-05T18:11:31.194+0000] {dag.py:3340} INFO - Setting next_dagrun for parent_of_subdag.group_training_tasks_2 to None, run_after=None
[2024-05-05T18:11:31.195+0000] {logging_mixin.py:120} INFO - [2024-05-05T18:11:31.195+0000] {dag.py:3340} INFO - Setting next_dagrun for parent_of_subdag.group_training_tasks_3 to None, run_after=None
[2024-05-05T18:11:31.222+0000] {processor.py:176} INFO - Processing /opt/airflow/dags/parent_of_subdag.py took 0.558 seconds
[2024-05-05T18:12:59.528+0000] {processor.py:154} INFO - Started process (PID=64) to work on /opt/airflow/dags/parent_of_subdag.py
[2024-05-05T18:12:59.550+0000] {processor.py:756} INFO - Processing file /opt/airflow/dags/parent_of_subdag.py for tasks to queue
[2024-05-05T18:12:59.551+0000] {logging_mixin.py:120} INFO - [2024-05-05T18:12:59.551+0000] {dagbag.py:537} INFO - Filling up the DagBag from /opt/airflow/dags/parent_of_subdag.py
[2024-05-05T18:12:59.596+0000] {processor.py:766} INFO - DAG(s) dict_keys(['parent_of_subdag.group_training_tasks', 'parent_of_subdag.group_training_tasks_3', 'parent_of_subdag.group_training_tasks_2', 'parent_of_subdag']) retrieved from /opt/airflow/dags/parent_of_subdag.py
[2024-05-05T18:13:30.843+0000] {processor.py:154} INFO - Started process (PID=42) to work on /opt/airflow/dags/parent_of_subdag.py
[2024-05-05T18:13:30.844+0000] {processor.py:756} INFO - Processing file /opt/airflow/dags/parent_of_subdag.py for tasks to queue
[2024-05-05T18:13:30.844+0000] {logging_mixin.py:120} INFO - [2024-05-05T18:13:30.844+0000] {dagbag.py:537} INFO - Filling up the DagBag from /opt/airflow/dags/parent_of_subdag.py
[2024-05-05T18:13:30.865+0000] {processor.py:766} INFO - DAG(s) dict_keys(['parent_of_subdag.group_training_tasks', 'parent_of_subdag.group_training_tasks_2', 'parent_of_subdag.group_training_tasks_3', 'parent_of_subdag']) retrieved from /opt/airflow/dags/parent_of_subdag.py
[2024-05-05T18:13:31.060+0000] {logging_mixin.py:120} INFO - [2024-05-05T18:13:31.060+0000] {dag.py:2585} INFO - Sync 4 DAGs
[2024-05-05T18:13:31.090+0000] {logging_mixin.py:120} INFO - [2024-05-05T18:13:31.090+0000] {dag.py:3340} INFO - Setting next_dagrun for parent_of_subdag to 2024-05-04T00:00:00+00:00, run_after=2024-05-05T00:00:00+00:00
[2024-05-05T18:13:31.093+0000] {logging_mixin.py:120} INFO - [2024-05-05T18:13:31.093+0000] {dag.py:3340} INFO - Setting next_dagrun for parent_of_subdag.group_training_tasks to None, run_after=None
[2024-05-05T18:13:31.094+0000] {logging_mixin.py:120} INFO - [2024-05-05T18:13:31.093+0000] {dag.py:3340} INFO - Setting next_dagrun for parent_of_subdag.group_training_tasks_2 to None, run_after=None
[2024-05-05T18:13:31.095+0000] {logging_mixin.py:120} INFO - [2024-05-05T18:13:31.095+0000] {dag.py:3340} INFO - Setting next_dagrun for parent_of_subdag.group_training_tasks_3 to None, run_after=None
[2024-05-05T18:13:31.100+0000] {logging_mixin.py:120} INFO - [2024-05-05T18:13:31.100+0000] {dag.py:2585} INFO - Sync 3 DAGs
[2024-05-05T18:13:31.106+0000] {logging_mixin.py:120} INFO - [2024-05-05T18:13:31.106+0000] {dag.py:3340} INFO - Setting next_dagrun for parent_of_subdag.group_training_tasks to None, run_after=None
[2024-05-05T18:13:31.106+0000] {logging_mixin.py:120} INFO - [2024-05-05T18:13:31.106+0000] {dag.py:3340} INFO - Setting next_dagrun for parent_of_subdag.group_training_tasks_2 to None, run_after=None
[2024-05-05T18:13:31.107+0000] {logging_mixin.py:120} INFO - [2024-05-05T18:13:31.107+0000] {dag.py:3340} INFO - Setting next_dagrun for parent_of_subdag.group_training_tasks_3 to None, run_after=None
[2024-05-05T18:13:31.138+0000] {processor.py:176} INFO - Processing /opt/airflow/dags/parent_of_subdag.py took 0.298 seconds
[2024-05-05T18:14:01.723+0000] {processor.py:154} INFO - Started process (PID=90) to work on /opt/airflow/dags/parent_of_subdag.py
[2024-05-05T18:14:01.724+0000] {processor.py:756} INFO - Processing file /opt/airflow/dags/parent_of_subdag.py for tasks to queue
[2024-05-05T18:14:01.724+0000] {logging_mixin.py:120} INFO - [2024-05-05T18:14:01.724+0000] {dagbag.py:537} INFO - Filling up the DagBag from /opt/airflow/dags/parent_of_subdag.py
[2024-05-05T18:14:01.742+0000] {processor.py:766} INFO - DAG(s) dict_keys(['parent_of_subdag.group_training_tasks_3', 'parent_of_subdag.group_training_tasks', 'parent_of_subdag.group_training_tasks_2', 'parent_of_subdag']) retrieved from /opt/airflow/dags/parent_of_subdag.py
[2024-05-05T18:14:01.911+0000] {logging_mixin.py:120} INFO - [2024-05-05T18:14:01.911+0000] {dag.py:2585} INFO - Sync 4 DAGs
[2024-05-05T18:14:01.932+0000] {logging_mixin.py:120} INFO - [2024-05-05T18:14:01.932+0000] {dag.py:3340} INFO - Setting next_dagrun for parent_of_subdag to 2024-05-04T00:00:00+00:00, run_after=2024-05-05T00:00:00+00:00
[2024-05-05T18:14:01.935+0000] {logging_mixin.py:120} INFO - [2024-05-05T18:14:01.935+0000] {dag.py:3340} INFO - Setting next_dagrun for parent_of_subdag.group_training_tasks to None, run_after=None
[2024-05-05T18:14:01.936+0000] {logging_mixin.py:120} INFO - [2024-05-05T18:14:01.936+0000] {dag.py:3340} INFO - Setting next_dagrun for parent_of_subdag.group_training_tasks_2 to None, run_after=None
[2024-05-05T18:14:01.937+0000] {logging_mixin.py:120} INFO - [2024-05-05T18:14:01.937+0000] {dag.py:3340} INFO - Setting next_dagrun for parent_of_subdag.group_training_tasks_3 to None, run_after=None
[2024-05-05T18:14:01.942+0000] {logging_mixin.py:120} INFO - [2024-05-05T18:14:01.941+0000] {dag.py:2585} INFO - Sync 3 DAGs
[2024-05-05T18:14:01.946+0000] {logging_mixin.py:120} INFO - [2024-05-05T18:14:01.946+0000] {dag.py:3340} INFO - Setting next_dagrun for parent_of_subdag.group_training_tasks to None, run_after=None
[2024-05-05T18:14:01.946+0000] {logging_mixin.py:120} INFO - [2024-05-05T18:14:01.946+0000] {dag.py:3340} INFO - Setting next_dagrun for parent_of_subdag.group_training_tasks_2 to None, run_after=None
[2024-05-05T18:14:01.947+0000] {logging_mixin.py:120} INFO - [2024-05-05T18:14:01.947+0000] {dag.py:3340} INFO - Setting next_dagrun for parent_of_subdag.group_training_tasks_3 to None, run_after=None
[2024-05-05T18:14:01.963+0000] {processor.py:176} INFO - Processing /opt/airflow/dags/parent_of_subdag.py took 0.242 seconds
[2024-05-05T18:14:32.675+0000] {processor.py:154} INFO - Started process (PID=142) to work on /opt/airflow/dags/parent_of_subdag.py
[2024-05-05T18:14:32.676+0000] {processor.py:756} INFO - Processing file /opt/airflow/dags/parent_of_subdag.py for tasks to queue
[2024-05-05T18:14:32.677+0000] {logging_mixin.py:120} INFO - [2024-05-05T18:14:32.677+0000] {dagbag.py:537} INFO - Filling up the DagBag from /opt/airflow/dags/parent_of_subdag.py
[2024-05-05T18:14:32.702+0000] {processor.py:766} INFO - DAG(s) dict_keys(['parent_of_subdag.group_training_tasks_2', 'parent_of_subdag.group_training_tasks', 'parent_of_subdag.group_training_tasks_3', 'parent_of_subdag']) retrieved from /opt/airflow/dags/parent_of_subdag.py
[2024-05-05T18:14:32.991+0000] {logging_mixin.py:120} INFO - [2024-05-05T18:14:32.990+0000] {dag.py:2585} INFO - Sync 4 DAGs
[2024-05-05T18:14:33.024+0000] {logging_mixin.py:120} INFO - [2024-05-05T18:14:33.024+0000] {dag.py:3340} INFO - Setting next_dagrun for parent_of_subdag to 2024-05-04T00:00:00+00:00, run_after=2024-05-05T00:00:00+00:00
[2024-05-05T18:14:33.028+0000] {logging_mixin.py:120} INFO - [2024-05-05T18:14:33.028+0000] {dag.py:3340} INFO - Setting next_dagrun for parent_of_subdag.group_training_tasks to None, run_after=None
[2024-05-05T18:14:33.029+0000] {logging_mixin.py:120} INFO - [2024-05-05T18:14:33.029+0000] {dag.py:3340} INFO - Setting next_dagrun for parent_of_subdag.group_training_tasks_2 to None, run_after=None
[2024-05-05T18:14:33.031+0000] {logging_mixin.py:120} INFO - [2024-05-05T18:14:33.030+0000] {dag.py:3340} INFO - Setting next_dagrun for parent_of_subdag.group_training_tasks_3 to None, run_after=None
[2024-05-05T18:14:33.037+0000] {logging_mixin.py:120} INFO - [2024-05-05T18:14:33.037+0000] {dag.py:2585} INFO - Sync 3 DAGs
[2024-05-05T18:14:33.045+0000] {logging_mixin.py:120} INFO - [2024-05-05T18:14:33.044+0000] {dag.py:3340} INFO - Setting next_dagrun for parent_of_subdag.group_training_tasks to None, run_after=None
[2024-05-05T18:14:33.045+0000] {logging_mixin.py:120} INFO - [2024-05-05T18:14:33.045+0000] {dag.py:3340} INFO - Setting next_dagrun for parent_of_subdag.group_training_tasks_2 to None, run_after=None
[2024-05-05T18:14:33.046+0000] {logging_mixin.py:120} INFO - [2024-05-05T18:14:33.045+0000] {dag.py:3340} INFO - Setting next_dagrun for parent_of_subdag.group_training_tasks_3 to None, run_after=None
[2024-05-05T18:14:33.067+0000] {processor.py:176} INFO - Processing /opt/airflow/dags/parent_of_subdag.py took 0.395 seconds
[2024-05-05T18:15:03.532+0000] {processor.py:154} INFO - Started process (PID=180) to work on /opt/airflow/dags/parent_of_subdag.py
[2024-05-05T18:15:03.533+0000] {processor.py:756} INFO - Processing file /opt/airflow/dags/parent_of_subdag.py for tasks to queue
[2024-05-05T18:15:03.533+0000] {logging_mixin.py:120} INFO - [2024-05-05T18:15:03.533+0000] {dagbag.py:537} INFO - Filling up the DagBag from /opt/airflow/dags/parent_of_subdag.py
[2024-05-05T18:15:03.551+0000] {processor.py:766} INFO - DAG(s) dict_keys(['parent_of_subdag.group_training_tasks', 'parent_of_subdag.group_training_tasks_2', 'parent_of_subdag.group_training_tasks_3', 'parent_of_subdag']) retrieved from /opt/airflow/dags/parent_of_subdag.py
[2024-05-05T18:15:03.735+0000] {logging_mixin.py:120} INFO - [2024-05-05T18:15:03.735+0000] {dag.py:2585} INFO - Sync 4 DAGs
[2024-05-05T18:15:03.756+0000] {logging_mixin.py:120} INFO - [2024-05-05T18:15:03.756+0000] {dag.py:3340} INFO - Setting next_dagrun for parent_of_subdag to 2024-05-04T00:00:00+00:00, run_after=2024-05-05T00:00:00+00:00
[2024-05-05T18:15:03.759+0000] {logging_mixin.py:120} INFO - [2024-05-05T18:15:03.759+0000] {dag.py:3340} INFO - Setting next_dagrun for parent_of_subdag.group_training_tasks to None, run_after=None
[2024-05-05T18:15:03.760+0000] {logging_mixin.py:120} INFO - [2024-05-05T18:15:03.760+0000] {dag.py:3340} INFO - Setting next_dagrun for parent_of_subdag.group_training_tasks_2 to None, run_after=None
[2024-05-05T18:15:03.761+0000] {logging_mixin.py:120} INFO - [2024-05-05T18:15:03.761+0000] {dag.py:3340} INFO - Setting next_dagrun for parent_of_subdag.group_training_tasks_3 to None, run_after=None
[2024-05-05T18:15:03.766+0000] {logging_mixin.py:120} INFO - [2024-05-05T18:15:03.766+0000] {dag.py:2585} INFO - Sync 3 DAGs
[2024-05-05T18:15:03.771+0000] {logging_mixin.py:120} INFO - [2024-05-05T18:15:03.771+0000] {dag.py:3340} INFO - Setting next_dagrun for parent_of_subdag.group_training_tasks to None, run_after=None
[2024-05-05T18:15:03.771+0000] {logging_mixin.py:120} INFO - [2024-05-05T18:15:03.771+0000] {dag.py:3340} INFO - Setting next_dagrun for parent_of_subdag.group_training_tasks_2 to None, run_after=None
[2024-05-05T18:15:03.772+0000] {logging_mixin.py:120} INFO - [2024-05-05T18:15:03.772+0000] {dag.py:3340} INFO - Setting next_dagrun for parent_of_subdag.group_training_tasks_3 to None, run_after=None
[2024-05-05T18:15:03.793+0000] {processor.py:176} INFO - Processing /opt/airflow/dags/parent_of_subdag.py took 0.264 seconds
