[2024-05-05T18:11:30.481+0000] {processor.py:154} INFO - Started process (PID=62) to work on /opt/airflow/dags/parent_dag.py
[2024-05-05T18:11:30.481+0000] {processor.py:756} INFO - Processing file /opt/airflow/dags/parent_dag.py for tasks to queue
[2024-05-05T18:11:30.482+0000] {logging_mixin.py:120} INFO - [2024-05-05T18:11:30.482+0000] {dagbag.py:537} INFO - Filling up the DagBag from /opt/airflow/dags/parent_dag.py
[2024-05-05T18:11:30.507+0000] {processor.py:766} INFO - DAG(s) dict_keys(['parent_dag']) retrieved from /opt/airflow/dags/parent_dag.py
[2024-05-05T18:11:30.557+0000] {logging_mixin.py:120} INFO - [2024-05-05T18:11:30.557+0000] {dag.py:2585} INFO - Sync 1 DAGs
[2024-05-05T18:11:30.591+0000] {logging_mixin.py:120} INFO - [2024-05-05T18:11:30.591+0000] {dag.py:3340} INFO - Setting next_dagrun for parent_dag to 2024-05-04T00:00:00+00:00, run_after=2024-05-05T00:00:00+00:00
[2024-05-05T18:11:30.618+0000] {processor.py:176} INFO - Processing /opt/airflow/dags/parent_dag.py took 0.141 seconds
[2024-05-05T18:12:58.848+0000] {processor.py:154} INFO - Started process (PID=61) to work on /opt/airflow/dags/parent_dag.py
[2024-05-05T18:12:58.852+0000] {processor.py:756} INFO - Processing file /opt/airflow/dags/parent_dag.py for tasks to queue
[2024-05-05T18:12:58.853+0000] {logging_mixin.py:120} INFO - [2024-05-05T18:12:58.853+0000] {dagbag.py:537} INFO - Filling up the DagBag from /opt/airflow/dags/parent_dag.py
[2024-05-05T18:12:58.879+0000] {processor.py:766} INFO - DAG(s) dict_keys(['parent_dag']) retrieved from /opt/airflow/dags/parent_dag.py
[2024-05-05T18:12:58.945+0000] {logging_mixin.py:120} INFO - [2024-05-05T18:12:58.944+0000] {dag.py:2585} INFO - Sync 1 DAGs
[2024-05-05T18:12:59.017+0000] {logging_mixin.py:120} INFO - [2024-05-05T18:12:59.017+0000] {dag.py:3340} INFO - Setting next_dagrun for parent_dag to 2024-05-04T00:00:00+00:00, run_after=2024-05-05T00:00:00+00:00
[2024-05-05T18:12:59.079+0000] {processor.py:176} INFO - Processing /opt/airflow/dags/parent_dag.py took 0.234 seconds
[2024-05-05T18:13:30.564+0000] {processor.py:154} INFO - Started process (PID=39) to work on /opt/airflow/dags/parent_dag.py
[2024-05-05T18:13:30.575+0000] {processor.py:756} INFO - Processing file /opt/airflow/dags/parent_dag.py for tasks to queue
[2024-05-05T18:13:30.576+0000] {logging_mixin.py:120} INFO - [2024-05-05T18:13:30.576+0000] {dagbag.py:537} INFO - Filling up the DagBag from /opt/airflow/dags/parent_dag.py
[2024-05-05T18:13:30.622+0000] {processor.py:766} INFO - DAG(s) dict_keys(['parent_dag']) retrieved from /opt/airflow/dags/parent_dag.py
[2024-05-05T18:13:30.686+0000] {logging_mixin.py:120} INFO - [2024-05-05T18:13:30.686+0000] {dag.py:2585} INFO - Sync 1 DAGs
[2024-05-05T18:13:30.728+0000] {logging_mixin.py:120} INFO - [2024-05-05T18:13:30.728+0000] {dag.py:3340} INFO - Setting next_dagrun for parent_dag to 2024-05-04T00:00:00+00:00, run_after=2024-05-05T00:00:00+00:00
[2024-05-05T18:13:30.762+0000] {processor.py:176} INFO - Processing /opt/airflow/dags/parent_dag.py took 0.205 seconds
[2024-05-05T18:14:01.529+0000] {processor.py:154} INFO - Started process (PID=87) to work on /opt/airflow/dags/parent_dag.py
[2024-05-05T18:14:01.530+0000] {processor.py:756} INFO - Processing file /opt/airflow/dags/parent_dag.py for tasks to queue
[2024-05-05T18:14:01.531+0000] {logging_mixin.py:120} INFO - [2024-05-05T18:14:01.531+0000] {dagbag.py:537} INFO - Filling up the DagBag from /opt/airflow/dags/parent_dag.py
[2024-05-05T18:14:01.555+0000] {processor.py:766} INFO - DAG(s) dict_keys(['parent_dag']) retrieved from /opt/airflow/dags/parent_dag.py
[2024-05-05T18:14:01.591+0000] {logging_mixin.py:120} INFO - [2024-05-05T18:14:01.591+0000] {dag.py:2585} INFO - Sync 1 DAGs
[2024-05-05T18:14:01.625+0000] {logging_mixin.py:120} INFO - [2024-05-05T18:14:01.625+0000] {dag.py:3340} INFO - Setting next_dagrun for parent_dag to 2024-05-04T00:00:00+00:00, run_after=2024-05-05T00:00:00+00:00
[2024-05-05T18:14:01.650+0000] {processor.py:176} INFO - Processing /opt/airflow/dags/parent_dag.py took 0.125 seconds
[2024-05-05T18:14:32.185+0000] {processor.py:154} INFO - Started process (PID=137) to work on /opt/airflow/dags/parent_dag.py
[2024-05-05T18:14:32.186+0000] {processor.py:756} INFO - Processing file /opt/airflow/dags/parent_dag.py for tasks to queue
[2024-05-05T18:14:32.187+0000] {logging_mixin.py:120} INFO - [2024-05-05T18:14:32.187+0000] {dagbag.py:537} INFO - Filling up the DagBag from /opt/airflow/dags/parent_dag.py
[2024-05-05T18:14:32.210+0000] {processor.py:766} INFO - DAG(s) dict_keys(['parent_dag']) retrieved from /opt/airflow/dags/parent_dag.py
[2024-05-05T18:14:32.260+0000] {logging_mixin.py:120} INFO - [2024-05-05T18:14:32.259+0000] {dag.py:2585} INFO - Sync 1 DAGs
[2024-05-05T18:14:32.305+0000] {logging_mixin.py:120} INFO - [2024-05-05T18:14:32.305+0000] {dag.py:3340} INFO - Setting next_dagrun for parent_dag to 2024-05-04T00:00:00+00:00, run_after=2024-05-05T00:00:00+00:00
[2024-05-05T18:14:32.336+0000] {processor.py:176} INFO - Processing /opt/airflow/dags/parent_dag.py took 0.154 seconds
[2024-05-05T18:15:03.274+0000] {processor.py:154} INFO - Started process (PID=177) to work on /opt/airflow/dags/parent_dag.py
[2024-05-05T18:15:03.274+0000] {processor.py:756} INFO - Processing file /opt/airflow/dags/parent_dag.py for tasks to queue
[2024-05-05T18:15:03.275+0000] {logging_mixin.py:120} INFO - [2024-05-05T18:15:03.275+0000] {dagbag.py:537} INFO - Filling up the DagBag from /opt/airflow/dags/parent_dag.py
[2024-05-05T18:15:03.298+0000] {processor.py:766} INFO - DAG(s) dict_keys(['parent_dag']) retrieved from /opt/airflow/dags/parent_dag.py
[2024-05-05T18:15:03.338+0000] {logging_mixin.py:120} INFO - [2024-05-05T18:15:03.338+0000] {dag.py:2585} INFO - Sync 1 DAGs
[2024-05-05T18:15:03.359+0000] {logging_mixin.py:120} INFO - [2024-05-05T18:15:03.359+0000] {dag.py:3340} INFO - Setting next_dagrun for parent_dag to 2024-05-04T00:00:00+00:00, run_after=2024-05-05T00:00:00+00:00
[2024-05-05T18:15:03.378+0000] {processor.py:176} INFO - Processing /opt/airflow/dags/parent_dag.py took 0.107 seconds
