[2024-05-05T18:11:30.696+0000] {processor.py:154} INFO - Started process (PID=66) to work on /opt/airflow/dags/parent_of_task_group.py
[2024-05-05T18:11:30.697+0000] {processor.py:756} INFO - Processing file /opt/airflow/dags/parent_of_task_group.py for tasks to queue
[2024-05-05T18:11:30.698+0000] {logging_mixin.py:120} INFO - [2024-05-05T18:11:30.698+0000] {dagbag.py:537} INFO - Filling up the DagBag from /opt/airflow/dags/parent_of_task_group.py
[2024-05-05T18:11:30.722+0000] {processor.py:766} INFO - DAG(s) dict_keys(['parent_of_task_group']) retrieved from /opt/airflow/dags/parent_of_task_group.py
[2024-05-05T18:11:30.778+0000] {logging_mixin.py:120} INFO - [2024-05-05T18:11:30.778+0000] {dag.py:2585} INFO - Sync 1 DAGs
[2024-05-05T18:11:30.810+0000] {logging_mixin.py:120} INFO - [2024-05-05T18:11:30.810+0000] {dag.py:3340} INFO - Setting next_dagrun for parent_of_task_group to 2024-05-04T00:00:00+00:00, run_after=2024-05-05T00:00:00+00:00
[2024-05-05T18:11:30.845+0000] {processor.py:176} INFO - Processing /opt/airflow/dags/parent_of_task_group.py took 0.153 seconds
[2024-05-05T18:13:31.166+0000] {processor.py:154} INFO - Started process (PID=43) to work on /opt/airflow/dags/parent_of_task_group.py
[2024-05-05T18:13:31.167+0000] {processor.py:756} INFO - Processing file /opt/airflow/dags/parent_of_task_group.py for tasks to queue
[2024-05-05T18:13:31.168+0000] {logging_mixin.py:120} INFO - [2024-05-05T18:13:31.168+0000] {dagbag.py:537} INFO - Filling up the DagBag from /opt/airflow/dags/parent_of_task_group.py
[2024-05-05T18:13:31.191+0000] {processor.py:766} INFO - DAG(s) dict_keys(['parent_of_task_group']) retrieved from /opt/airflow/dags/parent_of_task_group.py
[2024-05-05T18:13:31.254+0000] {logging_mixin.py:120} INFO - [2024-05-05T18:13:31.254+0000] {dag.py:2585} INFO - Sync 1 DAGs
[2024-05-05T18:13:31.335+0000] {logging_mixin.py:120} INFO - [2024-05-05T18:13:31.335+0000] {dag.py:3340} INFO - Setting next_dagrun for parent_of_task_group to 2024-05-04T00:00:00+00:00, run_after=2024-05-05T00:00:00+00:00
[2024-05-05T18:13:31.400+0000] {processor.py:176} INFO - Processing /opt/airflow/dags/parent_of_task_group.py took 0.237 seconds
[2024-05-05T18:14:01.810+0000] {processor.py:154} INFO - Started process (PID=92) to work on /opt/airflow/dags/parent_of_task_group.py
[2024-05-05T18:14:01.811+0000] {processor.py:756} INFO - Processing file /opt/airflow/dags/parent_of_task_group.py for tasks to queue
[2024-05-05T18:14:01.811+0000] {logging_mixin.py:120} INFO - [2024-05-05T18:14:01.811+0000] {dagbag.py:537} INFO - Filling up the DagBag from /opt/airflow/dags/parent_of_task_group.py
[2024-05-05T18:14:01.826+0000] {processor.py:766} INFO - DAG(s) dict_keys(['parent_of_task_group']) retrieved from /opt/airflow/dags/parent_of_task_group.py
[2024-05-05T18:14:01.858+0000] {logging_mixin.py:120} INFO - [2024-05-05T18:14:01.857+0000] {dag.py:2585} INFO - Sync 1 DAGs
[2024-05-05T18:14:01.879+0000] {logging_mixin.py:120} INFO - [2024-05-05T18:14:01.879+0000] {dag.py:3340} INFO - Setting next_dagrun for parent_of_task_group to 2024-05-04T00:00:00+00:00, run_after=2024-05-05T00:00:00+00:00
[2024-05-05T18:14:01.898+0000] {processor.py:176} INFO - Processing /opt/airflow/dags/parent_of_task_group.py took 0.090 seconds
[2024-05-05T18:14:32.568+0000] {processor.py:154} INFO - Started process (PID=140) to work on /opt/airflow/dags/parent_of_task_group.py
[2024-05-05T18:14:32.568+0000] {processor.py:756} INFO - Processing file /opt/airflow/dags/parent_of_task_group.py for tasks to queue
[2024-05-05T18:14:32.569+0000] {logging_mixin.py:120} INFO - [2024-05-05T18:14:32.569+0000] {dagbag.py:537} INFO - Filling up the DagBag from /opt/airflow/dags/parent_of_task_group.py
[2024-05-05T18:14:32.592+0000] {processor.py:766} INFO - DAG(s) dict_keys(['parent_of_task_group']) retrieved from /opt/airflow/dags/parent_of_task_group.py
[2024-05-05T18:14:32.658+0000] {logging_mixin.py:120} INFO - [2024-05-05T18:14:32.658+0000] {dag.py:2585} INFO - Sync 1 DAGs
[2024-05-05T18:14:32.692+0000] {logging_mixin.py:120} INFO - [2024-05-05T18:14:32.692+0000] {dag.py:3340} INFO - Setting next_dagrun for parent_of_task_group to 2024-05-04T00:00:00+00:00, run_after=2024-05-05T00:00:00+00:00
[2024-05-05T18:14:32.722+0000] {processor.py:176} INFO - Processing /opt/airflow/dags/parent_of_task_group.py took 0.158 seconds
[2024-05-05T18:15:03.541+0000] {processor.py:154} INFO - Started process (PID=181) to work on /opt/airflow/dags/parent_of_task_group.py
[2024-05-05T18:15:03.541+0000] {processor.py:756} INFO - Processing file /opt/airflow/dags/parent_of_task_group.py for tasks to queue
[2024-05-05T18:15:03.542+0000] {logging_mixin.py:120} INFO - [2024-05-05T18:15:03.542+0000] {dagbag.py:537} INFO - Filling up the DagBag from /opt/airflow/dags/parent_of_task_group.py
[2024-05-05T18:15:03.556+0000] {processor.py:766} INFO - DAG(s) dict_keys(['parent_of_task_group']) retrieved from /opt/airflow/dags/parent_of_task_group.py
[2024-05-05T18:15:03.594+0000] {logging_mixin.py:120} INFO - [2024-05-05T18:15:03.594+0000] {dag.py:2585} INFO - Sync 1 DAGs
[2024-05-05T18:15:03.616+0000] {logging_mixin.py:120} INFO - [2024-05-05T18:15:03.616+0000] {dag.py:3340} INFO - Setting next_dagrun for parent_of_task_group to 2024-05-04T00:00:00+00:00, run_after=2024-05-05T00:00:00+00:00
[2024-05-05T18:15:03.636+0000] {processor.py:176} INFO - Processing /opt/airflow/dags/parent_of_task_group.py took 0.098 seconds
