[2024-05-05T18:11:30.877+0000] {processor.py:154} INFO - Started process (PID=67) to work on /opt/airflow/dags/subdag.py
[2024-05-05T18:11:30.878+0000] {processor.py:756} INFO - Processing file /opt/airflow/dags/subdag.py for tasks to queue
[2024-05-05T18:11:30.878+0000] {logging_mixin.py:120} INFO - [2024-05-05T18:11:30.878+0000] {dagbag.py:537} INFO - Filling up the DagBag from /opt/airflow/dags/subdag.py
[2024-05-05T18:11:30.884+0000] {processor.py:768} WARNING - No viable dags retrieved from /opt/airflow/dags/subdag.py
[2024-05-05T18:11:30.916+0000] {processor.py:176} INFO - Processing /opt/airflow/dags/subdag.py took 0.043 seconds
[2024-05-05T18:13:31.172+0000] {processor.py:154} INFO - Started process (PID=44) to work on /opt/airflow/dags/subdag.py
[2024-05-05T18:13:31.174+0000] {processor.py:756} INFO - Processing file /opt/airflow/dags/subdag.py for tasks to queue
[2024-05-05T18:13:31.175+0000] {logging_mixin.py:120} INFO - [2024-05-05T18:13:31.175+0000] {dagbag.py:537} INFO - Filling up the DagBag from /opt/airflow/dags/subdag.py
[2024-05-05T18:13:31.180+0000] {processor.py:768} WARNING - No viable dags retrieved from /opt/airflow/dags/subdag.py
[2024-05-05T18:13:31.193+0000] {processor.py:176} INFO - Processing /opt/airflow/dags/subdag.py took 0.026 seconds
[2024-05-05T18:14:01.776+0000] {processor.py:154} INFO - Started process (PID=91) to work on /opt/airflow/dags/subdag.py
[2024-05-05T18:14:01.777+0000] {processor.py:756} INFO - Processing file /opt/airflow/dags/subdag.py for tasks to queue
[2024-05-05T18:14:01.777+0000] {logging_mixin.py:120} INFO - [2024-05-05T18:14:01.777+0000] {dagbag.py:537} INFO - Filling up the DagBag from /opt/airflow/dags/subdag.py
[2024-05-05T18:14:01.781+0000] {processor.py:768} WARNING - No viable dags retrieved from /opt/airflow/dags/subdag.py
[2024-05-05T18:14:01.791+0000] {processor.py:176} INFO - Processing /opt/airflow/dags/subdag.py took 0.018 seconds
[2024-05-05T18:14:32.626+0000] {processor.py:154} INFO - Started process (PID=141) to work on /opt/airflow/dags/subdag.py
[2024-05-05T18:14:32.627+0000] {processor.py:756} INFO - Processing file /opt/airflow/dags/subdag.py for tasks to queue
[2024-05-05T18:14:32.628+0000] {logging_mixin.py:120} INFO - [2024-05-05T18:14:32.628+0000] {dagbag.py:537} INFO - Filling up the DagBag from /opt/airflow/dags/subdag.py
[2024-05-05T18:14:32.633+0000] {processor.py:768} WARNING - No viable dags retrieved from /opt/airflow/dags/subdag.py
[2024-05-05T18:14:32.648+0000] {processor.py:176} INFO - Processing /opt/airflow/dags/subdag.py took 0.026 seconds
[2024-05-05T18:15:03.658+0000] {processor.py:154} INFO - Started process (PID=182) to work on /opt/airflow/dags/subdag.py
[2024-05-05T18:15:03.659+0000] {processor.py:756} INFO - Processing file /opt/airflow/dags/subdag.py for tasks to queue
[2024-05-05T18:15:03.659+0000] {logging_mixin.py:120} INFO - [2024-05-05T18:15:03.659+0000] {dagbag.py:537} INFO - Filling up the DagBag from /opt/airflow/dags/subdag.py
[2024-05-05T18:15:03.664+0000] {processor.py:768} WARNING - No viable dags retrieved from /opt/airflow/dags/subdag.py
[2024-05-05T18:15:03.674+0000] {processor.py:176} INFO - Processing /opt/airflow/dags/subdag.py took 0.019 seconds
