[2024-05-05T18:11:30.512+0000] {processor.py:154} INFO - Started process (PID=63) to work on /opt/airflow/dags/target_dag.py
[2024-05-05T18:11:30.513+0000] {processor.py:756} INFO - Processing file /opt/airflow/dags/target_dag.py for tasks to queue
[2024-05-05T18:11:30.514+0000] {logging_mixin.py:120} INFO - [2024-05-05T18:11:30.514+0000] {dagbag.py:537} INFO - Filling up the DagBag from /opt/airflow/dags/target_dag.py
[2024-05-05T18:11:30.535+0000] {processor.py:766} INFO - DAG(s) dict_keys(['target_dag']) retrieved from /opt/airflow/dags/target_dag.py
[2024-05-05T18:11:30.582+0000] {logging_mixin.py:120} INFO - [2024-05-05T18:11:30.582+0000] {dag.py:2585} INFO - Sync 1 DAGs
[2024-05-05T18:11:30.608+0000] {logging_mixin.py:120} INFO - [2024-05-05T18:11:30.608+0000] {dag.py:3340} INFO - Setting next_dagrun for target_dag to None, run_after=None
[2024-05-05T18:11:30.636+0000] {processor.py:176} INFO - Processing /opt/airflow/dags/target_dag.py took 0.127 seconds
[2024-05-05T18:12:59.125+0000] {processor.py:154} INFO - Started process (PID=62) to work on /opt/airflow/dags/target_dag.py
[2024-05-05T18:12:59.129+0000] {processor.py:756} INFO - Processing file /opt/airflow/dags/target_dag.py for tasks to queue
[2024-05-05T18:12:59.130+0000] {logging_mixin.py:120} INFO - [2024-05-05T18:12:59.130+0000] {dagbag.py:537} INFO - Filling up the DagBag from /opt/airflow/dags/target_dag.py
[2024-05-05T18:12:59.154+0000] {processor.py:766} INFO - DAG(s) dict_keys(['target_dag']) retrieved from /opt/airflow/dags/target_dag.py
[2024-05-05T18:12:59.275+0000] {logging_mixin.py:120} INFO - [2024-05-05T18:12:59.275+0000] {dag.py:2585} INFO - Sync 1 DAGs
[2024-05-05T18:12:59.346+0000] {logging_mixin.py:120} INFO - [2024-05-05T18:12:59.346+0000] {dag.py:3340} INFO - Setting next_dagrun for target_dag to None, run_after=None
[2024-05-05T18:12:59.398+0000] {processor.py:176} INFO - Processing /opt/airflow/dags/target_dag.py took 0.281 seconds
[2024-05-05T18:13:30.681+0000] {processor.py:154} INFO - Started process (PID=40) to work on /opt/airflow/dags/target_dag.py
[2024-05-05T18:13:30.684+0000] {processor.py:756} INFO - Processing file /opt/airflow/dags/target_dag.py for tasks to queue
[2024-05-05T18:13:30.685+0000] {logging_mixin.py:120} INFO - [2024-05-05T18:13:30.685+0000] {dagbag.py:537} INFO - Filling up the DagBag from /opt/airflow/dags/target_dag.py
[2024-05-05T18:13:30.719+0000] {processor.py:766} INFO - DAG(s) dict_keys(['target_dag']) retrieved from /opt/airflow/dags/target_dag.py
[2024-05-05T18:13:30.769+0000] {logging_mixin.py:120} INFO - [2024-05-05T18:13:30.769+0000] {dag.py:2585} INFO - Sync 1 DAGs
[2024-05-05T18:13:30.796+0000] {logging_mixin.py:120} INFO - [2024-05-05T18:13:30.795+0000] {dag.py:3340} INFO - Setting next_dagrun for target_dag to None, run_after=None
[2024-05-05T18:13:30.822+0000] {processor.py:176} INFO - Processing /opt/airflow/dags/target_dag.py took 0.145 seconds
[2024-05-05T18:14:01.669+0000] {processor.py:154} INFO - Started process (PID=88) to work on /opt/airflow/dags/target_dag.py
[2024-05-05T18:14:01.669+0000] {processor.py:756} INFO - Processing file /opt/airflow/dags/target_dag.py for tasks to queue
[2024-05-05T18:14:01.670+0000] {logging_mixin.py:120} INFO - [2024-05-05T18:14:01.670+0000] {dagbag.py:537} INFO - Filling up the DagBag from /opt/airflow/dags/target_dag.py
[2024-05-05T18:14:01.683+0000] {processor.py:766} INFO - DAG(s) dict_keys(['target_dag']) retrieved from /opt/airflow/dags/target_dag.py
[2024-05-05T18:14:01.716+0000] {logging_mixin.py:120} INFO - [2024-05-05T18:14:01.716+0000] {dag.py:2585} INFO - Sync 1 DAGs
[2024-05-05T18:14:01.736+0000] {logging_mixin.py:120} INFO - [2024-05-05T18:14:01.736+0000] {dag.py:3340} INFO - Setting next_dagrun for target_dag to None, run_after=None
[2024-05-05T18:14:01.757+0000] {processor.py:176} INFO - Processing /opt/airflow/dags/target_dag.py took 0.090 seconds
[2024-05-05T18:14:32.363+0000] {processor.py:154} INFO - Started process (PID=138) to work on /opt/airflow/dags/target_dag.py
[2024-05-05T18:14:32.364+0000] {processor.py:756} INFO - Processing file /opt/airflow/dags/target_dag.py for tasks to queue
[2024-05-05T18:14:32.364+0000] {logging_mixin.py:120} INFO - [2024-05-05T18:14:32.364+0000] {dagbag.py:537} INFO - Filling up the DagBag from /opt/airflow/dags/target_dag.py
[2024-05-05T18:14:32.380+0000] {processor.py:766} INFO - DAG(s) dict_keys(['target_dag']) retrieved from /opt/airflow/dags/target_dag.py
[2024-05-05T18:14:32.429+0000] {logging_mixin.py:120} INFO - [2024-05-05T18:14:32.429+0000] {dag.py:2585} INFO - Sync 1 DAGs
[2024-05-05T18:14:32.462+0000] {logging_mixin.py:120} INFO - [2024-05-05T18:14:32.461+0000] {dag.py:3340} INFO - Setting next_dagrun for target_dag to None, run_after=None
[2024-05-05T18:14:32.487+0000] {processor.py:176} INFO - Processing /opt/airflow/dags/target_dag.py took 0.127 seconds
[2024-05-05T18:15:03.397+0000] {processor.py:154} INFO - Started process (PID=178) to work on /opt/airflow/dags/target_dag.py
[2024-05-05T18:15:03.398+0000] {processor.py:756} INFO - Processing file /opt/airflow/dags/target_dag.py for tasks to queue
[2024-05-05T18:15:03.398+0000] {logging_mixin.py:120} INFO - [2024-05-05T18:15:03.398+0000] {dagbag.py:537} INFO - Filling up the DagBag from /opt/airflow/dags/target_dag.py
[2024-05-05T18:15:03.410+0000] {processor.py:766} INFO - DAG(s) dict_keys(['target_dag']) retrieved from /opt/airflow/dags/target_dag.py
[2024-05-05T18:15:03.441+0000] {logging_mixin.py:120} INFO - [2024-05-05T18:15:03.441+0000] {dag.py:2585} INFO - Sync 1 DAGs
[2024-05-05T18:15:03.465+0000] {logging_mixin.py:120} INFO - [2024-05-05T18:15:03.465+0000] {dag.py:3340} INFO - Setting next_dagrun for target_dag to None, run_after=None
[2024-05-05T18:15:03.486+0000] {processor.py:176} INFO - Processing /opt/airflow/dags/target_dag.py took 0.091 seconds
[2024-05-05T18:15:34.064+0000] {processor.py:154} INFO - Started process (PID=226) to work on /opt/airflow/dags/target_dag.py
[2024-05-05T18:15:34.064+0000] {processor.py:756} INFO - Processing file /opt/airflow/dags/target_dag.py for tasks to queue
[2024-05-05T18:15:34.065+0000] {logging_mixin.py:120} INFO - [2024-05-05T18:15:34.065+0000] {dagbag.py:537} INFO - Filling up the DagBag from /opt/airflow/dags/target_dag.py
[2024-05-05T18:15:34.077+0000] {processor.py:766} INFO - DAG(s) dict_keys(['target_dag']) retrieved from /opt/airflow/dags/target_dag.py
[2024-05-05T18:15:34.113+0000] {logging_mixin.py:120} INFO - [2024-05-05T18:15:34.113+0000] {dag.py:2585} INFO - Sync 1 DAGs
[2024-05-05T18:15:34.143+0000] {logging_mixin.py:120} INFO - [2024-05-05T18:15:34.142+0000] {dag.py:3340} INFO - Setting next_dagrun for target_dag to None, run_after=None
[2024-05-05T18:15:34.166+0000] {processor.py:176} INFO - Processing /opt/airflow/dags/target_dag.py took 0.105 seconds
