[2023-12-26T08:47:04.778+0000] {taskinstance.py:1165} INFO - Dependencies all met for <TaskInstance: sensor_target_dag.process_ml scheduled__2023-12-26T07:15:00+00:00 [queued]>
[2023-12-26T08:47:04.788+0000] {taskinstance.py:1165} INFO - Dependencies all met for <TaskInstance: sensor_target_dag.process_ml scheduled__2023-12-26T07:15:00+00:00 [queued]>
[2023-12-26T08:47:04.788+0000] {taskinstance.py:1362} INFO - 
--------------------------------------------------------------------------------
[2023-12-26T08:47:04.788+0000] {taskinstance.py:1363} INFO - Starting attempt 1 of 1
[2023-12-26T08:47:04.788+0000] {taskinstance.py:1364} INFO - 
--------------------------------------------------------------------------------
[2023-12-26T08:47:04.813+0000] {taskinstance.py:1383} INFO - Executing <Task(BashOperator): process_ml> on 2023-12-26 07:15:00+00:00
[2023-12-26T08:47:04.822+0000] {standard_task_runner.py:55} INFO - Started process 2102 to run task
[2023-12-26T08:47:04.824+0000] {standard_task_runner.py:82} INFO - Running: ['***', 'tasks', 'run', 'sensor_target_dag', 'process_ml', 'scheduled__2023-12-26T07:15:00+00:00', '--job-id', '171', '--raw', '--subdir', 'DAGS_FOLDER/sensor_target_dag.py', '--cfg-path', '/tmp/tmpehjrexqf']
[2023-12-26T08:47:04.825+0000] {standard_task_runner.py:83} INFO - Job 171: Subtask process_ml
[2023-12-26T08:47:04.843+0000] {warnings.py:110} WARNING - /home/***/.local/lib/python3.7/site-packages/***/configuration.py:549: DeprecationWarning: The sql_engine_encoding option in [core] has been moved to the sql_engine_encoding option in [database] - the old setting has been used, but please update your config.
  option = self._get_option_from_config_file(deprecated_key, deprecated_section, key, kwargs, section)

[2023-12-26T08:47:04.899+0000] {task_command.py:376} INFO - Running <TaskInstance: sensor_target_dag.process_ml scheduled__2023-12-26T07:15:00+00:00 [running]> on host d2fc15a9183d
[2023-12-26T08:47:04.948+0000] {warnings.py:110} WARNING - /home/***/.local/lib/python3.7/site-packages/***/configuration.py:549: DeprecationWarning: The sensitive_variable_fields option in [admin] has been moved to the sensitive_var_conn_names option in [core] - the old setting has been used, but please update your config.
  option = self._get_option_from_config_file(deprecated_key, deprecated_section, key, kwargs, section)

[2023-12-26T08:47:04.996+0000] {taskinstance.py:1592} INFO - Exporting the following env vars:
AIRFLOW_CTX_DAG_OWNER=***
AIRFLOW_CTX_DAG_ID=sensor_target_dag
AIRFLOW_CTX_TASK_ID=process_ml
AIRFLOW_CTX_EXECUTION_DATE=2023-12-26T07:15:00+00:00
AIRFLOW_CTX_TRY_NUMBER=1
AIRFLOW_CTX_DAG_RUN_ID=scheduled__2023-12-26T07:15:00+00:00
[2023-12-26T08:47:04.997+0000] {subprocess.py:63} INFO - Tmp dir root location: 
 /tmp
[2023-12-26T08:47:04.998+0000] {subprocess.py:75} INFO - Running command: ['/bin/bash', '-c', "echo 'prcoessing_ml'"]
[2023-12-26T08:47:05.011+0000] {subprocess.py:86} INFO - Output:
[2023-12-26T08:47:05.016+0000] {subprocess.py:93} INFO - prcoessing_ml
[2023-12-26T08:47:05.016+0000] {subprocess.py:97} INFO - Command exited with return code 0
[2023-12-26T08:47:05.048+0000] {taskinstance.py:1406} INFO - Marking task as SUCCESS. dag_id=sensor_target_dag, task_id=process_ml, execution_date=20231226T071500, start_date=20231226T084704, end_date=20231226T084705
[2023-12-26T08:47:05.077+0000] {local_task_job.py:164} INFO - Task exited with return code 0
[2023-12-26T08:47:05.109+0000] {local_task_job.py:273} INFO - 0 downstream tasks scheduled from follow-on schedule check
