[2023-12-25T16:18:29.336+0000] {taskinstance.py:1165} INFO - Dependencies all met for <TaskInstance: my_python_TaskFlow_API_dag.process__1 scheduled__2023-12-24T00:00:00+00:00 [queued]>
[2023-12-25T16:18:29.344+0000] {taskinstance.py:1165} INFO - Dependencies all met for <TaskInstance: my_python_TaskFlow_API_dag.process__1 scheduled__2023-12-24T00:00:00+00:00 [queued]>
[2023-12-25T16:18:29.344+0000] {taskinstance.py:1362} INFO - 
--------------------------------------------------------------------------------
[2023-12-25T16:18:29.345+0000] {taskinstance.py:1363} INFO - Starting attempt 1 of 1
[2023-12-25T16:18:29.346+0000] {taskinstance.py:1364} INFO - 
--------------------------------------------------------------------------------
[2023-12-25T16:18:29.367+0000] {taskinstance.py:1383} INFO - Executing <Task(_PythonDecoratedOperator): process__1> on 2023-12-24 00:00:00+00:00
[2023-12-25T16:18:29.375+0000] {standard_task_runner.py:55} INFO - Started process 2556 to run task
[2023-12-25T16:18:29.379+0000] {standard_task_runner.py:82} INFO - Running: ['***', 'tasks', 'run', 'my_python_TaskFlow_API_dag', 'process__1', 'scheduled__2023-12-24T00:00:00+00:00', '--job-id', '76', '--raw', '--subdir', 'DAGS_FOLDER/my_python_TaskFlow_API_dag.py', '--cfg-path', '/tmp/tmpsjtal1zl']
[2023-12-25T16:18:29.379+0000] {standard_task_runner.py:83} INFO - Job 76: Subtask process__1
[2023-12-25T16:18:29.402+0000] {warnings.py:110} WARNING - /home/***/.local/lib/python3.7/site-packages/***/configuration.py:549: DeprecationWarning: The sql_engine_encoding option in [core] has been moved to the sql_engine_encoding option in [database] - the old setting has been used, but please update your config.
  option = self._get_option_from_config_file(deprecated_key, deprecated_section, key, kwargs, section)

[2023-12-25T16:18:29.466+0000] {task_command.py:376} INFO - Running <TaskInstance: my_python_TaskFlow_API_dag.process__1 scheduled__2023-12-24T00:00:00+00:00 [running]> on host 4d1993f85b22
[2023-12-25T16:18:29.556+0000] {taskinstance.py:1592} INFO - Exporting the following env vars:
AIRFLOW_CTX_DAG_OWNER=***
AIRFLOW_CTX_DAG_ID=my_python_TaskFlow_API_dag
AIRFLOW_CTX_TASK_ID=process__1
AIRFLOW_CTX_EXECUTION_DATE=2023-12-24T00:00:00+00:00
AIRFLOW_CTX_TRY_NUMBER=1
AIRFLOW_CTX_DAG_RUN_ID=scheduled__2023-12-24T00:00:00+00:00
[2023-12-25T16:18:29.557+0000] {logging_mixin.py:120} INFO - /opt/local/*** / data.csv - 20231224 = 2023-12-24
[2023-12-25T16:18:29.557+0000] {python.py:177} INFO - Done. Returned value was: None
[2023-12-25T16:18:29.568+0000] {taskinstance.py:1406} INFO - Marking task as SUCCESS. dag_id=my_python_TaskFlow_API_dag, task_id=process__1, execution_date=20231224T000000, start_date=20231225T161829, end_date=20231225T161829
[2023-12-25T16:18:29.597+0000] {local_task_job.py:164} INFO - Task exited with return code 0
[2023-12-25T16:18:29.628+0000] {local_task_job.py:273} INFO - 1 downstream tasks scheduled from follow-on schedule check
