[2023-12-25T16:39:42.442+0000] {taskinstance.py:1165} INFO - Dependencies all met for <TaskInstance: my_bash_dag.execute_command manual__2023-12-25T16:39:41.018005+00:00 [queued]>
[2023-12-25T16:39:42.454+0000] {taskinstance.py:1165} INFO - Dependencies all met for <TaskInstance: my_bash_dag.execute_command manual__2023-12-25T16:39:41.018005+00:00 [queued]>
[2023-12-25T16:39:42.455+0000] {taskinstance.py:1362} INFO - 
--------------------------------------------------------------------------------
[2023-12-25T16:39:42.455+0000] {taskinstance.py:1363} INFO - Starting attempt 1 of 1
[2023-12-25T16:39:42.455+0000] {taskinstance.py:1364} INFO - 
--------------------------------------------------------------------------------
[2023-12-25T16:39:42.480+0000] {taskinstance.py:1383} INFO - Executing <Task(BashOperator): execute_command> on 2023-12-25 16:39:41.018005+00:00
[2023-12-25T16:39:42.489+0000] {standard_task_runner.py:55} INFO - Started process 3588 to run task
[2023-12-25T16:39:42.493+0000] {standard_task_runner.py:82} INFO - Running: ['***', 'tasks', 'run', 'my_bash_dag', 'execute_command', 'manual__2023-12-25T16:39:41.018005+00:00', '--job-id', '82', '--raw', '--subdir', 'DAGS_FOLDER/my_bash_dag.py', '--cfg-path', '/tmp/tmpkub0tsh_']
[2023-12-25T16:39:42.493+0000] {standard_task_runner.py:83} INFO - Job 82: Subtask execute_command
[2023-12-25T16:39:42.579+0000] {task_command.py:376} INFO - Running <TaskInstance: my_bash_dag.execute_command manual__2023-12-25T16:39:41.018005+00:00 [running]> on host 4d1993f85b22
[2023-12-25T16:39:42.635+0000] {warnings.py:110} WARNING - /home/***/.local/lib/python3.7/site-packages/***/configuration.py:549: DeprecationWarning: The sensitive_variable_fields option in [admin] has been moved to the sensitive_var_conn_names option in [core] - the old setting has been used, but please update your config.
  option = self._get_option_from_config_file(deprecated_key, deprecated_section, key, kwargs, section)

[2023-12-25T16:39:42.690+0000] {taskinstance.py:1592} INFO - Exporting the following env vars:
AIRFLOW_CTX_DAG_OWNER=***
AIRFLOW_CTX_DAG_ID=my_bash_dag
AIRFLOW_CTX_TASK_ID=execute_command
AIRFLOW_CTX_EXECUTION_DATE=2023-12-25T16:39:41.018005+00:00
AIRFLOW_CTX_TRY_NUMBER=1
AIRFLOW_CTX_DAG_RUN_ID=manual__2023-12-25T16:39:41.018005+00:00
[2023-12-25T16:39:42.691+0000] {subprocess.py:63} INFO - Tmp dir root location: 
 /tmp
[2023-12-25T16:39:42.691+0000] {subprocess.py:75} INFO - Running command: ['/bin/bash', '-c', '#!/bin/bash\n\n#echo "execute my command"\n\nenv\n\nexit 0']
[2023-12-25T16:39:42.704+0000] {subprocess.py:86} INFO - Output:
[2023-12-25T16:39:42.706+0000] {subprocess.py:93} INFO - AIRFLOW_CTX_DAG_OWNER=***
[2023-12-25T16:39:42.706+0000] {subprocess.py:93} INFO - AIRFLOW_CTX_DAG_RUN_ID=manual__2023-12-25T16:39:41.018005+00:00
[2023-12-25T16:39:42.706+0000] {subprocess.py:93} INFO - PWD=/tmp/***tmp2vdh3aav
[2023-12-25T16:39:42.706+0000] {subprocess.py:93} INFO - AIRFLOW_CTX_TRY_NUMBER=1
[2023-12-25T16:39:42.706+0000] {subprocess.py:93} INFO - AIRFLOW_CTX_TASK_ID=execute_command
[2023-12-25T16:39:42.706+0000] {subprocess.py:93} INFO - AIRFLOW_CTX_DAG_ID=my_bash_dag
[2023-12-25T16:39:42.706+0000] {subprocess.py:93} INFO - AIRFLOW_CTX_EXECUTION_DATE=2023-12-25T16:39:41.018005+00:00
[2023-12-25T16:39:42.706+0000] {subprocess.py:93} INFO - SHLVL=1
[2023-12-25T16:39:42.707+0000] {subprocess.py:93} INFO - my_var=my_value
[2023-12-25T16:39:42.707+0000] {subprocess.py:93} INFO - _=/usr/bin/env
[2023-12-25T16:39:42.707+0000] {subprocess.py:97} INFO - Command exited with return code 0
[2023-12-25T16:39:42.716+0000] {taskinstance.py:1406} INFO - Marking task as SUCCESS. dag_id=my_bash_dag, task_id=execute_command, execution_date=20231225T163941, start_date=20231225T163942, end_date=20231225T163942
[2023-12-25T16:39:42.761+0000] {local_task_job.py:164} INFO - Task exited with return code 0
[2023-12-25T16:39:42.782+0000] {local_task_job.py:273} INFO - 0 downstream tasks scheduled from follow-on schedule check
