[2024-05-25T16:53:26.491+0000] {processor.py:154} INFO - Started process (PID=53) to work on /opt/airflow/dags/my_BranchDateTimeOperator_dag.py
[2024-05-25T16:53:26.501+0000] {processor.py:756} INFO - Processing file /opt/airflow/dags/my_BranchDateTimeOperator_dag.py for tasks to queue
[2024-05-25T16:53:26.502+0000] {logging_mixin.py:120} INFO - [2024-05-25T16:53:26.502+0000] {dagbag.py:537} INFO - Filling up the DagBag from /opt/airflow/dags/my_BranchDateTimeOperator_dag.py
[2024-05-25T16:53:26.574+0000] {processor.py:766} INFO - DAG(s) dict_keys(['my_BranchDateTimeOperator_dag']) retrieved from /opt/airflow/dags/my_BranchDateTimeOperator_dag.py
[2024-05-25T16:53:26.648+0000] {logging_mixin.py:120} INFO - [2024-05-25T16:53:26.647+0000] {dag.py:2585} INFO - Sync 1 DAGs
[2024-05-25T16:53:26.683+0000] {logging_mixin.py:120} INFO - [2024-05-25T16:53:26.682+0000] {dag.py:3340} INFO - Setting next_dagrun for my_BranchDateTimeOperator_dag to 2024-05-24T00:00:00+00:00, run_after=2024-05-25T00:00:00+00:00
[2024-05-25T16:53:26.724+0000] {processor.py:176} INFO - Processing /opt/airflow/dags/my_BranchDateTimeOperator_dag.py took 0.237 seconds
[2024-05-25T16:53:57.363+0000] {processor.py:154} INFO - Started process (PID=94) to work on /opt/airflow/dags/my_BranchDateTimeOperator_dag.py
[2024-05-25T16:53:57.364+0000] {processor.py:756} INFO - Processing file /opt/airflow/dags/my_BranchDateTimeOperator_dag.py for tasks to queue
[2024-05-25T16:53:57.365+0000] {logging_mixin.py:120} INFO - [2024-05-25T16:53:57.364+0000] {dagbag.py:537} INFO - Filling up the DagBag from /opt/airflow/dags/my_BranchDateTimeOperator_dag.py
[2024-05-25T16:53:57.379+0000] {processor.py:766} INFO - DAG(s) dict_keys(['my_BranchDateTimeOperator_dag']) retrieved from /opt/airflow/dags/my_BranchDateTimeOperator_dag.py
[2024-05-25T16:53:57.416+0000] {logging_mixin.py:120} INFO - [2024-05-25T16:53:57.416+0000] {dag.py:2585} INFO - Sync 1 DAGs
[2024-05-25T16:53:57.451+0000] {logging_mixin.py:120} INFO - [2024-05-25T16:53:57.451+0000] {dag.py:3340} INFO - Setting next_dagrun for my_BranchDateTimeOperator_dag to 2024-05-24T00:00:00+00:00, run_after=2024-05-25T00:00:00+00:00
[2024-05-25T16:53:57.477+0000] {processor.py:176} INFO - Processing /opt/airflow/dags/my_BranchDateTimeOperator_dag.py took 0.116 seconds
[2024-05-25T16:54:28.118+0000] {processor.py:154} INFO - Started process (PID=143) to work on /opt/airflow/dags/my_BranchDateTimeOperator_dag.py
[2024-05-25T16:54:28.119+0000] {processor.py:756} INFO - Processing file /opt/airflow/dags/my_BranchDateTimeOperator_dag.py for tasks to queue
[2024-05-25T16:54:28.120+0000] {logging_mixin.py:120} INFO - [2024-05-25T16:54:28.120+0000] {dagbag.py:537} INFO - Filling up the DagBag from /opt/airflow/dags/my_BranchDateTimeOperator_dag.py
[2024-05-25T16:54:28.137+0000] {processor.py:766} INFO - DAG(s) dict_keys(['my_BranchDateTimeOperator_dag']) retrieved from /opt/airflow/dags/my_BranchDateTimeOperator_dag.py
[2024-05-25T16:54:28.170+0000] {logging_mixin.py:120} INFO - [2024-05-25T16:54:28.170+0000] {dag.py:2585} INFO - Sync 1 DAGs
[2024-05-25T16:54:28.192+0000] {logging_mixin.py:120} INFO - [2024-05-25T16:54:28.192+0000] {dag.py:3340} INFO - Setting next_dagrun for my_BranchDateTimeOperator_dag to 2024-05-24T00:00:00+00:00, run_after=2024-05-25T00:00:00+00:00
[2024-05-25T16:54:28.212+0000] {processor.py:176} INFO - Processing /opt/airflow/dags/my_BranchDateTimeOperator_dag.py took 0.096 seconds
[2024-05-25T16:54:58.754+0000] {processor.py:154} INFO - Started process (PID=191) to work on /opt/airflow/dags/my_BranchDateTimeOperator_dag.py
[2024-05-25T16:54:58.754+0000] {processor.py:756} INFO - Processing file /opt/airflow/dags/my_BranchDateTimeOperator_dag.py for tasks to queue
[2024-05-25T16:54:58.755+0000] {logging_mixin.py:120} INFO - [2024-05-25T16:54:58.755+0000] {dagbag.py:537} INFO - Filling up the DagBag from /opt/airflow/dags/my_BranchDateTimeOperator_dag.py
[2024-05-25T16:54:58.771+0000] {processor.py:766} INFO - DAG(s) dict_keys(['my_BranchDateTimeOperator_dag']) retrieved from /opt/airflow/dags/my_BranchDateTimeOperator_dag.py
[2024-05-25T16:54:58.802+0000] {logging_mixin.py:120} INFO - [2024-05-25T16:54:58.802+0000] {dag.py:2585} INFO - Sync 1 DAGs
[2024-05-25T16:54:58.823+0000] {logging_mixin.py:120} INFO - [2024-05-25T16:54:58.823+0000] {dag.py:3340} INFO - Setting next_dagrun for my_BranchDateTimeOperator_dag to 2024-05-24T00:00:00+00:00, run_after=2024-05-25T00:00:00+00:00
[2024-05-25T16:54:58.849+0000] {processor.py:176} INFO - Processing /opt/airflow/dags/my_BranchDateTimeOperator_dag.py took 0.098 seconds
[2024-05-25T16:55:29.347+0000] {processor.py:154} INFO - Started process (PID=230) to work on /opt/airflow/dags/my_BranchDateTimeOperator_dag.py
[2024-05-25T16:55:29.356+0000] {processor.py:756} INFO - Processing file /opt/airflow/dags/my_BranchDateTimeOperator_dag.py for tasks to queue
[2024-05-25T16:55:29.357+0000] {logging_mixin.py:120} INFO - [2024-05-25T16:55:29.356+0000] {dagbag.py:537} INFO - Filling up the DagBag from /opt/airflow/dags/my_BranchDateTimeOperator_dag.py
[2024-05-25T16:55:29.397+0000] {processor.py:766} INFO - DAG(s) dict_keys(['my_BranchDateTimeOperator_dag']) retrieved from /opt/airflow/dags/my_BranchDateTimeOperator_dag.py
[2024-05-25T16:55:29.459+0000] {logging_mixin.py:120} INFO - [2024-05-25T16:55:29.459+0000] {dag.py:2585} INFO - Sync 1 DAGs
[2024-05-25T16:55:29.504+0000] {logging_mixin.py:120} INFO - [2024-05-25T16:55:29.504+0000] {dag.py:3340} INFO - Setting next_dagrun for my_BranchDateTimeOperator_dag to 2024-05-24T00:00:00+00:00, run_after=2024-05-25T00:00:00+00:00
[2024-05-25T16:55:29.568+0000] {processor.py:176} INFO - Processing /opt/airflow/dags/my_BranchDateTimeOperator_dag.py took 0.224 seconds
