[2024-05-25T16:53:26.792+0000] {processor.py:154} INFO - Started process (PID=55) to work on /opt/airflow/dags/my_BranchPythonOperator_calendar_dag.py
[2024-05-25T16:53:26.795+0000] {processor.py:756} INFO - Processing file /opt/airflow/dags/my_BranchPythonOperator_calendar_dag.py for tasks to queue
[2024-05-25T16:53:26.796+0000] {logging_mixin.py:120} INFO - [2024-05-25T16:53:26.796+0000] {dagbag.py:537} INFO - Filling up the DagBag from /opt/airflow/dags/my_BranchPythonOperator_calendar_dag.py
[2024-05-25T16:53:26.849+0000] {processor.py:766} INFO - DAG(s) dict_keys(['my_BranchPythonOperator_calendar_dag']) retrieved from /opt/airflow/dags/my_BranchPythonOperator_calendar_dag.py
[2024-05-25T16:53:26.967+0000] {logging_mixin.py:120} INFO - [2024-05-25T16:53:26.966+0000] {dag.py:2585} INFO - Sync 1 DAGs
[2024-05-25T16:53:27.049+0000] {logging_mixin.py:120} INFO - [2024-05-25T16:53:27.049+0000] {dag.py:3340} INFO - Setting next_dagrun for my_BranchPythonOperator_calendar_dag to 2024-05-24T00:00:00+00:00, run_after=2024-05-25T00:00:00+00:00
[2024-05-25T16:53:27.118+0000] {processor.py:176} INFO - Processing /opt/airflow/dags/my_BranchPythonOperator_calendar_dag.py took 0.335 seconds
[2024-05-25T16:53:57.498+0000] {processor.py:154} INFO - Started process (PID=96) to work on /opt/airflow/dags/my_BranchPythonOperator_calendar_dag.py
[2024-05-25T16:53:57.498+0000] {processor.py:756} INFO - Processing file /opt/airflow/dags/my_BranchPythonOperator_calendar_dag.py for tasks to queue
[2024-05-25T16:53:57.499+0000] {logging_mixin.py:120} INFO - [2024-05-25T16:53:57.499+0000] {dagbag.py:537} INFO - Filling up the DagBag from /opt/airflow/dags/my_BranchPythonOperator_calendar_dag.py
[2024-05-25T16:53:57.514+0000] {processor.py:766} INFO - DAG(s) dict_keys(['my_BranchPythonOperator_calendar_dag']) retrieved from /opt/airflow/dags/my_BranchPythonOperator_calendar_dag.py
[2024-05-25T16:53:57.547+0000] {logging_mixin.py:120} INFO - [2024-05-25T16:53:57.547+0000] {dag.py:2585} INFO - Sync 1 DAGs
[2024-05-25T16:53:57.571+0000] {logging_mixin.py:120} INFO - [2024-05-25T16:53:57.571+0000] {dag.py:3340} INFO - Setting next_dagrun for my_BranchPythonOperator_calendar_dag to 2024-05-24T00:00:00+00:00, run_after=2024-05-25T00:00:00+00:00
[2024-05-25T16:53:57.607+0000] {processor.py:176} INFO - Processing /opt/airflow/dags/my_BranchPythonOperator_calendar_dag.py took 0.112 seconds
[2024-05-25T16:54:28.233+0000] {processor.py:154} INFO - Started process (PID=145) to work on /opt/airflow/dags/my_BranchPythonOperator_calendar_dag.py
[2024-05-25T16:54:28.233+0000] {processor.py:756} INFO - Processing file /opt/airflow/dags/my_BranchPythonOperator_calendar_dag.py for tasks to queue
[2024-05-25T16:54:28.234+0000] {logging_mixin.py:120} INFO - [2024-05-25T16:54:28.234+0000] {dagbag.py:537} INFO - Filling up the DagBag from /opt/airflow/dags/my_BranchPythonOperator_calendar_dag.py
[2024-05-25T16:54:28.249+0000] {processor.py:766} INFO - DAG(s) dict_keys(['my_BranchPythonOperator_calendar_dag']) retrieved from /opt/airflow/dags/my_BranchPythonOperator_calendar_dag.py
[2024-05-25T16:54:28.283+0000] {logging_mixin.py:120} INFO - [2024-05-25T16:54:28.283+0000] {dag.py:2585} INFO - Sync 1 DAGs
[2024-05-25T16:54:28.312+0000] {logging_mixin.py:120} INFO - [2024-05-25T16:54:28.312+0000] {dag.py:3340} INFO - Setting next_dagrun for my_BranchPythonOperator_calendar_dag to 2024-05-24T00:00:00+00:00, run_after=2024-05-25T00:00:00+00:00
[2024-05-25T16:54:28.333+0000] {processor.py:176} INFO - Processing /opt/airflow/dags/my_BranchPythonOperator_calendar_dag.py took 0.103 seconds
[2024-05-25T16:54:58.876+0000] {processor.py:154} INFO - Started process (PID=193) to work on /opt/airflow/dags/my_BranchPythonOperator_calendar_dag.py
[2024-05-25T16:54:58.877+0000] {processor.py:756} INFO - Processing file /opt/airflow/dags/my_BranchPythonOperator_calendar_dag.py for tasks to queue
[2024-05-25T16:54:58.878+0000] {logging_mixin.py:120} INFO - [2024-05-25T16:54:58.878+0000] {dagbag.py:537} INFO - Filling up the DagBag from /opt/airflow/dags/my_BranchPythonOperator_calendar_dag.py
[2024-05-25T16:54:58.896+0000] {processor.py:766} INFO - DAG(s) dict_keys(['my_BranchPythonOperator_calendar_dag']) retrieved from /opt/airflow/dags/my_BranchPythonOperator_calendar_dag.py
[2024-05-25T16:54:58.928+0000] {logging_mixin.py:120} INFO - [2024-05-25T16:54:58.927+0000] {dag.py:2585} INFO - Sync 1 DAGs
[2024-05-25T16:54:58.949+0000] {logging_mixin.py:120} INFO - [2024-05-25T16:54:58.949+0000] {dag.py:3340} INFO - Setting next_dagrun for my_BranchPythonOperator_calendar_dag to 2024-05-24T00:00:00+00:00, run_after=2024-05-25T00:00:00+00:00
[2024-05-25T16:54:58.969+0000] {processor.py:176} INFO - Processing /opt/airflow/dags/my_BranchPythonOperator_calendar_dag.py took 0.097 seconds
[2024-05-25T16:55:29.706+0000] {processor.py:154} INFO - Started process (PID=232) to work on /opt/airflow/dags/my_BranchPythonOperator_calendar_dag.py
[2024-05-25T16:55:29.710+0000] {processor.py:756} INFO - Processing file /opt/airflow/dags/my_BranchPythonOperator_calendar_dag.py for tasks to queue
[2024-05-25T16:55:29.710+0000] {logging_mixin.py:120} INFO - [2024-05-25T16:55:29.710+0000] {dagbag.py:537} INFO - Filling up the DagBag from /opt/airflow/dags/my_BranchPythonOperator_calendar_dag.py
[2024-05-25T16:55:29.736+0000] {processor.py:766} INFO - DAG(s) dict_keys(['my_BranchPythonOperator_calendar_dag']) retrieved from /opt/airflow/dags/my_BranchPythonOperator_calendar_dag.py
[2024-05-25T16:55:29.825+0000] {logging_mixin.py:120} INFO - [2024-05-25T16:55:29.825+0000] {dag.py:2585} INFO - Sync 1 DAGs
[2024-05-25T16:55:29.863+0000] {logging_mixin.py:120} INFO - [2024-05-25T16:55:29.863+0000] {dag.py:3340} INFO - Setting next_dagrun for my_BranchPythonOperator_calendar_dag to 2024-05-24T00:00:00+00:00, run_after=2024-05-25T00:00:00+00:00
[2024-05-25T16:55:29.903+0000] {processor.py:176} INFO - Processing /opt/airflow/dags/my_BranchPythonOperator_calendar_dag.py took 0.213 seconds
