[2024-05-25T16:53:27.905+0000] {processor.py:154} INFO - Started process (PID=62) to work on /opt/airflow/dags/my_python_dag.py
[2024-05-25T16:53:27.906+0000] {processor.py:756} INFO - Processing file /opt/airflow/dags/my_python_dag.py for tasks to queue
[2024-05-25T16:53:27.906+0000] {logging_mixin.py:120} INFO - [2024-05-25T16:53:27.906+0000] {dagbag.py:537} INFO - Filling up the DagBag from /opt/airflow/dags/my_python_dag.py
[2024-05-25T16:53:27.971+0000] {logging_mixin.py:120} WARNING - /home/airflow/.local/lib/python3.7/site-packages/airflow/configuration.py:549 DeprecationWarning: The sensitive_variable_fields option in [admin] has been moved to the sensitive_var_conn_names option in [core] - the old setting has been used, but please update your config.
[2024-05-25T16:53:28.009+0000] {processor.py:766} INFO - DAG(s) dict_keys(['my_python_dag']) retrieved from /opt/airflow/dags/my_python_dag.py
[2024-05-25T16:53:28.112+0000] {logging_mixin.py:120} INFO - [2024-05-25T16:53:28.112+0000] {dag.py:2585} INFO - Sync 1 DAGs
[2024-05-25T16:53:28.189+0000] {logging_mixin.py:120} INFO - [2024-05-25T16:53:28.189+0000] {dag.py:3340} INFO - Setting next_dagrun for my_python_dag to 2024-05-24T00:00:00+00:00, run_after=2024-05-25T00:00:00+00:00
[2024-05-25T16:53:28.231+0000] {processor.py:176} INFO - Processing /opt/airflow/dags/my_python_dag.py took 0.335 seconds
[2024-05-25T16:53:58.824+0000] {processor.py:154} INFO - Started process (PID=101) to work on /opt/airflow/dags/my_python_dag.py
[2024-05-25T16:53:58.825+0000] {processor.py:756} INFO - Processing file /opt/airflow/dags/my_python_dag.py for tasks to queue
[2024-05-25T16:53:58.825+0000] {logging_mixin.py:120} INFO - [2024-05-25T16:53:58.825+0000] {dagbag.py:537} INFO - Filling up the DagBag from /opt/airflow/dags/my_python_dag.py
[2024-05-25T16:53:58.849+0000] {logging_mixin.py:120} WARNING - /home/airflow/.local/lib/python3.7/site-packages/airflow/configuration.py:549 DeprecationWarning: The sensitive_variable_fields option in [admin] has been moved to the sensitive_var_conn_names option in [core] - the old setting has been used, but please update your config.
[2024-05-25T16:53:58.856+0000] {processor.py:766} INFO - DAG(s) dict_keys(['my_python_dag']) retrieved from /opt/airflow/dags/my_python_dag.py
[2024-05-25T16:53:58.881+0000] {logging_mixin.py:120} INFO - [2024-05-25T16:53:58.881+0000] {dag.py:2585} INFO - Sync 1 DAGs
[2024-05-25T16:53:58.907+0000] {logging_mixin.py:120} INFO - [2024-05-25T16:53:58.907+0000] {dag.py:3340} INFO - Setting next_dagrun for my_python_dag to 2024-05-24T00:00:00+00:00, run_after=2024-05-25T00:00:00+00:00
[2024-05-25T16:53:58.929+0000] {processor.py:176} INFO - Processing /opt/airflow/dags/my_python_dag.py took 0.108 seconds
[2024-05-25T16:54:29.518+0000] {processor.py:154} INFO - Started process (PID=150) to work on /opt/airflow/dags/my_python_dag.py
[2024-05-25T16:54:29.519+0000] {processor.py:756} INFO - Processing file /opt/airflow/dags/my_python_dag.py for tasks to queue
[2024-05-25T16:54:29.519+0000] {logging_mixin.py:120} INFO - [2024-05-25T16:54:29.519+0000] {dagbag.py:537} INFO - Filling up the DagBag from /opt/airflow/dags/my_python_dag.py
[2024-05-25T16:54:29.538+0000] {logging_mixin.py:120} WARNING - /home/airflow/.local/lib/python3.7/site-packages/airflow/configuration.py:549 DeprecationWarning: The sensitive_variable_fields option in [admin] has been moved to the sensitive_var_conn_names option in [core] - the old setting has been used, but please update your config.
[2024-05-25T16:54:29.545+0000] {processor.py:766} INFO - DAG(s) dict_keys(['my_python_dag']) retrieved from /opt/airflow/dags/my_python_dag.py
[2024-05-25T16:54:29.571+0000] {logging_mixin.py:120} INFO - [2024-05-25T16:54:29.571+0000] {dag.py:2585} INFO - Sync 1 DAGs
[2024-05-25T16:54:29.594+0000] {logging_mixin.py:120} INFO - [2024-05-25T16:54:29.594+0000] {dag.py:3340} INFO - Setting next_dagrun for my_python_dag to 2024-05-24T00:00:00+00:00, run_after=2024-05-25T00:00:00+00:00
[2024-05-25T16:54:29.616+0000] {processor.py:176} INFO - Processing /opt/airflow/dags/my_python_dag.py took 0.100 seconds
[2024-05-25T16:55:00.166+0000] {processor.py:154} INFO - Started process (PID=198) to work on /opt/airflow/dags/my_python_dag.py
[2024-05-25T16:55:00.166+0000] {processor.py:756} INFO - Processing file /opt/airflow/dags/my_python_dag.py for tasks to queue
[2024-05-25T16:55:00.167+0000] {logging_mixin.py:120} INFO - [2024-05-25T16:55:00.167+0000] {dagbag.py:537} INFO - Filling up the DagBag from /opt/airflow/dags/my_python_dag.py
[2024-05-25T16:55:00.186+0000] {logging_mixin.py:120} WARNING - /home/airflow/.local/lib/python3.7/site-packages/airflow/configuration.py:549 DeprecationWarning: The sensitive_variable_fields option in [admin] has been moved to the sensitive_var_conn_names option in [core] - the old setting has been used, but please update your config.
[2024-05-25T16:55:00.194+0000] {processor.py:766} INFO - DAG(s) dict_keys(['my_python_dag']) retrieved from /opt/airflow/dags/my_python_dag.py
[2024-05-25T16:55:00.218+0000] {logging_mixin.py:120} INFO - [2024-05-25T16:55:00.218+0000] {dag.py:2585} INFO - Sync 1 DAGs
[2024-05-25T16:55:00.242+0000] {logging_mixin.py:120} INFO - [2024-05-25T16:55:00.242+0000] {dag.py:3340} INFO - Setting next_dagrun for my_python_dag to 2024-05-24T00:00:00+00:00, run_after=2024-05-25T00:00:00+00:00
[2024-05-25T16:55:00.269+0000] {processor.py:176} INFO - Processing /opt/airflow/dags/my_python_dag.py took 0.106 seconds
[2024-05-25T16:55:31.415+0000] {processor.py:154} INFO - Started process (PID=237) to work on /opt/airflow/dags/my_python_dag.py
[2024-05-25T16:55:31.416+0000] {processor.py:756} INFO - Processing file /opt/airflow/dags/my_python_dag.py for tasks to queue
[2024-05-25T16:55:31.417+0000] {logging_mixin.py:120} INFO - [2024-05-25T16:55:31.416+0000] {dagbag.py:537} INFO - Filling up the DagBag from /opt/airflow/dags/my_python_dag.py
[2024-05-25T16:55:31.443+0000] {logging_mixin.py:120} WARNING - /home/airflow/.local/lib/python3.7/site-packages/airflow/configuration.py:549 DeprecationWarning: The sensitive_variable_fields option in [admin] has been moved to the sensitive_var_conn_names option in [core] - the old setting has been used, but please update your config.
[2024-05-25T16:55:31.456+0000] {processor.py:766} INFO - DAG(s) dict_keys(['my_python_dag']) retrieved from /opt/airflow/dags/my_python_dag.py
[2024-05-25T16:55:31.520+0000] {logging_mixin.py:120} INFO - [2024-05-25T16:55:31.520+0000] {dag.py:2585} INFO - Sync 1 DAGs
[2024-05-25T16:55:31.613+0000] {logging_mixin.py:120} INFO - [2024-05-25T16:55:31.613+0000] {dag.py:3340} INFO - Setting next_dagrun for my_python_dag to 2024-05-24T00:00:00+00:00, run_after=2024-05-25T00:00:00+00:00
[2024-05-25T16:55:31.671+0000] {processor.py:176} INFO - Processing /opt/airflow/dags/my_python_dag.py took 0.260 seconds
