[2024-05-25T16:53:25.882+0000] {processor.py:154} INFO - Started process (PID=41) to work on /opt/airflow/dags/parent_of_subdag.py
[2024-05-25T16:53:25.884+0000] {processor.py:756} INFO - Processing file /opt/airflow/dags/parent_of_subdag.py for tasks to queue
[2024-05-25T16:53:25.885+0000] {logging_mixin.py:120} INFO - [2024-05-25T16:53:25.884+0000] {dagbag.py:537} INFO - Filling up the DagBag from /opt/airflow/dags/parent_of_subdag.py
[2024-05-25T16:53:25.913+0000] {processor.py:766} INFO - DAG(s) dict_keys(['parent_of_subdag.group_training_tasks', 'parent_of_subdag.group_training_tasks_2', 'parent_of_subdag.group_training_tasks_3', 'parent_of_subdag']) retrieved from /opt/airflow/dags/parent_of_subdag.py
[2024-05-25T16:53:26.288+0000] {logging_mixin.py:120} INFO - [2024-05-25T16:53:26.288+0000] {dag.py:2585} INFO - Sync 4 DAGs
[2024-05-25T16:53:26.344+0000] {logging_mixin.py:120} INFO - [2024-05-25T16:53:26.344+0000] {dag.py:3340} INFO - Setting next_dagrun for parent_of_subdag to 2024-05-24T00:00:00+00:00, run_after=2024-05-25T00:00:00+00:00
[2024-05-25T16:53:26.355+0000] {logging_mixin.py:120} INFO - [2024-05-25T16:53:26.355+0000] {dag.py:3340} INFO - Setting next_dagrun for parent_of_subdag.group_training_tasks to None, run_after=None
[2024-05-25T16:53:26.357+0000] {logging_mixin.py:120} INFO - [2024-05-25T16:53:26.357+0000] {dag.py:3340} INFO - Setting next_dagrun for parent_of_subdag.group_training_tasks_2 to None, run_after=None
[2024-05-25T16:53:26.359+0000] {logging_mixin.py:120} INFO - [2024-05-25T16:53:26.358+0000] {dag.py:3340} INFO - Setting next_dagrun for parent_of_subdag.group_training_tasks_3 to None, run_after=None
[2024-05-25T16:53:26.368+0000] {logging_mixin.py:120} INFO - [2024-05-25T16:53:26.368+0000] {dag.py:2585} INFO - Sync 3 DAGs
[2024-05-25T16:53:26.375+0000] {logging_mixin.py:120} INFO - [2024-05-25T16:53:26.374+0000] {dag.py:3340} INFO - Setting next_dagrun for parent_of_subdag.group_training_tasks to None, run_after=None
[2024-05-25T16:53:26.375+0000] {logging_mixin.py:120} INFO - [2024-05-25T16:53:26.375+0000] {dag.py:3340} INFO - Setting next_dagrun for parent_of_subdag.group_training_tasks_2 to None, run_after=None
[2024-05-25T16:53:26.375+0000] {logging_mixin.py:120} INFO - [2024-05-25T16:53:26.375+0000] {dag.py:3340} INFO - Setting next_dagrun for parent_of_subdag.group_training_tasks_3 to None, run_after=None
[2024-05-25T16:53:26.432+0000] {processor.py:176} INFO - Processing /opt/airflow/dags/parent_of_subdag.py took 0.556 seconds
[2024-05-25T16:53:57.081+0000] {processor.py:154} INFO - Started process (PID=90) to work on /opt/airflow/dags/parent_of_subdag.py
[2024-05-25T16:53:57.082+0000] {processor.py:756} INFO - Processing file /opt/airflow/dags/parent_of_subdag.py for tasks to queue
[2024-05-25T16:53:57.082+0000] {logging_mixin.py:120} INFO - [2024-05-25T16:53:57.082+0000] {dagbag.py:537} INFO - Filling up the DagBag from /opt/airflow/dags/parent_of_subdag.py
[2024-05-25T16:53:57.099+0000] {processor.py:766} INFO - DAG(s) dict_keys(['parent_of_subdag.group_training_tasks_2', 'parent_of_subdag.group_training_tasks_3', 'parent_of_subdag.group_training_tasks', 'parent_of_subdag']) retrieved from /opt/airflow/dags/parent_of_subdag.py
[2024-05-25T16:53:57.293+0000] {logging_mixin.py:120} INFO - [2024-05-25T16:53:57.293+0000] {dag.py:2585} INFO - Sync 4 DAGs
[2024-05-25T16:53:57.320+0000] {logging_mixin.py:120} INFO - [2024-05-25T16:53:57.320+0000] {dag.py:3340} INFO - Setting next_dagrun for parent_of_subdag to 2024-05-24T00:00:00+00:00, run_after=2024-05-25T00:00:00+00:00
[2024-05-25T16:53:57.323+0000] {logging_mixin.py:120} INFO - [2024-05-25T16:53:57.323+0000] {dag.py:3340} INFO - Setting next_dagrun for parent_of_subdag.group_training_tasks to None, run_after=None
[2024-05-25T16:53:57.324+0000] {logging_mixin.py:120} INFO - [2024-05-25T16:53:57.324+0000] {dag.py:3340} INFO - Setting next_dagrun for parent_of_subdag.group_training_tasks_2 to None, run_after=None
[2024-05-25T16:53:57.325+0000] {logging_mixin.py:120} INFO - [2024-05-25T16:53:57.325+0000] {dag.py:3340} INFO - Setting next_dagrun for parent_of_subdag.group_training_tasks_3 to None, run_after=None
[2024-05-25T16:53:57.330+0000] {logging_mixin.py:120} INFO - [2024-05-25T16:53:57.330+0000] {dag.py:2585} INFO - Sync 3 DAGs
[2024-05-25T16:53:57.335+0000] {logging_mixin.py:120} INFO - [2024-05-25T16:53:57.335+0000] {dag.py:3340} INFO - Setting next_dagrun for parent_of_subdag.group_training_tasks to None, run_after=None
[2024-05-25T16:53:57.335+0000] {logging_mixin.py:120} INFO - [2024-05-25T16:53:57.335+0000] {dag.py:3340} INFO - Setting next_dagrun for parent_of_subdag.group_training_tasks_2 to None, run_after=None
[2024-05-25T16:53:57.336+0000] {logging_mixin.py:120} INFO - [2024-05-25T16:53:57.336+0000] {dag.py:3340} INFO - Setting next_dagrun for parent_of_subdag.group_training_tasks_3 to None, run_after=None
[2024-05-25T16:53:57.353+0000] {processor.py:176} INFO - Processing /opt/airflow/dags/parent_of_subdag.py took 0.274 seconds
[2024-05-25T16:54:27.809+0000] {processor.py:154} INFO - Started process (PID=139) to work on /opt/airflow/dags/parent_of_subdag.py
[2024-05-25T16:54:27.809+0000] {processor.py:756} INFO - Processing file /opt/airflow/dags/parent_of_subdag.py for tasks to queue
[2024-05-25T16:54:27.810+0000] {logging_mixin.py:120} INFO - [2024-05-25T16:54:27.810+0000] {dagbag.py:537} INFO - Filling up the DagBag from /opt/airflow/dags/parent_of_subdag.py
[2024-05-25T16:54:27.826+0000] {processor.py:766} INFO - DAG(s) dict_keys(['parent_of_subdag.group_training_tasks', 'parent_of_subdag.group_training_tasks_2', 'parent_of_subdag.group_training_tasks_3', 'parent_of_subdag']) retrieved from /opt/airflow/dags/parent_of_subdag.py
[2024-05-25T16:54:28.062+0000] {logging_mixin.py:120} INFO - [2024-05-25T16:54:28.062+0000] {dag.py:2585} INFO - Sync 4 DAGs
[2024-05-25T16:54:28.092+0000] {logging_mixin.py:120} INFO - [2024-05-25T16:54:28.092+0000] {dag.py:3340} INFO - Setting next_dagrun for parent_of_subdag to 2024-05-24T00:00:00+00:00, run_after=2024-05-25T00:00:00+00:00
[2024-05-25T16:54:28.095+0000] {logging_mixin.py:120} INFO - [2024-05-25T16:54:28.095+0000] {dag.py:3340} INFO - Setting next_dagrun for parent_of_subdag.group_training_tasks to None, run_after=None
[2024-05-25T16:54:28.096+0000] {logging_mixin.py:120} INFO - [2024-05-25T16:54:28.096+0000] {dag.py:3340} INFO - Setting next_dagrun for parent_of_subdag.group_training_tasks_2 to None, run_after=None
[2024-05-25T16:54:28.098+0000] {logging_mixin.py:120} INFO - [2024-05-25T16:54:28.098+0000] {dag.py:3340} INFO - Setting next_dagrun for parent_of_subdag.group_training_tasks_3 to None, run_after=None
[2024-05-25T16:54:28.103+0000] {logging_mixin.py:120} INFO - [2024-05-25T16:54:28.103+0000] {dag.py:2585} INFO - Sync 3 DAGs
[2024-05-25T16:54:28.107+0000] {logging_mixin.py:120} INFO - [2024-05-25T16:54:28.107+0000] {dag.py:3340} INFO - Setting next_dagrun for parent_of_subdag.group_training_tasks to None, run_after=None
[2024-05-25T16:54:28.108+0000] {logging_mixin.py:120} INFO - [2024-05-25T16:54:28.107+0000] {dag.py:3340} INFO - Setting next_dagrun for parent_of_subdag.group_training_tasks_2 to None, run_after=None
[2024-05-25T16:54:28.108+0000] {logging_mixin.py:120} INFO - [2024-05-25T16:54:28.108+0000] {dag.py:3340} INFO - Setting next_dagrun for parent_of_subdag.group_training_tasks_3 to None, run_after=None
[2024-05-25T16:54:28.127+0000] {processor.py:176} INFO - Processing /opt/airflow/dags/parent_of_subdag.py took 0.321 seconds
[2024-05-25T16:54:58.387+0000] {processor.py:154} INFO - Started process (PID=187) to work on /opt/airflow/dags/parent_of_subdag.py
[2024-05-25T16:54:58.387+0000] {processor.py:756} INFO - Processing file /opt/airflow/dags/parent_of_subdag.py for tasks to queue
[2024-05-25T16:54:58.388+0000] {logging_mixin.py:120} INFO - [2024-05-25T16:54:58.388+0000] {dagbag.py:537} INFO - Filling up the DagBag from /opt/airflow/dags/parent_of_subdag.py
[2024-05-25T16:54:58.411+0000] {processor.py:766} INFO - DAG(s) dict_keys(['parent_of_subdag.group_training_tasks', 'parent_of_subdag.group_training_tasks_2', 'parent_of_subdag.group_training_tasks_3', 'parent_of_subdag']) retrieved from /opt/airflow/dags/parent_of_subdag.py
[2024-05-25T16:54:58.669+0000] {logging_mixin.py:120} INFO - [2024-05-25T16:54:58.669+0000] {dag.py:2585} INFO - Sync 4 DAGs
[2024-05-25T16:54:58.697+0000] {logging_mixin.py:120} INFO - [2024-05-25T16:54:58.696+0000] {dag.py:3340} INFO - Setting next_dagrun for parent_of_subdag to 2024-05-24T00:00:00+00:00, run_after=2024-05-25T00:00:00+00:00
[2024-05-25T16:54:58.700+0000] {logging_mixin.py:120} INFO - [2024-05-25T16:54:58.700+0000] {dag.py:3340} INFO - Setting next_dagrun for parent_of_subdag.group_training_tasks to None, run_after=None
[2024-05-25T16:54:58.702+0000] {logging_mixin.py:120} INFO - [2024-05-25T16:54:58.702+0000] {dag.py:3340} INFO - Setting next_dagrun for parent_of_subdag.group_training_tasks_2 to None, run_after=None
[2024-05-25T16:54:58.703+0000] {logging_mixin.py:120} INFO - [2024-05-25T16:54:58.703+0000] {dag.py:3340} INFO - Setting next_dagrun for parent_of_subdag.group_training_tasks_3 to None, run_after=None
[2024-05-25T16:54:58.709+0000] {logging_mixin.py:120} INFO - [2024-05-25T16:54:58.708+0000] {dag.py:2585} INFO - Sync 3 DAGs
[2024-05-25T16:54:58.713+0000] {logging_mixin.py:120} INFO - [2024-05-25T16:54:58.713+0000] {dag.py:3340} INFO - Setting next_dagrun for parent_of_subdag.group_training_tasks to None, run_after=None
[2024-05-25T16:54:58.714+0000] {logging_mixin.py:120} INFO - [2024-05-25T16:54:58.714+0000] {dag.py:3340} INFO - Setting next_dagrun for parent_of_subdag.group_training_tasks_2 to None, run_after=None
[2024-05-25T16:54:58.714+0000] {logging_mixin.py:120} INFO - [2024-05-25T16:54:58.714+0000] {dag.py:3340} INFO - Setting next_dagrun for parent_of_subdag.group_training_tasks_3 to None, run_after=None
[2024-05-25T16:54:58.733+0000] {processor.py:176} INFO - Processing /opt/airflow/dags/parent_of_subdag.py took 0.349 seconds
[2024-05-25T16:55:28.954+0000] {processor.py:154} INFO - Started process (PID=228) to work on /opt/airflow/dags/parent_of_subdag.py
[2024-05-25T16:55:28.968+0000] {processor.py:756} INFO - Processing file /opt/airflow/dags/parent_of_subdag.py for tasks to queue
[2024-05-25T16:55:28.972+0000] {logging_mixin.py:120} INFO - [2024-05-25T16:55:28.972+0000] {dagbag.py:537} INFO - Filling up the DagBag from /opt/airflow/dags/parent_of_subdag.py
[2024-05-25T16:55:29.025+0000] {processor.py:766} INFO - DAG(s) dict_keys(['parent_of_subdag.group_training_tasks', 'parent_of_subdag.group_training_tasks_2', 'parent_of_subdag.group_training_tasks_3', 'parent_of_subdag']) retrieved from /opt/airflow/dags/parent_of_subdag.py
[2024-05-25T16:55:29.516+0000] {logging_mixin.py:120} INFO - [2024-05-25T16:55:29.516+0000] {dag.py:2585} INFO - Sync 4 DAGs
[2024-05-25T16:55:29.563+0000] {logging_mixin.py:120} INFO - [2024-05-25T16:55:29.563+0000] {dag.py:3340} INFO - Setting next_dagrun for parent_of_subdag to 2024-05-24T00:00:00+00:00, run_after=2024-05-25T00:00:00+00:00
[2024-05-25T16:55:29.579+0000] {logging_mixin.py:120} INFO - [2024-05-25T16:55:29.579+0000] {dag.py:3340} INFO - Setting next_dagrun for parent_of_subdag.group_training_tasks to None, run_after=None
[2024-05-25T16:55:29.581+0000] {logging_mixin.py:120} INFO - [2024-05-25T16:55:29.580+0000] {dag.py:3340} INFO - Setting next_dagrun for parent_of_subdag.group_training_tasks_2 to None, run_after=None
[2024-05-25T16:55:29.582+0000] {logging_mixin.py:120} INFO - [2024-05-25T16:55:29.582+0000] {dag.py:3340} INFO - Setting next_dagrun for parent_of_subdag.group_training_tasks_3 to None, run_after=None
[2024-05-25T16:55:29.591+0000] {logging_mixin.py:120} INFO - [2024-05-25T16:55:29.591+0000] {dag.py:2585} INFO - Sync 3 DAGs
[2024-05-25T16:55:29.599+0000] {logging_mixin.py:120} INFO - [2024-05-25T16:55:29.599+0000] {dag.py:3340} INFO - Setting next_dagrun for parent_of_subdag.group_training_tasks to None, run_after=None
[2024-05-25T16:55:29.600+0000] {logging_mixin.py:120} INFO - [2024-05-25T16:55:29.599+0000] {dag.py:3340} INFO - Setting next_dagrun for parent_of_subdag.group_training_tasks_2 to None, run_after=None
[2024-05-25T16:55:29.600+0000] {logging_mixin.py:120} INFO - [2024-05-25T16:55:29.600+0000] {dag.py:3340} INFO - Setting next_dagrun for parent_of_subdag.group_training_tasks_3 to None, run_after=None
[2024-05-25T16:55:29.635+0000] {processor.py:176} INFO - Processing /opt/airflow/dags/parent_of_subdag.py took 0.684 seconds
