[2024-05-25T16:53:25.959+0000] {processor.py:154} INFO - Started process (PID=42) to work on /opt/airflow/dags/parent_of_task_group.py
[2024-05-25T16:53:25.960+0000] {processor.py:756} INFO - Processing file /opt/airflow/dags/parent_of_task_group.py for tasks to queue
[2024-05-25T16:53:25.961+0000] {logging_mixin.py:120} INFO - [2024-05-25T16:53:25.961+0000] {dagbag.py:537} INFO - Filling up the DagBag from /opt/airflow/dags/parent_of_task_group.py
[2024-05-25T16:53:25.992+0000] {processor.py:766} INFO - DAG(s) dict_keys(['parent_of_task_group']) retrieved from /opt/airflow/dags/parent_of_task_group.py
[2024-05-25T16:53:26.073+0000] {logging_mixin.py:120} INFO - [2024-05-25T16:53:26.073+0000] {dag.py:2585} INFO - Sync 1 DAGs
[2024-05-25T16:53:26.125+0000] {logging_mixin.py:120} INFO - [2024-05-25T16:53:26.125+0000] {dag.py:3340} INFO - Setting next_dagrun for parent_of_task_group to 2024-05-24T00:00:00+00:00, run_after=2024-05-25T00:00:00+00:00
[2024-05-25T16:53:26.188+0000] {processor.py:176} INFO - Processing /opt/airflow/dags/parent_of_task_group.py took 0.234 seconds
[2024-05-25T16:53:57.086+0000] {processor.py:154} INFO - Started process (PID=91) to work on /opt/airflow/dags/parent_of_task_group.py
[2024-05-25T16:53:57.086+0000] {processor.py:756} INFO - Processing file /opt/airflow/dags/parent_of_task_group.py for tasks to queue
[2024-05-25T16:53:57.087+0000] {logging_mixin.py:120} INFO - [2024-05-25T16:53:57.087+0000] {dagbag.py:537} INFO - Filling up the DagBag from /opt/airflow/dags/parent_of_task_group.py
[2024-05-25T16:53:57.101+0000] {processor.py:766} INFO - DAG(s) dict_keys(['parent_of_task_group']) retrieved from /opt/airflow/dags/parent_of_task_group.py
[2024-05-25T16:53:57.136+0000] {logging_mixin.py:120} INFO - [2024-05-25T16:53:57.136+0000] {dag.py:2585} INFO - Sync 1 DAGs
[2024-05-25T16:53:57.164+0000] {logging_mixin.py:120} INFO - [2024-05-25T16:53:57.164+0000] {dag.py:3340} INFO - Setting next_dagrun for parent_of_task_group to 2024-05-24T00:00:00+00:00, run_after=2024-05-25T00:00:00+00:00
[2024-05-25T16:53:57.185+0000] {processor.py:176} INFO - Processing /opt/airflow/dags/parent_of_task_group.py took 0.102 seconds
[2024-05-25T16:54:27.814+0000] {processor.py:154} INFO - Started process (PID=140) to work on /opt/airflow/dags/parent_of_task_group.py
[2024-05-25T16:54:27.814+0000] {processor.py:756} INFO - Processing file /opt/airflow/dags/parent_of_task_group.py for tasks to queue
[2024-05-25T16:54:27.815+0000] {logging_mixin.py:120} INFO - [2024-05-25T16:54:27.814+0000] {dagbag.py:537} INFO - Filling up the DagBag from /opt/airflow/dags/parent_of_task_group.py
[2024-05-25T16:54:27.828+0000] {processor.py:766} INFO - DAG(s) dict_keys(['parent_of_task_group']) retrieved from /opt/airflow/dags/parent_of_task_group.py
[2024-05-25T16:54:27.865+0000] {logging_mixin.py:120} INFO - [2024-05-25T16:54:27.865+0000] {dag.py:2585} INFO - Sync 1 DAGs
[2024-05-25T16:54:27.899+0000] {logging_mixin.py:120} INFO - [2024-05-25T16:54:27.899+0000] {dag.py:3340} INFO - Setting next_dagrun for parent_of_task_group to 2024-05-24T00:00:00+00:00, run_after=2024-05-25T00:00:00+00:00
[2024-05-25T16:54:27.924+0000] {processor.py:176} INFO - Processing /opt/airflow/dags/parent_of_task_group.py took 0.113 seconds
[2024-05-25T16:54:58.395+0000] {processor.py:154} INFO - Started process (PID=188) to work on /opt/airflow/dags/parent_of_task_group.py
[2024-05-25T16:54:58.395+0000] {processor.py:756} INFO - Processing file /opt/airflow/dags/parent_of_task_group.py for tasks to queue
[2024-05-25T16:54:58.396+0000] {logging_mixin.py:120} INFO - [2024-05-25T16:54:58.396+0000] {dagbag.py:537} INFO - Filling up the DagBag from /opt/airflow/dags/parent_of_task_group.py
[2024-05-25T16:54:58.416+0000] {processor.py:766} INFO - DAG(s) dict_keys(['parent_of_task_group']) retrieved from /opt/airflow/dags/parent_of_task_group.py
[2024-05-25T16:54:58.458+0000] {logging_mixin.py:120} INFO - [2024-05-25T16:54:58.458+0000] {dag.py:2585} INFO - Sync 1 DAGs
[2024-05-25T16:54:58.504+0000] {logging_mixin.py:120} INFO - [2024-05-25T16:54:58.504+0000] {dag.py:3340} INFO - Setting next_dagrun for parent_of_task_group to 2024-05-24T00:00:00+00:00, run_after=2024-05-25T00:00:00+00:00
[2024-05-25T16:54:58.564+0000] {processor.py:176} INFO - Processing /opt/airflow/dags/parent_of_task_group.py took 0.173 seconds
[2024-05-25T16:55:28.732+0000] {processor.py:154} INFO - Started process (PID=226) to work on /opt/airflow/dags/parent_of_task_group.py
[2024-05-25T16:55:28.733+0000] {processor.py:756} INFO - Processing file /opt/airflow/dags/parent_of_task_group.py for tasks to queue
[2024-05-25T16:55:28.733+0000] {logging_mixin.py:120} INFO - [2024-05-25T16:55:28.733+0000] {dagbag.py:537} INFO - Filling up the DagBag from /opt/airflow/dags/parent_of_task_group.py
[2024-05-25T16:55:28.783+0000] {processor.py:766} INFO - DAG(s) dict_keys(['parent_of_task_group']) retrieved from /opt/airflow/dags/parent_of_task_group.py
[2024-05-25T16:55:28.867+0000] {logging_mixin.py:120} INFO - [2024-05-25T16:55:28.867+0000] {dag.py:2585} INFO - Sync 1 DAGs
[2024-05-25T16:55:28.938+0000] {logging_mixin.py:120} INFO - [2024-05-25T16:55:28.938+0000] {dag.py:3340} INFO - Setting next_dagrun for parent_of_task_group to 2024-05-24T00:00:00+00:00, run_after=2024-05-25T00:00:00+00:00
[2024-05-25T16:55:28.964+0000] {processor.py:176} INFO - Processing /opt/airflow/dags/parent_of_task_group.py took 0.244 seconds
