[2024-05-25T16:53:25.444+0000] {processor.py:154} INFO - Started process (PID=37) to work on /opt/airflow/dags/sensor_parent_dag.py
[2024-05-25T16:53:25.445+0000] {processor.py:756} INFO - Processing file /opt/airflow/dags/sensor_parent_dag.py for tasks to queue
[2024-05-25T16:53:25.446+0000] {logging_mixin.py:120} INFO - [2024-05-25T16:53:25.446+0000] {dagbag.py:537} INFO - Filling up the DagBag from /opt/airflow/dags/sensor_parent_dag.py
[2024-05-25T16:53:25.471+0000] {processor.py:766} INFO - DAG(s) dict_keys(['sensor_parent_dag']) retrieved from /opt/airflow/dags/sensor_parent_dag.py
[2024-05-25T16:53:25.533+0000] {logging_mixin.py:120} INFO - [2024-05-25T16:53:25.532+0000] {dag.py:2585} INFO - Sync 1 DAGs
[2024-05-25T16:53:25.578+0000] {logging_mixin.py:120} INFO - [2024-05-25T16:53:25.578+0000] {dag.py:3340} INFO - Setting next_dagrun for sensor_parent_dag to 2024-05-25T15:10:00+00:00, run_after=2024-05-25T16:10:00+00:00
[2024-05-25T16:53:25.612+0000] {processor.py:176} INFO - Processing /opt/airflow/dags/sensor_parent_dag.py took 0.174 seconds
[2024-05-25T16:53:55.837+0000] {processor.py:154} INFO - Started process (PID=86) to work on /opt/airflow/dags/sensor_parent_dag.py
[2024-05-25T16:53:55.838+0000] {processor.py:756} INFO - Processing file /opt/airflow/dags/sensor_parent_dag.py for tasks to queue
[2024-05-25T16:53:55.838+0000] {logging_mixin.py:120} INFO - [2024-05-25T16:53:55.838+0000] {dagbag.py:537} INFO - Filling up the DagBag from /opt/airflow/dags/sensor_parent_dag.py
[2024-05-25T16:53:55.851+0000] {processor.py:766} INFO - DAG(s) dict_keys(['sensor_parent_dag']) retrieved from /opt/airflow/dags/sensor_parent_dag.py
[2024-05-25T16:53:55.882+0000] {logging_mixin.py:120} INFO - [2024-05-25T16:53:55.882+0000] {dag.py:2585} INFO - Sync 1 DAGs
[2024-05-25T16:53:55.904+0000] {logging_mixin.py:120} INFO - [2024-05-25T16:53:55.904+0000] {dag.py:3340} INFO - Setting next_dagrun for sensor_parent_dag to 2024-05-25T15:10:00+00:00, run_after=2024-05-25T16:10:00+00:00
[2024-05-25T16:53:55.923+0000] {processor.py:176} INFO - Processing /opt/airflow/dags/sensor_parent_dag.py took 0.088 seconds
[2024-05-25T16:54:26.397+0000] {processor.py:154} INFO - Started process (PID=135) to work on /opt/airflow/dags/sensor_parent_dag.py
[2024-05-25T16:54:26.398+0000] {processor.py:756} INFO - Processing file /opt/airflow/dags/sensor_parent_dag.py for tasks to queue
[2024-05-25T16:54:26.399+0000] {logging_mixin.py:120} INFO - [2024-05-25T16:54:26.399+0000] {dagbag.py:537} INFO - Filling up the DagBag from /opt/airflow/dags/sensor_parent_dag.py
[2024-05-25T16:54:26.422+0000] {processor.py:766} INFO - DAG(s) dict_keys(['sensor_parent_dag']) retrieved from /opt/airflow/dags/sensor_parent_dag.py
[2024-05-25T16:54:26.507+0000] {logging_mixin.py:120} INFO - [2024-05-25T16:54:26.507+0000] {dag.py:2585} INFO - Sync 1 DAGs
[2024-05-25T16:54:26.546+0000] {logging_mixin.py:120} INFO - [2024-05-25T16:54:26.546+0000] {dag.py:3340} INFO - Setting next_dagrun for sensor_parent_dag to 2024-05-25T15:10:00+00:00, run_after=2024-05-25T16:10:00+00:00
[2024-05-25T16:54:26.572+0000] {processor.py:176} INFO - Processing /opt/airflow/dags/sensor_parent_dag.py took 0.184 seconds
[2024-05-25T16:54:57.041+0000] {processor.py:154} INFO - Started process (PID=174) to work on /opt/airflow/dags/sensor_parent_dag.py
[2024-05-25T16:54:57.042+0000] {processor.py:756} INFO - Processing file /opt/airflow/dags/sensor_parent_dag.py for tasks to queue
[2024-05-25T16:54:57.043+0000] {logging_mixin.py:120} INFO - [2024-05-25T16:54:57.042+0000] {dagbag.py:537} INFO - Filling up the DagBag from /opt/airflow/dags/sensor_parent_dag.py
[2024-05-25T16:54:57.062+0000] {processor.py:766} INFO - DAG(s) dict_keys(['sensor_parent_dag']) retrieved from /opt/airflow/dags/sensor_parent_dag.py
[2024-05-25T16:54:57.110+0000] {logging_mixin.py:120} INFO - [2024-05-25T16:54:57.110+0000] {dag.py:2585} INFO - Sync 1 DAGs
[2024-05-25T16:54:57.145+0000] {logging_mixin.py:120} INFO - [2024-05-25T16:54:57.145+0000] {dag.py:3340} INFO - Setting next_dagrun for sensor_parent_dag to 2024-05-25T15:10:00+00:00, run_after=2024-05-25T16:10:00+00:00
[2024-05-25T16:54:57.171+0000] {processor.py:176} INFO - Processing /opt/airflow/dags/sensor_parent_dag.py took 0.134 seconds
[2024-05-25T16:55:28.056+0000] {processor.py:154} INFO - Started process (PID=222) to work on /opt/airflow/dags/sensor_parent_dag.py
[2024-05-25T16:55:28.057+0000] {processor.py:756} INFO - Processing file /opt/airflow/dags/sensor_parent_dag.py for tasks to queue
[2024-05-25T16:55:28.058+0000] {logging_mixin.py:120} INFO - [2024-05-25T16:55:28.058+0000] {dagbag.py:537} INFO - Filling up the DagBag from /opt/airflow/dags/sensor_parent_dag.py
[2024-05-25T16:55:28.086+0000] {processor.py:766} INFO - DAG(s) dict_keys(['sensor_parent_dag']) retrieved from /opt/airflow/dags/sensor_parent_dag.py
[2024-05-25T16:55:28.176+0000] {logging_mixin.py:120} INFO - [2024-05-25T16:55:28.176+0000] {dag.py:2585} INFO - Sync 1 DAGs
[2024-05-25T16:55:28.223+0000] {logging_mixin.py:120} INFO - [2024-05-25T16:55:28.223+0000] {dag.py:3340} INFO - Setting next_dagrun for sensor_parent_dag to 2024-05-25T15:10:00+00:00, run_after=2024-05-25T16:10:00+00:00
[2024-05-25T16:55:28.304+0000] {processor.py:176} INFO - Processing /opt/airflow/dags/sensor_parent_dag.py took 0.258 seconds
