[2024-05-25T16:53:26.222+0000] {processor.py:154} INFO - Started process (PID=43) to work on /opt/airflow/dags/subdag.py
[2024-05-25T16:53:26.223+0000] {processor.py:756} INFO - Processing file /opt/airflow/dags/subdag.py for tasks to queue
[2024-05-25T16:53:26.224+0000] {logging_mixin.py:120} INFO - [2024-05-25T16:53:26.223+0000] {dagbag.py:537} INFO - Filling up the DagBag from /opt/airflow/dags/subdag.py
[2024-05-25T16:53:26.229+0000] {processor.py:768} WARNING - No viable dags retrieved from /opt/airflow/dags/subdag.py
[2024-05-25T16:53:26.249+0000] {processor.py:176} INFO - Processing /opt/airflow/dags/subdag.py took 0.033 seconds
[2024-05-25T16:53:57.203+0000] {processor.py:154} INFO - Started process (PID=92) to work on /opt/airflow/dags/subdag.py
[2024-05-25T16:53:57.204+0000] {processor.py:756} INFO - Processing file /opt/airflow/dags/subdag.py for tasks to queue
[2024-05-25T16:53:57.204+0000] {logging_mixin.py:120} INFO - [2024-05-25T16:53:57.204+0000] {dagbag.py:537} INFO - Filling up the DagBag from /opt/airflow/dags/subdag.py
[2024-05-25T16:53:57.208+0000] {processor.py:768} WARNING - No viable dags retrieved from /opt/airflow/dags/subdag.py
[2024-05-25T16:53:57.220+0000] {processor.py:176} INFO - Processing /opt/airflow/dags/subdag.py took 0.019 seconds
[2024-05-25T16:54:27.944+0000] {processor.py:154} INFO - Started process (PID=141) to work on /opt/airflow/dags/subdag.py
[2024-05-25T16:54:27.945+0000] {processor.py:756} INFO - Processing file /opt/airflow/dags/subdag.py for tasks to queue
[2024-05-25T16:54:27.946+0000] {logging_mixin.py:120} INFO - [2024-05-25T16:54:27.946+0000] {dagbag.py:537} INFO - Filling up the DagBag from /opt/airflow/dags/subdag.py
[2024-05-25T16:54:27.950+0000] {processor.py:768} WARNING - No viable dags retrieved from /opt/airflow/dags/subdag.py
[2024-05-25T16:54:27.963+0000] {processor.py:176} INFO - Processing /opt/airflow/dags/subdag.py took 0.021 seconds
[2024-05-25T16:54:58.582+0000] {processor.py:154} INFO - Started process (PID=189) to work on /opt/airflow/dags/subdag.py
[2024-05-25T16:54:58.582+0000] {processor.py:756} INFO - Processing file /opt/airflow/dags/subdag.py for tasks to queue
[2024-05-25T16:54:58.583+0000] {logging_mixin.py:120} INFO - [2024-05-25T16:54:58.583+0000] {dagbag.py:537} INFO - Filling up the DagBag from /opt/airflow/dags/subdag.py
[2024-05-25T16:54:58.587+0000] {processor.py:768} WARNING - No viable dags retrieved from /opt/airflow/dags/subdag.py
[2024-05-25T16:54:58.597+0000] {processor.py:176} INFO - Processing /opt/airflow/dags/subdag.py took 0.018 seconds
[2024-05-25T16:55:28.790+0000] {processor.py:154} INFO - Started process (PID=227) to work on /opt/airflow/dags/subdag.py
[2024-05-25T16:55:28.793+0000] {processor.py:756} INFO - Processing file /opt/airflow/dags/subdag.py for tasks to queue
[2024-05-25T16:55:28.794+0000] {logging_mixin.py:120} INFO - [2024-05-25T16:55:28.793+0000] {dagbag.py:537} INFO - Filling up the DagBag from /opt/airflow/dags/subdag.py
[2024-05-25T16:55:28.807+0000] {processor.py:768} WARNING - No viable dags retrieved from /opt/airflow/dags/subdag.py
[2024-05-25T16:55:28.888+0000] {processor.py:176} INFO - Processing /opt/airflow/dags/subdag.py took 0.105 seconds
