[2023-12-25T15:47:21.722+0000] {taskinstance.py:1165} INFO - Dependencies all met for <TaskInstance: my_python_dag.task_a manual__2023-12-25T15:47:20.755544+00:00 [queued]>
[2023-12-25T15:47:21.729+0000] {taskinstance.py:1165} INFO - Dependencies all met for <TaskInstance: my_python_dag.task_a manual__2023-12-25T15:47:20.755544+00:00 [queued]>
[2023-12-25T15:47:21.729+0000] {taskinstance.py:1362} INFO - 
--------------------------------------------------------------------------------
[2023-12-25T15:47:21.729+0000] {taskinstance.py:1363} INFO - Starting attempt 1 of 1
[2023-12-25T15:47:21.729+0000] {taskinstance.py:1364} INFO - 
--------------------------------------------------------------------------------
[2023-12-25T15:47:21.746+0000] {taskinstance.py:1383} INFO - Executing <Task(PythonOperator): task_a> on 2023-12-25 15:47:20.755544+00:00
[2023-12-25T15:47:21.752+0000] {standard_task_runner.py:55} INFO - Started process 1055 to run task
[2023-12-25T15:47:21.755+0000] {standard_task_runner.py:82} INFO - Running: ['***', 'tasks', 'run', 'my_python_dag', 'task_a', 'manual__2023-12-25T15:47:20.755544+00:00', '--job-id', '73', '--raw', '--subdir', 'DAGS_FOLDER/my_python_dag.py', '--cfg-path', '/tmp/tmppafacopo']
[2023-12-25T15:47:21.755+0000] {standard_task_runner.py:83} INFO - Job 73: Subtask task_a
[2023-12-25T15:47:21.808+0000] {task_command.py:376} INFO - Running <TaskInstance: my_python_dag.task_a manual__2023-12-25T15:47:20.755544+00:00 [running]> on host 4d1993f85b22
[2023-12-25T15:47:21.844+0000] {warnings.py:110} WARNING - /home/***/.local/lib/python3.7/site-packages/***/configuration.py:549: DeprecationWarning: The sensitive_variable_fields option in [admin] has been moved to the sensitive_var_conn_names option in [core] - the old setting has been used, but please update your config.
  option = self._get_option_from_config_file(deprecated_key, deprecated_section, key, kwargs, section)

[2023-12-25T15:47:21.884+0000] {taskinstance.py:1592} INFO - Exporting the following env vars:
AIRFLOW_CTX_DAG_OWNER=***
AIRFLOW_CTX_DAG_ID=my_python_dag
AIRFLOW_CTX_TASK_ID=task_a
AIRFLOW_CTX_EXECUTION_DATE=2023-12-25T15:47:20.755544+00:00
AIRFLOW_CTX_TRY_NUMBER=1
AIRFLOW_CTX_DAG_RUN_ID=manual__2023-12-25T15:47:20.755544+00:00
[2023-12-25T15:47:21.885+0000] {logging_mixin.py:120} INFO - /opt/local/*** / data.csv
[2023-12-25T15:47:21.885+0000] {python.py:177} INFO - Done. Returned value was: None
[2023-12-25T15:47:21.892+0000] {taskinstance.py:1406} INFO - Marking task as SUCCESS. dag_id=my_python_dag, task_id=task_a, execution_date=20231225T154720, start_date=20231225T154721, end_date=20231225T154721
[2023-12-25T15:47:21.926+0000] {local_task_job.py:164} INFO - Task exited with return code 0
[2023-12-25T15:47:21.947+0000] {local_task_job.py:273} INFO - 0 downstream tasks scheduled from follow-on schedule check
